# nnet3-latgen-faster --online-ivectors=scp:./ivector/imda-part2/ivector_online.scp --online-ivector-period=10 --frame-subsampling-factor=3 --frames-per-chunk=50 --extra-left-context=0 --extra-right-context=0 --extra-left-context-initial=-1 --extra-right-context-final=-1 --minimize=false --max-active=7000 --min-active=200 --beam=15.0 --lattice-beam=8.0 --acoustic-scale=1.0 --allow-partial=true --word-symbol-table=/home3/ztkyaw/w2021/deliverables/contrast-zin-dev/output/expEX2/graph/words.txt /home3/ztkyaw/w2021/deliverables/contrast-zin-dev/baseline/tdnnf-transfer-sp/final.mdl /home3/ztkyaw/w2021/deliverables/contrast-zin-dev/output/expEX2/graph/HCLG.fst "ark,s,cs:apply-cmvn --norm-means=false --norm-vars=false --utt2spk=ark:./data/imda-part2/mfcc-hires/split10/9/utt2spk scp:./data/imda-part2/mfcc-hires/split10/9/cmvn.scp scp:./data/imda-part2/mfcc-hires/split10/9/feats.scp ark:- |" "ark:|lattice-scale --acoustic-scale=10.0 ark:- ark:- | gzip -c >/home3/ztkyaw/w2021/deliverables/contrast-zin-dev/baseline/tdnnf-transfer-sp/decode_imda-part2_1629889191-hw_lmg/lat.9.gz" 
# Invoked at Wed Aug 25 18:59:52 +08 2021 from node02
#
# Started at Wed Aug 25 19:00:39 SGT 2021 on node03
nnet3-latgen-faster --online-ivectors=scp:./ivector/imda-part2/ivector_online.scp --online-ivector-period=10 --frame-subsampling-factor=3 --frames-per-chunk=50 --extra-left-context=0 --extra-right-context=0 --extra-left-context-initial=-1 --extra-right-context-final=-1 --minimize=false --max-active=7000 --min-active=200 --beam=15.0 --lattice-beam=8.0 --acoustic-scale=1.0 --allow-partial=true --word-symbol-table=/home3/ztkyaw/w2021/deliverables/contrast-zin-dev/output/expEX2/graph/words.txt /home3/ztkyaw/w2021/deliverables/contrast-zin-dev/baseline/tdnnf-transfer-sp/final.mdl /home3/ztkyaw/w2021/deliverables/contrast-zin-dev/output/expEX2/graph/HCLG.fst 'ark,s,cs:apply-cmvn --norm-means=false --norm-vars=false --utt2spk=ark:./data/imda-part2/mfcc-hires/split10/9/utt2spk scp:./data/imda-part2/mfcc-hires/split10/9/cmvn.scp scp:./data/imda-part2/mfcc-hires/split10/9/feats.scp ark:- |' 'ark:|lattice-scale --acoustic-scale=10.0 ark:- ark:- | gzip -c >/home3/ztkyaw/w2021/deliverables/contrast-zin-dev/baseline/tdnnf-transfer-sp/decode_imda-part2_1629889191-hw_lmg/lat.9.gz' 
LOG (nnet3-latgen-faster[5.5.888~1-d619]:RemoveOrphanNodes():nnet-nnet.cc:948) Removed 1 orphan nodes.
LOG (nnet3-latgen-faster[5.5.888~1-d619]:RemoveOrphanComponents():nnet-nnet.cc:847) Removing 2 orphan components.
LOG (nnet3-latgen-faster[5.5.888~1-d619]:Collapse():nnet-utils.cc:1488) Added 1 components, removed 2
apply-cmvn --norm-means=false --norm-vars=false --utt2spk=ark:./data/imda-part2/mfcc-hires/split10/9/utt2spk scp:./data/imda-part2/mfcc-hires/split10/9/cmvn.scp scp:./data/imda-part2/mfcc-hires/split10/9/feats.scp ark:- 
lattice-scale --acoustic-scale=10.0 ark:- ark:- 
LOG (nnet3-latgen-faster[5.5.888~1-d619]:CheckAndFixConfigs():nnet-am-decodable-simple.cc:294) Increasing --frames-per-chunk from 50 to 51 to make it a multiple of --frame-subsampling-factor=3
nsc-part2-chn0-spk10183106cnm-031060071 select the faster way to __Bedok_View __Secondary_School 
LOG (nnet3-latgen-faster[5.5.888~1-d619]:DecodeUtteranceLatticeFaster():decoder-wrappers.cc:375) Log-like per frame for utterance nsc-part2-chn0-spk10183106cnm-031060071 is 1.8577 over 113 frames.
nsc-part2-chn0-spk10183106cnm-031060099 __Seletar_Court up violet would be industrial park and amazing in 
LOG (nnet3-latgen-faster[5.5.888~1-d619]:DecodeUtteranceLatticeFaster():decoder-wrappers.cc:375) Log-like per frame for utterance nsc-part2-chn0-spk10183106cnm-031060099 is 1.47683 over 183 frames.
nsc-part2-chn0-spk10183106cnm-031060148 can i take bus to __Jalan_Ulu_Sembawang 
LOG (nnet3-latgen-faster[5.5.888~1-d619]:DecodeUtteranceLatticeFaster():decoder-wrappers.cc:375) Log-like per frame for utterance nsc-part2-chn0-spk10183106cnm-031060148 is 1.38534 over 106 frames.
nsc-part2-chn0-spk10183106cnm-031060164 what is the distance __Kampong_Bugis crescent 
LOG (nnet3-latgen-faster[5.5.888~1-d619]:DecodeUtteranceLatticeFaster():decoder-wrappers.cc:375) Log-like per frame for utterance nsc-part2-chn0-spk10183106cnm-031060164 is 1.46139 over 107 frames.
nsc-part2-chn0-spk10183106cnm-031060220 am waiting at __Aljunied_Avenue five first 
LOG (nnet3-latgen-faster[5.5.888~1-d619]:DecodeUtteranceLatticeFaster():decoder-wrappers.cc:375) Log-like per frame for utterance nsc-part2-chn0-spk10183106cnm-031060220 is 1.49748 over 145 frames.
nsc-part2-chn0-spk10183106cnm-031060258 __Siloso_Beach walk lot one and __Geylang_Serai neighborhood police post 
LOG (nnet3-latgen-faster[5.5.888~1-d619]:DecodeUtteranceLatticeFaster():decoder-wrappers.cc:375) Log-like per frame for utterance nsc-part2-chn0-spk10183106cnm-031060258 is 1.84969 over 160 frames.
nsc-part2-chn0-spk10183106cnm-031060268 __Jalan_Lapang __Taman_Jurong park and p havent nursing home 
LOG (nnet3-latgen-faster[5.5.888~1-d619]:DecodeUtteranceLatticeFaster():decoder-wrappers.cc:375) Log-like per frame for utterance nsc-part2-chn0-spk10183106cnm-031060268 is 1.82214 over 152 frames.
nsc-part2-chn0-spk10183106cnm-031060299 __Marsiling_Road __Haji_Lane end __Drake_Lane 
LOG (nnet3-latgen-faster[5.5.888~1-d619]:DecodeUtteranceLatticeFaster():decoder-wrappers.cc:375) Log-like per frame for utterance nsc-part2-chn0-spk10183106cnm-031060299 is 1.57937 over 110 frames.
nsc-part2-chn0-spk10183106cnm-031060308 __Jalan_Seh_Chuan china __Chinatown_Point post office and classic resort 
LOG (nnet3-latgen-faster[5.5.888~1-d619]:DecodeUtteranceLatticeFaster():decoder-wrappers.cc:375) Log-like per frame for utterance nsc-part2-chn0-spk10183106cnm-031060308 is 1.60777 over 183 frames.
nsc-part2-chn0-spk10183106cnm-031060313 __Jalan_Dusun to son __Bukit_Batok_Road and trip blackout by waterfront 
LOG (nnet3-latgen-faster[5.5.888~1-d619]:DecodeUtteranceLatticeFaster():decoder-wrappers.cc:375) Log-like per frame for utterance nsc-part2-chn0-spk10183106cnm-031060313 is 1.60816 over 157 frames.
nsc-part2-chn0-spk10183106cnm-031060411 triple of reservation __Sembawang_God_Of_Wealth temple and __Hilton_International __Singapore_Bible 
LOG (nnet3-latgen-faster[5.5.888~1-d619]:DecodeUtteranceLatticeFaster():decoder-wrappers.cc:375) Log-like per frame for utterance nsc-part2-chn0-spk10183106cnm-031060411 is 1.56646 over 182 frames.
nsc-part2-chn0-spk10183106cnm-031061528 __Seletar_Satellite_Station_Road __Lloyd_Road and __Siglap_Gardens 
LOG (nnet3-latgen-faster[5.5.888~1-d619]:DecodeUtteranceLatticeFaster():decoder-wrappers.cc:375) Log-like per frame for utterance nsc-part2-chn0-spk10183106cnm-031061528 is 1.56016 over 156 frames.
nsc-part2-chn0-spk10183106cnm-031061582 __Jalan_Boon_Lay __Seletar_Court ministry of man power 
LOG (nnet3-latgen-faster[5.5.888~1-d619]:DecodeUtteranceLatticeFaster():decoder-wrappers.cc:375) Log-like per frame for utterance nsc-part2-chn0-spk10183106cnm-031061582 is 1.94301 over 141 frames.
nsc-part2-chn0-spk10183106cnm-031061584 happy hotel spring __Kim_Tian_Place and follow 
LOG (nnet3-latgen-faster[5.5.888~1-d619]:DecodeUtteranceLatticeFaster():decoder-wrappers.cc:375) Log-like per frame for utterance nsc-part2-chn0-spk10183106cnm-031061584 is 1.63282 over 122 frames.
nsc-part2-chn0-spk10183106cnm-031061716 __Kampong_Bahru maintain place and __Orchid_Park __Secondary_School 
LOG (nnet3-latgen-faster[5.5.888~1-d619]:DecodeUtteranceLatticeFaster():decoder-wrappers.cc:375) Log-like per frame for utterance nsc-part2-chn0-spk10183106cnm-031061716 is 1.64508 over 149 frames.
nsc-part2-chn0-spk10183106cnm-031061742 __Penang_Road __Bukit_Timah livelihood police central and silver sis 
LOG (nnet3-latgen-faster[5.5.888~1-d619]:DecodeUtteranceLatticeFaster():decoder-wrappers.cc:375) Log-like per frame for utterance nsc-part2-chn0-spk10183106cnm-031061742 is 1.64468 over 163 frames.
nsc-part2-chn0-spk10183106cnm-031061775 lately any stage __Lim_Chong_Pang and __Yip_Cheong_Fun 
LOG (nnet3-latgen-faster[5.5.888~1-d619]:DecodeUtteranceLatticeFaster():decoder-wrappers.cc:375) Log-like per frame for utterance nsc-part2-chn0-spk10183106cnm-031061775 is 1.6475 over 168 frames.
nsc-part2-chn0-spk10183106cnm-031061882 __Kampong_Kayu_Road registry on money lender and born august at __Taman_Jurong __Shopping_Centre 
LOG (nnet3-latgen-faster[5.5.888~1-d619]:DecodeUtteranceLatticeFaster():decoder-wrappers.cc:375) Log-like per frame for utterance nsc-part2-chn0-spk10183106cnm-031061882 is 1.64341 over 237 frames.
nsc-part2-chn0-spk10213110inm-031100057 can new recommend me restaurant near __Upper_Aljunied_Link 
LOG (nnet3-latgen-faster[5.5.888~1-d619]:DecodeUtteranceLatticeFaster():decoder-wrappers.cc:375) Log-like per frame for utterance nsc-part2-chn0-spk10213110inm-031100057 is 1.6352 over 157 frames.
nsc-part2-chn0-spk10213110inm-031100085 monthly industrial escalate 
LOG (nnet3-latgen-faster[5.5.888~1-d619]:DecodeUtteranceLatticeFaster():decoder-wrappers.cc:375) Log-like per frame for utterance nsc-part2-chn0-spk10213110inm-031100085 is 1.70329 over 81 frames.
nsc-part2-chn0-spk10213110inm-031100102 its about fifty eight needs walk two __Bedok_Points 
LOG (nnet3-latgen-faster[5.5.888~1-d619]:DecodeUtteranceLatticeFaster():decoder-wrappers.cc:375) Log-like per frame for utterance nsc-part2-chn0-spk10213110inm-031100102 is 1.74155 over 150 frames.
nsc-part2-chn0-spk10213110inm-031100144 hotel attender __Sing_Joo_Walk and __Sembawang_Terminal_Road page 
LOG (nnet3-latgen-faster[5.5.888~1-d619]:DecodeUtteranceLatticeFaster():decoder-wrappers.cc:375) Log-like per frame for utterance nsc-part2-chn0-spk10213110inm-031100144 is 1.66354 over 196 frames.
nsc-part2-chn0-spk10213110inm-031100149 i meeting saving at __Bukit_Batok_Crescent first 
LOG (nnet3-latgen-faster[5.5.888~1-d619]:DecodeUtteranceLatticeFaster():decoder-wrappers.cc:375) Log-like per frame for utterance nsc-part2-chn0-spk10213110inm-031100149 is 1.74459 over 147 frames.
nsc-part2-chn0-spk10213110inm-031100166 what are the landmark near __Geylang_Square 
LOG (nnet3-latgen-faster[5.5.888~1-d619]:DecodeUtteranceLatticeFaster():decoder-wrappers.cc:375) Log-like per frame for utterance nsc-part2-chn0-spk10213110inm-031100166 is 1.86476 over 103 frames.
nsc-part2-chn0-spk10213110inm-031100170 __Lau_Kuo_Kwong_Robert __Lim_Chong_Pang and __Mah_Bow_Tan 
LOG (nnet3-latgen-faster[5.5.888~1-d619]:DecodeUtteranceLatticeFaster():decoder-wrappers.cc:375) Log-like per frame for utterance nsc-part2-chn0-spk10213110inm-031100170 is 1.51797 over 182 frames.
nsc-part2-chn0-spk10213110inm-031100176 __Woodlands_Galaxy community club __Seletar_Hills_Drive and whole thing wrote 
LOG (nnet3-latgen-faster[5.5.888~1-d619]:DecodeUtteranceLatticeFaster():decoder-wrappers.cc:375) Log-like per frame for utterance nsc-part2-chn0-spk10213110inm-031100176 is 1.68412 over 197 frames.
nsc-part2-chn0-spk10213110inm-031100187 quay notice roster please please bring taken and o quay 
LOG (nnet3-latgen-faster[5.5.888~1-d619]:DecodeUtteranceLatticeFaster():decoder-wrappers.cc:375) Log-like per frame for utterance nsc-part2-chn0-spk10213110inm-031100187 is 1.50557 over 204 frames.
nsc-part2-chn0-spk10213110inm-031100197 what thirty plus way to __Kampong_Kapor_Road 
LOG (nnet3-latgen-faster[5.5.888~1-d619]:DecodeUtteranceLatticeFaster():decoder-wrappers.cc:375) Log-like per frame for utterance nsc-part2-chn0-spk10213110inm-031100197 is 1.41366 over 107 frames.
nsc-part2-chn0-spk10213110inm-031100298 diarrhea is dropping me off at __Taman_Jurong park 
LOG (nnet3-latgen-faster[5.5.888~1-d619]:DecodeUtteranceLatticeFaster():decoder-wrappers.cc:375) Log-like per frame for utterance nsc-part2-chn0-spk10213110inm-031100298 is 1.72216 over 127 frames.
nsc-part2-chn0-spk10213110inm-031100312 __Florence_Road __Bukit_Timah avenue and __Robert_V_Chandran_Way 
LOG (nnet3-latgen-faster[5.5.888~1-d619]:DecodeUtteranceLatticeFaster():decoder-wrappers.cc:375) Log-like per frame for utterance nsc-part2-chn0-spk10213110inm-031100312 is 1.66575 over 161 frames.
nsc-part2-chn0-spk10213110inm-031100407 do know where is __Kampong_Bugis 
LOG (nnet3-latgen-faster[5.5.888~1-d619]:DecodeUtteranceLatticeFaster():decoder-wrappers.cc:375) Log-like per frame for utterance nsc-part2-chn0-spk10213110inm-031100407 is 1.36499 over 93 frames.
nsc-part2-chn0-spk10213110inm-031100418 __Sembawang_God_Of_Wealth temple __Jalan_Dua __Craig_Road him and __Watten_Estate_Road 
LOG (nnet3-latgen-faster[5.5.888~1-d619]:DecodeUtteranceLatticeFaster():decoder-wrappers.cc:375) Log-like per frame for utterance nsc-part2-chn0-spk10213110inm-031100418 is 1.64707 over 210 frames.
nsc-part2-chn0-spk10213110inm-031100434 lim take __Burmah_Road the __Pan_Pacific portal and allow summer while 
LOG (nnet3-latgen-faster[5.5.888~1-d619]:DecodeUtteranceLatticeFaster():decoder-wrappers.cc:375) Log-like per frame for utterance nsc-part2-chn0-spk10213110inm-031100434 is 1.50088 over 176 frames.
nsc-part2-chn0-spk10213110inm-031101716 see civil to guard temple __Victoria_Park_Road and __Bedok_North 
LOG (nnet3-latgen-faster[5.5.888~1-d619]:DecodeUtteranceLatticeFaster():decoder-wrappers.cc:375) Log-like per frame for utterance nsc-part2-chn0-spk10213110inm-031101716 is 1.59818 over 184 frames.
nsc-part2-chn0-spk10223111inf-031110123 __Saint_James power station __Gallop_Road and __Jalan_Simpang_Bedok 
LOG (nnet3-latgen-faster[5.5.888~1-d619]:DecodeUtteranceLatticeFaster():decoder-wrappers.cc:375) Log-like per frame for utterance nsc-part2-chn0-spk10223111inf-031110123 is 1.69429 over 193 frames.
nsc-part2-chn0-spk10223111inf-031110148 can i take advise to confirmed would be industrial estate 
LOG (nnet3-latgen-faster[5.5.888~1-d619]:DecodeUtteranceLatticeFaster():decoder-wrappers.cc:375) Log-like per frame for utterance nsc-part2-chn0-spk10223111inf-031110148 is 1.49534 over 166 frames.
nsc-part2-chn0-spk10223111inf-031110176 __Chin_Swee tunnel __York_Place __Sembawang_Terminal_Road h 
LOG (nnet3-latgen-faster[5.5.888~1-d619]:DecodeUtteranceLatticeFaster():decoder-wrappers.cc:375) Log-like per frame for utterance nsc-part2-chn0-spk10223111inf-031110176 is 1.66182 over 188 frames.
nsc-part2-chn0-spk10223111inf-031110181 how far is __Chong_Pang_Combined temple from here 
LOG (nnet3-latgen-faster[5.5.888~1-d619]:DecodeUtteranceLatticeFaster():decoder-wrappers.cc:375) Log-like per frame for utterance nsc-part2-chn0-spk10223111inf-031110181 is 1.63917 over 155 frames.
nsc-part2-chn0-spk10223111inf-031110201 show me way to __Seletar_Satellite_Station_Road 
LOG (nnet3-latgen-faster[5.5.888~1-d619]:DecodeUtteranceLatticeFaster():decoder-wrappers.cc:375) Log-like per frame for utterance nsc-part2-chn0-spk10223111inf-031110201 is 1.49744 over 143 frames.
nsc-part2-chn0-spk10223111inf-031110232 please look fourth change shown venue reach __Bukit_Batok_West 
LOG (nnet3-latgen-faster[5.5.888~1-d619]:DecodeUtteranceLatticeFaster():decoder-wrappers.cc:375) Log-like per frame for utterance nsc-part2-chn0-spk10223111inf-031110232 is 1.48155 over 209 frames.
nsc-part2-chn0-spk10223111inf-031110247 __China_Street originate industrial as said and __Singapore_Bible examination and assessment board 
LOG (nnet3-latgen-faster[5.5.888~1-d619]:DecodeUtteranceLatticeFaster():decoder-wrappers.cc:375) Log-like per frame for utterance nsc-part2-chn0-spk10223111inf-031110247 is 1.60064 over 258 frames.
nsc-part2-chn0-spk10223111inf-031110302 __International_Student_Support central __Lorong_Sinaran __Geylang_Road and __Jalan_Lana welcome 
LOG (nnet3-latgen-faster[5.5.888~1-d619]:DecodeUtteranceLatticeFaster():decoder-wrappers.cc:375) Log-like per frame for utterance nsc-part2-chn0-spk10223111inf-031110302 is 1.73871 over 221 frames.
nsc-part2-chn0-spk10223111inf-031110325 renewal country clock __Jalan_Kechil running and __Taman_Jurong __Shopping_Centre 
LOG (nnet3-latgen-faster[5.5.888~1-d619]:DecodeUtteranceLatticeFaster():decoder-wrappers.cc:375) Log-like per frame for utterance nsc-part2-chn0-spk10223111inf-031110325 is 1.6889 over 223 frames.
nsc-part2-chn0-spk10223111inf-031110442 can new recommend me restaurant near __Marsiling_Crescent 
LOG (nnet3-latgen-faster[5.5.888~1-d619]:DecodeUtteranceLatticeFaster():decoder-wrappers.cc:375) Log-like per frame for utterance nsc-part2-chn0-spk10223111inf-031110442 is 1.61723 over 173 frames.
nsc-part2-chn0-spk10223111inf-031111455 please show me the way to east spring 
LOG (nnet3-latgen-faster[5.5.888~1-d619]:DecodeUtteranceLatticeFaster():decoder-wrappers.cc:375) Log-like per frame for utterance nsc-part2-chn0-spk10223111inf-031111455 is 1.51501 over 137 frames.
nsc-part2-chn0-spk10223111inf-031111505 can recommend me restaurant near compo on but 
LOG (nnet3-latgen-faster[5.5.888~1-d619]:DecodeUtteranceLatticeFaster():decoder-wrappers.cc:375) Log-like per frame for utterance nsc-part2-chn0-spk10223111inf-031111505 is 1.39861 over 132 frames.
nsc-part2-chn0-spk10223111inf-031111528 __Coney_Island __Bedok_View sect __Secondary_School and __Vaughan_Road 
LOG (nnet3-latgen-faster[5.5.888~1-d619]:DecodeUtteranceLatticeFaster():decoder-wrappers.cc:375) Log-like per frame for utterance nsc-part2-chn0-spk10223111inf-031111528 is 1.52639 over 249 frames.
nsc-part2-chn0-spk10223111inf-031111547 __Bukit_Timah post office __Farrer_Garden so flock road 
LOG (nnet3-latgen-faster[5.5.888~1-d619]:DecodeUtteranceLatticeFaster():decoder-wrappers.cc:375) Log-like per frame for utterance nsc-part2-chn0-spk10223111inf-031111547 is 1.62282 over 206 frames.
nsc-part2-chn0-spk10223111inf-031111699 __One_George_Street lie b at china town and __Jalan_Dua diary sapin 
LOG (nnet3-latgen-faster[5.5.888~1-d619]:DecodeUtteranceLatticeFaster():decoder-wrappers.cc:375) Log-like per frame for utterance nsc-part2-chn0-spk10223111inf-031111699 is 1.42236 over 175 frames.
nsc-part2-chn0-spk10223111inf-031111756 __Pasir_Panjang_Road brandy gate two and __Jalan_Bumbong twenty 
LOG (nnet3-latgen-faster[5.5.888~1-d619]:DecodeUtteranceLatticeFaster():decoder-wrappers.cc:375) Log-like per frame for utterance nsc-part2-chn0-spk10223111inf-031111756 is 1.57146 over 203 frames.
nsc-part2-chn0-spk10233112inf-031120007 three show me away to originate mufti station 
LOG (nnet3-latgen-faster[5.5.888~1-d619]:DecodeUtteranceLatticeFaster():decoder-wrappers.cc:375) Log-like per frame for utterance nsc-part2-chn0-spk10233112inf-031120007 is 1.41895 over 119 frames.
nsc-part2-chn0-spk10233112inf-031120029 rusty is dropping me off at __Sembawang_Shopping_Centre 
LOG (nnet3-latgen-faster[5.5.888~1-d619]:DecodeUtteranceLatticeFaster():decoder-wrappers.cc:375) Log-like per frame for utterance nsc-part2-chn0-spk10233112inf-031120029 is 1.69686 over 126 frames.
nsc-part2-chn0-spk10233112inf-031120057 can recommend me restaurant near __Bukit_Timah_Link 
LOG (nnet3-latgen-faster[5.5.888~1-d619]:DecodeUtteranceLatticeFaster():decoder-wrappers.cc:375) Log-like per frame for utterance nsc-part2-chn0-spk10233112inf-031120057 is 1.62114 over 129 frames.
nsc-part2-chn0-spk10233112inf-031120123 __Lien_Ying_Chow_Drive __Saint_Stephen'S school and __Lower_Seletar_Close 
LOG (nnet3-latgen-faster[5.5.888~1-d619]:DecodeUtteranceLatticeFaster():decoder-wrappers.cc:375) Log-like per frame for utterance nsc-part2-chn0-spk10233112inf-031120123 is 1.62407 over 177 frames.
nsc-part2-chn0-spk10233112inf-031120134 daughter avenue market colleague and __Geylang_Methodist_School 
LOG (nnet3-latgen-faster[5.5.888~1-d619]:DecodeUtteranceLatticeFaster():decoder-wrappers.cc:375) Log-like per frame for utterance nsc-part2-chn0-spk10233112inf-031120134 is 1.80327 over 140 frames.
nsc-part2-chn0-spk10233112inf-031120164 what is distance to __Bukit_Timah __Bukit_Batok customer 
LOG (nnet3-latgen-faster[5.5.888~1-d619]:DecodeUtteranceLatticeFaster():decoder-wrappers.cc:375) Log-like per frame for utterance nsc-part2-chn0-spk10233112inf-031120164 is 1.5651 over 170 frames.
nsc-part2-chn0-spk10233112inf-031120186 how long visit take to get to company be neighborhood police post by today 
LOG (nnet3-latgen-faster[5.5.888~1-d619]:DecodeUtteranceLatticeFaster():decoder-wrappers.cc:375) Log-like per frame for utterance nsc-part2-chn0-spk10233112inf-031120186 is 1.59836 over 200 frames.
nsc-part2-chn0-spk10233112inf-031120212 son b wrote __Bedok_Point and __Depot_Walk 
LOG (nnet3-latgen-faster[5.5.888~1-d619]:DecodeUtteranceLatticeFaster():decoder-wrappers.cc:375) Log-like per frame for utterance nsc-part2-chn0-spk10233112inf-031120212 is 1.63563 over 110 frames.
nsc-part2-chn0-spk10233112inf-031120268 __Mei_Chin_Road her banner and __Taman_Jurong 
LOG (nnet3-latgen-faster[5.5.888~1-d619]:DecodeUtteranceLatticeFaster():decoder-wrappers.cc:375) Log-like per frame for utterance nsc-part2-chn0-spk10233112inf-031120268 is 1.60836 over 121 frames.
nsc-part2-chn0-spk10233112inf-031120427 sorry support __Sembawang_God_Of_Wealth temple and __Watten_Estate_Road 
LOG (nnet3-latgen-faster[5.5.888~1-d619]:DecodeUtteranceLatticeFaster():decoder-wrappers.cc:375) Log-like per frame for utterance nsc-part2-chn0-spk10233112inf-031120427 is 1.48592 over 174 frames.
nsc-part2-chn0-spk10233112inf-031121490 __Lim_Chong_Pang punch four and __Janet_Lim 
LOG (nnet3-latgen-faster[5.5.888~1-d619]:DecodeUtteranceLatticeFaster():decoder-wrappers.cc:375) Log-like per frame for utterance nsc-part2-chn0-spk10233112inf-031121490 is 1.62474 over 136 frames.
nsc-part2-chn0-spk10233112inf-031121582 __Bukit_Batok_Central __Nepal_Link entry visor v mother parliament temple 
LOG (nnet3-latgen-faster[5.5.888~1-d619]:DecodeUtteranceLatticeFaster():decoder-wrappers.cc:375) Log-like per frame for utterance nsc-part2-chn0-spk10233112inf-031121582 is 1.58502 over 217 frames.
nsc-part2-chn0-spk10233112inf-031121660 __Chong_Pang_Combined temple __Sentul_Crescent and see shan primary school 
LOG (nnet3-latgen-faster[5.5.888~1-d619]:DecodeUtteranceLatticeFaster():decoder-wrappers.cc:375) Log-like per frame for utterance nsc-part2-chn0-spk10233112inf-031121660 is 1.73895 over 176 frames.
nsc-part2-chn0-spk10233112inf-031121717 __Chong_Pang neighborhood police post __Nagore_Dargah and dot direct car and hillside drive 
LOG (nnet3-latgen-faster[5.5.888~1-d619]:DecodeUtteranceLatticeFaster():decoder-wrappers.cc:375) Log-like per frame for utterance nsc-part2-chn0-spk10233112inf-031121717 is 1.48281 over 253 frames.
nsc-part2-chn0-spk10233112inf-031121773 central sir gol club must link industrial estate and __Pang_Seng_Road 
LOG (nnet3-latgen-faster[5.5.888~1-d619]:DecodeUtteranceLatticeFaster():decoder-wrappers.cc:375) Log-like per frame for utterance nsc-part2-chn0-spk10233112inf-031121773 is 1.46224 over 155 frames.
nsc-part2-chn0-spk10273068inm-030680043 lim __Chong_Pang returned eric turned and 
LOG (nnet3-latgen-faster[5.5.888~1-d619]:DecodeUtteranceLatticeFaster():decoder-wrappers.cc:375) Log-like per frame for utterance nsc-part2-chn0-spk10273068inm-030680043 is 1.3742 over 207 frames.
nsc-part2-chn0-spk10273068inm-030680049 neighborhood police post loyal via post and maturity way that 
LOG (nnet3-latgen-faster[5.5.888~1-d619]:DecodeUtteranceLatticeFaster():decoder-wrappers.cc:375) Log-like per frame for utterance nsc-part2-chn0-spk10273068inm-030680049 is 1.33133 over 262 frames.
nsc-part2-chn0-spk10273068inm-030680118 see what temple __Tew_Chew_Street and __Sembawang_Vista 
LOG (nnet3-latgen-faster[5.5.888~1-d619]:DecodeUtteranceLatticeFaster():decoder-wrappers.cc:375) Log-like per frame for utterance nsc-part2-chn0-spk10273068inm-030680118 is 1.32072 over 238 frames.
nsc-part2-chn0-spk10273068inm-030680150 how long dizzy get __Seletar_West formed way by taxi 
LOG (nnet3-latgen-faster[5.5.888~1-d619]:DecodeUtteranceLatticeFaster():decoder-wrappers.cc:375) Log-like per frame for utterance nsc-part2-chn0-spk10273068inm-030680150 is 1.4646 over 186 frames.
nsc-part2-chn0-spk10273068inm-030680188 how do i get public library 
LOG (nnet3-latgen-faster[5.5.888~1-d619]:DecodeUtteranceLatticeFaster():decoder-wrappers.cc:375) Log-like per frame for utterance nsc-part2-chn0-spk10273068inm-030680188 is 1.48988 over 161 frames.
nsc-part2-chn0-spk10273068inm-030680242 __Bukit_Batok water __Jalan_Sungei_Poyan and department of statistics 
LOG (nnet3-latgen-faster[5.5.888~1-d619]:DecodeUtteranceLatticeFaster():decoder-wrappers.cc:375) Log-like per frame for utterance nsc-part2-chn0-spk10273068inm-030680242 is 1.39071 over 218 frames.
nsc-part2-chn0-spk10273068inm-030680268 __Boon_Lay_Place movie lots two and loral nine __Geylang_Road 
LOG (nnet3-latgen-faster[5.5.888~1-d619]:DecodeUtteranceLatticeFaster():decoder-wrappers.cc:375) Log-like per frame for utterance nsc-part2-chn0-spk10273068inm-030680268 is 1.38439 over 257 frames.
nsc-part2-chn0-spk10273068inm-030680302 __Singapore_Recreation club __La_Mode hotel and __Sembawang_Vista 
LOG (nnet3-latgen-faster[5.5.888~1-d619]:DecodeUtteranceLatticeFaster():decoder-wrappers.cc:375) Log-like per frame for utterance nsc-part2-chn0-spk10273068inm-030680302 is 1.30191 over 208 frames.
nsc-part2-chn0-spk10273068inm-030680409 k registered crispy spring chicken 
LOG (nnet3-latgen-faster[5.5.888~1-d619]:DecodeUtteranceLatticeFaster():decoder-wrappers.cc:375) Log-like per frame for utterance nsc-part2-chn0-spk10273068inm-030680409 is 1.25258 over 163 frames.
nsc-part2-chn0-spk10273068inm-030680427 __Jalan_Tanah_Rata __Secondary_School and __Sembawang_Country_Club 
LOG (nnet3-latgen-faster[5.5.888~1-d619]:DecodeUtteranceLatticeFaster():decoder-wrappers.cc:375) Log-like per frame for utterance nsc-part2-chn0-spk10273068inm-030680427 is 1.39704 over 219 frames.
nsc-part2-chn0-spk10273068inm-030680434 __Lorong_Kilat_Pek_Kio kill call ninety center and __Upper_Bukit_Timah 
LOG (nnet3-latgen-faster[5.5.888~1-d619]:DecodeUtteranceLatticeFaster():decoder-wrappers.cc:375) Log-like per frame for utterance nsc-part2-chn0-spk10273068inm-030680434 is 1.36589 over 232 frames.
nsc-part2-chn0-spk10273068inm-030681497 __Aljunied_Avenue five __Bishan_Point park and sender 
LOG (nnet3-latgen-faster[5.5.888~1-d619]:DecodeUtteranceLatticeFaster():decoder-wrappers.cc:375) Log-like per frame for utterance nsc-part2-chn0-spk10273068inm-030681497 is 1.403 over 162 frames.
nsc-part2-chn0-spk10273068inm-030681582 __Jalan_Bumbong __Bedok_North tell and only crescent 
LOG (nnet3-latgen-faster[5.5.888~1-d619]:DecodeUtteranceLatticeFaster():decoder-wrappers.cc:375) Log-like per frame for utterance nsc-part2-chn0-spk10273068inm-030681582 is 1.31581 over 281 frames.
nsc-part2-chn0-spk10273068inm-030681717 __Ruby_Lane __Sembawang_Vista 
LOG (nnet3-latgen-faster[5.5.888~1-d619]:DecodeUtteranceLatticeFaster():decoder-wrappers.cc:375) Log-like per frame for utterance nsc-part2-chn0-spk10273068inm-030681717 is 1.2019 over 170 frames.
nsc-part2-chn0-spk10273068inm-030681750 drive __Marsiling_Road industrialist date there and __Junction_Nine 
LOG (nnet3-latgen-faster[5.5.888~1-d619]:DecodeUtteranceLatticeFaster():decoder-wrappers.cc:375) Log-like per frame for utterance nsc-part2-chn0-spk10273068inm-030681750 is 1.42136 over 230 frames.
nsc-part2-chn0-spk10323127inm-031270087 give soon avenue __Seletar_Close and __Macritchie_Reservoir 
LOG (nnet3-latgen-faster[5.5.888~1-d619]:DecodeUtteranceLatticeFaster():decoder-wrappers.cc:375) Log-like per frame for utterance nsc-part2-chn0-spk10323127inm-031270087 is 1.60947 over 149 frames.
nsc-part2-chn0-spk10323127inm-031270123 south point __Sit_Wah_Road and __Kampong_Chai_Chee 
LOG (nnet3-latgen-faster[5.5.888~1-d619]:DecodeUtteranceLatticeFaster():decoder-wrappers.cc:375) Log-like per frame for utterance nsc-part2-chn0-spk10323127inm-031270123 is 1.71345 over 143 frames.
nsc-part2-chn0-spk10323127inm-031270172 __Lam_Pin_Min goal __Alexandra_Road __Gibson_Hill and __Lim_Chong_Pang 
LOG (nnet3-latgen-faster[5.5.888~1-d619]:DecodeUtteranceLatticeFaster():decoder-wrappers.cc:375) Log-like per frame for utterance nsc-part2-chn0-spk10323127inm-031270172 is 1.58176 over 208 frames.
nsc-part2-chn0-spk10323127inm-031270175 other food got her restaurant near __Geylang_Square 
LOG (nnet3-latgen-faster[5.5.888~1-d619]:DecodeUtteranceLatticeFaster():decoder-wrappers.cc:375) Log-like per frame for utterance nsc-part2-chn0-spk10323127inm-031270175 is 1.7129 over 123 frames.
nsc-part2-chn0-spk10323127inm-031270182 please show me away to __Sembawang_Shopping_Centre 
LOG (nnet3-latgen-faster[5.5.888~1-d619]:DecodeUtteranceLatticeFaster():decoder-wrappers.cc:375) Log-like per frame for utterance nsc-part2-chn0-spk10323127inm-031270182 is 1.78253 over 112 frames.
nsc-part2-chn0-spk10323127inm-031270258 __National_Arts_Council case miss road and __Bukit_Batok_Central link 
LOG (nnet3-latgen-faster[5.5.888~1-d619]:DecodeUtteranceLatticeFaster():decoder-wrappers.cc:375) Log-like per frame for utterance nsc-part2-chn0-spk10323127inm-031270258 is 1.7782 over 212 frames.
nsc-part2-chn0-spk10323127inm-031270269 __Nexus_International_School __Aljunied_Road and __Jalan_Limbok 
LOG (nnet3-latgen-faster[5.5.888~1-d619]:DecodeUtteranceLatticeFaster():decoder-wrappers.cc:375) Log-like per frame for utterance nsc-part2-chn0-spk10323127inm-031270269 is 1.91449 over 189 frames.
nsc-part2-chn0-spk10323127inm-031270399 __Lim_Chong_Pang zero on __Sophia_Hull 
LOG (nnet3-latgen-faster[5.5.888~1-d619]:DecodeUtteranceLatticeFaster():decoder-wrappers.cc:375) Log-like per frame for utterance nsc-part2-chn0-spk10323127inm-031270399 is 1.64003 over 127 frames.
nsc-part2-chn0-spk10323127inm-031270439 __Seletar_Lodge_One __Chinese_Garden_Road and __Borthwick_Drive 
LOG (nnet3-latgen-faster[5.5.888~1-d619]:DecodeUtteranceLatticeFaster():decoder-wrappers.cc:375) Log-like per frame for utterance nsc-part2-chn0-spk10323127inm-031270439 is 1.79716 over 188 frames.
nsc-part2-chn0-spk10323127inm-031270445 __Chai_Chee_Drive __Lengkok_Angsa and __Bukit_Timah post office 
LOG (nnet3-latgen-faster[5.5.888~1-d619]:DecodeUtteranceLatticeFaster():decoder-wrappers.cc:375) Log-like per frame for utterance nsc-part2-chn0-spk10323127inm-031270445 is 1.6453 over 213 frames.
nsc-part2-chn0-spk10323127inm-031271462 b and i and spring 
LOG (nnet3-latgen-faster[5.5.888~1-d619]:DecodeUtteranceLatticeFaster():decoder-wrappers.cc:375) Log-like per frame for utterance nsc-part2-chn0-spk10323127inm-031271462 is 1.33617 over 121 frames.
nsc-part2-chn0-spk10323127inm-031271624 drink avenue __Seletar_Close and __Marsiling_Road 
LOG (nnet3-latgen-faster[5.5.888~1-d619]:DecodeUtteranceLatticeFaster():decoder-wrappers.cc:375) Log-like per frame for utterance nsc-part2-chn0-spk10323127inm-031271624 is 1.77362 over 145 frames.
nsc-part2-chn0-spk10323127inm-031271773 __Jalan_Mangkok __Bliss_Hotel __Singapore_Bible translator 
LOG (nnet3-latgen-faster[5.5.888~1-d619]:DecodeUtteranceLatticeFaster():decoder-wrappers.cc:375) Log-like per frame for utterance nsc-part2-chn0-spk10323127inm-031271773 is 1.59579 over 156 frames.
nsc-part2-chn0-spk10323127inm-031271876 what is the faster way to compulsory 
LOG (nnet3-latgen-faster[5.5.888~1-d619]:DecodeUtteranceLatticeFaster():decoder-wrappers.cc:375) Log-like per frame for utterance nsc-part2-chn0-spk10323127inm-031271876 is 1.37583 over 105 frames.
nsc-part2-chn0-spk10353130inf-031300045 which bus should i take to selected continue cup 
LOG (nnet3-latgen-faster[5.5.888~1-d619]:DecodeUtteranceLatticeFaster():decoder-wrappers.cc:375) Log-like per frame for utterance nsc-part2-chn0-spk10353130inf-031300045 is 1.5379 over 122 frames.
nsc-part2-chn0-spk10353130inf-031300148 can i take abas to __Kampong_Kayu_Road 
LOG (nnet3-latgen-faster[5.5.888~1-d619]:DecodeUtteranceLatticeFaster():decoder-wrappers.cc:375) Log-like per frame for utterance nsc-part2-chn0-spk10353130inf-031300148 is 1.4869 over 113 frames.
nsc-part2-chn0-spk10353130inf-031300212 __Lorong_Mesu __Tuas_Road __Ulu_Sembawang 
LOG (nnet3-latgen-faster[5.5.888~1-d619]:DecodeUtteranceLatticeFaster():decoder-wrappers.cc:375) Log-like per frame for utterance nsc-part2-chn0-spk10353130inf-031300212 is 1.68928 over 135 frames.
nsc-part2-chn0-spk10353130inf-031300242 __Jalan_Langgar_Bedok __Singapore_Bible home and __Ubi_Close 
LOG (nnet3-latgen-faster[5.5.888~1-d619]:DecodeUtteranceLatticeFaster():decoder-wrappers.cc:375) Log-like per frame for utterance nsc-part2-chn0-spk10353130inf-031300242 is 1.75509 over 185 frames.
nsc-part2-chn0-spk10353130inf-031300251 __Cuff_Road __Singapore_University_Of_Technology_And_Design and designed and __Bukit_Batok_Central 
LOG (nnet3-latgen-faster[5.5.888~1-d619]:DecodeUtteranceLatticeFaster():decoder-wrappers.cc:375) Log-like per frame for utterance nsc-part2-chn0-spk10353130inf-031300251 is 1.82327 over 215 frames.
nsc-part2-chn0-spk10353130inf-031300279 __Hussein_Aljunied __Soo_Bin_Chua and __Louis_Chen 
LOG (nnet3-latgen-faster[5.5.888~1-d619]:DecodeUtteranceLatticeFaster():decoder-wrappers.cc:375) Log-like per frame for utterance nsc-part2-chn0-spk10353130inf-031300279 is 1.73095 over 154 frames.
nsc-part2-chn0-spk10353130inf-031300294 __Jalan_Kledek __Lorong_Pendek __Geylang_Road and __Westwood_Avenue 
LOG (nnet3-latgen-faster[5.5.888~1-d619]:DecodeUtteranceLatticeFaster():decoder-wrappers.cc:375) Log-like per frame for utterance nsc-part2-chn0-spk10353130inf-031300294 is 1.68889 over 159 frames.
nsc-part2-chn0-spk10353130inf-031300298 analysis dropping me off at __Bukit_Timah mature reserve 
LOG (nnet3-latgen-faster[5.5.888~1-d619]:DecodeUtteranceLatticeFaster():decoder-wrappers.cc:375) Log-like per frame for utterance nsc-part2-chn0-spk10353130inf-031300298 is 1.47455 over 135 frames.
nsc-part2-chn0-spk10353130inf-031300433 __Sembawang_Shopping_Centre __Jalan_Berseri and __Lim_Tua_Tow_Road 
LOG (nnet3-latgen-faster[5.5.888~1-d619]:DecodeUtteranceLatticeFaster():decoder-wrappers.cc:375) Log-like per frame for utterance nsc-part2-chn0-spk10353130inf-031300433 is 1.67885 over 194 frames.
nsc-part2-chn0-spk10353130inf-031301598 how long visit take to get to __Marsiling_Rise by taxi 
LOG (nnet3-latgen-faster[5.5.888~1-d619]:DecodeUtteranceLatticeFaster():decoder-wrappers.cc:375) Log-like per frame for utterance nsc-part2-chn0-spk10353130inf-031301598 is 1.67743 over 133 frames.
nsc-part2-chn0-spk10353130inf-031301690 utilize __Shopping_Centre china down heritage central and __Lorong_Mesu separately 
LOG (nnet3-latgen-faster[5.5.888~1-d619]:DecodeUtteranceLatticeFaster():decoder-wrappers.cc:375) Log-like per frame for utterance nsc-part2-chn0-spk10353130inf-031301690 is 1.63544 over 201 frames.
nsc-part2-chn0-spk10353130inf-031301695 __Geylang_Serai neighborhood police post __Cassia_Crescent and friendly am authorization 
LOG (nnet3-latgen-faster[5.5.888~1-d619]:DecodeUtteranceLatticeFaster():decoder-wrappers.cc:375) Log-like per frame for utterance nsc-part2-chn0-spk10353130inf-031301695 is 1.78571 over 218 frames.
nsc-part2-chn0-spk10353130inf-031301747 __Bukit_Batok home for the aged __Lorong_Batawi and __Hindhede_Road 
LOG (nnet3-latgen-faster[5.5.888~1-d619]:DecodeUtteranceLatticeFaster():decoder-wrappers.cc:375) Log-like per frame for utterance nsc-part2-chn0-spk10353130inf-031301747 is 1.70318 over 176 frames.
LOG (apply-cmvn[5.5.888~1-d619]:main():apply-cmvn.cc:81) Copied 110 utterances.
nsc-part2-chn0-spk10353130inf-031301750 __Upper_Changi_Road no __Kampong_Kapor_Road and f yet club 
LOG (nnet3-latgen-faster[5.5.888~1-d619]:DecodeUtteranceLatticeFaster():decoder-wrappers.cc:375) Log-like per frame for utterance nsc-part2-chn0-spk10353130inf-031301750 is 1.42872 over 217 frames.
nsc-part2-chn0-spk10353130inf-031301773 __Bedok_Green primary school __Revival_Centre church and __Jalan_Bunga_Rampai 
LOG (nnet3-latgen-faster[5.5.888~1-d619]:DecodeUtteranceLatticeFaster():decoder-wrappers.cc:375) Log-like per frame for utterance nsc-part2-chn0-spk10353130inf-031301773 is 1.71839 over 238 frames.
nsc-part2-chn0-spk10353130inf-031301870 __Lim_Chong_Pang __Vijesh_Ashok_Ghariwala and __Sim_Yi_Hui 
LOG (nnet3-latgen-faster[5.5.888~1-d619]:DecodeUtteranceLatticeFaster():decoder-wrappers.cc:375) Log-like per frame for utterance nsc-part2-chn0-spk10353130inf-031301870 is 1.51375 over 168 frames.
LOG (nnet3-latgen-faster[5.5.888~1-d619]:main():nnet3-latgen-faster.cc:256) Time taken 404.325s: real-time factor assuming 100 frames/sec is 0.717232
LOG (nnet3-latgen-faster[5.5.888~1-d619]:main():nnet3-latgen-faster.cc:259) Done 110 utterances, failed for 0
LOG (nnet3-latgen-faster[5.5.888~1-d619]:main():nnet3-latgen-faster.cc:261) Overall log-likelihood per frame is 1.58044 over 18791 frames.
LOG (nnet3-latgen-faster[5.5.888~1-d619]:~CachingOptimizingCompiler():nnet-optimize.cc:710) 0.71 seconds taken in nnet3 compilation total (breakdown: 0.478 compilation, 0.138 optimization, 0 shortcut expansion, 0.0259 checking, 0.000178 computing indexes, 0.0676 misc.) + 0 I/O.
LOG (lattice-scale[5.5.888~1-d619]:main():lattice-scale.cc:107) Done 110 lattices.
# Ended (code 0) at Wed Aug 25 19:07:24 +08 2021, elapsed time 452 seconds
