# nnet3-latgen-faster --online-ivectors=scp:./ivector/imda-part2/ivector_online.scp --online-ivector-period=10 --frame-subsampling-factor=3 --frames-per-chunk=50 --extra-left-context=0 --extra-right-context=0 --extra-left-context-initial=-1 --extra-right-context-final=-1 --minimize=false --max-active=7000 --min-active=200 --beam=15.0 --lattice-beam=8.0 --acoustic-scale=1.0 --allow-partial=true --word-symbol-table=/home3/ztkyaw/w2021/deliverables/contrast-zin-dev/output/expEX2/graph/words.txt /home3/ztkyaw/w2021/deliverables/contrast-zin-dev/baseline/tdnnf-transfer-sp/final.mdl /home3/ztkyaw/w2021/deliverables/contrast-zin-dev/output/expEX2/graph/HCLG.fst "ark,s,cs:apply-cmvn --norm-means=false --norm-vars=false --utt2spk=ark:./data/imda-part2/mfcc-hires/split10/8/utt2spk scp:./data/imda-part2/mfcc-hires/split10/8/cmvn.scp scp:./data/imda-part2/mfcc-hires/split10/8/feats.scp ark:- |" "ark:|lattice-scale --acoustic-scale=10.0 ark:- ark:- | gzip -c >/home3/ztkyaw/w2021/deliverables/contrast-zin-dev/baseline/tdnnf-transfer-sp/decode_imda-part2_1629889191-hw_lmg/lat.8.gz" 
# Invoked at Wed Aug 25 18:59:52 +08 2021 from node02
#
# Started at Wed Aug 25 19:00:39 +08 2021 on node08
nnet3-latgen-faster --online-ivectors=scp:./ivector/imda-part2/ivector_online.scp --online-ivector-period=10 --frame-subsampling-factor=3 --frames-per-chunk=50 --extra-left-context=0 --extra-right-context=0 --extra-left-context-initial=-1 --extra-right-context-final=-1 --minimize=false --max-active=7000 --min-active=200 --beam=15.0 --lattice-beam=8.0 --acoustic-scale=1.0 --allow-partial=true --word-symbol-table=/home3/ztkyaw/w2021/deliverables/contrast-zin-dev/output/expEX2/graph/words.txt /home3/ztkyaw/w2021/deliverables/contrast-zin-dev/baseline/tdnnf-transfer-sp/final.mdl /home3/ztkyaw/w2021/deliverables/contrast-zin-dev/output/expEX2/graph/HCLG.fst 'ark,s,cs:apply-cmvn --norm-means=false --norm-vars=false --utt2spk=ark:./data/imda-part2/mfcc-hires/split10/8/utt2spk scp:./data/imda-part2/mfcc-hires/split10/8/cmvn.scp scp:./data/imda-part2/mfcc-hires/split10/8/feats.scp ark:- |' 'ark:|lattice-scale --acoustic-scale=10.0 ark:- ark:- | gzip -c >/home3/ztkyaw/w2021/deliverables/contrast-zin-dev/baseline/tdnnf-transfer-sp/decode_imda-part2_1629889191-hw_lmg/lat.8.gz' 
LOG (nnet3-latgen-faster[5.5.888~1-d619]:RemoveOrphanNodes():nnet-nnet.cc:948) Removed 1 orphan nodes.
LOG (nnet3-latgen-faster[5.5.888~1-d619]:RemoveOrphanComponents():nnet-nnet.cc:847) Removing 2 orphan components.
LOG (nnet3-latgen-faster[5.5.888~1-d619]:Collapse():nnet-utils.cc:1488) Added 1 components, removed 2
apply-cmvn --norm-means=false --norm-vars=false --utt2spk=ark:./data/imda-part2/mfcc-hires/split10/8/utt2spk scp:./data/imda-part2/mfcc-hires/split10/8/cmvn.scp scp:./data/imda-part2/mfcc-hires/split10/8/feats.scp ark:- 
lattice-scale --acoustic-scale=10.0 ark:- ark:- 
LOG (nnet3-latgen-faster[5.5.888~1-d619]:CheckAndFixConfigs():nnet-am-decodable-simple.cc:294) Increasing --frames-per-chunk from 50 to 51 to make it a multiple of --frame-subsampling-factor=3
nsc-part2-chn0-spk09963086mam-030860007 please hold me to way to combing unpaid industrial estate 
LOG (nnet3-latgen-faster[5.5.888~1-d619]:DecodeUtteranceLatticeFaster():decoder-wrappers.cc:375) Log-like per frame for utterance nsc-part2-chn0-spk09963086mam-030860007 is 1.46432 over 126 frames.
nsc-part2-chn0-spk09963086mam-030860024 till choose it __Chong_Pang_Combined temple and __Telok_Blangah_Street thirty two 
LOG (nnet3-latgen-faster[5.5.888~1-d619]:DecodeUtteranceLatticeFaster():decoder-wrappers.cc:375) Log-like per frame for utterance nsc-part2-chn0-spk09963086mam-030860024 is 1.78667 over 192 frames.
nsc-part2-chn0-spk09963086mam-030860045 which birth i take to __Jalan_Lengkok_Sembawang 
LOG (nnet3-latgen-faster[5.5.888~1-d619]:DecodeUtteranceLatticeFaster():decoder-wrappers.cc:375) Log-like per frame for utterance nsc-part2-chn0-spk09963086mam-030860045 is 1.5862 over 107 frames.
nsc-part2-chn0-spk09963086mam-030860060 please them how to get to __Seletar_Lodge_One 
LOG (nnet3-latgen-faster[5.5.888~1-d619]:DecodeUtteranceLatticeFaster():decoder-wrappers.cc:375) Log-like per frame for utterance nsc-part2-chn0-spk09963086mam-030860060 is 1.50621 over 103 frames.
nsc-part2-chn0-spk09963086mam-030860071 select the father way to __Bukit_Batok_Central 
LOG (nnet3-latgen-faster[5.5.888~1-d619]:DecodeUtteranceLatticeFaster():decoder-wrappers.cc:375) Log-like per frame for utterance nsc-part2-chn0-spk09963086mam-030860071 is 1.68368 over 109 frames.
nsc-part2-chn0-spk09963086mam-030860091 fill home escalate and suffer specialist 
LOG (nnet3-latgen-faster[5.5.888~1-d619]:DecodeUtteranceLatticeFaster():decoder-wrappers.cc:375) Log-like per frame for utterance nsc-part2-chn0-spk09963086mam-030860091 is 1.39349 over 116 frames.
nsc-part2-chn0-spk09963086mam-030860173 __Choa_Chu_Kang_Loop __Geylang_Road and __Tuas_Terminal_Road 
LOG (nnet3-latgen-faster[5.5.888~1-d619]:DecodeUtteranceLatticeFaster():decoder-wrappers.cc:375) Log-like per frame for utterance nsc-part2-chn0-spk09963086mam-030860173 is 2.04832 over 113 frames.
nsc-part2-chn0-spk09963086mam-030860302 __Chinatown_Point post office __Greenfield_Drive and __Jalan_Klinik 
LOG (nnet3-latgen-faster[5.5.888~1-d619]:DecodeUtteranceLatticeFaster():decoder-wrappers.cc:375) Log-like per frame for utterance nsc-part2-chn0-spk09963086mam-030860302 is 1.61015 over 137 frames.
nsc-part2-chn0-spk09963086mam-030860350 two since zero __Robert_Soon and who say urgent it 
LOG (nnet3-latgen-faster[5.5.888~1-d619]:DecodeUtteranceLatticeFaster():decoder-wrappers.cc:375) Log-like per frame for utterance nsc-part2-chn0-spk09963086mam-030860350 is 1.6595 over 135 frames.
nsc-part2-chn0-spk09963086mam-030861535 __One_Farrer hotel asthma __Chestnut_Crescent and __Upper_Seletar_Reservoir 
LOG (nnet3-latgen-faster[5.5.888~1-d619]:DecodeUtteranceLatticeFaster():decoder-wrappers.cc:375) Log-like per frame for utterance nsc-part2-chn0-spk09963086mam-030861535 is 1.56913 over 163 frames.
nsc-part2-chn0-spk09963086mam-030861547 __Jurong_Port wrote __Janet_Lim police stated and __Bukit_Timah send __Shopping_Centre 
LOG (nnet3-latgen-faster[5.5.888~1-d619]:DecodeUtteranceLatticeFaster():decoder-wrappers.cc:375) Log-like per frame for utterance nsc-part2-chn0-spk09963086mam-030861547 is 1.61996 over 164 frames.
nsc-part2-chn0-spk09963086mam-030861559 __Chong_Pang never police post anything market authority availability guard 
LOG (nnet3-latgen-faster[5.5.888~1-d619]:DecodeUtteranceLatticeFaster():decoder-wrappers.cc:375) Log-like per frame for utterance nsc-part2-chn0-spk09963086mam-030861559 is 1.75226 over 157 frames.
nsc-part2-chn0-spk09963086mam-030861756 __Marsiling_Drive police post would news but search and send preferred wrote 
LOG (nnet3-latgen-faster[5.5.888~1-d619]:DecodeUtteranceLatticeFaster():decoder-wrappers.cc:375) Log-like per frame for utterance nsc-part2-chn0-spk09963086mam-030861756 is 1.61846 over 169 frames.
nsc-part2-chn0-spk09963086mam-030861871 which wife i take to almost mobile 
LOG (nnet3-latgen-faster[5.5.888~1-d619]:DecodeUtteranceLatticeFaster():decoder-wrappers.cc:375) Log-like per frame for utterance nsc-part2-chn0-spk09963086mam-030861871 is 1.50269 over 111 frames.
nsc-part2-chn0-spk09983093cnm-030930099 __Buangkok_View would natch close end __Bedok_Green primary school 
LOG (nnet3-latgen-faster[5.5.888~1-d619]:DecodeUtteranceLatticeFaster():decoder-wrappers.cc:375) Log-like per frame for utterance nsc-part2-chn0-spk09983093cnm-030930099 is 1.59487 over 223 frames.
nsc-part2-chn0-spk09983093cnm-030930181 how file away __Seletar_Hills_Drive from here 
LOG (nnet3-latgen-faster[5.5.888~1-d619]:DecodeUtteranceLatticeFaster():decoder-wrappers.cc:375) Log-like per frame for utterance nsc-part2-chn0-spk09983093cnm-030930181 is 1.49254 over 131 frames.
nsc-part2-chn0-spk09983093cnm-030930188 how to i get to company __Chong_Pang industrial estate 
LOG (nnet3-latgen-faster[5.5.888~1-d619]:DecodeUtteranceLatticeFaster():decoder-wrappers.cc:375) Log-like per frame for utterance nsc-part2-chn0-spk09983093cnm-030930188 is 1.50472 over 148 frames.
nsc-part2-chn0-spk09983093cnm-030930212 __Jalan_Kechil terminal avenue three and burn center assembly of got 
LOG (nnet3-latgen-faster[5.5.888~1-d619]:DecodeUtteranceLatticeFaster():decoder-wrappers.cc:375) Log-like per frame for utterance nsc-part2-chn0-spk09983093cnm-030930212 is 1.52005 over 303 frames.
nsc-part2-chn0-spk09983093cnm-030930219 could tell me the way to must thing rise 
LOG (nnet3-latgen-faster[5.5.888~1-d619]:DecodeUtteranceLatticeFaster():decoder-wrappers.cc:375) Log-like per frame for utterance nsc-part2-chn0-spk09983093cnm-030930219 is 1.36849 over 110 frames.
nsc-part2-chn0-spk09983093cnm-030930303 do know where is __Chinatown_Point 
LOG (nnet3-latgen-faster[5.5.888~1-d619]:DecodeUtteranceLatticeFaster():decoder-wrappers.cc:375) Log-like per frame for utterance nsc-part2-chn0-spk09983093cnm-030930303 is 1.56756 over 112 frames.
nsc-part2-chn0-spk09983093cnm-030930312 __Geylang_Square marina road and __Jalan_Lana so one ah 
LOG (nnet3-latgen-faster[5.5.888~1-d619]:DecodeUtteranceLatticeFaster():decoder-wrappers.cc:375) Log-like per frame for utterance nsc-part2-chn0-spk09983093cnm-030930312 is 1.61727 over 187 frames.
nsc-part2-chn0-spk09983093cnm-030930381 spring room and 
LOG (nnet3-latgen-faster[5.5.888~1-d619]:DecodeUtteranceLatticeFaster():decoder-wrappers.cc:375) Log-like per frame for utterance nsc-part2-chn0-spk09983093cnm-030930381 is 1.44847 over 168 frames.
nsc-part2-chn0-spk09983093cnm-030930405 i and waiting four semi to comeback from __Bukit_Batok_Crescent 
LOG (nnet3-latgen-faster[5.5.888~1-d619]:DecodeUtteranceLatticeFaster():decoder-wrappers.cc:375) Log-like per frame for utterance nsc-part2-chn0-spk09983093cnm-030930405 is 1.59352 over 263 frames.
nsc-part2-chn0-spk09983093cnm-030930418 sultan avenue __Upper_Aljunied_Road and __Treetop_Walk 
LOG (nnet3-latgen-faster[5.5.888~1-d619]:DecodeUtteranceLatticeFaster():decoder-wrappers.cc:375) Log-like per frame for utterance nsc-part2-chn0-spk09983093cnm-030930418 is 1.67184 over 147 frames.
nsc-part2-chn0-spk09983093cnm-030931493 which pass should i tick to come form ceria 
LOG (nnet3-latgen-faster[5.5.888~1-d619]:DecodeUtteranceLatticeFaster():decoder-wrappers.cc:375) Log-like per frame for utterance nsc-part2-chn0-spk09983093cnm-030931493 is 1.47866 over 161 frames.
nsc-part2-chn0-spk09983093cnm-030931610 argument road __Seletar_Club and __Corfe_Place 
LOG (nnet3-latgen-faster[5.5.888~1-d619]:DecodeUtteranceLatticeFaster():decoder-wrappers.cc:375) Log-like per frame for utterance nsc-part2-chn0-spk09983093cnm-030931610 is 1.46754 over 168 frames.
nsc-part2-chn0-spk09983093cnm-030931621 __Jalan_Tepong park centennial towel and meridian __Secondary_School 
LOG (nnet3-latgen-faster[5.5.888~1-d619]:DecodeUtteranceLatticeFaster():decoder-wrappers.cc:375) Log-like per frame for utterance nsc-part2-chn0-spk09983093cnm-030931621 is 1.53146 over 267 frames.
nsc-part2-chn0-spk09983093cnm-030931756 bowel wealth gate self perimeter road and __Sunny_Ang avenue 
LOG (nnet3-latgen-faster[5.5.888~1-d619]:DecodeUtteranceLatticeFaster():decoder-wrappers.cc:375) Log-like per frame for utterance nsc-part2-chn0-spk09983093cnm-030931756 is 1.51636 over 254 frames.
nsc-part2-chn0-spk09983093cnm-030931773 __Anak_Bukit underpass __Grace_Walk and __Kampong_Kayu_Road 
LOG (nnet3-latgen-faster[5.5.888~1-d619]:DecodeUtteranceLatticeFaster():decoder-wrappers.cc:375) Log-like per frame for utterance nsc-part2-chn0-spk09983093cnm-030931773 is 1.49066 over 252 frames.
nsc-part2-chn0-spk09983093cnm-030931834 door him is dropping me off accelerator 
LOG (nnet3-latgen-faster[5.5.888~1-d619]:DecodeUtteranceLatticeFaster():decoder-wrappers.cc:375) Log-like per frame for utterance nsc-part2-chn0-spk09983093cnm-030931834 is 1.51323 over 128 frames.
nsc-part2-chn0-spk10033097mam-030970032 __Geylang_East_Central __Radin_Mas neighborhood police post and __Chulia_Street 
LOG (nnet3-latgen-faster[5.5.888~1-d619]:DecodeUtteranceLatticeFaster():decoder-wrappers.cc:375) Log-like per frame for utterance nsc-part2-chn0-spk10033097mam-030970032 is 1.9154 over 145 frames.
nsc-part2-chn0-spk10033097mam-030970049 __Ruby_Lane __Joo_Koon_Crescent and __Upper_Joo_Aljunied_Link 
LOG (nnet3-latgen-faster[5.5.888~1-d619]:DecodeUtteranceLatticeFaster():decoder-wrappers.cc:375) Log-like per frame for utterance nsc-part2-chn0-spk10033097mam-030970049 is 1.70629 over 138 frames.
nsc-part2-chn0-spk10033097mam-030970071 select the __Pasir_Ris_Way to __Bukit_Timah_Plaza 
LOG (nnet3-latgen-faster[5.5.888~1-d619]:DecodeUtteranceLatticeFaster():decoder-wrappers.cc:375) Log-like per frame for utterance nsc-part2-chn0-spk10033097mam-030970071 is 1.86255 over 103 frames.
nsc-part2-chn0-spk10033097mam-030970118 __Jalan_Hajijah marina couple b and __Sembawang_Vista 
LOG (nnet3-latgen-faster[5.5.888~1-d619]:DecodeUtteranceLatticeFaster():decoder-wrappers.cc:375) Log-like per frame for utterance nsc-part2-chn0-spk10033097mam-030970118 is 1.57676 over 129 frames.
nsc-part2-chn0-spk10033097mam-030970182 please show me to way to __Orchard_Spring_Lane 
LOG (nnet3-latgen-faster[5.5.888~1-d619]:DecodeUtteranceLatticeFaster():decoder-wrappers.cc:375) Log-like per frame for utterance nsc-part2-chn0-spk10033097mam-030970182 is 1.67216 over 96 frames.
nsc-part2-chn0-spk10033097mam-030970188 how do i get to confirmed __How_Sun_Road 
LOG (nnet3-latgen-faster[5.5.888~1-d619]:DecodeUtteranceLatticeFaster():decoder-wrappers.cc:375) Log-like per frame for utterance nsc-part2-chn0-spk10033097mam-030970188 is 1.42687 over 80 frames.
nsc-part2-chn0-spk10033097mam-030970212 __Tanglin_Trust kos later country club and __Woodland_Street 
LOG (nnet3-latgen-faster[5.5.888~1-d619]:DecodeUtteranceLatticeFaster():decoder-wrappers.cc:375) Log-like per frame for utterance nsc-part2-chn0-spk10033097mam-030970212 is 1.57351 over 132 frames.
nsc-part2-chn0-spk10033097mam-030970312 __Liang_Court regency contract crescent and __Bukit_Batok home forty age 
LOG (nnet3-latgen-faster[5.5.888~1-d619]:DecodeUtteranceLatticeFaster():decoder-wrappers.cc:375) Log-like per frame for utterance nsc-part2-chn0-spk10033097mam-030970312 is 1.58567 over 198 frames.
nsc-part2-chn0-spk10033097mam-030970433 __Jalan_Baiduri __Jurong_Island __Seletar_Court is form way 
LOG (nnet3-latgen-faster[5.5.888~1-d619]:DecodeUtteranceLatticeFaster():decoder-wrappers.cc:375) Log-like per frame for utterance nsc-part2-chn0-spk10033097mam-030970433 is 1.66315 over 122 frames.
nsc-part2-chn0-spk10033097mam-030971698 __Holland_Hill it take to walk to __Kampong_Sireh 
LOG (nnet3-latgen-faster[5.5.888~1-d619]:DecodeUtteranceLatticeFaster():decoder-wrappers.cc:375) Log-like per frame for utterance nsc-part2-chn0-spk10033097mam-030971698 is 1.43081 over 115 frames.
nsc-part2-chn0-spk10033097mam-030971699 __Marsiling_Neighbourhood police boon __Middlesex_Road and __Jalan_Membina 
LOG (nnet3-latgen-faster[5.5.888~1-d619]:DecodeUtteranceLatticeFaster():decoder-wrappers.cc:375) Log-like per frame for utterance nsc-part2-chn0-spk10033097mam-030971699 is 1.84578 over 145 frames.
nsc-part2-chn0-spk10033097mam-030971717 print would close the possess or __Singapore_Bible and spring __Singapore_Bible 
LOG (nnet3-latgen-faster[5.5.888~1-d619]:DecodeUtteranceLatticeFaster():decoder-wrappers.cc:375) Log-like per frame for utterance nsc-part2-chn0-spk10033097mam-030971717 is 1.32967 over 190 frames.
nsc-part2-chn0-spk10033097mam-030971875 third __Chin_Bee_Road can within mission and __Bedok_North 
LOG (nnet3-latgen-faster[5.5.888~1-d619]:DecodeUtteranceLatticeFaster():decoder-wrappers.cc:375) Log-like per frame for utterance nsc-part2-chn0-spk10033097mam-030971875 is 1.54098 over 137 frames.
nsc-part2-chn0-spk10033097mam-030971893 __Upper_Bedok_Road sports drive two and both three 
LOG (nnet3-latgen-faster[5.5.888~1-d619]:DecodeUtteranceLatticeFaster():decoder-wrappers.cc:375) Log-like per frame for utterance nsc-part2-chn0-spk10033097mam-030971893 is 1.62189 over 122 frames.
nsc-part2-chn0-spk10043089cnm-030890125 after taking allow at data based refund story about site file awhile individual saying and __Hussein_Aljunied 
LOG (nnet3-latgen-faster[5.5.888~1-d619]:DecodeUtteranceLatticeFaster():decoder-wrappers.cc:375) Log-like per frame for utterance nsc-part2-chn0-spk10043089cnm-030890125 is 1.54147 over 335 frames.
nsc-part2-chn0-spk10043089cnm-030890166 what landmark near __Kampong_Arang_Road 
LOG (nnet3-latgen-faster[5.5.888~1-d619]:DecodeUtteranceLatticeFaster():decoder-wrappers.cc:375) Log-like per frame for utterance nsc-part2-chn0-spk10043089cnm-030890166 is 1.5715 over 117 frames.
nsc-part2-chn0-spk10043089cnm-030890173 center for public project management __Geylang_Methodist_School and grant in turn temple 
LOG (nnet3-latgen-faster[5.5.888~1-d619]:DecodeUtteranceLatticeFaster():decoder-wrappers.cc:375) Log-like per frame for utterance nsc-part2-chn0-spk10043089cnm-030890173 is 1.71114 over 276 frames.
nsc-part2-chn0-spk10043089cnm-030890203 is faster to take the bus to __Seletar_East someway 
LOG (nnet3-latgen-faster[5.5.888~1-d619]:DecodeUtteranceLatticeFaster():decoder-wrappers.cc:375) Log-like per frame for utterance nsc-part2-chn0-spk10043089cnm-030890203 is 1.41759 over 127 frames.
nsc-part2-chn0-spk10043089cnm-030890212 q avenue someone __Bedok_North and __Lorong_Mesu buttock 
LOG (nnet3-latgen-faster[5.5.888~1-d619]:DecodeUtteranceLatticeFaster():decoder-wrappers.cc:375) Log-like per frame for utterance nsc-part2-chn0-spk10043089cnm-030890212 is 1.57739 over 183 frames.
nsc-part2-chn0-spk10043089cnm-030890221 select the faster survey to __Sembawang_Tamil_Methodist church 
LOG (nnet3-latgen-faster[5.5.888~1-d619]:DecodeUtteranceLatticeFaster():decoder-wrappers.cc:375) Log-like per frame for utterance nsc-part2-chn0-spk10043089cnm-030890221 is 1.48658 over 150 frames.
nsc-part2-chn0-spk10043089cnm-030890258 the cleave __Jalan_Ulu_Seletar __Sungei_Gedong_Road 
LOG (nnet3-latgen-faster[5.5.888~1-d619]:DecodeUtteranceLatticeFaster():decoder-wrappers.cc:375) Log-like per frame for utterance nsc-part2-chn0-spk10043089cnm-030890258 is 1.5263 over 166 frames.
nsc-part2-chn0-spk10043089cnm-030890405 am waiting for __Janet_Lim to comeback from __Bukit_Batok_Road 
LOG (nnet3-latgen-faster[5.5.888~1-d619]:DecodeUtteranceLatticeFaster():decoder-wrappers.cc:375) Log-like per frame for utterance nsc-part2-chn0-spk10043089cnm-030890405 is 1.69554 over 142 frames.
nsc-part2-chn0-spk10043089cnm-030890419 n p n u and spring 
LOG (nnet3-latgen-faster[5.5.888~1-d619]:DecodeUtteranceLatticeFaster():decoder-wrappers.cc:375) Log-like per frame for utterance nsc-part2-chn0-spk10043089cnm-030890419 is 1.41277 over 126 frames.
nsc-part2-chn0-spk10043089cnm-030890434 __Jalan_Bungar __Bedok_North ministry of culture community and use __Singapore_Bible collage 
LOG (nnet3-latgen-faster[5.5.888~1-d619]:DecodeUtteranceLatticeFaster():decoder-wrappers.cc:375) Log-like per frame for utterance nsc-part2-chn0-spk10043089cnm-030890434 is 1.67804 over 321 frames.
nsc-part2-chn0-spk10043089cnm-030891507 __Hang_Chang_Chieh q you __Kim_Seng lee __Chong_Pang 
LOG (nnet3-latgen-faster[5.5.888~1-d619]:DecodeUtteranceLatticeFaster():decoder-wrappers.cc:375) Log-like per frame for utterance nsc-part2-chn0-spk10043089cnm-030891507 is 1.41724 over 172 frames.
nsc-part2-chn0-spk10043089cnm-030891549 i know people who have exact name as __Christopher_Henry_Rothwell name __Chong_Pang and how unpack 
LOG (nnet3-latgen-faster[5.5.888~1-d619]:DecodeUtteranceLatticeFaster():decoder-wrappers.cc:375) Log-like per frame for utterance nsc-part2-chn0-spk10043089cnm-030891549 is 1.5768 over 291 frames.
nsc-part2-chn0-spk10043089cnm-030891716 __West_Spring __Institute_Of_Engineer_Singapore and __Loyang_Street 
LOG (nnet3-latgen-faster[5.5.888~1-d619]:DecodeUtteranceLatticeFaster():decoder-wrappers.cc:375) Log-like per frame for utterance nsc-part2-chn0-spk10043089cnm-030891716 is 1.71491 over 201 frames.
nsc-part2-chn0-spk10043089cnm-030891771 __Peace_Centre new til road __Jalan_Kampong_Chantek 
LOG (nnet3-latgen-faster[5.5.888~1-d619]:DecodeUtteranceLatticeFaster():decoder-wrappers.cc:375) Log-like per frame for utterance nsc-part2-chn0-spk10043089cnm-030891771 is 1.60292 over 190 frames.
nsc-part2-chn0-spk10043089cnm-030891857 eligible left posted crispy spring chicken 
LOG (nnet3-latgen-faster[5.5.888~1-d619]:DecodeUtteranceLatticeFaster():decoder-wrappers.cc:375) Log-like per frame for utterance nsc-part2-chn0-spk10043089cnm-030891857 is 1.57304 over 145 frames.
nsc-part2-chn0-spk10083114inm-031140009 how long will it take two walk two __Jalan_Lengkok sambal 
LOG (nnet3-latgen-faster[5.5.888~1-d619]:DecodeUtteranceLatticeFaster():decoder-wrappers.cc:375) Log-like per frame for utterance nsc-part2-chn0-spk10083114inm-031140009 is 1.62547 over 167 frames.
nsc-part2-chn0-spk10083114inm-031140024 __Bedok_View __Secondary_School __Peakville_Grove entitlement house n ex building 
LOG (nnet3-latgen-faster[5.5.888~1-d619]:DecodeUtteranceLatticeFaster():decoder-wrappers.cc:375) Log-like per frame for utterance nsc-part2-chn0-spk10083114inm-031140024 is 1.75486 over 213 frames.
nsc-part2-chn0-spk10083114inm-031140029 florence is dropping me of at __Bukit_Batok hospital 
LOG (nnet3-latgen-faster[5.5.888~1-d619]:DecodeUtteranceLatticeFaster():decoder-wrappers.cc:375) Log-like per frame for utterance nsc-part2-chn0-spk10083114inm-031140029 is 1.7812 over 146 frames.
nsc-part2-chn0-spk10083114inm-031140049 __Lornie_Walk __Taman_Jurong __Shopping_Centre n __Tokio_Marine center 
LOG (nnet3-latgen-faster[5.5.888~1-d619]:DecodeUtteranceLatticeFaster():decoder-wrappers.cc:375) Log-like per frame for utterance nsc-part2-chn0-spk10083114inm-031140049 is 1.87051 over 182 frames.
nsc-part2-chn0-spk10083114inm-031140136 __Tampines_Changkat community center pass like school campus to n __Geylang_Methodist_School 
LOG (nnet3-latgen-faster[5.5.888~1-d619]:DecodeUtteranceLatticeFaster():decoder-wrappers.cc:375) Log-like per frame for utterance nsc-part2-chn0-spk10083114inm-031140136 is 1.81102 over 243 frames.
nsc-part2-chn0-spk10083114inm-031140188 how do i get to __Kampong_Kembangan neighborhood police post 
LOG (nnet3-latgen-faster[5.5.888~1-d619]:DecodeUtteranceLatticeFaster():decoder-wrappers.cc:375) Log-like per frame for utterance nsc-part2-chn0-spk10083114inm-031140188 is 1.76708 over 147 frames.
nsc-part2-chn0-spk10083114inm-031140242 month the month tiara library at china town and __Aljunied_Avenue two 
LOG (nnet3-latgen-faster[5.5.888~1-d619]:DecodeUtteranceLatticeFaster():decoder-wrappers.cc:375) Log-like per frame for utterance nsc-part2-chn0-spk10083114inm-031140242 is 1.473 over 182 frames.
nsc-part2-chn0-spk10083114inm-031140418 __Chong_Pang_Combined temple neighborhood please stand church n __Lorong_Pisang_Asam 
LOG (nnet3-latgen-faster[5.5.888~1-d619]:DecodeUtteranceLatticeFaster():decoder-wrappers.cc:375) Log-like per frame for utterance nsc-part2-chn0-spk10083114inm-031140418 is 1.83622 over 178 frames.
nsc-part2-chn0-spk10083114inm-031141592 __Jalan_Selamat __Sembawang_Terminal_Avenue three and maria viable press b church 
LOG (nnet3-latgen-faster[5.5.888~1-d619]:DecodeUtteranceLatticeFaster():decoder-wrappers.cc:375) Log-like per frame for utterance nsc-part2-chn0-spk10083114inm-031141592 is 1.67693 over 211 frames.
nsc-part2-chn0-spk10083114inm-031141685 __George_Nigel __Douglas_Hamilton __John_Morrice and __Lim_Chong_Pang 
LOG (nnet3-latgen-faster[5.5.888~1-d619]:DecodeUtteranceLatticeFaster():decoder-wrappers.cc:375) Log-like per frame for utterance nsc-part2-chn0-spk10083114inm-031141685 is 1.60755 over 193 frames.
nsc-part2-chn0-spk10083114inm-031141706 __College_Of_Medicine building __Sembawang_Hills_Drive and teeth hill 
LOG (nnet3-latgen-faster[5.5.888~1-d619]:DecodeUtteranceLatticeFaster():decoder-wrappers.cc:375) Log-like per frame for utterance nsc-part2-chn0-spk10083114inm-031141706 is 1.68843 over 169 frames.
nsc-part2-chn0-spk10083114inm-031141785 m c y i and spring 
LOG (nnet3-latgen-faster[5.5.888~1-d619]:DecodeUtteranceLatticeFaster():decoder-wrappers.cc:375) Log-like per frame for utterance nsc-part2-chn0-spk10083114inm-031141785 is 1.32809 over 129 frames.
nsc-part2-chn0-spk10083114inm-031141874 see food b hoon crayfish beyond enroll start crispy spring chicken 
LOG (nnet3-latgen-faster[5.5.888~1-d619]:DecodeUtteranceLatticeFaster():decoder-wrappers.cc:375) Log-like per frame for utterance nsc-part2-chn0-spk10083114inm-031141874 is 1.4884 over 167 frames.
nsc-part2-chn0-spk10083114inm-031141889 malice is dropping me off at __Bukit_Batok_East 
LOG (nnet3-latgen-faster[5.5.888~1-d619]:DecodeUtteranceLatticeFaster():decoder-wrappers.cc:375) Log-like per frame for utterance nsc-part2-chn0-spk10083114inm-031141889 is 1.7325 over 134 frames.
nsc-part2-chn0-spk10113100cnm-031000013 please tell me how to get to library at china town 
LOG (nnet3-latgen-faster[5.5.888~1-d619]:DecodeUtteranceLatticeFaster():decoder-wrappers.cc:375) Log-like per frame for utterance nsc-part2-chn0-spk10113100cnm-031000013 is 1.56743 over 118 frames.
nsc-part2-chn0-spk10113100cnm-031000118 __Pasir_Ris town serve __Hospital_Avenue and __Marsiling_Road 
LOG (nnet3-latgen-faster[5.5.888~1-d619]:DecodeUtteranceLatticeFaster():decoder-wrappers.cc:375) Log-like per frame for utterance nsc-part2-chn0-spk10113100cnm-031000118 is 1.87166 over 157 frames.
nsc-part2-chn0-spk10113100cnm-031000147 nursing bit saving rooted crispy spring chicken in summer 
LOG (nnet3-latgen-faster[5.5.888~1-d619]:DecodeUtteranceLatticeFaster():decoder-wrappers.cc:375) Log-like per frame for utterance nsc-part2-chn0-spk10113100cnm-031000147 is 1.58139 over 163 frames.
nsc-part2-chn0-spk10113100cnm-031000173 the __Seletar_North grange guardian and roadside 
LOG (nnet3-latgen-faster[5.5.888~1-d619]:DecodeUtteranceLatticeFaster():decoder-wrappers.cc:375) Log-like per frame for utterance nsc-part2-chn0-spk10113100cnm-031000173 is 1.59799 over 127 frames.
nsc-part2-chn0-spk10113100cnm-031000175 are there food court or restaurant near __Kampong_Kayu_Road 
LOG (nnet3-latgen-faster[5.5.888~1-d619]:DecodeUtteranceLatticeFaster():decoder-wrappers.cc:375) Log-like per frame for utterance nsc-part2-chn0-spk10113100cnm-031000175 is 1.53222 over 134 frames.
nsc-part2-chn0-spk10113100cnm-031000181 how far away __Jalan_Simpang_Bedok from here 
LOG (nnet3-latgen-faster[5.5.888~1-d619]:DecodeUtteranceLatticeFaster():decoder-wrappers.cc:375) Log-like per frame for utterance nsc-part2-chn0-spk10113100cnm-031000181 is 1.82935 over 122 frames.
nsc-part2-chn0-spk10113100cnm-031000198 __Koh_Seow_Chuan guardian answer rental and __Hussein_Aljunied 
LOG (nnet3-latgen-faster[5.5.888~1-d619]:DecodeUtteranceLatticeFaster():decoder-wrappers.cc:375) Log-like per frame for utterance nsc-part2-chn0-spk10113100cnm-031000198 is 1.57073 over 189 frames.
nsc-part2-chn0-spk10113100cnm-031000225 __Jalan_Lengkok_Sembawang 
LOG (nnet3-latgen-faster[5.5.888~1-d619]:DecodeUtteranceLatticeFaster():decoder-wrappers.cc:375) Log-like per frame for utterance nsc-part2-chn0-spk10113100cnm-031000225 is 1.84953 over 90 frames.
nsc-part2-chn0-spk10113100cnm-031000231 i waiting for general to comeback from __Geylang_Lorong eight 
LOG (nnet3-latgen-faster[5.5.888~1-d619]:DecodeUtteranceLatticeFaster():decoder-wrappers.cc:375) Log-like per frame for utterance nsc-part2-chn0-spk10113100cnm-031000231 is 1.95497 over 129 frames.
nsc-part2-chn0-spk10113100cnm-031000232 please look for alan when reach __Bukit_Batok_East 
LOG (nnet3-latgen-faster[5.5.888~1-d619]:DecodeUtteranceLatticeFaster():decoder-wrappers.cc:375) Log-like per frame for utterance nsc-part2-chn0-spk10113100cnm-031000232 is 1.7402 over 120 frames.
nsc-part2-chn0-spk10113100cnm-031001547 send piper hotel __Chong_Pang combined temple and __Jalan_Setia 
LOG (nnet3-latgen-faster[5.5.888~1-d619]:DecodeUtteranceLatticeFaster():decoder-wrappers.cc:375) Log-like per frame for utterance nsc-part2-chn0-spk10113100cnm-031001547 is 1.78573 over 186 frames.
nsc-part2-chn0-spk10113100cnm-031001552 please look for near when reach __Bukit_Timah post office 
LOG (nnet3-latgen-faster[5.5.888~1-d619]:DecodeUtteranceLatticeFaster():decoder-wrappers.cc:375) Log-like per frame for utterance nsc-part2-chn0-spk10113100cnm-031001552 is 1.57654 over 205 frames.
nsc-part2-chn0-spk10113100cnm-031001569 i waiting for message to comeback from __Seletar_Close 
LOG (nnet3-latgen-faster[5.5.888~1-d619]:DecodeUtteranceLatticeFaster():decoder-wrappers.cc:375) Log-like per frame for utterance nsc-part2-chn0-spk10113100cnm-031001569 is 1.71892 over 134 frames.
nsc-part2-chn0-spk10113100cnm-031001768 show me away to __Spring_Street 
LOG (nnet3-latgen-faster[5.5.888~1-d619]:DecodeUtteranceLatticeFaster():decoder-wrappers.cc:375) Log-like per frame for utterance nsc-part2-chn0-spk10113100cnm-031001768 is 1.65013 over 91 frames.
nsc-part2-chn0-spk10123101cnm-031010029 nobody two is dropping me off at __Bukit_Batok_West 
LOG (nnet3-latgen-faster[5.5.888~1-d619]:DecodeUtteranceLatticeFaster():decoder-wrappers.cc:375) Log-like per frame for utterance nsc-part2-chn0-spk10123101cnm-031010029 is 1.70407 over 129 frames.
nsc-part2-chn0-spk10123101cnm-031010111 so letter complex commission life and __Teng_San_Tian_Hock temple 
LOG (nnet3-latgen-faster[5.5.888~1-d619]:DecodeUtteranceLatticeFaster():decoder-wrappers.cc:375) Log-like per frame for utterance nsc-part2-chn0-spk10123101cnm-031010111 is 1.6024 over 186 frames.
nsc-part2-chn0-spk10123101cnm-031010123 __River_City in __Orchard_Spring_Lane and __Medical_Drive 
LOG (nnet3-latgen-faster[5.5.888~1-d619]:DecodeUtteranceLatticeFaster():decoder-wrappers.cc:375) Log-like per frame for utterance nsc-part2-chn0-spk10123101cnm-031010123 is 1.89562 over 152 frames.
nsc-part2-chn0-spk10123101cnm-031010134 __Serangoon_Gardens ah __Changi_Village_Road end __Marsiling_Rise 
LOG (nnet3-latgen-faster[5.5.888~1-d619]:DecodeUtteranceLatticeFaster():decoder-wrappers.cc:375) Log-like per frame for utterance nsc-part2-chn0-spk10123101cnm-031010134 is 1.67467 over 147 frames.
nsc-part2-chn0-spk10123101cnm-031010148 can take bus to __Jalan_Lengkok_Sembawang 
LOG (nnet3-latgen-faster[5.5.888~1-d619]:DecodeUtteranceLatticeFaster():decoder-wrappers.cc:375) Log-like per frame for utterance nsc-part2-chn0-spk10123101cnm-031010148 is 1.51178 over 103 frames.
nsc-part2-chn0-spk10123101cnm-031010162 __Jalan_Tanjong penta hotel and __Geylang_Square 
LOG (nnet3-latgen-faster[5.5.888~1-d619]:DecodeUtteranceLatticeFaster():decoder-wrappers.cc:375) Log-like per frame for utterance nsc-part2-chn0-spk10123101cnm-031010162 is 1.92274 over 131 frames.
nsc-part2-chn0-spk10123101cnm-031010166 what are the landmark near __Upper_Bukit_Timah 
LOG (nnet3-latgen-faster[5.5.888~1-d619]:DecodeUtteranceLatticeFaster():decoder-wrappers.cc:375) Log-like per frame for utterance nsc-part2-chn0-spk10123101cnm-031010166 is 1.78927 over 101 frames.
nsc-part2-chn0-spk10123101cnm-031010176 __Miltonia_Link can hill fire post and __Jalan_Simpang_Bedok 
LOG (nnet3-latgen-faster[5.5.888~1-d619]:DecodeUtteranceLatticeFaster():decoder-wrappers.cc:375) Log-like per frame for utterance nsc-part2-chn0-spk10123101cnm-031010176 is 1.7738 over 153 frames.
nsc-part2-chn0-spk10123101cnm-031010186 how long visit take to get to __Kampong_Kembangan neighborhood police post by taxi 
LOG (nnet3-latgen-faster[5.5.888~1-d619]:DecodeUtteranceLatticeFaster():decoder-wrappers.cc:375) Log-like per frame for utterance nsc-part2-chn0-spk10123101cnm-031010186 is 1.65285 over 185 frames.
nsc-part2-chn0-spk10123101cnm-031010187 ginger union chicken up and rooted speech being chicken 
LOG (nnet3-latgen-faster[5.5.888~1-d619]:DecodeUtteranceLatticeFaster():decoder-wrappers.cc:375) Log-like per frame for utterance nsc-part2-chn0-spk10123101cnm-031010187 is 1.44888 over 180 frames.
nsc-part2-chn0-spk10123101cnm-031010298 __Sims_Way is dropping me off at __Aljunied_Avenue five 
LOG (nnet3-latgen-faster[5.5.888~1-d619]:DecodeUtteranceLatticeFaster():decoder-wrappers.cc:375) Log-like per frame for utterance nsc-part2-chn0-spk10123101cnm-031010298 is 1.63347 over 117 frames.
nsc-part2-chn0-spk10123101cnm-031010388 know as __Kampong_Eunos 
LOG (nnet3-latgen-faster[5.5.888~1-d619]:DecodeUtteranceLatticeFaster():decoder-wrappers.cc:375) Log-like per frame for utterance nsc-part2-chn0-spk10123101cnm-031010388 is 1.46958 over 83 frames.
nsc-part2-chn0-spk10123101cnm-031011582 __Bukit_Merah_View branch office fourth avenue and __Chong_Pang_Combined temple 
LOG (nnet3-latgen-faster[5.5.888~1-d619]:DecodeUtteranceLatticeFaster():decoder-wrappers.cc:375) Log-like per frame for utterance nsc-part2-chn0-spk10123101cnm-031011582 is 2.00507 over 176 frames.
nsc-part2-chn0-spk10123101cnm-031011616 __Lim_Chong_Pang __Janil_Puthucheary and __Tanya_Chua 
LOG (nnet3-latgen-faster[5.5.888~1-d619]:DecodeUtteranceLatticeFaster():decoder-wrappers.cc:375) Log-like per frame for utterance nsc-part2-chn0-spk10123101cnm-031011616 is 1.81398 over 138 frames.
nsc-part2-chn0-spk10123101cnm-031011834 roughly is dropping wealth at __Bedok_North 
LOG (nnet3-latgen-faster[5.5.888~1-d619]:DecodeUtteranceLatticeFaster():decoder-wrappers.cc:375) Log-like per frame for utterance nsc-part2-chn0-spk10123101cnm-031011834 is 1.65477 over 110 frames.
nsc-part2-chn0-spk10123101cnm-031011866 __Moreton_Close __Kampong_Bahru wrote and __Evolution_Garden_Walk 
LOG (nnet3-latgen-faster[5.5.888~1-d619]:DecodeUtteranceLatticeFaster():decoder-wrappers.cc:375) Log-like per frame for utterance nsc-part2-chn0-spk10123101cnm-031011866 is 1.76043 over 154 frames.
nsc-part2-chn0-spk10123101cnm-031011884 spring __Singapore_Bible on wait wrote and more better neighborhood police post 
LOG (nnet3-latgen-faster[5.5.888~1-d619]:DecodeUtteranceLatticeFaster():decoder-wrappers.cc:375) Log-like per frame for utterance nsc-part2-chn0-spk10123101cnm-031011884 is 1.74105 over 172 frames.
nsc-part2-chn0-spk10143124inm-031240025 __Hussein_Aljunied __Lee_Shih_Shiong_Peter and __Perumal_Govindaswamy are not formula within name 
LOG (nnet3-latgen-faster[5.5.888~1-d619]:DecodeUtteranceLatticeFaster():decoder-wrappers.cc:375) Log-like per frame for utterance nsc-part2-chn0-spk10143124inm-031240025 is 1.51444 over 238 frames.
nsc-part2-chn0-spk10143124inm-031240029 greenish dropping me off at __Bedok_North 
LOG (nnet3-latgen-faster[5.5.888~1-d619]:DecodeUtteranceLatticeFaster():decoder-wrappers.cc:375) Log-like per frame for utterance nsc-part2-chn0-spk10143124inm-031240029 is 1.58077 over 103 frames.
nsc-part2-chn0-spk10143124inm-031240099 __Bukit_Batok_Crescent __Carisbrooke_Grove and __Kranji_Crescent 
LOG (nnet3-latgen-faster[5.5.888~1-d619]:DecodeUtteranceLatticeFaster():decoder-wrappers.cc:375) Log-like per frame for utterance nsc-part2-chn0-spk10143124inm-031240099 is 1.87822 over 129 frames.
nsc-part2-chn0-spk10143124inm-031240118 __Chuan_Hoe_Avenue confirmed b c and who may avenue 
LOG (nnet3-latgen-faster[5.5.888~1-d619]:DecodeUtteranceLatticeFaster():decoder-wrappers.cc:375) Log-like per frame for utterance nsc-part2-chn0-spk10143124inm-031240118 is 1.45625 over 138 frames.
nsc-part2-chn0-spk10143124inm-031240144 __Geylang_Bahru __Lim_Chu_Kang and __Lorong_Paya_Lebar 
LOG (nnet3-latgen-faster[5.5.888~1-d619]:DecodeUtteranceLatticeFaster():decoder-wrappers.cc:375) Log-like per frame for utterance nsc-part2-chn0-spk10143124inm-031240144 is 2.38231 over 109 frames.
nsc-part2-chn0-spk10143124inm-031240242 __Seletar_Hill airport __Burmah_Road and __Singapore_Bible club 
LOG (nnet3-latgen-faster[5.5.888~1-d619]:DecodeUtteranceLatticeFaster():decoder-wrappers.cc:375) Log-like per frame for utterance nsc-part2-chn0-spk10143124inm-031240242 is 1.53449 over 132 frames.
nsc-part2-chn0-spk10143124inm-031240249 cannot take abas __Ulu_Sembawang 
LOG (nnet3-latgen-faster[5.5.888~1-d619]:DecodeUtteranceLatticeFaster():decoder-wrappers.cc:375) Log-like per frame for utterance nsc-part2-chn0-spk10143124inm-031240249 is 1.37778 over 79 frames.
nsc-part2-chn0-spk10143124inm-031240418 __Pereira_Road __Chong_Pang_Combined temple and __Kerong_Walk 
LOG (nnet3-latgen-faster[5.5.888~1-d619]:DecodeUtteranceLatticeFaster():decoder-wrappers.cc:375) Log-like per frame for utterance nsc-part2-chn0-spk10143124inm-031240418 is 1.74861 over 133 frames.
nsc-part2-chn0-spk10143124inm-031240433 __Chinese_Garden __Tembusu_Drive encompass unpaid industrial estate 
LOG (nnet3-latgen-faster[5.5.888~1-d619]:DecodeUtteranceLatticeFaster():decoder-wrappers.cc:375) Log-like per frame for utterance nsc-part2-chn0-spk10143124inm-031240433 is 1.79513 over 152 frames.
LOG (apply-cmvn[5.5.888~1-d619]:main():apply-cmvn.cc:81) Copied 118 utterances.
nsc-part2-chn0-spk10143124inm-031241480 __Bukit_Tinggi_Road __Bukit_Timah post office am __Begonia_Walk 
LOG (nnet3-latgen-faster[5.5.888~1-d619]:DecodeUtteranceLatticeFaster():decoder-wrappers.cc:375) Log-like per frame for utterance nsc-part2-chn0-spk10143124inm-031241480 is 1.66248 over 140 frames.
nsc-part2-chn0-spk10143124inm-031241592 link hotel __Jalan_Mempurong and someone ship yang 
LOG (nnet3-latgen-faster[5.5.888~1-d619]:DecodeUtteranceLatticeFaster():decoder-wrappers.cc:375) Log-like per frame for utterance nsc-part2-chn0-spk10143124inm-031241592 is 1.65946 over 120 frames.
nsc-part2-chn0-spk10143124inm-031241790 find __Pasir_Ris_Way to confirmed __Jalan_Rajah 
LOG (nnet3-latgen-faster[5.5.888~1-d619]:DecodeUtteranceLatticeFaster():decoder-wrappers.cc:375) Log-like per frame for utterance nsc-part2-chn0-spk10143124inm-031241790 is 1.45584 over 98 frames.
nsc-part2-chn0-spk10143124inm-031241838 __East_Spring 
LOG (nnet3-latgen-faster[5.5.888~1-d619]:DecodeUtteranceLatticeFaster():decoder-wrappers.cc:375) Log-like per frame for utterance nsc-part2-chn0-spk10143124inm-031241838 is 1.58547 over 60 frames.
nsc-part2-chn0-spk10143124inm-031241858 i waiting for calling to comeback from __Chong_Pang neighborhood police post 
LOG (nnet3-latgen-faster[5.5.888~1-d619]:DecodeUtteranceLatticeFaster():decoder-wrappers.cc:375) Log-like per frame for utterance nsc-part2-chn0-spk10143124inm-031241858 is 1.84683 over 149 frames.
LOG (nnet3-latgen-faster[5.5.888~1-d619]:main():nnet3-latgen-faster.cc:256) Time taken 139.438s: real-time factor assuming 100 frames/sec is 0.253418
LOG (nnet3-latgen-faster[5.5.888~1-d619]:main():nnet3-latgen-faster.cc:259) Done 118 utterances, failed for 0
LOG (nnet3-latgen-faster[5.5.888~1-d619]:main():nnet3-latgen-faster.cc:261) Overall log-likelihood per frame is 1.63522 over 18341 frames.
LOG (nnet3-latgen-faster[5.5.888~1-d619]:~CachingOptimizingCompiler():nnet-optimize.cc:710) 0.35 seconds taken in nnet3 compilation total (breakdown: 0.248 compilation, 0.059 optimization, 0 shortcut expansion, 0.012 checking, 5.51e-05 computing indexes, 0.0314 misc.) + 0 I/O.
LOG (lattice-scale[5.5.888~1-d619]:main():lattice-scale.cc:107) Done 118 lattices.
# Ended (code 0) at Wed Aug 25 19:02:59 +08 2021, elapsed time 187 seconds
