# nnet3-latgen-faster --online-ivectors=scp:./ivector/imda-part2/ivector_online.scp --online-ivector-period=10 --frame-subsampling-factor=3 --frames-per-chunk=50 --extra-left-context=0 --extra-right-context=0 --extra-left-context-initial=-1 --extra-right-context-final=-1 --minimize=false --max-active=7000 --min-active=200 --beam=15.0 --lattice-beam=8.0 --acoustic-scale=1.0 --allow-partial=true --word-symbol-table=/home3/ztkyaw/w2021/deliverables/contrast-zin-dev/output/expEX2/graph/words.txt /home3/ztkyaw/w2021/deliverables/contrast-zin-dev/baseline/tdnnf-transfer-sp/final.mdl /home3/ztkyaw/w2021/deliverables/contrast-zin-dev/output/expEX2/graph/HCLG.fst "ark,s,cs:apply-cmvn --norm-means=false --norm-vars=false --utt2spk=ark:./data/imda-part2/mfcc-hires/split10/10/utt2spk scp:./data/imda-part2/mfcc-hires/split10/10/cmvn.scp scp:./data/imda-part2/mfcc-hires/split10/10/feats.scp ark:- |" "ark:|lattice-scale --acoustic-scale=10.0 ark:- ark:- | gzip -c >/home3/ztkyaw/w2021/deliverables/contrast-zin-dev/baseline/tdnnf-transfer-sp/decode_imda-part2_1629889191-hw_lmg/lat.10.gz" 
# Invoked at Wed Aug 25 18:59:52 +08 2021 from node02
#
# Started at Wed Aug 25 19:00:39 SGT 2021 on node03
nnet3-latgen-faster --online-ivectors=scp:./ivector/imda-part2/ivector_online.scp --online-ivector-period=10 --frame-subsampling-factor=3 --frames-per-chunk=50 --extra-left-context=0 --extra-right-context=0 --extra-left-context-initial=-1 --extra-right-context-final=-1 --minimize=false --max-active=7000 --min-active=200 --beam=15.0 --lattice-beam=8.0 --acoustic-scale=1.0 --allow-partial=true --word-symbol-table=/home3/ztkyaw/w2021/deliverables/contrast-zin-dev/output/expEX2/graph/words.txt /home3/ztkyaw/w2021/deliverables/contrast-zin-dev/baseline/tdnnf-transfer-sp/final.mdl /home3/ztkyaw/w2021/deliverables/contrast-zin-dev/output/expEX2/graph/HCLG.fst 'ark,s,cs:apply-cmvn --norm-means=false --norm-vars=false --utt2spk=ark:./data/imda-part2/mfcc-hires/split10/10/utt2spk scp:./data/imda-part2/mfcc-hires/split10/10/cmvn.scp scp:./data/imda-part2/mfcc-hires/split10/10/feats.scp ark:- |' 'ark:|lattice-scale --acoustic-scale=10.0 ark:- ark:- | gzip -c >/home3/ztkyaw/w2021/deliverables/contrast-zin-dev/baseline/tdnnf-transfer-sp/decode_imda-part2_1629889191-hw_lmg/lat.10.gz' 
LOG (nnet3-latgen-faster[5.5.888~1-d619]:RemoveOrphanNodes():nnet-nnet.cc:948) Removed 1 orphan nodes.
LOG (nnet3-latgen-faster[5.5.888~1-d619]:RemoveOrphanComponents():nnet-nnet.cc:847) Removing 2 orphan components.
LOG (nnet3-latgen-faster[5.5.888~1-d619]:Collapse():nnet-utils.cc:1488) Added 1 components, removed 2
apply-cmvn --norm-means=false --norm-vars=false --utt2spk=ark:./data/imda-part2/mfcc-hires/split10/10/utt2spk scp:./data/imda-part2/mfcc-hires/split10/10/cmvn.scp scp:./data/imda-part2/mfcc-hires/split10/10/feats.scp ark:- 
lattice-scale --acoustic-scale=10.0 ark:- ark:- 
LOG (nnet3-latgen-faster[5.5.888~1-d619]:CheckAndFixConfigs():nnet-am-decodable-simple.cc:294) Increasing --frames-per-chunk from 50 to 51 to make it a multiple of --frame-subsampling-factor=3
nsc-part2-chn0-spk10373155inf-031550016 how long really tick to walk to __Bukit_Batok_West 
LOG (nnet3-latgen-faster[5.5.888~1-d619]:DecodeUtteranceLatticeFaster():decoder-wrappers.cc:375) Log-like per frame for utterance nsc-part2-chn0-spk10373155inf-031550016 is 1.47539 over 159 frames.
nsc-part2-chn0-spk10373155inf-031550173 bear __Secondary_School __Marina_Bay_Sands and __Seletar_Link 
LOG (nnet3-latgen-faster[5.5.888~1-d619]:DecodeUtteranceLatticeFaster():decoder-wrappers.cc:375) Log-like per frame for utterance nsc-part2-chn0-spk10373155inf-031550173 is 1.78092 over 181 frames.
nsc-part2-chn0-spk10373155inf-031550191 please slope for she turn renew reach __Kampong_Glam 
LOG (nnet3-latgen-faster[5.5.888~1-d619]:DecodeUtteranceLatticeFaster():decoder-wrappers.cc:375) Log-like per frame for utterance nsc-part2-chn0-spk10373155inf-031550191 is 1.52467 over 161 frames.
nsc-part2-chn0-spk10373155inf-031550242 __Beach_Road __Aljunied_Crescent and __Sengkang_East_Way avenue 
LOG (nnet3-latgen-faster[5.5.888~1-d619]:DecodeUtteranceLatticeFaster():decoder-wrappers.cc:375) Log-like per frame for utterance nsc-part2-chn0-spk10373155inf-031550242 is 1.62273 over 170 frames.
nsc-part2-chn0-spk10373155inf-031550247 __Changi_Business_Park_Vista __Gan_Eng_Seng school and __Bedok_North 
LOG (nnet3-latgen-faster[5.5.888~1-d619]:DecodeUtteranceLatticeFaster():decoder-wrappers.cc:375) Log-like per frame for utterance nsc-part2-chn0-spk10373155inf-031550247 is 1.68325 over 205 frames.
nsc-part2-chn0-spk10373155inf-031550251 click ah potong road and permanent __Jurong_Port 
LOG (nnet3-latgen-faster[5.5.888~1-d619]:DecodeUtteranceLatticeFaster():decoder-wrappers.cc:375) Log-like per frame for utterance nsc-part2-chn0-spk10373155inf-031550251 is 1.48476 over 188 frames.
nsc-part2-chn0-spk10373155inf-031550257 can tick above to __Spring_Street 
LOG (nnet3-latgen-faster[5.5.888~1-d619]:DecodeUtteranceLatticeFaster():decoder-wrappers.cc:375) Log-like per frame for utterance nsc-part2-chn0-spk10373155inf-031550257 is 1.67825 over 111 frames.
nsc-part2-chn0-spk10373155inf-031550294 __Seletar_Close helpful serang temple in __Singapore_Botanic_Gardens 
LOG (nnet3-latgen-faster[5.5.888~1-d619]:DecodeUtteranceLatticeFaster():decoder-wrappers.cc:375) Log-like per frame for utterance nsc-part2-chn0-spk10373155inf-031550294 is 1.52004 over 262 frames.
nsc-part2-chn0-spk10373155inf-031550298 permit is dropping me of it summon country call 
LOG (nnet3-latgen-faster[5.5.888~1-d619]:DecodeUtteranceLatticeFaster():decoder-wrappers.cc:375) Log-like per frame for utterance nsc-part2-chn0-spk10373155inf-031550298 is 1.42 over 154 frames.
nsc-part2-chn0-spk10373155inf-031550302 __Wong_Chin_Yoke_Road __Upper_Serangoon via adopt and __Upper_Bukit_Timah 
LOG (nnet3-latgen-faster[5.5.888~1-d619]:DecodeUtteranceLatticeFaster():decoder-wrappers.cc:375) Log-like per frame for utterance nsc-part2-chn0-spk10373155inf-031550302 is 1.57046 over 204 frames.
nsc-part2-chn0-spk10373155inf-031550384 __Bukit_Batok_East avenue __Lorong_Sinaran and __Jalan_Siap 
LOG (nnet3-latgen-faster[5.5.888~1-d619]:DecodeUtteranceLatticeFaster():decoder-wrappers.cc:375) Log-like per frame for utterance nsc-part2-chn0-spk10373155inf-031550384 is 1.74017 over 181 frames.
nsc-part2-chn0-spk10373155inf-031550439 __Lichi_Avenue __Bukit_Batok_Avenue_West in __Joan_Road 
LOG (nnet3-latgen-faster[5.5.888~1-d619]:DecodeUtteranceLatticeFaster():decoder-wrappers.cc:375) Log-like per frame for utterance nsc-part2-chn0-spk10373155inf-031550439 is 1.56337 over 180 frames.
nsc-part2-chn0-spk10373155inf-031551571 number primary school __Dinding_Place and apart __Aljunied_Road 
LOG (nnet3-latgen-faster[5.5.888~1-d619]:DecodeUtteranceLatticeFaster():decoder-wrappers.cc:375) Log-like per frame for utterance nsc-part2-chn0-spk10373155inf-031551571 is 1.6043 over 241 frames.
nsc-part2-chn0-spk10373155inf-031551610 __Bukit_Batok_West __Compassvale_Drive __Soon_Wing_Road 
LOG (nnet3-latgen-faster[5.5.888~1-d619]:DecodeUtteranceLatticeFaster():decoder-wrappers.cc:375) Log-like per frame for utterance nsc-part2-chn0-spk10373155inf-031551610 is 1.49567 over 171 frames.
nsc-part2-chn0-spk10373155inf-031551624 __Havelock_Road __Seletar_North lain one and __Inggu_Road 
LOG (nnet3-latgen-faster[5.5.888~1-d619]:DecodeUtteranceLatticeFaster():decoder-wrappers.cc:375) Log-like per frame for utterance nsc-part2-chn0-spk10373155inf-031551624 is 1.54316 over 171 frames.
nsc-part2-chn0-spk10373155inf-031551750 __Chan_Chun_Sing avenue __Marsiling_Road and send __Ho_Ling avenue 
LOG (nnet3-latgen-faster[5.5.888~1-d619]:DecodeUtteranceLatticeFaster():decoder-wrappers.cc:375) Log-like per frame for utterance nsc-part2-chn0-spk10373155inf-031551750 is 1.57144 over 209 frames.
nsc-part2-chn0-spk10373155inf-031551761 city back crackers badly lim and __Bukit_Batok_West avenue 
LOG (nnet3-latgen-faster[5.5.888~1-d619]:DecodeUtteranceLatticeFaster():decoder-wrappers.cc:375) Log-like per frame for utterance nsc-part2-chn0-spk10373155inf-031551761 is 1.48841 over 158 frames.
nsc-part2-chn0-spk10393116inm-031160049 __Yew_Tee post __Bukit_Timah_Plaza and child seven hotel 
LOG (nnet3-latgen-faster[5.5.888~1-d619]:DecodeUtteranceLatticeFaster():decoder-wrappers.cc:375) Log-like per frame for utterance nsc-part2-chn0-spk10393116inm-031160049 is 1.51534 over 185 frames.
nsc-part2-chn0-spk10393116inm-031160099 visa teras __Seletar_Hills_Drive landmark towel 
LOG (nnet3-latgen-faster[5.5.888~1-d619]:DecodeUtteranceLatticeFaster():decoder-wrappers.cc:375) Log-like per frame for utterance nsc-part2-chn0-spk10393116inm-031160099 is 1.5887 over 142 frames.
nsc-part2-chn0-spk10393116inm-031160121 am waiting for center to comeback from __Aljunied_Neighbourhood police post 
LOG (nnet3-latgen-faster[5.5.888~1-d619]:DecodeUtteranceLatticeFaster():decoder-wrappers.cc:375) Log-like per frame for utterance nsc-part2-chn0-spk10393116inm-031160121 is 1.79273 over 144 frames.
nsc-part2-chn0-spk10393116inm-031160164 what is assistance to __Kampong_Kayu_Road 
LOG (nnet3-latgen-faster[5.5.888~1-d619]:DecodeUtteranceLatticeFaster():decoder-wrappers.cc:375) Log-like per frame for utterance nsc-part2-chn0-spk10393116inm-031160164 is 1.45091 over 100 frames.
nsc-part2-chn0-spk10393116inm-031160173 __Jalan_Dua __Sembawang_Country_Club and __Hougang_Avenue b 
LOG (nnet3-latgen-faster[5.5.888~1-d619]:DecodeUtteranceLatticeFaster():decoder-wrappers.cc:375) Log-like per frame for utterance nsc-part2-chn0-spk10393116inm-031160173 is 1.70179 over 141 frames.
nsc-part2-chn0-spk10393116inm-031160191 please look for crisis avenue reach __Bukit_Batok_Central link 
LOG (nnet3-latgen-faster[5.5.888~1-d619]:DecodeUtteranceLatticeFaster():decoder-wrappers.cc:375) Log-like per frame for utterance nsc-part2-chn0-spk10393116inm-031160191 is 1.69055 over 127 frames.
nsc-part2-chn0-spk10393116inm-031160247 __University_Town __Bedok_Reservoir anything tong avenue 
LOG (nnet3-latgen-faster[5.5.888~1-d619]:DecodeUtteranceLatticeFaster():decoder-wrappers.cc:375) Log-like per frame for utterance nsc-part2-chn0-spk10393116inm-031160247 is 1.68825 over 127 frames.
nsc-part2-chn0-spk10393116inm-031160375 how do i get to screen question 
LOG (nnet3-latgen-faster[5.5.888~1-d619]:DecodeUtteranceLatticeFaster():decoder-wrappers.cc:375) Log-like per frame for utterance nsc-part2-chn0-spk10393116inm-031160375 is 1.38073 over 80 frames.
nsc-part2-chn0-spk10393116inm-031160411 area hotel notice postal and __Jurong_West __Geylang_Road 
LOG (nnet3-latgen-faster[5.5.888~1-d619]:DecodeUtteranceLatticeFaster():decoder-wrappers.cc:375) Log-like per frame for utterance nsc-part2-chn0-spk10393116inm-031160411 is 1.42191 over 121 frames.
nsc-part2-chn0-spk10393116inm-031160441 properly shelving may off at __Seletar_South_Road 
LOG (nnet3-latgen-faster[5.5.888~1-d619]:DecodeUtteranceLatticeFaster():decoder-wrappers.cc:375) Log-like per frame for utterance nsc-part2-chn0-spk10393116inm-031160441 is 1.42766 over 99 frames.
nsc-part2-chn0-spk10393116inm-031161480 __Starlight_Road and school assigned setting allergy 
LOG (nnet3-latgen-faster[5.5.888~1-d619]:DecodeUtteranceLatticeFaster():decoder-wrappers.cc:375) Log-like per frame for utterance nsc-part2-chn0-spk10393116inm-031161480 is 1.55403 over 128 frames.
nsc-part2-chn0-spk10393116inm-031161497 the __Fullerton_Bay hotel __Singapore_Bible __North_Spring primary school cartoon primary 
LOG (nnet3-latgen-faster[5.5.888~1-d619]:DecodeUtteranceLatticeFaster():decoder-wrappers.cc:375) Log-like per frame for utterance nsc-part2-chn0-spk10393116inm-031161497 is 1.54742 over 184 frames.
nsc-part2-chn0-spk10393116inm-031161580 who same urgent it time in do and __Ang_Mo_Kio __Janet_Lim onward 
LOG (nnet3-latgen-faster[5.5.888~1-d619]:DecodeUtteranceLatticeFaster():decoder-wrappers.cc:375) Log-like per frame for utterance nsc-part2-chn0-spk10393116inm-031161580 is 1.47033 over 212 frames.
nsc-part2-chn0-spk10393116inm-031161747 go temple __Cashew_Road and __Kampong_Chai_Chee 
LOG (nnet3-latgen-faster[5.5.888~1-d619]:DecodeUtteranceLatticeFaster():decoder-wrappers.cc:375) Log-like per frame for utterance nsc-part2-chn0-spk10393116inm-031161747 is 1.57935 over 126 frames.
nsc-part2-chn0-spk10393116inm-031161761 __Jalan_Manis __Marsiling_Neighbourhood police post and marriage methodist church 
LOG (nnet3-latgen-faster[5.5.888~1-d619]:DecodeUtteranceLatticeFaster():decoder-wrappers.cc:375) Log-like per frame for utterance nsc-part2-chn0-spk10393116inm-031161761 is 1.67651 over 174 frames.
nsc-part2-chn0-spk10393116inm-031161773 __Jalan_Lengkok_Sembawang cleaner crescent engine primary school 
LOG (nnet3-latgen-faster[5.5.888~1-d619]:DecodeUtteranceLatticeFaster():decoder-wrappers.cc:375) Log-like per frame for utterance nsc-part2-chn0-spk10393116inm-031161773 is 1.65255 over 176 frames.
nsc-part2-chn0-spk10512441mam-024410020 paint fried crispy been hoon rooster squeeze spring chicken and chicken pocket 
LOG (nnet3-latgen-faster[5.5.888~1-d619]:DecodeUtteranceLatticeFaster():decoder-wrappers.cc:375) Log-like per frame for utterance nsc-part2-chn0-spk10512441mam-024410020 is 1.36969 over 205 frames.
nsc-part2-chn0-spk10512441mam-024410032 __Sembawang_Terminal_Avenue three mainly three and all till street police station 
LOG (nnet3-latgen-faster[5.5.888~1-d619]:DecodeUtteranceLatticeFaster():decoder-wrappers.cc:375) Log-like per frame for utterance nsc-part2-chn0-spk10512441mam-024410032 is 1.35352 over 259 frames.
nsc-part2-chn0-spk10512441mam-024410071 select the faster subway to __Upper_Aljunied_Link 
LOG (nnet3-latgen-faster[5.5.888~1-d619]:DecodeUtteranceLatticeFaster():decoder-wrappers.cc:375) Log-like per frame for utterance nsc-part2-chn0-spk10512441mam-024410071 is 1.44759 over 127 frames.
nsc-part2-chn0-spk10512441mam-024410080 __Lorong_Siglap home capsule husband and __Kampong_Bugis_Crescent 
LOG (nnet3-latgen-faster[5.5.888~1-d619]:DecodeUtteranceLatticeFaster():decoder-wrappers.cc:375) Log-like per frame for utterance nsc-part2-chn0-spk10512441mam-024410080 is 1.42434 over 196 frames.
nsc-part2-chn0-spk10512441mam-024410100 how for away is letter country club from here 
LOG (nnet3-latgen-faster[5.5.888~1-d619]:DecodeUtteranceLatticeFaster():decoder-wrappers.cc:375) Log-like per frame for utterance nsc-part2-chn0-spk10512441mam-024410100 is 1.31108 over 124 frames.
nsc-part2-chn0-spk10512441mam-024410118 __Chinatown_Complex __Trevose_Place morning __Secondary_School 
LOG (nnet3-latgen-faster[5.5.888~1-d619]:DecodeUtteranceLatticeFaster():decoder-wrappers.cc:375) Log-like per frame for utterance nsc-part2-chn0-spk10512441mam-024410118 is 1.51127 over 182 frames.
nsc-part2-chn0-spk10512441mam-024410162 __National_Arts_Council __Bukit_Batok_East avenue eight nine yang polyclinic 
LOG (nnet3-latgen-faster[5.5.888~1-d619]:DecodeUtteranceLatticeFaster():decoder-wrappers.cc:375) Log-like per frame for utterance nsc-part2-chn0-spk10512441mam-024410162 is 1.38352 over 205 frames.
nsc-part2-chn0-spk10512441mam-024410204 can i __Jalan_Simpang_Bedok 
LOG (nnet3-latgen-faster[5.5.888~1-d619]:DecodeUtteranceLatticeFaster():decoder-wrappers.cc:375) Log-like per frame for utterance nsc-part2-chn0-spk10512441mam-024410204 is 1.38437 over 123 frames.
nsc-part2-chn0-spk10512441mam-024410325 __Geylang_Bahru __Wishart_Road and maternity school 
LOG (nnet3-latgen-faster[5.5.888~1-d619]:DecodeUtteranceLatticeFaster():decoder-wrappers.cc:375) Log-like per frame for utterance nsc-part2-chn0-spk10512441mam-024410325 is 1.43904 over 155 frames.
nsc-part2-chn0-spk10512441mam-024410384 __Buangkok_View __Management_Development_Institute_Of_Singapore and __Jalan_Ulu_Sembawang 
LOG (nnet3-latgen-faster[5.5.888~1-d619]:DecodeUtteranceLatticeFaster():decoder-wrappers.cc:375) Log-like per frame for utterance nsc-part2-chn0-spk10512441mam-024410384 is 1.52016 over 211 frames.
nsc-part2-chn0-spk10512441mam-024410436 __Claymore_Road 
LOG (nnet3-latgen-faster[5.5.888~1-d619]:DecodeUtteranceLatticeFaster():decoder-wrappers.cc:375) Log-like per frame for utterance nsc-part2-chn0-spk10512441mam-024410436 is 1.29156 over 122 frames.
nsc-part2-chn0-spk10512441mam-024411669 select 
LOG (nnet3-latgen-faster[5.5.888~1-d619]:DecodeUtteranceLatticeFaster():decoder-wrappers.cc:375) Log-like per frame for utterance nsc-part2-chn0-spk10512441mam-024411669 is 1.19982 over 104 frames.
nsc-part2-chn0-spk10512441mam-024411695 __Havelock_Road and __Jalan_Lembah_Bedok 
LOG (nnet3-latgen-faster[5.5.888~1-d619]:DecodeUtteranceLatticeFaster():decoder-wrappers.cc:375) Log-like per frame for utterance nsc-part2-chn0-spk10512441mam-024411695 is 1.35673 over 145 frames.
nsc-part2-chn0-spk10512441mam-024411756 multiplication because and one to avenue 
LOG (nnet3-latgen-faster[5.5.888~1-d619]:DecodeUtteranceLatticeFaster():decoder-wrappers.cc:375) Log-like per frame for utterance nsc-part2-chn0-spk10512441mam-024411756 is 1.22516 over 186 frames.
nsc-part2-chn0-spk10522435mam-024350080 __Upper_Seletar_Reservoir __Balmoral_Crescent __Sloane_Court_Hotel 
LOG (nnet3-latgen-faster[5.5.888~1-d619]:DecodeUtteranceLatticeFaster():decoder-wrappers.cc:375) Log-like per frame for utterance nsc-part2-chn0-spk10522435mam-024350080 is 1.31351 over 185 frames.
nsc-part2-chn0-spk10522435mam-024350111 __Countryside_View __Bukit_Batok_Central __Plaza_Singapura 
LOG (nnet3-latgen-faster[5.5.888~1-d619]:DecodeUtteranceLatticeFaster():decoder-wrappers.cc:375) Log-like per frame for utterance nsc-part2-chn0-spk10522435mam-024350111 is 1.28804 over 153 frames.
nsc-part2-chn0-spk10522435mam-024350164 when __Kampong_Bugis 
LOG (nnet3-latgen-faster[5.5.888~1-d619]:DecodeUtteranceLatticeFaster():decoder-wrappers.cc:375) Log-like per frame for utterance nsc-part2-chn0-spk10522435mam-024350164 is 1.16152 over 103 frames.
nsc-part2-chn0-spk10522435mam-024350181 how far way __Bedok_Lighthouse from here 
LOG (nnet3-latgen-faster[5.5.888~1-d619]:DecodeUtteranceLatticeFaster():decoder-wrappers.cc:375) Log-like per frame for utterance nsc-part2-chn0-spk10522435mam-024350181 is 1.37346 over 110 frames.
nsc-part2-chn0-spk10522435mam-024350239 __Jalan_Boon_Lay 
LOG (nnet3-latgen-faster[5.5.888~1-d619]:DecodeUtteranceLatticeFaster():decoder-wrappers.cc:375) Log-like per frame for utterance nsc-part2-chn0-spk10522435mam-024350239 is 1.25915 over 94 frames.
nsc-part2-chn0-spk10522435mam-024350268 farm avenue few found __Yishun_Central industrial estate 
LOG (nnet3-latgen-faster[5.5.888~1-d619]:DecodeUtteranceLatticeFaster():decoder-wrappers.cc:375) Log-like per frame for utterance nsc-part2-chn0-spk10522435mam-024350268 is 1.29306 over 184 frames.
nsc-part2-chn0-spk10522435mam-024350297 __Hussein_Aljunied child 
LOG (nnet3-latgen-faster[5.5.888~1-d619]:DecodeUtteranceLatticeFaster():decoder-wrappers.cc:375) Log-like per frame for utterance nsc-part2-chn0-spk10522435mam-024350297 is 1.19327 over 166 frames.
nsc-part2-chn0-spk10522435mam-024350302 __Jervois_Hill __Geylang_Bahru_Terrace and __Jalan_Gemala 
LOG (nnet3-latgen-faster[5.5.888~1-d619]:DecodeUtteranceLatticeFaster():decoder-wrappers.cc:375) Log-like per frame for utterance nsc-part2-chn0-spk10522435mam-024350302 is 1.40333 over 145 frames.
nsc-part2-chn0-spk10522435mam-024350325 __Safra_Punggol __Jalan_Kampong_Chantek avenue 
LOG (nnet3-latgen-faster[5.5.888~1-d619]:DecodeUtteranceLatticeFaster():decoder-wrappers.cc:375) Log-like per frame for utterance nsc-part2-chn0-spk10522435mam-024350325 is 1.34387 over 181 frames.
nsc-part2-chn0-spk10522435mam-024350400 please look __Peace_Centre 
LOG (nnet3-latgen-faster[5.5.888~1-d619]:DecodeUtteranceLatticeFaster():decoder-wrappers.cc:375) Log-like per frame for utterance nsc-part2-chn0-spk10522435mam-024350400 is 1.16628 over 160 frames.
nsc-part2-chn0-spk10522435mam-024351472 next __Bukit_Timah __Shopping_Centre hotel 
LOG (nnet3-latgen-faster[5.5.888~1-d619]:DecodeUtteranceLatticeFaster():decoder-wrappers.cc:375) Log-like per frame for utterance nsc-part2-chn0-spk10522435mam-024351472 is 1.31416 over 154 frames.
nsc-part2-chn0-spk10522435mam-024351639 heritage central 
LOG (nnet3-latgen-faster[5.5.888~1-d619]:DecodeUtteranceLatticeFaster():decoder-wrappers.cc:375) Log-like per frame for utterance nsc-part2-chn0-spk10522435mam-024351639 is 1.17741 over 152 frames.
nsc-part2-chn0-spk10522435mam-024351661 
LOG (nnet3-latgen-faster[5.5.888~1-d619]:DecodeUtteranceLatticeFaster():decoder-wrappers.cc:375) Log-like per frame for utterance nsc-part2-chn0-spk10522435mam-024351661 is 1.14777 over 106 frames.
nsc-part2-chn0-spk10522435mam-024351858 waiting for comeback 
LOG (nnet3-latgen-faster[5.5.888~1-d619]:DecodeUtteranceLatticeFaster():decoder-wrappers.cc:375) Log-like per frame for utterance nsc-part2-chn0-spk10522435mam-024351858 is 1.17335 over 142 frames.
nsc-part2-chn0-spk10672487inm-024870049 __Old_Birdcage_Walk __Seletar_Hill is halfway and __Hock_Chuan bonus say 
LOG (nnet3-latgen-faster[5.5.888~1-d619]:DecodeUtteranceLatticeFaster():decoder-wrappers.cc:375) Log-like per frame for utterance nsc-part2-chn0-spk10672487inm-024870049 is 1.4278 over 185 frames.
nsc-part2-chn0-spk10672487inm-024870100 alpha away is __West_Spring from here 
LOG (nnet3-latgen-faster[5.5.888~1-d619]:DecodeUtteranceLatticeFaster():decoder-wrappers.cc:375) Log-like per frame for utterance nsc-part2-chn0-spk10672487inm-024870100 is 1.39205 over 100 frames.
nsc-part2-chn0-spk10672487inm-024870134 __Selarang_Road orchard plaza and __Sembawang_Terminal_Road h 
LOG (nnet3-latgen-faster[5.5.888~1-d619]:DecodeUtteranceLatticeFaster():decoder-wrappers.cc:375) Log-like per frame for utterance nsc-part2-chn0-spk10672487inm-024870134 is 1.53262 over 261 frames.
nsc-part2-chn0-spk10672487inm-024870175 other history __Compassvale_Road 
LOG (nnet3-latgen-faster[5.5.888~1-d619]:DecodeUtteranceLatticeFaster():decoder-wrappers.cc:375) Log-like per frame for utterance nsc-part2-chn0-spk10672487inm-024870175 is 1.28002 over 121 frames.
nsc-part2-chn0-spk10672487inm-024870196 i meeting access at __Bedok_Lighthouse first 
LOG (nnet3-latgen-faster[5.5.888~1-d619]:DecodeUtteranceLatticeFaster():decoder-wrappers.cc:375) Log-like per frame for utterance nsc-part2-chn0-spk10672487inm-024870196 is 1.41152 over 118 frames.
nsc-part2-chn0-spk10672487inm-024870257 credit birth to __Marsiling_Drive 
LOG (nnet3-latgen-faster[5.5.888~1-d619]:DecodeUtteranceLatticeFaster():decoder-wrappers.cc:375) Log-like per frame for utterance nsc-part2-chn0-spk10672487inm-024870257 is 1.33053 over 92 frames.
nsc-part2-chn0-spk10672487inm-024870299 company neighborhood police post accountant __Jalan_Sabit department and __Cranborne_Road 
LOG (nnet3-latgen-faster[5.5.888~1-d619]:DecodeUtteranceLatticeFaster():decoder-wrappers.cc:375) Log-like per frame for utterance nsc-part2-chn0-spk10672487inm-024870299 is 1.57122 over 243 frames.
nsc-part2-chn0-spk10672487inm-024870323 __Geylang_Road __Movenpick_Heritage hotel and __Upper_Aljunied_Road 
LOG (nnet3-latgen-faster[5.5.888~1-d619]:DecodeUtteranceLatticeFaster():decoder-wrappers.cc:375) Log-like per frame for utterance nsc-part2-chn0-spk10672487inm-024870323 is 1.58594 over 174 frames.
nsc-part2-chn0-spk10672487inm-024870418 officer __Bukit_Batok_Avenue central __Gallop_Park 
LOG (nnet3-latgen-faster[5.5.888~1-d619]:DecodeUtteranceLatticeFaster():decoder-wrappers.cc:375) Log-like per frame for utterance nsc-part2-chn0-spk10672487inm-024870418 is 1.22786 over 148 frames.
nsc-part2-chn0-spk10672487inm-024870436 __Old_Choa_Chu_Kang_Road angry needs person 
LOG (nnet3-latgen-faster[5.5.888~1-d619]:DecodeUtteranceLatticeFaster():decoder-wrappers.cc:375) Log-like per frame for utterance nsc-part2-chn0-spk10672487inm-024870436 is 1.32823 over 150 frames.
nsc-part2-chn0-spk10672487inm-024870439 from crescent __Sembawang_Terminal_Avenue __Wellington_Circle 
LOG (nnet3-latgen-faster[5.5.888~1-d619]:DecodeUtteranceLatticeFaster():decoder-wrappers.cc:375) Log-like per frame for utterance nsc-part2-chn0-spk10672487inm-024870439 is 1.28092 over 192 frames.
nsc-part2-chn0-spk10672487inm-024871584 __Lentor_Way __Lutheran_Road and __Bukit_Timah_Link 
LOG (nnet3-latgen-faster[5.5.888~1-d619]:DecodeUtteranceLatticeFaster():decoder-wrappers.cc:375) Log-like per frame for utterance nsc-part2-chn0-spk10672487inm-024871584 is 1.25263 over 124 frames.
nsc-part2-chn0-spk10672487inm-024871773 turn fee avenue __Seletar_Satellite say thirteen role 
LOG (nnet3-latgen-faster[5.5.888~1-d619]:DecodeUtteranceLatticeFaster():decoder-wrappers.cc:375) Log-like per frame for utterance nsc-part2-chn0-spk10672487inm-024871773 is 1.26489 over 223 frames.
nsc-part2-chn0-spk10672487inm-024871859 __Upper_Seletar_Reservoir __Sennett_Road schooled technology 
LOG (nnet3-latgen-faster[5.5.888~1-d619]:DecodeUtteranceLatticeFaster():decoder-wrappers.cc:375) Log-like per frame for utterance nsc-part2-chn0-spk10672487inm-024871859 is 1.26689 over 142 frames.
nsc-part2-chn0-spk10692513inm-025130009 how long related walk to __Geylang_Methodist_School 
LOG (nnet3-latgen-faster[5.5.888~1-d619]:DecodeUtteranceLatticeFaster():decoder-wrappers.cc:375) Log-like per frame for utterance nsc-part2-chn0-spk10692513inm-025130009 is 1.53229 over 127 frames.
nsc-part2-chn0-spk10692513inm-025130049 __Hai_Sing_Crescent __Kampong_Bugis __Teban_Garden post office 
LOG (nnet3-latgen-faster[5.5.888~1-d619]:DecodeUtteranceLatticeFaster():decoder-wrappers.cc:375) Log-like per frame for utterance nsc-part2-chn0-spk10692513inm-025130049 is 1.39106 over 185 frames.
nsc-part2-chn0-spk10692513inm-025130173 selected airport __Jalan_Binjai any 
LOG (nnet3-latgen-faster[5.5.888~1-d619]:DecodeUtteranceLatticeFaster():decoder-wrappers.cc:375) Log-like per frame for utterance nsc-part2-chn0-spk10692513inm-025130173 is 1.30279 over 158 frames.
nsc-part2-chn0-spk10692513inm-025130212 __Singapore_Art_Museum __Platina_Road and __Sembawang_God_Of_Wealth sample 
LOG (nnet3-latgen-faster[5.5.888~1-d619]:DecodeUtteranceLatticeFaster():decoder-wrappers.cc:375) Log-like per frame for utterance nsc-part2-chn0-spk10692513inm-025130212 is 1.33151 over 210 frames.
nsc-part2-chn0-spk10692513inm-025130239 where is __Jalan_Langgar_Bedok 
LOG (nnet3-latgen-faster[5.5.888~1-d619]:DecodeUtteranceLatticeFaster():decoder-wrappers.cc:375) Log-like per frame for utterance nsc-part2-chn0-spk10692513inm-025130239 is 1.57967 over 100 frames.
nsc-part2-chn0-spk10692513inm-025130296 __Hussein_Aljunied 
LOG (nnet3-latgen-faster[5.5.888~1-d619]:DecodeUtteranceLatticeFaster():decoder-wrappers.cc:375) Log-like per frame for utterance nsc-part2-chn0-spk10692513inm-025130296 is 1.35991 over 83 frames.
nsc-part2-chn0-spk10692513inm-025130411 avenue __Bukit_Batok clinic __Sri_Murugan_Hill_Temple 
LOG (nnet3-latgen-faster[5.5.888~1-d619]:DecodeUtteranceLatticeFaster():decoder-wrappers.cc:375) Log-like per frame for utterance nsc-part2-chn0-spk10692513inm-025130411 is 1.37805 over 211 frames.
nsc-part2-chn0-spk10692513inm-025130418 dot __Sembawang_Country_Club inform avenue 
LOG (nnet3-latgen-faster[5.5.888~1-d619]:DecodeUtteranceLatticeFaster():decoder-wrappers.cc:375) Log-like per frame for utterance nsc-part2-chn0-spk10692513inm-025130418 is 1.37735 over 157 frames.
nsc-part2-chn0-spk10692513inm-025131461 please 
LOG (nnet3-latgen-faster[5.5.888~1-d619]:DecodeUtteranceLatticeFaster():decoder-wrappers.cc:375) Log-like per frame for utterance nsc-part2-chn0-spk10692513inm-025131461 is 1.2678 over 106 frames.
nsc-part2-chn0-spk10692513inm-025131547 __National_Neuroscience_Institute_Of_Singapore __Puat_Jit_Buddhist tempo is friend 
LOG (nnet3-latgen-faster[5.5.888~1-d619]:DecodeUtteranceLatticeFaster():decoder-wrappers.cc:375) Log-like per frame for utterance nsc-part2-chn0-spk10692513inm-025131547 is 1.3798 over 219 frames.
nsc-part2-chn0-spk10692513inm-025131592 second link see __Upper_Bukit_Timah 
LOG (nnet3-latgen-faster[5.5.888~1-d619]:DecodeUtteranceLatticeFaster():decoder-wrappers.cc:375) Log-like per frame for utterance nsc-part2-chn0-spk10692513inm-025131592 is 1.28531 over 244 frames.
nsc-part2-chn0-spk10692513inm-025131695 __Brani_Drive seven __Kampong_Kapor_Road 
LOG (nnet3-latgen-faster[5.5.888~1-d619]:DecodeUtteranceLatticeFaster():decoder-wrappers.cc:375) Log-like per frame for utterance nsc-part2-chn0-spk10692513inm-025131695 is 1.28606 over 179 frames.
nsc-part2-chn0-spk10692513inm-025131750 avenue __Outram_Park 
LOG (nnet3-latgen-faster[5.5.888~1-d619]:DecodeUtteranceLatticeFaster():decoder-wrappers.cc:375) Log-like per frame for utterance nsc-part2-chn0-spk10692513inm-025131750 is 1.26758 over 130 frames.
nsc-part2-chn0-spk10692513inm-025131882 can dan medical center __Lorong_Buangkok and __Seletar_Hills_Drive 
LOG (nnet3-latgen-faster[5.5.888~1-d619]:DecodeUtteranceLatticeFaster():decoder-wrappers.cc:375) Log-like per frame for utterance nsc-part2-chn0-spk10692513inm-025131882 is 1.39752 over 177 frames.
nsc-part2-chn0-spk14443161otm-031610032 __Seletar_North lin one __Jalan_Kesoma and the clement hotel 
LOG (nnet3-latgen-faster[5.5.888~1-d619]:DecodeUtteranceLatticeFaster():decoder-wrappers.cc:375) Log-like per frame for utterance nsc-part2-chn0-spk14443161otm-031610032 is 1.63209 over 200 frames.
nsc-part2-chn0-spk14443161otm-031610046 giant spring home anecdotal 
LOG (nnet3-latgen-faster[5.5.888~1-d619]:DecodeUtteranceLatticeFaster():decoder-wrappers.cc:375) Log-like per frame for utterance nsc-part2-chn0-spk14443161otm-031610046 is 1.60425 over 102 frames.
nsc-part2-chn0-spk14443161otm-031610049 __Marsiling_Rise and us medical school and __Bukit_Merah central post office 
LOG (nnet3-latgen-faster[5.5.888~1-d619]:DecodeUtteranceLatticeFaster():decoder-wrappers.cc:375) Log-like per frame for utterance nsc-part2-chn0-spk14443161otm-031610049 is 1.75499 over 178 frames.
nsc-part2-chn0-spk14443161otm-031610080 someone __Jurong_East_Avenue and __Toa_Payoh __Lorong_Gambas 
LOG (nnet3-latgen-faster[5.5.888~1-d619]:DecodeUtteranceLatticeFaster():decoder-wrappers.cc:375) Log-like per frame for utterance nsc-part2-chn0-spk14443161otm-031610080 is 1.78623 over 153 frames.
nsc-part2-chn0-spk14443161otm-031610100 how far away is __Aljunied_Neighbourhood police post from here 
LOG (nnet3-latgen-faster[5.5.888~1-d619]:DecodeUtteranceLatticeFaster():decoder-wrappers.cc:375) Log-like per frame for utterance nsc-part2-chn0-spk14443161otm-031610100 is 1.88291 over 141 frames.
nsc-part2-chn0-spk14443161otm-031610118 sign spark __Bedok_Green primary school international school 
LOG (nnet3-latgen-faster[5.5.888~1-d619]:DecodeUtteranceLatticeFaster():decoder-wrappers.cc:375) Log-like per frame for utterance nsc-part2-chn0-spk14443161otm-031610118 is 1.68257 over 170 frames.
nsc-part2-chn0-spk14443161otm-031610173 __Punggol_Avenue __Tagore_Road and coupon would be neighborhood police post 
LOG (nnet3-latgen-faster[5.5.888~1-d619]:DecodeUtteranceLatticeFaster():decoder-wrappers.cc:375) Log-like per frame for utterance nsc-part2-chn0-spk14443161otm-031610173 is 1.66412 over 156 frames.
nsc-part2-chn0-spk14443161otm-031610212 __Bukit_Batok_West avenue __Arts_Link __Tamarind_Avenue 
LOG (nnet3-latgen-faster[5.5.888~1-d619]:DecodeUtteranceLatticeFaster():decoder-wrappers.cc:375) Log-like per frame for utterance nsc-part2-chn0-spk14443161otm-031610212 is 1.8197 over 148 frames.
nsc-part2-chn0-spk14443161otm-031610228 could tell me way to __Geylang_Square 
LOG (nnet3-latgen-faster[5.5.888~1-d619]:DecodeUtteranceLatticeFaster():decoder-wrappers.cc:375) Log-like per frame for utterance nsc-part2-chn0-spk14443161otm-031610228 is 1.8075 over 92 frames.
nsc-part2-chn0-spk14443161otm-031610325 __Chin_Chew_Street __Taman_Bedok and __Swiss_Club_Link 
LOG (nnet3-latgen-faster[5.5.888~1-d619]:DecodeUtteranceLatticeFaster():decoder-wrappers.cc:375) Log-like per frame for utterance nsc-part2-chn0-spk14443161otm-031610325 is 1.8599 over 134 frames.
nsc-part2-chn0-spk14443161otm-031610412 find the phases way to __Sungei_Bedok 
LOG (nnet3-latgen-faster[5.5.888~1-d619]:DecodeUtteranceLatticeFaster():decoder-wrappers.cc:375) Log-like per frame for utterance nsc-part2-chn0-spk14443161otm-031610412 is 1.55027 over 90 frames.
nsc-part2-chn0-spk14443161otm-031611582 __Boon_Teck_Road the __Seletar_North student health care 
LOG (nnet3-latgen-faster[5.5.888~1-d619]:DecodeUtteranceLatticeFaster():decoder-wrappers.cc:375) Log-like per frame for utterance nsc-part2-chn0-spk14443161otm-031611582 is 1.64616 over 115 frames.
nsc-part2-chn0-spk14443161otm-031611610 __Jalan_Jong __Bukit_Timah post office and __Chong_Pang avenue 
LOG (nnet3-latgen-faster[5.5.888~1-d619]:DecodeUtteranceLatticeFaster():decoder-wrappers.cc:375) Log-like per frame for utterance nsc-part2-chn0-spk14443161otm-031611610 is 1.79011 over 127 frames.
nsc-part2-chn0-spk14443161otm-031611716 __Bukit_Batok_East avenue would detect park and fault short 
LOG (nnet3-latgen-faster[5.5.888~1-d619]:DecodeUtteranceLatticeFaster():decoder-wrappers.cc:375) Log-like per frame for utterance nsc-part2-chn0-spk14443161otm-031611716 is 1.64198 over 128 frames.
nsc-part2-chn0-spk14443161otm-031611855 domino where is __Kampong_Arang_Road 
LOG (nnet3-latgen-faster[5.5.888~1-d619]:DecodeUtteranceLatticeFaster():decoder-wrappers.cc:375) Log-like per frame for utterance nsc-part2-chn0-spk14443161otm-031611855 is 1.35481 over 95 frames.
nsc-part2-chn0-spk14443161otm-031611875 __Choon_Guan_Street spring do please and __John_Le_Cain temple 
LOG (nnet3-latgen-faster[5.5.888~1-d619]:DecodeUtteranceLatticeFaster():decoder-wrappers.cc:375) Log-like per frame for utterance nsc-part2-chn0-spk14443161otm-031611875 is 1.48418 over 137 frames.
nsc-part2-chn0-spk14463163inf-031630035 __Hussein_Aljunied __Ang_Peng_Tiam in __Chong_Pang u food child least 
LOG (nnet3-latgen-faster[5.5.888~1-d619]:DecodeUtteranceLatticeFaster():decoder-wrappers.cc:375) Log-like per frame for utterance nsc-part2-chn0-spk14463163inf-031630035 is 1.39242 over 224 frames.
nsc-part2-chn0-spk14463163inf-031630049 __Jurong_West central __Geylang_East_Central and __Jalan_Shaer k 
LOG (nnet3-latgen-faster[5.5.888~1-d619]:DecodeUtteranceLatticeFaster():decoder-wrappers.cc:375) Log-like per frame for utterance nsc-part2-chn0-spk14463163inf-031630049 is 1.59456 over 205 frames.
nsc-part2-chn0-spk14463163inf-031630118 __Bukit_Timah avenue __Paya_Lebar_Place and __Yuan_Ching __Secondary_School 
LOG (nnet3-latgen-faster[5.5.888~1-d619]:DecodeUtteranceLatticeFaster():decoder-wrappers.cc:375) Log-like per frame for utterance nsc-part2-chn0-spk14463163inf-031630118 is 1.54146 over 280 frames.
nsc-part2-chn0-spk14463163inf-031630136 and __Sennett_Road tuan avenue and __Marsiling_Crescent 
LOG (nnet3-latgen-faster[5.5.888~1-d619]:DecodeUtteranceLatticeFaster():decoder-wrappers.cc:375) Log-like per frame for utterance nsc-part2-chn0-spk14463163inf-031630136 is 1.53642 over 172 frames.
nsc-part2-chn0-spk14463163inf-031630162 __Bukit_Batok crescent __Tras_Street and __Seletar_Close 
LOG (nnet3-latgen-faster[5.5.888~1-d619]:DecodeUtteranceLatticeFaster():decoder-wrappers.cc:375) Log-like per frame for utterance nsc-part2-chn0-spk14463163inf-031630162 is 1.60093 over 260 frames.
nsc-part2-chn0-spk14463163inf-031630191 please look for only whenever reach __Kampong_Kembangan neighborhood police post 
LOG (nnet3-latgen-faster[5.5.888~1-d619]:DecodeUtteranceLatticeFaster():decoder-wrappers.cc:375) Log-like per frame for utterance nsc-part2-chn0-spk14463163inf-031630191 is 1.65497 over 206 frames.
nsc-part2-chn0-spk14463163inf-031630225 __Jalan_Lembah_Bedok 
LOG (nnet3-latgen-faster[5.5.888~1-d619]:DecodeUtteranceLatticeFaster():decoder-wrappers.cc:375) Log-like per frame for utterance nsc-part2-chn0-spk14463163inf-031630225 is 1.72 over 95 frames.
nsc-part2-chn0-spk14463163inf-031630287 highly chicken rise roster crispy spring chicken and fried pumpkin problem 
LOG (nnet3-latgen-faster[5.5.888~1-d619]:DecodeUtteranceLatticeFaster():decoder-wrappers.cc:375) Log-like per frame for utterance nsc-part2-chn0-spk14463163inf-031630287 is 1.50122 over 279 frames.
nsc-part2-chn0-spk14463163inf-031630296 __Sembawang_Tamil_Methodist church 
LOG (nnet3-latgen-faster[5.5.888~1-d619]:DecodeUtteranceLatticeFaster():decoder-wrappers.cc:375) Log-like per frame for utterance nsc-part2-chn0-spk14463163inf-031630296 is 1.44046 over 133 frames.
nsc-part2-chn0-spk14463163inf-031630384 __Taman_Jurong park __Hougang_Avenue six in __Chin_Swee east drive 
LOG (nnet3-latgen-faster[5.5.888~1-d619]:DecodeUtteranceLatticeFaster():decoder-wrappers.cc:375) Log-like per frame for utterance nsc-part2-chn0-spk14463163inf-031630384 is 1.55804 over 230 frames.
nsc-part2-chn0-spk14463163inf-031630405 i waiting for itself to comeback from __Chinatown_Point post office 
LOG (nnet3-latgen-faster[5.5.888~1-d619]:DecodeUtteranceLatticeFaster():decoder-wrappers.cc:375) Log-like per frame for utterance nsc-part2-chn0-spk14463163inf-031630405 is 1.58093 over 203 frames.
nsc-part2-chn0-spk14463163inf-031631480 biasness link __Bukit_Batok_East avenue and __Choa_Chu_Kang primary school 
LOG (nnet3-latgen-faster[5.5.888~1-d619]:DecodeUtteranceLatticeFaster():decoder-wrappers.cc:375) Log-like per frame for utterance nsc-part2-chn0-spk14463163inf-031631480 is 1.53455 over 266 frames.
nsc-part2-chn0-spk14463163inf-031631542 very or who birth hill and __Lim_Chong_Pang 
LOG (nnet3-latgen-faster[5.5.888~1-d619]:DecodeUtteranceLatticeFaster():decoder-wrappers.cc:375) Log-like per frame for utterance nsc-part2-chn0-spk14463163inf-031631542 is 1.39436 over 183 frames.
LOG (apply-cmvn[5.5.888~1-d619]:main():apply-cmvn.cc:81) Copied 122 utterances.
nsc-part2-chn0-spk14463163inf-031631584 __Soon_Wing_Road new __Upper_Changi_Road and compo __Avon_Road 
LOG (nnet3-latgen-faster[5.5.888~1-d619]:DecodeUtteranceLatticeFaster():decoder-wrappers.cc:375) Log-like per frame for utterance nsc-part2-chn0-spk14463163inf-031631584 is 1.44497 over 227 frames.
nsc-part2-chn0-spk14463163inf-031631652 can i saying the admiralty to __Kampong_Bugis_Crescent 
LOG (nnet3-latgen-faster[5.5.888~1-d619]:DecodeUtteranceLatticeFaster():decoder-wrappers.cc:375) Log-like per frame for utterance nsc-part2-chn0-spk14463163inf-031631652 is 1.44512 over 136 frames.
nsc-part2-chn0-spk14463163inf-031631794 which bus should i tick to __Sembawang_Vista 
LOG (nnet3-latgen-faster[5.5.888~1-d619]:DecodeUtteranceLatticeFaster():decoder-wrappers.cc:375) Log-like per frame for utterance nsc-part2-chn0-spk14463163inf-031631794 is 1.57172 over 135 frames.
nsc-part2-chn0-spk14463163inf-031631875 suddenly industrial park __Seletar_Hills_Drive and one noted avenue 
LOG (nnet3-latgen-faster[5.5.888~1-d619]:DecodeUtteranceLatticeFaster():decoder-wrappers.cc:375) Log-like per frame for utterance nsc-part2-chn0-spk14463163inf-031631875 is 1.56021 over 225 frames.
LOG (nnet3-latgen-faster[5.5.888~1-d619]:main():nnet3-latgen-faster.cc:256) Time taken 446.493s: real-time factor assuming 100 frames/sec is 0.746582
LOG (nnet3-latgen-faster[5.5.888~1-d619]:main():nnet3-latgen-faster.cc:259) Done 122 utterances, failed for 0
LOG (nnet3-latgen-faster[5.5.888~1-d619]:main():nnet3-latgen-faster.cc:261) Overall log-likelihood per frame is 1.47977 over 19935 frames.
LOG (nnet3-latgen-faster[5.5.888~1-d619]:~CachingOptimizingCompiler():nnet-optimize.cc:710) 0.682 seconds taken in nnet3 compilation total (breakdown: 0.471 compilation, 0.129 optimization, 0 shortcut expansion, 0.0241 checking, 0.000142 computing indexes, 0.0574 misc.) + 0 I/O.
LOG (lattice-scale[5.5.888~1-d619]:main():lattice-scale.cc:107) Done 122 lattices.
# Ended (code 0) at Wed Aug 25 19:08:06 +08 2021, elapsed time 494 seconds
