# nnet3-latgen-faster --online-ivectors=scp:./ivector/imda-part2/ivector_online.scp --online-ivector-period=10 --frame-subsampling-factor=3 --frames-per-chunk=50 --extra-left-context=0 --extra-right-context=0 --extra-left-context-initial=-1 --extra-right-context-final=-1 --minimize=false --max-active=7000 --min-active=200 --beam=15.0 --lattice-beam=8.0 --acoustic-scale=1.0 --allow-partial=true --word-symbol-table=/home3/ztkyaw/w2021/deliverables/contrast-zin-dev/output/expEX2/graph/words.txt /home3/ztkyaw/w2021/deliverables/contrast-zin-dev/baseline/tdnnf-transfer-sp/final.mdl /home3/ztkyaw/w2021/deliverables/contrast-zin-dev/output/expEX2/graph/HCLG.fst "ark,s,cs:apply-cmvn --norm-means=false --norm-vars=false --utt2spk=ark:./data/imda-part2/mfcc-hires/split10/2/utt2spk scp:./data/imda-part2/mfcc-hires/split10/2/cmvn.scp scp:./data/imda-part2/mfcc-hires/split10/2/feats.scp ark:- |" "ark:|lattice-scale --acoustic-scale=10.0 ark:- ark:- | gzip -c >/home3/ztkyaw/w2021/deliverables/contrast-zin-dev/baseline/tdnnf-transfer-sp/decode_imda-part2_1629889191-hw_lmg/lat.2.gz" 
# Invoked at Wed Aug 25 18:59:52 +08 2021 from node02
#
# Started at Wed Aug 25 19:00:39 +08 2021 on node08
nnet3-latgen-faster --online-ivectors=scp:./ivector/imda-part2/ivector_online.scp --online-ivector-period=10 --frame-subsampling-factor=3 --frames-per-chunk=50 --extra-left-context=0 --extra-right-context=0 --extra-left-context-initial=-1 --extra-right-context-final=-1 --minimize=false --max-active=7000 --min-active=200 --beam=15.0 --lattice-beam=8.0 --acoustic-scale=1.0 --allow-partial=true --word-symbol-table=/home3/ztkyaw/w2021/deliverables/contrast-zin-dev/output/expEX2/graph/words.txt /home3/ztkyaw/w2021/deliverables/contrast-zin-dev/baseline/tdnnf-transfer-sp/final.mdl /home3/ztkyaw/w2021/deliverables/contrast-zin-dev/output/expEX2/graph/HCLG.fst 'ark,s,cs:apply-cmvn --norm-means=false --norm-vars=false --utt2spk=ark:./data/imda-part2/mfcc-hires/split10/2/utt2spk scp:./data/imda-part2/mfcc-hires/split10/2/cmvn.scp scp:./data/imda-part2/mfcc-hires/split10/2/feats.scp ark:- |' 'ark:|lattice-scale --acoustic-scale=10.0 ark:- ark:- | gzip -c >/home3/ztkyaw/w2021/deliverables/contrast-zin-dev/baseline/tdnnf-transfer-sp/decode_imda-part2_1629889191-hw_lmg/lat.2.gz' 
LOG (nnet3-latgen-faster[5.5.888~1-d619]:RemoveOrphanNodes():nnet-nnet.cc:948) Removed 1 orphan nodes.
LOG (nnet3-latgen-faster[5.5.888~1-d619]:RemoveOrphanComponents():nnet-nnet.cc:847) Removing 2 orphan components.
LOG (nnet3-latgen-faster[5.5.888~1-d619]:Collapse():nnet-utils.cc:1488) Added 1 components, removed 2
apply-cmvn --norm-means=false --norm-vars=false --utt2spk=ark:./data/imda-part2/mfcc-hires/split10/2/utt2spk scp:./data/imda-part2/mfcc-hires/split10/2/cmvn.scp scp:./data/imda-part2/mfcc-hires/split10/2/feats.scp ark:- 
lattice-scale --acoustic-scale=10.0 ark:- ark:- 
LOG (nnet3-latgen-faster[5.5.888~1-d619]:CheckAndFixConfigs():nnet-am-decodable-simple.cc:294) Increasing --frames-per-chunk from 50 to 51 to make it a multiple of --frame-subsampling-factor=3
nsc-part2-chn0-spk03092658maf-026580080 __Yew_Tee_Point __Kampong_Kembangan neighborhood police post and age few __Secondary_School 
LOG (nnet3-latgen-faster[5.5.888~1-d619]:DecodeUtteranceLatticeFaster():decoder-wrappers.cc:375) Log-like per frame for utterance nsc-part2-chn0-spk03092658maf-026580080 is 1.5907 over 271 frames.
nsc-part2-chn0-spk03092658maf-026580111 __Boon_Lay neighborhood police post __Lewis_Road and __Upper_Bukit_Timah 
LOG (nnet3-latgen-faster[5.5.888~1-d619]:DecodeUtteranceLatticeFaster():decoder-wrappers.cc:375) Log-like per frame for utterance nsc-part2-chn0-spk03092658maf-026580111 is 1.68411 over 187 frames.
nsc-part2-chn0-spk03092658maf-026580197 what institute person way to __Kampong_Kayu_Road 
LOG (nnet3-latgen-faster[5.5.888~1-d619]:DecodeUtteranceLatticeFaster():decoder-wrappers.cc:375) Log-like per frame for utterance nsc-part2-chn0-spk03092658maf-026580197 is 1.38395 over 134 frames.
nsc-part2-chn0-spk03092658maf-026580273 is about thirty minus ward to __Bukit_Timah seven more 
LOG (nnet3-latgen-faster[5.5.888~1-d619]:DecodeUtteranceLatticeFaster():decoder-wrappers.cc:375) Log-like per frame for utterance nsc-part2-chn0-spk03092658maf-026580273 is 1.33887 over 148 frames.
nsc-part2-chn0-spk03092658maf-026580299 millennial towel mother sir what __Toa_Payoh __Al_Islamiah and __Taman_Jurong 
LOG (nnet3-latgen-faster[5.5.888~1-d619]:DecodeUtteranceLatticeFaster():decoder-wrappers.cc:375) Log-like per frame for utterance nsc-part2-chn0-spk03092658maf-026580299 is 1.42516 over 218 frames.
nsc-part2-chn0-spk03092658maf-026580311 how fault away is __Upper_Seletar_Reservoir from here 
LOG (nnet3-latgen-faster[5.5.888~1-d619]:DecodeUtteranceLatticeFaster():decoder-wrappers.cc:375) Log-like per frame for utterance nsc-part2-chn0-spk03092658maf-026580311 is 1.55762 over 127 frames.
nsc-part2-chn0-spk03092658maf-026580313 __Gopeng_Street __Bishan_Street eleven and north spring primary school 
LOG (nnet3-latgen-faster[5.5.888~1-d619]:DecodeUtteranceLatticeFaster():decoder-wrappers.cc:375) Log-like per frame for utterance nsc-part2-chn0-spk03092658maf-026580313 is 1.68172 over 217 frames.
nsc-part2-chn0-spk03092658maf-026580327 __Hussein_Aljunied __John_Fearns_Nicolls and u e mean recheck 
LOG (nnet3-latgen-faster[5.5.888~1-d619]:DecodeUtteranceLatticeFaster():decoder-wrappers.cc:375) Log-like per frame for utterance nsc-part2-chn0-spk03092658maf-026580327 is 1.42694 over 229 frames.
nsc-part2-chn0-spk03092658maf-026581497 __Sembawang_Wharves gate __Jiak_Chuan_Road and __Jalan_Nuri 
LOG (nnet3-latgen-faster[5.5.888~1-d619]:DecodeUtteranceLatticeFaster():decoder-wrappers.cc:375) Log-like per frame for utterance nsc-part2-chn0-spk03092658maf-026581497 is 1.43247 over 165 frames.
nsc-part2-chn0-spk03092658maf-026581519 select faster say to __Seletar_Close 
LOG (nnet3-latgen-faster[5.5.888~1-d619]:DecodeUtteranceLatticeFaster():decoder-wrappers.cc:375) Log-like per frame for utterance nsc-part2-chn0-spk03092658maf-026581519 is 1.45936 over 108 frames.
nsc-part2-chn0-spk03092658maf-026581607 ways __Bukit_Timah_Plaza 
LOG (nnet3-latgen-faster[5.5.888~1-d619]:DecodeUtteranceLatticeFaster():decoder-wrappers.cc:375) Log-like per frame for utterance nsc-part2-chn0-spk03092658maf-026581607 is 1.57745 over 80 frames.
nsc-part2-chn0-spk03092658maf-026581697 can i kit boss to __Bukit_Batok industrial par 
LOG (nnet3-latgen-faster[5.5.888~1-d619]:DecodeUtteranceLatticeFaster():decoder-wrappers.cc:375) Log-like per frame for utterance nsc-part2-chn0-spk03092658maf-026581697 is 1.49593 over 121 frames.
nsc-part2-chn0-spk03092658maf-026581716 zircon be shan viva pedestrian church loral nine __Geylang_Road and leg of green 
LOG (nnet3-latgen-faster[5.5.888~1-d619]:DecodeUtteranceLatticeFaster():decoder-wrappers.cc:375) Log-like per frame for utterance nsc-part2-chn0-spk03092658maf-026581716 is 1.49511 over 242 frames.
nsc-part2-chn0-spk03092658maf-026581893 __Jurong_West_Avenue __Bedok_North and warehouse portal 
LOG (nnet3-latgen-faster[5.5.888~1-d619]:DecodeUtteranceLatticeFaster():decoder-wrappers.cc:375) Log-like per frame for utterance nsc-part2-chn0-spk03092658maf-026581893 is 1.57218 over 130 frames.
nsc-part2-chn0-spk03192668maf-026680024 __Singapore_Sikh_Education_Foundation __Aljunied_Avenue five enroll shall at newton 
LOG (nnet3-latgen-faster[5.5.888~1-d619]:DecodeUtteranceLatticeFaster():decoder-wrappers.cc:375) Log-like per frame for utterance nsc-part2-chn0-spk03192668maf-026680024 is 1.53982 over 180 frames.
nsc-part2-chn0-spk03192668maf-026680099 the __Fullerton_Bay hotel spring __Singapore_Bible __Sim_Lim_Square 
LOG (nnet3-latgen-faster[5.5.888~1-d619]:DecodeUtteranceLatticeFaster():decoder-wrappers.cc:375) Log-like per frame for utterance nsc-part2-chn0-spk03192668maf-026680099 is 1.53291 over 142 frames.
nsc-part2-chn0-spk03192668maf-026680123 __Geylang_Road __Christalite_Methodist home and __Fuk_Tak_Chi museum 
LOG (nnet3-latgen-faster[5.5.888~1-d619]:DecodeUtteranceLatticeFaster():decoder-wrappers.cc:375) Log-like per frame for utterance nsc-part2-chn0-spk03192668maf-026680123 is 1.58566 over 161 frames.
nsc-part2-chn0-spk03192668maf-026680212 __Manila_Street __Fernvale_Lane and __North_Spring primary school 
LOG (nnet3-latgen-faster[5.5.888~1-d619]:DecodeUtteranceLatticeFaster():decoder-wrappers.cc:375) Log-like per frame for utterance nsc-part2-chn0-spk03192668maf-026680212 is 1.7652 over 144 frames.
nsc-part2-chn0-spk03192668maf-026680269 __Seletar_Court __Circular_Road and every at esplanade 
LOG (nnet3-latgen-faster[5.5.888~1-d619]:DecodeUtteranceLatticeFaster():decoder-wrappers.cc:375) Log-like per frame for utterance nsc-part2-chn0-spk03192668maf-026680269 is 1.53692 over 136 frames.
nsc-part2-chn0-spk03192668maf-026680299 __Pandan_Avenue __Seletar_South_Road and earring please 
LOG (nnet3-latgen-faster[5.5.888~1-d619]:DecodeUtteranceLatticeFaster():decoder-wrappers.cc:375) Log-like per frame for utterance nsc-part2-chn0-spk03192668maf-026680299 is 1.70819 over 119 frames.
nsc-part2-chn0-spk03192668maf-026680384 five five plugged senator more than shorten towards __Singapore_Bible told 
LOG (nnet3-latgen-faster[5.5.888~1-d619]:DecodeUtteranceLatticeFaster():decoder-wrappers.cc:375) Log-like per frame for utterance nsc-part2-chn0-spk03192668maf-026680384 is 1.36585 over 162 frames.
nsc-part2-chn0-spk03192668maf-026680411 __Jalan_Minyak monthly industrial estate and __Jalan_Bungar 
LOG (nnet3-latgen-faster[5.5.888~1-d619]:DecodeUtteranceLatticeFaster():decoder-wrappers.cc:375) Log-like per frame for utterance nsc-part2-chn0-spk03192668maf-026680411 is 1.76439 over 132 frames.
nsc-part2-chn0-spk03192668maf-026680415 eighty __Robinson_Road __Leo_Drive and __Marsiling_Crescent 
LOG (nnet3-latgen-faster[5.5.888~1-d619]:DecodeUtteranceLatticeFaster():decoder-wrappers.cc:375) Log-like per frame for utterance nsc-part2-chn0-spk03192668maf-026680415 is 1.65971 over 124 frames.
nsc-part2-chn0-spk03192668maf-026681505 can recommend me restaurant near __Kampong_Kembangan 
LOG (nnet3-latgen-faster[5.5.888~1-d619]:DecodeUtteranceLatticeFaster():decoder-wrappers.cc:375) Log-like per frame for utterance nsc-part2-chn0-spk03192668maf-026681505 is 1.42729 over 115 frames.
nsc-part2-chn0-spk03192668maf-026681571 __Lichi_Avenue happy __Orchard_Spring at __Tanjong_Katong go school 
LOG (nnet3-latgen-faster[5.5.888~1-d619]:DecodeUtteranceLatticeFaster():decoder-wrappers.cc:375) Log-like per frame for utterance nsc-part2-chn0-spk03192668maf-026681571 is 1.49095 over 129 frames.
nsc-part2-chn0-spk03192668maf-026681582 __Daffodil_Drive __Sembawang_Avenue and __Kaki_Bukit teck box again 
LOG (nnet3-latgen-faster[5.5.888~1-d619]:DecodeUtteranceLatticeFaster():decoder-wrappers.cc:375) Log-like per frame for utterance nsc-part2-chn0-spk03192668maf-026681582 is 1.43464 over 145 frames.
nsc-part2-chn0-spk03192668maf-026681668 i meeting level as __Sungei_Bedok first 
LOG (nnet3-latgen-faster[5.5.888~1-d619]:DecodeUtteranceLatticeFaster():decoder-wrappers.cc:375) Log-like per frame for utterance nsc-part2-chn0-spk03192668maf-026681668 is 1.51533 over 103 frames.
nsc-part2-chn0-spk03192668maf-026681746 letter dropping me off at __Kampong_Bugis 
LOG (nnet3-latgen-faster[5.5.888~1-d619]:DecodeUtteranceLatticeFaster():decoder-wrappers.cc:375) Log-like per frame for utterance nsc-part2-chn0-spk03192668maf-026681746 is 1.45482 over 107 frames.
nsc-part2-chn0-spk03192668maf-026681882 admire resident __Bethlehem_Bible_Presbyterian __Choa_Chu_Kang __Geylang_Methodist_School 
LOG (nnet3-latgen-faster[5.5.888~1-d619]:DecodeUtteranceLatticeFaster():decoder-wrappers.cc:375) Log-like per frame for utterance nsc-part2-chn0-spk03192668maf-026681882 is 1.77283 over 160 frames.
nsc-part2-chn0-spk03272676cnm-026760063 find __Pasir_Ris_Way to __Seletar_Hills_Drive 
LOG (nnet3-latgen-faster[5.5.888~1-d619]:DecodeUtteranceLatticeFaster():decoder-wrappers.cc:375) Log-like per frame for utterance nsc-part2-chn0-spk03272676cnm-026760063 is 1.43583 over 124 frames.
nsc-part2-chn0-spk03272676cnm-026760100 how far away is __Bukit_Batok_Crescent from here 
LOG (nnet3-latgen-faster[5.5.888~1-d619]:DecodeUtteranceLatticeFaster():decoder-wrappers.cc:375) Log-like per frame for utterance nsc-part2-chn0-spk03272676cnm-026760100 is 1.64776 over 142 frames.
nsc-part2-chn0-spk03272676cnm-026760111 __Sembawang_Vista __Lorong_Pasu is and tong building 
LOG (nnet3-latgen-faster[5.5.888~1-d619]:DecodeUtteranceLatticeFaster():decoder-wrappers.cc:375) Log-like per frame for utterance nsc-part2-chn0-spk03272676cnm-026760111 is 1.51697 over 167 frames.
nsc-part2-chn0-spk03272676cnm-026760136 __Jalan_Dua sudden naming parent and __Singapore_Bible august home 
LOG (nnet3-latgen-faster[5.5.888~1-d619]:DecodeUtteranceLatticeFaster():decoder-wrappers.cc:375) Log-like per frame for utterance nsc-part2-chn0-spk03272676cnm-026760136 is 1.3504 over 235 frames.
nsc-part2-chn0-spk03272676cnm-026760204 can take the must __Geylang_East_Central 
LOG (nnet3-latgen-faster[5.5.888~1-d619]:DecodeUtteranceLatticeFaster():decoder-wrappers.cc:375) Log-like per frame for utterance nsc-part2-chn0-spk03272676cnm-026760204 is 1.53419 over 116 frames.
nsc-part2-chn0-spk03272676cnm-026760439 __Bedok_Point __Nan_Chiau preschool and __Goldhill_Place 
LOG (nnet3-latgen-faster[5.5.888~1-d619]:DecodeUtteranceLatticeFaster():decoder-wrappers.cc:375) Log-like per frame for utterance nsc-part2-chn0-spk03272676cnm-026760439 is 1.6275 over 168 frames.
nsc-part2-chn0-spk03272676cnm-026761516 registered fifty sprinkle newspaper entire those 
LOG (nnet3-latgen-faster[5.5.888~1-d619]:DecodeUtteranceLatticeFaster():decoder-wrappers.cc:375) Log-like per frame for utterance nsc-part2-chn0-spk03272676cnm-026761516 is 1.32762 over 195 frames.
nsc-part2-chn0-spk03272676cnm-026761535 tampang same post church and __Lilliputt_Indoor_Mini_Golf 
LOG (nnet3-latgen-faster[5.5.888~1-d619]:DecodeUtteranceLatticeFaster():decoder-wrappers.cc:375) Log-like per frame for utterance nsc-part2-chn0-spk03272676cnm-026761535 is 1.38846 over 208 frames.
nsc-part2-chn0-spk03272676cnm-026761548 how far away __Bukit_Batok natural part from here 
LOG (nnet3-latgen-faster[5.5.888~1-d619]:DecodeUtteranceLatticeFaster():decoder-wrappers.cc:375) Log-like per frame for utterance nsc-part2-chn0-spk03272676cnm-026761548 is 1.66604 over 130 frames.
nsc-part2-chn0-spk03272676cnm-026761559 __Northshore_Link reliance home for the eldest and __Seletar_Green_Avenue 
LOG (nnet3-latgen-faster[5.5.888~1-d619]:DecodeUtteranceLatticeFaster():decoder-wrappers.cc:375) Log-like per frame for utterance nsc-part2-chn0-spk03272676cnm-026761559 is 1.6169 over 190 frames.
nsc-part2-chn0-spk03272676cnm-026761650 how do i get to __Taman_Jurong 
LOG (nnet3-latgen-faster[5.5.888~1-d619]:DecodeUtteranceLatticeFaster():decoder-wrappers.cc:375) Log-like per frame for utterance nsc-part2-chn0-spk03272676cnm-026761650 is 1.62498 over 98 frames.
nsc-part2-chn0-spk03272676cnm-026761716 __Bristol_Road status at concern north primary second primary school 
LOG (nnet3-latgen-faster[5.5.888~1-d619]:DecodeUtteranceLatticeFaster():decoder-wrappers.cc:375) Log-like per frame for utterance nsc-part2-chn0-spk03272676cnm-026761716 is 1.4872 over 168 frames.
nsc-part2-chn0-spk03272676cnm-026761742 __Bodmin_Drive __Jalan_Dua __Nee_Soon __Simon_Lane employed q scenario parlor 
LOG (nnet3-latgen-faster[5.5.888~1-d619]:DecodeUtteranceLatticeFaster():decoder-wrappers.cc:375) Log-like per frame for utterance nsc-part2-chn0-spk03272676cnm-026761742 is 1.46044 over 210 frames.
nsc-part2-chn0-spk03272676cnm-026761773 someone avenue this for tell __Singapore_Bible __Yan_Hui_Chang scenario hello 
LOG (nnet3-latgen-faster[5.5.888~1-d619]:DecodeUtteranceLatticeFaster():decoder-wrappers.cc:375) Log-like per frame for utterance nsc-part2-chn0-spk03272676cnm-026761773 is 1.33706 over 159 frames.
nsc-part2-chn0-spk03422691cnm-026910024 __Bukit_Timah __Shopping_Centre __Yangtze_Building and __Orchard_Turn 
LOG (nnet3-latgen-faster[5.5.888~1-d619]:DecodeUtteranceLatticeFaster():decoder-wrappers.cc:375) Log-like per frame for utterance nsc-part2-chn0-spk03422691cnm-026910024 is 1.67169 over 160 frames.
nsc-part2-chn0-spk03422691cnm-026910121 waiting for nearly to comeback from unit mufti station 
LOG (nnet3-latgen-faster[5.5.888~1-d619]:DecodeUtteranceLatticeFaster():decoder-wrappers.cc:375) Log-like per frame for utterance nsc-part2-chn0-spk03422691cnm-026910121 is 1.53506 over 146 frames.
nsc-part2-chn0-spk03422691cnm-026910123 __Geylang_Square __Jalan_Bangsawan cant car 
LOG (nnet3-latgen-faster[5.5.888~1-d619]:DecodeUtteranceLatticeFaster():decoder-wrappers.cc:375) Log-like per frame for utterance nsc-part2-chn0-spk03422691cnm-026910123 is 1.64037 over 155 frames.
nsc-part2-chn0-spk03422691cnm-026910173 __Seletar_Club __Folkestone_Road can bar avenue 
LOG (nnet3-latgen-faster[5.5.888~1-d619]:DecodeUtteranceLatticeFaster():decoder-wrappers.cc:375) Log-like per frame for utterance nsc-part2-chn0-spk03422691cnm-026910173 is 1.47234 over 147 frames.
nsc-part2-chn0-spk03422691cnm-026910191 please look for hollow when reach __Bukit_Timah settle 
LOG (nnet3-latgen-faster[5.5.888~1-d619]:DecodeUtteranceLatticeFaster():decoder-wrappers.cc:375) Log-like per frame for utterance nsc-part2-chn0-spk03422691cnm-026910191 is 1.4383 over 133 frames.
nsc-part2-chn0-spk03422691cnm-026910294 his h ar am colleague __Seletar_Club satellite __Stratton_Road go car condition 
LOG (nnet3-latgen-faster[5.5.888~1-d619]:DecodeUtteranceLatticeFaster():decoder-wrappers.cc:375) Log-like per frame for utterance nsc-part2-chn0-spk03422691cnm-026910294 is 1.39048 over 279 frames.
nsc-part2-chn0-spk03422691cnm-026911468 queen month give postal crispy sprint chicken and see who congee 
LOG (nnet3-latgen-faster[5.5.888~1-d619]:DecodeUtteranceLatticeFaster():decoder-wrappers.cc:375) Log-like per frame for utterance nsc-part2-chn0-spk03422691cnm-026911468 is 1.40144 over 143 frames.
nsc-part2-chn0-spk03422691cnm-026911497 __Admiralty_Greens temper link temple __Lorong_Sinaran __Geylang_Road 
LOG (nnet3-latgen-faster[5.5.888~1-d619]:DecodeUtteranceLatticeFaster():decoder-wrappers.cc:375) Log-like per frame for utterance nsc-part2-chn0-spk03422691cnm-026911497 is 1.53146 over 182 frames.
nsc-part2-chn0-spk03422691cnm-026911563 what easiest way to __Bukit_Timah_Plaza 
LOG (nnet3-latgen-faster[5.5.888~1-d619]:DecodeUtteranceLatticeFaster():decoder-wrappers.cc:375) Log-like per frame for utterance nsc-part2-chn0-spk03422691cnm-026911563 is 1.38505 over 93 frames.
nsc-part2-chn0-spk03422691cnm-026911610 my o in __Chinatown_Point under month day r 
LOG (nnet3-latgen-faster[5.5.888~1-d619]:DecodeUtteranceLatticeFaster():decoder-wrappers.cc:375) Log-like per frame for utterance nsc-part2-chn0-spk03422691cnm-026911610 is 1.40731 over 139 frames.
nsc-part2-chn0-spk03422691cnm-026911623 then food course respond year __Sembawang_Alley b branch office 
LOG (nnet3-latgen-faster[5.5.888~1-d619]:DecodeUtteranceLatticeFaster():decoder-wrappers.cc:375) Log-like per frame for utterance nsc-part2-chn0-spk03422691cnm-026911623 is 1.33047 over 133 frames.
nsc-part2-chn0-spk03422691cnm-026911649 submit away to __Jalan_Kampong_Chantek 
LOG (nnet3-latgen-faster[5.5.888~1-d619]:DecodeUtteranceLatticeFaster():decoder-wrappers.cc:375) Log-like per frame for utterance nsc-part2-chn0-spk03422691cnm-026911649 is 1.56534 over 94 frames.
nsc-part2-chn0-spk03422691cnm-026911651 is father take bus to __Jalan_Lembah_Bedok 
LOG (nnet3-latgen-faster[5.5.888~1-d619]:DecodeUtteranceLatticeFaster():decoder-wrappers.cc:375) Log-like per frame for utterance nsc-part2-chn0-spk03422691cnm-026911651 is 1.62362 over 126 frames.
nsc-part2-chn0-spk03422691cnm-026911701 select the faster subway to __Khaw_Boon_Wan constituency sports come 
LOG (nnet3-latgen-faster[5.5.888~1-d619]:DecodeUtteranceLatticeFaster():decoder-wrappers.cc:375) Log-like per frame for utterance nsc-part2-chn0-spk03422691cnm-026911701 is 1.43744 over 150 frames.
nsc-part2-chn0-spk03422691cnm-026911760 __Kampong_Bahru kim kit threaten charge and __Jalan_Boon_Lay puan 
LOG (nnet3-latgen-faster[5.5.888~1-d619]:DecodeUtteranceLatticeFaster():decoder-wrappers.cc:375) Log-like per frame for utterance nsc-part2-chn0-spk03422691cnm-026911760 is 1.51226 over 200 frames.
nsc-part2-chn0-spk03422691cnm-026911855 know where is __Bedok_Lighthouse 
LOG (nnet3-latgen-faster[5.5.888~1-d619]:DecodeUtteranceLatticeFaster():decoder-wrappers.cc:375) Log-like per frame for utterance nsc-part2-chn0-spk03422691cnm-026911855 is 1.50783 over 93 frames.
nsc-part2-chn0-spk03422691cnm-026911859 condition drive __Marsiling_Road ingrain which primary school 
LOG (nnet3-latgen-faster[5.5.888~1-d619]:DecodeUtteranceLatticeFaster():decoder-wrappers.cc:375) Log-like per frame for utterance nsc-part2-chn0-spk03422691cnm-026911859 is 1.53935 over 131 frames.
nsc-part2-chn0-spk03422691cnm-026911874 colleague __Choon_Guan_Street postal crispy __Spring_Street cant in coffee port week 
LOG (nnet3-latgen-faster[5.5.888~1-d619]:DecodeUtteranceLatticeFaster():decoder-wrappers.cc:375) Log-like per frame for utterance nsc-part2-chn0-spk03422691cnm-026911874 is 1.48023 over 166 frames.
nsc-part2-chn0-spk03762720cnm-027200121 am waiting for ritual to comeback from __Sembawang_Alley 
LOG (nnet3-latgen-faster[5.5.888~1-d619]:DecodeUtteranceLatticeFaster():decoder-wrappers.cc:375) Log-like per frame for utterance nsc-part2-chn0-spk03762720cnm-027200121 is 1.53106 over 147 frames.
nsc-part2-chn0-spk03762720cnm-027200144 country turned put days association hex view drive and __Seletar_Close 
LOG (nnet3-latgen-faster[5.5.888~1-d619]:DecodeUtteranceLatticeFaster():decoder-wrappers.cc:375) Log-like per frame for utterance nsc-part2-chn0-spk03762720cnm-027200144 is 1.45745 over 217 frames.
nsc-part2-chn0-spk03762720cnm-027200188 how to i get to __Bukit_Timah __Shopping_Centre 
LOG (nnet3-latgen-faster[5.5.888~1-d619]:DecodeUtteranceLatticeFaster():decoder-wrappers.cc:375) Log-like per frame for utterance nsc-part2-chn0-spk03762720cnm-027200188 is 1.54809 over 131 frames.
nsc-part2-chn0-spk03762720cnm-027200197 while is __Pasir_Ris_Way to __Jalan_Ulu_Seletar 
LOG (nnet3-latgen-faster[5.5.888~1-d619]:DecodeUtteranceLatticeFaster():decoder-wrappers.cc:375) Log-like per frame for utterance nsc-part2-chn0-spk03762720cnm-027200197 is 1.374 over 131 frames.
nsc-part2-chn0-spk03762720cnm-027200232 please so for understood whenever reach __Sembawang_Hills_Drive branch office 
LOG (nnet3-latgen-faster[5.5.888~1-d619]:DecodeUtteranceLatticeFaster():decoder-wrappers.cc:375) Log-like per frame for utterance nsc-part2-chn0-spk03762720cnm-027200232 is 1.41559 over 172 frames.
nsc-part2-chn0-spk03762720cnm-027200268 __Upper_Bukit_Timah __Sharon_Bible_Presbyterian church and one one two tong 
LOG (nnet3-latgen-faster[5.5.888~1-d619]:DecodeUtteranceLatticeFaster():decoder-wrappers.cc:375) Log-like per frame for utterance nsc-part2-chn0-spk03762720cnm-027200268 is 1.4652 over 215 frames.
nsc-part2-chn0-spk03762720cnm-027200308 __Copeland_Avenue __Bedok_Green primary scold and __Safra_Jurong 
LOG (nnet3-latgen-faster[5.5.888~1-d619]:DecodeUtteranceLatticeFaster():decoder-wrappers.cc:375) Log-like per frame for utterance nsc-part2-chn0-spk03762720cnm-027200308 is 1.67253 over 171 frames.
nsc-part2-chn0-spk03762720cnm-027200384 __Chong_Pang __Geylang_Lorong __Stephen_Lee and __Kitchener_Road 
LOG (nnet3-latgen-faster[5.5.888~1-d619]:DecodeUtteranceLatticeFaster():decoder-wrappers.cc:375) Log-like per frame for utterance nsc-part2-chn0-spk03762720cnm-027200384 is 1.56708 over 137 frames.
nsc-part2-chn0-spk03762720cnm-027200434 column par __Sembawang_God_Of_Wealth temple and can sing towel 
LOG (nnet3-latgen-faster[5.5.888~1-d619]:DecodeUtteranceLatticeFaster():decoder-wrappers.cc:375) Log-like per frame for utterance nsc-part2-chn0-spk03762720cnm-027200434 is 1.46194 over 208 frames.
nsc-part2-chn0-spk03762720cnm-027201472 __Mount_Faber_Loop hollow someone and __Sembawang_Shopping_Centre 
LOG (nnet3-latgen-faster[5.5.888~1-d619]:DecodeUtteranceLatticeFaster():decoder-wrappers.cc:375) Log-like per frame for utterance nsc-part2-chn0-spk03762720cnm-027201472 is 1.59646 over 155 frames.
nsc-part2-chn0-spk03762720cnm-027201480 __Hindoo_Road month brazil __Haji_Lane it submit school enticing president church 
LOG (nnet3-latgen-faster[5.5.888~1-d619]:DecodeUtteranceLatticeFaster():decoder-wrappers.cc:375) Log-like per frame for utterance nsc-part2-chn0-spk03762720cnm-027201480 is 1.43893 over 258 frames.
nsc-part2-chn0-spk03762720cnm-027201571 happy hotel spring like house betis church and __Copthorne_King'S hotel 
LOG (nnet3-latgen-faster[5.5.888~1-d619]:DecodeUtteranceLatticeFaster():decoder-wrappers.cc:375) Log-like per frame for utterance nsc-part2-chn0-spk03762720cnm-027201571 is 1.56721 over 233 frames.
nsc-part2-chn0-spk03762720cnm-027201610 __Jalan_Rajah __Chong_Pang neighborhood police post and __Ji_Huang_Kok temple 
LOG (nnet3-latgen-faster[5.5.888~1-d619]:DecodeUtteranceLatticeFaster():decoder-wrappers.cc:375) Log-like per frame for utterance nsc-part2-chn0-spk03762720cnm-027201610 is 1.69612 over 198 frames.
nsc-part2-chn0-spk03762720cnm-027201623 therefor course or response near __Bukit_Batok_Road 
LOG (nnet3-latgen-faster[5.5.888~1-d619]:DecodeUtteranceLatticeFaster():decoder-wrappers.cc:375) Log-like per frame for utterance nsc-part2-chn0-spk03762720cnm-027201623 is 1.61286 over 128 frames.
nsc-part2-chn0-spk03762720cnm-027201658 please show me away to __Upper_Aljunied_Link 
LOG (nnet3-latgen-faster[5.5.888~1-d619]:DecodeUtteranceLatticeFaster():decoder-wrappers.cc:375) Log-like per frame for utterance nsc-part2-chn0-spk03762720cnm-027201658 is 1.6038 over 123 frames.
nsc-part2-chn0-spk03762720cnm-027201661 can i take the to __Seletar_South_Road 
LOG (nnet3-latgen-faster[5.5.888~1-d619]:DecodeUtteranceLatticeFaster():decoder-wrappers.cc:375) Log-like per frame for utterance nsc-part2-chn0-spk03762720cnm-027201661 is 1.38448 over 124 frames.
nsc-part2-chn0-spk03762720cnm-027201695 __Limau_Garden harmony deter and __Kampong_Sireh 
LOG (nnet3-latgen-faster[5.5.888~1-d619]:DecodeUtteranceLatticeFaster():decoder-wrappers.cc:375) Log-like per frame for utterance nsc-part2-chn0-spk03762720cnm-027201695 is 1.51896 over 146 frames.
nsc-part2-chn0-spk03762720cnm-027201717 __Bukit_Timah_Link __Aida_Street and marina one 
LOG (nnet3-latgen-faster[5.5.888~1-d619]:DecodeUtteranceLatticeFaster():decoder-wrappers.cc:375) Log-like per frame for utterance nsc-part2-chn0-spk03762720cnm-027201717 is 1.61717 over 149 frames.
nsc-part2-chn0-spk03762720cnm-027201833 while landmark near __Upper_Aljunied_Link 
LOG (nnet3-latgen-faster[5.5.888~1-d619]:DecodeUtteranceLatticeFaster():decoder-wrappers.cc:375) Log-like per frame for utterance nsc-part2-chn0-spk03762720cnm-027201833 is 1.54177 over 150 frames.
nsc-part2-chn0-spk03762720cnm-027201882 police license thing letter three department __Jalan_Tenteram and __Chong_Pang never whole police post 
LOG (nnet3-latgen-faster[5.5.888~1-d619]:DecodeUtteranceLatticeFaster():decoder-wrappers.cc:375) Log-like per frame for utterance nsc-part2-chn0-spk03762720cnm-027201882 is 1.66717 over 281 frames.
nsc-part2-chn0-spk04052722cnf-027220102 is about thirteen minister walk to delivery at china town 
LOG (nnet3-latgen-faster[5.5.888~1-d619]:DecodeUtteranceLatticeFaster():decoder-wrappers.cc:375) Log-like per frame for utterance nsc-part2-chn0-spk04052722cnf-027220102 is 1.44424 over 154 frames.
nsc-part2-chn0-spk04052722cnf-027220118 __Geylang_Bahru tailor warm who is and __Bukit_Teresa_Close 
LOG (nnet3-latgen-faster[5.5.888~1-d619]:DecodeUtteranceLatticeFaster():decoder-wrappers.cc:375) Log-like per frame for utterance nsc-part2-chn0-spk04052722cnf-027220118 is 1.60215 over 189 frames.
nsc-part2-chn0-spk04052722cnf-027220134 __Cuscaden_Walk __Countryside_Grove and __Bedok_Reservoir 
LOG (nnet3-latgen-faster[5.5.888~1-d619]:DecodeUtteranceLatticeFaster():decoder-wrappers.cc:375) Log-like per frame for utterance nsc-part2-chn0-spk04052722cnf-027220134 is 1.74424 over 165 frames.
nsc-part2-chn0-spk04052722cnf-027220411 yah would avenue __Geylang_East_Avenue and paying one street 
LOG (nnet3-latgen-faster[5.5.888~1-d619]:DecodeUtteranceLatticeFaster():decoder-wrappers.cc:375) Log-like per frame for utterance nsc-part2-chn0-spk04052722cnf-027220411 is 1.59951 over 155 frames.
nsc-part2-chn0-spk04052722cnf-027221497 __Marsiling_Rise __Jalan_Remis and seeing mean industrial estate sector 
LOG (nnet3-latgen-faster[5.5.888~1-d619]:DecodeUtteranceLatticeFaster():decoder-wrappers.cc:375) Log-like per frame for utterance nsc-part2-chn0-spk04052722cnf-027221497 is 1.63654 over 230 frames.
nsc-part2-chn0-spk04052722cnf-027221552 please look for clarinet when reach __Aljunied_Crescent 
LOG (nnet3-latgen-faster[5.5.888~1-d619]:DecodeUtteranceLatticeFaster():decoder-wrappers.cc:375) Log-like per frame for utterance nsc-part2-chn0-spk04052722cnf-027221552 is 1.63549 over 134 frames.
nsc-part2-chn0-spk04052722cnf-027221592 __Sea_Breeze_Grove __Seletar_Court and __Lew_Lian_Vale 
LOG (nnet3-latgen-faster[5.5.888~1-d619]:DecodeUtteranceLatticeFaster():decoder-wrappers.cc:375) Log-like per frame for utterance nsc-part2-chn0-spk04052722cnf-027221592 is 1.56627 over 170 frames.
nsc-part2-chn0-spk04052722cnf-027221621 __Taman_Jurong park land transport authority any __Guillemard_Road 
LOG (nnet3-latgen-faster[5.5.888~1-d619]:DecodeUtteranceLatticeFaster():decoder-wrappers.cc:375) Log-like per frame for utterance nsc-part2-chn0-spk04052722cnf-027221621 is 1.7722 over 167 frames.
nsc-part2-chn0-spk04052722cnf-027221644 i missing for __Taman_Bedok view __Secondary_School first 
LOG (nnet3-latgen-faster[5.5.888~1-d619]:DecodeUtteranceLatticeFaster():decoder-wrappers.cc:375) Log-like per frame for utterance nsc-part2-chn0-spk04052722cnf-027221644 is 1.60855 over 158 frames.
nsc-part2-chn0-spk04052722cnf-027221699 __Pemimpin_Drive __Chong_Pang b c and home some teras 
LOG (nnet3-latgen-faster[5.5.888~1-d619]:DecodeUtteranceLatticeFaster():decoder-wrappers.cc:375) Log-like per frame for utterance nsc-part2-chn0-spk04052722cnf-027221699 is 1.30796 over 165 frames.
nsc-part2-chn0-spk04052722cnf-027221717 academy one __Raffles_Place tower and __Bukit_Batok_East 
LOG (nnet3-latgen-faster[5.5.888~1-d619]:DecodeUtteranceLatticeFaster():decoder-wrappers.cc:375) Log-like per frame for utterance nsc-part2-chn0-spk04052722cnf-027221717 is 1.64537 over 164 frames.
nsc-part2-chn0-spk04052722cnf-027221721 is about twenty one minimum walk to __Bukit_Batok_Crescent 
LOG (nnet3-latgen-faster[5.5.888~1-d619]:DecodeUtteranceLatticeFaster():decoder-wrappers.cc:375) Log-like per frame for utterance nsc-part2-chn0-spk04052722cnf-027221721 is 1.65924 over 148 frames.
nsc-part2-chn0-spk04052722cnf-027221747 __Penjuru_Road __Springside_View and __Chong_Pang walk her son 
LOG (nnet3-latgen-faster[5.5.888~1-d619]:DecodeUtteranceLatticeFaster():decoder-wrappers.cc:375) Log-like per frame for utterance nsc-part2-chn0-spk04052722cnf-027221747 is 1.43564 over 154 frames.
nsc-part2-chn0-spk04052722cnf-027221773 __Segar_Kampong_Arang_Road and prison logistics branch 
LOG (nnet3-latgen-faster[5.5.888~1-d619]:DecodeUtteranceLatticeFaster():decoder-wrappers.cc:375) Log-like per frame for utterance nsc-part2-chn0-spk04052722cnf-027221773 is 1.60753 over 152 frames.
nsc-part2-chn0-spk04452729maf-027290049 so feature __Singapore_Bible welcome part and __Lower_Seletar_Reservoir 
LOG (nnet3-latgen-faster[5.5.888~1-d619]:DecodeUtteranceLatticeFaster():decoder-wrappers.cc:375) Log-like per frame for utterance nsc-part2-chn0-spk04452729maf-027290049 is 1.58442 over 163 frames.
nsc-part2-chn0-spk04452729maf-027290087 compo summarize tiger china symmetry hotel intercontinental __Singapore_Bible __Avon_Road 
LOG (nnet3-latgen-faster[5.5.888~1-d619]:DecodeUtteranceLatticeFaster():decoder-wrappers.cc:375) Log-like per frame for utterance nsc-part2-chn0-spk04452729maf-027290087 is 1.72138 over 206 frames.
nsc-part2-chn0-spk04452729maf-027290176 __Hougang_One __Geylang_Bahru_Lane and __Kim_Chuan_Road 
LOG (nnet3-latgen-faster[5.5.888~1-d619]:DecodeUtteranceLatticeFaster():decoder-wrappers.cc:375) Log-like per frame for utterance nsc-part2-chn0-spk04452729maf-027290176 is 1.92426 over 124 frames.
nsc-part2-chn0-spk04452729maf-027290202 how do i get to __Bukit_Timah post office 
LOG (nnet3-latgen-faster[5.5.888~1-d619]:DecodeUtteranceLatticeFaster():decoder-wrappers.cc:375) Log-like per frame for utterance nsc-part2-chn0-spk04452729maf-027290202 is 1.65843 over 114 frames.
nsc-part2-chn0-spk04452729maf-027290268 __Bukit_Timah_Plaza was seizure she would year senior high school and computer neighborhood police post 
LOG (nnet3-latgen-faster[5.5.888~1-d619]:DecodeUtteranceLatticeFaster():decoder-wrappers.cc:375) Log-like per frame for utterance nsc-part2-chn0-spk04452729maf-027290268 is 1.71892 over 207 frames.
nsc-part2-chn0-spk04452729maf-027290302 __Jalan_Kemaman thirteenth road and __Chinatown_Point 
LOG (nnet3-latgen-faster[5.5.888~1-d619]:DecodeUtteranceLatticeFaster():decoder-wrappers.cc:375) Log-like per frame for utterance nsc-part2-chn0-spk04452729maf-027290302 is 1.80023 over 133 frames.
nsc-part2-chn0-spk04452729maf-027290323 tummy wrote __Peninsula_Plaza and __Geylang_Bahru_Lane 
LOG (nnet3-latgen-faster[5.5.888~1-d619]:DecodeUtteranceLatticeFaster():decoder-wrappers.cc:375) Log-like per frame for utterance nsc-part2-chn0-spk04452729maf-027290323 is 1.84728 over 136 frames.
nsc-part2-chn0-spk04452729maf-027290415 compo __Jalan_Rebana happiness concourse undischarged of glasses 
LOG (nnet3-latgen-faster[5.5.888~1-d619]:DecodeUtteranceLatticeFaster():decoder-wrappers.cc:375) Log-like per frame for utterance nsc-part2-chn0-spk04452729maf-027290415 is 1.41077 over 157 frames.
nsc-part2-chn0-spk04452729maf-027290436 __Vigilante_Drive __Jalan_Senang in __Kampong_Kayu_Road 
LOG (nnet3-latgen-faster[5.5.888~1-d619]:DecodeUtteranceLatticeFaster():decoder-wrappers.cc:375) Log-like per frame for utterance nsc-part2-chn0-spk04452729maf-027290436 is 1.60635 over 136 frames.
nsc-part2-chn0-spk04452729maf-027291508 please submit how to get __Geylang_Square 
LOG (nnet3-latgen-faster[5.5.888~1-d619]:DecodeUtteranceLatticeFaster():decoder-wrappers.cc:375) Log-like per frame for utterance nsc-part2-chn0-spk04452729maf-027291508 is 1.7016 over 102 frames.
nsc-part2-chn0-spk04452729maf-027291698 how long related to walk to __Seletar_Close 
LOG (nnet3-latgen-faster[5.5.888~1-d619]:DecodeUtteranceLatticeFaster():decoder-wrappers.cc:375) Log-like per frame for utterance nsc-part2-chn0-spk04452729maf-027291698 is 1.58018 over 117 frames.
nsc-part2-chn0-spk04452729maf-027291773 __Bedok_Ria_Crescent __Kwan_Imm_See temple and __Singapore_Bible coffee central 
LOG (nnet3-latgen-faster[5.5.888~1-d619]:DecodeUtteranceLatticeFaster():decoder-wrappers.cc:375) Log-like per frame for utterance nsc-part2-chn0-spk04452729maf-027291773 is 1.5064 over 167 frames.
nsc-part2-chn0-spk04452729maf-027291804 __Saint_Xavier'S_Lane shop house and __Bukit_Timah_Plaza 
LOG (nnet3-latgen-faster[5.5.888~1-d619]:DecodeUtteranceLatticeFaster():decoder-wrappers.cc:375) Log-like per frame for utterance nsc-part2-chn0-spk04452729maf-027291804 is 1.73076 over 141 frames.
nsc-part2-chn0-spk04452729maf-027291848 please look allowance reach long nine __Geylang_Road 
LOG (nnet3-latgen-faster[5.5.888~1-d619]:DecodeUtteranceLatticeFaster():decoder-wrappers.cc:375) Log-like per frame for utterance nsc-part2-chn0-spk04452729maf-027291848 is 1.63411 over 112 frames.
nsc-part2-chn0-spk04452729maf-027291893 __Yishun_Central __Kampong_Wak_Hassan and __Paya_Lebar neighborhood police post 
LOG (nnet3-latgen-faster[5.5.888~1-d619]:DecodeUtteranceLatticeFaster():decoder-wrappers.cc:375) Log-like per frame for utterance nsc-part2-chn0-spk04452729maf-027291893 is 1.74897 over 164 frames.
nsc-part2-chn0-spk06922289cnf-022890134 __Chai_Chee fire post __Kampong_Eunos am arrange worked 
LOG (nnet3-latgen-faster[5.5.888~1-d619]:DecodeUtteranceLatticeFaster():decoder-wrappers.cc:375) Log-like per frame for utterance nsc-part2-chn0-spk06922289cnf-022890134 is 1.47558 over 191 frames.
nsc-part2-chn0-spk06922289cnf-022890164 what is the distance to __Seletar_Link 
LOG (nnet3-latgen-faster[5.5.888~1-d619]:DecodeUtteranceLatticeFaster():decoder-wrappers.cc:375) Log-like per frame for utterance nsc-part2-chn0-spk06922289cnf-022890164 is 1.49741 over 113 frames.
nsc-part2-chn0-spk06922289cnf-022890181 how far away __Bukit_Batok avenue from here 
LOG (nnet3-latgen-faster[5.5.888~1-d619]:DecodeUtteranceLatticeFaster():decoder-wrappers.cc:375) Log-like per frame for utterance nsc-part2-chn0-spk06922289cnf-022890181 is 1.51429 over 128 frames.
nsc-part2-chn0-spk06922289cnf-022890239 why __Lorong_Mesu __Geylang_Road 
LOG (nnet3-latgen-faster[5.5.888~1-d619]:DecodeUtteranceLatticeFaster():decoder-wrappers.cc:375) Log-like per frame for utterance nsc-part2-chn0-spk06922289cnf-022890239 is 1.43046 over 101 frames.
nsc-part2-chn0-spk06922289cnf-022890269 __South_Woodlands_Drive report avenue __Upper_Bukit_Timah_Road 
LOG (nnet3-latgen-faster[5.5.888~1-d619]:DecodeUtteranceLatticeFaster():decoder-wrappers.cc:375) Log-like per frame for utterance nsc-part2-chn0-spk06922289cnf-022890269 is 1.49123 over 160 frames.
nsc-part2-chn0-spk06922289cnf-022890332 __Sembawang_Hills_Drive 
LOG (nnet3-latgen-faster[5.5.888~1-d619]:DecodeUtteranceLatticeFaster():decoder-wrappers.cc:375) Log-like per frame for utterance nsc-part2-chn0-spk06922289cnf-022890332 is 1.41919 over 90 frames.
nsc-part2-chn0-spk06922289cnf-022890412 sign the success way to __Seletar_Satellite_Station_Road 
LOG (nnet3-latgen-faster[5.5.888~1-d619]:DecodeUtteranceLatticeFaster():decoder-wrappers.cc:375) Log-like per frame for utterance nsc-part2-chn0-spk06922289cnf-022890412 is 1.4192 over 158 frames.
nsc-part2-chn0-spk06922289cnf-022890439 __Chinese_Garden __Bukit_Batok_West as social tried 
LOG (nnet3-latgen-faster[5.5.888~1-d619]:DecodeUtteranceLatticeFaster():decoder-wrappers.cc:375) Log-like per frame for utterance nsc-part2-chn0-spk06922289cnf-022890439 is 1.58555 over 160 frames.
nsc-part2-chn0-spk06922289cnf-022891716 __Yew_Tee her __Simon_Lane avenue clinic avenue till 
LOG (nnet3-latgen-faster[5.5.888~1-d619]:DecodeUtteranceLatticeFaster():decoder-wrappers.cc:375) Log-like per frame for utterance nsc-part2-chn0-spk06922289cnf-022891716 is 1.32962 over 158 frames.
nsc-part2-chn0-spk06922289cnf-022891773 __Bukit_Batok_Central can come temple and __Jalan_Chengkek 
LOG (nnet3-latgen-faster[5.5.888~1-d619]:DecodeUtteranceLatticeFaster():decoder-wrappers.cc:375) Log-like per frame for utterance nsc-part2-chn0-spk06922289cnf-022891773 is 1.67132 over 151 frames.
nsc-part2-chn0-spk06922289cnf-022891774 where __Bukit_Batok avenue 
LOG (nnet3-latgen-faster[5.5.888~1-d619]:DecodeUtteranceLatticeFaster():decoder-wrappers.cc:375) Log-like per frame for utterance nsc-part2-chn0-spk06922289cnf-022891774 is 1.49169 over 94 frames.
LOG (apply-cmvn[5.5.888~1-d619]:main():apply-cmvn.cc:81) Copied 125 utterances.
nsc-part2-chn0-spk06922289cnf-022891804 when touch gate bird and __Kampong_Chai_Chee 
LOG (nnet3-latgen-faster[5.5.888~1-d619]:DecodeUtteranceLatticeFaster():decoder-wrappers.cc:375) Log-like per frame for utterance nsc-part2-chn0-spk06922289cnf-022891804 is 1.3985 over 130 frames.
nsc-part2-chn0-spk06922289cnf-022891841 how would central __Lim_Lee and __Lim_Chong_Pang 
LOG (nnet3-latgen-faster[5.5.888~1-d619]:DecodeUtteranceLatticeFaster():decoder-wrappers.cc:375) Log-like per frame for utterance nsc-part2-chn0-spk06922289cnf-022891841 is 1.52722 over 118 frames.
nsc-part2-chn0-spk06922289cnf-022891866 whenever herself __Upper_Aljunied put and __Kim_Seng park 
LOG (nnet3-latgen-faster[5.5.888~1-d619]:DecodeUtteranceLatticeFaster():decoder-wrappers.cc:375) Log-like per frame for utterance nsc-part2-chn0-spk06922289cnf-022891866 is 1.34834 over 147 frames.
nsc-part2-chn0-spk06922289cnf-022891875 actually mother station __Keat_Hong_Link and __Jalan_Lempeng 
LOG (nnet3-latgen-faster[5.5.888~1-d619]:DecodeUtteranceLatticeFaster():decoder-wrappers.cc:375) Log-like per frame for utterance nsc-part2-chn0-spk06922289cnf-022891875 is 1.49813 over 140 frames.
LOG (nnet3-latgen-faster[5.5.888~1-d619]:main():nnet3-latgen-faster.cc:256) Time taken 155.489s: real-time factor assuming 100 frames/sec is 0.266984
LOG (nnet3-latgen-faster[5.5.888~1-d619]:main():nnet3-latgen-faster.cc:259) Done 125 utterances, failed for 0
LOG (nnet3-latgen-faster[5.5.888~1-d619]:main():nnet3-latgen-faster.cc:261) Overall log-likelihood per frame is 1.54116 over 19413 frames.
LOG (nnet3-latgen-faster[5.5.888~1-d619]:~CachingOptimizingCompiler():nnet-optimize.cc:710) 0.319 seconds taken in nnet3 compilation total (breakdown: 0.221 compilation, 0.0568 optimization, 0 shortcut expansion, 0.0115 checking, 6.32e-05 computing indexes, 0.0293 misc.) + 0 I/O.
LOG (lattice-scale[5.5.888~1-d619]:main():lattice-scale.cc:107) Done 125 lattices.
# Ended (code 0) at Wed Aug 25 19:03:16 +08 2021, elapsed time 204 seconds
