# nnet3-latgen-faster --online-ivectors=scp:./ivector/imda-part2/ivector_online.scp --online-ivector-period=10 --frame-subsampling-factor=3 --frames-per-chunk=50 --extra-left-context=0 --extra-right-context=0 --extra-left-context-initial=-1 --extra-right-context-final=-1 --minimize=false --max-active=7000 --min-active=200 --beam=15.0 --lattice-beam=8.0 --acoustic-scale=1.0 --allow-partial=true --word-symbol-table=/home3/ztkyaw/w2021/deliverables/contrast-zin-dev/output/expEX2/graph/words.txt /home3/ztkyaw/w2021/deliverables/contrast-zin-dev/baseline/tdnnf-transfer-sp/final.mdl /home3/ztkyaw/w2021/deliverables/contrast-zin-dev/output/expEX2/graph/HCLG.fst "ark,s,cs:apply-cmvn --norm-means=false --norm-vars=false --utt2spk=ark:./data/imda-part2/mfcc-hires/split10/5/utt2spk scp:./data/imda-part2/mfcc-hires/split10/5/cmvn.scp scp:./data/imda-part2/mfcc-hires/split10/5/feats.scp ark:- |" "ark:|lattice-scale --acoustic-scale=10.0 ark:- ark:- | gzip -c >/home3/ztkyaw/w2021/deliverables/contrast-zin-dev/baseline/tdnnf-transfer-sp/decode_imda-part2_1629889191-hw_lmg/lat.5.gz" 
# Invoked at Wed Aug 25 18:59:52 +08 2021 from node02
#
# Started at Wed Aug 25 19:00:39 SGT 2021 on node03
nnet3-latgen-faster --online-ivectors=scp:./ivector/imda-part2/ivector_online.scp --online-ivector-period=10 --frame-subsampling-factor=3 --frames-per-chunk=50 --extra-left-context=0 --extra-right-context=0 --extra-left-context-initial=-1 --extra-right-context-final=-1 --minimize=false --max-active=7000 --min-active=200 --beam=15.0 --lattice-beam=8.0 --acoustic-scale=1.0 --allow-partial=true --word-symbol-table=/home3/ztkyaw/w2021/deliverables/contrast-zin-dev/output/expEX2/graph/words.txt /home3/ztkyaw/w2021/deliverables/contrast-zin-dev/baseline/tdnnf-transfer-sp/final.mdl /home3/ztkyaw/w2021/deliverables/contrast-zin-dev/output/expEX2/graph/HCLG.fst 'ark,s,cs:apply-cmvn --norm-means=false --norm-vars=false --utt2spk=ark:./data/imda-part2/mfcc-hires/split10/5/utt2spk scp:./data/imda-part2/mfcc-hires/split10/5/cmvn.scp scp:./data/imda-part2/mfcc-hires/split10/5/feats.scp ark:- |' 'ark:|lattice-scale --acoustic-scale=10.0 ark:- ark:- | gzip -c >/home3/ztkyaw/w2021/deliverables/contrast-zin-dev/baseline/tdnnf-transfer-sp/decode_imda-part2_1629889191-hw_lmg/lat.5.gz' 
LOG (nnet3-latgen-faster[5.5.888~1-d619]:RemoveOrphanNodes():nnet-nnet.cc:948) Removed 1 orphan nodes.
LOG (nnet3-latgen-faster[5.5.888~1-d619]:RemoveOrphanComponents():nnet-nnet.cc:847) Removing 2 orphan components.
LOG (nnet3-latgen-faster[5.5.888~1-d619]:Collapse():nnet-utils.cc:1488) Added 1 components, removed 2
apply-cmvn --norm-means=false --norm-vars=false --utt2spk=ark:./data/imda-part2/mfcc-hires/split10/5/utt2spk scp:./data/imda-part2/mfcc-hires/split10/5/cmvn.scp scp:./data/imda-part2/mfcc-hires/split10/5/feats.scp ark:- 
lattice-scale --acoustic-scale=10.0 ark:- ark:- 
LOG (nnet3-latgen-faster[5.5.888~1-d619]:CheckAndFixConfigs():nnet-am-decodable-simple.cc:294) Increasing --frames-per-chunk from 50 to 51 to make it a multiple of --frame-subsampling-factor=3
nsc-part2-chn0-spk08932985cnm-029850016 how long will it take to walk to __Bukit_Batok_West avenue 
LOG (nnet3-latgen-faster[5.5.888~1-d619]:DecodeUtteranceLatticeFaster():decoder-wrappers.cc:375) Log-like per frame for utterance nsc-part2-chn0-spk08932985cnm-029850016 is 1.65492 over 129 frames.
nsc-part2-chn0-spk08932985cnm-029850023 is about fifty minimum walk __Geylang_Serai neighborhood police post 
LOG (nnet3-latgen-faster[5.5.888~1-d619]:DecodeUtteranceLatticeFaster():decoder-wrappers.cc:375) Log-like per frame for utterance nsc-part2-chn0-spk08932985cnm-029850023 is 1.80422 over 162 frames.
nsc-part2-chn0-spk08932985cnm-029850118 __Bedok_View __Secondary_School newton circus and government high 
LOG (nnet3-latgen-faster[5.5.888~1-d619]:DecodeUtteranceLatticeFaster():decoder-wrappers.cc:375) Log-like per frame for utterance nsc-part2-chn0-spk08932985cnm-029850118 is 1.72217 over 185 frames.
nsc-part2-chn0-spk08932985cnm-029850144 times central __Chong_Pang unpaid enroll chester more 
LOG (nnet3-latgen-faster[5.5.888~1-d619]:DecodeUtteranceLatticeFaster():decoder-wrappers.cc:375) Log-like per frame for utterance nsc-part2-chn0-spk08932985cnm-029850144 is 1.60483 over 174 frames.
nsc-part2-chn0-spk08932985cnm-029850173 __Tuas_Second_Link __Lower_Seletar_Reservoir and __Singapore_Bible examination and assessment born 
LOG (nnet3-latgen-faster[5.5.888~1-d619]:DecodeUtteranceLatticeFaster():decoder-wrappers.cc:375) Log-like per frame for utterance nsc-part2-chn0-spk08932985cnm-029850173 is 1.6716 over 246 frames.
nsc-part2-chn0-spk08932985cnm-029850221 select the faster way the bank because in child down 
LOG (nnet3-latgen-faster[5.5.888~1-d619]:DecodeUtteranceLatticeFaster():decoder-wrappers.cc:375) Log-like per frame for utterance nsc-part2-chn0-spk08932985cnm-029850221 is 1.3309 over 126 frames.
nsc-part2-chn0-spk08932985cnm-029850252 what is assistance to __Sembawang_Vista 
LOG (nnet3-latgen-faster[5.5.888~1-d619]:DecodeUtteranceLatticeFaster():decoder-wrappers.cc:375) Log-like per frame for utterance nsc-part2-chn0-spk08932985cnm-029850252 is 1.46182 over 97 frames.
nsc-part2-chn0-spk08932985cnm-029850268 __Airport_Cargo_Road __Singapore_Conference see commission and __Kampong_Bugis 
LOG (nnet3-latgen-faster[5.5.888~1-d619]:DecodeUtteranceLatticeFaster():decoder-wrappers.cc:375) Log-like per frame for utterance nsc-part2-chn0-spk08932985cnm-029850268 is 1.50375 over 229 frames.
nsc-part2-chn0-spk08932985cnm-029850294 mo __Dairy_Farm attention central __Riverina_Walk and __Orchard_Spring_Lane 
LOG (nnet3-latgen-faster[5.5.888~1-d619]:DecodeUtteranceLatticeFaster():decoder-wrappers.cc:375) Log-like per frame for utterance nsc-part2-chn0-spk08932985cnm-029850294 is 1.73745 over 239 frames.
nsc-part2-chn0-spk08932985cnm-029850302 __Jalan_Rebana option towards __Aljunied_Avenue two 
LOG (nnet3-latgen-faster[5.5.888~1-d619]:DecodeUtteranceLatticeFaster():decoder-wrappers.cc:375) Log-like per frame for utterance nsc-part2-chn0-spk08932985cnm-029850302 is 1.59717 over 192 frames.
nsc-part2-chn0-spk08932985cnm-029850356 constant avenue vital share service and __Upper_Bukit_Timah_Road 
LOG (nnet3-latgen-faster[5.5.888~1-d619]:DecodeUtteranceLatticeFaster():decoder-wrappers.cc:375) Log-like per frame for utterance nsc-part2-chn0-spk08932985cnm-029850356 is 1.52527 over 234 frames.
nsc-part2-chn0-spk08932985cnm-029851498 call bone one __Lim_Chong_Pang and chosen gilbert reimburse immediately days 
LOG (nnet3-latgen-faster[5.5.888~1-d619]:DecodeUtteranceLatticeFaster():decoder-wrappers.cc:375) Log-like per frame for utterance nsc-part2-chn0-spk08932985cnm-029851498 is 1.59609 over 245 frames.
nsc-part2-chn0-spk08932985cnm-029851559 __Jalan_Yasin spring __Singapore_Bible and __Nanyang_Girls' sporting school 
LOG (nnet3-latgen-faster[5.5.888~1-d619]:DecodeUtteranceLatticeFaster():decoder-wrappers.cc:375) Log-like per frame for utterance nsc-part2-chn0-spk08932985cnm-029851559 is 1.58187 over 177 frames.
nsc-part2-chn0-spk08932985cnm-029851584 __Rochor_Road __Red_Swastika school and __Chong_Pang couple road 
LOG (nnet3-latgen-faster[5.5.888~1-d619]:DecodeUtteranceLatticeFaster():decoder-wrappers.cc:375) Log-like per frame for utterance nsc-part2-chn0-spk08932985cnm-029851584 is 1.53083 over 201 frames.
nsc-part2-chn0-spk08932985cnm-029851706 __Jalan_Dua __Paya_Lebar __Lorong_Gambas and __Marsiling_Crescent 
LOG (nnet3-latgen-faster[5.5.888~1-d619]:DecodeUtteranceLatticeFaster():decoder-wrappers.cc:375) Log-like per frame for utterance nsc-part2-chn0-spk08932985cnm-029851706 is 1.67266 over 188 frames.
nsc-part2-chn0-spk08932985cnm-029851717 __Kampong_Sireh __Ipoh_Lane arena hotel 
LOG (nnet3-latgen-faster[5.5.888~1-d619]:DecodeUtteranceLatticeFaster():decoder-wrappers.cc:375) Log-like per frame for utterance nsc-part2-chn0-spk08932985cnm-029851717 is 1.40927 over 196 frames.
nsc-part2-chn0-spk08993009inf-030090049 __Taman_Jurong park ashes quest south tower and __Choa_Chu_Kang 
LOG (nnet3-latgen-faster[5.5.888~1-d619]:DecodeUtteranceLatticeFaster():decoder-wrappers.cc:375) Log-like per frame for utterance nsc-part2-chn0-spk08993009inf-030090049 is 1.63478 over 226 frames.
nsc-part2-chn0-spk08993009inf-030090099 film way company b neighborhood police post and octopus reservoir 
LOG (nnet3-latgen-faster[5.5.888~1-d619]:DecodeUtteranceLatticeFaster():decoder-wrappers.cc:375) Log-like per frame for utterance nsc-part2-chn0-spk08993009inf-030090099 is 1.55837 over 259 frames.
nsc-part2-chn0-spk08993009inf-030090136 __Sembawang_Vista do queen crescent and __Terang_Bulan_Avenue 
LOG (nnet3-latgen-faster[5.5.888~1-d619]:DecodeUtteranceLatticeFaster():decoder-wrappers.cc:375) Log-like per frame for utterance nsc-part2-chn0-spk08993009inf-030090136 is 1.49964 over 233 frames.
nsc-part2-chn0-spk08993009inf-030090166 what other landmark near __Simpang_De_Bedok 
LOG (nnet3-latgen-faster[5.5.888~1-d619]:DecodeUtteranceLatticeFaster():decoder-wrappers.cc:375) Log-like per frame for utterance nsc-part2-chn0-spk08993009inf-030090166 is 1.64818 over 152 frames.
nsc-part2-chn0-spk08993009inf-030090202 how do i get to solicitor error space 
LOG (nnet3-latgen-faster[5.5.888~1-d619]:DecodeUtteranceLatticeFaster():decoder-wrappers.cc:375) Log-like per frame for utterance nsc-part2-chn0-spk08993009inf-030090202 is 1.49989 over 136 frames.
nsc-part2-chn0-spk08993009inf-030090294 deduct road __Geylang_United temple and __Brani_Way 
LOG (nnet3-latgen-faster[5.5.888~1-d619]:DecodeUtteranceLatticeFaster():decoder-wrappers.cc:375) Log-like per frame for utterance nsc-part2-chn0-spk08993009inf-030090294 is 1.76615 over 186 frames.
nsc-part2-chn0-spk08993009inf-030090302 are quare __Koh_Seow_Chuan service center admiralty wrote and more __Arts_Link rise 
LOG (nnet3-latgen-faster[5.5.888~1-d619]:DecodeUtteranceLatticeFaster():decoder-wrappers.cc:375) Log-like per frame for utterance nsc-part2-chn0-spk08993009inf-030090302 is 1.47863 over 278 frames.
nsc-part2-chn0-spk08993009inf-030090352 show me the way to __Bukit_Batok polyclinic 
LOG (nnet3-latgen-faster[5.5.888~1-d619]:DecodeUtteranceLatticeFaster():decoder-wrappers.cc:375) Log-like per frame for utterance nsc-part2-chn0-spk08993009inf-030090352 is 1.7894 over 144 frames.
nsc-part2-chn0-spk08993009inf-030090411 __Canning_Rise lim our road and mother sir originate or __Al_Islamic school 
LOG (nnet3-latgen-faster[5.5.888~1-d619]:DecodeUtteranceLatticeFaster():decoder-wrappers.cc:375) Log-like per frame for utterance nsc-part2-chn0-spk08993009inf-030090411 is 1.50919 over 268 frames.
nsc-part2-chn0-spk08993009inf-030090434 most hill wrote __Ang_Mo_Kio hub and __Jalan_Kampong_Siglap 
LOG (nnet3-latgen-faster[5.5.888~1-d619]:DecodeUtteranceLatticeFaster():decoder-wrappers.cc:375) Log-like per frame for utterance nsc-part2-chn0-spk08993009inf-030090434 is 1.60624 over 185 frames.
nsc-part2-chn0-spk08993009inf-030090439 __Tian_Kong highway __Bukit_Timah_Avenue and __Sengkang_East_Way rude 
LOG (nnet3-latgen-faster[5.5.888~1-d619]:DecodeUtteranceLatticeFaster():decoder-wrappers.cc:375) Log-like per frame for utterance nsc-part2-chn0-spk08993009inf-030090439 is 1.62035 over 195 frames.
nsc-part2-chn0-spk08993009inf-030090442 can recommend me arrest foreign near library at __Chinatown_Hotel 
LOG (nnet3-latgen-faster[5.5.888~1-d619]:DecodeUtteranceLatticeFaster():decoder-wrappers.cc:375) Log-like per frame for utterance nsc-part2-chn0-spk08993009inf-030090442 is 1.59489 over 177 frames.
nsc-part2-chn0-spk08993009inf-030091593 __Boat_Quay shan way child tried town and rooted crispy spring chicken 
LOG (nnet3-latgen-faster[5.5.888~1-d619]:DecodeUtteranceLatticeFaster():decoder-wrappers.cc:375) Log-like per frame for utterance nsc-part2-chn0-spk08993009inf-030091593 is 1.45928 over 271 frames.
nsc-part2-chn0-spk08993009inf-030091644 i am meeting ordinary at __Spring_Street first 
LOG (nnet3-latgen-faster[5.5.888~1-d619]:DecodeUtteranceLatticeFaster():decoder-wrappers.cc:375) Log-like per frame for utterance nsc-part2-chn0-spk08993009inf-030091644 is 1.58667 over 150 frames.
nsc-part2-chn0-spk08993009inf-030091751 do you know where is __Chuan_Walk h b branch office 
LOG (nnet3-latgen-faster[5.5.888~1-d619]:DecodeUtteranceLatticeFaster():decoder-wrappers.cc:375) Log-like per frame for utterance nsc-part2-chn0-spk08993009inf-030091751 is 1.48707 over 211 frames.
nsc-part2-chn0-spk09062988maf-029880079 low league being __Vivien_Quahe may lim and __Hussein_Aljunied 
LOG (nnet3-latgen-faster[5.5.888~1-d619]:DecodeUtteranceLatticeFaster():decoder-wrappers.cc:375) Log-like per frame for utterance nsc-part2-chn0-spk09062988maf-029880079 is 1.47078 over 206 frames.
nsc-part2-chn0-spk09062988maf-029880111 shop one close single for international campus and __Seletar_Lodge_One 
LOG (nnet3-latgen-faster[5.5.888~1-d619]:DecodeUtteranceLatticeFaster():decoder-wrappers.cc:375) Log-like per frame for utterance nsc-part2-chn0-spk09062988maf-029880111 is 1.62826 over 194 frames.
nsc-part2-chn0-spk09062988maf-029880150 how long visit take to get to confirmed copy china symmetry by taxi 
LOG (nnet3-latgen-faster[5.5.888~1-d619]:DecodeUtteranceLatticeFaster():decoder-wrappers.cc:375) Log-like per frame for utterance nsc-part2-chn0-spk09062988maf-029880150 is 1.5229 over 191 frames.
nsc-part2-chn0-spk09062988maf-029880188 how do i get to __Geylang_Bahru 
LOG (nnet3-latgen-faster[5.5.888~1-d619]:DecodeUtteranceLatticeFaster():decoder-wrappers.cc:375) Log-like per frame for utterance nsc-part2-chn0-spk09062988maf-029880188 is 1.63556 over 92 frames.
nsc-part2-chn0-spk09062988maf-029880225 __Bedok_View __Bedok_Point 
LOG (nnet3-latgen-faster[5.5.888~1-d619]:DecodeUtteranceLatticeFaster():decoder-wrappers.cc:375) Log-like per frame for utterance nsc-part2-chn0-spk09062988maf-029880225 is 1.48752 over 64 frames.
nsc-part2-chn0-spk09062988maf-029880258 __Chinatown_Point __Chencharu_Lane and __Jalan_Klapa 
LOG (nnet3-latgen-faster[5.5.888~1-d619]:DecodeUtteranceLatticeFaster():decoder-wrappers.cc:375) Log-like per frame for utterance nsc-part2-chn0-spk09062988maf-029880258 is 1.62591 over 157 frames.
nsc-part2-chn0-spk09062988maf-029880281 do know how to code frosted crispy shun spring chicken 
LOG (nnet3-latgen-faster[5.5.888~1-d619]:DecodeUtteranceLatticeFaster():decoder-wrappers.cc:375) Log-like per frame for utterance nsc-part2-chn0-spk09062988maf-029880281 is 1.51129 over 163 frames.
nsc-part2-chn0-spk09062988maf-029880308 north both key __Blackmore_Drive and spring __Singapore_Bible 
LOG (nnet3-latgen-faster[5.5.888~1-d619]:DecodeUtteranceLatticeFaster():decoder-wrappers.cc:375) Log-like per frame for utterance nsc-part2-chn0-spk09062988maf-029880308 is 1.4725 over 152 frames.
nsc-part2-chn0-spk09062988maf-029880407 do know where is __Bukit_Batok polyclinic 
LOG (nnet3-latgen-faster[5.5.888~1-d619]:DecodeUtteranceLatticeFaster():decoder-wrappers.cc:375) Log-like per frame for utterance nsc-part2-chn0-spk09062988maf-029880407 is 1.80258 over 106 frames.
nsc-part2-chn0-spk09062988maf-029880415 poor on same temple __Bukit_Timah expressway and __Moonbeam_Drive 
LOG (nnet3-latgen-faster[5.5.888~1-d619]:DecodeUtteranceLatticeFaster():decoder-wrappers.cc:375) Log-like per frame for utterance nsc-part2-chn0-spk09062988maf-029880415 is 1.5068 over 185 frames.
nsc-part2-chn0-spk09062988maf-029881497 __Compassvale_Road __Jalan_Batu_Ubin and __Simpang_De_Bedok __Boarding_House 
LOG (nnet3-latgen-faster[5.5.888~1-d619]:DecodeUtteranceLatticeFaster():decoder-wrappers.cc:375) Log-like per frame for utterance nsc-part2-chn0-spk09062988maf-029881497 is 1.73623 over 193 frames.
nsc-part2-chn0-spk09062988maf-029881548 how far away is happy hotel spring from here 
LOG (nnet3-latgen-faster[5.5.888~1-d619]:DecodeUtteranceLatticeFaster():decoder-wrappers.cc:375) Log-like per frame for utterance nsc-part2-chn0-spk09062988maf-029881548 is 1.54997 over 131 frames.
nsc-part2-chn0-spk09062988maf-029881660 __Jalan_Senyum him do advisory born and confirmed __Topaz_Road 
LOG (nnet3-latgen-faster[5.5.888~1-d619]:DecodeUtteranceLatticeFaster():decoder-wrappers.cc:375) Log-like per frame for utterance nsc-part2-chn0-spk09062988maf-029881660 is 1.69378 over 177 frames.
nsc-part2-chn0-spk09062988maf-029881687 where is confirmed __Jalan_Lapang know 
LOG (nnet3-latgen-faster[5.5.888~1-d619]:DecodeUtteranceLatticeFaster():decoder-wrappers.cc:375) Log-like per frame for utterance nsc-part2-chn0-spk09062988maf-029881687 is 1.38113 over 101 frames.
nsc-part2-chn0-spk09062988maf-029881890 can recommend me restaurant year superpower animal quarantine station 
LOG (nnet3-latgen-faster[5.5.888~1-d619]:DecodeUtteranceLatticeFaster():decoder-wrappers.cc:375) Log-like per frame for utterance nsc-part2-chn0-spk09062988maf-029881890 is 1.4653 over 202 frames.
nsc-part2-chn0-spk09072989cnm-029890009 how long will it take to walk to __Bukit_Batok_Central_Link 
LOG (nnet3-latgen-faster[5.5.888~1-d619]:DecodeUtteranceLatticeFaster():decoder-wrappers.cc:375) Log-like per frame for utterance nsc-part2-chn0-spk09072989cnm-029890009 is 1.74567 over 131 frames.
nsc-part2-chn0-spk09072989cnm-029890014 due spring and yes 
LOG (nnet3-latgen-faster[5.5.888~1-d619]:DecodeUtteranceLatticeFaster():decoder-wrappers.cc:375) Log-like per frame for utterance nsc-part2-chn0-spk09072989cnm-029890014 is 1.30194 over 121 frames.
nsc-part2-chn0-spk09072989cnm-029890020 __Nasi_Goreng see would rasa registered crispy spring chicken and jean til 
LOG (nnet3-latgen-faster[5.5.888~1-d619]:DecodeUtteranceLatticeFaster():decoder-wrappers.cc:375) Log-like per frame for utterance nsc-part2-chn0-spk09072989cnm-029890020 is 1.4527 over 228 frames.
nsc-part2-chn0-spk09072989cnm-029890030 __Chinatown_Hotel 
LOG (nnet3-latgen-faster[5.5.888~1-d619]:DecodeUtteranceLatticeFaster():decoder-wrappers.cc:375) Log-like per frame for utterance nsc-part2-chn0-spk09072989cnm-029890030 is 1.71171 over 75 frames.
nsc-part2-chn0-spk09072989cnm-029890111 __Bukit_Merah_View __Admiralty_West prison and __Seletar_Court 
LOG (nnet3-latgen-faster[5.5.888~1-d619]:DecodeUtteranceLatticeFaster():decoder-wrappers.cc:375) Log-like per frame for utterance nsc-part2-chn0-spk09072989cnm-029890111 is 1.73015 over 151 frames.
nsc-part2-chn0-spk09072989cnm-029890149 i meeting divorce at __Kampong_Kayu_Road first 
LOG (nnet3-latgen-faster[5.5.888~1-d619]:DecodeUtteranceLatticeFaster():decoder-wrappers.cc:375) Log-like per frame for utterance nsc-part2-chn0-spk09072989cnm-029890149 is 1.51309 over 142 frames.
nsc-part2-chn0-spk09072989cnm-029890199 whatever landmark near __Sembawang_Avenue mum quarantine station 
LOG (nnet3-latgen-faster[5.5.888~1-d619]:DecodeUtteranceLatticeFaster():decoder-wrappers.cc:375) Log-like per frame for utterance nsc-part2-chn0-spk09072989cnm-029890199 is 1.5706 over 142 frames.
nsc-part2-chn0-spk09072989cnm-029890247 __Rochor_Kongsi for the yes air university __Asia_Pacific can pass and __Bedok_North 
LOG (nnet3-latgen-faster[5.5.888~1-d619]:DecodeUtteranceLatticeFaster():decoder-wrappers.cc:375) Log-like per frame for utterance nsc-part2-chn0-spk09072989cnm-029890247 is 1.51603 over 250 frames.
nsc-part2-chn0-spk09072989cnm-029890280 can i take the mufti to __Geylang_Serai 
LOG (nnet3-latgen-faster[5.5.888~1-d619]:DecodeUtteranceLatticeFaster():decoder-wrappers.cc:375) Log-like per frame for utterance nsc-part2-chn0-spk09072989cnm-029890280 is 1.64625 over 106 frames.
nsc-part2-chn0-spk09072989cnm-029890297 __Hussein_Aljunied __Rebecca_Chua and __Abraham_Solomon 
LOG (nnet3-latgen-faster[5.5.888~1-d619]:DecodeUtteranceLatticeFaster():decoder-wrappers.cc:375) Log-like per frame for utterance nsc-part2-chn0-spk09072989cnm-029890297 is 1.62973 over 150 frames.
nsc-part2-chn0-spk09072989cnm-029890401 please tell me how to get to __Bukit_Timah nature reserve 
LOG (nnet3-latgen-faster[5.5.888~1-d619]:DecodeUtteranceLatticeFaster():decoder-wrappers.cc:375) Log-like per frame for utterance nsc-part2-chn0-spk09072989cnm-029890401 is 1.48115 over 129 frames.
nsc-part2-chn0-spk09072989cnm-029890411 __Chong_Pang driving test center __Chencharu_Link and normal teras 
LOG (nnet3-latgen-faster[5.5.888~1-d619]:DecodeUtteranceLatticeFaster():decoder-wrappers.cc:375) Log-like per frame for utterance nsc-part2-chn0-spk09072989cnm-029890411 is 1.62128 over 195 frames.
nsc-part2-chn0-spk09072989cnm-029891651 is faster to take the bus to __Jalan_Jong __Jalan_Lapang 
LOG (nnet3-latgen-faster[5.5.888~1-d619]:DecodeUtteranceLatticeFaster():decoder-wrappers.cc:375) Log-like per frame for utterance nsc-part2-chn0-spk09072989cnm-029891651 is 1.37494 over 124 frames.
nsc-part2-chn0-spk09072989cnm-029891762 civil biography about __Lim_Chong_Pang time __Kim_Seng and __Morgan_Chua was recently publish 
LOG (nnet3-latgen-faster[5.5.888~1-d619]:DecodeUtteranceLatticeFaster():decoder-wrappers.cc:375) Log-like per frame for utterance nsc-part2-chn0-spk09072989cnm-029891762 is 1.57974 over 232 frames.
nsc-part2-chn0-spk09163029inm-030290014 spring until anti j 
LOG (nnet3-latgen-faster[5.5.888~1-d619]:DecodeUtteranceLatticeFaster():decoder-wrappers.cc:375) Log-like per frame for utterance nsc-part2-chn0-spk09163029inm-030290014 is 1.36511 over 123 frames.
nsc-part2-chn0-spk09163029inm-030290023 is about thirteen minus walk to summer one terminal avenue three 
LOG (nnet3-latgen-faster[5.5.888~1-d619]:DecodeUtteranceLatticeFaster():decoder-wrappers.cc:375) Log-like per frame for utterance nsc-part2-chn0-spk09163029inm-030290023 is 1.70693 over 145 frames.
nsc-part2-chn0-spk09163029inm-030290028 could it tell me all the way to __Aljunied_Neighbourhood police post 
LOG (nnet3-latgen-faster[5.5.888~1-d619]:DecodeUtteranceLatticeFaster():decoder-wrappers.cc:375) Log-like per frame for utterance nsc-part2-chn0-spk09163029inm-030290028 is 1.59984 over 170 frames.
nsc-part2-chn0-spk09163029inm-030290087 __Chong_Pang will b c lifelong learning institute and __Old_Upper_Thomson road 
LOG (nnet3-latgen-faster[5.5.888~1-d619]:DecodeUtteranceLatticeFaster():decoder-wrappers.cc:375) Log-like per frame for utterance nsc-part2-chn0-spk09163029inm-030290087 is 1.48916 over 191 frames.
nsc-part2-chn0-spk09163029inm-030290099 catalogue junior colleague hostel __Jalan_Lapang ignore spring primary school 
LOG (nnet3-latgen-faster[5.5.888~1-d619]:DecodeUtteranceLatticeFaster():decoder-wrappers.cc:375) Log-like per frame for utterance nsc-part2-chn0-spk09163029inm-030290099 is 1.61257 over 212 frames.
nsc-part2-chn0-spk09163029inm-030290144 __Jalan_Pinang __Seletar_Hill space in __South_Buona_Vista_Road 
LOG (nnet3-latgen-faster[5.5.888~1-d619]:DecodeUtteranceLatticeFaster():decoder-wrappers.cc:375) Log-like per frame for utterance nsc-part2-chn0-spk09163029inm-030290144 is 1.53753 over 160 frames.
nsc-part2-chn0-spk09163029inm-030290247 __Bedok_Ria_Crescent __Croucher_Road and pioneer service center 
LOG (nnet3-latgen-faster[5.5.888~1-d619]:DecodeUtteranceLatticeFaster():decoder-wrappers.cc:375) Log-like per frame for utterance nsc-part2-chn0-spk09163029inm-030290247 is 1.63592 over 145 frames.
nsc-part2-chn0-spk09163029inm-030290308 birth club road __Geylang_United temple and __Brani_Drive seven 
LOG (nnet3-latgen-faster[5.5.888~1-d619]:DecodeUtteranceLatticeFaster():decoder-wrappers.cc:375) Log-like per frame for utterance nsc-part2-chn0-spk09163029inm-030290308 is 1.56602 over 206 frames.
nsc-part2-chn0-spk09163029inm-030290415 __Bukit_Batok polyclinic __Dock_Road_West in __Jalan_Zamrud 
LOG (nnet3-latgen-faster[5.5.888~1-d619]:DecodeUtteranceLatticeFaster():decoder-wrappers.cc:375) Log-like per frame for utterance nsc-part2-chn0-spk09163029inm-030290415 is 1.56853 over 155 frames.
nsc-part2-chn0-spk09163029inm-030290434 general crescent __Bukit_Timah_Link and terrace deal 
LOG (nnet3-latgen-faster[5.5.888~1-d619]:DecodeUtteranceLatticeFaster():decoder-wrappers.cc:375) Log-like per frame for utterance nsc-part2-chn0-spk09163029inm-030290434 is 1.59108 over 132 frames.
nsc-part2-chn0-spk09163029inm-030291480 __Sunset_Close __Jalan_Tenang and __Chinatown_Hotel 
LOG (nnet3-latgen-faster[5.5.888~1-d619]:DecodeUtteranceLatticeFaster():decoder-wrappers.cc:375) Log-like per frame for utterance nsc-part2-chn0-spk09163029inm-030291480 is 1.71595 over 145 frames.
nsc-part2-chn0-spk09163029inm-030291528 __Lorong_Sinaran eleven and __Kampong_Bahru road 
LOG (nnet3-latgen-faster[5.5.888~1-d619]:DecodeUtteranceLatticeFaster():decoder-wrappers.cc:375) Log-like per frame for utterance nsc-part2-chn0-spk09163029inm-030291528 is 1.54851 over 145 frames.
nsc-part2-chn0-spk09163029inm-030291660 hotel as salary confirmed government right any __Singapore_Bible any simple converse and industry 
LOG (nnet3-latgen-faster[5.5.888~1-d619]:DecodeUtteranceLatticeFaster():decoder-wrappers.cc:375) Log-like per frame for utterance nsc-part2-chn0-spk09163029inm-030291660 is 1.34322 over 176 frames.
nsc-part2-chn0-spk09163029inm-030291859 __Bukit_Manis_Road __Jalan_Rendang and summer one anyway quarantine station 
LOG (nnet3-latgen-faster[5.5.888~1-d619]:DecodeUtteranceLatticeFaster():decoder-wrappers.cc:375) Log-like per frame for utterance nsc-part2-chn0-spk09163029inm-030291859 is 1.5522 over 200 frames.
nsc-part2-chn0-spk09203005cnf-030050004 __Bedok_North return multilingual enroll postal crispy spring chicken 
LOG (nnet3-latgen-faster[5.5.888~1-d619]:DecodeUtteranceLatticeFaster():decoder-wrappers.cc:375) Log-like per frame for utterance nsc-part2-chn0-spk09203005cnf-030050004 is 1.36946 over 160 frames.
nsc-part2-chn0-spk09203005cnf-030050028 could tell me away to __Taman_Jurong __Shopping_Centre 
LOG (nnet3-latgen-faster[5.5.888~1-d619]:DecodeUtteranceLatticeFaster():decoder-wrappers.cc:375) Log-like per frame for utterance nsc-part2-chn0-spk09203005cnf-030050028 is 1.67067 over 142 frames.
nsc-part2-chn0-spk09203005cnf-030050085 someone h b branch office 
LOG (nnet3-latgen-faster[5.5.888~1-d619]:DecodeUtteranceLatticeFaster():decoder-wrappers.cc:375) Log-like per frame for utterance nsc-part2-chn0-spk09203005cnf-030050085 is 1.40264 over 126 frames.
nsc-part2-chn0-spk09203005cnf-030050123 __Seletar_South_Road __Redwood_Grove and pick box 
LOG (nnet3-latgen-faster[5.5.888~1-d619]:DecodeUtteranceLatticeFaster():decoder-wrappers.cc:375) Log-like per frame for utterance nsc-part2-chn0-spk09203005cnf-030050123 is 1.59683 over 169 frames.
nsc-part2-chn0-spk09203005cnf-030050166 what other landmark near kampong what husband 
LOG (nnet3-latgen-faster[5.5.888~1-d619]:DecodeUtteranceLatticeFaster():decoder-wrappers.cc:375) Log-like per frame for utterance nsc-part2-chn0-spk09203005cnf-030050166 is 1.53278 over 134 frames.
nsc-part2-chn0-spk09203005cnf-030050212 __Singapore'S_Mariners' we kuan __Jalan_Jong __Lim_Ah_Pin_Road and __Geylang_Road 
LOG (nnet3-latgen-faster[5.5.888~1-d619]:DecodeUtteranceLatticeFaster():decoder-wrappers.cc:375) Log-like per frame for utterance nsc-part2-chn0-spk09203005cnf-030050212 is 1.52906 over 201 frames.
nsc-part2-chn0-spk09203005cnf-030050221 select fast those way to __Simpang_Bedok 
LOG (nnet3-latgen-faster[5.5.888~1-d619]:DecodeUtteranceLatticeFaster():decoder-wrappers.cc:375) Log-like per frame for utterance nsc-part2-chn0-spk09203005cnf-030050221 is 1.61189 over 116 frames.
nsc-part2-chn0-spk09203005cnf-030050294 part avenue soon river win our week role and __West_Spring 
LOG (nnet3-latgen-faster[5.5.888~1-d619]:DecodeUtteranceLatticeFaster():decoder-wrappers.cc:375) Log-like per frame for utterance nsc-part2-chn0-spk09203005cnf-030050294 is 1.5796 over 177 frames.
nsc-part2-chn0-spk09203005cnf-030050356 fault follow so towards she york crescent and __Bukit_Batok industrial part 
LOG (nnet3-latgen-faster[5.5.888~1-d619]:DecodeUtteranceLatticeFaster():decoder-wrappers.cc:375) Log-like per frame for utterance nsc-part2-chn0-spk09203005cnf-030050356 is 1.64271 over 201 frames.
nsc-part2-chn0-spk09203005cnf-030050374 __Hussein_Aljunied join lee k and __Rebecca_Chua 
LOG (nnet3-latgen-faster[5.5.888~1-d619]:DecodeUtteranceLatticeFaster():decoder-wrappers.cc:375) Log-like per frame for utterance nsc-part2-chn0-spk09203005cnf-030050374 is 1.52574 over 170 frames.
nsc-part2-chn0-spk09203005cnf-030050388 know where is kampong b c 
LOG (nnet3-latgen-faster[5.5.888~1-d619]:DecodeUtteranceLatticeFaster():decoder-wrappers.cc:375) Log-like per frame for utterance nsc-part2-chn0-spk09203005cnf-030050388 is 1.23239 over 114 frames.
nsc-part2-chn0-spk09203005cnf-030050414 __Lower_Seletar_Reservoir 
LOG (nnet3-latgen-faster[5.5.888~1-d619]:DecodeUtteranceLatticeFaster():decoder-wrappers.cc:375) Log-like per frame for utterance nsc-part2-chn0-spk09203005cnf-030050414 is 1.69796 over 93 frames.
nsc-part2-chn0-spk09203005cnf-030050423 which bus should i tick to china town heritage center 
LOG (nnet3-latgen-faster[5.5.888~1-d619]:DecodeUtteranceLatticeFaster():decoder-wrappers.cc:375) Log-like per frame for utterance nsc-part2-chn0-spk09203005cnf-030050423 is 1.6268 over 142 frames.
nsc-part2-chn0-spk09203005cnf-030050439 __Greenwich_Drive almost alarm twenty wrote and __Bukit_Timah_Link 
LOG (nnet3-latgen-faster[5.5.888~1-d619]:DecodeUtteranceLatticeFaster():decoder-wrappers.cc:375) Log-like per frame for utterance nsc-part2-chn0-spk09203005cnf-030050439 is 1.6065 over 217 frames.
nsc-part2-chn0-spk09203005cnf-030051867 spring exact link and 
LOG (nnet3-latgen-faster[5.5.888~1-d619]:DecodeUtteranceLatticeFaster():decoder-wrappers.cc:375) Log-like per frame for utterance nsc-part2-chn0-spk09203005cnf-030051867 is 1.38988 over 139 frames.
nsc-part2-chn0-spk09203005cnf-030051893 superior hoster __Jalan_Jong kerana and __Marsiling_Road 
LOG (nnet3-latgen-faster[5.5.888~1-d619]:DecodeUtteranceLatticeFaster():decoder-wrappers.cc:375) Log-like per frame for utterance nsc-part2-chn0-spk09203005cnf-030051893 is 1.43848 over 149 frames.
nsc-part2-chn0-spk09222998maf-029980029 dinner is dropping me of at __Bukit_Batok_Central 
LOG (nnet3-latgen-faster[5.5.888~1-d619]:DecodeUtteranceLatticeFaster():decoder-wrappers.cc:375) Log-like per frame for utterance nsc-part2-chn0-spk09222998maf-029980029 is 1.56015 over 154 frames.
nsc-part2-chn0-spk09222998maf-029980099 __Kampong_Bugis_Crescent hand date guardian and __Pasir_Ris_Way 
LOG (nnet3-latgen-faster[5.5.888~1-d619]:DecodeUtteranceLatticeFaster():decoder-wrappers.cc:375) Log-like per frame for utterance nsc-part2-chn0-spk09222998maf-029980099 is 1.54851 over 244 frames.
nsc-part2-chn0-spk09222998maf-029980181 how far away is yes __Chinatown_Point hotel formed here 
LOG (nnet3-latgen-faster[5.5.888~1-d619]:DecodeUtteranceLatticeFaster():decoder-wrappers.cc:375) Log-like per frame for utterance nsc-part2-chn0-spk09222998maf-029980181 is 1.55652 over 154 frames.
nsc-part2-chn0-spk09222998maf-029980225 __Simpang_De_Bedok 
LOG (nnet3-latgen-faster[5.5.888~1-d619]:DecodeUtteranceLatticeFaster():decoder-wrappers.cc:375) Log-like per frame for utterance nsc-part2-chn0-spk09222998maf-029980225 is 1.66705 over 67 frames.
nsc-part2-chn0-spk09222998maf-029980236 how column does eight take to get asthma got of help temple by taxi 
LOG (nnet3-latgen-faster[5.5.888~1-d619]:DecodeUtteranceLatticeFaster():decoder-wrappers.cc:375) Log-like per frame for utterance nsc-part2-chn0-spk09222998maf-029980236 is 1.44713 over 210 frames.
nsc-part2-chn0-spk09222998maf-029980251 __Jalan_Binjai escalator airport anda __Cashew_Road 
LOG (nnet3-latgen-faster[5.5.888~1-d619]:DecodeUtteranceLatticeFaster():decoder-wrappers.cc:375) Log-like per frame for utterance nsc-part2-chn0-spk09222998maf-029980251 is 1.48347 over 149 frames.
nsc-part2-chn0-spk09222998maf-029980294 what i sent days __Geylang_East_Avenue and central never thing view 
LOG (nnet3-latgen-faster[5.5.888~1-d619]:DecodeUtteranceLatticeFaster():decoder-wrappers.cc:375) Log-like per frame for utterance nsc-part2-chn0-spk09222998maf-029980294 is 1.59006 over 208 frames.
nsc-part2-chn0-spk09222998maf-029980326 where is __Bukit_Timah expressway 
LOG (nnet3-latgen-faster[5.5.888~1-d619]:DecodeUtteranceLatticeFaster():decoder-wrappers.cc:375) Log-like per frame for utterance nsc-part2-chn0-spk09222998maf-029980326 is 1.53603 over 105 frames.
nsc-part2-chn0-spk09222998maf-029980356 west close highway __Jalan_Kampong_Chantek and say anniversary report 
LOG (nnet3-latgen-faster[5.5.888~1-d619]:DecodeUtteranceLatticeFaster():decoder-wrappers.cc:375) Log-like per frame for utterance nsc-part2-chn0-spk09222998maf-029980356 is 1.46036 over 284 frames.
nsc-part2-chn0-spk09222998maf-029980362 who say unit __Alex_Josey and till kim by 
LOG (nnet3-latgen-faster[5.5.888~1-d619]:DecodeUtteranceLatticeFaster():decoder-wrappers.cc:375) Log-like per frame for utterance nsc-part2-chn0-spk09222998maf-029980362 is 1.33792 over 170 frames.
nsc-part2-chn0-spk09222998maf-029980433 garden central __Kampong_Glam constituency sport club and tourney hill 
LOG (nnet3-latgen-faster[5.5.888~1-d619]:DecodeUtteranceLatticeFaster():decoder-wrappers.cc:375) Log-like per frame for utterance nsc-part2-chn0-spk09222998maf-029980433 is 1.43632 over 265 frames.
nsc-part2-chn0-spk09222998maf-029981497 __Jurong_Port __Guillemard_Road and __Lower_Seletar_Reservoir 
LOG (nnet3-latgen-faster[5.5.888~1-d619]:DecodeUtteranceLatticeFaster():decoder-wrappers.cc:375) Log-like per frame for utterance nsc-part2-chn0-spk09222998maf-029981497 is 1.56785 over 158 frames.
nsc-part2-chn0-spk09222998maf-029981694 bravo low one tiny posted displease been chicken 
LOG (nnet3-latgen-faster[5.5.888~1-d619]:DecodeUtteranceLatticeFaster():decoder-wrappers.cc:375) Log-like per frame for utterance nsc-part2-chn0-spk09222998maf-029981694 is 1.26106 over 150 frames.
nsc-part2-chn0-spk09222998maf-029981881 __Marsiling_Drive and __Verde_Crescent 
LOG (nnet3-latgen-faster[5.5.888~1-d619]:DecodeUtteranceLatticeFaster():decoder-wrappers.cc:375) Log-like per frame for utterance nsc-part2-chn0-spk09222998maf-029981881 is 1.2843 over 142 frames.
nsc-part2-chn0-spk09222998maf-029981884 __Jalan_Baiduri only __Geylang_Road and __Kampong_Sireh 
LOG (nnet3-latgen-faster[5.5.888~1-d619]:DecodeUtteranceLatticeFaster():decoder-wrappers.cc:375) Log-like per frame for utterance nsc-part2-chn0-spk09222998maf-029981884 is 1.30519 over 132 frames.
nsc-part2-chn0-spk09293057maf-030570080 home sweet hotel __Geylang_Bahru_Lane and __Geylang_Square 
LOG (nnet3-latgen-faster[5.5.888~1-d619]:DecodeUtteranceLatticeFaster():decoder-wrappers.cc:375) Log-like per frame for utterance nsc-part2-chn0-spk09293057maf-030570080 is 1.95319 over 129 frames.
nsc-part2-chn0-spk09293057maf-030570100 how four away is __Kampong_Glam from here 
LOG (nnet3-latgen-faster[5.5.888~1-d619]:DecodeUtteranceLatticeFaster():decoder-wrappers.cc:375) Log-like per frame for utterance nsc-part2-chn0-spk09293057maf-030570100 is 1.57041 over 105 frames.
nsc-part2-chn0-spk09293057maf-030570118 gangway avenue the __Green_Kiwi_Backpacker hospital and __Sembawang_Vista 
LOG (nnet3-latgen-faster[5.5.888~1-d619]:DecodeUtteranceLatticeFaster():decoder-wrappers.cc:375) Log-like per frame for utterance nsc-part2-chn0-spk09293057maf-030570118 is 1.59068 over 178 frames.
nsc-part2-chn0-spk09293057maf-030570196 i meeting morning __Aljunied_Crescent first 
LOG (nnet3-latgen-faster[5.5.888~1-d619]:DecodeUtteranceLatticeFaster():decoder-wrappers.cc:375) Log-like per frame for utterance nsc-part2-chn0-spk09293057maf-030570196 is 1.53533 over 125 frames.
nsc-part2-chn0-spk09293057maf-030570203 his faster to take the bus to __Seletar_Court 
LOG (nnet3-latgen-faster[5.5.888~1-d619]:DecodeUtteranceLatticeFaster():decoder-wrappers.cc:375) Log-like per frame for utterance nsc-part2-chn0-spk09293057maf-030570203 is 1.45319 over 108 frames.
nsc-part2-chn0-spk09293057maf-030570204 canada multiply to __Taman_Bedok 
LOG (nnet3-latgen-faster[5.5.888~1-d619]:DecodeUtteranceLatticeFaster():decoder-wrappers.cc:375) Log-like per frame for utterance nsc-part2-chn0-spk09293057maf-030570204 is 1.5144 over 93 frames.
nsc-part2-chn0-spk09293057maf-030570415 __Gul_Lane __Bukit_Batok __Jalan_Jeruju 
LOG (nnet3-latgen-faster[5.5.888~1-d619]:DecodeUtteranceLatticeFaster():decoder-wrappers.cc:375) Log-like per frame for utterance nsc-part2-chn0-spk09293057maf-030570415 is 1.71778 over 103 frames.
nsc-part2-chn0-spk09293057maf-030571563 what is first this way to __Bedok_Reservoir 
LOG (nnet3-latgen-faster[5.5.888~1-d619]:DecodeUtteranceLatticeFaster():decoder-wrappers.cc:375) Log-like per frame for utterance nsc-part2-chn0-spk09293057maf-030571563 is 1.56524 over 99 frames.
nsc-part2-chn0-spk09293057maf-030571569 i am already for early into comeback from __Bukit_Timah_Link 
LOG (nnet3-latgen-faster[5.5.888~1-d619]:DecodeUtteranceLatticeFaster():decoder-wrappers.cc:375) Log-like per frame for utterance nsc-part2-chn0-spk09293057maf-030571569 is 1.55573 over 121 frames.
nsc-part2-chn0-spk09293057maf-030571598 __Hougang_One city to get to __Marsiling_Road by taxi 
LOG (nnet3-latgen-faster[5.5.888~1-d619]:DecodeUtteranceLatticeFaster():decoder-wrappers.cc:375) Log-like per frame for utterance nsc-part2-chn0-spk09293057maf-030571598 is 1.49645 over 120 frames.
LOG (apply-cmvn[5.5.888~1-d619]:main():apply-cmvn.cc:81) Copied 120 utterances.
nsc-part2-chn0-spk09293057maf-030571750 lunch and guide right __Sembawang_Terminal_Avenue three and __Boon_Lay at scenario ran 
LOG (nnet3-latgen-faster[5.5.888~1-d619]:DecodeUtteranceLatticeFaster():decoder-wrappers.cc:375) Log-like per frame for utterance nsc-part2-chn0-spk09293057maf-030571750 is 1.51863 over 189 frames.
nsc-part2-chn0-spk09293057maf-030571760 __Asimont_Lane serai avenue __Sembawang_Hills_Drive 
LOG (nnet3-latgen-faster[5.5.888~1-d619]:DecodeUtteranceLatticeFaster():decoder-wrappers.cc:375) Log-like per frame for utterance nsc-part2-chn0-spk09293057maf-030571760 is 1.64985 over 128 frames.
nsc-part2-chn0-spk09293057maf-030571823 how do i get to __Spring_Street 
LOG (nnet3-latgen-faster[5.5.888~1-d619]:DecodeUtteranceLatticeFaster():decoder-wrappers.cc:375) Log-like per frame for utterance nsc-part2-chn0-spk09293057maf-030571823 is 1.52972 over 82 frames.
nsc-part2-chn0-spk09293057maf-030571832 mainly more please __Jalan_Kampong_Chantek and __Ceylon_Road 
LOG (nnet3-latgen-faster[5.5.888~1-d619]:DecodeUtteranceLatticeFaster():decoder-wrappers.cc:375) Log-like per frame for utterance nsc-part2-chn0-spk09293057maf-030571832 is 1.59459 over 138 frames.
nsc-part2-chn0-spk09293057maf-030571890 can undetermined me restaurant your __Chinatown_Point 
LOG (nnet3-latgen-faster[5.5.888~1-d619]:DecodeUtteranceLatticeFaster():decoder-wrappers.cc:375) Log-like per frame for utterance nsc-part2-chn0-spk09293057maf-030571890 is 1.50149 over 121 frames.
LOG (nnet3-latgen-faster[5.5.888~1-d619]:main():nnet3-latgen-faster.cc:256) Time taken 409.527s: real-time factor assuming 100 frames/sec is 0.69059
LOG (nnet3-latgen-faster[5.5.888~1-d619]:main():nnet3-latgen-faster.cc:259) Done 120 utterances, failed for 0
LOG (nnet3-latgen-faster[5.5.888~1-d619]:main():nnet3-latgen-faster.cc:261) Overall log-likelihood per frame is 1.55386 over 19767 frames.
LOG (nnet3-latgen-faster[5.5.888~1-d619]:~CachingOptimizingCompiler():nnet-optimize.cc:710) 0.668 seconds taken in nnet3 compilation total (breakdown: 0.465 compilation, 0.124 optimization, 0 shortcut expansion, 0.0236 checking, 0.000157 computing indexes, 0.0543 misc.) + 0 I/O.
LOG (lattice-scale[5.5.888~1-d619]:main():lattice-scale.cc:107) Done 120 lattices.
# Ended (code 0) at Wed Aug 25 19:07:29 +08 2021, elapsed time 457 seconds
