# nnet3-latgen-faster --online-ivectors=scp:./ivector/imda-part2/ivector_online.scp --online-ivector-period=10 --frame-subsampling-factor=3 --frames-per-chunk=50 --extra-left-context=0 --extra-right-context=0 --extra-left-context-initial=-1 --extra-right-context-final=-1 --minimize=false --max-active=7000 --min-active=200 --beam=15.0 --lattice-beam=8.0 --acoustic-scale=1.0 --allow-partial=true --word-symbol-table=/home3/ztkyaw/w2021/deliverables/contrast-zin-dev/output/expEX2/graph/words.txt /home3/ztkyaw/w2021/deliverables/contrast-zin-dev/baseline/tdnnf-transfer-sp/final.mdl /home3/ztkyaw/w2021/deliverables/contrast-zin-dev/output/expEX2/graph/HCLG.fst "ark,s,cs:apply-cmvn --norm-means=false --norm-vars=false --utt2spk=ark:./data/imda-part2/mfcc-hires/split10/4/utt2spk scp:./data/imda-part2/mfcc-hires/split10/4/cmvn.scp scp:./data/imda-part2/mfcc-hires/split10/4/feats.scp ark:- |" "ark:|lattice-scale --acoustic-scale=10.0 ark:- ark:- | gzip -c >/home3/ztkyaw/w2021/deliverables/contrast-zin-dev/baseline/tdnnf-transfer-sp/decode_imda-part2_1629889191-hw_lmg/lat.4.gz" 
# Invoked at Wed Aug 25 18:59:52 +08 2021 from node02
#
# Started at Wed Aug 25 19:00:39 +08 2021 on node08
nnet3-latgen-faster --online-ivectors=scp:./ivector/imda-part2/ivector_online.scp --online-ivector-period=10 --frame-subsampling-factor=3 --frames-per-chunk=50 --extra-left-context=0 --extra-right-context=0 --extra-left-context-initial=-1 --extra-right-context-final=-1 --minimize=false --max-active=7000 --min-active=200 --beam=15.0 --lattice-beam=8.0 --acoustic-scale=1.0 --allow-partial=true --word-symbol-table=/home3/ztkyaw/w2021/deliverables/contrast-zin-dev/output/expEX2/graph/words.txt /home3/ztkyaw/w2021/deliverables/contrast-zin-dev/baseline/tdnnf-transfer-sp/final.mdl /home3/ztkyaw/w2021/deliverables/contrast-zin-dev/output/expEX2/graph/HCLG.fst 'ark,s,cs:apply-cmvn --norm-means=false --norm-vars=false --utt2spk=ark:./data/imda-part2/mfcc-hires/split10/4/utt2spk scp:./data/imda-part2/mfcc-hires/split10/4/cmvn.scp scp:./data/imda-part2/mfcc-hires/split10/4/feats.scp ark:- |' 'ark:|lattice-scale --acoustic-scale=10.0 ark:- ark:- | gzip -c >/home3/ztkyaw/w2021/deliverables/contrast-zin-dev/baseline/tdnnf-transfer-sp/decode_imda-part2_1629889191-hw_lmg/lat.4.gz' 
LOG (nnet3-latgen-faster[5.5.888~1-d619]:RemoveOrphanNodes():nnet-nnet.cc:948) Removed 1 orphan nodes.
LOG (nnet3-latgen-faster[5.5.888~1-d619]:RemoveOrphanComponents():nnet-nnet.cc:847) Removing 2 orphan components.
LOG (nnet3-latgen-faster[5.5.888~1-d619]:Collapse():nnet-utils.cc:1488) Added 1 components, removed 2
apply-cmvn --norm-means=false --norm-vars=false --utt2spk=ark:./data/imda-part2/mfcc-hires/split10/4/utt2spk scp:./data/imda-part2/mfcc-hires/split10/4/cmvn.scp scp:./data/imda-part2/mfcc-hires/split10/4/feats.scp ark:- 
lattice-scale --acoustic-scale=10.0 ark:- ark:- 
LOG (nnet3-latgen-faster[5.5.888~1-d619]:CheckAndFixConfigs():nnet-am-decodable-simple.cc:294) Increasing --frames-per-chunk from 50 to 51 to make it a multiple of --frame-subsampling-factor=3
nsc-part2-chn0-spk08602941cnf-029410063 find the faster way to __Bukit_Batok_West avenue 
LOG (nnet3-latgen-faster[5.5.888~1-d619]:DecodeUtteranceLatticeFaster():decoder-wrappers.cc:375) Log-like per frame for utterance nsc-part2-chn0-spk08602941cnf-029410063 is 1.5772 over 165 frames.
nsc-part2-chn0-spk08602941cnf-029410115 what is thirty birth way to __Lorong_Mesu nine __Geylang_Road 
LOG (nnet3-latgen-faster[5.5.888~1-d619]:DecodeUtteranceLatticeFaster():decoder-wrappers.cc:375) Log-like per frame for utterance nsc-part2-chn0-spk08602941cnf-029410115 is 1.50482 over 142 frames.
nsc-part2-chn0-spk08602941cnf-029410134 __Airline_Road ex life building and __Kampong_Bahru 
LOG (nnet3-latgen-faster[5.5.888~1-d619]:DecodeUtteranceLatticeFaster():decoder-wrappers.cc:375) Log-like per frame for utterance nsc-part2-chn0-spk08602941cnf-029410134 is 1.43323 over 193 frames.
nsc-part2-chn0-spk08602941cnf-029410162 __Tanglin_Gate_Road __Nanyang_Valley and __Simpang_Bedok __Boarding_House 
LOG (nnet3-latgen-faster[5.5.888~1-d619]:DecodeUtteranceLatticeFaster():decoder-wrappers.cc:375) Log-like per frame for utterance nsc-part2-chn0-spk08602941cnf-029410162 is 1.65239 over 224 frames.
nsc-part2-chn0-spk08602941cnf-029410166 what other landmark near __Aljunied_Neighbourhood police post 
LOG (nnet3-latgen-faster[5.5.888~1-d619]:DecodeUtteranceLatticeFaster():decoder-wrappers.cc:375) Log-like per frame for utterance nsc-part2-chn0-spk08602941cnf-029410166 is 1.82641 over 165 frames.
nsc-part2-chn0-spk08602941cnf-029410178 this is the best rooted crispy bring chicken that i can fine 
LOG (nnet3-latgen-faster[5.5.888~1-d619]:DecodeUtteranceLatticeFaster():decoder-wrappers.cc:375) Log-like per frame for utterance nsc-part2-chn0-spk08602941cnf-029410178 is 1.54948 over 173 frames.
nsc-part2-chn0-spk08602941cnf-029410197 what is the faster way to __Seletar_Hill 
LOG (nnet3-latgen-faster[5.5.888~1-d619]:DecodeUtteranceLatticeFaster():decoder-wrappers.cc:375) Log-like per frame for utterance nsc-part2-chn0-spk08602941cnf-029410197 is 1.45105 over 110 frames.
nsc-part2-chn0-spk08602941cnf-029410268 __Ulu_Sembawang animal quarantine station __How_Sun_Road and somewhere 
LOG (nnet3-latgen-faster[5.5.888~1-d619]:DecodeUtteranceLatticeFaster():decoder-wrappers.cc:375) Log-like per frame for utterance nsc-part2-chn0-spk08602941cnf-029410268 is 1.54593 over 210 frames.
nsc-part2-chn0-spk08602941cnf-029410401 please tell me how to get to __Seletar_South_Road 
LOG (nnet3-latgen-faster[5.5.888~1-d619]:DecodeUtteranceLatticeFaster():decoder-wrappers.cc:375) Log-like per frame for utterance nsc-part2-chn0-spk08602941cnf-029410401 is 1.53935 over 145 frames.
nsc-part2-chn0-spk08602941cnf-029410415 __Sree_Narayana mission home forty aged sick __Bukit_Timah_Link the defend sign and acknowledge agency 
LOG (nnet3-latgen-faster[5.5.888~1-d619]:DecodeUtteranceLatticeFaster():decoder-wrappers.cc:375) Log-like per frame for utterance nsc-part2-chn0-spk08602941cnf-029410415 is 1.58201 over 331 frames.
nsc-part2-chn0-spk08602941cnf-029410418 __Jalan_Puteri __Jula_Juli lee __Kampong_Bukit_Coffee china symmetry in __Avon_Road 
LOG (nnet3-latgen-faster[5.5.888~1-d619]:DecodeUtteranceLatticeFaster():decoder-wrappers.cc:375) Log-like per frame for utterance nsc-part2-chn0-spk08602941cnf-029410418 is 1.53396 over 277 frames.
nsc-part2-chn0-spk08602941cnf-029411607 where is __Seletar_Club_Road 
LOG (nnet3-latgen-faster[5.5.888~1-d619]:DecodeUtteranceLatticeFaster():decoder-wrappers.cc:375) Log-like per frame for utterance nsc-part2-chn0-spk08602941cnf-029411607 is 1.60046 over 99 frames.
nsc-part2-chn0-spk08602941cnf-029411690 sunset bill __Jalan_Limbok __Bedok_North and __Anchorvale_Street 
LOG (nnet3-latgen-faster[5.5.888~1-d619]:DecodeUtteranceLatticeFaster():decoder-wrappers.cc:375) Log-like per frame for utterance nsc-part2-chn0-spk08602941cnf-029411690 is 1.64092 over 219 frames.
nsc-part2-chn0-spk08602941cnf-029411759 how far away is __Bukit_Batok_Street from here 
LOG (nnet3-latgen-faster[5.5.888~1-d619]:DecodeUtteranceLatticeFaster():decoder-wrappers.cc:375) Log-like per frame for utterance nsc-part2-chn0-spk08602941cnf-029411759 is 1.7689 over 142 frames.
nsc-part2-chn0-spk08602941cnf-029411761 park avenue sweet river wing __Jalan_Limau_Bali and __Kampong_Bugis crescent 
LOG (nnet3-latgen-faster[5.5.888~1-d619]:DecodeUtteranceLatticeFaster():decoder-wrappers.cc:375) Log-like per frame for utterance nsc-part2-chn0-spk08602941cnf-029411761 is 1.58206 over 260 frames.
nsc-part2-chn0-spk08602941cnf-029411855 do know where is company will b neighborhood police post 
LOG (nnet3-latgen-faster[5.5.888~1-d619]:DecodeUtteranceLatticeFaster():decoder-wrappers.cc:375) Log-like per frame for utterance nsc-part2-chn0-spk08602941cnf-029411855 is 1.51723 over 156 frames.
nsc-part2-chn0-spk08612942cnf-029420009 how long worried date to walk to originate avenue 
LOG (nnet3-latgen-faster[5.5.888~1-d619]:DecodeUtteranceLatticeFaster():decoder-wrappers.cc:375) Log-like per frame for utterance nsc-part2-chn0-spk08612942cnf-029420009 is 1.45542 over 137 frames.
nsc-part2-chn0-spk08612942cnf-029420024 usual birth international school common fourteen china dormitory and __Si_Ling primary school 
LOG (nnet3-latgen-faster[5.5.888~1-d619]:DecodeUtteranceLatticeFaster():decoder-wrappers.cc:375) Log-like per frame for utterance nsc-part2-chn0-spk08612942cnf-029420024 is 1.42028 over 297 frames.
nsc-part2-chn0-spk08612942cnf-029420087 so claim month __Blue_Cross __Thong_Kheng home and __Taman_Jurong 
LOG (nnet3-latgen-faster[5.5.888~1-d619]:DecodeUtteranceLatticeFaster():decoder-wrappers.cc:375) Log-like per frame for utterance nsc-part2-chn0-spk08612942cnf-029420087 is 1.44412 over 225 frames.
nsc-part2-chn0-spk08612942cnf-029420100 how far away __Seletar_North_Lane one from here 
LOG (nnet3-latgen-faster[5.5.888~1-d619]:DecodeUtteranceLatticeFaster():decoder-wrappers.cc:375) Log-like per frame for utterance nsc-part2-chn0-spk08612942cnf-029420100 is 1.42596 over 154 frames.
nsc-part2-chn0-spk08612942cnf-029420150 how long visit date to get to __Chong_Pang neighborhood police post by taxi 
LOG (nnet3-latgen-faster[5.5.888~1-d619]:DecodeUtteranceLatticeFaster():decoder-wrappers.cc:375) Log-like per frame for utterance nsc-part2-chn0-spk08612942cnf-029420150 is 1.50249 over 197 frames.
nsc-part2-chn0-spk08612942cnf-029420164 what is register to __Bukit_Batok_Crescent 
LOG (nnet3-latgen-faster[5.5.888~1-d619]:DecodeUtteranceLatticeFaster():decoder-wrappers.cc:375) Log-like per frame for utterance nsc-part2-chn0-spk08612942cnf-029420164 is 1.67657 over 115 frames.
nsc-part2-chn0-spk08612942cnf-029420188 how do i get to __Bedok_Green primary school 
LOG (nnet3-latgen-faster[5.5.888~1-d619]:DecodeUtteranceLatticeFaster():decoder-wrappers.cc:375) Log-like per frame for utterance nsc-part2-chn0-spk08612942cnf-029420188 is 1.60747 over 115 frames.
nsc-part2-chn0-spk08612942cnf-029420207 father any food call sorry join near __Geylang_East_Avenue 
LOG (nnet3-latgen-faster[5.5.888~1-d619]:DecodeUtteranceLatticeFaster():decoder-wrappers.cc:375) Log-like per frame for utterance nsc-part2-chn0-spk08612942cnf-029420207 is 1.49783 over 156 frames.
nsc-part2-chn0-spk08612942cnf-029420220 i meeting double tar at __Bukit_Timah shopping central first 
LOG (nnet3-latgen-faster[5.5.888~1-d619]:DecodeUtteranceLatticeFaster():decoder-wrappers.cc:375) Log-like per frame for utterance nsc-part2-chn0-spk08612942cnf-029420220 is 1.44124 over 173 frames.
nsc-part2-chn0-spk08612942cnf-029420247 go street __Ang_Mo_Kio public __Elias_Green and __Sembawang_Terminal_Road h 
LOG (nnet3-latgen-faster[5.5.888~1-d619]:DecodeUtteranceLatticeFaster():decoder-wrappers.cc:375) Log-like per frame for utterance nsc-part2-chn0-spk08612942cnf-029420247 is 1.55485 over 184 frames.
nsc-part2-chn0-spk08612942cnf-029420326 where is __Seletar_North_Lane one 
LOG (nnet3-latgen-faster[5.5.888~1-d619]:DecodeUtteranceLatticeFaster():decoder-wrappers.cc:375) Log-like per frame for utterance nsc-part2-chn0-spk08612942cnf-029420326 is 1.41214 over 97 frames.
nsc-part2-chn0-spk08612942cnf-029420351 can recommend nearest nearest amount 
LOG (nnet3-latgen-faster[5.5.888~1-d619]:DecodeUtteranceLatticeFaster():decoder-wrappers.cc:375) Log-like per frame for utterance nsc-part2-chn0-spk08612942cnf-029420351 is 1.2485 over 124 frames.
nsc-part2-chn0-spk08612942cnf-029420385 while other landmark near __Bedok_View __Secondary_School 
LOG (nnet3-latgen-faster[5.5.888~1-d619]:DecodeUtteranceLatticeFaster():decoder-wrappers.cc:375) Log-like per frame for utterance nsc-part2-chn0-spk08612942cnf-029420385 is 1.63923 over 143 frames.
nsc-part2-chn0-spk08612942cnf-029421596 __Gul_Lane seek abas to __Seletar_North name one 
LOG (nnet3-latgen-faster[5.5.888~1-d619]:DecodeUtteranceLatticeFaster():decoder-wrappers.cc:375) Log-like per frame for utterance nsc-part2-chn0-spk08612942cnf-029421596 is 1.29442 over 119 frames.
nsc-part2-chn0-spk08612942cnf-029421655 other any full court sorry shun near __Bedok_View __Secondary_School 
LOG (nnet3-latgen-faster[5.5.888~1-d619]:DecodeUtteranceLatticeFaster():decoder-wrappers.cc:375) Log-like per frame for utterance nsc-part2-chn0-spk08612942cnf-029421655 is 1.44484 over 187 frames.
nsc-part2-chn0-spk08672945cnf-029450092 i meeting __Coney_Island at __Jalan_Kampong_Chantek first 
LOG (nnet3-latgen-faster[5.5.888~1-d619]:DecodeUtteranceLatticeFaster():decoder-wrappers.cc:375) Log-like per frame for utterance nsc-part2-chn0-spk08672945cnf-029450092 is 1.55624 over 189 frames.
nsc-part2-chn0-spk08672945cnf-029450176 __Anchorvale_Drive __Taman_Kembangan __Upper_Bedok jetty 
LOG (nnet3-latgen-faster[5.5.888~1-d619]:DecodeUtteranceLatticeFaster():decoder-wrappers.cc:375) Log-like per frame for utterance nsc-part2-chn0-spk08672945cnf-029450176 is 1.66021 over 171 frames.
nsc-part2-chn0-spk08672945cnf-029450227 __Rahim_Omar to saying urgently and __Rahayu_Mahzam 
LOG (nnet3-latgen-faster[5.5.888~1-d619]:DecodeUtteranceLatticeFaster():decoder-wrappers.cc:375) Log-like per frame for utterance nsc-part2-chn0-spk08672945cnf-029450227 is 1.48143 over 180 frames.
nsc-part2-chn0-spk08672945cnf-029450250 hong will it take to walk to __Seletar_Link 
LOG (nnet3-latgen-faster[5.5.888~1-d619]:DecodeUtteranceLatticeFaster():decoder-wrappers.cc:375) Log-like per frame for utterance nsc-part2-chn0-spk08672945cnf-029450250 is 1.65619 over 132 frames.
nsc-part2-chn0-spk08672945cnf-029450294 wildly track __Cashew_Crescent and __Sembawang_Country_Club 
LOG (nnet3-latgen-faster[5.5.888~1-d619]:DecodeUtteranceLatticeFaster():decoder-wrappers.cc:375) Log-like per frame for utterance nsc-part2-chn0-spk08672945cnf-029450294 is 1.54975 over 177 frames.
nsc-part2-chn0-spk08672945cnf-029450308 t two via p drive __Geylang_Serai and __Eunos_Avenue 
LOG (nnet3-latgen-faster[5.5.888~1-d619]:DecodeUtteranceLatticeFaster():decoder-wrappers.cc:375) Log-like per frame for utterance nsc-part2-chn0-spk08672945cnf-029450308 is 1.68853 over 173 frames.
nsc-part2-chn0-spk08672945cnf-029450311 how far away is __Bukit_Batok_East avenue form here 
LOG (nnet3-latgen-faster[5.5.888~1-d619]:DecodeUtteranceLatticeFaster():decoder-wrappers.cc:375) Log-like per frame for utterance nsc-part2-chn0-spk08672945cnf-029450311 is 1.72129 over 141 frames.
nsc-part2-chn0-spk08672945cnf-029450313 __Hillview_Avenue library at china town and __Lorong_Pasu __Telok_Kurau guru 
LOG (nnet3-latgen-faster[5.5.888~1-d619]:DecodeUtteranceLatticeFaster():decoder-wrappers.cc:375) Log-like per frame for utterance nsc-part2-chn0-spk08672945cnf-029450313 is 1.55245 over 221 frames.
nsc-part2-chn0-spk08672945cnf-029450352 shall me the way to __Bedok_Green primary school 
LOG (nnet3-latgen-faster[5.5.888~1-d619]:DecodeUtteranceLatticeFaster():decoder-wrappers.cc:375) Log-like per frame for utterance nsc-part2-chn0-spk08672945cnf-029450352 is 1.55821 over 115 frames.
nsc-part2-chn0-spk08672945cnf-029450407 do know where is __Bedok_South 
LOG (nnet3-latgen-faster[5.5.888~1-d619]:DecodeUtteranceLatticeFaster():decoder-wrappers.cc:375) Log-like per frame for utterance nsc-part2-chn0-spk08672945cnf-029450407 is 1.55086 over 93 frames.
nsc-part2-chn0-spk08672945cnf-029450418 __Waringin_Walk __Lengkok_Lima and __Kampong_Sireh 
LOG (nnet3-latgen-faster[5.5.888~1-d619]:DecodeUtteranceLatticeFaster():decoder-wrappers.cc:375) Log-like per frame for utterance nsc-part2-chn0-spk08672945cnf-029450418 is 1.65393 over 166 frames.
nsc-part2-chn0-spk08672945cnf-029450439 __Bukit_Timah settle club the concuss temporary rooted 
LOG (nnet3-latgen-faster[5.5.888~1-d619]:DecodeUtteranceLatticeFaster():decoder-wrappers.cc:375) Log-like per frame for utterance nsc-part2-chn0-spk08672945cnf-029450439 is 1.4735 over 154 frames.
nsc-part2-chn0-spk08672945cnf-029451493 which bus should i take to __Sembawang_Avenue 
LOG (nnet3-latgen-faster[5.5.888~1-d619]:DecodeUtteranceLatticeFaster():decoder-wrappers.cc:375) Log-like per frame for utterance nsc-part2-chn0-spk08672945cnf-029451493 is 1.53028 over 106 frames.
nsc-part2-chn0-spk08672945cnf-029451511 find the faster way to __Chong_Pang neighborhood police post 
LOG (nnet3-latgen-faster[5.5.888~1-d619]:DecodeUtteranceLatticeFaster():decoder-wrappers.cc:375) Log-like per frame for utterance nsc-part2-chn0-spk08672945cnf-029451511 is 1.81658 over 135 frames.
nsc-part2-chn0-spk08672945cnf-029451559 __Jalan_Minggu south bank at reservoir 
LOG (nnet3-latgen-faster[5.5.888~1-d619]:DecodeUtteranceLatticeFaster():decoder-wrappers.cc:375) Log-like per frame for utterance nsc-part2-chn0-spk08672945cnf-029451559 is 1.60293 over 125 frames.
nsc-part2-chn0-spk08672945cnf-029451624 student walk can which crescent at __Bedok_Lighthouse 
LOG (nnet3-latgen-faster[5.5.888~1-d619]:DecodeUtteranceLatticeFaster():decoder-wrappers.cc:375) Log-like per frame for utterance nsc-part2-chn0-spk08672945cnf-029451624 is 1.70839 over 137 frames.
nsc-part2-chn0-spk08713162inf-031620030 confirmed compartment neighborhood put least post 
LOG (nnet3-latgen-faster[5.5.888~1-d619]:DecodeUtteranceLatticeFaster():decoder-wrappers.cc:375) Log-like per frame for utterance nsc-part2-chn0-spk08713162inf-031620030 is 1.58493 over 157 frames.
nsc-part2-chn0-spk08713162inf-031620049 __Faber_Walk senator airport am __Bukit_Batok is 
LOG (nnet3-latgen-faster[5.5.888~1-d619]:DecodeUtteranceLatticeFaster():decoder-wrappers.cc:375) Log-like per frame for utterance nsc-part2-chn0-spk08713162inf-031620049 is 1.53697 over 175 frames.
nsc-part2-chn0-spk08713162inf-031620080 further view __Secondary_School __Mayflower_Way and __Ubi_Crescent 
LOG (nnet3-latgen-faster[5.5.888~1-d619]:DecodeUtteranceLatticeFaster():decoder-wrappers.cc:375) Log-like per frame for utterance nsc-part2-chn0-spk08713162inf-031620080 is 1.61443 over 185 frames.
nsc-part2-chn0-spk08713162inf-031620118 __Pasir_Ris roll __Oxford_Road and __Geylang_East_Central 
LOG (nnet3-latgen-faster[5.5.888~1-d619]:DecodeUtteranceLatticeFaster():decoder-wrappers.cc:375) Log-like per frame for utterance nsc-part2-chn0-spk08713162inf-031620118 is 1.82567 over 163 frames.
nsc-part2-chn0-spk08713162inf-031620173 __Tan_Tock_Seng hospital else any avenue to and __Sakra_Road 
LOG (nnet3-latgen-faster[5.5.888~1-d619]:DecodeUtteranceLatticeFaster():decoder-wrappers.cc:375) Log-like per frame for utterance nsc-part2-chn0-spk08713162inf-031620173 is 1.47341 over 177 frames.
nsc-part2-chn0-spk08713162inf-031620269 summer avenue complete __Chai_Chee and __Tiverton_Lane 
LOG (nnet3-latgen-faster[5.5.888~1-d619]:DecodeUtteranceLatticeFaster():decoder-wrappers.cc:375) Log-like per frame for utterance nsc-part2-chn0-spk08713162inf-031620269 is 1.57269 over 181 frames.
nsc-part2-chn0-spk08713162inf-031620433 __Upper_Bukit_Timah role luckily role and __Chai_Chee_Street 
LOG (nnet3-latgen-faster[5.5.888~1-d619]:DecodeUtteranceLatticeFaster():decoder-wrappers.cc:375) Log-like per frame for utterance nsc-part2-chn0-spk08713162inf-031620433 is 1.47134 over 146 frames.
nsc-part2-chn0-spk08713162inf-031621528 __Bukit_Ho_Swee_Link after further role at month die lot 
LOG (nnet3-latgen-faster[5.5.888~1-d619]:DecodeUtteranceLatticeFaster():decoder-wrappers.cc:375) Log-like per frame for utterance nsc-part2-chn0-spk08713162inf-031621528 is 1.48892 over 176 frames.
nsc-part2-chn0-spk08713162inf-031621547 tight hold hotel __North_Spring primary school and shop house 
LOG (nnet3-latgen-faster[5.5.888~1-d619]:DecodeUtteranceLatticeFaster():decoder-wrappers.cc:375) Log-like per frame for utterance nsc-part2-chn0-spk08713162inf-031621547 is 1.37687 over 175 frames.
nsc-part2-chn0-spk08713162inf-031621592 __Jalan_Shaer __Marsiling_Neighbourhood per least post and lin time tempo 
LOG (nnet3-latgen-faster[5.5.888~1-d619]:DecodeUtteranceLatticeFaster():decoder-wrappers.cc:375) Log-like per frame for utterance nsc-part2-chn0-spk08713162inf-031621592 is 1.55784 over 207 frames.
nsc-part2-chn0-spk08713162inf-031621660 hong case __Secondary_School __Sungei_Bedok tempo j temple 
LOG (nnet3-latgen-faster[5.5.888~1-d619]:DecodeUtteranceLatticeFaster():decoder-wrappers.cc:375) Log-like per frame for utterance nsc-part2-chn0-spk08713162inf-031621660 is 1.54742 over 159 frames.
nsc-part2-chn0-spk08713162inf-031621706 __Jurong_West fire post foreign shrill and __Seletar_Hills_Drive 
LOG (nnet3-latgen-faster[5.5.888~1-d619]:DecodeUtteranceLatticeFaster():decoder-wrappers.cc:375) Log-like per frame for utterance nsc-part2-chn0-spk08713162inf-031621706 is 1.54693 over 168 frames.
nsc-part2-chn0-spk08713162inf-031621716 __Lorong_Batawi __Taman_Jurong __Shopping_Centre and __Kian_Teck_Road 
LOG (nnet3-latgen-faster[5.5.888~1-d619]:DecodeUtteranceLatticeFaster():decoder-wrappers.cc:375) Log-like per frame for utterance nsc-part2-chn0-spk08713162inf-031621716 is 1.55958 over 209 frames.
nsc-part2-chn0-spk08713162inf-031621834 mid see is dropping me yours at __Kampung_Glam 
LOG (nnet3-latgen-faster[5.5.888~1-d619]:DecodeUtteranceLatticeFaster():decoder-wrappers.cc:375) Log-like per frame for utterance nsc-part2-chn0-spk08713162inf-031621834 is 1.41649 over 123 frames.
nsc-part2-chn0-spk08713162inf-031621860 find __Pasir_Ris_Way to __Jalan_Lembah_Bedok 
LOG (nnet3-latgen-faster[5.5.888~1-d619]:DecodeUtteranceLatticeFaster():decoder-wrappers.cc:375) Log-like per frame for utterance nsc-part2-chn0-spk08713162inf-031621860 is 1.73254 over 120 frames.
nsc-part2-chn0-spk08713162inf-031621893 __Geylang_United temple seeing hold hotel and __Prinsep_Street precaution church 
LOG (nnet3-latgen-faster[5.5.888~1-d619]:DecodeUtteranceLatticeFaster():decoder-wrappers.cc:375) Log-like per frame for utterance nsc-part2-chn0-spk08713162inf-031621893 is 1.55814 over 232 frames.
nsc-part2-chn0-spk08862963cnf-029630080 __Peck_Seah_Street __Holland_Village shopping more and __Bedok_South 
LOG (nnet3-latgen-faster[5.5.888~1-d619]:DecodeUtteranceLatticeFaster():decoder-wrappers.cc:375) Log-like per frame for utterance nsc-part2-chn0-spk08862963cnf-029630080 is 1.64172 over 197 frames.
nsc-part2-chn0-spk08862963cnf-029630087 __Hougang_One station dimension international college and happy hotel spring 
LOG (nnet3-latgen-faster[5.5.888~1-d619]:DecodeUtteranceLatticeFaster():decoder-wrappers.cc:375) Log-like per frame for utterance nsc-part2-chn0-spk08862963cnf-029630087 is 1.70378 over 269 frames.
nsc-part2-chn0-spk08862963cnf-029630170 __Ellice_Handy __Robin_Tessensohn phone and __Hussein_Aljunied 
LOG (nnet3-latgen-faster[5.5.888~1-d619]:DecodeUtteranceLatticeFaster():decoder-wrappers.cc:375) Log-like per frame for utterance nsc-part2-chn0-spk08862963cnf-029630170 is 1.57142 over 193 frames.
nsc-part2-chn0-spk08862963cnf-029630173 maria by bo press b church __Telok_Blangah_Crescent and __Upper_Seletar_Reservoir 
LOG (nnet3-latgen-faster[5.5.888~1-d619]:DecodeUtteranceLatticeFaster():decoder-wrappers.cc:375) Log-like per frame for utterance nsc-part2-chn0-spk08862963cnf-029630173 is 1.68524 over 244 frames.
nsc-part2-chn0-spk08862963cnf-029630176 __Gateway_Avenue __Kampong_Ampat __Upper_Serangoon 
LOG (nnet3-latgen-faster[5.5.888~1-d619]:DecodeUtteranceLatticeFaster():decoder-wrappers.cc:375) Log-like per frame for utterance nsc-part2-chn0-spk08862963cnf-029630176 is 1.59289 over 156 frames.
nsc-part2-chn0-spk08862963cnf-029630201 show me the way to __Kampong_Sungai_Tiga china cemetery 
LOG (nnet3-latgen-faster[5.5.888~1-d619]:DecodeUtteranceLatticeFaster():decoder-wrappers.cc:375) Log-like per frame for utterance nsc-part2-chn0-spk08862963cnf-029630201 is 1.51483 over 159 frames.
nsc-part2-chn0-spk08862963cnf-029630213 can i take the mufti to back crackers in china town 
LOG (nnet3-latgen-faster[5.5.888~1-d619]:DecodeUtteranceLatticeFaster():decoder-wrappers.cc:375) Log-like per frame for utterance nsc-part2-chn0-spk08862963cnf-029630213 is 1.50036 over 152 frames.
nsc-part2-chn0-spk08862963cnf-029630238 rooted crispy spring chicken if box box and straw very tofu his k 
LOG (nnet3-latgen-faster[5.5.888~1-d619]:DecodeUtteranceLatticeFaster():decoder-wrappers.cc:375) Log-like per frame for utterance nsc-part2-chn0-spk08862963cnf-029630238 is 1.47316 over 213 frames.
nsc-part2-chn0-spk08862963cnf-029630251 maria prime __Sembawang_Hills_Drive and __Woodgrove_View 
LOG (nnet3-latgen-faster[5.5.888~1-d619]:DecodeUtteranceLatticeFaster():decoder-wrappers.cc:375) Log-like per frame for utterance nsc-part2-chn0-spk08862963cnf-029630251 is 1.53109 over 168 frames.
nsc-part2-chn0-spk08862963cnf-029630323 fund __Ceylon_Road __Bukit_Mugliston and __Geylang_Bahru_Lane 
LOG (nnet3-latgen-faster[5.5.888~1-d619]:DecodeUtteranceLatticeFaster():decoder-wrappers.cc:375) Log-like per frame for utterance nsc-part2-chn0-spk08862963cnf-029630323 is 1.70819 over 187 frames.
nsc-part2-chn0-spk08862963cnf-029630356 __Blue_Stars dormitory __Bukit_Batok avenue am address hotel 
LOG (nnet3-latgen-faster[5.5.888~1-d619]:DecodeUtteranceLatticeFaster():decoder-wrappers.cc:375) Log-like per frame for utterance nsc-part2-chn0-spk08862963cnf-029630356 is 1.74129 over 188 frames.
nsc-part2-chn0-spk08862963cnf-029630385 what other landmark near __Bukit_Timah settled clock 
LOG (nnet3-latgen-faster[5.5.888~1-d619]:DecodeUtteranceLatticeFaster():decoder-wrappers.cc:375) Log-like per frame for utterance nsc-part2-chn0-spk08862963cnf-029630385 is 1.53365 over 137 frames.
nsc-part2-chn0-spk08862963cnf-029631461 please tell me how to get to commonwealth driving central 
LOG (nnet3-latgen-faster[5.5.888~1-d619]:DecodeUtteranceLatticeFaster():decoder-wrappers.cc:375) Log-like per frame for utterance nsc-part2-chn0-spk08862963cnf-029631461 is 1.48476 over 158 frames.
nsc-part2-chn0-spk08862963cnf-029631521 spring agency and g 
LOG (nnet3-latgen-faster[5.5.888~1-d619]:DecodeUtteranceLatticeFaster():decoder-wrappers.cc:375) Log-like per frame for utterance nsc-part2-chn0-spk08862963cnf-029631521 is 1.28372 over 131 frames.
nsc-part2-chn0-spk08862963cnf-029631624 __Flower_Road compound what her son and obviously hotel 
LOG (nnet3-latgen-faster[5.5.888~1-d619]:DecodeUtteranceLatticeFaster():decoder-wrappers.cc:375) Log-like per frame for utterance nsc-part2-chn0-spk08862963cnf-029631624 is 1.51843 over 157 frames.
nsc-part2-chn0-spk08862963cnf-029631747 central man power base __Jalan_Ulu_Seletar and __Rambutan_Road 
LOG (nnet3-latgen-faster[5.5.888~1-d619]:DecodeUtteranceLatticeFaster():decoder-wrappers.cc:375) Log-like per frame for utterance nsc-part2-chn0-spk08862963cnf-029631747 is 1.55741 over 183 frames.
nsc-part2-chn0-spk08892967inf-029670024 choose __Geylang_East_Avenue tempo __Upper_Bedok rule it and mo e __Changi_Coast outdoor adventure learning center 
LOG (nnet3-latgen-faster[5.5.888~1-d619]:DecodeUtteranceLatticeFaster():decoder-wrappers.cc:375) Log-like per frame for utterance nsc-part2-chn0-spk08892967inf-029670024 is 1.44635 over 277 frames.
nsc-part2-chn0-spk08892967inf-029670134 stadium way awhile ten no methodist church and hundred 
LOG (nnet3-latgen-faster[5.5.888~1-d619]:DecodeUtteranceLatticeFaster():decoder-wrappers.cc:375) Log-like per frame for utterance nsc-part2-chn0-spk08892967inf-029670134 is 1.38848 over 197 frames.
nsc-part2-chn0-spk08892967inf-029670152 ca sent inspiring 
LOG (nnet3-latgen-faster[5.5.888~1-d619]:DecodeUtteranceLatticeFaster():decoder-wrappers.cc:375) Log-like per frame for utterance nsc-part2-chn0-spk08892967inf-029670152 is 1.37683 over 99 frames.
nsc-part2-chn0-spk08892967inf-029670176 __Kampong_Glam constituency sports club truly and __Hilton_International __Singapore_Bible 
LOG (nnet3-latgen-faster[5.5.888~1-d619]:DecodeUtteranceLatticeFaster():decoder-wrappers.cc:375) Log-like per frame for utterance nsc-part2-chn0-spk08892967inf-029670176 is 1.63233 over 243 frames.
nsc-part2-chn0-spk08892967inf-029670249 can i state abas to __Lower_Seletar_Reservoir 
LOG (nnet3-latgen-faster[5.5.888~1-d619]:DecodeUtteranceLatticeFaster():decoder-wrappers.cc:375) Log-like per frame for utterance nsc-part2-chn0-spk08892967inf-029670249 is 1.52558 over 152 frames.
nsc-part2-chn0-spk08892967inf-029670258 __Jalan_Kechil to police protective security code month in __Geylang_Bahru_Lane 
LOG (nnet3-latgen-faster[5.5.888~1-d619]:DecodeUtteranceLatticeFaster():decoder-wrappers.cc:375) Log-like per frame for utterance nsc-part2-chn0-spk08892967inf-029670258 is 1.80299 over 190 frames.
nsc-part2-chn0-spk08892967inf-029670303 do way is __Bukit_Timah settle club 
LOG (nnet3-latgen-faster[5.5.888~1-d619]:DecodeUtteranceLatticeFaster():decoder-wrappers.cc:375) Log-like per frame for utterance nsc-part2-chn0-spk08892967inf-029670303 is 1.30797 over 122 frames.
nsc-part2-chn0-spk08892967inf-029670359 who say say originate __Michelle_Lim and __Walter_Woon 
LOG (nnet3-latgen-faster[5.5.888~1-d619]:DecodeUtteranceLatticeFaster():decoder-wrappers.cc:375) Log-like per frame for utterance nsc-part2-chn0-spk08892967inf-029670359 is 1.44988 over 166 frames.
nsc-part2-chn0-spk08892967inf-029670443 how many canary dialysis serving of registered crispy pain chicken have 
LOG (nnet3-latgen-faster[5.5.888~1-d619]:DecodeUtteranceLatticeFaster():decoder-wrappers.cc:375) Log-like per frame for utterance nsc-part2-chn0-spk08892967inf-029670443 is 1.39031 over 186 frames.
nsc-part2-chn0-spk08892967inf-029671559 __Jalan_Rajah __Kebun_Baru can __Bukit_Batok driving and __Peace_Centre 
LOG (nnet3-latgen-faster[5.5.888~1-d619]:DecodeUtteranceLatticeFaster():decoder-wrappers.cc:375) Log-like per frame for utterance nsc-part2-chn0-spk08892967inf-029671559 is 1.49476 over 212 frames.
nsc-part2-chn0-spk08892967inf-029671566 mulberry avenue __Kew_Walk and happy hostel spring 
LOG (nnet3-latgen-faster[5.5.888~1-d619]:DecodeUtteranceLatticeFaster():decoder-wrappers.cc:375) Log-like per frame for utterance nsc-part2-chn0-spk08892967inf-029671566 is 1.48239 over 169 frames.
nsc-part2-chn0-spk08892967inf-029671571 work four __Singapore_Bible staircase in china town and __Jalan_Boon_Lay box 
LOG (nnet3-latgen-faster[5.5.888~1-d619]:DecodeUtteranceLatticeFaster():decoder-wrappers.cc:375) Log-like per frame for utterance nsc-part2-chn0-spk08892967inf-029671571 is 1.429 over 193 frames.
nsc-part2-chn0-spk08892967inf-029671762 series of via graphics about __Maggie_Teng __Lee_Boon_Ngan now and __Lim_Chong_Pang was recently publish 
LOG (nnet3-latgen-faster[5.5.888~1-d619]:DecodeUtteranceLatticeFaster():decoder-wrappers.cc:375) Log-like per frame for utterance nsc-part2-chn0-spk08892967inf-029671762 is 1.38727 over 319 frames.
nsc-part2-chn0-spk08892967inf-029671875 __Jalan_Baiduri precast __Kampong_Kayu_Road and __Bonham_Street 
LOG (nnet3-latgen-faster[5.5.888~1-d619]:DecodeUtteranceLatticeFaster():decoder-wrappers.cc:375) Log-like per frame for utterance nsc-part2-chn0-spk08892967inf-029671875 is 1.42134 over 219 frames.
nsc-part2-chn0-spk08902987cnf-029870121 i am waiting for care lee to comeback from __Taman_Jurong __Shopping_Centre 
LOG (nnet3-latgen-faster[5.5.888~1-d619]:DecodeUtteranceLatticeFaster():decoder-wrappers.cc:375) Log-like per frame for utterance nsc-part2-chn0-spk08902987cnf-029870121 is 1.76507 over 172 frames.
nsc-part2-chn0-spk08902987cnf-029870148 can i tick abas to confirmed coffee china cemetery 
LOG (nnet3-latgen-faster[5.5.888~1-d619]:DecodeUtteranceLatticeFaster():decoder-wrappers.cc:375) Log-like per frame for utterance nsc-part2-chn0-spk08902987cnf-029870148 is 1.58152 over 157 frames.
nsc-part2-chn0-spk08902987cnf-029870166 what other landmark near madrasah out unit __Al_Islamic school 
LOG (nnet3-latgen-faster[5.5.888~1-d619]:DecodeUtteranceLatticeFaster():decoder-wrappers.cc:375) Log-like per frame for utterance nsc-part2-chn0-spk08902987cnf-029870166 is 1.48919 over 197 frames.
nsc-part2-chn0-spk08902987cnf-029870173 __Bedok_Lighthouse __Singapore_Bible service and __Ann_Siang_Hill 
LOG (nnet3-latgen-faster[5.5.888~1-d619]:DecodeUtteranceLatticeFaster():decoder-wrappers.cc:375) Log-like per frame for utterance nsc-part2-chn0-spk08902987cnf-029870173 is 1.54687 over 189 frames.
nsc-part2-chn0-spk08902987cnf-029870181 how far away __Ulu_Sembawang and mo quarantine station from here 
LOG (nnet3-latgen-faster[5.5.888~1-d619]:DecodeUtteranceLatticeFaster():decoder-wrappers.cc:375) Log-like per frame for utterance nsc-part2-chn0-spk08902987cnf-029870181 is 1.7035 over 168 frames.
nsc-part2-chn0-spk08902987cnf-029870196 i and meeting withdrawn at company would b neighborhood police post first 
LOG (nnet3-latgen-faster[5.5.888~1-d619]:DecodeUtteranceLatticeFaster():decoder-wrappers.cc:375) Log-like per frame for utterance nsc-part2-chn0-spk08902987cnf-029870196 is 1.61891 over 188 frames.
nsc-part2-chn0-spk08902987cnf-029870239 where is yes __Chinatown_Point hotel 
LOG (nnet3-latgen-faster[5.5.888~1-d619]:DecodeUtteranceLatticeFaster():decoder-wrappers.cc:375) Log-like per frame for utterance nsc-part2-chn0-spk08902987cnf-029870239 is 1.63852 over 116 frames.
nsc-part2-chn0-spk08902987cnf-029870247 fin listen green time pay hotel and __Geylang_Road polyclinic and dental clinic 
LOG (nnet3-latgen-faster[5.5.888~1-d619]:DecodeUtteranceLatticeFaster():decoder-wrappers.cc:375) Log-like per frame for utterance nsc-part2-chn0-spk08902987cnf-029870247 is 1.71066 over 218 frames.
nsc-part2-chn0-spk08902987cnf-029870251 __Flint_Street out work bound b claim one jati and __Seletar_Club_Road 
LOG (nnet3-latgen-faster[5.5.888~1-d619]:DecodeUtteranceLatticeFaster():decoder-wrappers.cc:375) Log-like per frame for utterance nsc-part2-chn0-spk08902987cnf-029870251 is 1.48746 over 207 frames.
nsc-part2-chn0-spk08902987cnf-029870308 court teras __Newton_Life church and __Bukit_Batok natural park 
LOG (nnet3-latgen-faster[5.5.888~1-d619]:DecodeUtteranceLatticeFaster():decoder-wrappers.cc:375) Log-like per frame for utterance nsc-part2-chn0-spk08902987cnf-029870308 is 1.73456 over 178 frames.
nsc-part2-chn0-spk08902987cnf-029870325 __Martin_Road __Bukit_Timah settle club and __Sundridge_Park_Road 
LOG (nnet3-latgen-faster[5.5.888~1-d619]:DecodeUtteranceLatticeFaster():decoder-wrappers.cc:375) Log-like per frame for utterance nsc-part2-chn0-spk08902987cnf-029870325 is 1.66185 over 177 frames.
LOG (apply-cmvn[5.5.888~1-d619]:main():apply-cmvn.cc:81) Copied 108 utterances.
nsc-part2-chn0-spk08902987cnf-029870433 public library __Singapore_Cheshire traffic control central and so four road 
LOG (nnet3-latgen-faster[5.5.888~1-d619]:DecodeUtteranceLatticeFaster():decoder-wrappers.cc:375) Log-like per frame for utterance nsc-part2-chn0-spk08902987cnf-029870433 is 1.61952 over 215 frames.
nsc-part2-chn0-spk08902987cnf-029871566 send hill these kindergarten __Kampong_Kayu_Road and __Marina_Promenade 
LOG (nnet3-latgen-faster[5.5.888~1-d619]:DecodeUtteranceLatticeFaster():decoder-wrappers.cc:375) Log-like per frame for utterance nsc-part2-chn0-spk08902987cnf-029871566 is 1.69392 over 185 frames.
nsc-part2-chn0-spk08902987cnf-029871832 __Bedok_South __Jalan_Lana __Jalan_Mengkudu and ice quarters 
LOG (nnet3-latgen-faster[5.5.888~1-d619]:DecodeUtteranceLatticeFaster():decoder-wrappers.cc:375) Log-like per frame for utterance nsc-part2-chn0-spk08902987cnf-029871832 is 1.52374 over 200 frames.
nsc-part2-chn0-spk08902987cnf-029871876 what is the faster way to happy hotel suffering 
LOG (nnet3-latgen-faster[5.5.888~1-d619]:DecodeUtteranceLatticeFaster():decoder-wrappers.cc:375) Log-like per frame for utterance nsc-part2-chn0-spk08902987cnf-029871876 is 1.45299 over 135 frames.
LOG (nnet3-latgen-faster[5.5.888~1-d619]:main():nnet3-latgen-faster.cc:256) Time taken 146.334s: real-time factor assuming 100 frames/sec is 0.25754
LOG (nnet3-latgen-faster[5.5.888~1-d619]:main():nnet3-latgen-faster.cc:259) Done 108 utterances, failed for 0
LOG (nnet3-latgen-faster[5.5.888~1-d619]:main():nnet3-latgen-faster.cc:261) Overall log-likelihood per frame is 1.55487 over 18940 frames.
LOG (nnet3-latgen-faster[5.5.888~1-d619]:~CachingOptimizingCompiler():nnet-optimize.cc:710) 0.295 seconds taken in nnet3 compilation total (breakdown: 0.203 compilation, 0.0552 optimization, 0 shortcut expansion, 0.0111 checking, 5.17e-05 computing indexes, 0.0255 misc.) + 0 I/O.
LOG (lattice-scale[5.5.888~1-d619]:main():lattice-scale.cc:107) Done 108 lattices.
# Ended (code 0) at Wed Aug 25 19:03:06 +08 2021, elapsed time 194 seconds
