# nnet3-latgen-faster --online-ivectors=scp:./ivector/imda-part2/ivector_online.scp --online-ivector-period=10 --frame-subsampling-factor=3 --frames-per-chunk=50 --extra-left-context=0 --extra-right-context=0 --extra-left-context-initial=-1 --extra-right-context-final=-1 --minimize=false --max-active=7000 --min-active=200 --beam=15.0 --lattice-beam=8.0 --acoustic-scale=1.0 --allow-partial=true --word-symbol-table=/home3/ztkyaw/w2021/deliverables/contrast-zin-dev/output/expEX2/graph/words.txt /home3/ztkyaw/w2021/deliverables/contrast-zin-dev/baseline/tdnnf-transfer-sp/final.mdl /home3/ztkyaw/w2021/deliverables/contrast-zin-dev/output/expEX2/graph/HCLG.fst "ark,s,cs:apply-cmvn --norm-means=false --norm-vars=false --utt2spk=ark:./data/imda-part2/mfcc-hires/split10/7/utt2spk scp:./data/imda-part2/mfcc-hires/split10/7/cmvn.scp scp:./data/imda-part2/mfcc-hires/split10/7/feats.scp ark:- |" "ark:|lattice-scale --acoustic-scale=10.0 ark:- ark:- | gzip -c >/home3/ztkyaw/w2021/deliverables/contrast-zin-dev/baseline/tdnnf-transfer-sp/decode_imda-part2_1629889191-hw_lmg/lat.7.gz" 
# Invoked at Wed Aug 25 18:59:52 +08 2021 from node02
#
# Started at Wed Aug 25 19:00:39 SGT 2021 on node03
nnet3-latgen-faster --online-ivectors=scp:./ivector/imda-part2/ivector_online.scp --online-ivector-period=10 --frame-subsampling-factor=3 --frames-per-chunk=50 --extra-left-context=0 --extra-right-context=0 --extra-left-context-initial=-1 --extra-right-context-final=-1 --minimize=false --max-active=7000 --min-active=200 --beam=15.0 --lattice-beam=8.0 --acoustic-scale=1.0 --allow-partial=true --word-symbol-table=/home3/ztkyaw/w2021/deliverables/contrast-zin-dev/output/expEX2/graph/words.txt /home3/ztkyaw/w2021/deliverables/contrast-zin-dev/baseline/tdnnf-transfer-sp/final.mdl /home3/ztkyaw/w2021/deliverables/contrast-zin-dev/output/expEX2/graph/HCLG.fst 'ark,s,cs:apply-cmvn --norm-means=false --norm-vars=false --utt2spk=ark:./data/imda-part2/mfcc-hires/split10/7/utt2spk scp:./data/imda-part2/mfcc-hires/split10/7/cmvn.scp scp:./data/imda-part2/mfcc-hires/split10/7/feats.scp ark:- |' 'ark:|lattice-scale --acoustic-scale=10.0 ark:- ark:- | gzip -c >/home3/ztkyaw/w2021/deliverables/contrast-zin-dev/baseline/tdnnf-transfer-sp/decode_imda-part2_1629889191-hw_lmg/lat.7.gz' 
LOG (nnet3-latgen-faster[5.5.888~1-d619]:RemoveOrphanNodes():nnet-nnet.cc:948) Removed 1 orphan nodes.
LOG (nnet3-latgen-faster[5.5.888~1-d619]:RemoveOrphanComponents():nnet-nnet.cc:847) Removing 2 orphan components.
LOG (nnet3-latgen-faster[5.5.888~1-d619]:Collapse():nnet-utils.cc:1488) Added 1 components, removed 2
apply-cmvn --norm-means=false --norm-vars=false --utt2spk=ark:./data/imda-part2/mfcc-hires/split10/7/utt2spk scp:./data/imda-part2/mfcc-hires/split10/7/cmvn.scp scp:./data/imda-part2/mfcc-hires/split10/7/feats.scp ark:- 
lattice-scale --acoustic-scale=10.0 ark:- ark:- 
LOG (nnet3-latgen-faster[5.5.888~1-d619]:CheckAndFixConfigs():nnet-am-decodable-simple.cc:294) Increasing --frames-per-chunk from 50 to 51 to make it a multiple of --frame-subsampling-factor=3
nsc-part2-chn0-spk09813157cnm-031570003 do u know how to cook registered crispy bring chicken 
LOG (nnet3-latgen-faster[5.5.888~1-d619]:DecodeUtteranceLatticeFaster():decoder-wrappers.cc:375) Log-like per frame for utterance nsc-part2-chn0-spk09813157cnm-031570003 is 1.45879 over 179 frames.
nsc-part2-chn0-spk09813157cnm-031570057 can new recommend me restaurant near __Taman_Jurong __Shopping_Centre 
LOG (nnet3-latgen-faster[5.5.888~1-d619]:DecodeUtteranceLatticeFaster():decoder-wrappers.cc:375) Log-like per frame for utterance nsc-part2-chn0-spk09813157cnm-031570057 is 1.65495 over 167 frames.
nsc-part2-chn0-spk09813157cnm-031570063 find the __Pasir_Ris_Way to __Sembawang_Terminal_Road h 
LOG (nnet3-latgen-faster[5.5.888~1-d619]:DecodeUtteranceLatticeFaster():decoder-wrappers.cc:375) Log-like per frame for utterance nsc-part2-chn0-spk09813157cnm-031570063 is 1.69563 over 148 frames.
nsc-part2-chn0-spk09813157cnm-031570134 __Covenant_Community_Methodist search __Eng_Kong_Road and __Jalan_Simpang_Bedok 
LOG (nnet3-latgen-faster[5.5.888~1-d619]:DecodeUtteranceLatticeFaster():decoder-wrappers.cc:375) Log-like per frame for utterance nsc-part2-chn0-spk09813157cnm-031570134 is 1.86451 over 178 frames.
nsc-part2-chn0-spk09813157cnm-031570136 __Bukit_Batok hospital __Eng_Neo_Avenue as so lodged in 
LOG (nnet3-latgen-faster[5.5.888~1-d619]:DecodeUtteranceLatticeFaster():decoder-wrappers.cc:375) Log-like per frame for utterance nsc-part2-chn0-spk09813157cnm-031570136 is 1.66932 over 144 frames.
nsc-part2-chn0-spk09813157cnm-031570242 __Hai_Sing_Crescent search __Seletar_Close and __Harrison_Road 
LOG (nnet3-latgen-faster[5.5.888~1-d619]:DecodeUtteranceLatticeFaster():decoder-wrappers.cc:375) Log-like per frame for utterance nsc-part2-chn0-spk09813157cnm-031570242 is 1.68115 over 146 frames.
nsc-part2-chn0-spk09813157cnm-031570247 __Binchang_Rise __Upper_Aljunied_Link and __Elias_Park_Avenue 
LOG (nnet3-latgen-faster[5.5.888~1-d619]:DecodeUtteranceLatticeFaster():decoder-wrappers.cc:375) Log-like per frame for utterance nsc-part2-chn0-spk09813157cnm-031570247 is 1.76689 over 159 frames.
nsc-part2-chn0-spk09813157cnm-031570251 __Bristol_Road __Toh_Tuck_Drive and __Geylang_East_Avenue 
LOG (nnet3-latgen-faster[5.5.888~1-d619]:DecodeUtteranceLatticeFaster():decoder-wrappers.cc:375) Log-like per frame for utterance nsc-part2-chn0-spk09813157cnm-031570251 is 1.77957 over 129 frames.
nsc-part2-chn0-spk09813157cnm-031570299 __Suntec_City __Bukit_Timah __Shopping_Centre and __North_Vista primary school 
LOG (nnet3-latgen-faster[5.5.888~1-d619]:DecodeUtteranceLatticeFaster():decoder-wrappers.cc:375) Log-like per frame for utterance nsc-part2-chn0-spk09813157cnm-031570299 is 1.69328 over 185 frames.
nsc-part2-chn0-spk09813157cnm-031570313 __Chinatown_Point post office link upping wrote and duration association of __Singapore_Bible 
LOG (nnet3-latgen-faster[5.5.888~1-d619]:DecodeUtteranceLatticeFaster():decoder-wrappers.cc:375) Log-like per frame for utterance nsc-part2-chn0-spk09813157cnm-031570313 is 1.59379 over 208 frames.
nsc-part2-chn0-spk09813157cnm-031570427 charge __Avon_Road __Aljunied_Avenue five and sport __Singapore_Bible 
LOG (nnet3-latgen-faster[5.5.888~1-d619]:DecodeUtteranceLatticeFaster():decoder-wrappers.cc:375) Log-like per frame for utterance nsc-part2-chn0-spk09813157cnm-031570427 is 1.53705 over 139 frames.
nsc-part2-chn0-spk09813157cnm-031571521 it status bring and yes 
LOG (nnet3-latgen-faster[5.5.888~1-d619]:DecodeUtteranceLatticeFaster():decoder-wrappers.cc:375) Log-like per frame for utterance nsc-part2-chn0-spk09813157cnm-031571521 is 1.37235 over 96 frames.
nsc-part2-chn0-spk09813157cnm-031571568 __Singapore'S_Mariners' club 
LOG (nnet3-latgen-faster[5.5.888~1-d619]:DecodeUtteranceLatticeFaster():decoder-wrappers.cc:375) Log-like per frame for utterance nsc-part2-chn0-spk09813157cnm-031571568 is 1.71228 over 84 frames.
nsc-part2-chn0-spk09813157cnm-031571582 __Dahan_Road __Marshall_Lane multiplication and __Kim_Seng_Road 
LOG (nnet3-latgen-faster[5.5.888~1-d619]:DecodeUtteranceLatticeFaster():decoder-wrappers.cc:375) Log-like per frame for utterance nsc-part2-chn0-spk09813157cnm-031571582 is 1.61521 over 138 frames.
nsc-part2-chn0-spk09813157cnm-031571716 __Bukit_Batok_East __Gambir_Walk and __Dock_Road_East 
LOG (nnet3-latgen-faster[5.5.888~1-d619]:DecodeUtteranceLatticeFaster():decoder-wrappers.cc:375) Log-like per frame for utterance nsc-part2-chn0-spk09813157cnm-031571716 is 1.68049 over 132 frames.
nsc-part2-chn0-spk09813157cnm-031571738 mention __Rita_Zahara and __Lim_Chong_Pang 
LOG (nnet3-latgen-faster[5.5.888~1-d619]:DecodeUtteranceLatticeFaster():decoder-wrappers.cc:375) Log-like per frame for utterance nsc-part2-chn0-spk09813157cnm-031571738 is 1.67504 over 118 frames.
nsc-part2-chn0-spk09813157cnm-031571750 __Seletar_South_Road __Foch_Road primary school and city back because 
LOG (nnet3-latgen-faster[5.5.888~1-d619]:DecodeUtteranceLatticeFaster():decoder-wrappers.cc:375) Log-like per frame for utterance nsc-part2-chn0-spk09813157cnm-031571750 is 1.5046 over 158 frames.
nsc-part2-chn0-spk09813157cnm-031571832 __Bukit_Batok_East harbour front multiplication and __Office_Road 
LOG (nnet3-latgen-faster[5.5.888~1-d619]:DecodeUtteranceLatticeFaster():decoder-wrappers.cc:375) Log-like per frame for utterance nsc-part2-chn0-spk09813157cnm-031571832 is 1.60135 over 147 frames.
nsc-part2-chn0-spk09823158cnm-031580016 how long will it take to walk to masculine multiply station 
LOG (nnet3-latgen-faster[5.5.888~1-d619]:DecodeUtteranceLatticeFaster():decoder-wrappers.cc:375) Log-like per frame for utterance nsc-part2-chn0-spk09823158cnm-031580016 is 1.53855 over 145 frames.
nsc-part2-chn0-spk09823158cnm-031580024 __Bukit_Batok_East avenue __Singapore_Bible council association and east coast avenue 
LOG (nnet3-latgen-faster[5.5.888~1-d619]:DecodeUtteranceLatticeFaster():decoder-wrappers.cc:375) Log-like per frame for utterance nsc-part2-chn0-spk09823158cnm-031580024 is 1.54817 over 224 frames.
nsc-part2-chn0-spk09823158cnm-031580030 __Geylang_Lorong eight 
LOG (nnet3-latgen-faster[5.5.888~1-d619]:DecodeUtteranceLatticeFaster():decoder-wrappers.cc:375) Log-like per frame for utterance nsc-part2-chn0-spk09823158cnm-031580030 is 1.706 over 82 frames.
nsc-part2-chn0-spk09823158cnm-031580060 please tell me how to get to __Taman_Bedok 
LOG (nnet3-latgen-faster[5.5.888~1-d619]:DecodeUtteranceLatticeFaster():decoder-wrappers.cc:375) Log-like per frame for utterance nsc-part2-chn0-spk09823158cnm-031580060 is 1.75129 over 134 frames.
nsc-part2-chn0-spk09823158cnm-031580170 __Joanne_Soo j am solely and __Lim_Chong_Pang 
LOG (nnet3-latgen-faster[5.5.888~1-d619]:DecodeUtteranceLatticeFaster():decoder-wrappers.cc:375) Log-like per frame for utterance nsc-part2-chn0-spk09823158cnm-031580170 is 1.54558 over 154 frames.
nsc-part2-chn0-spk09823158cnm-031580187 butter nine and yet enroll start crispy spring chicken 
LOG (nnet3-latgen-faster[5.5.888~1-d619]:DecodeUtteranceLatticeFaster():decoder-wrappers.cc:375) Log-like per frame for utterance nsc-part2-chn0-spk09823158cnm-031580187 is 1.55172 over 219 frames.
nsc-part2-chn0-spk09823158cnm-031580191 please slock for feather when your reach confirm come violent 
LOG (nnet3-latgen-faster[5.5.888~1-d619]:DecodeUtteranceLatticeFaster():decoder-wrappers.cc:375) Log-like per frame for utterance nsc-part2-chn0-spk09823158cnm-031580191 is 1.47687 over 157 frames.
nsc-part2-chn0-spk09823158cnm-031580196 i and meeting seizure at __Seletar_East film ways first 
LOG (nnet3-latgen-faster[5.5.888~1-d619]:DecodeUtteranceLatticeFaster():decoder-wrappers.cc:375) Log-like per frame for utterance nsc-part2-chn0-spk09823158cnm-031580196 is 1.52056 over 175 frames.
nsc-part2-chn0-spk09823158cnm-031580212 __Tamarind_Road __Aljunied_Avenue five and __Kew_Walk avenue 
LOG (nnet3-latgen-faster[5.5.888~1-d619]:DecodeUtteranceLatticeFaster():decoder-wrappers.cc:375) Log-like per frame for utterance nsc-part2-chn0-spk09823158cnm-031580212 is 1.61422 over 177 frames.
nsc-part2-chn0-spk09823158cnm-031580296 someone terminal avenue three 
LOG (nnet3-latgen-faster[5.5.888~1-d619]:DecodeUtteranceLatticeFaster():decoder-wrappers.cc:375) Log-like per frame for utterance nsc-part2-chn0-spk09823158cnm-031580296 is 1.7262 over 109 frames.
nsc-part2-chn0-spk09823158cnm-031580313 __Mei_Hwan_Drive __Bukit_Timah post office and __Jalan_Tan_Tock_Seng 
LOG (nnet3-latgen-faster[5.5.888~1-d619]:DecodeUtteranceLatticeFaster():decoder-wrappers.cc:375) Log-like per frame for utterance nsc-part2-chn0-spk09823158cnm-031580313 is 1.60123 over 186 frames.
nsc-part2-chn0-spk09823158cnm-031580410 i waiting for name comes to comeback from __West_Spring 
LOG (nnet3-latgen-faster[5.5.888~1-d619]:DecodeUtteranceLatticeFaster():decoder-wrappers.cc:375) Log-like per frame for utterance nsc-part2-chn0-spk09823158cnm-031580410 is 1.66923 over 158 frames.
nsc-part2-chn0-spk09823158cnm-031580445 __Aljunied_Avenue five __Fernvale_Lane primary school and __Beatty_Road 
LOG (nnet3-latgen-faster[5.5.888~1-d619]:DecodeUtteranceLatticeFaster():decoder-wrappers.cc:375) Log-like per frame for utterance nsc-part2-chn0-spk09823158cnm-031580445 is 1.64836 over 180 frames.
nsc-part2-chn0-spk09823158cnm-031581464 how long while __Yew_Tee to walk to compare m park 
LOG (nnet3-latgen-faster[5.5.888~1-d619]:DecodeUtteranceLatticeFaster():decoder-wrappers.cc:375) Log-like per frame for utterance nsc-part2-chn0-spk09823158cnm-031581464 is 1.44191 over 115 frames.
nsc-part2-chn0-spk09823158cnm-031581624 ajar need avenue two now me hotel and suddenly industrial park 
LOG (nnet3-latgen-faster[5.5.888~1-d619]:DecodeUtteranceLatticeFaster():decoder-wrappers.cc:375) Log-like per frame for utterance nsc-part2-chn0-spk09823158cnm-031581624 is 1.61259 over 196 frames.
nsc-part2-chn0-spk09823158cnm-031581764 __Li_Hui_Cheng __Hussein_Aljunied and green chant 
LOG (nnet3-latgen-faster[5.5.888~1-d619]:DecodeUtteranceLatticeFaster():decoder-wrappers.cc:375) Log-like per frame for utterance nsc-part2-chn0-spk09823158cnm-031581764 is 1.48022 over 155 frames.
nsc-part2-chn0-spk09823158cnm-031581838 __Kampong_Bahru 
LOG (nnet3-latgen-faster[5.5.888~1-d619]:DecodeUtteranceLatticeFaster():decoder-wrappers.cc:375) Log-like per frame for utterance nsc-part2-chn0-spk09823158cnm-031581838 is 1.4702 over 74 frames.
nsc-part2-chn0-spk09823158cnm-031581866 marketing institute of __Singapore_Bible __Seletar_South_Road and harmony straight 
LOG (nnet3-latgen-faster[5.5.888~1-d619]:DecodeUtteranceLatticeFaster():decoder-wrappers.cc:375) Log-like per frame for utterance nsc-part2-chn0-spk09823158cnm-031581866 is 1.63814 over 200 frames.
nsc-part2-chn0-spk09823158cnm-031581893 i serious church __Kim_Seng straight and __Lorong_Mesu __Geylang_Road 
LOG (nnet3-latgen-faster[5.5.888~1-d619]:DecodeUtteranceLatticeFaster():decoder-wrappers.cc:375) Log-like per frame for utterance nsc-part2-chn0-spk09823158cnm-031581893 is 1.61413 over 149 frames.
nsc-part2-chn0-spk09862996cnf-029960032 say maternity chart __Faith_Sanctuary_Garden_Avenue and __Bukit_Batok natural park 
LOG (nnet3-latgen-faster[5.5.888~1-d619]:DecodeUtteranceLatticeFaster():decoder-wrappers.cc:375) Log-like per frame for utterance nsc-part2-chn0-spk09862996cnf-029960032 is 1.50513 over 245 frames.
nsc-part2-chn0-spk09862996cnf-029960080 kampong unpaid industrial estate __Stirling_Walk and come center 
LOG (nnet3-latgen-faster[5.5.888~1-d619]:DecodeUtteranceLatticeFaster():decoder-wrappers.cc:375) Log-like per frame for utterance nsc-part2-chn0-spk09862996cnf-029960080 is 1.52124 over 224 frames.
nsc-part2-chn0-spk09862996cnf-029960087 __York_Place __West_Spring and army top up building 
LOG (nnet3-latgen-faster[5.5.888~1-d619]:DecodeUtteranceLatticeFaster():decoder-wrappers.cc:375) Log-like per frame for utterance nsc-part2-chn0-spk09862996cnf-029960087 is 1.57198 over 194 frames.
nsc-part2-chn0-spk09862996cnf-029960134 __Bedok_North __Arrival_Crescent and __Pasir_Ris film way 
LOG (nnet3-latgen-faster[5.5.888~1-d619]:DecodeUtteranceLatticeFaster():decoder-wrappers.cc:375) Log-like per frame for utterance nsc-part2-chn0-spk09862996cnf-029960134 is 1.6964 over 163 frames.
nsc-part2-chn0-spk09862996cnf-029960225 __Ulu_Sembawang 
LOG (nnet3-latgen-faster[5.5.888~1-d619]:DecodeUtteranceLatticeFaster():decoder-wrappers.cc:375) Log-like per frame for utterance nsc-part2-chn0-spk09862996cnf-029960225 is 1.35414 over 70 frames.
nsc-part2-chn0-spk09862996cnf-029960251 __Chinatown_Point __Si_Ling three and __Tebing_Lane 
LOG (nnet3-latgen-faster[5.5.888~1-d619]:DecodeUtteranceLatticeFaster():decoder-wrappers.cc:375) Log-like per frame for utterance nsc-part2-chn0-spk09862996cnf-029960251 is 1.46627 over 168 frames.
nsc-part2-chn0-spk09862996cnf-029960258 photo center selected error space and __Segar_Close 
LOG (nnet3-latgen-faster[5.5.888~1-d619]:DecodeUtteranceLatticeFaster():decoder-wrappers.cc:375) Log-like per frame for utterance nsc-part2-chn0-spk09862996cnf-029960258 is 1.57472 over 146 frames.
nsc-part2-chn0-spk09862996cnf-029960323 __Fourth_Street person no police walk and __Geylang_Bahru teras 
LOG (nnet3-latgen-faster[5.5.888~1-d619]:DecodeUtteranceLatticeFaster():decoder-wrappers.cc:375) Log-like per frame for utterance nsc-part2-chn0-spk09862996cnf-029960323 is 1.77759 over 170 frames.
nsc-part2-chn0-spk09862996cnf-029960326 where is __Kampung_Glam conservancy sports club 
LOG (nnet3-latgen-faster[5.5.888~1-d619]:DecodeUtteranceLatticeFaster():decoder-wrappers.cc:375) Log-like per frame for utterance nsc-part2-chn0-spk09862996cnf-029960326 is 1.59078 over 121 frames.
nsc-part2-chn0-spk09862996cnf-029960342 why the phases way to major star are donee l is submit school 
LOG (nnet3-latgen-faster[5.5.888~1-d619]:DecodeUtteranceLatticeFaster():decoder-wrappers.cc:375) Log-like per frame for utterance nsc-part2-chn0-spk09862996cnf-029960342 is 1.46501 over 192 frames.
nsc-part2-chn0-spk09862996cnf-029960423 which birth should i take to __Bukit_Timah expressway 
LOG (nnet3-latgen-faster[5.5.888~1-d619]:DecodeUtteranceLatticeFaster():decoder-wrappers.cc:375) Log-like per frame for utterance nsc-part2-chn0-spk09862996cnf-029960423 is 1.5624 over 105 frames.
nsc-part2-chn0-spk09862996cnf-029960436 __Teck_Whye __Shopping_Centre government would be driving test central ampoule home temper 
LOG (nnet3-latgen-faster[5.5.888~1-d619]:DecodeUtteranceLatticeFaster():decoder-wrappers.cc:375) Log-like per frame for utterance nsc-part2-chn0-spk09862996cnf-029960436 is 1.53872 over 185 frames.
nsc-part2-chn0-spk09862996cnf-029961519 that the furthest way to come __Chuan_Walk son 
LOG (nnet3-latgen-faster[5.5.888~1-d619]:DecodeUtteranceLatticeFaster():decoder-wrappers.cc:375) Log-like per frame for utterance nsc-part2-chn0-spk09862996cnf-029961519 is 1.33092 over 117 frames.
nsc-part2-chn0-spk09862996cnf-029961600 am c spring and 
LOG (nnet3-latgen-faster[5.5.888~1-d619]:DecodeUtteranceLatticeFaster():decoder-wrappers.cc:375) Log-like per frame for utterance nsc-part2-chn0-spk09862996cnf-029961600 is 1.38599 over 121 frames.
nsc-part2-chn0-spk09862996cnf-029961621 __Keene_Road __Jalan_Binja and __Simpang_Bedok 
LOG (nnet3-latgen-faster[5.5.888~1-d619]:DecodeUtteranceLatticeFaster():decoder-wrappers.cc:375) Log-like per frame for utterance nsc-part2-chn0-spk09862996cnf-029961621 is 1.60878 over 133 frames.
nsc-part2-chn0-spk09862996cnf-029961660 __Jalan_Remis __Woodleigh_Close and __Marsiling_Road 
LOG (nnet3-latgen-faster[5.5.888~1-d619]:DecodeUtteranceLatticeFaster():decoder-wrappers.cc:375) Log-like per frame for utterance nsc-part2-chn0-spk09862996cnf-029961660 is 1.50048 over 123 frames.
nsc-part2-chn0-spk09873072inf-030720007 please show me the way to __Chong_Pang_Combined temple 
LOG (nnet3-latgen-faster[5.5.888~1-d619]:DecodeUtteranceLatticeFaster():decoder-wrappers.cc:375) Log-like per frame for utterance nsc-part2-chn0-spk09873072inf-030720007 is 1.71052 over 148 frames.
nsc-part2-chn0-spk09873072inf-030720100 how file away is __Geylang_Square from here 
LOG (nnet3-latgen-faster[5.5.888~1-d619]:DecodeUtteranceLatticeFaster():decoder-wrappers.cc:375) Log-like per frame for utterance nsc-part2-chn0-spk09873072inf-030720100 is 1.82595 over 117 frames.
nsc-part2-chn0-spk09873072inf-030720107 it is faster to take bus to __Taman_Jurong __Shopping_Centre 
LOG (nnet3-latgen-faster[5.5.888~1-d619]:DecodeUtteranceLatticeFaster():decoder-wrappers.cc:375) Log-like per frame for utterance nsc-part2-chn0-spk09873072inf-030720107 is 1.7514 over 147 frames.
nsc-part2-chn0-spk09873072inf-030720115 what instead easiest way to __Bedok_View __Secondary_School 
LOG (nnet3-latgen-faster[5.5.888~1-d619]:DecodeUtteranceLatticeFaster():decoder-wrappers.cc:375) Log-like per frame for utterance nsc-part2-chn0-spk09873072inf-030720115 is 1.6954 over 145 frames.
nsc-part2-chn0-spk09873072inf-030720123 __Upper_Paya_Lebar_Road confirmed industrial estate and emigration and checked point authority 
LOG (nnet3-latgen-faster[5.5.888~1-d619]:DecodeUtteranceLatticeFaster():decoder-wrappers.cc:375) Log-like per frame for utterance nsc-part2-chn0-spk09873072inf-030720123 is 1.77317 over 243 frames.
nsc-part2-chn0-spk09873072inf-030720182 please show me aware to selected country court 
LOG (nnet3-latgen-faster[5.5.888~1-d619]:DecodeUtteranceLatticeFaster():decoder-wrappers.cc:375) Log-like per frame for utterance nsc-part2-chn0-spk09873072inf-030720182 is 1.51206 over 119 frames.
nsc-part2-chn0-spk09873072inf-030720210 please show me away to __Jalan_Ulu_Sembawang 
LOG (nnet3-latgen-faster[5.5.888~1-d619]:DecodeUtteranceLatticeFaster():decoder-wrappers.cc:375) Log-like per frame for utterance nsc-part2-chn0-spk09873072inf-030720210 is 1.57246 over 127 frames.
nsc-part2-chn0-spk09873072inf-030720252 what is to distance to __Bukit_Batok home further aged 
LOG (nnet3-latgen-faster[5.5.888~1-d619]:DecodeUtteranceLatticeFaster():decoder-wrappers.cc:375) Log-like per frame for utterance nsc-part2-chn0-spk09873072inf-030720252 is 1.62243 over 137 frames.
nsc-part2-chn0-spk09873072inf-030720268 __Bukit_Sedap_Road __Chinatown_Hotel and __Singapore_Conference acknowledge museum 
LOG (nnet3-latgen-faster[5.5.888~1-d619]:DecodeUtteranceLatticeFaster():decoder-wrappers.cc:375) Log-like per frame for utterance nsc-part2-chn0-spk09873072inf-030720268 is 1.58566 over 196 frames.
nsc-part2-chn0-spk09873072inf-030720320 show me away to confirmed drawer 
LOG (nnet3-latgen-faster[5.5.888~1-d619]:DecodeUtteranceLatticeFaster():decoder-wrappers.cc:375) Log-like per frame for utterance nsc-part2-chn0-spk09873072inf-030720320 is 1.43416 over 105 frames.
nsc-part2-chn0-spk09873072inf-030720351 can recommend me restaurant year __East_Spring 
LOG (nnet3-latgen-faster[5.5.888~1-d619]:DecodeUtteranceLatticeFaster():decoder-wrappers.cc:375) Log-like per frame for utterance nsc-part2-chn0-spk09873072inf-030720351 is 1.5184 over 128 frames.
nsc-part2-chn0-spk09873072inf-030720437 chai child quay rotate crispy spring chicken encourage chicken drumstick 
LOG (nnet3-latgen-faster[5.5.888~1-d619]:DecodeUtteranceLatticeFaster():decoder-wrappers.cc:375) Log-like per frame for utterance nsc-part2-chn0-spk09873072inf-030720437 is 1.52018 over 177 frames.
nsc-part2-chn0-spk09873072inf-030721552 please look for __Bukit_Batok_Avenue reach __Bukit_Timah_Link 
LOG (nnet3-latgen-faster[5.5.888~1-d619]:DecodeUtteranceLatticeFaster():decoder-wrappers.cc:375) Log-like per frame for utterance nsc-part2-chn0-spk09873072inf-030721552 is 1.62153 over 130 frames.
nsc-part2-chn0-spk09873072inf-030721559 __Cleantech_View __Upper_Aljunied_Link and __Jalan_Noordin 
LOG (nnet3-latgen-faster[5.5.888~1-d619]:DecodeUtteranceLatticeFaster():decoder-wrappers.cc:375) Log-like per frame for utterance nsc-part2-chn0-spk09873072inf-030721559 is 1.64264 over 145 frames.
nsc-part2-chn0-spk09873072inf-030721673 __Marsiling_Road 
LOG (nnet3-latgen-faster[5.5.888~1-d619]:DecodeUtteranceLatticeFaster():decoder-wrappers.cc:375) Log-like per frame for utterance nsc-part2-chn0-spk09873072inf-030721673 is 1.60566 over 71 frames.
nsc-part2-chn0-spk09873072inf-030721756 __Lavender_Street __Bedok_Reservoir annual till lain 
LOG (nnet3-latgen-faster[5.5.888~1-d619]:DecodeUtteranceLatticeFaster():decoder-wrappers.cc:375) Log-like per frame for utterance nsc-part2-chn0-spk09873072inf-030721756 is 1.6991 over 138 frames.
nsc-part2-chn0-spk09873072inf-030721866 __Poh_Huat_Road west __Blue_Stars dormitory and __Jalan_Kampong_Chantek 
LOG (nnet3-latgen-faster[5.5.888~1-d619]:DecodeUtteranceLatticeFaster():decoder-wrappers.cc:375) Log-like per frame for utterance nsc-part2-chn0-spk09873072inf-030721866 is 1.61343 over 181 frames.
nsc-part2-chn0-spk09913080mam-030800029 may agree dropping me of at alternate industrial estate 
LOG (nnet3-latgen-faster[5.5.888~1-d619]:DecodeUtteranceLatticeFaster():decoder-wrappers.cc:375) Log-like per frame for utterance nsc-part2-chn0-spk09913080mam-030800029 is 1.45864 over 160 frames.
nsc-part2-chn0-spk09913080mam-030800102 is about twenty may needs walk to __Kampong_Bahru 
LOG (nnet3-latgen-faster[5.5.888~1-d619]:DecodeUtteranceLatticeFaster():decoder-wrappers.cc:375) Log-like per frame for utterance nsc-part2-chn0-spk09913080mam-030800102 is 1.52088 over 128 frames.
nsc-part2-chn0-spk09913080mam-030800111 __Jalan_Mamam __Bedok_Green primary school and issue town 
LOG (nnet3-latgen-faster[5.5.888~1-d619]:DecodeUtteranceLatticeFaster():decoder-wrappers.cc:375) Log-like per frame for utterance nsc-part2-chn0-spk09913080mam-030800111 is 1.72306 over 195 frames.
nsc-part2-chn0-spk09913080mam-030800175 are day full court or restaurant near __Seletar_West form way 
LOG (nnet3-latgen-faster[5.5.888~1-d619]:DecodeUtteranceLatticeFaster():decoder-wrappers.cc:375) Log-like per frame for utterance nsc-part2-chn0-spk09913080mam-030800175 is 1.52029 over 151 frames.
nsc-part2-chn0-spk09913080mam-030800197 what is __Pasir_Ris_Way to __Sembawang_Terminal_Road h 
LOG (nnet3-latgen-faster[5.5.888~1-d619]:DecodeUtteranceLatticeFaster():decoder-wrappers.cc:375) Log-like per frame for utterance nsc-part2-chn0-spk09913080mam-030800197 is 1.55733 over 158 frames.
nsc-part2-chn0-spk09913080mam-030800204 can i tick the mufti to __Orchard_Spring_Lane 
LOG (nnet3-latgen-faster[5.5.888~1-d619]:DecodeUtteranceLatticeFaster():decoder-wrappers.cc:375) Log-like per frame for utterance nsc-part2-chn0-spk09913080mam-030800204 is 1.54677 over 132 frames.
nsc-part2-chn0-spk09913080mam-030800251 quantity term __Boon_Lay association __Tamarind_Road and __Bukit_Batok avenue 
LOG (nnet3-latgen-faster[5.5.888~1-d619]:DecodeUtteranceLatticeFaster():decoder-wrappers.cc:375) Log-like per frame for utterance nsc-part2-chn0-spk09913080mam-030800251 is 1.48329 over 278 frames.
nsc-part2-chn0-spk09913080mam-030800308 __Movenpick_Heritage hotel __Jalan_Jeruju and __Geylang_Lorong_Labang 
LOG (nnet3-latgen-faster[5.5.888~1-d619]:DecodeUtteranceLatticeFaster():decoder-wrappers.cc:375) Log-like per frame for utterance nsc-part2-chn0-spk09913080mam-030800308 is 1.61993 over 204 frames.
nsc-part2-chn0-spk09913080mam-030800312 __Lorong_Pisang_Batu two __Dover_Drive __Taman_Jurong part 
LOG (nnet3-latgen-faster[5.5.888~1-d619]:DecodeUtteranceLatticeFaster():decoder-wrappers.cc:375) Log-like per frame for utterance nsc-part2-chn0-spk09913080mam-030800312 is 1.72437 over 171 frames.
nsc-part2-chn0-spk09913080mam-030800400 please look for donee avenue reach __Bukit_Timah avenue 
LOG (nnet3-latgen-faster[5.5.888~1-d619]:DecodeUtteranceLatticeFaster():decoder-wrappers.cc:375) Log-like per frame for utterance nsc-part2-chn0-spk09913080mam-030800400 is 1.58583 over 149 frames.
nsc-part2-chn0-spk09913080mam-030800412 find the __Pasir_Ris_Way to __Kampong_Sireh 
LOG (nnet3-latgen-faster[5.5.888~1-d619]:DecodeUtteranceLatticeFaster():decoder-wrappers.cc:375) Log-like per frame for utterance nsc-part2-chn0-spk09913080mam-030800412 is 1.34844 over 110 frames.
nsc-part2-chn0-spk09913080mam-030801497 __Braddell_Road __Marsiling_Road and day __Secondary_School 
LOG (nnet3-latgen-faster[5.5.888~1-d619]:DecodeUtteranceLatticeFaster():decoder-wrappers.cc:375) Log-like per frame for utterance nsc-part2-chn0-spk09913080mam-030801497 is 1.67579 over 158 frames.
nsc-part2-chn0-spk09913080mam-030801698 how long rely take to walk to coupon jobber 
LOG (nnet3-latgen-faster[5.5.888~1-d619]:DecodeUtteranceLatticeFaster():decoder-wrappers.cc:375) Log-like per frame for utterance nsc-part2-chn0-spk09913080mam-030801698 is 1.4264 over 129 frames.
nsc-part2-chn0-spk09913080mam-030801847 __Lim_Chong_Pang __Edwin_Browns and __Beeh_Low_See 
LOG (nnet3-latgen-faster[5.5.888~1-d619]:DecodeUtteranceLatticeFaster():decoder-wrappers.cc:375) Log-like per frame for utterance nsc-part2-chn0-spk09913080mam-030801847 is 1.64432 over 131 frames.
nsc-part2-chn0-spk09913080mam-030801893 symbol while would grow avenue and __Stirling_Walk 
LOG (nnet3-latgen-faster[5.5.888~1-d619]:DecodeUtteranceLatticeFaster():decoder-wrappers.cc:375) Log-like per frame for utterance nsc-part2-chn0-spk09913080mam-030801893 is 1.53899 over 164 frames.
nsc-part2-chn0-spk09933109inm-031090080 __Marina_Bay resident is __Bukit_Batok and __Kinara_Lane 
LOG (nnet3-latgen-faster[5.5.888~1-d619]:DecodeUtteranceLatticeFaster():decoder-wrappers.cc:375) Log-like per frame for utterance nsc-part2-chn0-spk09933109inm-031090080 is 1.70815 over 181 frames.
nsc-part2-chn0-spk09933109inm-031090117 what is the distance still later country club 
LOG (nnet3-latgen-faster[5.5.888~1-d619]:DecodeUtteranceLatticeFaster():decoder-wrappers.cc:375) Log-like per frame for utterance nsc-part2-chn0-spk09933109inm-031090117 is 1.42944 over 129 frames.
nsc-part2-chn0-spk09933109inm-031090120 __Bedok_South 
LOG (nnet3-latgen-faster[5.5.888~1-d619]:DecodeUtteranceLatticeFaster():decoder-wrappers.cc:375) Log-like per frame for utterance nsc-part2-chn0-spk09933109inm-031090120 is 1.68843 over 72 frames.
nsc-part2-chn0-spk09933109inm-031090149 i meeting minder at __Aljunied_Avenue two first 
LOG (nnet3-latgen-faster[5.5.888~1-d619]:DecodeUtteranceLatticeFaster():decoder-wrappers.cc:375) Log-like per frame for utterance nsc-part2-chn0-spk09933109inm-031090149 is 1.57917 over 158 frames.
nsc-part2-chn0-spk09933109inm-031090173 __Jalan_Kampong_Siglap __Macpherson_Road and mum between first post 
LOG (nnet3-latgen-faster[5.5.888~1-d619]:DecodeUtteranceLatticeFaster():decoder-wrappers.cc:375) Log-like per frame for utterance nsc-part2-chn0-spk09933109inm-031090173 is 1.63529 over 191 frames.
nsc-part2-chn0-spk09933109inm-031090185 __Lim_Chong_Pang __Omar_Ali early and __Koh_Mui_Hiang duly 
LOG (nnet3-latgen-faster[5.5.888~1-d619]:DecodeUtteranceLatticeFaster():decoder-wrappers.cc:375) Log-like per frame for utterance nsc-part2-chn0-spk09933109inm-031090185 is 1.62653 over 197 frames.
nsc-part2-chn0-spk09933109inm-031090242 __Kwong_Min_Road __Boundary_Road and __Sembawang_Avenue 
LOG (nnet3-latgen-faster[5.5.888~1-d619]:DecodeUtteranceLatticeFaster():decoder-wrappers.cc:375) Log-like per frame for utterance nsc-part2-chn0-spk09933109inm-031090242 is 1.60611 over 154 frames.
nsc-part2-chn0-spk09933109inm-031090273 its about fifty one manage walk to __Geylang_Road 
LOG (nnet3-latgen-faster[5.5.888~1-d619]:DecodeUtteranceLatticeFaster():decoder-wrappers.cc:375) Log-like per frame for utterance nsc-part2-chn0-spk09933109inm-031090273 is 1.68225 over 124 frames.
nsc-part2-chn0-spk09933109inm-031090302 __Depot_Close __Kampong_Bahru_Road and __South_Buona_Vista_Road 
LOG (nnet3-latgen-faster[5.5.888~1-d619]:DecodeUtteranceLatticeFaster():decoder-wrappers.cc:375) Log-like per frame for utterance nsc-part2-chn0-spk09933109inm-031090302 is 1.60213 over 201 frames.
nsc-part2-chn0-spk09933109inm-031090313 __Alexandra_Road guardian trail __Suffolk_Road and __Taman_Jurong part 
LOG (nnet3-latgen-faster[5.5.888~1-d619]:DecodeUtteranceLatticeFaster():decoder-wrappers.cc:375) Log-like per frame for utterance nsc-part2-chn0-spk09933109inm-031090313 is 1.67812 over 208 frames.
nsc-part2-chn0-spk09933109inm-031091505 can recommend me restaurant near spring __Singapore_Bible 
LOG (nnet3-latgen-faster[5.5.888~1-d619]:DecodeUtteranceLatticeFaster():decoder-wrappers.cc:375) Log-like per frame for utterance nsc-part2-chn0-spk09933109inm-031091505 is 1.45936 over 151 frames.
nsc-part2-chn0-spk09933109inm-031091535 __Peace_Centre hotel happy spring and chimney south link 
LOG (nnet3-latgen-faster[5.5.888~1-d619]:DecodeUtteranceLatticeFaster():decoder-wrappers.cc:375) Log-like per frame for utterance nsc-part2-chn0-spk09933109inm-031091535 is 1.48088 over 223 frames.
nsc-part2-chn0-spk09933109inm-031091584 working road __Bukit_Timah __Shopping_Centre and zero crescent 
LOG (nnet3-latgen-faster[5.5.888~1-d619]:DecodeUtteranceLatticeFaster():decoder-wrappers.cc:375) Log-like per frame for utterance nsc-part2-chn0-spk09933109inm-031091584 is 1.61215 over 225 frames.
nsc-part2-chn0-spk09933109inm-031091624 riding for the disabled association of __Singapore_Bible __Upper_Seletar_Reservoir and code road 
LOG (nnet3-latgen-faster[5.5.888~1-d619]:DecodeUtteranceLatticeFaster():decoder-wrappers.cc:375) Log-like per frame for utterance nsc-part2-chn0-spk09933109inm-031091624 is 1.59487 over 286 frames.
nsc-part2-chn0-spk09933109inm-031091882 __Jalan_Lapang company industrial estate and __Mandai_Tekong park 
LOG (nnet3-latgen-faster[5.5.888~1-d619]:DecodeUtteranceLatticeFaster():decoder-wrappers.cc:375) Log-like per frame for utterance nsc-part2-chn0-spk09933109inm-031091882 is 1.63845 over 229 frames.
nsc-part2-chn0-spk09943084maf-030840045 which bar should i date to __Jalan_Simpang_Bedok 
LOG (nnet3-latgen-faster[5.5.888~1-d619]:DecodeUtteranceLatticeFaster():decoder-wrappers.cc:375) Log-like per frame for utterance nsc-part2-chn0-spk09943084maf-030840045 is 1.7423 over 121 frames.
nsc-part2-chn0-spk09943084maf-030840080 __Canberra_View the escalator mall and __Choa_Chu_Kang_Loop 
LOG (nnet3-latgen-faster[5.5.888~1-d619]:DecodeUtteranceLatticeFaster():decoder-wrappers.cc:375) Log-like per frame for utterance nsc-part2-chn0-spk09943084maf-030840080 is 1.62926 over 151 frames.
nsc-part2-chn0-spk09943084maf-030840123 __Sembawang_Shopping_Centre __Namly_Rise and police security got month 
LOG (nnet3-latgen-faster[5.5.888~1-d619]:DecodeUtteranceLatticeFaster():decoder-wrappers.cc:375) Log-like per frame for utterance nsc-part2-chn0-spk09943084maf-030840123 is 1.70983 over 180 frames.
nsc-part2-chn0-spk09943084maf-030840175 are they food court or response near __Kampong_Arang_Road 
LOG (nnet3-latgen-faster[5.5.888~1-d619]:DecodeUtteranceLatticeFaster():decoder-wrappers.cc:375) Log-like per frame for utterance nsc-part2-chn0-spk09943084maf-030840175 is 1.53501 over 131 frames.
nsc-part2-chn0-spk09943084maf-030840299 __Geylang_Lorong eight twenty one office and first street 
LOG (nnet3-latgen-faster[5.5.888~1-d619]:DecodeUtteranceLatticeFaster():decoder-wrappers.cc:375) Log-like per frame for utterance nsc-part2-chn0-spk09943084maf-030840299 is 1.72052 over 158 frames.
nsc-part2-chn0-spk09943084maf-030840313 __Taman_Jurong __Jalan_Pelatina and __Whitchurch_Road 
LOG (nnet3-latgen-faster[5.5.888~1-d619]:DecodeUtteranceLatticeFaster():decoder-wrappers.cc:375) Log-like per frame for utterance nsc-part2-chn0-spk09943084maf-030840313 is 1.82488 over 155 frames.
nsc-part2-chn0-spk09943084maf-030840384 __Sengkang_East_Way __Bukit_Batok driving and __Peace_Centre and __Kenya_Crescent 
LOG (nnet3-latgen-faster[5.5.888~1-d619]:DecodeUtteranceLatticeFaster():decoder-wrappers.cc:375) Log-like per frame for utterance nsc-part2-chn0-spk09943084maf-030840384 is 1.78053 over 197 frames.
nsc-part2-chn0-spk09943084maf-030840415 __Bukit_Timah post office soon total development corporation and __Chuan_Walk 
LOG (nnet3-latgen-faster[5.5.888~1-d619]:DecodeUtteranceLatticeFaster():decoder-wrappers.cc:375) Log-like per frame for utterance nsc-part2-chn0-spk09943084maf-030840415 is 1.84302 over 180 frames.
nsc-part2-chn0-spk09943084maf-030840433 __Bukit_Merah_View moonlight home for the age and handicap and __Kampung_Glam constituency sports class 
LOG (nnet3-latgen-faster[5.5.888~1-d619]:DecodeUtteranceLatticeFaster():decoder-wrappers.cc:375) Log-like per frame for utterance nsc-part2-chn0-spk09943084maf-030840433 is 1.64733 over 263 frames.
nsc-part2-chn0-spk09943084maf-030841584 __Lorong_Lew_Lian __Seletar_North_Lane one and gifted education branch 
LOG (nnet3-latgen-faster[5.5.888~1-d619]:DecodeUtteranceLatticeFaster():decoder-wrappers.cc:375) Log-like per frame for utterance nsc-part2-chn0-spk09943084maf-030841584 is 1.81162 over 222 frames.
LOG (apply-cmvn[5.5.888~1-d619]:main():apply-cmvn.cc:81) Copied 114 utterances.
nsc-part2-chn0-spk09943084maf-030841624 limestone temple __Upper_Seletar_Reservoir end sleepy key rebate because hostel 
LOG (nnet3-latgen-faster[5.5.888~1-d619]:DecodeUtteranceLatticeFaster():decoder-wrappers.cc:375) Log-like per frame for utterance nsc-part2-chn0-spk09943084maf-030841624 is 1.48749 over 221 frames.
nsc-part2-chn0-spk09943084maf-030841650 how do i get to __Marsiling_Crescent 
LOG (nnet3-latgen-faster[5.5.888~1-d619]:DecodeUtteranceLatticeFaster():decoder-wrappers.cc:375) Log-like per frame for utterance nsc-part2-chn0-spk09943084maf-030841650 is 1.66906 over 106 frames.
nsc-part2-chn0-spk09943084maf-030841794 which bar should ninety to __Chinatown_Point 
LOG (nnet3-latgen-faster[5.5.888~1-d619]:DecodeUtteranceLatticeFaster():decoder-wrappers.cc:375) Log-like per frame for utterance nsc-part2-chn0-spk09943084maf-030841794 is 1.64379 over 125 frames.
nsc-part2-chn0-spk09943084maf-030841871 which bush should i tick to __Bedok_Lighthouse 
LOG (nnet3-latgen-faster[5.5.888~1-d619]:DecodeUtteranceLatticeFaster():decoder-wrappers.cc:375) Log-like per frame for utterance nsc-part2-chn0-spk09943084maf-030841871 is 1.58344 over 148 frames.
LOG (nnet3-latgen-faster[5.5.888~1-d619]:main():nnet3-latgen-faster.cc:256) Time taken 377.919s: real-time factor assuming 100 frames/sec is 0.696754
LOG (nnet3-latgen-faster[5.5.888~1-d619]:main():nnet3-latgen-faster.cc:259) Done 114 utterances, failed for 0
LOG (nnet3-latgen-faster[5.5.888~1-d619]:main():nnet3-latgen-faster.cc:261) Overall log-likelihood per frame is 1.60776 over 18080 frames.
LOG (nnet3-latgen-faster[5.5.888~1-d619]:~CachingOptimizingCompiler():nnet-optimize.cc:710) 0.658 seconds taken in nnet3 compilation total (breakdown: 0.455 compilation, 0.123 optimization, 0 shortcut expansion, 0.0233 checking, 0.000134 computing indexes, 0.0569 misc.) + 0 I/O.
LOG (lattice-scale[5.5.888~1-d619]:main():lattice-scale.cc:107) Done 114 lattices.
# Ended (code 0) at Wed Aug 25 19:06:58 +08 2021, elapsed time 426 seconds
