# nnet3-latgen-faster --online-ivectors=scp:./ivector/imda-part2/ivector_online.scp --online-ivector-period=10 --frame-subsampling-factor=3 --frames-per-chunk=50 --extra-left-context=0 --extra-right-context=0 --extra-left-context-initial=-1 --extra-right-context-final=-1 --minimize=false --max-active=7000 --min-active=200 --beam=15.0 --lattice-beam=8.0 --acoustic-scale=1.0 --allow-partial=true --word-symbol-table=/home3/ztkyaw/w2021/deliverables/contrast-zin-dev/output/expEX2/graph/words.txt /home3/ztkyaw/w2021/deliverables/contrast-zin-dev/baseline/tdnnf-transfer-sp/final.mdl /home3/ztkyaw/w2021/deliverables/contrast-zin-dev/output/expEX2/graph/HCLG.fst "ark,s,cs:apply-cmvn --norm-means=false --norm-vars=false --utt2spk=ark:./data/imda-part2/mfcc-hires/split10/1/utt2spk scp:./data/imda-part2/mfcc-hires/split10/1/cmvn.scp scp:./data/imda-part2/mfcc-hires/split10/1/feats.scp ark:- |" "ark:|lattice-scale --acoustic-scale=10.0 ark:- ark:- | gzip -c >/home3/ztkyaw/w2021/deliverables/contrast-zin-dev/baseline/tdnnf-transfer-sp/decode_imda-part2_1629889191-hw_lmg/lat.1.gz" 
# Invoked at Wed Aug 25 18:59:52 +08 2021 from node02
#
# Started at Wed Aug 25 19:00:39 +08 2021 on node08
nnet3-latgen-faster --online-ivectors=scp:./ivector/imda-part2/ivector_online.scp --online-ivector-period=10 --frame-subsampling-factor=3 --frames-per-chunk=50 --extra-left-context=0 --extra-right-context=0 --extra-left-context-initial=-1 --extra-right-context-final=-1 --minimize=false --max-active=7000 --min-active=200 --beam=15.0 --lattice-beam=8.0 --acoustic-scale=1.0 --allow-partial=true --word-symbol-table=/home3/ztkyaw/w2021/deliverables/contrast-zin-dev/output/expEX2/graph/words.txt /home3/ztkyaw/w2021/deliverables/contrast-zin-dev/baseline/tdnnf-transfer-sp/final.mdl /home3/ztkyaw/w2021/deliverables/contrast-zin-dev/output/expEX2/graph/HCLG.fst 'ark,s,cs:apply-cmvn --norm-means=false --norm-vars=false --utt2spk=ark:./data/imda-part2/mfcc-hires/split10/1/utt2spk scp:./data/imda-part2/mfcc-hires/split10/1/cmvn.scp scp:./data/imda-part2/mfcc-hires/split10/1/feats.scp ark:- |' 'ark:|lattice-scale --acoustic-scale=10.0 ark:- ark:- | gzip -c >/home3/ztkyaw/w2021/deliverables/contrast-zin-dev/baseline/tdnnf-transfer-sp/decode_imda-part2_1629889191-hw_lmg/lat.1.gz' 
LOG (nnet3-latgen-faster[5.5.888~1-d619]:RemoveOrphanNodes():nnet-nnet.cc:948) Removed 1 orphan nodes.
LOG (nnet3-latgen-faster[5.5.888~1-d619]:RemoveOrphanComponents():nnet-nnet.cc:847) Removing 2 orphan components.
LOG (nnet3-latgen-faster[5.5.888~1-d619]:Collapse():nnet-utils.cc:1488) Added 1 components, removed 2
apply-cmvn --norm-means=false --norm-vars=false --utt2spk=ark:./data/imda-part2/mfcc-hires/split10/1/utt2spk scp:./data/imda-part2/mfcc-hires/split10/1/cmvn.scp scp:./data/imda-part2/mfcc-hires/split10/1/feats.scp ark:- 
lattice-scale --acoustic-scale=10.0 ark:- ark:- 
LOG (nnet3-latgen-faster[5.5.888~1-d619]:CheckAndFixConfigs():nnet-am-decodable-simple.cc:294) Increasing --frames-per-chunk from 50 to 51 to make it a multiple of --frame-subsampling-factor=3
nsc-part2-chn0-spk00002671maf-026710134 spring __Singapore_Bible __Keck_Seng towel in __Jupiter_Road 
LOG (nnet3-latgen-faster[5.5.888~1-d619]:DecodeUtteranceLatticeFaster():decoder-wrappers.cc:375) Log-like per frame for utterance nsc-part2-chn0-spk00002671maf-026710134 is 1.4165 over 145 frames.
nsc-part2-chn0-spk00002671maf-026710136 __Compassvale_Drive severance and __Aljunied_Avenue five 
LOG (nnet3-latgen-faster[5.5.888~1-d619]:DecodeUtteranceLatticeFaster():decoder-wrappers.cc:375) Log-like per frame for utterance nsc-part2-chn0-spk00002671maf-026710136 is 1.54199 over 151 frames.
nsc-part2-chn0-spk00002671maf-026710176 back practice in china town __Cheang_Hong_Lim_Street and some key 
LOG (nnet3-latgen-faster[5.5.888~1-d619]:DecodeUtteranceLatticeFaster():decoder-wrappers.cc:375) Log-like per frame for utterance nsc-part2-chn0-spk00002671maf-026710176 is 1.48785 over 194 frames.
nsc-part2-chn0-spk00002671maf-026710252 what easter distance to __Bedok_Reservoir 
LOG (nnet3-latgen-faster[5.5.888~1-d619]:DecodeUtteranceLatticeFaster():decoder-wrappers.cc:375) Log-like per frame for utterance nsc-part2-chn0-spk00002671maf-026710252 is 1.65383 over 111 frames.
nsc-part2-chn0-spk00002671maf-026710325 __Sandilands_Road jasmine school and __Jalan_Ulu_Sembawang 
LOG (nnet3-latgen-faster[5.5.888~1-d619]:DecodeUtteranceLatticeFaster():decoder-wrappers.cc:375) Log-like per frame for utterance nsc-part2-chn0-spk00002671maf-026710325 is 1.48632 over 162 frames.
nsc-part2-chn0-spk00002671maf-026710332 __Geylang_United temple 
LOG (nnet3-latgen-faster[5.5.888~1-d619]:DecodeUtteranceLatticeFaster():decoder-wrappers.cc:375) Log-like per frame for utterance nsc-part2-chn0-spk00002671maf-026710332 is 1.54998 over 89 frames.
nsc-part2-chn0-spk00002671maf-026710410 i am waiting foreign now though to comeback from __Bukit_Batok_Central_Link 
LOG (nnet3-latgen-faster[5.5.888~1-d619]:DecodeUtteranceLatticeFaster():decoder-wrappers.cc:375) Log-like per frame for utterance nsc-part2-chn0-spk00002671maf-026710410 is 1.67192 over 200 frames.
nsc-part2-chn0-spk00002671maf-026710436 someone yah __Lorong_Abu_Talib and __Great_World apartment 
LOG (nnet3-latgen-faster[5.5.888~1-d619]:DecodeUtteranceLatticeFaster():decoder-wrappers.cc:375) Log-like per frame for utterance nsc-part2-chn0-spk00002671maf-026710436 is 1.38259 over 168 frames.
nsc-part2-chn0-spk00002671maf-026711477 salina is dropping me off at __Kampong_Bahru 
LOG (nnet3-latgen-faster[5.5.888~1-d619]:DecodeUtteranceLatticeFaster():decoder-wrappers.cc:375) Log-like per frame for utterance nsc-part2-chn0-spk00002671maf-026711477 is 1.41477 over 136 frames.
nsc-part2-chn0-spk00002671maf-026711690 __Tai_Seng_Drive __Geylang_Square and __Ernani_Street 
LOG (nnet3-latgen-faster[5.5.888~1-d619]:DecodeUtteranceLatticeFaster():decoder-wrappers.cc:375) Log-like per frame for utterance nsc-part2-chn0-spk00002671maf-026711690 is 1.53354 over 150 frames.
nsc-part2-chn0-spk00002671maf-026711699 development wrote __Cheang_Hong_Lim_Place and __Kampong_Eunos 
LOG (nnet3-latgen-faster[5.5.888~1-d619]:DecodeUtteranceLatticeFaster():decoder-wrappers.cc:375) Log-like per frame for utterance nsc-part2-chn0-spk00002671maf-026711699 is 1.48344 over 169 frames.
nsc-part2-chn0-spk00002671maf-026711756 reflection at __Bukit_Chandu muslin marc station and __Upper_Wilkie_Road 
LOG (nnet3-latgen-faster[5.5.888~1-d619]:DecodeUtteranceLatticeFaster():decoder-wrappers.cc:375) Log-like per frame for utterance nsc-part2-chn0-spk00002671maf-026711756 is 1.45531 over 209 frames.
nsc-part2-chn0-spk00002671maf-026711770 there are sorry about __Lim_Chong_Pang __Chan_Sek_Keong and who infinity service 
LOG (nnet3-latgen-faster[5.5.888~1-d619]:DecodeUtteranceLatticeFaster():decoder-wrappers.cc:375) Log-like per frame for utterance nsc-part2-chn0-spk00002671maf-026711770 is 1.30775 over 219 frames.
nsc-part2-chn0-spk00002671maf-026711823 how do i get to __North_Spring primary school 
LOG (nnet3-latgen-faster[5.5.888~1-d619]:DecodeUtteranceLatticeFaster():decoder-wrappers.cc:375) Log-like per frame for utterance nsc-part2-chn0-spk00002671maf-026711823 is 1.64024 over 117 frames.
nsc-part2-chn0-spk00002693cnf-026930115 she pass way to __Kampong_Glam 
LOG (nnet3-latgen-faster[5.5.888~1-d619]:DecodeUtteranceLatticeFaster():decoder-wrappers.cc:375) Log-like per frame for utterance nsc-part2-chn0-spk00002693cnf-026930115 is 1.39316 over 105 frames.
nsc-part2-chn0-spk00002693cnf-026930144 __West_Spring and havent lot 
LOG (nnet3-latgen-faster[5.5.888~1-d619]:DecodeUtteranceLatticeFaster():decoder-wrappers.cc:375) Log-like per frame for utterance nsc-part2-chn0-spk00002693cnf-026930144 is 1.31867 over 110 frames.
nsc-part2-chn0-spk00002693cnf-026930162 __Upper_Bukit_Timah_Road __Airport_Cargo_Road and __Eastern_Health_Alliance 
LOG (nnet3-latgen-faster[5.5.888~1-d619]:DecodeUtteranceLatticeFaster():decoder-wrappers.cc:375) Log-like per frame for utterance nsc-part2-chn0-spk00002693cnf-026930162 is 1.40381 over 201 frames.
nsc-part2-chn0-spk00002693cnf-026930247 __Burmah_Road __Bukit_Batok_Road and __Omar_Khayyam_Avenue 
LOG (nnet3-latgen-faster[5.5.888~1-d619]:DecodeUtteranceLatticeFaster():decoder-wrappers.cc:375) Log-like per frame for utterance nsc-part2-chn0-spk00002693cnf-026930247 is 1.56437 over 172 frames.
nsc-part2-chn0-spk00002693cnf-026930251 him __Jalan_Kampong_Siglap and __Jalan_Mastuli lee 
LOG (nnet3-latgen-faster[5.5.888~1-d619]:DecodeUtteranceLatticeFaster():decoder-wrappers.cc:375) Log-like per frame for utterance nsc-part2-chn0-spk00002693cnf-026930251 is 1.43843 over 177 frames.
nsc-part2-chn0-spk00002693cnf-026930280 can take to __Aljunied_Avenue five 
LOG (nnet3-latgen-faster[5.5.888~1-d619]:DecodeUtteranceLatticeFaster():decoder-wrappers.cc:375) Log-like per frame for utterance nsc-part2-chn0-spk00002693cnf-026930280 is 1.25367 over 133 frames.
nsc-part2-chn0-spk00002693cnf-026930294 __Jalan_Binjai so far hoster and __Chong_Pang neighborhood fourth 
LOG (nnet3-latgen-faster[5.5.888~1-d619]:DecodeUtteranceLatticeFaster():decoder-wrappers.cc:375) Log-like per frame for utterance nsc-part2-chn0-spk00002693cnf-026930294 is 1.46032 over 174 frames.
nsc-part2-chn0-spk00002693cnf-026930303 do nowadays __Geylang_Serai neighborhood view force 
LOG (nnet3-latgen-faster[5.5.888~1-d619]:DecodeUtteranceLatticeFaster():decoder-wrappers.cc:375) Log-like per frame for utterance nsc-part2-chn0-spk00002693cnf-026930303 is 1.52734 over 132 frames.
nsc-part2-chn0-spk00002693cnf-026930384 navy at channel down __How_Sun_Drive and __Ang_Mo_Kio __Jurong_West 
LOG (nnet3-latgen-faster[5.5.888~1-d619]:DecodeUtteranceLatticeFaster():decoder-wrappers.cc:375) Log-like per frame for utterance nsc-part2-chn0-spk00002693cnf-026930384 is 1.36227 over 182 frames.
nsc-part2-chn0-spk00002693cnf-026930418 __Bukit_Batok over age __Lengkok_Satu to and __Lim_Chu_Kang name 
LOG (nnet3-latgen-faster[5.5.888~1-d619]:DecodeUtteranceLatticeFaster():decoder-wrappers.cc:375) Log-like per frame for utterance nsc-part2-chn0-spk00002693cnf-026930418 is 1.43853 over 184 frames.
nsc-part2-chn0-spk00002693cnf-026931472 __Queen_Elizabeth_Walk __Taman_Warna __West_Spring 
LOG (nnet3-latgen-faster[5.5.888~1-d619]:DecodeUtteranceLatticeFaster():decoder-wrappers.cc:375) Log-like per frame for utterance nsc-part2-chn0-spk00002693cnf-026931472 is 1.35418 over 145 frames.
nsc-part2-chn0-spk00002693cnf-026931522 __Aljunied_Road 
LOG (nnet3-latgen-faster[5.5.888~1-d619]:DecodeUtteranceLatticeFaster():decoder-wrappers.cc:375) Log-like per frame for utterance nsc-part2-chn0-spk00002693cnf-026931522 is 1.47749 over 64 frames.
nsc-part2-chn0-spk00002693cnf-026931547 __Imbiah_Walk __Marsiling_Crescent and __Springleaf_Avenue 
LOG (nnet3-latgen-faster[5.5.888~1-d619]:DecodeUtteranceLatticeFaster():decoder-wrappers.cc:375) Log-like per frame for utterance nsc-part2-chn0-spk00002693cnf-026931547 is 1.54583 over 143 frames.
nsc-part2-chn0-spk00002693cnf-026931548 how far away __Simpang_Bedok from here 
LOG (nnet3-latgen-faster[5.5.888~1-d619]:DecodeUtteranceLatticeFaster():decoder-wrappers.cc:375) Log-like per frame for utterance nsc-part2-chn0-spk00002693cnf-026931548 is 1.49954 over 107 frames.
nsc-part2-chn0-spk00002693cnf-026931555 is faster to take bypass to lower __Seletar_Close 
LOG (nnet3-latgen-faster[5.5.888~1-d619]:DecodeUtteranceLatticeFaster():decoder-wrappers.cc:375) Log-like per frame for utterance nsc-part2-chn0-spk00002693cnf-026931555 is 1.55213 over 129 frames.
nsc-part2-chn0-spk00002693cnf-026931680 please for corner when reach __Chong_Pang employed industrial instead 
LOG (nnet3-latgen-faster[5.5.888~1-d619]:DecodeUtteranceLatticeFaster():decoder-wrappers.cc:375) Log-like per frame for utterance nsc-part2-chn0-spk00002693cnf-026931680 is 1.39124 over 137 frames.
nsc-part2-chn0-spk02542604cnf-026040026 __Chew_Kheng_Chuan __Hussein_Aljunied and __Yong_Melvin_Yik_Chye 
LOG (nnet3-latgen-faster[5.5.888~1-d619]:DecodeUtteranceLatticeFaster():decoder-wrappers.cc:375) Log-like per frame for utterance nsc-part2-chn0-spk02542604cnf-026040026 is 1.50982 over 189 frames.
nsc-part2-chn0-spk02542604cnf-026040118 __Fairway_Club __Sembawang_Terminal_Road matter discharge and __Pasir_Ris_Road 
LOG (nnet3-latgen-faster[5.5.888~1-d619]:DecodeUtteranceLatticeFaster():decoder-wrappers.cc:375) Log-like per frame for utterance nsc-part2-chn0-spk02542604cnf-026040118 is 1.70249 over 177 frames.
nsc-part2-chn0-spk02542604cnf-026040173 __Rivervale_Plaza __Seletar_Lodge_One and __Singapore_Cheshire home 
LOG (nnet3-latgen-faster[5.5.888~1-d619]:DecodeUtteranceLatticeFaster():decoder-wrappers.cc:375) Log-like per frame for utterance nsc-part2-chn0-spk02542604cnf-026040173 is 1.66839 over 162 frames.
nsc-part2-chn0-spk02542604cnf-026040199 landmark near __Geylang_Serai neighborhood police post 
LOG (nnet3-latgen-faster[5.5.888~1-d619]:DecodeUtteranceLatticeFaster():decoder-wrappers.cc:375) Log-like per frame for utterance nsc-part2-chn0-spk02542604cnf-026040199 is 1.91541 over 149 frames.
nsc-part2-chn0-spk02542604cnf-026040204 can stated mufti to __Kampong_Eunos 
LOG (nnet3-latgen-faster[5.5.888~1-d619]:DecodeUtteranceLatticeFaster():decoder-wrappers.cc:375) Log-like per frame for utterance nsc-part2-chn0-spk02542604cnf-026040204 is 1.41453 over 103 frames.
nsc-part2-chn0-spk02542604cnf-026040247 __Cantonment_Complex __Jalan_Kampong_Siglap and __Eng_Hoon_Street 
LOG (nnet3-latgen-faster[5.5.888~1-d619]:DecodeUtteranceLatticeFaster():decoder-wrappers.cc:375) Log-like per frame for utterance nsc-part2-chn0-spk02542604cnf-026040247 is 1.59843 over 203 frames.
nsc-part2-chn0-spk02542604cnf-026040433 __Yishun_Street forty one appeal born and __Seletar_Green_Avenue 
LOG (nnet3-latgen-faster[5.5.888~1-d619]:DecodeUtteranceLatticeFaster():decoder-wrappers.cc:375) Log-like per frame for utterance nsc-part2-chn0-spk02542604cnf-026040433 is 1.65103 over 158 frames.
nsc-part2-chn0-spk02542604cnf-026041535 __Muhammadiyah_Welfare home __National_Neuroscience_Institute and __Bukit_Timah_Road 
LOG (nnet3-latgen-faster[5.5.888~1-d619]:DecodeUtteranceLatticeFaster():decoder-wrappers.cc:375) Log-like per frame for utterance nsc-part2-chn0-spk02542604cnf-026041535 is 1.81688 over 199 frames.
nsc-part2-chn0-spk02542604cnf-026041634 how long further tay together __Bukit_Batok_West by taxi 
LOG (nnet3-latgen-faster[5.5.888~1-d619]:DecodeUtteranceLatticeFaster():decoder-wrappers.cc:375) Log-like per frame for utterance nsc-part2-chn0-spk02542604cnf-026041634 is 1.58499 over 130 frames.
nsc-part2-chn0-spk02542604cnf-026041684 how long visit take together __Bukit_Timah_Plaza by taxi 
LOG (nnet3-latgen-faster[5.5.888~1-d619]:DecodeUtteranceLatticeFaster():decoder-wrappers.cc:375) Log-like per frame for utterance nsc-part2-chn0-spk02542604cnf-026041684 is 1.59929 over 142 frames.
nsc-part2-chn0-spk02542604cnf-026041706 __Woodleigh_Close my sitting mufti station and __Jalan_Paras 
LOG (nnet3-latgen-faster[5.5.888~1-d619]:DecodeUtteranceLatticeFaster():decoder-wrappers.cc:375) Log-like per frame for utterance nsc-part2-chn0-spk02542604cnf-026041706 is 1.54843 over 136 frames.
nsc-part2-chn0-spk02542604cnf-026041760 home at __Hong_San __Sunbeam_Evergreen_Place loral one __Geylang_Road __Marina_Promenade 
LOG (nnet3-latgen-faster[5.5.888~1-d619]:DecodeUtteranceLatticeFaster():decoder-wrappers.cc:375) Log-like per frame for utterance nsc-part2-chn0-spk02542604cnf-026041760 is 1.67125 over 225 frames.
nsc-part2-chn0-spk02542604cnf-026041799 can recommend me restaurant year __Sembawang_Country_Club 
LOG (nnet3-latgen-faster[5.5.888~1-d619]:DecodeUtteranceLatticeFaster():decoder-wrappers.cc:375) Log-like per frame for utterance nsc-part2-chn0-spk02542604cnf-026041799 is 1.47027 over 153 frames.
nsc-part2-chn0-spk02542604cnf-026041804 the __Dahan_Road pick view avenue __Marsiling_Rise 
LOG (nnet3-latgen-faster[5.5.888~1-d619]:DecodeUtteranceLatticeFaster():decoder-wrappers.cc:375) Log-like per frame for utterance nsc-part2-chn0-spk02542604cnf-026041804 is 1.55655 over 147 frames.
nsc-part2-chn0-spk02542604cnf-026041848 please look for __Geylang_Square reach __Bukit_Batok avenue 
LOG (nnet3-latgen-faster[5.5.888~1-d619]:DecodeUtteranceLatticeFaster():decoder-wrappers.cc:375) Log-like per frame for utterance nsc-part2-chn0-spk02542604cnf-026041848 is 1.56534 over 132 frames.
nsc-part2-chn0-spk02632625cnf-026250175 other put court on restaurant near long nine __Geylang_Road 
LOG (nnet3-latgen-faster[5.5.888~1-d619]:DecodeUtteranceLatticeFaster():decoder-wrappers.cc:375) Log-like per frame for utterance nsc-part2-chn0-spk02632625cnf-026250175 is 1.51684 over 181 frames.
nsc-part2-chn0-spk02632625cnf-026250182 please show me way to __Seletar_Lodge_One 
LOG (nnet3-latgen-faster[5.5.888~1-d619]:DecodeUtteranceLatticeFaster():decoder-wrappers.cc:375) Log-like per frame for utterance nsc-part2-chn0-spk02632625cnf-026250182 is 1.58003 over 136 frames.
nsc-part2-chn0-spk02632625cnf-026250201 show me away to __Kampong_Glam constituency sports court 
LOG (nnet3-latgen-faster[5.5.888~1-d619]:DecodeUtteranceLatticeFaster():decoder-wrappers.cc:375) Log-like per frame for utterance nsc-part2-chn0-spk02632625cnf-026250201 is 1.48935 over 167 frames.
nsc-part2-chn0-spk02632625cnf-026250232 please look for captain whenever reach __Sembawang_Hills_Drive 
LOG (nnet3-latgen-faster[5.5.888~1-d619]:DecodeUtteranceLatticeFaster():decoder-wrappers.cc:375) Log-like per frame for utterance nsc-part2-chn0-spk02632625cnf-026250232 is 1.45419 over 178 frames.
nsc-part2-chn0-spk02632625cnf-026250242 __Serangoon_Gardens country club __Kim_Chuan_Road and i donee industrial estate 
LOG (nnet3-latgen-faster[5.5.888~1-d619]:DecodeUtteranceLatticeFaster():decoder-wrappers.cc:375) Log-like per frame for utterance nsc-part2-chn0-spk02632625cnf-026250242 is 1.73498 over 261 frames.
nsc-part2-chn0-spk02632625cnf-026250298 trade born is dropping me off at __Kampong_Java 
LOG (nnet3-latgen-faster[5.5.888~1-d619]:DecodeUtteranceLatticeFaster():decoder-wrappers.cc:375) Log-like per frame for utterance nsc-part2-chn0-spk02632625cnf-026250298 is 1.51323 over 146 frames.
nsc-part2-chn0-spk02632625cnf-026250308 __Kallang_Airport_Drive __Aljunied_Crescent inference chamber of commerce 
LOG (nnet3-latgen-faster[5.5.888~1-d619]:DecodeUtteranceLatticeFaster():decoder-wrappers.cc:375) Log-like per frame for utterance nsc-part2-chn0-spk02632625cnf-026250308 is 1.62024 over 235 frames.
nsc-part2-chn0-spk02632625cnf-026250312 __Gilstead_Road __Bedok_North and one north link 
LOG (nnet3-latgen-faster[5.5.888~1-d619]:DecodeUtteranceLatticeFaster():decoder-wrappers.cc:375) Log-like per frame for utterance nsc-part2-chn0-spk02632625cnf-026250312 is 1.71797 over 169 frames.
nsc-part2-chn0-spk02632625cnf-026250415 __Kampong_Java tunnel __Simon_Lane and real more 
LOG (nnet3-latgen-faster[5.5.888~1-d619]:DecodeUtteranceLatticeFaster():decoder-wrappers.cc:375) Log-like per frame for utterance nsc-part2-chn0-spk02632625cnf-026250415 is 1.5291 over 180 frames.
nsc-part2-chn0-spk02632625cnf-026250433 __Bukit_Batok polyclinic the is tuna and __Brani_Marine __Fire_Station 
LOG (nnet3-latgen-faster[5.5.888~1-d619]:DecodeUtteranceLatticeFaster():decoder-wrappers.cc:375) Log-like per frame for utterance nsc-part2-chn0-spk02632625cnf-026250433 is 1.67885 over 233 frames.
nsc-part2-chn0-spk02632625cnf-026250441 din is dropping me off at __Chong_Pang neighborhood police post 
LOG (nnet3-latgen-faster[5.5.888~1-d619]:DecodeUtteranceLatticeFaster():decoder-wrappers.cc:375) Log-like per frame for utterance nsc-part2-chn0-spk02632625cnf-026250441 is 1.76295 over 198 frames.
nsc-part2-chn0-spk02632625cnf-026251511 find the faster spray to company b neighborhood police post 
LOG (nnet3-latgen-faster[5.5.888~1-d619]:DecodeUtteranceLatticeFaster():decoder-wrappers.cc:375) Log-like per frame for utterance nsc-part2-chn0-spk02632625cnf-026251511 is 1.58797 over 216 frames.
nsc-part2-chn0-spk02632625cnf-026251548 how far away is __Kampong_Bahru_Road from here 
LOG (nnet3-latgen-faster[5.5.888~1-d619]:DecodeUtteranceLatticeFaster():decoder-wrappers.cc:375) Log-like per frame for utterance nsc-part2-chn0-spk02632625cnf-026251548 is 1.61178 over 157 frames.
nsc-part2-chn0-spk02632625cnf-026251607 where is __Kampong_Arang_Road 
LOG (nnet3-latgen-faster[5.5.888~1-d619]:DecodeUtteranceLatticeFaster():decoder-wrappers.cc:375) Log-like per frame for utterance nsc-part2-chn0-spk02632625cnf-026251607 is 1.457 over 100 frames.
nsc-part2-chn0-spk02632625cnf-026251623 default course or restaurant near __Kampung_Glam constituency sports card 
LOG (nnet3-latgen-faster[5.5.888~1-d619]:DecodeUtteranceLatticeFaster():decoder-wrappers.cc:375) Log-like per frame for utterance nsc-part2-chn0-spk02632625cnf-026251623 is 1.54938 over 214 frames.
nsc-part2-chn0-spk02632625cnf-026251690 __Geylang_Bahru_Lane __Jalan_Anak_Bukit and __Singapore_Bible __Seletar_Link news team 
LOG (nnet3-latgen-faster[5.5.888~1-d619]:DecodeUtteranceLatticeFaster():decoder-wrappers.cc:375) Log-like per frame for utterance nsc-part2-chn0-spk02632625cnf-026251690 is 1.61029 over 243 frames.
nsc-part2-chn0-spk02632625cnf-026251699 __Bedok_Lighthouse __Marina_Way anda overly central 
LOG (nnet3-latgen-faster[5.5.888~1-d619]:DecodeUtteranceLatticeFaster():decoder-wrappers.cc:375) Log-like per frame for utterance nsc-part2-chn0-spk02632625cnf-026251699 is 1.58932 over 185 frames.
nsc-part2-chn0-spk02632625cnf-026251740 so enam end part any value and who sent i to need 
LOG (nnet3-latgen-faster[5.5.888~1-d619]:DecodeUtteranceLatticeFaster():decoder-wrappers.cc:375) Log-like per frame for utterance nsc-part2-chn0-spk02632625cnf-026251740 is 1.45219 over 175 frames.
nsc-part2-chn0-spk02632625cnf-026251881 __Seletar_Court road national assistance center and __Platina_Road 
LOG (nnet3-latgen-faster[5.5.888~1-d619]:DecodeUtteranceLatticeFaster():decoder-wrappers.cc:375) Log-like per frame for utterance nsc-part2-chn0-spk02632625cnf-026251881 is 1.61092 over 226 frames.
nsc-part2-chn0-spk02632625cnf-026251893 __Bedok_Ria_Crescent __Tanah_Merah embarras me wrote 
LOG (nnet3-latgen-faster[5.5.888~1-d619]:DecodeUtteranceLatticeFaster():decoder-wrappers.cc:375) Log-like per frame for utterance nsc-part2-chn0-spk02632625cnf-026251893 is 1.57053 over 190 frames.
nsc-part2-chn0-spk02652627cnm-026270006 __Bukit_Batok manager but 
LOG (nnet3-latgen-faster[5.5.888~1-d619]:DecodeUtteranceLatticeFaster():decoder-wrappers.cc:375) Log-like per frame for utterance nsc-part2-chn0-spk02652627cnm-026270006 is 1.60582 over 94 frames.
nsc-part2-chn0-spk02652627cnm-026270049 __Marina_Bay go cost __Geylang_Methodist_School and but e __Secondary_School 
LOG (nnet3-latgen-faster[5.5.888~1-d619]:DecodeUtteranceLatticeFaster():decoder-wrappers.cc:375) Log-like per frame for utterance nsc-part2-chn0-spk02652627cnm-026270049 is 1.65983 over 231 frames.
nsc-part2-chn0-spk02652627cnm-026270087 __Kampong_Java __Orchard_Bel_Air __Elias_Green 
LOG (nnet3-latgen-faster[5.5.888~1-d619]:DecodeUtteranceLatticeFaster():decoder-wrappers.cc:375) Log-like per frame for utterance nsc-part2-chn0-spk02652627cnm-026270087 is 1.4787 over 172 frames.
nsc-part2-chn0-spk02652627cnm-026270136 __Simpang_Bedok __Fortune_Students hospital __Mei_Chin_Road 
LOG (nnet3-latgen-faster[5.5.888~1-d619]:DecodeUtteranceLatticeFaster():decoder-wrappers.cc:375) Log-like per frame for utterance nsc-part2-chn0-spk02652627cnm-026270136 is 1.57992 over 208 frames.
nsc-part2-chn0-spk02652627cnm-026270150 how long dizzy take to get to __Seletar_Close by taxi 
LOG (nnet3-latgen-faster[5.5.888~1-d619]:DecodeUtteranceLatticeFaster():decoder-wrappers.cc:375) Log-like per frame for utterance nsc-part2-chn0-spk02652627cnm-026270150 is 1.55376 over 170 frames.
nsc-part2-chn0-spk02652627cnm-026270162 __Ring_Road orchard __Shopping_Centre __Marsiling_Road 
LOG (nnet3-latgen-faster[5.5.888~1-d619]:DecodeUtteranceLatticeFaster():decoder-wrappers.cc:375) Log-like per frame for utterance nsc-part2-chn0-spk02652627cnm-026270162 is 1.6473 over 156 frames.
nsc-part2-chn0-spk02652627cnm-026270176 promenade so chrome temple and library at china town 
LOG (nnet3-latgen-faster[5.5.888~1-d619]:DecodeUtteranceLatticeFaster():decoder-wrappers.cc:375) Log-like per frame for utterance nsc-part2-chn0-spk02652627cnm-026270176 is 1.43508 over 280 frames.
nsc-part2-chn0-spk02652627cnm-026270258 __Napier_Road __Bukit_Batok home for age enroll fee in at him open 
LOG (nnet3-latgen-faster[5.5.888~1-d619]:DecodeUtteranceLatticeFaster():decoder-wrappers.cc:375) Log-like per frame for utterance nsc-part2-chn0-spk02652627cnm-026270258 is 1.48373 over 235 frames.
nsc-part2-chn0-spk02652627cnm-026270299 __Topaz_Road __Bukit_Batok industrial park and fourth __Chin_Bee_Road 
LOG (nnet3-latgen-faster[5.5.888~1-d619]:DecodeUtteranceLatticeFaster():decoder-wrappers.cc:375) Log-like per frame for utterance nsc-part2-chn0-spk02652627cnm-026270299 is 1.58674 over 203 frames.
nsc-part2-chn0-spk02652627cnm-026270351 can recommend me referral near __Marsiling_Road 
LOG (nnet3-latgen-faster[5.5.888~1-d619]:DecodeUtteranceLatticeFaster():decoder-wrappers.cc:375) Log-like per frame for utterance nsc-part2-chn0-spk02652627cnm-026270351 is 1.35192 over 132 frames.
nsc-part2-chn0-spk02652627cnm-026270436 upper link __Aljunied_Road __Ubi_Link and medical avenue __Jurong_Port 
LOG (nnet3-latgen-faster[5.5.888~1-d619]:DecodeUtteranceLatticeFaster():decoder-wrappers.cc:375) Log-like per frame for utterance nsc-part2-chn0-spk02652627cnm-026270436 is 1.28108 over 165 frames.
nsc-part2-chn0-spk02652627cnm-026271566 __Bukit_Batok home for the is west permitted role and __Redhill_Road 
LOG (nnet3-latgen-faster[5.5.888~1-d619]:DecodeUtteranceLatticeFaster():decoder-wrappers.cc:375) Log-like per frame for utterance nsc-part2-chn0-spk02652627cnm-026271566 is 1.42101 over 161 frames.
nsc-part2-chn0-spk02652627cnm-026271679 i waiting fourteen to comeback from __Spring_Street 
LOG (nnet3-latgen-faster[5.5.888~1-d619]:DecodeUtteranceLatticeFaster():decoder-wrappers.cc:375) Log-like per frame for utterance nsc-part2-chn0-spk02652627cnm-026271679 is 1.52847 over 188 frames.
nsc-part2-chn0-spk02652627cnm-026271695 friend hotel teman __Jurong_Port and __Jalan_Novena last time 
LOG (nnet3-latgen-faster[5.5.888~1-d619]:DecodeUtteranceLatticeFaster():decoder-wrappers.cc:375) Log-like per frame for utterance nsc-part2-chn0-spk02652627cnm-026271695 is 1.46065 over 238 frames.
nsc-part2-chn0-spk02652627cnm-026271699 __Jurong_Island terminal __Miller_Street and __Aljunied_Road station 
LOG (nnet3-latgen-faster[5.5.888~1-d619]:DecodeUtteranceLatticeFaster():decoder-wrappers.cc:375) Log-like per frame for utterance nsc-part2-chn0-spk02652627cnm-026271699 is 1.49535 over 226 frames.
nsc-part2-chn0-spk02912641mam-026410073 spelling m 
LOG (nnet3-latgen-faster[5.5.888~1-d619]:DecodeUtteranceLatticeFaster():decoder-wrappers.cc:375) Log-like per frame for utterance nsc-part2-chn0-spk02912641mam-026410073 is 1.28426 over 149 frames.
nsc-part2-chn0-spk02912641mam-026410087 __Paterson_Road __Jalan_Kwok_Min and __Lower_Seletar_Close 
LOG (nnet3-latgen-faster[5.5.888~1-d619]:DecodeUtteranceLatticeFaster():decoder-wrappers.cc:375) Log-like per frame for utterance nsc-part2-chn0-spk02912641mam-026410087 is 1.55396 over 192 frames.
nsc-part2-chn0-spk02912641mam-026410123 __Cook_Street __Boon_Lay entitlement __Jurong_Port 
LOG (nnet3-latgen-faster[5.5.888~1-d619]:DecodeUtteranceLatticeFaster():decoder-wrappers.cc:375) Log-like per frame for utterance nsc-part2-chn0-spk02912641mam-026410123 is 1.60691 over 150 frames.
nsc-part2-chn0-spk02912641mam-026410150 how long digit date to get to __Bukit_Batok is avenue by taxi 
LOG (nnet3-latgen-faster[5.5.888~1-d619]:DecodeUtteranceLatticeFaster():decoder-wrappers.cc:375) Log-like per frame for utterance nsc-part2-chn0-spk02912641mam-026410150 is 1.3969 over 231 frames.
nsc-part2-chn0-spk02912641mam-026410227 then n __Lim_Chong_Pang and __Edmund_Blundell 
LOG (nnet3-latgen-faster[5.5.888~1-d619]:DecodeUtteranceLatticeFaster():decoder-wrappers.cc:375) Log-like per frame for utterance nsc-part2-chn0-spk02912641mam-026410227 is 1.47276 over 158 frames.
nsc-part2-chn0-spk02912641mam-026410308 senator __Teng_Tong_Road and university __Asia_Pacific can first 
LOG (nnet3-latgen-faster[5.5.888~1-d619]:DecodeUtteranceLatticeFaster():decoder-wrappers.cc:375) Log-like per frame for utterance nsc-part2-chn0-spk02912641mam-026410308 is 1.37725 over 259 frames.
nsc-part2-chn0-spk02912641mam-026410326 where is happy hotel spin 
LOG (nnet3-latgen-faster[5.5.888~1-d619]:DecodeUtteranceLatticeFaster():decoder-wrappers.cc:375) Log-like per frame for utterance nsc-part2-chn0-spk02912641mam-026410326 is 1.42519 over 109 frames.
nsc-part2-chn0-spk02912641mam-026410337 i n explain 
LOG (nnet3-latgen-faster[5.5.888~1-d619]:DecodeUtteranceLatticeFaster():decoder-wrappers.cc:375) Log-like per frame for utterance nsc-part2-chn0-spk02912641mam-026410337 is 1.17364 over 126 frames.
nsc-part2-chn0-spk02912641mam-026410356 __Kampong_Kembangan __River_Safari and __Fairy_Point_Hill 
LOG (nnet3-latgen-faster[5.5.888~1-d619]:DecodeUtteranceLatticeFaster():decoder-wrappers.cc:375) Log-like per frame for utterance nsc-part2-chn0-spk02912641mam-026410356 is 1.36802 over 153 frames.
nsc-part2-chn0-spk02912641mam-026410411 __Jalan_Bena __Sembawang_Wharves gift expel dormitory 
LOG (nnet3-latgen-faster[5.5.888~1-d619]:DecodeUtteranceLatticeFaster():decoder-wrappers.cc:375) Log-like per frame for utterance nsc-part2-chn0-spk02912641mam-026410411 is 1.38877 over 196 frames.
nsc-part2-chn0-spk02912641mam-026410423 which bus should i see to library assigned letter 
LOG (nnet3-latgen-faster[5.5.888~1-d619]:DecodeUtteranceLatticeFaster():decoder-wrappers.cc:375) Log-like per frame for utterance nsc-part2-chn0-spk02912641mam-026410423 is 1.31891 over 171 frames.
nsc-part2-chn0-spk02912641mam-026411540 meeting like casual escalator first 
LOG (nnet3-latgen-faster[5.5.888~1-d619]:DecodeUtteranceLatticeFaster():decoder-wrappers.cc:375) Log-like per frame for utterance nsc-part2-chn0-spk02912641mam-026411540 is 1.27978 over 125 frames.
nsc-part2-chn0-spk02912641mam-026411578 card body storage and spray who 
LOG (nnet3-latgen-faster[5.5.888~1-d619]:DecodeUtteranceLatticeFaster():decoder-wrappers.cc:375) Log-like per frame for utterance nsc-part2-chn0-spk02912641mam-026411578 is 1.28729 over 134 frames.
nsc-part2-chn0-spk02912641mam-026411600 spree de and safety 
LOG (nnet3-latgen-faster[5.5.888~1-d619]:DecodeUtteranceLatticeFaster():decoder-wrappers.cc:375) Log-like per frame for utterance nsc-part2-chn0-spk02912641mam-026411600 is 1.24129 over 127 frames.
nsc-part2-chn0-spk02912641mam-026411750 __Jalan_Lengkok_Sembawang __Creek_Mangrove thrill and __Wallace_Way 
LOG (nnet3-latgen-faster[5.5.888~1-d619]:DecodeUtteranceLatticeFaster():decoder-wrappers.cc:375) Log-like per frame for utterance nsc-part2-chn0-spk02912641mam-026411750 is 1.28961 over 212 frames.
nsc-part2-chn0-spk02932612cnm-026120173 __Percival_Road ninety __Chinese_Garden salary and __Hougang_Avenue 
LOG (nnet3-latgen-faster[5.5.888~1-d619]:DecodeUtteranceLatticeFaster():decoder-wrappers.cc:375) Log-like per frame for utterance nsc-part2-chn0-spk02932612cnm-026120173 is 1.39571 over 206 frames.
nsc-part2-chn0-spk02932612cnm-026120232 please to for joining whenever which __Seletar_West somewhere 
LOG (nnet3-latgen-faster[5.5.888~1-d619]:DecodeUtteranceLatticeFaster():decoder-wrappers.cc:375) Log-like per frame for utterance nsc-part2-chn0-spk02932612cnm-026120232 is 1.274 over 149 frames.
nsc-part2-chn0-spk02932612cnm-026120415 __Lam_Pin_Min __Bukit_Batok_East avenue enroll villain 
LOG (nnet3-latgen-faster[5.5.888~1-d619]:DecodeUtteranceLatticeFaster():decoder-wrappers.cc:375) Log-like per frame for utterance nsc-part2-chn0-spk02932612cnm-026120415 is 1.46245 over 146 frames.
nsc-part2-chn0-spk02932612cnm-026120426 person number enroll c thrifty bring chicken 
LOG (nnet3-latgen-faster[5.5.888~1-d619]:DecodeUtteranceLatticeFaster():decoder-wrappers.cc:375) Log-like per frame for utterance nsc-part2-chn0-spk02932612cnm-026120426 is 1.20951 over 146 frames.
nsc-part2-chn0-spk02932612cnm-026120433 __Siloso_Beach withdraw __Chong_Pang double into have 
LOG (nnet3-latgen-faster[5.5.888~1-d619]:DecodeUtteranceLatticeFaster():decoder-wrappers.cc:375) Log-like per frame for utterance nsc-part2-chn0-spk02932612cnm-026120433 is 1.24623 over 138 frames.
nsc-part2-chn0-spk02932612cnm-026121459 explain 
LOG (nnet3-latgen-faster[5.5.888~1-d619]:DecodeUtteranceLatticeFaster():decoder-wrappers.cc:375) Log-like per frame for utterance nsc-part2-chn0-spk02932612cnm-026121459 is 1.19562 over 99 frames.
nsc-part2-chn0-spk02932612cnm-026121493 which bus should attached __Geylang_United temple 
LOG (nnet3-latgen-faster[5.5.888~1-d619]:DecodeUtteranceLatticeFaster():decoder-wrappers.cc:375) Log-like per frame for utterance nsc-part2-chn0-spk02932612cnm-026121493 is 1.32739 over 120 frames.
nsc-part2-chn0-spk02932612cnm-026121528 __Si_Ling avenue __Segar_Close and one first __Secondary_School 
LOG (nnet3-latgen-faster[5.5.888~1-d619]:DecodeUtteranceLatticeFaster():decoder-wrappers.cc:375) Log-like per frame for utterance nsc-part2-chn0-spk02932612cnm-026121528 is 1.34968 over 185 frames.
nsc-part2-chn0-spk02932612cnm-026121610 __Moral_Welfare home united medical center any first praying 
LOG (nnet3-latgen-faster[5.5.888~1-d619]:DecodeUtteranceLatticeFaster():decoder-wrappers.cc:375) Log-like per frame for utterance nsc-part2-chn0-spk02932612cnm-026121610 is 1.45524 over 182 frames.
nsc-part2-chn0-spk02932612cnm-026121621 withdrawal __Waterloo_Street am __Arts_Link multiplication 
LOG (nnet3-latgen-faster[5.5.888~1-d619]:DecodeUtteranceLatticeFaster():decoder-wrappers.cc:375) Log-like per frame for utterance nsc-part2-chn0-spk02932612cnm-026121621 is 1.33145 over 141 frames.
nsc-part2-chn0-spk02932612cnm-026121624 __Geylang_Lorong __Bukit_Ho_Swee_Link and __Jalan_Basong 
LOG (nnet3-latgen-faster[5.5.888~1-d619]:DecodeUtteranceLatticeFaster():decoder-wrappers.cc:375) Log-like per frame for utterance nsc-part2-chn0-spk02932612cnm-026121624 is 1.45272 over 146 frames.
nsc-part2-chn0-spk02932612cnm-026121676 way to __Bedok_Reservoir 
LOG (nnet3-latgen-faster[5.5.888~1-d619]:DecodeUtteranceLatticeFaster():decoder-wrappers.cc:375) Log-like per frame for utterance nsc-part2-chn0-spk02932612cnm-026121676 is 1.3426 over 106 frames.
nsc-part2-chn0-spk02932612cnm-026121800 show me away to __Geylang_Bahru name 
LOG (nnet3-latgen-faster[5.5.888~1-d619]:DecodeUtteranceLatticeFaster():decoder-wrappers.cc:375) Log-like per frame for utterance nsc-part2-chn0-spk02932612cnm-026121800 is 1.53784 over 101 frames.
nsc-part2-chn0-spk02932612cnm-026121866 __Chong_Pang neighborhood police boss __Jalan_Limau_Purut and __Boon_Lay industrial 
LOG (nnet3-latgen-faster[5.5.888~1-d619]:DecodeUtteranceLatticeFaster():decoder-wrappers.cc:375) Log-like per frame for utterance nsc-part2-chn0-spk02932612cnm-026121866 is 1.55998 over 190 frames.
nsc-part2-chn0-spk03072656cnf-026560242 gateway in __Teck_Whye __Shopping_Centre and __Sembawang_Avenue 
LOG (nnet3-latgen-faster[5.5.888~1-d619]:DecodeUtteranceLatticeFaster():decoder-wrappers.cc:375) Log-like per frame for utterance nsc-part2-chn0-spk03072656cnf-026560242 is 1.54726 over 175 frames.
nsc-part2-chn0-spk03072656cnf-026560294 __Jalan_Klapa central expressway and __Sembawang_Tamil_Methodist church 
LOG (nnet3-latgen-faster[5.5.888~1-d619]:DecodeUtteranceLatticeFaster():decoder-wrappers.cc:375) Log-like per frame for utterance nsc-part2-chn0-spk03072656cnf-026560294 is 1.61374 over 203 frames.
nsc-part2-chn0-spk03072656cnf-026560313 __Nanyang_Poly_Drive original avenue two and __Guillemard_Lane 
LOG (nnet3-latgen-faster[5.5.888~1-d619]:DecodeUtteranceLatticeFaster():decoder-wrappers.cc:375) Log-like per frame for utterance nsc-part2-chn0-spk03072656cnf-026560313 is 1.57636 over 167 frames.
nsc-part2-chn0-spk03072656cnf-026560400 please look for born when your reach __Kampong_Sireh 
LOG (nnet3-latgen-faster[5.5.888~1-d619]:DecodeUtteranceLatticeFaster():decoder-wrappers.cc:375) Log-like per frame for utterance nsc-part2-chn0-spk03072656cnf-026560400 is 1.42655 over 117 frames.
nsc-part2-chn0-spk03072656cnf-026560411 __Simpang_De_Bedok __Boarding_House __Bukit_Timah_Road and __Windsor_Park_Hill 
LOG (nnet3-latgen-faster[5.5.888~1-d619]:DecodeUtteranceLatticeFaster():decoder-wrappers.cc:375) Log-like per frame for utterance nsc-part2-chn0-spk03072656cnf-026560411 is 1.59912 over 184 frames.
nsc-part2-chn0-spk03072656cnf-026560415 __Brani_Marine __Fire_Station __Jalan_Ulu_Sembawang and answer now avenue 
LOG (nnet3-latgen-faster[5.5.888~1-d619]:DecodeUtteranceLatticeFaster():decoder-wrappers.cc:375) Log-like per frame for utterance nsc-part2-chn0-spk03072656cnf-026560415 is 1.61666 over 201 frames.
nsc-part2-chn0-spk03072656cnf-026560436 __Sembawang_Vista __Toa_Payoh industrial part and youngster building 
LOG (nnet3-latgen-faster[5.5.888~1-d619]:DecodeUtteranceLatticeFaster():decoder-wrappers.cc:375) Log-like per frame for utterance nsc-part2-chn0-spk03072656cnf-026560436 is 1.83649 over 172 frames.
nsc-part2-chn0-spk03072656cnf-026561610 __Geylang_Serai neighborhood police post __Macalister_Road and __Depot_Close 
LOG (nnet3-latgen-faster[5.5.888~1-d619]:DecodeUtteranceLatticeFaster():decoder-wrappers.cc:375) Log-like per frame for utterance nsc-part2-chn0-spk03072656cnf-026561610 is 1.68545 over 208 frames.
nsc-part2-chn0-spk03072656cnf-026561621 __Cashew_Crescent multiple role and __Bury_Road public library 
LOG (nnet3-latgen-faster[5.5.888~1-d619]:DecodeUtteranceLatticeFaster():decoder-wrappers.cc:375) Log-like per frame for utterance nsc-part2-chn0-spk03072656cnf-026561621 is 1.64801 over 176 frames.
nsc-part2-chn0-spk03072656cnf-026561690 double lane __Geylang_Bahru embassy sort cathedral 
LOG (nnet3-latgen-faster[5.5.888~1-d619]:DecodeUtteranceLatticeFaster():decoder-wrappers.cc:375) Log-like per frame for utterance nsc-part2-chn0-spk03072656cnf-026561690 is 1.58719 over 141 frames.
nsc-part2-chn0-spk03072656cnf-026561695 __Meteorological_Services_Singapore originate industrial estate and __Wellington_Circle 
LOG (nnet3-latgen-faster[5.5.888~1-d619]:DecodeUtteranceLatticeFaster():decoder-wrappers.cc:375) Log-like per frame for utterance nsc-part2-chn0-spk03072656cnf-026561695 is 1.77779 over 210 frames.
LOG (apply-cmvn[5.5.888~1-d619]:main():apply-cmvn.cc:81) Copied 123 utterances.
nsc-part2-chn0-spk03072656cnf-026561853 am waiting for doorway to comeback from __Bukit_Batok_Road 
LOG (nnet3-latgen-faster[5.5.888~1-d619]:DecodeUtteranceLatticeFaster():decoder-wrappers.cc:375) Log-like per frame for utterance nsc-part2-chn0-spk03072656cnf-026561853 is 1.63922 over 158 frames.
nsc-part2-chn0-spk03072656cnf-026561875 link hotel __Bukit_Timah avenue and __Changkat_Changi __Secondary_School 
LOG (nnet3-latgen-faster[5.5.888~1-d619]:DecodeUtteranceLatticeFaster():decoder-wrappers.cc:375) Log-like per frame for utterance nsc-part2-chn0-spk03072656cnf-026561875 is 1.65712 over 210 frames.
nsc-part2-chn0-spk03072656cnf-026561882 __Prince_Of_Wales_Road o central and __Kampong_Java 
LOG (nnet3-latgen-faster[5.5.888~1-d619]:DecodeUtteranceLatticeFaster():decoder-wrappers.cc:375) Log-like per frame for utterance nsc-part2-chn0-spk03072656cnf-026561882 is 1.40553 over 155 frames.
LOG (nnet3-latgen-faster[5.5.888~1-d619]:main():nnet3-latgen-faster.cc:256) Time taken 165.869s: real-time factor assuming 100 frames/sec is 0.268488
LOG (nnet3-latgen-faster[5.5.888~1-d619]:main():nnet3-latgen-faster.cc:259) Done 123 utterances, failed for 0
LOG (nnet3-latgen-faster[5.5.888~1-d619]:main():nnet3-latgen-faster.cc:261) Overall log-likelihood per frame is 1.51146 over 20593 frames.
LOG (nnet3-latgen-faster[5.5.888~1-d619]:~CachingOptimizingCompiler():nnet-optimize.cc:710) 0.376 seconds taken in nnet3 compilation total (breakdown: 0.266 compilation, 0.0619 optimization, 0 shortcut expansion, 0.0127 checking, 7.1e-05 computing indexes, 0.0354 misc.) + 0 I/O.
LOG (lattice-scale[5.5.888~1-d619]:main():lattice-scale.cc:107) Done 123 lattices.
# Ended (code 0) at Wed Aug 25 19:03:26 +08 2021, elapsed time 214 seconds
