# nnet3-latgen-faster --online-ivectors=scp:./ivector/imda-part2/ivector_online.scp --online-ivector-period=10 --frame-subsampling-factor=3 --frames-per-chunk=50 --extra-left-context=0 --extra-right-context=0 --extra-left-context-initial=-1 --extra-right-context-final=-1 --minimize=false --max-active=7000 --min-active=200 --beam=15.0 --lattice-beam=8.0 --acoustic-scale=1.0 --allow-partial=true --word-symbol-table=/home3/ztkyaw/w2021/deliverables/contrast-zin-dev/output/expEX2/graph/words.txt /home3/ztkyaw/w2021/deliverables/contrast-zin-dev/baseline/tdnnf-transfer-sp/final.mdl /home3/ztkyaw/w2021/deliverables/contrast-zin-dev/output/expEX2/graph/HCLG.fst "ark,s,cs:apply-cmvn --norm-means=false --norm-vars=false --utt2spk=ark:./data/imda-part2/mfcc-hires/split10/3/utt2spk scp:./data/imda-part2/mfcc-hires/split10/3/cmvn.scp scp:./data/imda-part2/mfcc-hires/split10/3/feats.scp ark:- |" "ark:|lattice-scale --acoustic-scale=10.0 ark:- ark:- | gzip -c >/home3/ztkyaw/w2021/deliverables/contrast-zin-dev/baseline/tdnnf-transfer-sp/decode_imda-part2_1629889191-hw_lmg/lat.3.gz" 
# Invoked at Wed Aug 25 18:59:52 +08 2021 from node02
#
# Started at Wed Aug 25 19:00:39 SGT 2021 on node03
nnet3-latgen-faster --online-ivectors=scp:./ivector/imda-part2/ivector_online.scp --online-ivector-period=10 --frame-subsampling-factor=3 --frames-per-chunk=50 --extra-left-context=0 --extra-right-context=0 --extra-left-context-initial=-1 --extra-right-context-final=-1 --minimize=false --max-active=7000 --min-active=200 --beam=15.0 --lattice-beam=8.0 --acoustic-scale=1.0 --allow-partial=true --word-symbol-table=/home3/ztkyaw/w2021/deliverables/contrast-zin-dev/output/expEX2/graph/words.txt /home3/ztkyaw/w2021/deliverables/contrast-zin-dev/baseline/tdnnf-transfer-sp/final.mdl /home3/ztkyaw/w2021/deliverables/contrast-zin-dev/output/expEX2/graph/HCLG.fst 'ark,s,cs:apply-cmvn --norm-means=false --norm-vars=false --utt2spk=ark:./data/imda-part2/mfcc-hires/split10/3/utt2spk scp:./data/imda-part2/mfcc-hires/split10/3/cmvn.scp scp:./data/imda-part2/mfcc-hires/split10/3/feats.scp ark:- |' 'ark:|lattice-scale --acoustic-scale=10.0 ark:- ark:- | gzip -c >/home3/ztkyaw/w2021/deliverables/contrast-zin-dev/baseline/tdnnf-transfer-sp/decode_imda-part2_1629889191-hw_lmg/lat.3.gz' 
LOG (nnet3-latgen-faster[5.5.888~1-d619]:RemoveOrphanNodes():nnet-nnet.cc:948) Removed 1 orphan nodes.
LOG (nnet3-latgen-faster[5.5.888~1-d619]:RemoveOrphanComponents():nnet-nnet.cc:847) Removing 2 orphan components.
LOG (nnet3-latgen-faster[5.5.888~1-d619]:Collapse():nnet-utils.cc:1488) Added 1 components, removed 2
apply-cmvn --norm-means=false --norm-vars=false --utt2spk=ark:./data/imda-part2/mfcc-hires/split10/3/utt2spk scp:./data/imda-part2/mfcc-hires/split10/3/cmvn.scp scp:./data/imda-part2/mfcc-hires/split10/3/feats.scp ark:- 
lattice-scale --acoustic-scale=10.0 ark:- ark:- 
LOG (nnet3-latgen-faster[5.5.888~1-d619]:CheckAndFixConfigs():nnet-am-decodable-simple.cc:294) Increasing --frames-per-chunk from 50 to 51 to make it a multiple of --frame-subsampling-factor=3
nsc-part2-chn0-spk07832894cnf-028940087 __Chong_Pang unpaid industrial estate __Holland_Hill and creation view 
LOG (nnet3-latgen-faster[5.5.888~1-d619]:DecodeUtteranceLatticeFaster():decoder-wrappers.cc:375) Log-like per frame for utterance nsc-part2-chn0-spk07832894cnf-028940087 is 1.62623 over 204 frames.
nsc-part2-chn0-spk07832894cnf-028940123 __Seletar_Court record __Lempeng_Drive and __Aljunied_Crescent 
LOG (nnet3-latgen-faster[5.5.888~1-d619]:DecodeUtteranceLatticeFaster():decoder-wrappers.cc:375) Log-like per frame for utterance nsc-part2-chn0-spk07832894cnf-028940123 is 1.66093 over 151 frames.
nsc-part2-chn0-spk07832894cnf-028940134 __Maris_Stella high school __Orchard_Point and __Sembawang_Alley b branch office 
LOG (nnet3-latgen-faster[5.5.888~1-d619]:DecodeUtteranceLatticeFaster():decoder-wrappers.cc:375) Log-like per frame for utterance nsc-part2-chn0-spk07832894cnf-028940134 is 1.58339 over 196 frames.
nsc-part2-chn0-spk07832894cnf-028940173 __Geylang_Bahru __Toa_Payoh is and pentagon dizziness hub 
LOG (nnet3-latgen-faster[5.5.888~1-d619]:DecodeUtteranceLatticeFaster():decoder-wrappers.cc:375) Log-like per frame for utterance nsc-part2-chn0-spk07832894cnf-028940173 is 1.85497 over 155 frames.
nsc-part2-chn0-spk07832894cnf-028940187 black chicken her birth so curry unregistered crispy spring chicken 
LOG (nnet3-latgen-faster[5.5.888~1-d619]:DecodeUtteranceLatticeFaster():decoder-wrappers.cc:375) Log-like per frame for utterance nsc-part2-chn0-spk07832894cnf-028940187 is 1.49527 over 173 frames.
nsc-part2-chn0-spk07832894cnf-028940188 how do i get to __Seletar_Close 
LOG (nnet3-latgen-faster[5.5.888~1-d619]:DecodeUtteranceLatticeFaster():decoder-wrappers.cc:375) Log-like per frame for utterance nsc-part2-chn0-spk07832894cnf-028940188 is 1.57918 over 97 frames.
nsc-part2-chn0-spk07832894cnf-028940221 select __Pasir_Ris_Way to __Bedok_North 
LOG (nnet3-latgen-faster[5.5.888~1-d619]:DecodeUtteranceLatticeFaster():decoder-wrappers.cc:375) Log-like per frame for utterance nsc-part2-chn0-spk07832894cnf-028940221 is 1.68083 over 104 frames.
nsc-part2-chn0-spk07832894cnf-028940232 please look for bunny when reach knee sons bring 
LOG (nnet3-latgen-faster[5.5.888~1-d619]:DecodeUtteranceLatticeFaster():decoder-wrappers.cc:375) Log-like per frame for utterance nsc-part2-chn0-spk07832894cnf-028940232 is 1.52562 over 123 frames.
nsc-part2-chn0-spk07832894cnf-028940299 __Pulau_Ubin __Fo_Shan_Ting __Da_Bo_Gong temple __Jalan_Wajek and __Sunny_Ang 
LOG (nnet3-latgen-faster[5.5.888~1-d619]:DecodeUtteranceLatticeFaster():decoder-wrappers.cc:375) Log-like per frame for utterance nsc-part2-chn0-spk07832894cnf-028940299 is 1.47616 over 251 frames.
nsc-part2-chn0-spk07832894cnf-028940412 find __Pasir_Ris_Way to __Seletar_Court 
LOG (nnet3-latgen-faster[5.5.888~1-d619]:DecodeUtteranceLatticeFaster():decoder-wrappers.cc:375) Log-like per frame for utterance nsc-part2-chn0-spk07832894cnf-028940412 is 1.56644 over 99 frames.
nsc-part2-chn0-spk07832894cnf-028940447 other court or restaurant near __Bukit_Timah_Road 
LOG (nnet3-latgen-faster[5.5.888~1-d619]:DecodeUtteranceLatticeFaster():decoder-wrappers.cc:375) Log-like per frame for utterance nsc-part2-chn0-spk07832894cnf-028940447 is 1.60199 over 127 frames.
nsc-part2-chn0-spk07832894cnf-028941596 cannot take her bus to __Marsiling_Road station 
LOG (nnet3-latgen-faster[5.5.888~1-d619]:DecodeUtteranceLatticeFaster():decoder-wrappers.cc:375) Log-like per frame for utterance nsc-part2-chn0-spk07832894cnf-028941596 is 1.39686 over 121 frames.
nsc-part2-chn0-spk07832894cnf-028941652 cannot take the to __Bukit_Batok_West 
LOG (nnet3-latgen-faster[5.5.888~1-d619]:DecodeUtteranceLatticeFaster():decoder-wrappers.cc:375) Log-like per frame for utterance nsc-part2-chn0-spk07832894cnf-028941652 is 1.5644 over 136 frames.
nsc-part2-chn0-spk07832894cnf-028941770 __Pasir_Ris about diver now __Lim_Chong_Pang and __Chuan_Hoe_Avenue data base 
LOG (nnet3-latgen-faster[5.5.888~1-d619]:DecodeUtteranceLatticeFaster():decoder-wrappers.cc:375) Log-like per frame for utterance nsc-part2-chn0-spk07832894cnf-028941770 is 1.53942 over 206 frames.
nsc-part2-chn0-spk07952885cnf-028850024 __Singapore_Bible home wise sew pick something compound who b neighborhood police post and __North_West community development council 
LOG (nnet3-latgen-faster[5.5.888~1-d619]:DecodeUtteranceLatticeFaster():decoder-wrappers.cc:375) Log-like per frame for utterance nsc-part2-chn0-spk07952885cnf-028850024 is 1.60051 over 369 frames.
nsc-part2-chn0-spk07952885cnf-028850071 select faster way to __Bukit_Batok_Crescent 
LOG (nnet3-latgen-faster[5.5.888~1-d619]:DecodeUtteranceLatticeFaster():decoder-wrappers.cc:375) Log-like per frame for utterance nsc-part2-chn0-spk07952885cnf-028850071 is 1.74909 over 158 frames.
nsc-part2-chn0-spk07952885cnf-028850121 am waiting for relearn to comeback from __Taman_Jurong 
LOG (nnet3-latgen-faster[5.5.888~1-d619]:DecodeUtteranceLatticeFaster():decoder-wrappers.cc:375) Log-like per frame for utterance nsc-part2-chn0-spk07952885cnf-028850121 is 1.67228 over 183 frames.
nsc-part2-chn0-spk07952885cnf-028850204 can i take the mufti to __Seletar_Club_Road 
LOG (nnet3-latgen-faster[5.5.888~1-d619]:DecodeUtteranceLatticeFaster():decoder-wrappers.cc:375) Log-like per frame for utterance nsc-part2-chn0-spk07952885cnf-028850204 is 1.54006 over 133 frames.
nsc-part2-chn0-spk07952885cnf-028850232 please look for __Janet_Lim venue reach __Jalan_Lembah_Bedok 
LOG (nnet3-latgen-faster[5.5.888~1-d619]:DecodeUtteranceLatticeFaster():decoder-wrappers.cc:375) Log-like per frame for utterance nsc-part2-chn0-spk07952885cnf-028850232 is 1.63696 over 177 frames.
nsc-part2-chn0-spk07952885cnf-028850249 can tick abas to __Aljunied_Road 
LOG (nnet3-latgen-faster[5.5.888~1-d619]:DecodeUtteranceLatticeFaster():decoder-wrappers.cc:375) Log-like per frame for utterance nsc-part2-chn0-spk07952885cnf-028850249 is 1.59974 over 130 frames.
nsc-part2-chn0-spk07952885cnf-028850313 __Chinatown_Point __Kampong_Sungai_Tiga china symmetry n __Jalan_Tiga_Ratus 
LOG (nnet3-latgen-faster[5.5.888~1-d619]:DecodeUtteranceLatticeFaster():decoder-wrappers.cc:375) Log-like per frame for utterance nsc-part2-chn0-spk07952885cnf-028850313 is 1.58404 over 264 frames.
nsc-part2-chn0-spk07952885cnf-028850323 __Geylang_Road polyclinic and dental clinic __Strand_Hotel and sixteen call year quay 
LOG (nnet3-latgen-faster[5.5.888~1-d619]:DecodeUtteranceLatticeFaster():decoder-wrappers.cc:375) Log-like per frame for utterance nsc-part2-chn0-spk07952885cnf-028850323 is 1.63176 over 243 frames.
nsc-part2-chn0-spk07952885cnf-028850342 find the faster way to __Sembawang_Vista 
LOG (nnet3-latgen-faster[5.5.888~1-d619]:DecodeUtteranceLatticeFaster():decoder-wrappers.cc:375) Log-like per frame for utterance nsc-part2-chn0-spk07952885cnf-028850342 is 1.5072 over 141 frames.
nsc-part2-chn0-spk07952885cnf-028851610 __Kranji_Commonwealth was summer three __Wareham_Road and __Bukit_Timah seven mount 
LOG (nnet3-latgen-faster[5.5.888~1-d619]:DecodeUtteranceLatticeFaster():decoder-wrappers.cc:375) Log-like per frame for utterance nsc-part2-chn0-spk07952885cnf-028851610 is 1.57106 over 211 frames.
nsc-part2-chn0-spk07952885cnf-028851621 __Marsiling_Drive __Montreal_Link and carbon baru city 
LOG (nnet3-latgen-faster[5.5.888~1-d619]:DecodeUtteranceLatticeFaster():decoder-wrappers.cc:375) Log-like per frame for utterance nsc-part2-chn0-spk07952885cnf-028851621 is 1.40252 over 182 frames.
nsc-part2-chn0-spk07952885cnf-028851699 __Kampong_Java times __Kampung_Glam and __River_Valley more 
LOG (nnet3-latgen-faster[5.5.888~1-d619]:DecodeUtteranceLatticeFaster():decoder-wrappers.cc:375) Log-like per frame for utterance nsc-part2-chn0-spk07952885cnf-028851699 is 1.38844 over 168 frames.
nsc-part2-chn0-spk07952885cnf-028851870 __Rosaline_Chan_Pang __Lim_Chong_Pang and on timing 
LOG (nnet3-latgen-faster[5.5.888~1-d619]:DecodeUtteranceLatticeFaster():decoder-wrappers.cc:375) Log-like per frame for utterance nsc-part2-chn0-spk07952885cnf-028851870 is 1.58964 over 177 frames.
nsc-part2-chn0-spk07952885cnf-028851878 __Kouo_Shang_Wei __Wong_Hock_Boon and __Lim_Chong_Pang 
LOG (nnet3-latgen-faster[5.5.888~1-d619]:DecodeUtteranceLatticeFaster():decoder-wrappers.cc:375) Log-like per frame for utterance nsc-part2-chn0-spk07952885cnf-028851878 is 1.59309 over 167 frames.
nsc-part2-chn0-spk08262877cnf-028770007 please show me the way to __Aljunied_Avenue two 
LOG (nnet3-latgen-faster[5.5.888~1-d619]:DecodeUtteranceLatticeFaster():decoder-wrappers.cc:375) Log-like per frame for utterance nsc-part2-chn0-spk08262877cnf-028770007 is 1.4908 over 147 frames.
nsc-part2-chn0-spk08262877cnf-028770080 __Pasir_Ris_View main __Sungei_Road and __Bukit_Batok home fourteen age 
LOG (nnet3-latgen-faster[5.5.888~1-d619]:DecodeUtteranceLatticeFaster():decoder-wrappers.cc:375) Log-like per frame for utterance nsc-part2-chn0-spk08262877cnf-028770080 is 1.73862 over 236 frames.
nsc-part2-chn0-spk08262877cnf-028770134 __Aljunied_Neighbourhood police post __Stadium_Crescent amount saver wrote 
LOG (nnet3-latgen-faster[5.5.888~1-d619]:DecodeUtteranceLatticeFaster():decoder-wrappers.cc:375) Log-like per frame for utterance nsc-part2-chn0-spk08262877cnf-028770134 is 1.76782 over 236 frames.
nsc-part2-chn0-spk08262877cnf-028770181 how far away escalator from here 
LOG (nnet3-latgen-faster[5.5.888~1-d619]:DecodeUtteranceLatticeFaster():decoder-wrappers.cc:375) Log-like per frame for utterance nsc-part2-chn0-spk08262877cnf-028770181 is 1.59898 over 122 frames.
nsc-part2-chn0-spk08262877cnf-028770232 please look for amino whenever reach __Jalan_Dua legal __Sungei_Bedok 
LOG (nnet3-latgen-faster[5.5.888~1-d619]:DecodeUtteranceLatticeFaster():decoder-wrappers.cc:375) Log-like per frame for utterance nsc-part2-chn0-spk08262877cnf-028770232 is 1.39946 over 210 frames.
nsc-part2-chn0-spk08262877cnf-028770269 __Bukit_Batok is avenue __Singapore_Bible balance association and is close avenue 
LOG (nnet3-latgen-faster[5.5.888~1-d619]:DecodeUtteranceLatticeFaster():decoder-wrappers.cc:375) Log-like per frame for utterance nsc-part2-chn0-spk08262877cnf-028770269 is 1.56177 over 251 frames.
nsc-part2-chn0-spk08262877cnf-028770313 __Bukit_Batok_Road __Chatsworth_Road and __Choa_Chu_Kang_West 
LOG (nnet3-latgen-faster[5.5.888~1-d619]:DecodeUtteranceLatticeFaster():decoder-wrappers.cc:375) Log-like per frame for utterance nsc-part2-chn0-spk08262877cnf-028770313 is 1.72239 over 187 frames.
nsc-part2-chn0-spk08262877cnf-028770320 show me away to __Geylang_Square 
LOG (nnet3-latgen-faster[5.5.888~1-d619]:DecodeUtteranceLatticeFaster():decoder-wrappers.cc:375) Log-like per frame for utterance nsc-part2-chn0-spk08262877cnf-028770320 is 1.76723 over 105 frames.
nsc-part2-chn0-spk08262877cnf-028770400 please look for caramel when reach livery at __Chinatown_Point 
LOG (nnet3-latgen-faster[5.5.888~1-d619]:DecodeUtteranceLatticeFaster():decoder-wrappers.cc:375) Log-like per frame for utterance nsc-part2-chn0-spk08262877cnf-028770400 is 1.52258 over 172 frames.
nsc-part2-chn0-spk08262877cnf-028770434 __Chong_Pang neighborhood police post __Lorong_Pasu and __Joo_Avenue 
LOG (nnet3-latgen-faster[5.5.888~1-d619]:DecodeUtteranceLatticeFaster():decoder-wrappers.cc:375) Log-like per frame for utterance nsc-part2-chn0-spk08262877cnf-028770434 is 1.6902 over 211 frames.
nsc-part2-chn0-spk08262877cnf-028770436 __Lorong_Lew_Lian __Chai_Chee fire post and __Bukit_Batok_Crescent 
LOG (nnet3-latgen-faster[5.5.888~1-d619]:DecodeUtteranceLatticeFaster():decoder-wrappers.cc:375) Log-like per frame for utterance nsc-part2-chn0-spk08262877cnf-028770436 is 1.82519 over 194 frames.
nsc-part2-chn0-spk08262877cnf-028771660 kim home temple __Upper_Bedok_Road and __Teban_Garden post office 
LOG (nnet3-latgen-faster[5.5.888~1-d619]:DecodeUtteranceLatticeFaster():decoder-wrappers.cc:375) Log-like per frame for utterance nsc-part2-chn0-spk08262877cnf-028771660 is 1.64109 over 223 frames.
nsc-part2-chn0-spk08262877cnf-028771761 pushing avenue __Pasir_Panjang_View and __Aljunied_Neighbourhood police post 
LOG (nnet3-latgen-faster[5.5.888~1-d619]:DecodeUtteranceLatticeFaster():decoder-wrappers.cc:375) Log-like per frame for utterance nsc-part2-chn0-spk08262877cnf-028771761 is 1.74406 over 216 frames.
nsc-part2-chn0-spk08262877cnf-028771842 run g badly issue more boy lim toy pang and __Wee_Beng_Chong 
LOG (nnet3-latgen-faster[5.5.888~1-d619]:DecodeUtteranceLatticeFaster():decoder-wrappers.cc:375) Log-like per frame for utterance nsc-part2-chn0-spk08262877cnf-028771842 is 1.45254 over 282 frames.
nsc-part2-chn0-spk08262877cnf-028771863 __Bukit_Batok_Crescent __Robinson_Road post office and unsure hill 
LOG (nnet3-latgen-faster[5.5.888~1-d619]:DecodeUtteranceLatticeFaster():decoder-wrappers.cc:375) Log-like per frame for utterance nsc-part2-chn0-spk08262877cnf-028771863 is 1.73705 over 239 frames.
nsc-part2-chn0-spk08262877cnf-028771881 __Bukit_Timah post office __Tan_Kim_Cheng_Road and moon been walk 
LOG (nnet3-latgen-faster[5.5.888~1-d619]:DecodeUtteranceLatticeFaster():decoder-wrappers.cc:375) Log-like per frame for utterance nsc-part2-chn0-spk08262877cnf-028771881 is 1.5608 over 209 frames.
nsc-part2-chn0-spk08272878cnm-028780024 __Unity_Street __Bukit_Batok_Central link and __Seletar_North lain one 
LOG (nnet3-latgen-faster[5.5.888~1-d619]:DecodeUtteranceLatticeFaster():decoder-wrappers.cc:375) Log-like per frame for utterance nsc-part2-chn0-spk08272878cnm-028780024 is 1.68596 over 236 frames.
nsc-part2-chn0-spk08272878cnm-028780104 please slope for gassy when u reach __Marsiling_Road industrial estate 
LOG (nnet3-latgen-faster[5.5.888~1-d619]:DecodeUtteranceLatticeFaster():decoder-wrappers.cc:375) Log-like per frame for utterance nsc-part2-chn0-spk08272878cnm-028780104 is 1.55959 over 176 frames.
nsc-part2-chn0-spk08272878cnm-028780118 __Chong_Pang neighborhood police post __Pasir_Ris central post office and __Warwick_Road 
LOG (nnet3-latgen-faster[5.5.888~1-d619]:DecodeUtteranceLatticeFaster():decoder-wrappers.cc:375) Log-like per frame for utterance nsc-part2-chn0-spk08272878cnm-028780118 is 1.87303 over 245 frames.
nsc-part2-chn0-spk08272878cnm-028780136 __Boon_Keng fire post __Toa_Payoh_North and out junior avenue 
LOG (nnet3-latgen-faster[5.5.888~1-d619]:DecodeUtteranceLatticeFaster():decoder-wrappers.cc:375) Log-like per frame for utterance nsc-part2-chn0-spk08272878cnm-028780136 is 1.61103 over 254 frames.
nsc-part2-chn0-spk08272878cnm-028780144 ping e __Secondary_School __Bedok_North and __Serangoon_North_Avenue six 
LOG (nnet3-latgen-faster[5.5.888~1-d619]:DecodeUtteranceLatticeFaster():decoder-wrappers.cc:375) Log-like per frame for utterance nsc-part2-chn0-spk08272878cnm-028780144 is 1.74691 over 223 frames.
nsc-part2-chn0-spk08272878cnm-028780176 __Bukit_Timah avenue __Kampong_Chai_Chee and __Chan_Chun_Sing avenue 
LOG (nnet3-latgen-faster[5.5.888~1-d619]:DecodeUtteranceLatticeFaster():decoder-wrappers.cc:375) Log-like per frame for utterance nsc-part2-chn0-spk08272878cnm-028780176 is 1.49161 over 203 frames.
nsc-part2-chn0-spk08272878cnm-028780181 how far is __Taman_Jurong __Shopping_Centre from here 
LOG (nnet3-latgen-faster[5.5.888~1-d619]:DecodeUtteranceLatticeFaster():decoder-wrappers.cc:375) Log-like per frame for utterance nsc-part2-chn0-spk08272878cnm-028780181 is 1.62507 over 139 frames.
nsc-part2-chn0-spk08272878cnm-028780213 can i take m to __Sembawang_Avenue 
LOG (nnet3-latgen-faster[5.5.888~1-d619]:DecodeUtteranceLatticeFaster():decoder-wrappers.cc:375) Log-like per frame for utterance nsc-part2-chn0-spk08272878cnm-028780213 is 1.4085 over 125 frames.
nsc-part2-chn0-spk08272878cnm-028780219 can tell me the way to __Kampong_Bahru 
LOG (nnet3-latgen-faster[5.5.888~1-d619]:DecodeUtteranceLatticeFaster():decoder-wrappers.cc:375) Log-like per frame for utterance nsc-part2-chn0-spk08272878cnm-028780219 is 1.44371 over 111 frames.
nsc-part2-chn0-spk08272878cnm-028780238 proper food __Nasi_Goreng enroll fifty spring chicken 
LOG (nnet3-latgen-faster[5.5.888~1-d619]:DecodeUtteranceLatticeFaster():decoder-wrappers.cc:375) Log-like per frame for utterance nsc-part2-chn0-spk08272878cnm-028780238 is 1.38009 over 215 frames.
nsc-part2-chn0-spk08272878cnm-028780247 __Peng_Kang_Avenue __Old_Terminal_Lane and __Seletar_Satellite_Station_Road 
LOG (nnet3-latgen-faster[5.5.888~1-d619]:DecodeUtteranceLatticeFaster():decoder-wrappers.cc:375) Log-like per frame for utterance nsc-part2-chn0-spk08272878cnm-028780247 is 1.62346 over 247 frames.
nsc-part2-chn0-spk08272878cnm-028780356 __Pang_Seng_Road upper __Aljunied_Road and __Ee_Teow_Leng_Road 
LOG (nnet3-latgen-faster[5.5.888~1-d619]:DecodeUtteranceLatticeFaster():decoder-wrappers.cc:375) Log-like per frame for utterance nsc-part2-chn0-spk08272878cnm-028780356 is 1.52088 over 226 frames.
nsc-part2-chn0-spk08272878cnm-028780411 marine time square __Chong_Pang neighborhood police post and __Changi_East_Road 
LOG (nnet3-latgen-faster[5.5.888~1-d619]:DecodeUtteranceLatticeFaster():decoder-wrappers.cc:375) Log-like per frame for utterance nsc-part2-chn0-spk08272878cnm-028780411 is 1.74748 over 234 frames.
nsc-part2-chn0-spk08272878cnm-028780427 __Bukit_Batok industrial park __Keng_Lee_Road __Saint_Xavier'S_Lane 
LOG (nnet3-latgen-faster[5.5.888~1-d619]:DecodeUtteranceLatticeFaster():decoder-wrappers.cc:375) Log-like per frame for utterance nsc-part2-chn0-spk08272878cnm-028780427 is 1.53715 over 252 frames.
nsc-part2-chn0-spk08272878cnm-028780434 take hi king temper __Bedok_Green primary school and __Baker_Street 
LOG (nnet3-latgen-faster[5.5.888~1-d619]:DecodeUtteranceLatticeFaster():decoder-wrappers.cc:375) Log-like per frame for utterance nsc-part2-chn0-spk08272878cnm-028780434 is 1.61224 over 195 frames.
nsc-part2-chn0-spk08272878cnm-028781472 __Chong_Pang neighborhood police post __Francis_Thomas_Drive answer rampant road 
LOG (nnet3-latgen-faster[5.5.888~1-d619]:DecodeUtteranceLatticeFaster():decoder-wrappers.cc:375) Log-like per frame for utterance nsc-part2-chn0-spk08272878cnm-028781472 is 1.64424 over 272 frames.
nsc-part2-chn0-spk08272878cnm-028781547 see mean __Secondary_School __Lim_Teck_Kim_Road and __Bukit_Timah neighborhood police central 
LOG (nnet3-latgen-faster[5.5.888~1-d619]:DecodeUtteranceLatticeFaster():decoder-wrappers.cc:375) Log-like per frame for utterance nsc-part2-chn0-spk08272878cnm-028781547 is 1.65679 over 245 frames.
nsc-part2-chn0-spk08272878cnm-028781569 i am waiting for mila to comeback from __Geylang_Serai neighborhood police post 
LOG (nnet3-latgen-faster[5.5.888~1-d619]:DecodeUtteranceLatticeFaster():decoder-wrappers.cc:375) Log-like per frame for utterance nsc-part2-chn0-spk08272878cnm-028781569 is 1.86132 over 220 frames.
nsc-part2-chn0-spk08272878cnm-028781582 __Seletar_Club_Road __Siong_Lim temper and __Nee_Soon_East 
LOG (nnet3-latgen-faster[5.5.888~1-d619]:DecodeUtteranceLatticeFaster():decoder-wrappers.cc:375) Log-like per frame for utterance nsc-part2-chn0-spk08272878cnm-028781582 is 1.65632 over 188 frames.
nsc-part2-chn0-spk08272878cnm-028781596 can i take bus to __Chinatown_Hotel 
LOG (nnet3-latgen-faster[5.5.888~1-d619]:DecodeUtteranceLatticeFaster():decoder-wrappers.cc:375) Log-like per frame for utterance nsc-part2-chn0-spk08272878cnm-028781596 is 1.65867 over 128 frames.
nsc-part2-chn0-spk08272878cnm-028781859 __Bukit_Timah_Plaza singing avenue and __How_Sun_Road 
LOG (nnet3-latgen-faster[5.5.888~1-d619]:DecodeUtteranceLatticeFaster():decoder-wrappers.cc:375) Log-like per frame for utterance nsc-part2-chn0-spk08272878cnm-028781859 is 1.53414 over 209 frames.
nsc-part2-chn0-spk08272878cnm-028781882 chummy father station __Clementi_Street and out junior avenue two 
LOG (nnet3-latgen-faster[5.5.888~1-d619]:DecodeUtteranceLatticeFaster():decoder-wrappers.cc:375) Log-like per frame for utterance nsc-part2-chn0-spk08272878cnm-028781882 is 1.54831 over 208 frames.
nsc-part2-chn0-spk08432920cnm-029200176 semaphore __Shopping_Centre but parker been china town and pack parker cosy corner guess house 
LOG (nnet3-latgen-faster[5.5.888~1-d619]:DecodeUtteranceLatticeFaster():decoder-wrappers.cc:375) Log-like per frame for utterance nsc-part2-chn0-spk08432920cnm-029200176 is 1.50057 over 265 frames.
nsc-part2-chn0-spk08432920cnm-029200181 how four is __Bukit_Timah avenue from here 
LOG (nnet3-latgen-faster[5.5.888~1-d619]:DecodeUtteranceLatticeFaster():decoder-wrappers.cc:375) Log-like per frame for utterance nsc-part2-chn0-spk08432920cnm-029200181 is 1.61596 over 138 frames.
nsc-part2-chn0-spk08432920cnm-029200188 how do i get to __Geylang_Lorong eight 
LOG (nnet3-latgen-faster[5.5.888~1-d619]:DecodeUtteranceLatticeFaster():decoder-wrappers.cc:375) Log-like per frame for utterance nsc-part2-chn0-spk08432920cnm-029200188 is 1.79301 over 122 frames.
nsc-part2-chn0-spk08432920cnm-029200203 it is faster to check the bus __Bedok_North 
LOG (nnet3-latgen-faster[5.5.888~1-d619]:DecodeUtteranceLatticeFaster():decoder-wrappers.cc:375) Log-like per frame for utterance nsc-part2-chn0-spk08432920cnm-029200203 is 1.50615 over 130 frames.
nsc-part2-chn0-spk08432920cnm-029200239 whereas __Seletar_Link 
LOG (nnet3-latgen-faster[5.5.888~1-d619]:DecodeUtteranceLatticeFaster():decoder-wrappers.cc:375) Log-like per frame for utterance nsc-part2-chn0-spk08432920cnm-029200239 is 1.69872 over 85 frames.
nsc-part2-chn0-spk08432920cnm-029200326 where is __Bukit_Batok_East 
LOG (nnet3-latgen-faster[5.5.888~1-d619]:DecodeUtteranceLatticeFaster():decoder-wrappers.cc:375) Log-like per frame for utterance nsc-part2-chn0-spk08432920cnm-029200326 is 1.69741 over 98 frames.
nsc-part2-chn0-spk08432920cnm-029200351 can recommend me eh restaurant near upper __Aljunied_Road 
LOG (nnet3-latgen-faster[5.5.888~1-d619]:DecodeUtteranceLatticeFaster():decoder-wrappers.cc:375) Log-like per frame for utterance nsc-part2-chn0-spk08432920cnm-029200351 is 1.60843 over 168 frames.
nsc-part2-chn0-spk08432920cnm-029201471 its about one minute walk to __Spring_Street 
LOG (nnet3-latgen-faster[5.5.888~1-d619]:DecodeUtteranceLatticeFaster():decoder-wrappers.cc:375) Log-like per frame for utterance nsc-part2-chn0-spk08432920cnm-029201471 is 1.64453 over 139 frames.
nsc-part2-chn0-spk08432920cnm-029201505 can recommend me restaurant near __Chong_Pang_Combined tempo 
LOG (nnet3-latgen-faster[5.5.888~1-d619]:DecodeUtteranceLatticeFaster():decoder-wrappers.cc:375) Log-like per frame for utterance nsc-part2-chn0-spk08432920cnm-029201505 is 1.77036 over 176 frames.
nsc-part2-chn0-spk08432920cnm-029201667 could tell me to way to __Jalan_Kampong_Chantek 
LOG (nnet3-latgen-faster[5.5.888~1-d619]:DecodeUtteranceLatticeFaster():decoder-wrappers.cc:375) Log-like per frame for utterance nsc-part2-chn0-spk08432920cnm-029201667 is 1.47711 over 138 frames.
nsc-part2-chn0-spk08432920cnm-029201706 destitute and shelter support branch __Seletar_Club and option way 
LOG (nnet3-latgen-faster[5.5.888~1-d619]:DecodeUtteranceLatticeFaster():decoder-wrappers.cc:375) Log-like per frame for utterance nsc-part2-chn0-spk08432920cnm-029201706 is 1.74217 over 190 frames.
nsc-part2-chn0-spk08432920cnm-029201750 __Arab_Street the metropolitan condominium and __Simpang_De_Bedok __Boarding_House 
LOG (nnet3-latgen-faster[5.5.888~1-d619]:DecodeUtteranceLatticeFaster():decoder-wrappers.cc:375) Log-like per frame for utterance nsc-part2-chn0-spk08432920cnm-029201750 is 1.70168 over 236 frames.
nsc-part2-chn0-spk08432920cnm-029201790 find the fast this way to __Seletar_Satellite_Station_Road 
LOG (nnet3-latgen-faster[5.5.888~1-d619]:DecodeUtteranceLatticeFaster():decoder-wrappers.cc:375) Log-like per frame for utterance nsc-part2-chn0-spk08432920cnm-029201790 is 1.53931 over 153 frames.
nsc-part2-chn0-spk08432920cnm-029201800 so me to way to __Marsiling_Neighbourhood police post 
LOG (nnet3-latgen-faster[5.5.888~1-d619]:DecodeUtteranceLatticeFaster():decoder-wrappers.cc:375) Log-like per frame for utterance nsc-part2-chn0-spk08432920cnm-029201800 is 1.63829 over 145 frames.
nsc-part2-chn0-spk08432920cnm-029201855 did know where is __Seletar_Club_Road 
LOG (nnet3-latgen-faster[5.5.888~1-d619]:DecodeUtteranceLatticeFaster():decoder-wrappers.cc:375) Log-like per frame for utterance nsc-part2-chn0-spk08432920cnm-029201855 is 1.45939 over 118 frames.
nsc-part2-chn0-spk08482926cnm-029260018 name sound abnormally slice this year include __Lim_Chong_Pang done __Boon_Lay and __Chan_Chun_Sing 
LOG (nnet3-latgen-faster[5.5.888~1-d619]:DecodeUtteranceLatticeFaster():decoder-wrappers.cc:375) Log-like per frame for utterance nsc-part2-chn0-spk08482926cnm-029260018 is 1.6889 over 275 frames.
nsc-part2-chn0-spk08482926cnm-029260024 church order negativity of the blessed virgin married confirm primary school and __Sembawang_Hills_Drive 
LOG (nnet3-latgen-faster[5.5.888~1-d619]:DecodeUtteranceLatticeFaster():decoder-wrappers.cc:375) Log-like per frame for utterance nsc-part2-chn0-spk08482926cnm-029260024 is 1.6235 over 273 frames.
nsc-part2-chn0-spk08482926cnm-029260067 spring home only sugar diarrhea and own avenue 
LOG (nnet3-latgen-faster[5.5.888~1-d619]:DecodeUtteranceLatticeFaster():decoder-wrappers.cc:375) Log-like per frame for utterance nsc-part2-chn0-spk08482926cnm-029260067 is 1.53152 over 177 frames.
nsc-part2-chn0-spk08482926cnm-029260087 __Kampong_Bugis_Crescent and charming general hospital and m and complex 
LOG (nnet3-latgen-faster[5.5.888~1-d619]:DecodeUtteranceLatticeFaster():decoder-wrappers.cc:375) Log-like per frame for utterance nsc-part2-chn0-spk08482926cnm-029260087 is 1.61848 over 218 frames.
nsc-part2-chn0-spk08482926cnm-029260107 is father to take the bus to __Seletar_Hill 
LOG (nnet3-latgen-faster[5.5.888~1-d619]:DecodeUtteranceLatticeFaster():decoder-wrappers.cc:375) Log-like per frame for utterance nsc-part2-chn0-spk08482926cnm-029260107 is 1.46512 over 116 frames.
nsc-part2-chn0-spk08482926cnm-029260236 __Holland_Village take to get to __Bukit_Batok_Street by taxi 
LOG (nnet3-latgen-faster[5.5.888~1-d619]:DecodeUtteranceLatticeFaster():decoder-wrappers.cc:375) Log-like per frame for utterance nsc-part2-chn0-spk08482926cnm-029260236 is 1.58978 over 144 frames.
nsc-part2-chn0-spk08482926cnm-029260249 can i take the bus to __Geylang_East_Central 
LOG (nnet3-latgen-faster[5.5.888~1-d619]:DecodeUtteranceLatticeFaster():decoder-wrappers.cc:375) Log-like per frame for utterance nsc-part2-chn0-spk08482926cnm-029260249 is 1.77546 over 108 frames.
nsc-part2-chn0-spk08482926cnm-029260252 was the distance to __Bukit_Timah_Link 
LOG (nnet3-latgen-faster[5.5.888~1-d619]:DecodeUtteranceLatticeFaster():decoder-wrappers.cc:375) Log-like per frame for utterance nsc-part2-chn0-spk08482926cnm-029260252 is 1.58457 over 105 frames.
nsc-part2-chn0-spk08482926cnm-029260326 where __Hussein_Aljunied avenue two 
LOG (nnet3-latgen-faster[5.5.888~1-d619]:DecodeUtteranceLatticeFaster():decoder-wrappers.cc:375) Log-like per frame for utterance nsc-part2-chn0-spk08482926cnm-029260326 is 1.60489 over 96 frames.
nsc-part2-chn0-spk08482926cnm-029261493 which bus should i tick to __Bedok_South 
LOG (nnet3-latgen-faster[5.5.888~1-d619]:DecodeUtteranceLatticeFaster():decoder-wrappers.cc:375) Log-like per frame for utterance nsc-part2-chn0-spk08482926cnm-029261493 is 1.60809 over 116 frames.
nsc-part2-chn0-spk08482926cnm-029261705 can i take the bus to __Upper_Bukit_Timah_Road 
LOG (nnet3-latgen-faster[5.5.888~1-d619]:DecodeUtteranceLatticeFaster():decoder-wrappers.cc:375) Log-like per frame for utterance nsc-part2-chn0-spk08482926cnm-029261705 is 1.52166 over 109 frames.
nsc-part2-chn0-spk08482926cnm-029261768 show me away to __Upper_Bedok_Road 
LOG (nnet3-latgen-faster[5.5.888~1-d619]:DecodeUtteranceLatticeFaster():decoder-wrappers.cc:375) Log-like per frame for utterance nsc-part2-chn0-spk08482926cnm-029261768 is 1.53705 over 99 frames.
nsc-part2-chn0-spk08482926cnm-029261890 can recommend me your restaurant near __Seletar_South_Road 
LOG (nnet3-latgen-faster[5.5.888~1-d619]:DecodeUtteranceLatticeFaster():decoder-wrappers.cc:375) Log-like per frame for utterance nsc-part2-chn0-spk08482926cnm-029261890 is 1.59358 over 135 frames.
nsc-part2-chn0-spk08482926cnm-029261893 __Corporation_Road any and must thing multiplication 
LOG (nnet3-latgen-faster[5.5.888~1-d619]:DecodeUtteranceLatticeFaster():decoder-wrappers.cc:375) Log-like per frame for utterance nsc-part2-chn0-spk08482926cnm-029261893 is 1.56878 over 196 frames.
nsc-part2-chn0-spk08592939cnf-029390032 __Marine_Parade fire post __Geylang_Lorong eight and pacific elder care nursing home 
LOG (nnet3-latgen-faster[5.5.888~1-d619]:DecodeUtteranceLatticeFaster():decoder-wrappers.cc:375) Log-like per frame for utterance nsc-part2-chn0-spk08592939cnf-029390032 is 1.70979 over 201 frames.
nsc-part2-chn0-spk08592939cnf-029390045 which bus your i take to __Taman_Jurong 
LOG (nnet3-latgen-faster[5.5.888~1-d619]:DecodeUtteranceLatticeFaster():decoder-wrappers.cc:375) Log-like per frame for utterance nsc-part2-chn0-spk08592939cnf-029390045 is 1.57657 over 106 frames.
nsc-part2-chn0-spk08592939cnf-029390115 what is triple way to __Bukit_Batok industrial park 
LOG (nnet3-latgen-faster[5.5.888~1-d619]:DecodeUtteranceLatticeFaster():decoder-wrappers.cc:375) Log-like per frame for utterance nsc-part2-chn0-spk08592939cnf-029390115 is 1.69053 over 121 frames.
nsc-part2-chn0-spk08592939cnf-029390144 __Red_Cross camp site __Bedok_North and __Jalan_Peradun 
LOG (nnet3-latgen-faster[5.5.888~1-d619]:DecodeUtteranceLatticeFaster():decoder-wrappers.cc:375) Log-like per frame for utterance nsc-part2-chn0-spk08592939cnf-029390144 is 1.58847 over 156 frames.
nsc-part2-chn0-spk08592939cnf-029390197 what is the easiest way to __Seletar_North_Lane one 
LOG (nnet3-latgen-faster[5.5.888~1-d619]:DecodeUtteranceLatticeFaster():decoder-wrappers.cc:375) Log-like per frame for utterance nsc-part2-chn0-spk08592939cnf-029390197 is 1.60553 over 131 frames.
nsc-part2-chn0-spk08592939cnf-029390207 other put course or response near confirmed __Chai_Chee 
LOG (nnet3-latgen-faster[5.5.888~1-d619]:DecodeUtteranceLatticeFaster():decoder-wrappers.cc:375) Log-like per frame for utterance nsc-part2-chn0-spk08592939cnf-029390207 is 1.65531 over 134 frames.
nsc-part2-chn0-spk08592939cnf-029390221 select the faster way to __Aljunied_Avenue five 
LOG (nnet3-latgen-faster[5.5.888~1-d619]:DecodeUtteranceLatticeFaster():decoder-wrappers.cc:375) Log-like per frame for utterance nsc-part2-chn0-spk08592939cnf-029390221 is 1.54124 over 130 frames.
nsc-part2-chn0-spk08592939cnf-029390269 __Bukit_Timah natural reserved __Kiew_Sian_King temple in __Jalan_Lana 
LOG (nnet3-latgen-faster[5.5.888~1-d619]:DecodeUtteranceLatticeFaster():decoder-wrappers.cc:375) Log-like per frame for utterance nsc-part2-chn0-spk08592939cnf-029390269 is 1.51942 over 167 frames.
nsc-part2-chn0-spk08592939cnf-029390308 __Home_Team_Academy __Greendale_Rise and __Ulu_Sembawang 
LOG (nnet3-latgen-faster[5.5.888~1-d619]:DecodeUtteranceLatticeFaster():decoder-wrappers.cc:375) Log-like per frame for utterance nsc-part2-chn0-spk08592939cnf-029390308 is 1.51451 over 154 frames.
nsc-part2-chn0-spk08592939cnf-029390411 must or cough __Kampung_Melayu __Seletar_Club role and __Bishan_Point 
LOG (nnet3-latgen-faster[5.5.888~1-d619]:DecodeUtteranceLatticeFaster():decoder-wrappers.cc:375) Log-like per frame for utterance nsc-part2-chn0-spk08592939cnf-029390411 is 1.64008 over 170 frames.
nsc-part2-chn0-spk08592939cnf-029390447 other for code or restaurant near __Bukit_Batok_Central link 
LOG (nnet3-latgen-faster[5.5.888~1-d619]:DecodeUtteranceLatticeFaster():decoder-wrappers.cc:375) Log-like per frame for utterance nsc-part2-chn0-spk08592939cnf-029390447 is 1.70778 over 139 frames.
nsc-part2-chn0-spk08592939cnf-029391497 __Kampong_Eunos pillowcase and post heritage and __Jalan_Rajah 
LOG (nnet3-latgen-faster[5.5.888~1-d619]:DecodeUtteranceLatticeFaster():decoder-wrappers.cc:375) Log-like per frame for utterance nsc-part2-chn0-spk08592939cnf-029391497 is 1.58116 over 166 frames.
LOG (apply-cmvn[5.5.888~1-d619]:main():apply-cmvn.cc:81) Copied 112 utterances.
nsc-part2-chn0-spk08592939cnf-029391614 what are the landmark near __Bukit_Batok_Central 
LOG (nnet3-latgen-faster[5.5.888~1-d619]:DecodeUtteranceLatticeFaster():decoder-wrappers.cc:375) Log-like per frame for utterance nsc-part2-chn0-spk08592939cnf-029391614 is 1.86457 over 117 frames.
nsc-part2-chn0-spk08592939cnf-029391667 who tell me the way to __Bukit_Batok_West_Avenue 
LOG (nnet3-latgen-faster[5.5.888~1-d619]:DecodeUtteranceLatticeFaster():decoder-wrappers.cc:375) Log-like per frame for utterance nsc-part2-chn0-spk08592939cnf-029391667 is 1.55382 over 111 frames.
nsc-part2-chn0-spk08592939cnf-029391697 can click abas to __Chong_Pang neighborhood police post 
LOG (nnet3-latgen-faster[5.5.888~1-d619]:DecodeUtteranceLatticeFaster():decoder-wrappers.cc:375) Log-like per frame for utterance nsc-part2-chn0-spk08592939cnf-029391697 is 1.67059 over 123 frames.
nsc-part2-chn0-spk08592939cnf-029391834 chandelier is dropping me off at __Marsiling_Drive 
LOG (nnet3-latgen-faster[5.5.888~1-d619]:DecodeUtteranceLatticeFaster():decoder-wrappers.cc:375) Log-like per frame for utterance nsc-part2-chn0-spk08592939cnf-029391834 is 1.53781 over 118 frames.
nsc-part2-chn0-spk08592939cnf-029391876 what is the __Pasir_Ris_Way to __Upper_Bukit_Timah_Road 
LOG (nnet3-latgen-faster[5.5.888~1-d619]:DecodeUtteranceLatticeFaster():decoder-wrappers.cc:375) Log-like per frame for utterance nsc-part2-chn0-spk08592939cnf-029391876 is 1.64933 over 108 frames.
LOG (nnet3-latgen-faster[5.5.888~1-d619]:main():nnet3-latgen-faster.cc:256) Time taken 405.055s: real-time factor assuming 100 frames/sec is 0.693931
LOG (nnet3-latgen-faster[5.5.888~1-d619]:main():nnet3-latgen-faster.cc:259) Done 112 utterances, failed for 0
LOG (nnet3-latgen-faster[5.5.888~1-d619]:main():nnet3-latgen-faster.cc:261) Overall log-likelihood per frame is 1.61152 over 19457 frames.
LOG (nnet3-latgen-faster[5.5.888~1-d619]:~CachingOptimizingCompiler():nnet-optimize.cc:710) 0.687 seconds taken in nnet3 compilation total (breakdown: 0.472 compilation, 0.127 optimization, 0 shortcut expansion, 0.0247 checking, 0.000163 computing indexes, 0.0628 misc.) + 0 I/O.
LOG (lattice-scale[5.5.888~1-d619]:main():lattice-scale.cc:107) Done 112 lattices.
# Ended (code 0) at Wed Aug 25 19:07:25 +08 2021, elapsed time 453 seconds
