# lattice-depth-per-frame "ark:gunzip -c /home3/ztkyaw/w2021/deliverables/contrast-zin-dev/baseline/tdnnf-transfer-sp/decode_imda-part2_1629889191-hw_lmg/lat.7.gz|" "ark,t:|gzip -c > /home3/ztkyaw/w2021/deliverables/contrast-zin-dev/baseline/tdnnf-transfer-sp/decode_imda-part2_1629889191-hw_lmg/depth_tmp.7.gz" ark:- | lattice-best-path --acoustic-scale=0.1 ark:- ark:/dev/null "ark,t:|gzip -c >/home3/ztkyaw/w2021/deliverables/contrast-zin-dev/baseline/tdnnf-transfer-sp/decode_imda-part2_1629889191-hw_lmg/ali_tmp.7.gz" 
# Invoked at Wed Aug 25 19:08:19 +08 2021 from node02
#
# Started at Wed Aug 25 19:08:31 +08 2021 on node01
lattice-best-path --acoustic-scale=0.1 ark:- ark:/dev/null 'ark,t:|gzip -c >/home3/ztkyaw/w2021/deliverables/contrast-zin-dev/baseline/tdnnf-transfer-sp/decode_imda-part2_1629889191-hw_lmg/ali_tmp.7.gz' 
lattice-depth-per-frame 'ark:gunzip -c /home3/ztkyaw/w2021/deliverables/contrast-zin-dev/baseline/tdnnf-transfer-sp/decode_imda-part2_1629889191-hw_lmg/lat.7.gz|' 'ark,t:|gzip -c > /home3/ztkyaw/w2021/deliverables/contrast-zin-dev/baseline/tdnnf-transfer-sp/decode_imda-part2_1629889191-hw_lmg/depth_tmp.7.gz' ark:- 
LOG (lattice-best-path[5.5.888~1-d619]:main():lattice-best-path.cc:99) For utterance nsc-part2-chn0-spk09813157cnm-031570003, best cost 108.591 + -369.715 = -261.124 over 179 frames.
LOG (lattice-best-path[5.5.888~1-d619]:main():lattice-best-path.cc:99) For utterance nsc-part2-chn0-spk09813157cnm-031570057, best cost 90.7191 + -367.096 = -276.377 over 167 frames.
LOG (lattice-best-path[5.5.888~1-d619]:main():lattice-best-path.cc:99) For utterance nsc-part2-chn0-spk09813157cnm-031570063, best cost 67.9353 + -318.889 = -250.953 over 148 frames.
LOG (lattice-best-path[5.5.888~1-d619]:main():lattice-best-path.cc:99) For utterance nsc-part2-chn0-spk09813157cnm-031570134, best cost 64.131 + -396.014 = -331.883 over 178 frames.
LOG (lattice-best-path[5.5.888~1-d619]:main():lattice-best-path.cc:99) For utterance nsc-part2-chn0-spk09813157cnm-031570136, best cost 80.7811 + -321.164 = -240.382 over 144 frames.
LOG (lattice-best-path[5.5.888~1-d619]:main():lattice-best-path.cc:99) For utterance nsc-part2-chn0-spk09813157cnm-031570242, best cost 61.911 + -307.359 = -245.448 over 146 frames.
LOG (lattice-best-path[5.5.888~1-d619]:main():lattice-best-path.cc:99) For utterance nsc-part2-chn0-spk09813157cnm-031570247, best cost 52.9683 + -333.903 = -280.935 over 159 frames.
LOG (lattice-best-path[5.5.888~1-d619]:main():lattice-best-path.cc:99) For utterance nsc-part2-chn0-spk09813157cnm-031570251, best cost 50.8898 + -280.455 = -229.565 over 129 frames.
LOG (lattice-best-path[5.5.888~1-d619]:main():lattice-best-path.cc:99) For utterance nsc-part2-chn0-spk09813157cnm-031570299, best cost 81.2461 + -394.502 = -313.256 over 185 frames.
LOG (lattice-best-path[5.5.888~1-d619]:main():lattice-best-path.cc:99) For utterance nsc-part2-chn0-spk09813157cnm-031570313, best cost 129.501 + -461.01 = -331.508 over 208 frames.
LOG (lattice-best-path[5.5.888~1-d619]:main():lattice-best-path.cc:99) For utterance nsc-part2-chn0-spk09813157cnm-031570427, best cost 79.2822 + -292.932 = -213.65 over 139 frames.
LOG (lattice-best-path[5.5.888~1-d619]:main():lattice-best-path.cc:99) For utterance nsc-part2-chn0-spk09813157cnm-031571521, best cost 56.6366 + -188.382 = -131.745 over 96 frames.
LOG (lattice-best-path[5.5.888~1-d619]:main():lattice-best-path.cc:99) For utterance nsc-part2-chn0-spk09813157cnm-031571568, best cost 32.7824 + -176.614 = -143.831 over 84 frames.
LOG (lattice-best-path[5.5.888~1-d619]:main():lattice-best-path.cc:99) For utterance nsc-part2-chn0-spk09813157cnm-031571582, best cost 63.1856 + -286.084 = -222.899 over 138 frames.
LOG (lattice-best-path[5.5.888~1-d619]:main():lattice-best-path.cc:99) For utterance nsc-part2-chn0-spk09813157cnm-031571716, best cost 51.0939 + -272.919 = -221.825 over 132 frames.
LOG (lattice-best-path[5.5.888~1-d619]:main():lattice-best-path.cc:99) For utterance nsc-part2-chn0-spk09813157cnm-031571738, best cost 51.2524 + -248.907 = -197.655 over 118 frames.
LOG (lattice-best-path[5.5.888~1-d619]:main():lattice-best-path.cc:99) For utterance nsc-part2-chn0-spk09813157cnm-031571750, best cost 87.6949 + -325.422 = -237.727 over 158 frames.
LOG (lattice-best-path[5.5.888~1-d619]:main():lattice-best-path.cc:99) For utterance nsc-part2-chn0-spk09813157cnm-031571832, best cost 75.7781 + -311.177 = -235.398 over 147 frames.
LOG (lattice-best-path[5.5.888~1-d619]:main():lattice-best-path.cc:99) For utterance nsc-part2-chn0-spk09823158cnm-031580016, best cost 114.787 + -337.877 = -223.09 over 145 frames.
LOG (lattice-best-path[5.5.888~1-d619]:main():lattice-best-path.cc:99) For utterance nsc-part2-chn0-spk09823158cnm-031580024, best cost 110.13 + -456.92 = -346.79 over 224 frames.
LOG (lattice-best-path[5.5.888~1-d619]:main():lattice-best-path.cc:99) For utterance nsc-part2-chn0-spk09823158cnm-031580030, best cost 31.5715 + -171.464 = -139.892 over 82 frames.
LOG (lattice-best-path[5.5.888~1-d619]:main():lattice-best-path.cc:99) For utterance nsc-part2-chn0-spk09823158cnm-031580060, best cost 81.7276 + -316.4 = -234.673 over 134 frames.
LOG (lattice-best-path[5.5.888~1-d619]:main():lattice-best-path.cc:99) For utterance nsc-part2-chn0-spk09823158cnm-031580170, best cost 73.5719 + -311.591 = -238.019 over 154 frames.
LOG (lattice-best-path[5.5.888~1-d619]:main():lattice-best-path.cc:99) For utterance nsc-part2-chn0-spk09823158cnm-031580187, best cost 108.883 + -448.709 = -339.826 over 219 frames.
LOG (lattice-best-path[5.5.888~1-d619]:main():lattice-best-path.cc:99) For utterance nsc-part2-chn0-spk09823158cnm-031580191, best cost 114.004 + -345.873 = -231.868 over 157 frames.
LOG (lattice-best-path[5.5.888~1-d619]:main():lattice-best-path.cc:99) For utterance nsc-part2-chn0-spk09823158cnm-031580196, best cost 101.117 + -367.214 = -266.097 over 175 frames.
LOG (lattice-best-path[5.5.888~1-d619]:main():lattice-best-path.cc:99) For utterance nsc-part2-chn0-spk09823158cnm-031580212, best cost 72.0509 + -357.767 = -285.716 over 177 frames.
LOG (lattice-best-path[5.5.888~1-d619]:main():lattice-best-path.cc:99) For utterance nsc-part2-chn0-spk09823158cnm-031580296, best cost 53.4821 + -241.637 = -188.155 over 109 frames.
LOG (lattice-best-path[5.5.888~1-d619]:main():lattice-best-path.cc:99) For utterance nsc-part2-chn0-spk09823158cnm-031580313, best cost 73.5585 + -371.387 = -297.828 over 186 frames.
LOG (lattice-best-path[5.5.888~1-d619]:main():lattice-best-path.cc:99) For utterance nsc-part2-chn0-spk09823158cnm-031580410, best cost 96.9117 + -360.65 = -263.739 over 158 frames.
LOG (lattice-best-path[5.5.888~1-d619]:main():lattice-best-path.cc:99) For utterance nsc-part2-chn0-spk09823158cnm-031580445, best cost 80.4044 + -377.109 = -296.705 over 180 frames.
LOG (lattice-best-path[5.5.888~1-d619]:main():lattice-best-path.cc:99) For utterance nsc-part2-chn0-spk09823158cnm-031581464, best cost 102.276 + -268.095 = -165.82 over 115 frames.
LOG (lattice-best-path[5.5.888~1-d619]:main():lattice-best-path.cc:99) For utterance nsc-part2-chn0-spk09823158cnm-031581624, best cost 118.792 + -434.86 = -316.068 over 196 frames.
LOG (lattice-best-path[5.5.888~1-d619]:main():lattice-best-path.cc:99) For utterance nsc-part2-chn0-spk09823158cnm-031581764, best cost 64.2887 + -293.723 = -229.434 over 155 frames.
LOG (lattice-best-path[5.5.888~1-d619]:main():lattice-best-path.cc:99) For utterance nsc-part2-chn0-spk09823158cnm-031581838, best cost 22.4984 + -131.293 = -108.795 over 74 frames.
LOG (lattice-best-path[5.5.888~1-d619]:main():lattice-best-path.cc:99) For utterance nsc-part2-chn0-spk09823158cnm-031581866, best cost 96.7653 + -424.394 = -327.629 over 200 frames.
LOG (lattice-best-path[5.5.888~1-d619]:main():lattice-best-path.cc:99) For utterance nsc-part2-chn0-spk09823158cnm-031581893, best cost 88.0994 + -328.605 = -240.505 over 149 frames.
LOG (lattice-best-path[5.5.888~1-d619]:main():lattice-best-path.cc:99) For utterance nsc-part2-chn0-spk09862996cnf-029960032, best cost 98.0202 + -466.777 = -368.756 over 245 frames.
LOG (lattice-best-path[5.5.888~1-d619]:main():lattice-best-path.cc:99) For utterance nsc-part2-chn0-spk09862996cnf-029960080, best cost 100.69 + -441.446 = -340.756 over 224 frames.
LOG (lattice-best-path[5.5.888~1-d619]:main():lattice-best-path.cc:99) For utterance nsc-part2-chn0-spk09862996cnf-029960087, best cost 83.2332 + -388.197 = -304.964 over 194 frames.
LOG (lattice-best-path[5.5.888~1-d619]:main():lattice-best-path.cc:99) For utterance nsc-part2-chn0-spk09862996cnf-029960134, best cost 72.101 + -348.614 = -276.513 over 163 frames.
LOG (lattice-best-path[5.5.888~1-d619]:main():lattice-best-path.cc:99) For utterance nsc-part2-chn0-spk09862996cnf-029960225, best cost 22.2212 + -117.011 = -94.7897 over 70 frames.
LOG (lattice-best-path[5.5.888~1-d619]:main():lattice-best-path.cc:99) For utterance nsc-part2-chn0-spk09862996cnf-029960251, best cost 61.7054 + -308.039 = -246.334 over 168 frames.
LOG (lattice-best-path[5.5.888~1-d619]:main():lattice-best-path.cc:99) For utterance nsc-part2-chn0-spk09862996cnf-029960258, best cost 84.7205 + -314.629 = -229.909 over 146 frames.
LOG (lattice-best-path[5.5.888~1-d619]:main():lattice-best-path.cc:99) For utterance nsc-part2-chn0-spk09862996cnf-029960323, best cost 92.1136 + -394.304 = -302.191 over 170 frames.
LOG (lattice-best-path[5.5.888~1-d619]:main():lattice-best-path.cc:99) For utterance nsc-part2-chn0-spk09862996cnf-029960326, best cost 72.1732 + -264.658 = -192.484 over 121 frames.
LOG (lattice-best-path[5.5.888~1-d619]:main():lattice-best-path.cc:99) For utterance nsc-part2-chn0-spk09862996cnf-029960342, best cost 136.502 + -417.783 = -281.281 over 192 frames.
LOG (lattice-best-path[5.5.888~1-d619]:main():lattice-best-path.cc:99) For utterance nsc-part2-chn0-spk09862996cnf-029960423, best cost 84.4597 + -248.512 = -164.052 over 105 frames.
LOG (lattice-best-path[5.5.888~1-d619]:main():lattice-best-path.cc:99) For utterance nsc-part2-chn0-spk09862996cnf-029960436, best cost 126.955 + -411.618 = -284.662 over 185 frames.
LOG (lattice-best-path[5.5.888~1-d619]:main():lattice-best-path.cc:99) For utterance nsc-part2-chn0-spk09862996cnf-029961519, best cost 84.1987 + -239.916 = -155.718 over 117 frames.
LOG (lattice-best-path[5.5.888~1-d619]:main():lattice-best-path.cc:99) For utterance nsc-part2-chn0-spk09862996cnf-029961600, best cost 52.0785 + -219.783 = -167.704 over 121 frames.
LOG (lattice-best-path[5.5.888~1-d619]:main():lattice-best-path.cc:99) For utterance nsc-part2-chn0-spk09862996cnf-029961621, best cost 51.1671 + -265.135 = -213.968 over 133 frames.
LOG (lattice-best-path[5.5.888~1-d619]:main():lattice-best-path.cc:99) For utterance nsc-part2-chn0-spk09862996cnf-029961660, best cost 50.471 + -235.03 = -184.559 over 123 frames.
LOG (lattice-best-path[5.5.888~1-d619]:main():lattice-best-path.cc:99) For utterance nsc-part2-chn0-spk09873072inf-030720007, best cost 85.6346 + -338.791 = -253.157 over 148 frames.
LOG (lattice-best-path[5.5.888~1-d619]:main():lattice-best-path.cc:99) For utterance nsc-part2-chn0-spk09873072inf-030720100, best cost 76.5805 + -290.217 = -213.637 over 117 frames.
LOG (lattice-best-path[5.5.888~1-d619]:main():lattice-best-path.cc:99) For utterance nsc-part2-chn0-spk09873072inf-030720107, best cost 92.2303 + -349.686 = -257.456 over 147 frames.
LOG (lattice-best-path[5.5.888~1-d619]:main():lattice-best-path.cc:99) For utterance nsc-part2-chn0-spk09873072inf-030720115, best cost 79.4569 + -325.29 = -245.833 over 145 frames.
LOG (lattice-best-path[5.5.888~1-d619]:main():lattice-best-path.cc:99) For utterance nsc-part2-chn0-spk09873072inf-030720123, best cost 122.923 + -553.804 = -430.881 over 243 frames.
LOG (lattice-best-path[5.5.888~1-d619]:main():lattice-best-path.cc:99) For utterance nsc-part2-chn0-spk09873072inf-030720182, best cost 89.4701 + -269.405 = -179.935 over 119 frames.
LOG (lattice-best-path[5.5.888~1-d619]:main():lattice-best-path.cc:99) For utterance nsc-part2-chn0-spk09873072inf-030720210, best cost 67.8196 + -267.521 = -199.702 over 127 frames.
LOG (lattice-best-path[5.5.888~1-d619]:main():lattice-best-path.cc:99) For utterance nsc-part2-chn0-spk09873072inf-030720252, best cost 95.3115 + -317.585 = -222.273 over 137 frames.
LOG (lattice-best-path[5.5.888~1-d619]:main():lattice-best-path.cc:99) For utterance nsc-part2-chn0-spk09873072inf-030720268, best cost 76.699 + -387.488 = -310.789 over 196 frames.
LOG (lattice-best-path[5.5.888~1-d619]:main():lattice-best-path.cc:99) For utterance nsc-part2-chn0-spk09873072inf-030720320, best cost 70.8777 + -221.465 = -150.587 over 105 frames.
LOG (lattice-best-path[5.5.888~1-d619]:main():lattice-best-path.cc:99) For utterance nsc-part2-chn0-spk09873072inf-030720351, best cost 69.9573 + -264.313 = -194.355 over 128 frames.
LOG (lattice-best-path[5.5.888~1-d619]:main():lattice-best-path.cc:99) For utterance nsc-part2-chn0-spk09873072inf-030720437, best cost 125.203 + -394.275 = -269.072 over 177 frames.
LOG (lattice-best-path[5.5.888~1-d619]:main():lattice-best-path.cc:99) For utterance nsc-part2-chn0-spk09873072inf-030721552, best cost 69.7336 + -280.532 = -210.799 over 130 frames.
LOG (lattice-best-path[5.5.888~1-d619]:main():lattice-best-path.cc:99) For utterance nsc-part2-chn0-spk09873072inf-030721559, best cost 51.9979 + -290.18 = -238.182 over 145 frames.
LOG (lattice-best-path[5.5.888~1-d619]:main():lattice-best-path.cc:99) For utterance nsc-part2-chn0-spk09873072inf-030721673, best cost 22.2895 + -136.291 = -114.002 over 71 frames.
LOG (lattice-best-path[5.5.888~1-d619]:main():lattice-best-path.cc:99) For utterance nsc-part2-chn0-spk09873072inf-030721756, best cost 65.1152 + -299.591 = -234.476 over 138 frames.
LOG (lattice-best-path[5.5.888~1-d619]:main():lattice-best-path.cc:99) For utterance nsc-part2-chn0-spk09873072inf-030721866, best cost 75.0567 + -367.088 = -292.031 over 181 frames.
LOG (lattice-best-path[5.5.888~1-d619]:main():lattice-best-path.cc:99) For utterance nsc-part2-chn0-spk09913080mam-030800029, best cost 103.188 + -336.57 = -233.382 over 160 frames.
LOG (lattice-best-path[5.5.888~1-d619]:main():lattice-best-path.cc:99) For utterance nsc-part2-chn0-spk09913080mam-030800102, best cost 84.6819 + -279.355 = -194.673 over 128 frames.
LOG (lattice-best-path[5.5.888~1-d619]:main():lattice-best-path.cc:99) For utterance nsc-part2-chn0-spk09913080mam-030800111, best cost 84.1209 + -420.117 = -335.996 over 195 frames.
LOG (lattice-best-path[5.5.888~1-d619]:main():lattice-best-path.cc:99) For utterance nsc-part2-chn0-spk09913080mam-030800175, best cost 107.663 + -337.226 = -229.564 over 151 frames.
LOG (lattice-best-path[5.5.888~1-d619]:main():lattice-best-path.cc:99) For utterance nsc-part2-chn0-spk09913080mam-030800197, best cost 67.607 + -313.664 = -246.057 over 158 frames.
LOG (lattice-best-path[5.5.888~1-d619]:main():lattice-best-path.cc:99) For utterance nsc-part2-chn0-spk09913080mam-030800204, best cost 76.8507 + -281.024 = -204.174 over 132 frames.
LOG (lattice-best-path[5.5.888~1-d619]:main():lattice-best-path.cc:99) For utterance nsc-part2-chn0-spk09913080mam-030800251, best cost 103.127 + -515.482 = -412.355 over 278 frames.
LOG (lattice-best-path[5.5.888~1-d619]:main():lattice-best-path.cc:99) For utterance nsc-part2-chn0-spk09913080mam-030800308, best cost 65.0113 + -395.477 = -330.466 over 204 frames.
LOG (lattice-best-path[5.5.888~1-d619]:main():lattice-best-path.cc:99) For utterance nsc-part2-chn0-spk09913080mam-030800312, best cost 63.3538 + -358.221 = -294.867 over 171 frames.
LOG (lattice-best-path[5.5.888~1-d619]:main():lattice-best-path.cc:99) For utterance nsc-part2-chn0-spk09913080mam-030800400, best cost 92.2215 + -328.51 = -236.288 over 149 frames.
LOG (lattice-best-path[5.5.888~1-d619]:main():lattice-best-path.cc:99) For utterance nsc-part2-chn0-spk09913080mam-030800412, best cost 56.1168 + -204.446 = -148.329 over 110 frames.
LOG (lattice-best-path[5.5.888~1-d619]:main():lattice-best-path.cc:99) For utterance nsc-part2-chn0-spk09913080mam-030801497, best cost 61.3804 + -326.156 = -264.775 over 158 frames.
LOG (lattice-best-path[5.5.888~1-d619]:main():lattice-best-path.cc:99) For utterance nsc-part2-chn0-spk09913080mam-030801698, best cost 100.107 + -284.113 = -184.006 over 129 frames.
LOG (lattice-best-path[5.5.888~1-d619]:main():lattice-best-path.cc:99) For utterance nsc-part2-chn0-spk09913080mam-030801847, best cost 51.0265 + -266.432 = -215.405 over 131 frames.
LOG (lattice-best-path[5.5.888~1-d619]:main():lattice-best-path.cc:99) For utterance nsc-part2-chn0-spk09913080mam-030801893, best cost 83.5453 + -335.939 = -252.394 over 164 frames.
LOG (lattice-best-path[5.5.888~1-d619]:main():lattice-best-path.cc:99) For utterance nsc-part2-chn0-spk09933109inm-031090080, best cost 72.0372 + -381.213 = -309.176 over 181 frames.
LOG (lattice-best-path[5.5.888~1-d619]:main():lattice-best-path.cc:99) For utterance nsc-part2-chn0-spk09933109inm-031090117, best cost 85.3342 + -269.732 = -184.398 over 129 frames.
LOG (lattice-best-path[5.5.888~1-d619]:main():lattice-best-path.cc:99) For utterance nsc-part2-chn0-spk09933109inm-031090120, best cost 22.3598 + -143.927 = -121.567 over 72 frames.
LOG (lattice-best-path[5.5.888~1-d619]:main():lattice-best-path.cc:99) For utterance nsc-part2-chn0-spk09933109inm-031090149, best cost 82.1568 + -331.666 = -249.509 over 158 frames.
LOG (lattice-best-path[5.5.888~1-d619]:main():lattice-best-path.cc:99) For utterance nsc-part2-chn0-spk09933109inm-031090173, best cost 82.9383 + -395.278 = -312.34 over 191 frames.
LOG (lattice-best-path[5.5.888~1-d619]:main():lattice-best-path.cc:99) For utterance nsc-part2-chn0-spk09933109inm-031090185, best cost 77.78 + -398.206 = -320.426 over 197 frames.
LOG (lattice-best-path[5.5.888~1-d619]:main():lattice-best-path.cc:99) For utterance nsc-part2-chn0-spk09933109inm-031090242, best cost 52.6217 + -299.963 = -247.341 over 154 frames.
LOG (lattice-best-path[5.5.888~1-d619]:main():lattice-best-path.cc:99) For utterance nsc-part2-chn0-spk09933109inm-031090273, best cost 85.3978 + -293.996 = -208.598 over 124 frames.
LOG (lattice-best-path[5.5.888~1-d619]:main():lattice-best-path.cc:99) For utterance nsc-part2-chn0-spk09933109inm-031090302, best cost 55.8776 + -377.906 = -322.029 over 201 frames.
LOG (lattice-best-path[5.5.888~1-d619]:main():lattice-best-path.cc:99) For utterance nsc-part2-chn0-spk09933109inm-031090313, best cost 86.6792 + -435.729 = -349.049 over 208 frames.
LOG (lattice-best-path[5.5.888~1-d619]:main():lattice-best-path.cc:99) For utterance nsc-part2-chn0-spk09933109inm-031091505, best cost 82.7527 + -303.116 = -220.363 over 151 frames.
LOG (lattice-best-path[5.5.888~1-d619]:main():lattice-best-path.cc:99) For utterance nsc-part2-chn0-spk09933109inm-031091535, best cost 100.442 + -430.678 = -330.236 over 223 frames.
LOG (lattice-best-path[5.5.888~1-d619]:main():lattice-best-path.cc:99) For utterance nsc-part2-chn0-spk09933109inm-031091584, best cost 86.4728 + -449.207 = -362.734 over 225 frames.
LOG (lattice-best-path[5.5.888~1-d619]:main():lattice-best-path.cc:99) For utterance nsc-part2-chn0-spk09933109inm-031091624, best cost 126.606 + -582.738 = -456.132 over 286 frames.
LOG (lattice-best-path[5.5.888~1-d619]:main():lattice-best-path.cc:99) For utterance nsc-part2-chn0-spk09933109inm-031091882, best cost 88.001 + -463.207 = -375.206 over 229 frames.
LOG (lattice-best-path[5.5.888~1-d619]:main():lattice-best-path.cc:99) For utterance nsc-part2-chn0-spk09943084maf-030840045, best cost 75.1224 + -285.94 = -210.818 over 121 frames.
LOG (lattice-best-path[5.5.888~1-d619]:main():lattice-best-path.cc:99) For utterance nsc-part2-chn0-spk09943084maf-030840080, best cost 71.4177 + -317.436 = -246.019 over 151 frames.
LOG (lattice-best-path[5.5.888~1-d619]:main():lattice-best-path.cc:99) For utterance nsc-part2-chn0-spk09943084maf-030840123, best cost 82.546 + -390.315 = -307.769 over 180 frames.
LOG (lattice-best-path[5.5.888~1-d619]:main():lattice-best-path.cc:99) For utterance nsc-part2-chn0-spk09943084maf-030840175, best cost 87.4845 + -288.571 = -201.086 over 131 frames.
LOG (lattice-best-path[5.5.888~1-d619]:main():lattice-best-path.cc:99) For utterance nsc-part2-chn0-spk09943084maf-030840299, best cost 87.1842 + -359.026 = -271.842 over 158 frames.
LOG (lattice-best-path[5.5.888~1-d619]:main():lattice-best-path.cc:99) For utterance nsc-part2-chn0-spk09943084maf-030840313, best cost 52.6891 + -335.546 = -282.856 over 155 frames.
LOG (lattice-best-path[5.5.888~1-d619]:main():lattice-best-path.cc:99) For utterance nsc-part2-chn0-spk09943084maf-030840384, best cost 81.4782 + -432.242 = -350.764 over 197 frames.
LOG (lattice-best-path[5.5.888~1-d619]:main():lattice-best-path.cc:99) For utterance nsc-part2-chn0-spk09943084maf-030840415, best cost 104.964 + -436.708 = -331.744 over 180 frames.
LOG (lattice-best-path[5.5.888~1-d619]:main():lattice-best-path.cc:99) For utterance nsc-part2-chn0-spk09943084maf-030840433, best cost 144.686 + -577.935 = -433.249 over 263 frames.
LOG (lattice-best-path[5.5.888~1-d619]:main():lattice-best-path.cc:99) For utterance nsc-part2-chn0-spk09943084maf-030841584, best cost 87.2121 + -489.391 = -402.179 over 222 frames.
LOG (lattice-best-path[5.5.888~1-d619]:main():lattice-best-path.cc:99) For utterance nsc-part2-chn0-spk09943084maf-030841624, best cost 113.91 + -442.646 = -328.736 over 221 frames.
LOG (lattice-best-path[5.5.888~1-d619]:main():lattice-best-path.cc:99) For utterance nsc-part2-chn0-spk09943084maf-030841650, best cost 62.0241 + -238.944 = -176.92 over 106 frames.
LOG (lattice-best-path[5.5.888~1-d619]:main():lattice-best-path.cc:99) For utterance nsc-part2-chn0-spk09943084maf-030841794, best cost 69.1067 + -274.581 = -205.474 over 125 frames.
LOG (lattice-best-path[5.5.888~1-d619]:main():lattice-best-path.cc:99) For utterance nsc-part2-chn0-spk09943084maf-030841871, best cost 78.7176 + -313.066 = -234.348 over 148 frames.
LOG (lattice-depth-per-frame[5.5.888~1-d619]:main():lattice-depth-per-frame.cc:82) Done 114 lattices.
LOG (lattice-best-path[5.5.888~1-d619]:main():lattice-best-path.cc:124) Overall cost per frame is -1.60776 = 0.50257 [graph] + -2.11033 [acoustic] over 18080 frames.
LOG (lattice-best-path[5.5.888~1-d619]:main():lattice-best-path.cc:128) Done 114 lattices, failed for 0
# Ended (code 0) at Wed Aug 25 19:08:32 +08 2021, elapsed time 13 seconds
