# lattice-depth-per-frame "ark:gunzip -c /home3/ztkyaw/w2021/deliverables/contrast-zin-dev/baseline/tdnnf-transfer-sp/decode_imda-part2_1629889191-hw_lmg/lat.1.gz|" "ark,t:|gzip -c > /home3/ztkyaw/w2021/deliverables/contrast-zin-dev/baseline/tdnnf-transfer-sp/decode_imda-part2_1629889191-hw_lmg/depth_tmp.1.gz" ark:- | lattice-best-path --acoustic-scale=0.1 ark:- ark:/dev/null "ark,t:|gzip -c >/home3/ztkyaw/w2021/deliverables/contrast-zin-dev/baseline/tdnnf-transfer-sp/decode_imda-part2_1629889191-hw_lmg/ali_tmp.1.gz" 
# Invoked at Wed Aug 25 19:08:19 +08 2021 from node02
#
# Started at Wed Aug 25 19:08:31 SGT 2021 on node03
lattice-best-path --acoustic-scale=0.1 ark:- ark:/dev/null 'ark,t:|gzip -c >/home3/ztkyaw/w2021/deliverables/contrast-zin-dev/baseline/tdnnf-transfer-sp/decode_imda-part2_1629889191-hw_lmg/ali_tmp.1.gz' 
lattice-depth-per-frame 'ark:gunzip -c /home3/ztkyaw/w2021/deliverables/contrast-zin-dev/baseline/tdnnf-transfer-sp/decode_imda-part2_1629889191-hw_lmg/lat.1.gz|' 'ark,t:|gzip -c > /home3/ztkyaw/w2021/deliverables/contrast-zin-dev/baseline/tdnnf-transfer-sp/decode_imda-part2_1629889191-hw_lmg/depth_tmp.1.gz' ark:- 
LOG (lattice-best-path[5.5.888~1-d619]:main():lattice-best-path.cc:99) For utterance nsc-part2-chn0-spk00002671maf-026710134, best cost 73.3329 + -278.725 = -205.392 over 145 frames.
LOG (lattice-best-path[5.5.888~1-d619]:main():lattice-best-path.cc:99) For utterance nsc-part2-chn0-spk00002671maf-026710136, best cost 65.198 + -298.039 = -232.841 over 151 frames.
LOG (lattice-best-path[5.5.888~1-d619]:main():lattice-best-path.cc:99) For utterance nsc-part2-chn0-spk00002671maf-026710176, best cost 101.19 + -389.832 = -288.642 over 194 frames.
LOG (lattice-best-path[5.5.888~1-d619]:main():lattice-best-path.cc:99) For utterance nsc-part2-chn0-spk00002671maf-026710252, best cost 60.8111 + -244.387 = -183.576 over 111 frames.
LOG (lattice-best-path[5.5.888~1-d619]:main():lattice-best-path.cc:99) For utterance nsc-part2-chn0-spk00002671maf-026710325, best cost 64.3589 + -305.143 = -240.784 over 162 frames.
LOG (lattice-best-path[5.5.888~1-d619]:main():lattice-best-path.cc:99) For utterance nsc-part2-chn0-spk00002671maf-026710332, best cost 33.7745 + -171.722 = -137.948 over 89 frames.
LOG (lattice-best-path[5.5.888~1-d619]:main():lattice-best-path.cc:99) For utterance nsc-part2-chn0-spk00002671maf-026710410, best cost 110.006 + -444.39 = -334.384 over 200 frames.
LOG (lattice-best-path[5.5.888~1-d619]:main():lattice-best-path.cc:99) For utterance nsc-part2-chn0-spk00002671maf-026710436, best cost 72.4818 + -304.757 = -232.275 over 168 frames.
LOG (lattice-best-path[5.5.888~1-d619]:main():lattice-best-path.cc:99) For utterance nsc-part2-chn0-spk00002671maf-026711477, best cost 82.4727 + -274.881 = -192.408 over 136 frames.
LOG (lattice-best-path[5.5.888~1-d619]:main():lattice-best-path.cc:99) For utterance nsc-part2-chn0-spk00002671maf-026711690, best cost 52.3455 + -282.377 = -230.031 over 150 frames.
LOG (lattice-best-path[5.5.888~1-d619]:main():lattice-best-path.cc:99) For utterance nsc-part2-chn0-spk00002671maf-026711699, best cost 65.5531 + -316.254 = -250.701 over 169 frames.
LOG (lattice-best-path[5.5.888~1-d619]:main():lattice-best-path.cc:99) For utterance nsc-part2-chn0-spk00002671maf-026711756, best cost 101.569 + -405.728 = -304.159 over 209 frames.
LOG (lattice-best-path[5.5.888~1-d619]:main():lattice-best-path.cc:99) For utterance nsc-part2-chn0-spk00002671maf-026711770, best cost 109.088 + -395.485 = -286.397 over 219 frames.
LOG (lattice-best-path[5.5.888~1-d619]:main():lattice-best-path.cc:99) For utterance nsc-part2-chn0-spk00002671maf-026711823, best cost 80.5786 + -272.486 = -191.907 over 117 frames.
LOG (lattice-best-path[5.5.888~1-d619]:main():lattice-best-path.cc:99) For utterance nsc-part2-chn0-spk00002693cnf-026930115, best cost 57.2907 + -203.572 = -146.282 over 105 frames.
LOG (lattice-best-path[5.5.888~1-d619]:main():lattice-best-path.cc:99) For utterance nsc-part2-chn0-spk00002693cnf-026930144, best cost 51.9977 + -197.052 = -145.054 over 110 frames.
LOG (lattice-best-path[5.5.888~1-d619]:main():lattice-best-path.cc:99) For utterance nsc-part2-chn0-spk00002693cnf-026930162, best cost 55.8795 + -338.045 = -282.166 over 201 frames.
LOG (lattice-best-path[5.5.888~1-d619]:main():lattice-best-path.cc:99) For utterance nsc-part2-chn0-spk00002693cnf-026930247, best cost 53.8704 + -322.941 = -269.071 over 172 frames.
LOG (lattice-best-path[5.5.888~1-d619]:main():lattice-best-path.cc:99) For utterance nsc-part2-chn0-spk00002693cnf-026930251, best cost 63.9884 + -318.59 = -254.602 over 177 frames.
LOG (lattice-best-path[5.5.888~1-d619]:main():lattice-best-path.cc:99) For utterance nsc-part2-chn0-spk00002693cnf-026930280, best cost 57.6642 + -224.402 = -166.738 over 133 frames.
LOG (lattice-best-path[5.5.888~1-d619]:main():lattice-best-path.cc:99) For utterance nsc-part2-chn0-spk00002693cnf-026930294, best cost 94.6916 + -348.786 = -254.095 over 174 frames.
LOG (lattice-best-path[5.5.888~1-d619]:main():lattice-best-path.cc:99) For utterance nsc-part2-chn0-spk00002693cnf-026930303, best cost 74.0275 + -275.636 = -201.609 over 132 frames.
LOG (lattice-best-path[5.5.888~1-d619]:main():lattice-best-path.cc:99) For utterance nsc-part2-chn0-spk00002693cnf-026930384, best cost 92.3594 + -340.292 = -247.933 over 182 frames.
LOG (lattice-best-path[5.5.888~1-d619]:main():lattice-best-path.cc:99) For utterance nsc-part2-chn0-spk00002693cnf-026930418, best cost 88.4678 + -353.156 = -264.689 over 184 frames.
LOG (lattice-best-path[5.5.888~1-d619]:main():lattice-best-path.cc:99) For utterance nsc-part2-chn0-spk00002693cnf-026931472, best cost 44.7889 + -241.144 = -196.355 over 145 frames.
LOG (lattice-best-path[5.5.888~1-d619]:main():lattice-best-path.cc:99) For utterance nsc-part2-chn0-spk00002693cnf-026931522, best cost 21.8053 + -116.365 = -94.5595 over 64 frames.
LOG (lattice-best-path[5.5.888~1-d619]:main():lattice-best-path.cc:99) For utterance nsc-part2-chn0-spk00002693cnf-026931547, best cost 51.8612 + -272.915 = -221.054 over 143 frames.
LOG (lattice-best-path[5.5.888~1-d619]:main():lattice-best-path.cc:99) For utterance nsc-part2-chn0-spk00002693cnf-026931548, best cost 67.8542 + -228.304 = -160.45 over 107 frames.
LOG (lattice-best-path[5.5.888~1-d619]:main():lattice-best-path.cc:99) For utterance nsc-part2-chn0-spk00002693cnf-026931555, best cost 87.0207 + -287.246 = -200.225 over 129 frames.
LOG (lattice-best-path[5.5.888~1-d619]:main():lattice-best-path.cc:99) For utterance nsc-part2-chn0-spk00002693cnf-026931680, best cost 100.795 + -291.394 = -190.599 over 137 frames.
LOG (lattice-best-path[5.5.888~1-d619]:main():lattice-best-path.cc:99) For utterance nsc-part2-chn0-spk02542604cnf-026040026, best cost 55.0458 + -340.402 = -285.356 over 189 frames.
LOG (lattice-best-path[5.5.888~1-d619]:main():lattice-best-path.cc:99) For utterance nsc-part2-chn0-spk02542604cnf-026040118, best cost 75.0451 + -376.386 = -301.341 over 177 frames.
LOG (lattice-best-path[5.5.888~1-d619]:main():lattice-best-path.cc:99) For utterance nsc-part2-chn0-spk02542604cnf-026040173, best cost 61.9546 + -332.234 = -270.279 over 162 frames.
LOG (lattice-best-path[5.5.888~1-d619]:main():lattice-best-path.cc:99) For utterance nsc-part2-chn0-spk02542604cnf-026040199, best cost 78.0554 + -363.452 = -285.396 over 149 frames.
LOG (lattice-best-path[5.5.888~1-d619]:main():lattice-best-path.cc:99) For utterance nsc-part2-chn0-spk02542604cnf-026040204, best cost 61.5115 + -207.208 = -145.697 over 103 frames.
LOG (lattice-best-path[5.5.888~1-d619]:main():lattice-best-path.cc:99) For utterance nsc-part2-chn0-spk02542604cnf-026040247, best cost 56.0191 + -380.501 = -324.481 over 203 frames.
LOG (lattice-best-path[5.5.888~1-d619]:main():lattice-best-path.cc:99) For utterance nsc-part2-chn0-spk02542604cnf-026040433, best cost 80.981 + -341.844 = -260.863 over 158 frames.
LOG (lattice-best-path[5.5.888~1-d619]:main():lattice-best-path.cc:99) For utterance nsc-part2-chn0-spk02542604cnf-026041535, best cost 64.5231 + -426.081 = -361.558 over 199 frames.
LOG (lattice-best-path[5.5.888~1-d619]:main():lattice-best-path.cc:99) For utterance nsc-part2-chn0-spk02542604cnf-026041634, best cost 91.3488 + -297.398 = -206.049 over 130 frames.
LOG (lattice-best-path[5.5.888~1-d619]:main():lattice-best-path.cc:99) For utterance nsc-part2-chn0-spk02542604cnf-026041684, best cost 89.1757 + -316.275 = -227.099 over 142 frames.
LOG (lattice-best-path[5.5.888~1-d619]:main():lattice-best-path.cc:99) For utterance nsc-part2-chn0-spk02542604cnf-026041706, best cost 81.8262 + -292.412 = -210.586 over 136 frames.
LOG (lattice-best-path[5.5.888~1-d619]:main():lattice-best-path.cc:99) For utterance nsc-part2-chn0-spk02542604cnf-026041760, best cost 96.3868 + -472.417 = -376.031 over 225 frames.
LOG (lattice-best-path[5.5.888~1-d619]:main():lattice-best-path.cc:99) For utterance nsc-part2-chn0-spk02542604cnf-026041799, best cost 71.6901 + -296.642 = -224.952 over 153 frames.
LOG (lattice-best-path[5.5.888~1-d619]:main():lattice-best-path.cc:99) For utterance nsc-part2-chn0-spk02542604cnf-026041804, best cost 71.7879 + -300.601 = -228.813 over 147 frames.
LOG (lattice-best-path[5.5.888~1-d619]:main():lattice-best-path.cc:99) For utterance nsc-part2-chn0-spk02542604cnf-026041848, best cost 79.5158 + -286.141 = -206.625 over 132 frames.
LOG (lattice-best-path[5.5.888~1-d619]:main():lattice-best-path.cc:99) For utterance nsc-part2-chn0-spk02632625cnf-026250175, best cost 100.456 + -375.004 = -274.548 over 181 frames.
LOG (lattice-best-path[5.5.888~1-d619]:main():lattice-best-path.cc:99) For utterance nsc-part2-chn0-spk02632625cnf-026250182, best cost 67.8614 + -282.745 = -214.884 over 136 frames.
LOG (lattice-best-path[5.5.888~1-d619]:main():lattice-best-path.cc:99) For utterance nsc-part2-chn0-spk02632625cnf-026250201, best cost 93.6176 + -342.34 = -248.722 over 167 frames.
LOG (lattice-best-path[5.5.888~1-d619]:main():lattice-best-path.cc:99) For utterance nsc-part2-chn0-spk02632625cnf-026250232, best cost 84.7921 + -343.637 = -258.845 over 178 frames.
LOG (lattice-best-path[5.5.888~1-d619]:main():lattice-best-path.cc:99) For utterance nsc-part2-chn0-spk02632625cnf-026250242, best cost 107.866 + -560.695 = -452.829 over 261 frames.
LOG (lattice-best-path[5.5.888~1-d619]:main():lattice-best-path.cc:99) For utterance nsc-part2-chn0-spk02632625cnf-026250298, best cost 89.6991 + -310.63 = -220.931 over 146 frames.
LOG (lattice-best-path[5.5.888~1-d619]:main():lattice-best-path.cc:99) For utterance nsc-part2-chn0-spk02632625cnf-026250308, best cost 86.3515 + -467.108 = -380.756 over 235 frames.
LOG (lattice-best-path[5.5.888~1-d619]:main():lattice-best-path.cc:99) For utterance nsc-part2-chn0-spk02632625cnf-026250312, best cost 72.0677 + -362.404 = -290.336 over 169 frames.
LOG (lattice-best-path[5.5.888~1-d619]:main():lattice-best-path.cc:99) For utterance nsc-part2-chn0-spk02632625cnf-026250415, best cost 74.3233 + -349.56 = -275.237 over 180 frames.
LOG (lattice-best-path[5.5.888~1-d619]:main():lattice-best-path.cc:99) For utterance nsc-part2-chn0-spk02632625cnf-026250433, best cost 93.2714 + -484.444 = -391.173 over 233 frames.
LOG (lattice-best-path[5.5.888~1-d619]:main():lattice-best-path.cc:99) For utterance nsc-part2-chn0-spk02632625cnf-026250441, best cost 113.883 + -462.947 = -349.065 over 198 frames.
LOG (lattice-best-path[5.5.888~1-d619]:main():lattice-best-path.cc:99) For utterance nsc-part2-chn0-spk02632625cnf-026251511, best cost 114.45 + -457.452 = -343.002 over 216 frames.
LOG (lattice-best-path[5.5.888~1-d619]:main():lattice-best-path.cc:99) For utterance nsc-part2-chn0-spk02632625cnf-026251548, best cost 78.3531 + -331.403 = -253.05 over 157 frames.
LOG (lattice-best-path[5.5.888~1-d619]:main():lattice-best-path.cc:99) For utterance nsc-part2-chn0-spk02632625cnf-026251607, best cost 39.7371 + -185.437 = -145.7 over 100 frames.
LOG (lattice-best-path[5.5.888~1-d619]:main():lattice-best-path.cc:99) For utterance nsc-part2-chn0-spk02632625cnf-026251623, best cost 109.844 + -441.411 = -331.567 over 214 frames.
LOG (lattice-best-path[5.5.888~1-d619]:main():lattice-best-path.cc:99) For utterance nsc-part2-chn0-spk02632625cnf-026251690, best cost 86.6267 + -477.928 = -391.302 over 243 frames.
LOG (lattice-best-path[5.5.888~1-d619]:main():lattice-best-path.cc:99) For utterance nsc-part2-chn0-spk02632625cnf-026251699, best cost 70.2246 + -364.248 = -294.023 over 185 frames.
LOG (lattice-best-path[5.5.888~1-d619]:main():lattice-best-path.cc:99) For utterance nsc-part2-chn0-spk02632625cnf-026251740, best cost 120.274 + -374.407 = -254.134 over 175 frames.
LOG (lattice-best-path[5.5.888~1-d619]:main():lattice-best-path.cc:99) For utterance nsc-part2-chn0-spk02632625cnf-026251881, best cost 87.3985 + -451.465 = -364.067 over 226 frames.
LOG (lattice-best-path[5.5.888~1-d619]:main():lattice-best-path.cc:99) For utterance nsc-part2-chn0-spk02632625cnf-026251893, best cost 70.6278 + -369.028 = -298.4 over 190 frames.
LOG (lattice-best-path[5.5.888~1-d619]:main():lattice-best-path.cc:99) For utterance nsc-part2-chn0-spk02652627cnm-026270006, best cost 41.0996 + -192.047 = -150.947 over 94 frames.
LOG (lattice-best-path[5.5.888~1-d619]:main():lattice-best-path.cc:99) For utterance nsc-part2-chn0-spk02652627cnm-026270049, best cost 91.7695 + -475.191 = -383.421 over 231 frames.
LOG (lattice-best-path[5.5.888~1-d619]:main():lattice-best-path.cc:99) For utterance nsc-part2-chn0-spk02652627cnm-026270087, best cost 46.6594 + -300.996 = -254.336 over 172 frames.
LOG (lattice-best-path[5.5.888~1-d619]:main():lattice-best-path.cc:99) For utterance nsc-part2-chn0-spk02652627cnm-026270136, best cost 58.6274 + -387.25 = -328.622 over 208 frames.
LOG (lattice-best-path[5.5.888~1-d619]:main():lattice-best-path.cc:99) For utterance nsc-part2-chn0-spk02652627cnm-026270150, best cost 105.211 + -369.351 = -264.139 over 170 frames.
LOG (lattice-best-path[5.5.888~1-d619]:main():lattice-best-path.cc:99) For utterance nsc-part2-chn0-spk02652627cnm-026270162, best cost 55.4283 + -312.407 = -256.979 over 156 frames.
LOG (lattice-best-path[5.5.888~1-d619]:main():lattice-best-path.cc:99) For utterance nsc-part2-chn0-spk02652627cnm-026270176, best cost 112.911 + -514.734 = -401.823 over 280 frames.
LOG (lattice-best-path[5.5.888~1-d619]:main():lattice-best-path.cc:99) For utterance nsc-part2-chn0-spk02652627cnm-026270258, best cost 121.454 + -470.129 = -348.675 over 235 frames.
LOG (lattice-best-path[5.5.888~1-d619]:main():lattice-best-path.cc:99) For utterance nsc-part2-chn0-spk02652627cnm-026270299, best cost 85.4078 + -407.517 = -322.109 over 203 frames.
LOG (lattice-best-path[5.5.888~1-d619]:main():lattice-best-path.cc:99) For utterance nsc-part2-chn0-spk02652627cnm-026270351, best cost 72.7794 + -251.233 = -178.454 over 132 frames.
LOG (lattice-best-path[5.5.888~1-d619]:main():lattice-best-path.cc:99) For utterance nsc-part2-chn0-spk02652627cnm-026270436, best cost 93.0893 + -304.467 = -211.377 over 165 frames.
LOG (lattice-best-path[5.5.888~1-d619]:main():lattice-best-path.cc:99) For utterance nsc-part2-chn0-spk02652627cnm-026271566, best cost 107.008 + -335.79 = -228.782 over 161 frames.
LOG (lattice-best-path[5.5.888~1-d619]:main():lattice-best-path.cc:99) For utterance nsc-part2-chn0-spk02652627cnm-026271679, best cost 82.9862 + -370.338 = -287.352 over 188 frames.
LOG (lattice-best-path[5.5.888~1-d619]:main():lattice-best-path.cc:99) For utterance nsc-part2-chn0-spk02652627cnm-026271695, best cost 94.2459 + -441.88 = -347.634 over 238 frames.
LOG (lattice-best-path[5.5.888~1-d619]:main():lattice-best-path.cc:99) For utterance nsc-part2-chn0-spk02652627cnm-026271699, best cost 77.9972 + -415.947 = -337.949 over 226 frames.
LOG (lattice-best-path[5.5.888~1-d619]:main():lattice-best-path.cc:99) For utterance nsc-part2-chn0-spk02912641mam-026410073, best cost 38.3582 + -229.713 = -191.355 over 149 frames.
LOG (lattice-best-path[5.5.888~1-d619]:main():lattice-best-path.cc:99) For utterance nsc-part2-chn0-spk02912641mam-026410087, best cost 55.2576 + -353.619 = -298.361 over 192 frames.
LOG (lattice-best-path[5.5.888~1-d619]:main():lattice-best-path.cc:99) For utterance nsc-part2-chn0-spk02912641mam-026410123, best cost 55.6433 + -296.68 = -241.037 over 150 frames.
LOG (lattice-best-path[5.5.888~1-d619]:main():lattice-best-path.cc:99) For utterance nsc-part2-chn0-spk02912641mam-026410150, best cost 126.909 + -449.593 = -322.684 over 231 frames.
LOG (lattice-best-path[5.5.888~1-d619]:main():lattice-best-path.cc:99) For utterance nsc-part2-chn0-spk02912641mam-026410227, best cost 60.4341 + -293.131 = -232.697 over 158 frames.
LOG (lattice-best-path[5.5.888~1-d619]:main():lattice-best-path.cc:99) For utterance nsc-part2-chn0-spk02912641mam-026410308, best cost 89.3363 + -446.044 = -356.708 over 259 frames.
LOG (lattice-best-path[5.5.888~1-d619]:main():lattice-best-path.cc:99) For utterance nsc-part2-chn0-spk02912641mam-026410326, best cost 60.4401 + -215.786 = -155.346 over 109 frames.
LOG (lattice-best-path[5.5.888~1-d619]:main():lattice-best-path.cc:99) For utterance nsc-part2-chn0-spk02912641mam-026410337, best cost 42.7659 + -190.644 = -147.878 over 126 frames.
LOG (lattice-best-path[5.5.888~1-d619]:main():lattice-best-path.cc:99) For utterance nsc-part2-chn0-spk02912641mam-026410356, best cost 52.5514 + -261.859 = -209.307 over 153 frames.
LOG (lattice-best-path[5.5.888~1-d619]:main():lattice-best-path.cc:99) For utterance nsc-part2-chn0-spk02912641mam-026410411, best cost 71.988 + -344.187 = -272.199 over 196 frames.
LOG (lattice-best-path[5.5.888~1-d619]:main():lattice-best-path.cc:99) For utterance nsc-part2-chn0-spk02912641mam-026410423, best cost 99.1643 + -324.698 = -225.533 over 171 frames.
LOG (lattice-best-path[5.5.888~1-d619]:main():lattice-best-path.cc:99) For utterance nsc-part2-chn0-spk02912641mam-026411540, best cost 64.4134 + -224.386 = -159.972 over 125 frames.
LOG (lattice-best-path[5.5.888~1-d619]:main():lattice-best-path.cc:99) For utterance nsc-part2-chn0-spk02912641mam-026411578, best cost 73.5997 + -246.096 = -172.497 over 134 frames.
LOG (lattice-best-path[5.5.888~1-d619]:main():lattice-best-path.cc:99) For utterance nsc-part2-chn0-spk02912641mam-026411600, best cost 57.3147 + -214.959 = -157.644 over 127 frames.
LOG (lattice-best-path[5.5.888~1-d619]:main():lattice-best-path.cc:99) For utterance nsc-part2-chn0-spk02912641mam-026411750, best cost 68.1293 + -341.526 = -273.396 over 212 frames.
LOG (lattice-best-path[5.5.888~1-d619]:main():lattice-best-path.cc:99) For utterance nsc-part2-chn0-spk02932612cnm-026120173, best cost 75.6109 + -363.126 = -287.516 over 206 frames.
LOG (lattice-best-path[5.5.888~1-d619]:main():lattice-best-path.cc:99) For utterance nsc-part2-chn0-spk02932612cnm-026120232, best cost 89.6834 + -279.508 = -189.825 over 149 frames.
LOG (lattice-best-path[5.5.888~1-d619]:main():lattice-best-path.cc:99) For utterance nsc-part2-chn0-spk02932612cnm-026120415, best cost 66.9617 + -280.48 = -213.518 over 146 frames.
LOG (lattice-best-path[5.5.888~1-d619]:main():lattice-best-path.cc:99) For utterance nsc-part2-chn0-spk02932612cnm-026120426, best cost 84.91 + -261.499 = -176.589 over 146 frames.
LOG (lattice-best-path[5.5.888~1-d619]:main():lattice-best-path.cc:99) For utterance nsc-part2-chn0-spk02932612cnm-026120433, best cost 71.9062 + -243.886 = -171.98 over 138 frames.
LOG (lattice-best-path[5.5.888~1-d619]:main():lattice-best-path.cc:99) For utterance nsc-part2-chn0-spk02932612cnm-026121459, best cost 25.2704 + -143.637 = -118.367 over 99 frames.
LOG (lattice-best-path[5.5.888~1-d619]:main():lattice-best-path.cc:99) For utterance nsc-part2-chn0-spk02932612cnm-026121493, best cost 72.7211 + -232.007 = -159.286 over 120 frames.
LOG (lattice-best-path[5.5.888~1-d619]:main():lattice-best-path.cc:99) For utterance nsc-part2-chn0-spk02932612cnm-026121528, best cost 80.0967 + -329.788 = -249.691 over 185 frames.
LOG (lattice-best-path[5.5.888~1-d619]:main():lattice-best-path.cc:99) For utterance nsc-part2-chn0-spk02932612cnm-026121610, best cost 96.6514 + -361.505 = -264.854 over 182 frames.
LOG (lattice-best-path[5.5.888~1-d619]:main():lattice-best-path.cc:99) For utterance nsc-part2-chn0-spk02932612cnm-026121621, best cost 67.3369 + -255.072 = -187.735 over 141 frames.
LOG (lattice-best-path[5.5.888~1-d619]:main():lattice-best-path.cc:99) For utterance nsc-part2-chn0-spk02932612cnm-026121624, best cost 52.0682 + -264.165 = -212.097 over 146 frames.
LOG (lattice-best-path[5.5.888~1-d619]:main():lattice-best-path.cc:99) For utterance nsc-part2-chn0-spk02932612cnm-026121676, best cost 40.2507 + -182.566 = -142.316 over 106 frames.
LOG (lattice-best-path[5.5.888~1-d619]:main():lattice-best-path.cc:99) For utterance nsc-part2-chn0-spk02932612cnm-026121800, best cost 65.8836 + -221.205 = -155.321 over 101 frames.
LOG (lattice-best-path[5.5.888~1-d619]:main():lattice-best-path.cc:99) For utterance nsc-part2-chn0-spk02932612cnm-026121866, best cost 95.2333 + -391.63 = -296.397 over 190 frames.
LOG (lattice-best-path[5.5.888~1-d619]:main():lattice-best-path.cc:99) For utterance nsc-part2-chn0-spk03072656cnf-026560242, best cost 72.8742 + -343.644 = -270.77 over 175 frames.
LOG (lattice-best-path[5.5.888~1-d619]:main():lattice-best-path.cc:99) For utterance nsc-part2-chn0-spk03072656cnf-026560294, best cost 79.0689 + -406.659 = -327.59 over 203 frames.
LOG (lattice-best-path[5.5.888~1-d619]:main():lattice-best-path.cc:99) For utterance nsc-part2-chn0-spk03072656cnf-026560313, best cost 72.2289 + -335.48 = -263.251 over 167 frames.
LOG (lattice-best-path[5.5.888~1-d619]:main():lattice-best-path.cc:99) For utterance nsc-part2-chn0-spk03072656cnf-026560400, best cost 85.4751 + -252.382 = -166.907 over 117 frames.
LOG (lattice-best-path[5.5.888~1-d619]:main():lattice-best-path.cc:99) For utterance nsc-part2-chn0-spk03072656cnf-026560411, best cost 63.3867 + -357.626 = -294.239 over 184 frames.
LOG (lattice-best-path[5.5.888~1-d619]:main():lattice-best-path.cc:99) For utterance nsc-part2-chn0-spk03072656cnf-026560415, best cost 82.6022 + -407.551 = -324.948 over 201 frames.
LOG (lattice-best-path[5.5.888~1-d619]:main():lattice-best-path.cc:99) For utterance nsc-part2-chn0-spk03072656cnf-026560436, best cost 84.845 + -400.721 = -315.876 over 172 frames.
LOG (lattice-best-path[5.5.888~1-d619]:main():lattice-best-path.cc:99) For utterance nsc-part2-chn0-spk03072656cnf-026561610, best cost 86.1157 + -436.689 = -350.574 over 208 frames.
LOG (lattice-best-path[5.5.888~1-d619]:main():lattice-best-path.cc:99) For utterance nsc-part2-chn0-spk03072656cnf-026561621, best cost 85.9611 + -376.01 = -290.049 over 176 frames.
LOG (lattice-best-path[5.5.888~1-d619]:main():lattice-best-path.cc:99) For utterance nsc-part2-chn0-spk03072656cnf-026561690, best cost 80.1806 + -303.974 = -223.793 over 141 frames.
LOG (lattice-best-path[5.5.888~1-d619]:main():lattice-best-path.cc:99) For utterance nsc-part2-chn0-spk03072656cnf-026561695, best cost 80.0952 + -453.432 = -373.336 over 210 frames.
LOG (lattice-best-path[5.5.888~1-d619]:main():lattice-best-path.cc:99) For utterance nsc-part2-chn0-spk03072656cnf-026561853, best cost 93.3228 + -352.32 = -258.997 over 158 frames.
LOG (lattice-best-path[5.5.888~1-d619]:main():lattice-best-path.cc:99) For utterance nsc-part2-chn0-spk03072656cnf-026561875, best cost 84.9819 + -432.977 = -347.995 over 210 frames.
LOG (lattice-best-path[5.5.888~1-d619]:main():lattice-best-path.cc:99) For utterance nsc-part2-chn0-spk03072656cnf-026561882, best cost 62.9508 + -280.807 = -217.857 over 155 frames.
LOG (lattice-depth-per-frame[5.5.888~1-d619]:main():lattice-depth-per-frame.cc:82) Done 123 lattices.
LOG (lattice-best-path[5.5.888~1-d619]:main():lattice-best-path.cc:124) Overall cost per frame is -1.51146 = 0.45527 [graph] + -1.96673 [acoustic] over 20593 frames.
LOG (lattice-best-path[5.5.888~1-d619]:main():lattice-best-path.cc:128) Done 123 lattices, failed for 0
# Ended (code 0) at Wed Aug 25 19:08:32 +08 2021, elapsed time 13 seconds
