# lattice-depth-per-frame "ark:gunzip -c /home3/ztkyaw/w2021/deliverables/contrast-zin-dev/baseline/tdnnf-transfer-sp/decode_imda-part2_1629889191-hw_lmg/lat.9.gz|" "ark,t:|gzip -c > /home3/ztkyaw/w2021/deliverables/contrast-zin-dev/baseline/tdnnf-transfer-sp/decode_imda-part2_1629889191-hw_lmg/depth_tmp.9.gz" ark:- | lattice-best-path --acoustic-scale=0.1 ark:- ark:/dev/null "ark,t:|gzip -c >/home3/ztkyaw/w2021/deliverables/contrast-zin-dev/baseline/tdnnf-transfer-sp/decode_imda-part2_1629889191-hw_lmg/ali_tmp.9.gz" 
# Invoked at Wed Aug 25 19:08:19 +08 2021 from node02
#
# Started at Wed Aug 25 19:08:32 +08 2021 on node01
lattice-best-path --acoustic-scale=0.1 ark:- ark:/dev/null 'ark,t:|gzip -c >/home3/ztkyaw/w2021/deliverables/contrast-zin-dev/baseline/tdnnf-transfer-sp/decode_imda-part2_1629889191-hw_lmg/ali_tmp.9.gz' 
lattice-depth-per-frame 'ark:gunzip -c /home3/ztkyaw/w2021/deliverables/contrast-zin-dev/baseline/tdnnf-transfer-sp/decode_imda-part2_1629889191-hw_lmg/lat.9.gz|' 'ark,t:|gzip -c > /home3/ztkyaw/w2021/deliverables/contrast-zin-dev/baseline/tdnnf-transfer-sp/decode_imda-part2_1629889191-hw_lmg/depth_tmp.9.gz' ark:- 
LOG (lattice-best-path[5.5.888~1-d619]:main():lattice-best-path.cc:99) For utterance nsc-part2-chn0-spk10183106cnm-031060071, best cost 76.3931 + -286.313 = -209.92 over 113 frames.
LOG (lattice-best-path[5.5.888~1-d619]:main():lattice-best-path.cc:99) For utterance nsc-part2-chn0-spk10183106cnm-031060099, best cost 109.813 + -380.074 = -270.26 over 183 frames.
LOG (lattice-best-path[5.5.888~1-d619]:main():lattice-best-path.cc:99) For utterance nsc-part2-chn0-spk10183106cnm-031060148, best cost 63.6833 + -210.529 = -146.846 over 106 frames.
LOG (lattice-best-path[5.5.888~1-d619]:main():lattice-best-path.cc:99) For utterance nsc-part2-chn0-spk10183106cnm-031060164, best cost 66.9411 + -223.31 = -156.369 over 107 frames.
LOG (lattice-best-path[5.5.888~1-d619]:main():lattice-best-path.cc:99) For utterance nsc-part2-chn0-spk10183106cnm-031060220, best cost 70.1844 + -287.319 = -217.134 over 145 frames.
LOG (lattice-best-path[5.5.888~1-d619]:main():lattice-best-path.cc:99) For utterance nsc-part2-chn0-spk10183106cnm-031060258, best cost 98.9946 + -394.946 = -295.951 over 160 frames.
LOG (lattice-best-path[5.5.888~1-d619]:main():lattice-best-path.cc:99) For utterance nsc-part2-chn0-spk10183106cnm-031060268, best cost 92.6647 + -369.631 = -276.966 over 152 frames.
LOG (lattice-best-path[5.5.888~1-d619]:main():lattice-best-path.cc:99) For utterance nsc-part2-chn0-spk10183106cnm-031060299, best cost 51.2125 + -224.943 = -173.73 over 110 frames.
LOG (lattice-best-path[5.5.888~1-d619]:main():lattice-best-path.cc:99) For utterance nsc-part2-chn0-spk10183106cnm-031060308, best cost 95.043 + -389.265 = -294.222 over 183 frames.
LOG (lattice-best-path[5.5.888~1-d619]:main():lattice-best-path.cc:99) For utterance nsc-part2-chn0-spk10183106cnm-031060313, best cost 101.904 + -354.386 = -252.482 over 157 frames.
LOG (lattice-best-path[5.5.888~1-d619]:main():lattice-best-path.cc:99) For utterance nsc-part2-chn0-spk10183106cnm-031060411, best cost 93.8155 + -378.91 = -285.095 over 182 frames.
LOG (lattice-best-path[5.5.888~1-d619]:main():lattice-best-path.cc:99) For utterance nsc-part2-chn0-spk10183106cnm-031061528, best cost 52.7594 + -296.145 = -243.385 over 156 frames.
LOG (lattice-best-path[5.5.888~1-d619]:main():lattice-best-path.cc:99) For utterance nsc-part2-chn0-spk10183106cnm-031061582, best cost 71.9579 + -345.923 = -273.965 over 141 frames.
LOG (lattice-best-path[5.5.888~1-d619]:main():lattice-best-path.cc:99) For utterance nsc-part2-chn0-spk10183106cnm-031061584, best cost 70.9027 + -270.107 = -199.204 over 122 frames.
LOG (lattice-best-path[5.5.888~1-d619]:main():lattice-best-path.cc:99) For utterance nsc-part2-chn0-spk10183106cnm-031061716, best cost 71.198 + -316.315 = -245.117 over 149 frames.
LOG (lattice-best-path[5.5.888~1-d619]:main():lattice-best-path.cc:99) For utterance nsc-part2-chn0-spk10183106cnm-031061742, best cost 97.8237 + -365.906 = -268.083 over 163 frames.
LOG (lattice-best-path[5.5.888~1-d619]:main():lattice-best-path.cc:99) For utterance nsc-part2-chn0-spk10183106cnm-031061775, best cost 74.1703 + -350.95 = -276.78 over 168 frames.
LOG (lattice-best-path[5.5.888~1-d619]:main():lattice-best-path.cc:99) For utterance nsc-part2-chn0-spk10183106cnm-031061882, best cost 126.315 + -515.803 = -389.488 over 237 frames.
LOG (lattice-best-path[5.5.888~1-d619]:main():lattice-best-path.cc:99) For utterance nsc-part2-chn0-spk10213110inm-031100057, best cost 81.3434 + -338.069 = -256.725 over 157 frames.
LOG (lattice-best-path[5.5.888~1-d619]:main():lattice-best-path.cc:99) For utterance nsc-part2-chn0-spk10213110inm-031100085, best cost 45.0803 + -183.047 = -137.967 over 81 frames.
LOG (lattice-best-path[5.5.888~1-d619]:main():lattice-best-path.cc:99) For utterance nsc-part2-chn0-spk10213110inm-031100102, best cost 89.2527 + -350.484 = -261.232 over 150 frames.
LOG (lattice-best-path[5.5.888~1-d619]:main():lattice-best-path.cc:99) For utterance nsc-part2-chn0-spk10213110inm-031100144, best cost 78.8953 + -404.948 = -326.053 over 196 frames.
LOG (lattice-best-path[5.5.888~1-d619]:main():lattice-best-path.cc:99) For utterance nsc-part2-chn0-spk10213110inm-031100149, best cost 70.4969 + -326.952 = -256.455 over 147 frames.
LOG (lattice-best-path[5.5.888~1-d619]:main():lattice-best-path.cc:99) For utterance nsc-part2-chn0-spk10213110inm-031100166, best cost 67.0193 + -259.09 = -192.071 over 103 frames.
LOG (lattice-best-path[5.5.888~1-d619]:main():lattice-best-path.cc:99) For utterance nsc-part2-chn0-spk10213110inm-031100170, best cost 54.5625 + -330.832 = -276.27 over 182 frames.
LOG (lattice-best-path[5.5.888~1-d619]:main():lattice-best-path.cc:99) For utterance nsc-part2-chn0-spk10213110inm-031100176, best cost 94.0261 + -425.797 = -331.771 over 197 frames.
LOG (lattice-best-path[5.5.888~1-d619]:main():lattice-best-path.cc:99) For utterance nsc-part2-chn0-spk10213110inm-031100187, best cost 119.646 + -426.783 = -307.137 over 204 frames.
LOG (lattice-best-path[5.5.888~1-d619]:main():lattice-best-path.cc:99) For utterance nsc-part2-chn0-spk10213110inm-031100197, best cost 65.7546 + -217.016 = -151.262 over 107 frames.
LOG (lattice-best-path[5.5.888~1-d619]:main():lattice-best-path.cc:99) For utterance nsc-part2-chn0-spk10213110inm-031100298, best cost 88.7717 + -307.486 = -218.715 over 127 frames.
LOG (lattice-best-path[5.5.888~1-d619]:main():lattice-best-path.cc:99) For utterance nsc-part2-chn0-spk10213110inm-031100312, best cost 62.7495 + -330.935 = -268.185 over 161 frames.
LOG (lattice-best-path[5.5.888~1-d619]:main():lattice-best-path.cc:99) For utterance nsc-part2-chn0-spk10213110inm-031100407, best cost 54.3965 + -181.34 = -126.944 over 93 frames.
LOG (lattice-best-path[5.5.888~1-d619]:main():lattice-best-path.cc:99) For utterance nsc-part2-chn0-spk10213110inm-031100418, best cost 84.0004 + -429.884 = -345.884 over 210 frames.
LOG (lattice-best-path[5.5.888~1-d619]:main():lattice-best-path.cc:99) For utterance nsc-part2-chn0-spk10213110inm-031100434, best cost 110.653 + -374.809 = -264.155 over 176 frames.
LOG (lattice-best-path[5.5.888~1-d619]:main():lattice-best-path.cc:99) For utterance nsc-part2-chn0-spk10213110inm-031101716, best cost 92.3975 + -386.461 = -294.064 over 184 frames.
LOG (lattice-best-path[5.5.888~1-d619]:main():lattice-best-path.cc:99) For utterance nsc-part2-chn0-spk10223111inf-031110123, best cost 74.6131 + -401.61 = -326.997 over 193 frames.
LOG (lattice-best-path[5.5.888~1-d619]:main():lattice-best-path.cc:99) For utterance nsc-part2-chn0-spk10223111inf-031110148, best cost 106.859 + -355.085 = -248.226 over 166 frames.
LOG (lattice-best-path[5.5.888~1-d619]:main():lattice-best-path.cc:99) For utterance nsc-part2-chn0-spk10223111inf-031110176, best cost 68.038 + -380.459 = -312.421 over 188 frames.
LOG (lattice-best-path[5.5.888~1-d619]:main():lattice-best-path.cc:99) For utterance nsc-part2-chn0-spk10223111inf-031110181, best cost 79.2985 + -333.37 = -254.072 over 155 frames.
LOG (lattice-best-path[5.5.888~1-d619]:main():lattice-best-path.cc:99) For utterance nsc-part2-chn0-spk10223111inf-031110201, best cost 59.5663 + -273.7 = -214.134 over 143 frames.
LOG (lattice-best-path[5.5.888~1-d619]:main():lattice-best-path.cc:99) For utterance nsc-part2-chn0-spk10223111inf-031110232, best cost 99.9428 + -409.586 = -309.643 over 209 frames.
LOG (lattice-best-path[5.5.888~1-d619]:main():lattice-best-path.cc:99) For utterance nsc-part2-chn0-spk10223111inf-031110247, best cost 128.811 + -541.777 = -412.966 over 258 frames.
LOG (lattice-best-path[5.5.888~1-d619]:main():lattice-best-path.cc:99) For utterance nsc-part2-chn0-spk10223111inf-031110302, best cost 86.2043 + -470.459 = -384.255 over 221 frames.
LOG (lattice-best-path[5.5.888~1-d619]:main():lattice-best-path.cc:99) For utterance nsc-part2-chn0-spk10223111inf-031110325, best cost 97.6798 + -474.304 = -376.625 over 223 frames.
LOG (lattice-best-path[5.5.888~1-d619]:main():lattice-best-path.cc:99) For utterance nsc-part2-chn0-spk10223111inf-031110442, best cost 82.4504 + -362.232 = -279.781 over 173 frames.
LOG (lattice-best-path[5.5.888~1-d619]:main():lattice-best-path.cc:99) For utterance nsc-part2-chn0-spk10223111inf-031111455, best cost 86.3389 + -293.896 = -207.557 over 137 frames.
LOG (lattice-best-path[5.5.888~1-d619]:main():lattice-best-path.cc:99) For utterance nsc-part2-chn0-spk10223111inf-031111505, best cost 88.9786 + -273.595 = -184.616 over 132 frames.
LOG (lattice-best-path[5.5.888~1-d619]:main():lattice-best-path.cc:99) For utterance nsc-part2-chn0-spk10223111inf-031111528, best cost 79.7828 + -459.853 = -380.07 over 249 frames.
LOG (lattice-best-path[5.5.888~1-d619]:main():lattice-best-path.cc:99) For utterance nsc-part2-chn0-spk10223111inf-031111547, best cost 87.0533 + -421.354 = -334.301 over 206 frames.
LOG (lattice-best-path[5.5.888~1-d619]:main():lattice-best-path.cc:99) For utterance nsc-part2-chn0-spk10223111inf-031111699, best cost 115.53 + -364.443 = -248.913 over 175 frames.
LOG (lattice-best-path[5.5.888~1-d619]:main():lattice-best-path.cc:99) For utterance nsc-part2-chn0-spk10223111inf-031111756, best cost 85.6715 + -404.677 = -319.006 over 203 frames.
LOG (lattice-best-path[5.5.888~1-d619]:main():lattice-best-path.cc:99) For utterance nsc-part2-chn0-spk10233112inf-031120007, best cost 91.8695 + -260.724 = -168.855 over 119 frames.
LOG (lattice-best-path[5.5.888~1-d619]:main():lattice-best-path.cc:99) For utterance nsc-part2-chn0-spk10233112inf-031120029, best cost 79.5794 + -293.384 = -213.805 over 126 frames.
LOG (lattice-best-path[5.5.888~1-d619]:main():lattice-best-path.cc:99) For utterance nsc-part2-chn0-spk10233112inf-031120057, best cost 70.6564 + -279.784 = -209.128 over 129 frames.
LOG (lattice-best-path[5.5.888~1-d619]:main():lattice-best-path.cc:99) For utterance nsc-part2-chn0-spk10233112inf-031120123, best cost 62.7511 + -350.212 = -287.461 over 177 frames.
LOG (lattice-best-path[5.5.888~1-d619]:main():lattice-best-path.cc:99) For utterance nsc-part2-chn0-spk10233112inf-031120134, best cost 72.9228 + -325.381 = -252.458 over 140 frames.
LOG (lattice-best-path[5.5.888~1-d619]:main():lattice-best-path.cc:99) For utterance nsc-part2-chn0-spk10233112inf-031120164, best cost 79.2093 + -345.276 = -266.066 over 170 frames.
LOG (lattice-best-path[5.5.888~1-d619]:main():lattice-best-path.cc:99) For utterance nsc-part2-chn0-spk10233112inf-031120186, best cost 143.408 + -463.08 = -319.672 over 200 frames.
LOG (lattice-best-path[5.5.888~1-d619]:main():lattice-best-path.cc:99) For utterance nsc-part2-chn0-spk10233112inf-031120212, best cost 69.6109 + -249.53 = -179.919 over 110 frames.
LOG (lattice-best-path[5.5.888~1-d619]:main():lattice-best-path.cc:99) For utterance nsc-part2-chn0-spk10233112inf-031120268, best cost 60.1566 + -254.768 = -194.612 over 121 frames.
LOG (lattice-best-path[5.5.888~1-d619]:main():lattice-best-path.cc:99) For utterance nsc-part2-chn0-spk10233112inf-031120427, best cost 73.8518 + -332.402 = -258.55 over 174 frames.
LOG (lattice-best-path[5.5.888~1-d619]:main():lattice-best-path.cc:99) For utterance nsc-part2-chn0-spk10233112inf-031121490, best cost 61.7491 + -282.714 = -220.965 over 136 frames.
LOG (lattice-best-path[5.5.888~1-d619]:main():lattice-best-path.cc:99) For utterance nsc-part2-chn0-spk10233112inf-031121582, best cost 105.136 + -449.085 = -343.949 over 217 frames.
LOG (lattice-best-path[5.5.888~1-d619]:main():lattice-best-path.cc:99) For utterance nsc-part2-chn0-spk10233112inf-031121660, best cost 92.8732 + -398.929 = -306.056 over 176 frames.
LOG (lattice-best-path[5.5.888~1-d619]:main():lattice-best-path.cc:99) For utterance nsc-part2-chn0-spk10233112inf-031121717, best cost 138.811 + -513.961 = -375.15 over 253 frames.
LOG (lattice-best-path[5.5.888~1-d619]:main():lattice-best-path.cc:99) For utterance nsc-part2-chn0-spk10233112inf-031121773, best cost 114.214 + -340.862 = -226.647 over 155 frames.
LOG (lattice-best-path[5.5.888~1-d619]:main():lattice-best-path.cc:99) For utterance nsc-part2-chn0-spk10273068inm-030680043, best cost 82.9019 + -367.361 = -284.459 over 207 frames.
LOG (lattice-best-path[5.5.888~1-d619]:main():lattice-best-path.cc:99) For utterance nsc-part2-chn0-spk10273068inm-030680049, best cost 120.665 + -469.474 = -348.808 over 262 frames.
LOG (lattice-best-path[5.5.888~1-d619]:main():lattice-best-path.cc:99) For utterance nsc-part2-chn0-spk10273068inm-030680118, best cost 75.4657 + -389.797 = -314.332 over 238 frames.
LOG (lattice-best-path[5.5.888~1-d619]:main():lattice-best-path.cc:99) For utterance nsc-part2-chn0-spk10273068inm-030680150, best cost 104.747 + -377.163 = -272.416 over 186 frames.
LOG (lattice-best-path[5.5.888~1-d619]:main():lattice-best-path.cc:99) For utterance nsc-part2-chn0-spk10273068inm-030680188, best cost 70.0298 + -309.9 = -239.87 over 161 frames.
LOG (lattice-best-path[5.5.888~1-d619]:main():lattice-best-path.cc:99) For utterance nsc-part2-chn0-spk10273068inm-030680242, best cost 85.5657 + -388.74 = -303.174 over 218 frames.
LOG (lattice-best-path[5.5.888~1-d619]:main():lattice-best-path.cc:99) For utterance nsc-part2-chn0-spk10273068inm-030680268, best cost 100.166 + -455.954 = -355.787 over 257 frames.
LOG (lattice-best-path[5.5.888~1-d619]:main():lattice-best-path.cc:99) For utterance nsc-part2-chn0-spk10273068inm-030680302, best cost 74.8764 + -345.674 = -270.797 over 208 frames.
LOG (lattice-best-path[5.5.888~1-d619]:main():lattice-best-path.cc:99) For utterance nsc-part2-chn0-spk10273068inm-030680409, best cost 69.4047 + -273.576 = -204.171 over 163 frames.
LOG (lattice-best-path[5.5.888~1-d619]:main():lattice-best-path.cc:99) For utterance nsc-part2-chn0-spk10273068inm-030680427, best cost 57.1252 + -363.076 = -305.951 over 219 frames.
LOG (lattice-best-path[5.5.888~1-d619]:main():lattice-best-path.cc:99) For utterance nsc-part2-chn0-spk10273068inm-030680434, best cost 86.7461 + -403.634 = -316.887 over 232 frames.
LOG (lattice-best-path[5.5.888~1-d619]:main():lattice-best-path.cc:99) For utterance nsc-part2-chn0-spk10273068inm-030681497, best cost 74.2729 + -301.559 = -227.286 over 162 frames.
LOG (lattice-best-path[5.5.888~1-d619]:main():lattice-best-path.cc:99) For utterance nsc-part2-chn0-spk10273068inm-030681582, best cost 80.2724 + -450.014 = -369.742 over 281 frames.
LOG (lattice-best-path[5.5.888~1-d619]:main():lattice-best-path.cc:99) For utterance nsc-part2-chn0-spk10273068inm-030681717, best cost 37.8372 + -242.16 = -204.323 over 170 frames.
LOG (lattice-best-path[5.5.888~1-d619]:main():lattice-best-path.cc:99) For utterance nsc-part2-chn0-spk10273068inm-030681750, best cost 88.9014 + -415.815 = -326.914 over 230 frames.
LOG (lattice-best-path[5.5.888~1-d619]:main():lattice-best-path.cc:99) For utterance nsc-part2-chn0-spk10323127inm-031270087, best cost 71.3328 + -311.143 = -239.81 over 149 frames.
LOG (lattice-best-path[5.5.888~1-d619]:main():lattice-best-path.cc:99) For utterance nsc-part2-chn0-spk10323127inm-031270123, best cost 61.8778 + -306.901 = -245.023 over 143 frames.
LOG (lattice-best-path[5.5.888~1-d619]:main():lattice-best-path.cc:99) For utterance nsc-part2-chn0-spk10323127inm-031270172, best cost 75.1499 + -404.155 = -329.005 over 208 frames.
LOG (lattice-best-path[5.5.888~1-d619]:main():lattice-best-path.cc:99) For utterance nsc-part2-chn0-spk10323127inm-031270175, best cost 78.056 + -288.742 = -210.686 over 123 frames.
LOG (lattice-best-path[5.5.888~1-d619]:main():lattice-best-path.cc:99) For utterance nsc-part2-chn0-spk10323127inm-031270182, best cost 66.7799 + -266.423 = -199.644 over 112 frames.
LOG (lattice-best-path[5.5.888~1-d619]:main():lattice-best-path.cc:99) For utterance nsc-part2-chn0-spk10323127inm-031270258, best cost 85.517 + -462.495 = -376.978 over 212 frames.
LOG (lattice-best-path[5.5.888~1-d619]:main():lattice-best-path.cc:99) For utterance nsc-part2-chn0-spk10323127inm-031270269, best cost 55.0448 + -416.884 = -361.839 over 189 frames.
LOG (lattice-best-path[5.5.888~1-d619]:main():lattice-best-path.cc:99) For utterance nsc-part2-chn0-spk10323127inm-031270399, best cost 51.2414 + -259.525 = -208.284 over 127 frames.
LOG (lattice-best-path[5.5.888~1-d619]:main():lattice-best-path.cc:99) For utterance nsc-part2-chn0-spk10323127inm-031270439, best cost 54.9784 + -392.844 = -337.865 over 188 frames.
LOG (lattice-best-path[5.5.888~1-d619]:main():lattice-best-path.cc:99) For utterance nsc-part2-chn0-spk10323127inm-031270445, best cost 75.433 + -425.882 = -350.449 over 213 frames.
LOG (lattice-best-path[5.5.888~1-d619]:main():lattice-best-path.cc:99) For utterance nsc-part2-chn0-spk10323127inm-031271462, best cost 57.5033 + -219.18 = -161.676 over 121 frames.
LOG (lattice-best-path[5.5.888~1-d619]:main():lattice-best-path.cc:99) For utterance nsc-part2-chn0-spk10323127inm-031271624, best cost 62.2831 + -319.458 = -257.175 over 145 frames.
LOG (lattice-best-path[5.5.888~1-d619]:main():lattice-best-path.cc:99) For utterance nsc-part2-chn0-spk10323127inm-031271773, best cost 56.8863 + -305.83 = -248.943 over 156 frames.
LOG (lattice-best-path[5.5.888~1-d619]:main():lattice-best-path.cc:99) For utterance nsc-part2-chn0-spk10323127inm-031271876, best cost 73.1736 + -217.635 = -144.462 over 105 frames.
LOG (lattice-best-path[5.5.888~1-d619]:main():lattice-best-path.cc:99) For utterance nsc-part2-chn0-spk10353130inf-031300045, best cost 95.3412 + -282.964 = -187.623 over 122 frames.
LOG (lattice-best-path[5.5.888~1-d619]:main():lattice-best-path.cc:99) For utterance nsc-part2-chn0-spk10353130inf-031300148, best cost 65.8423 + -233.862 = -168.02 over 113 frames.
LOG (lattice-best-path[5.5.888~1-d619]:main():lattice-best-path.cc:99) For utterance nsc-part2-chn0-spk10353130inf-031300212, best cost 44.0977 + -272.151 = -228.053 over 135 frames.
LOG (lattice-best-path[5.5.888~1-d619]:main():lattice-best-path.cc:99) For utterance nsc-part2-chn0-spk10353130inf-031300242, best cost 63.5498 + -388.241 = -324.692 over 185 frames.
LOG (lattice-best-path[5.5.888~1-d619]:main():lattice-best-path.cc:99) For utterance nsc-part2-chn0-spk10353130inf-031300251, best cost 75.7269 + -467.731 = -392.004 over 215 frames.
LOG (lattice-best-path[5.5.888~1-d619]:main():lattice-best-path.cc:99) For utterance nsc-part2-chn0-spk10353130inf-031300279, best cost 52.6217 + -319.187 = -266.565 over 154 frames.
LOG (lattice-best-path[5.5.888~1-d619]:main():lattice-best-path.cc:99) For utterance nsc-part2-chn0-spk10353130inf-031300294, best cost 61.6519 + -330.185 = -268.533 over 159 frames.
LOG (lattice-best-path[5.5.888~1-d619]:main():lattice-best-path.cc:99) For utterance nsc-part2-chn0-spk10353130inf-031300298, best cost 94.337 + -293.401 = -199.064 over 135 frames.
LOG (lattice-best-path[5.5.888~1-d619]:main():lattice-best-path.cc:99) For utterance nsc-part2-chn0-spk10353130inf-031300433, best cost 55.3943 + -381.092 = -325.698 over 194 frames.
LOG (lattice-best-path[5.5.888~1-d619]:main():lattice-best-path.cc:99) For utterance nsc-part2-chn0-spk10353130inf-031301598, best cost 101.516 + -324.613 = -223.098 over 133 frames.
LOG (lattice-best-path[5.5.888~1-d619]:main():lattice-best-path.cc:99) For utterance nsc-part2-chn0-spk10353130inf-031301690, best cost 108.136 + -436.859 = -328.723 over 201 frames.
LOG (lattice-best-path[5.5.888~1-d619]:main():lattice-best-path.cc:99) For utterance nsc-part2-chn0-spk10353130inf-031301695, best cost 108.467 + -497.75 = -389.283 over 218 frames.
LOG (lattice-best-path[5.5.888~1-d619]:main():lattice-best-path.cc:99) For utterance nsc-part2-chn0-spk10353130inf-031301747, best cost 88.4396 + -388.199 = -299.759 over 176 frames.
LOG (lattice-best-path[5.5.888~1-d619]:main():lattice-best-path.cc:99) For utterance nsc-part2-chn0-spk10353130inf-031301750, best cost 83.7903 + -393.823 = -310.032 over 217 frames.
LOG (lattice-best-path[5.5.888~1-d619]:main():lattice-best-path.cc:99) For utterance nsc-part2-chn0-spk10353130inf-031301773, best cost 86.2967 + -495.274 = -408.977 over 238 frames.
LOG (lattice-best-path[5.5.888~1-d619]:main():lattice-best-path.cc:99) For utterance nsc-part2-chn0-spk10353130inf-031301870, best cost 53.5912 + -307.901 = -254.309 over 168 frames.
LOG (lattice-depth-per-frame[5.5.888~1-d619]:main():lattice-depth-per-frame.cc:82) Done 110 lattices.
LOG (lattice-best-path[5.5.888~1-d619]:main():lattice-best-path.cc:124) Overall cost per frame is -1.58044 = 0.471581 [graph] + -2.05202 [acoustic] over 18791 frames.
LOG (lattice-best-path[5.5.888~1-d619]:main():lattice-best-path.cc:128) Done 110 lattices, failed for 0
# Ended (code 0) at Wed Aug 25 19:08:32 +08 2021, elapsed time 13 seconds
