# lattice-depth-per-frame "ark:gunzip -c /home3/ztkyaw/w2021/deliverables/contrast-zin-dev/baseline/tdnnf-transfer-sp/decode_imda-part2_1629889191-hw_lmg/lat.8.gz|" "ark,t:|gzip -c > /home3/ztkyaw/w2021/deliverables/contrast-zin-dev/baseline/tdnnf-transfer-sp/decode_imda-part2_1629889191-hw_lmg/depth_tmp.8.gz" ark:- | lattice-best-path --acoustic-scale=0.1 ark:- ark:/dev/null "ark,t:|gzip -c >/home3/ztkyaw/w2021/deliverables/contrast-zin-dev/baseline/tdnnf-transfer-sp/decode_imda-part2_1629889191-hw_lmg/ali_tmp.8.gz" 
# Invoked at Wed Aug 25 19:08:19 +08 2021 from node02
#
# Started at Wed Aug 25 19:08:31 +08 2021 on node01
lattice-depth-per-frame 'ark:gunzip -c /home3/ztkyaw/w2021/deliverables/contrast-zin-dev/baseline/tdnnf-transfer-sp/decode_imda-part2_1629889191-hw_lmg/lat.8.gz|' 'ark,t:|gzip -c > /home3/ztkyaw/w2021/deliverables/contrast-zin-dev/baseline/tdnnf-transfer-sp/decode_imda-part2_1629889191-hw_lmg/depth_tmp.8.gz' ark:- 
lattice-best-path --acoustic-scale=0.1 ark:- ark:/dev/null 'ark,t:|gzip -c >/home3/ztkyaw/w2021/deliverables/contrast-zin-dev/baseline/tdnnf-transfer-sp/decode_imda-part2_1629889191-hw_lmg/ali_tmp.8.gz' 
LOG (lattice-best-path[5.5.888~1-d619]:main():lattice-best-path.cc:99) For utterance nsc-part2-chn0-spk09963086mam-030860007, best cost 108.026 + -292.53 = -184.504 over 126 frames.
LOG (lattice-best-path[5.5.888~1-d619]:main():lattice-best-path.cc:99) For utterance nsc-part2-chn0-spk09963086mam-030860024, best cost 99.9422 + -442.982 = -343.039 over 192 frames.
LOG (lattice-best-path[5.5.888~1-d619]:main():lattice-best-path.cc:99) For utterance nsc-part2-chn0-spk09963086mam-030860045, best cost 64.6188 + -234.342 = -169.724 over 107 frames.
LOG (lattice-best-path[5.5.888~1-d619]:main():lattice-best-path.cc:99) For utterance nsc-part2-chn0-spk09963086mam-030860060, best cost 71.5759 + -226.715 = -155.139 over 103 frames.
LOG (lattice-best-path[5.5.888~1-d619]:main():lattice-best-path.cc:99) For utterance nsc-part2-chn0-spk09963086mam-030860071, best cost 66.8805 + -250.401 = -183.521 over 109 frames.
LOG (lattice-best-path[5.5.888~1-d619]:main():lattice-best-path.cc:99) For utterance nsc-part2-chn0-spk09963086mam-030860091, best cost 74.5288 + -236.174 = -161.645 over 116 frames.
LOG (lattice-best-path[5.5.888~1-d619]:main():lattice-best-path.cc:99) For utterance nsc-part2-chn0-spk09963086mam-030860173, best cost 49.7808 + -281.241 = -231.461 over 113 frames.
LOG (lattice-best-path[5.5.888~1-d619]:main():lattice-best-path.cc:99) For utterance nsc-part2-chn0-spk09963086mam-030860302, best cost 70.1621 + -290.752 = -220.59 over 137 frames.
LOG (lattice-best-path[5.5.888~1-d619]:main():lattice-best-path.cc:99) For utterance nsc-part2-chn0-spk09963086mam-030860350, best cost 93.8585 + -317.892 = -224.033 over 135 frames.
LOG (lattice-best-path[5.5.888~1-d619]:main():lattice-best-path.cc:99) For utterance nsc-part2-chn0-spk09963086mam-030861535, best cost 72.6743 + -328.443 = -255.769 over 163 frames.
LOG (lattice-best-path[5.5.888~1-d619]:main():lattice-best-path.cc:99) For utterance nsc-part2-chn0-spk09963086mam-030861547, best cost 101.555 + -367.228 = -265.673 over 164 frames.
LOG (lattice-best-path[5.5.888~1-d619]:main():lattice-best-path.cc:99) For utterance nsc-part2-chn0-spk09963086mam-030861559, best cost 106.703 + -381.807 = -275.105 over 157 frames.
LOG (lattice-best-path[5.5.888~1-d619]:main():lattice-best-path.cc:99) For utterance nsc-part2-chn0-spk09963086mam-030861756, best cost 121.19 + -394.709 = -273.519 over 169 frames.
LOG (lattice-best-path[5.5.888~1-d619]:main():lattice-best-path.cc:99) For utterance nsc-part2-chn0-spk09963086mam-030861871, best cost 75.856 + -242.655 = -166.799 over 111 frames.
LOG (lattice-best-path[5.5.888~1-d619]:main():lattice-best-path.cc:99) For utterance nsc-part2-chn0-spk09983093cnm-030930099, best cost 98.6759 + -454.332 = -355.657 over 223 frames.
LOG (lattice-best-path[5.5.888~1-d619]:main():lattice-best-path.cc:99) For utterance nsc-part2-chn0-spk09983093cnm-030930181, best cost 70.5158 + -266.038 = -195.522 over 131 frames.
LOG (lattice-best-path[5.5.888~1-d619]:main():lattice-best-path.cc:99) For utterance nsc-part2-chn0-spk09983093cnm-030930188, best cost 93.7127 + -316.411 = -222.698 over 148 frames.
LOG (lattice-best-path[5.5.888~1-d619]:main():lattice-best-path.cc:99) For utterance nsc-part2-chn0-spk09983093cnm-030930212, best cost 120.322 + -580.898 = -460.576 over 303 frames.
LOG (lattice-best-path[5.5.888~1-d619]:main():lattice-best-path.cc:99) For utterance nsc-part2-chn0-spk09983093cnm-030930219, best cost 91.2574 + -241.791 = -150.534 over 110 frames.
LOG (lattice-best-path[5.5.888~1-d619]:main():lattice-best-path.cc:99) For utterance nsc-part2-chn0-spk09983093cnm-030930303, best cost 55.7144 + -231.281 = -175.567 over 112 frames.
LOG (lattice-best-path[5.5.888~1-d619]:main():lattice-best-path.cc:99) For utterance nsc-part2-chn0-spk09983093cnm-030930312, best cost 87.5898 + -390.018 = -302.428 over 187 frames.
LOG (lattice-best-path[5.5.888~1-d619]:main():lattice-best-path.cc:99) For utterance nsc-part2-chn0-spk09983093cnm-030930381, best cost 47.2796 + -290.622 = -243.343 over 168 frames.
LOG (lattice-best-path[5.5.888~1-d619]:main():lattice-best-path.cc:99) For utterance nsc-part2-chn0-spk09983093cnm-030930405, best cost 104.58 + -523.677 = -419.097 over 263 frames.
LOG (lattice-best-path[5.5.888~1-d619]:main():lattice-best-path.cc:99) For utterance nsc-part2-chn0-spk09983093cnm-030930418, best cost 64.0701 + -309.83 = -245.76 over 147 frames.
LOG (lattice-best-path[5.5.888~1-d619]:main():lattice-best-path.cc:99) For utterance nsc-part2-chn0-spk09983093cnm-030931493, best cost 99.2837 + -337.347 = -238.064 over 161 frames.
LOG (lattice-best-path[5.5.888~1-d619]:main():lattice-best-path.cc:99) For utterance nsc-part2-chn0-spk09983093cnm-030931610, best cost 64.3597 + -310.906 = -246.546 over 168 frames.
LOG (lattice-best-path[5.5.888~1-d619]:main():lattice-best-path.cc:99) For utterance nsc-part2-chn0-spk09983093cnm-030931621, best cost 95.9367 + -504.837 = -408.9 over 267 frames.
LOG (lattice-best-path[5.5.888~1-d619]:main():lattice-best-path.cc:99) For utterance nsc-part2-chn0-spk09983093cnm-030931756, best cost 115.672 + -500.828 = -385.155 over 254 frames.
LOG (lattice-best-path[5.5.888~1-d619]:main():lattice-best-path.cc:99) For utterance nsc-part2-chn0-spk09983093cnm-030931773, best cost 71.3062 + -446.952 = -375.646 over 252 frames.
LOG (lattice-best-path[5.5.888~1-d619]:main():lattice-best-path.cc:99) For utterance nsc-part2-chn0-spk09983093cnm-030931834, best cost 82.3625 + -276.056 = -193.693 over 128 frames.
LOG (lattice-best-path[5.5.888~1-d619]:main():lattice-best-path.cc:99) For utterance nsc-part2-chn0-spk10033097mam-030970032, best cost 81.7479 + -359.48 = -277.733 over 145 frames.
LOG (lattice-best-path[5.5.888~1-d619]:main():lattice-best-path.cc:99) For utterance nsc-part2-chn0-spk10033097mam-030970049, best cost 51.5137 + -286.982 = -235.468 over 138 frames.
LOG (lattice-best-path[5.5.888~1-d619]:main():lattice-best-path.cc:99) For utterance nsc-part2-chn0-spk10033097mam-030970071, best cost 57.2527 + -249.095 = -191.843 over 103 frames.
LOG (lattice-best-path[5.5.888~1-d619]:main():lattice-best-path.cc:99) For utterance nsc-part2-chn0-spk10033097mam-030970118, best cost 71.0627 + -274.464 = -203.402 over 129 frames.
LOG (lattice-best-path[5.5.888~1-d619]:main():lattice-best-path.cc:99) For utterance nsc-part2-chn0-spk10033097mam-030970182, best cost 72.0517 + -232.579 = -160.527 over 96 frames.
LOG (lattice-best-path[5.5.888~1-d619]:main():lattice-best-path.cc:99) For utterance nsc-part2-chn0-spk10033097mam-030970188, best cost 70.9368 + -185.086 = -114.15 over 80 frames.
LOG (lattice-best-path[5.5.888~1-d619]:main():lattice-best-path.cc:99) For utterance nsc-part2-chn0-spk10033097mam-030970212, best cost 80.587 + -288.29 = -207.703 over 132 frames.
LOG (lattice-best-path[5.5.888~1-d619]:main():lattice-best-path.cc:99) For utterance nsc-part2-chn0-spk10033097mam-030970312, best cost 108.505 + -422.467 = -313.963 over 198 frames.
LOG (lattice-best-path[5.5.888~1-d619]:main():lattice-best-path.cc:99) For utterance nsc-part2-chn0-spk10033097mam-030970433, best cost 68.1107 + -271.015 = -202.904 over 122 frames.
LOG (lattice-best-path[5.5.888~1-d619]:main():lattice-best-path.cc:99) For utterance nsc-part2-chn0-spk10033097mam-030971698, best cost 72.8745 + -237.417 = -164.543 over 115 frames.
LOG (lattice-best-path[5.5.888~1-d619]:main():lattice-best-path.cc:99) For utterance nsc-part2-chn0-spk10033097mam-030971699, best cost 72.7879 + -340.426 = -267.638 over 145 frames.
LOG (lattice-best-path[5.5.888~1-d619]:main():lattice-best-path.cc:99) For utterance nsc-part2-chn0-spk10033097mam-030971717, best cost 110.277 + -362.915 = -252.637 over 190 frames.
LOG (lattice-best-path[5.5.888~1-d619]:main():lattice-best-path.cc:99) For utterance nsc-part2-chn0-spk10033097mam-030971875, best cost 79.8789 + -290.993 = -211.115 over 137 frames.
LOG (lattice-best-path[5.5.888~1-d619]:main():lattice-best-path.cc:99) For utterance nsc-part2-chn0-spk10033097mam-030971893, best cost 77.1224 + -274.993 = -197.871 over 122 frames.
LOG (lattice-best-path[5.5.888~1-d619]:main():lattice-best-path.cc:99) For utterance nsc-part2-chn0-spk10043089cnm-030890125, best cost 180.576 + -696.969 = -516.393 over 335 frames.
LOG (lattice-best-path[5.5.888~1-d619]:main():lattice-best-path.cc:99) For utterance nsc-part2-chn0-spk10043089cnm-030890166, best cost 53.5044 + -237.369 = -183.865 over 117 frames.
LOG (lattice-best-path[5.5.888~1-d619]:main():lattice-best-path.cc:99) For utterance nsc-part2-chn0-spk10043089cnm-030890173, best cost 127.211 + -599.484 = -472.273 over 276 frames.
LOG (lattice-best-path[5.5.888~1-d619]:main():lattice-best-path.cc:99) For utterance nsc-part2-chn0-spk10043089cnm-030890203, best cost 93.7063 + -273.74 = -180.033 over 127 frames.
LOG (lattice-best-path[5.5.888~1-d619]:main():lattice-best-path.cc:99) For utterance nsc-part2-chn0-spk10043089cnm-030890212, best cost 86.0967 + -374.758 = -288.662 over 183 frames.
LOG (lattice-best-path[5.5.888~1-d619]:main():lattice-best-path.cc:99) For utterance nsc-part2-chn0-spk10043089cnm-030890221, best cost 81.3796 + -304.366 = -222.986 over 150 frames.
LOG (lattice-best-path[5.5.888~1-d619]:main():lattice-best-path.cc:99) For utterance nsc-part2-chn0-spk10043089cnm-030890258, best cost 57.5443 + -310.909 = -253.365 over 166 frames.
LOG (lattice-best-path[5.5.888~1-d619]:main():lattice-best-path.cc:99) For utterance nsc-part2-chn0-spk10043089cnm-030890405, best cost 88.3114 + -329.078 = -240.767 over 142 frames.
LOG (lattice-best-path[5.5.888~1-d619]:main():lattice-best-path.cc:99) For utterance nsc-part2-chn0-spk10043089cnm-030890419, best cost 70.7434 + -248.752 = -178.009 over 126 frames.
LOG (lattice-best-path[5.5.888~1-d619]:main():lattice-best-path.cc:99) For utterance nsc-part2-chn0-spk10043089cnm-030890434, best cost 122.771 + -661.421 = -538.65 over 321 frames.
LOG (lattice-best-path[5.5.888~1-d619]:main():lattice-best-path.cc:99) For utterance nsc-part2-chn0-spk10043089cnm-030891507, best cost 72.6829 + -316.448 = -243.765 over 172 frames.
LOG (lattice-best-path[5.5.888~1-d619]:main():lattice-best-path.cc:99) For utterance nsc-part2-chn0-spk10043089cnm-030891549, best cost 147.526 + -606.374 = -458.848 over 291 frames.
LOG (lattice-best-path[5.5.888~1-d619]:main():lattice-best-path.cc:99) For utterance nsc-part2-chn0-spk10043089cnm-030891716, best cost 55.8776 + -400.574 = -344.696 over 201 frames.
LOG (lattice-best-path[5.5.888~1-d619]:main():lattice-best-path.cc:99) For utterance nsc-part2-chn0-spk10043089cnm-030891771, best cost 69.3212 + -373.875 = -304.554 over 190 frames.
LOG (lattice-best-path[5.5.888~1-d619]:main():lattice-best-path.cc:99) For utterance nsc-part2-chn0-spk10043089cnm-030891857, best cost 78.9959 + -307.087 = -228.091 over 145 frames.
LOG (lattice-best-path[5.5.888~1-d619]:main():lattice-best-path.cc:99) For utterance nsc-part2-chn0-spk10083114inm-031140009, best cost 103.771 + -375.223 = -271.452 over 167 frames.
LOG (lattice-best-path[5.5.888~1-d619]:main():lattice-best-path.cc:99) For utterance nsc-part2-chn0-spk10083114inm-031140024, best cost 97.2689 + -471.054 = -373.785 over 213 frames.
LOG (lattice-best-path[5.5.888~1-d619]:main():lattice-best-path.cc:99) For utterance nsc-part2-chn0-spk10083114inm-031140029, best cost 89.4139 + -349.469 = -260.055 over 146 frames.
LOG (lattice-best-path[5.5.888~1-d619]:main():lattice-best-path.cc:99) For utterance nsc-part2-chn0-spk10083114inm-031140049, best cost 74.6309 + -415.064 = -340.433 over 182 frames.
LOG (lattice-best-path[5.5.888~1-d619]:main():lattice-best-path.cc:99) For utterance nsc-part2-chn0-spk10083114inm-031140136, best cost 114.083 + -554.161 = -440.078 over 243 frames.
LOG (lattice-best-path[5.5.888~1-d619]:main():lattice-best-path.cc:99) For utterance nsc-part2-chn0-spk10083114inm-031140188, best cost 94.617 + -354.378 = -259.761 over 147 frames.
LOG (lattice-best-path[5.5.888~1-d619]:main():lattice-best-path.cc:99) For utterance nsc-part2-chn0-spk10083114inm-031140242, best cost 118.914 + -386.999 = -268.085 over 182 frames.
LOG (lattice-best-path[5.5.888~1-d619]:main():lattice-best-path.cc:99) For utterance nsc-part2-chn0-spk10083114inm-031140418, best cost 96.4679 + -423.314 = -326.846 over 178 frames.
LOG (lattice-best-path[5.5.888~1-d619]:main():lattice-best-path.cc:99) For utterance nsc-part2-chn0-spk10083114inm-031141592, best cost 108.011 + -461.844 = -353.833 over 211 frames.
LOG (lattice-best-path[5.5.888~1-d619]:main():lattice-best-path.cc:99) For utterance nsc-part2-chn0-spk10083114inm-031141685, best cost 64.0106 + -374.268 = -310.258 over 193 frames.
LOG (lattice-best-path[5.5.888~1-d619]:main():lattice-best-path.cc:99) For utterance nsc-part2-chn0-spk10083114inm-031141706, best cost 75.6077 + -360.952 = -285.345 over 169 frames.
LOG (lattice-best-path[5.5.888~1-d619]:main():lattice-best-path.cc:99) For utterance nsc-part2-chn0-spk10083114inm-031141785, best cost 68.923 + -240.247 = -171.324 over 129 frames.
LOG (lattice-best-path[5.5.888~1-d619]:main():lattice-best-path.cc:99) For utterance nsc-part2-chn0-spk10083114inm-031141874, best cost 127.92 + -376.483 = -248.563 over 167 frames.
LOG (lattice-best-path[5.5.888~1-d619]:main():lattice-best-path.cc:99) For utterance nsc-part2-chn0-spk10083114inm-031141889, best cost 81.6397 + -313.795 = -232.155 over 134 frames.
LOG (lattice-best-path[5.5.888~1-d619]:main():lattice-best-path.cc:99) For utterance nsc-part2-chn0-spk10113100cnm-031000013, best cost 109.171 + -294.127 = -184.956 over 118 frames.
LOG (lattice-best-path[5.5.888~1-d619]:main():lattice-best-path.cc:99) For utterance nsc-part2-chn0-spk10113100cnm-031000118, best cost 72.8014 + -366.652 = -293.851 over 157 frames.
LOG (lattice-best-path[5.5.888~1-d619]:main():lattice-best-path.cc:99) For utterance nsc-part2-chn0-spk10113100cnm-031000147, best cost 109.311 + -367.078 = -257.767 over 163 frames.
LOG (lattice-best-path[5.5.888~1-d619]:main():lattice-best-path.cc:99) For utterance nsc-part2-chn0-spk10113100cnm-031000173, best cost 74.9153 + -277.86 = -202.945 over 127 frames.
LOG (lattice-best-path[5.5.888~1-d619]:main():lattice-best-path.cc:99) For utterance nsc-part2-chn0-spk10113100cnm-031000175, best cost 87.2179 + -292.535 = -205.317 over 134 frames.
LOG (lattice-best-path[5.5.888~1-d619]:main():lattice-best-path.cc:99) For utterance nsc-part2-chn0-spk10113100cnm-031000181, best cost 68.8949 + -292.076 = -223.181 over 122 frames.
LOG (lattice-best-path[5.5.888~1-d619]:main():lattice-best-path.cc:99) For utterance nsc-part2-chn0-spk10113100cnm-031000198, best cost 76.4569 + -373.324 = -296.867 over 189 frames.
LOG (lattice-best-path[5.5.888~1-d619]:main():lattice-best-path.cc:99) For utterance nsc-part2-chn0-spk10113100cnm-031000225, best cost 23.6075 + -190.066 = -166.458 over 90 frames.
LOG (lattice-best-path[5.5.888~1-d619]:main():lattice-best-path.cc:99) For utterance nsc-part2-chn0-spk10113100cnm-031000231, best cost 94.9436 + -347.134 = -252.191 over 129 frames.
LOG (lattice-best-path[5.5.888~1-d619]:main():lattice-best-path.cc:99) For utterance nsc-part2-chn0-spk10113100cnm-031000232, best cost 79.56 + -288.384 = -208.824 over 120 frames.
LOG (lattice-best-path[5.5.888~1-d619]:main():lattice-best-path.cc:99) For utterance nsc-part2-chn0-spk10113100cnm-031001547, best cost 98.6904 + -430.836 = -332.146 over 186 frames.
LOG (lattice-best-path[5.5.888~1-d619]:main():lattice-best-path.cc:99) For utterance nsc-part2-chn0-spk10113100cnm-031001552, best cost 102.244 + -425.434 = -323.19 over 205 frames.
LOG (lattice-best-path[5.5.888~1-d619]:main():lattice-best-path.cc:99) For utterance nsc-part2-chn0-spk10113100cnm-031001569, best cost 86.6056 + -316.941 = -230.335 over 134 frames.
LOG (lattice-best-path[5.5.888~1-d619]:main():lattice-best-path.cc:99) For utterance nsc-part2-chn0-spk10113100cnm-031001768, best cost 56.5469 + -206.708 = -150.161 over 91 frames.
LOG (lattice-best-path[5.5.888~1-d619]:main():lattice-best-path.cc:99) For utterance nsc-part2-chn0-spk10123101cnm-031010029, best cost 86.1721 + -305.997 = -219.825 over 129 frames.
LOG (lattice-best-path[5.5.888~1-d619]:main():lattice-best-path.cc:99) For utterance nsc-part2-chn0-spk10123101cnm-031010111, best cost 94.1084 + -392.155 = -298.047 over 186 frames.
LOG (lattice-best-path[5.5.888~1-d619]:main():lattice-best-path.cc:99) For utterance nsc-part2-chn0-spk10123101cnm-031010123, best cost 59.9421 + -348.077 = -288.135 over 152 frames.
LOG (lattice-best-path[5.5.888~1-d619]:main():lattice-best-path.cc:99) For utterance nsc-part2-chn0-spk10123101cnm-031010134, best cost 61.0809 + -307.257 = -246.176 over 147 frames.
LOG (lattice-best-path[5.5.888~1-d619]:main():lattice-best-path.cc:99) For utterance nsc-part2-chn0-spk10123101cnm-031010148, best cost 56.8006 + -212.513 = -155.713 over 103 frames.
LOG (lattice-best-path[5.5.888~1-d619]:main():lattice-best-path.cc:99) For utterance nsc-part2-chn0-spk10123101cnm-031010162, best cost 64.547 + -316.426 = -251.879 over 131 frames.
LOG (lattice-best-path[5.5.888~1-d619]:main():lattice-best-path.cc:99) For utterance nsc-part2-chn0-spk10123101cnm-031010166, best cost 66.8807 + -247.597 = -180.716 over 101 frames.
LOG (lattice-best-path[5.5.888~1-d619]:main():lattice-best-path.cc:99) For utterance nsc-part2-chn0-spk10123101cnm-031010176, best cost 80.9089 + -352.299 = -271.391 over 153 frames.
LOG (lattice-best-path[5.5.888~1-d619]:main():lattice-best-path.cc:99) For utterance nsc-part2-chn0-spk10123101cnm-031010186, best cost 134.871 + -440.647 = -305.776 over 185 frames.
LOG (lattice-best-path[5.5.888~1-d619]:main():lattice-best-path.cc:99) For utterance nsc-part2-chn0-spk10123101cnm-031010187, best cost 107.709 + -368.508 = -260.799 over 180 frames.
LOG (lattice-best-path[5.5.888~1-d619]:main():lattice-best-path.cc:99) For utterance nsc-part2-chn0-spk10123101cnm-031010298, best cost 84.7505 + -275.866 = -191.115 over 117 frames.
LOG (lattice-best-path[5.5.888~1-d619]:main():lattice-best-path.cc:99) For utterance nsc-part2-chn0-spk10123101cnm-031010388, best cost 38.6828 + -160.658 = -121.976 over 83 frames.
LOG (lattice-best-path[5.5.888~1-d619]:main():lattice-best-path.cc:99) For utterance nsc-part2-chn0-spk10123101cnm-031011582, best cost 94.5715 + -447.464 = -352.893 over 176 frames.
LOG (lattice-best-path[5.5.888~1-d619]:main():lattice-best-path.cc:99) For utterance nsc-part2-chn0-spk10123101cnm-031011616, best cost 51.5107 + -301.839 = -250.329 over 138 frames.
LOG (lattice-best-path[5.5.888~1-d619]:main():lattice-best-path.cc:99) For utterance nsc-part2-chn0-spk10123101cnm-031011834, best cost 71.6471 + -253.671 = -182.024 over 110 frames.
LOG (lattice-best-path[5.5.888~1-d619]:main():lattice-best-path.cc:99) For utterance nsc-part2-chn0-spk10123101cnm-031011866, best cost 63.0094 + -334.116 = -271.107 over 154 frames.
LOG (lattice-best-path[5.5.888~1-d619]:main():lattice-best-path.cc:99) For utterance nsc-part2-chn0-spk10123101cnm-031011884, best cost 120.404 + -419.863 = -299.46 over 172 frames.
LOG (lattice-best-path[5.5.888~1-d619]:main():lattice-best-path.cc:99) For utterance nsc-part2-chn0-spk10143124inm-031240025, best cost 102.571 + -463.008 = -360.437 over 238 frames.
LOG (lattice-best-path[5.5.888~1-d619]:main():lattice-best-path.cc:99) For utterance nsc-part2-chn0-spk10143124inm-031240029, best cost 70.9519 + -233.771 = -162.819 over 103 frames.
LOG (lattice-best-path[5.5.888~1-d619]:main():lattice-best-path.cc:99) For utterance nsc-part2-chn0-spk10143124inm-031240099, best cost 50.8879 + -293.178 = -242.29 over 129 frames.
LOG (lattice-best-path[5.5.888~1-d619]:main():lattice-best-path.cc:99) For utterance nsc-part2-chn0-spk10143124inm-031240118, best cost 88.9766 + -289.94 = -200.963 over 138 frames.
LOG (lattice-best-path[5.5.888~1-d619]:main():lattice-best-path.cc:99) For utterance nsc-part2-chn0-spk10143124inm-031240144, best cost 49.5035 + -309.176 = -259.672 over 109 frames.
LOG (lattice-best-path[5.5.888~1-d619]:main():lattice-best-path.cc:99) For utterance nsc-part2-chn0-spk10143124inm-031240242, best cost 70.7882 + -273.341 = -202.552 over 132 frames.
LOG (lattice-best-path[5.5.888~1-d619]:main():lattice-best-path.cc:99) For utterance nsc-part2-chn0-spk10143124inm-031240249, best cost 50.76 + -159.605 = -108.845 over 79 frames.
LOG (lattice-best-path[5.5.888~1-d619]:main():lattice-best-path.cc:99) For utterance nsc-part2-chn0-spk10143124inm-031240418, best cost 61.3995 + -293.965 = -232.566 over 133 frames.
LOG (lattice-best-path[5.5.888~1-d619]:main():lattice-best-path.cc:99) For utterance nsc-part2-chn0-spk10143124inm-031240433, best cost 80.1345 + -352.994 = -272.86 over 152 frames.
LOG (lattice-best-path[5.5.888~1-d619]:main():lattice-best-path.cc:99) For utterance nsc-part2-chn0-spk10143124inm-031241480, best cost 71.9218 + -304.67 = -232.748 over 140 frames.
LOG (lattice-best-path[5.5.888~1-d619]:main():lattice-best-path.cc:99) For utterance nsc-part2-chn0-spk10143124inm-031241592, best cost 78.6596 + -277.794 = -199.135 over 120 frames.
LOG (lattice-best-path[5.5.888~1-d619]:main():lattice-best-path.cc:99) For utterance nsc-part2-chn0-spk10143124inm-031241790, best cost 59.2938 + -201.966 = -142.673 over 98 frames.
LOG (lattice-best-path[5.5.888~1-d619]:main():lattice-best-path.cc:99) For utterance nsc-part2-chn0-spk10143124inm-031241838, best cost 21.528 + -116.656 = -95.1282 over 60 frames.
LOG (lattice-best-path[5.5.888~1-d619]:main():lattice-best-path.cc:99) For utterance nsc-part2-chn0-spk10143124inm-031241858, best cost 116.714 + -391.891 = -275.178 over 149 frames.
LOG (lattice-depth-per-frame[5.5.888~1-d619]:main():lattice-depth-per-frame.cc:82) Done 118 lattices.
LOG (lattice-best-path[5.5.888~1-d619]:main():lattice-best-path.cc:124) Overall cost per frame is -1.63522 = 0.532625 [graph] + -2.16784 [acoustic] over 18341 frames.
LOG (lattice-best-path[5.5.888~1-d619]:main():lattice-best-path.cc:128) Done 118 lattices, failed for 0
# Ended (code 0) at Wed Aug 25 19:08:32 +08 2021, elapsed time 13 seconds
