# lattice-depth-per-frame "ark:gunzip -c /home3/ztkyaw/w2021/deliverables/contrast-zin-dev/baseline/tdnnf-transfer-sp/decode_imda-part2_1629889191-hw_lmg/lat.5.gz|" "ark,t:|gzip -c > /home3/ztkyaw/w2021/deliverables/contrast-zin-dev/baseline/tdnnf-transfer-sp/decode_imda-part2_1629889191-hw_lmg/depth_tmp.5.gz" ark:- | lattice-best-path --acoustic-scale=0.1 ark:- ark:/dev/null "ark,t:|gzip -c >/home3/ztkyaw/w2021/deliverables/contrast-zin-dev/baseline/tdnnf-transfer-sp/decode_imda-part2_1629889191-hw_lmg/ali_tmp.5.gz" 
# Invoked at Wed Aug 25 19:08:19 +08 2021 from node02
#
# Started at Wed Aug 25 19:08:31 SGT 2021 on node03
lattice-best-path --acoustic-scale=0.1 ark:- ark:/dev/null 'ark,t:|gzip -c >/home3/ztkyaw/w2021/deliverables/contrast-zin-dev/baseline/tdnnf-transfer-sp/decode_imda-part2_1629889191-hw_lmg/ali_tmp.5.gz' 
lattice-depth-per-frame 'ark:gunzip -c /home3/ztkyaw/w2021/deliverables/contrast-zin-dev/baseline/tdnnf-transfer-sp/decode_imda-part2_1629889191-hw_lmg/lat.5.gz|' 'ark,t:|gzip -c > /home3/ztkyaw/w2021/deliverables/contrast-zin-dev/baseline/tdnnf-transfer-sp/decode_imda-part2_1629889191-hw_lmg/depth_tmp.5.gz' ark:- 
LOG (lattice-best-path[5.5.888~1-d619]:main():lattice-best-path.cc:99) For utterance nsc-part2-chn0-spk08932985cnm-029850016, best cost 99.0646 + -312.55 = -213.485 over 129 frames.
LOG (lattice-best-path[5.5.888~1-d619]:main():lattice-best-path.cc:99) For utterance nsc-part2-chn0-spk08932985cnm-029850023, best cost 101.703 + -393.986 = -292.284 over 162 frames.
LOG (lattice-best-path[5.5.888~1-d619]:main():lattice-best-path.cc:99) For utterance nsc-part2-chn0-spk08932985cnm-029850118, best cost 86.1543 + -404.756 = -318.602 over 185 frames.
LOG (lattice-best-path[5.5.888~1-d619]:main():lattice-best-path.cc:99) For utterance nsc-part2-chn0-spk08932985cnm-029850144, best cost 90.7092 + -369.95 = -279.241 over 174 frames.
LOG (lattice-best-path[5.5.888~1-d619]:main():lattice-best-path.cc:99) For utterance nsc-part2-chn0-spk08932985cnm-029850173, best cost 97.7555 + -508.97 = -411.214 over 246 frames.
LOG (lattice-best-path[5.5.888~1-d619]:main():lattice-best-path.cc:99) For utterance nsc-part2-chn0-spk08932985cnm-029850221, best cost 101.175 + -268.869 = -167.694 over 126 frames.
LOG (lattice-best-path[5.5.888~1-d619]:main():lattice-best-path.cc:99) For utterance nsc-part2-chn0-spk08932985cnm-029850252, best cost 55.3534 + -197.15 = -141.796 over 97 frames.
LOG (lattice-best-path[5.5.888~1-d619]:main():lattice-best-path.cc:99) For utterance nsc-part2-chn0-spk08932985cnm-029850268, best cost 76.4453 + -420.804 = -344.359 over 229 frames.
LOG (lattice-best-path[5.5.888~1-d619]:main():lattice-best-path.cc:99) For utterance nsc-part2-chn0-spk08932985cnm-029850294, best cost 89.4608 + -504.711 = -415.25 over 239 frames.
LOG (lattice-best-path[5.5.888~1-d619]:main():lattice-best-path.cc:99) For utterance nsc-part2-chn0-spk08932985cnm-029850302, best cost 67.0682 + -373.724 = -306.656 over 192 frames.
LOG (lattice-best-path[5.5.888~1-d619]:main():lattice-best-path.cc:99) For utterance nsc-part2-chn0-spk08932985cnm-029850356, best cost 91.5497 + -448.464 = -356.914 over 234 frames.
LOG (lattice-best-path[5.5.888~1-d619]:main():lattice-best-path.cc:99) For utterance nsc-part2-chn0-spk08932985cnm-029851498, best cost 121.15 + -512.191 = -391.041 over 245 frames.
LOG (lattice-best-path[5.5.888~1-d619]:main():lattice-best-path.cc:99) For utterance nsc-part2-chn0-spk08932985cnm-029851559, best cost 84.9953 + -364.986 = -279.991 over 177 frames.
LOG (lattice-best-path[5.5.888~1-d619]:main():lattice-best-path.cc:99) For utterance nsc-part2-chn0-spk08932985cnm-029851584, best cost 83.3385 + -391.035 = -307.696 over 201 frames.
LOG (lattice-best-path[5.5.888~1-d619]:main():lattice-best-path.cc:99) For utterance nsc-part2-chn0-spk08932985cnm-029851706, best cost 63.663 + -378.122 = -314.459 over 188 frames.
LOG (lattice-best-path[5.5.888~1-d619]:main():lattice-best-path.cc:99) For utterance nsc-part2-chn0-spk08932985cnm-029851717, best cost 60.4577 + -336.675 = -276.217 over 196 frames.
LOG (lattice-best-path[5.5.888~1-d619]:main():lattice-best-path.cc:99) For utterance nsc-part2-chn0-spk08993009inf-030090049, best cost 101.305 + -470.765 = -369.46 over 226 frames.
LOG (lattice-best-path[5.5.888~1-d619]:main():lattice-best-path.cc:99) For utterance nsc-part2-chn0-spk08993009inf-030090099, best cost 122.208 + -525.826 = -403.617 over 259 frames.
LOG (lattice-best-path[5.5.888~1-d619]:main():lattice-best-path.cc:99) For utterance nsc-part2-chn0-spk08993009inf-030090136, best cost 78.1679 + -427.584 = -349.416 over 233 frames.
LOG (lattice-best-path[5.5.888~1-d619]:main():lattice-best-path.cc:99) For utterance nsc-part2-chn0-spk08993009inf-030090166, best cost 64.3493 + -314.873 = -250.524 over 152 frames.
LOG (lattice-best-path[5.5.888~1-d619]:main():lattice-best-path.cc:99) For utterance nsc-part2-chn0-spk08993009inf-030090202, best cost 88.6895 + -292.675 = -203.985 over 136 frames.
LOG (lattice-best-path[5.5.888~1-d619]:main():lattice-best-path.cc:99) For utterance nsc-part2-chn0-spk08993009inf-030090294, best cost 76.1328 + -404.637 = -328.504 over 186 frames.
LOG (lattice-best-path[5.5.888~1-d619]:main():lattice-best-path.cc:99) For utterance nsc-part2-chn0-spk08993009inf-030090302, best cost 132.705 + -543.764 = -411.059 over 278 frames.
LOG (lattice-best-path[5.5.888~1-d619]:main():lattice-best-path.cc:99) For utterance nsc-part2-chn0-spk08993009inf-030090352, best cost 76.9833 + -334.657 = -257.674 over 144 frames.
LOG (lattice-best-path[5.5.888~1-d619]:main():lattice-best-path.cc:99) For utterance nsc-part2-chn0-spk08993009inf-030090411, best cost 126.974 + -531.437 = -404.463 over 268 frames.
LOG (lattice-best-path[5.5.888~1-d619]:main():lattice-best-path.cc:99) For utterance nsc-part2-chn0-spk08993009inf-030090434, best cost 85.6533 + -382.807 = -297.154 over 185 frames.
LOG (lattice-best-path[5.5.888~1-d619]:main():lattice-best-path.cc:99) For utterance nsc-part2-chn0-spk08993009inf-030090439, best cost 76.5134 + -392.482 = -315.969 over 195 frames.
LOG (lattice-best-path[5.5.888~1-d619]:main():lattice-best-path.cc:99) For utterance nsc-part2-chn0-spk08993009inf-030090442, best cost 103.679 + -385.974 = -282.295 over 177 frames.
LOG (lattice-best-path[5.5.888~1-d619]:main():lattice-best-path.cc:99) For utterance nsc-part2-chn0-spk08993009inf-030091593, best cost 133.681 + -529.146 = -395.466 over 271 frames.
LOG (lattice-best-path[5.5.888~1-d619]:main():lattice-best-path.cc:99) For utterance nsc-part2-chn0-spk08993009inf-030091644, best cost 80.0642 + -318.064 = -238 over 150 frames.
LOG (lattice-best-path[5.5.888~1-d619]:main():lattice-best-path.cc:99) For utterance nsc-part2-chn0-spk08993009inf-030091751, best cost 106.674 + -420.446 = -313.772 over 211 frames.
LOG (lattice-best-path[5.5.888~1-d619]:main():lattice-best-path.cc:99) For utterance nsc-part2-chn0-spk09062988maf-029880079, best cost 95.9868 + -398.967 = -302.98 over 206 frames.
LOG (lattice-best-path[5.5.888~1-d619]:main():lattice-best-path.cc:99) For utterance nsc-part2-chn0-spk09062988maf-029880111, best cost 101.397 + -417.279 = -315.882 over 194 frames.
LOG (lattice-best-path[5.5.888~1-d619]:main():lattice-best-path.cc:99) For utterance nsc-part2-chn0-spk09062988maf-029880150, best cost 138.647 + -429.521 = -290.873 over 191 frames.
LOG (lattice-best-path[5.5.888~1-d619]:main():lattice-best-path.cc:99) For utterance nsc-part2-chn0-spk09062988maf-029880188, best cost 61.0576 + -211.529 = -150.471 over 92 frames.
LOG (lattice-best-path[5.5.888~1-d619]:main():lattice-best-path.cc:99) For utterance nsc-part2-chn0-spk09062988maf-029880225, best cost 30.4899 + -125.691 = -95.2014 over 64 frames.
LOG (lattice-best-path[5.5.888~1-d619]:main():lattice-best-path.cc:99) For utterance nsc-part2-chn0-spk09062988maf-029880258, best cost 52.8307 + -308.098 = -255.268 over 157 frames.
LOG (lattice-best-path[5.5.888~1-d619]:main():lattice-best-path.cc:99) For utterance nsc-part2-chn0-spk09062988maf-029880281, best cost 115.001 + -361.341 = -246.339 over 163 frames.
LOG (lattice-best-path[5.5.888~1-d619]:main():lattice-best-path.cc:99) For utterance nsc-part2-chn0-spk09062988maf-029880308, best cost 82.903 + -306.722 = -223.819 over 152 frames.
LOG (lattice-best-path[5.5.888~1-d619]:main():lattice-best-path.cc:99) For utterance nsc-part2-chn0-spk09062988maf-029880407, best cost 65.9392 + -257.013 = -191.074 over 106 frames.
LOG (lattice-best-path[5.5.888~1-d619]:main():lattice-best-path.cc:99) For utterance nsc-part2-chn0-spk09062988maf-029880415, best cost 93.7744 + -372.532 = -278.757 over 185 frames.
LOG (lattice-best-path[5.5.888~1-d619]:main():lattice-best-path.cc:99) For utterance nsc-part2-chn0-spk09062988maf-029881497, best cost 64.0086 + -399.1 = -335.091 over 193 frames.
LOG (lattice-best-path[5.5.888~1-d619]:main():lattice-best-path.cc:99) For utterance nsc-part2-chn0-spk09062988maf-029881548, best cost 96.4074 + -299.453 = -203.046 over 131 frames.
LOG (lattice-best-path[5.5.888~1-d619]:main():lattice-best-path.cc:99) For utterance nsc-part2-chn0-spk09062988maf-029881660, best cost 93.629 + -393.427 = -299.798 over 177 frames.
LOG (lattice-best-path[5.5.888~1-d619]:main():lattice-best-path.cc:99) For utterance nsc-part2-chn0-spk09062988maf-029881687, best cost 58.0154 + -197.51 = -139.495 over 101 frames.
LOG (lattice-best-path[5.5.888~1-d619]:main():lattice-best-path.cc:99) For utterance nsc-part2-chn0-spk09062988maf-029881890, best cost 106.43 + -402.421 = -295.99 over 202 frames.
LOG (lattice-best-path[5.5.888~1-d619]:main():lattice-best-path.cc:99) For utterance nsc-part2-chn0-spk09072989cnm-029890009, best cost 89.5578 + -318.24 = -228.682 over 131 frames.
LOG (lattice-best-path[5.5.888~1-d619]:main():lattice-best-path.cc:99) For utterance nsc-part2-chn0-spk09072989cnm-029890014, best cost 52.6781 + -210.213 = -157.535 over 121 frames.
LOG (lattice-best-path[5.5.888~1-d619]:main():lattice-best-path.cc:99) For utterance nsc-part2-chn0-spk09072989cnm-029890020, best cost 129.166 + -460.381 = -331.215 over 228 frames.
LOG (lattice-best-path[5.5.888~1-d619]:main():lattice-best-path.cc:99) For utterance nsc-part2-chn0-spk09072989cnm-029890030, best cost 22.5687 + -150.947 = -128.379 over 75 frames.
LOG (lattice-best-path[5.5.888~1-d619]:main():lattice-best-path.cc:99) For utterance nsc-part2-chn0-spk09072989cnm-029890111, best cost 62.9196 + -324.171 = -261.252 over 151 frames.
LOG (lattice-best-path[5.5.888~1-d619]:main():lattice-best-path.cc:99) For utterance nsc-part2-chn0-spk09072989cnm-029890149, best cost 70.4384 + -285.297 = -214.859 over 142 frames.
LOG (lattice-best-path[5.5.888~1-d619]:main():lattice-best-path.cc:99) For utterance nsc-part2-chn0-spk09072989cnm-029890199, best cost 86.6259 + -309.65 = -223.025 over 142 frames.
LOG (lattice-best-path[5.5.888~1-d619]:main():lattice-best-path.cc:99) For utterance nsc-part2-chn0-spk09072989cnm-029890247, best cost 116.82 + -495.827 = -379.007 over 250 frames.
LOG (lattice-best-path[5.5.888~1-d619]:main():lattice-best-path.cc:99) For utterance nsc-part2-chn0-spk09072989cnm-029890280, best cost 73.1638 + -247.667 = -174.503 over 106 frames.
LOG (lattice-best-path[5.5.888~1-d619]:main():lattice-best-path.cc:99) For utterance nsc-part2-chn0-spk09072989cnm-029890297, best cost 52.3435 + -296.802 = -244.459 over 150 frames.
LOG (lattice-best-path[5.5.888~1-d619]:main():lattice-best-path.cc:99) For utterance nsc-part2-chn0-spk09072989cnm-029890401, best cost 102.053 + -293.121 = -191.068 over 129 frames.
LOG (lattice-best-path[5.5.888~1-d619]:main():lattice-best-path.cc:99) For utterance nsc-part2-chn0-spk09072989cnm-029890411, best cost 97.0779 + -413.227 = -316.149 over 195 frames.
LOG (lattice-best-path[5.5.888~1-d619]:main():lattice-best-path.cc:99) For utterance nsc-part2-chn0-spk09072989cnm-029891651, best cost 90.0003 + -260.492 = -170.492 over 124 frames.
LOG (lattice-best-path[5.5.888~1-d619]:main():lattice-best-path.cc:99) For utterance nsc-part2-chn0-spk09072989cnm-029891762, best cost 124.828 + -491.328 = -366.5 over 232 frames.
LOG (lattice-best-path[5.5.888~1-d619]:main():lattice-best-path.cc:99) For utterance nsc-part2-chn0-spk09163029inm-030290014, best cost 56.8558 + -224.764 = -167.908 over 123 frames.
LOG (lattice-best-path[5.5.888~1-d619]:main():lattice-best-path.cc:99) For utterance nsc-part2-chn0-spk09163029inm-030290023, best cost 115.497 + -363.002 = -247.505 over 145 frames.
LOG (lattice-best-path[5.5.888~1-d619]:main():lattice-best-path.cc:99) For utterance nsc-part2-chn0-spk09163029inm-030290028, best cost 111.09 + -383.063 = -271.973 over 170 frames.
LOG (lattice-best-path[5.5.888~1-d619]:main():lattice-best-path.cc:99) For utterance nsc-part2-chn0-spk09163029inm-030290087, best cost 113.425 + -397.853 = -284.429 over 191 frames.
LOG (lattice-best-path[5.5.888~1-d619]:main():lattice-best-path.cc:99) For utterance nsc-part2-chn0-spk09163029inm-030290099, best cost 113.569 + -455.433 = -341.864 over 212 frames.
LOG (lattice-best-path[5.5.888~1-d619]:main():lattice-best-path.cc:99) For utterance nsc-part2-chn0-spk09163029inm-030290144, best cost 63.0415 + -309.046 = -246.004 over 160 frames.
LOG (lattice-best-path[5.5.888~1-d619]:main():lattice-best-path.cc:99) For utterance nsc-part2-chn0-spk09163029inm-030290247, best cost 72.3387 + -309.547 = -237.208 over 145 frames.
LOG (lattice-best-path[5.5.888~1-d619]:main():lattice-best-path.cc:99) For utterance nsc-part2-chn0-spk09163029inm-030290308, best cost 94.4966 + -417.097 = -322.6 over 206 frames.
LOG (lattice-best-path[5.5.888~1-d619]:main():lattice-best-path.cc:99) For utterance nsc-part2-chn0-spk09163029inm-030290415, best cost 63.5856 + -306.708 = -243.123 over 155 frames.
LOG (lattice-best-path[5.5.888~1-d619]:main():lattice-best-path.cc:99) For utterance nsc-part2-chn0-spk09163029inm-030290434, best cost 75.1525 + -285.174 = -210.022 over 132 frames.
LOG (lattice-best-path[5.5.888~1-d619]:main():lattice-best-path.cc:99) For utterance nsc-part2-chn0-spk09163029inm-030291480, best cost 51.995 + -300.808 = -248.813 over 145 frames.
LOG (lattice-best-path[5.5.888~1-d619]:main():lattice-best-path.cc:99) For utterance nsc-part2-chn0-spk09163029inm-030291528, best cost 61.8504 + -286.384 = -224.534 over 145 frames.
LOG (lattice-best-path[5.5.888~1-d619]:main():lattice-best-path.cc:99) For utterance nsc-part2-chn0-spk09163029inm-030291660, best cost 138.688 + -375.095 = -236.407 over 176 frames.
LOG (lattice-best-path[5.5.888~1-d619]:main():lattice-best-path.cc:99) For utterance nsc-part2-chn0-spk09163029inm-030291859, best cost 94.2555 + -404.695 = -310.44 over 200 frames.
LOG (lattice-best-path[5.5.888~1-d619]:main():lattice-best-path.cc:99) For utterance nsc-part2-chn0-spk09203005cnf-030050004, best cost 101.521 + -320.635 = -219.114 over 160 frames.
LOG (lattice-best-path[5.5.888~1-d619]:main():lattice-best-path.cc:99) For utterance nsc-part2-chn0-spk09203005cnf-030050028, best cost 77.2255 + -314.461 = -237.235 over 142 frames.
LOG (lattice-best-path[5.5.888~1-d619]:main():lattice-best-path.cc:99) For utterance nsc-part2-chn0-spk09203005cnf-030050085, best cost 63.6995 + -240.433 = -176.733 over 126 frames.
LOG (lattice-best-path[5.5.888~1-d619]:main():lattice-best-path.cc:99) For utterance nsc-part2-chn0-spk09203005cnf-030050123, best cost 64.0648 + -333.929 = -269.864 over 169 frames.
LOG (lattice-best-path[5.5.888~1-d619]:main():lattice-best-path.cc:99) For utterance nsc-part2-chn0-spk09203005cnf-030050166, best cost 82.4366 + -287.828 = -205.392 over 134 frames.
LOG (lattice-best-path[5.5.888~1-d619]:main():lattice-best-path.cc:99) For utterance nsc-part2-chn0-spk09203005cnf-030050212, best cost 82.8864 + -390.227 = -307.341 over 201 frames.
LOG (lattice-best-path[5.5.888~1-d619]:main():lattice-best-path.cc:99) For utterance nsc-part2-chn0-spk09203005cnf-030050221, best cost 69.2397 + -256.219 = -186.98 over 116 frames.
LOG (lattice-best-path[5.5.888~1-d619]:main():lattice-best-path.cc:99) For utterance nsc-part2-chn0-spk09203005cnf-030050294, best cost 112.472 + -392.061 = -279.59 over 177 frames.
LOG (lattice-best-path[5.5.888~1-d619]:main():lattice-best-path.cc:99) For utterance nsc-part2-chn0-spk09203005cnf-030050356, best cost 122.867 + -453.051 = -330.184 over 201 frames.
LOG (lattice-best-path[5.5.888~1-d619]:main():lattice-best-path.cc:99) For utterance nsc-part2-chn0-spk09203005cnf-030050374, best cost 72.9183 + -332.294 = -259.375 over 170 frames.
LOG (lattice-best-path[5.5.888~1-d619]:main():lattice-best-path.cc:99) For utterance nsc-part2-chn0-spk09203005cnf-030050388, best cost 67.8374 + -208.33 = -140.493 over 114 frames.
LOG (lattice-best-path[5.5.888~1-d619]:main():lattice-best-path.cc:99) For utterance nsc-part2-chn0-spk09203005cnf-030050414, best cost 23.8164 + -181.726 = -157.91 over 93 frames.
LOG (lattice-best-path[5.5.888~1-d619]:main():lattice-best-path.cc:99) For utterance nsc-part2-chn0-spk09203005cnf-030050423, best cost 108.284 + -339.289 = -231.005 over 142 frames.
LOG (lattice-best-path[5.5.888~1-d619]:main():lattice-best-path.cc:99) For utterance nsc-part2-chn0-spk09203005cnf-030050439, best cost 86.9827 + -435.594 = -348.611 over 217 frames.
LOG (lattice-best-path[5.5.888~1-d619]:main():lattice-best-path.cc:99) For utterance nsc-part2-chn0-spk09203005cnf-030051867, best cost 56.3476 + -249.542 = -193.194 over 139 frames.
LOG (lattice-best-path[5.5.888~1-d619]:main():lattice-best-path.cc:99) For utterance nsc-part2-chn0-spk09203005cnf-030051893, best cost 76.6648 + -290.999 = -214.334 over 149 frames.
LOG (lattice-best-path[5.5.888~1-d619]:main():lattice-best-path.cc:99) For utterance nsc-part2-chn0-spk09222998maf-029980029, best cost 78.4684 + -318.732 = -240.263 over 154 frames.
LOG (lattice-best-path[5.5.888~1-d619]:main():lattice-best-path.cc:99) For utterance nsc-part2-chn0-spk09222998maf-029980099, best cost 78.944 + -456.781 = -377.837 over 244 frames.
LOG (lattice-best-path[5.5.888~1-d619]:main():lattice-best-path.cc:99) For utterance nsc-part2-chn0-spk09222998maf-029980181, best cost 99.0846 + -338.788 = -239.703 over 154 frames.
LOG (lattice-best-path[5.5.888~1-d619]:main():lattice-best-path.cc:99) For utterance nsc-part2-chn0-spk09222998maf-029980225, best cost 22.0132 + -133.706 = -111.692 over 67 frames.
LOG (lattice-best-path[5.5.888~1-d619]:main():lattice-best-path.cc:99) For utterance nsc-part2-chn0-spk09222998maf-029980236, best cost 146.225 + -450.122 = -303.897 over 210 frames.
LOG (lattice-best-path[5.5.888~1-d619]:main():lattice-best-path.cc:99) For utterance nsc-part2-chn0-spk09222998maf-029980251, best cost 67.3513 + -288.388 = -221.036 over 149 frames.
LOG (lattice-best-path[5.5.888~1-d619]:main():lattice-best-path.cc:99) For utterance nsc-part2-chn0-spk09222998maf-029980294, best cost 108.247 + -438.978 = -330.731 over 208 frames.
LOG (lattice-best-path[5.5.888~1-d619]:main():lattice-best-path.cc:99) For utterance nsc-part2-chn0-spk09222998maf-029980326, best cost 51.572 + -212.855 = -161.284 over 105 frames.
LOG (lattice-best-path[5.5.888~1-d619]:main():lattice-best-path.cc:99) For utterance nsc-part2-chn0-spk09222998maf-029980356, best cost 102.866 + -517.609 = -414.743 over 284 frames.
LOG (lattice-best-path[5.5.888~1-d619]:main():lattice-best-path.cc:99) For utterance nsc-part2-chn0-spk09222998maf-029980362, best cost 91.4818 + -318.928 = -227.446 over 170 frames.
LOG (lattice-best-path[5.5.888~1-d619]:main():lattice-best-path.cc:99) For utterance nsc-part2-chn0-spk09222998maf-029980433, best cost 118.805 + -499.428 = -380.623 over 265 frames.
LOG (lattice-best-path[5.5.888~1-d619]:main():lattice-best-path.cc:99) For utterance nsc-part2-chn0-spk09222998maf-029981497, best cost 52.9 + -300.62 = -247.72 over 158 frames.
LOG (lattice-best-path[5.5.888~1-d619]:main():lattice-best-path.cc:99) For utterance nsc-part2-chn0-spk09222998maf-029981694, best cost 99.1599 + -288.319 = -189.159 over 150 frames.
LOG (lattice-best-path[5.5.888~1-d619]:main():lattice-best-path.cc:99) For utterance nsc-part2-chn0-spk09222998maf-029981881, best cost 43.1025 + -225.473 = -182.371 over 142 frames.
LOG (lattice-best-path[5.5.888~1-d619]:main():lattice-best-path.cc:99) For utterance nsc-part2-chn0-spk09222998maf-029981884, best cost 59.3097 + -231.594 = -172.285 over 132 frames.
LOG (lattice-best-path[5.5.888~1-d619]:main():lattice-best-path.cc:99) For utterance nsc-part2-chn0-spk09293057maf-030570080, best cost 69.549 + -321.51 = -251.961 over 129 frames.
LOG (lattice-best-path[5.5.888~1-d619]:main():lattice-best-path.cc:99) For utterance nsc-part2-chn0-spk09293057maf-030570100, best cost 73.8571 + -238.75 = -164.893 over 105 frames.
LOG (lattice-best-path[5.5.888~1-d619]:main():lattice-best-path.cc:99) For utterance nsc-part2-chn0-spk09293057maf-030570118, best cost 84.6993 + -367.839 = -283.14 over 178 frames.
LOG (lattice-best-path[5.5.888~1-d619]:main():lattice-best-path.cc:99) For utterance nsc-part2-chn0-spk09293057maf-030570196, best cost 59.8694 + -251.786 = -191.916 over 125 frames.
LOG (lattice-best-path[5.5.888~1-d619]:main():lattice-best-path.cc:99) For utterance nsc-part2-chn0-spk09293057maf-030570203, best cost 81.779 + -238.724 = -156.945 over 108 frames.
LOG (lattice-best-path[5.5.888~1-d619]:main():lattice-best-path.cc:99) For utterance nsc-part2-chn0-spk09293057maf-030570204, best cost 52.1679 + -193.007 = -140.839 over 93 frames.
LOG (lattice-best-path[5.5.888~1-d619]:main():lattice-best-path.cc:99) For utterance nsc-part2-chn0-spk09293057maf-030570415, best cost 41.8777 + -218.809 = -176.931 over 103 frames.
LOG (lattice-best-path[5.5.888~1-d619]:main():lattice-best-path.cc:99) For utterance nsc-part2-chn0-spk09293057maf-030571563, best cost 70.1376 + -225.096 = -154.958 over 99 frames.
LOG (lattice-best-path[5.5.888~1-d619]:main():lattice-best-path.cc:99) For utterance nsc-part2-chn0-spk09293057maf-030571569, best cost 94.8265 + -283.07 = -188.243 over 121 frames.
LOG (lattice-best-path[5.5.888~1-d619]:main():lattice-best-path.cc:99) For utterance nsc-part2-chn0-spk09293057maf-030571598, best cost 84.1234 + -263.697 = -179.574 over 120 frames.
LOG (lattice-best-path[5.5.888~1-d619]:main():lattice-best-path.cc:99) For utterance nsc-part2-chn0-spk09293057maf-030571750, best cost 117.906 + -404.928 = -287.021 over 189 frames.
LOG (lattice-best-path[5.5.888~1-d619]:main():lattice-best-path.cc:99) For utterance nsc-part2-chn0-spk09293057maf-030571760, best cost 55.2834 + -266.465 = -211.181 over 128 frames.
LOG (lattice-best-path[5.5.888~1-d619]:main():lattice-best-path.cc:99) For utterance nsc-part2-chn0-spk09293057maf-030571823, best cost 60.3645 + -185.801 = -125.437 over 82 frames.
LOG (lattice-best-path[5.5.888~1-d619]:main():lattice-best-path.cc:99) For utterance nsc-part2-chn0-spk09293057maf-030571832, best cost 70.0977 + -290.151 = -220.053 over 138 frames.
LOG (lattice-best-path[5.5.888~1-d619]:main():lattice-best-path.cc:99) For utterance nsc-part2-chn0-spk09293057maf-030571890, best cost 71.7035 + -253.384 = -181.681 over 121 frames.
LOG (lattice-depth-per-frame[5.5.888~1-d619]:main():lattice-depth-per-frame.cc:82) Done 120 lattices.
LOG (lattice-best-path[5.5.888~1-d619]:main():lattice-best-path.cc:124) Overall cost per frame is -1.55386 = 0.508598 [graph] + -2.06246 [acoustic] over 19767 frames.
LOG (lattice-best-path[5.5.888~1-d619]:main():lattice-best-path.cc:128) Done 120 lattices, failed for 0
# Ended (code 0) at Wed Aug 25 19:08:32 +08 2021, elapsed time 13 seconds
