# lattice-depth-per-frame "ark:gunzip -c /home3/ztkyaw/w2021/deliverables/contrast-zin-dev/baseline/tdnnf-transfer-sp/decode_imda-part2_1629889191-hw_lmg/lat.2.gz|" "ark,t:|gzip -c > /home3/ztkyaw/w2021/deliverables/contrast-zin-dev/baseline/tdnnf-transfer-sp/decode_imda-part2_1629889191-hw_lmg/depth_tmp.2.gz" ark:- | lattice-best-path --acoustic-scale=0.1 ark:- ark:/dev/null "ark,t:|gzip -c >/home3/ztkyaw/w2021/deliverables/contrast-zin-dev/baseline/tdnnf-transfer-sp/decode_imda-part2_1629889191-hw_lmg/ali_tmp.2.gz" 
# Invoked at Wed Aug 25 19:08:19 +08 2021 from node02
#
# Started at Wed Aug 25 19:08:31 SGT 2021 on node03
lattice-best-path --acoustic-scale=0.1 ark:- ark:/dev/null 'ark,t:|gzip -c >/home3/ztkyaw/w2021/deliverables/contrast-zin-dev/baseline/tdnnf-transfer-sp/decode_imda-part2_1629889191-hw_lmg/ali_tmp.2.gz' 
lattice-depth-per-frame 'ark:gunzip -c /home3/ztkyaw/w2021/deliverables/contrast-zin-dev/baseline/tdnnf-transfer-sp/decode_imda-part2_1629889191-hw_lmg/lat.2.gz|' 'ark,t:|gzip -c > /home3/ztkyaw/w2021/deliverables/contrast-zin-dev/baseline/tdnnf-transfer-sp/decode_imda-part2_1629889191-hw_lmg/depth_tmp.2.gz' ark:- 
LOG (lattice-best-path[5.5.888~1-d619]:main():lattice-best-path.cc:99) For utterance nsc-part2-chn0-spk03092658maf-026580080, best cost 108.859 + -539.939 = -431.08 over 271 frames.
LOG (lattice-best-path[5.5.888~1-d619]:main():lattice-best-path.cc:99) For utterance nsc-part2-chn0-spk03092658maf-026580111, best cost 84.6601 + -399.588 = -314.928 over 187 frames.
LOG (lattice-best-path[5.5.888~1-d619]:main():lattice-best-path.cc:99) For utterance nsc-part2-chn0-spk03092658maf-026580197, best cost 69.4171 + -254.866 = -185.449 over 134 frames.
LOG (lattice-best-path[5.5.888~1-d619]:main():lattice-best-path.cc:99) For utterance nsc-part2-chn0-spk03092658maf-026580273, best cost 96.1404 + -294.294 = -198.153 over 148 frames.
LOG (lattice-best-path[5.5.888~1-d619]:main():lattice-best-path.cc:99) For utterance nsc-part2-chn0-spk03092658maf-026580299, best cost 105.293 + -415.977 = -310.684 over 218 frames.
LOG (lattice-best-path[5.5.888~1-d619]:main():lattice-best-path.cc:99) For utterance nsc-part2-chn0-spk03092658maf-026580311, best cost 77.3225 + -275.141 = -197.818 over 127 frames.
LOG (lattice-best-path[5.5.888~1-d619]:main():lattice-best-path.cc:99) For utterance nsc-part2-chn0-spk03092658maf-026580313, best cost 95.8167 + -460.749 = -364.933 over 217 frames.
LOG (lattice-best-path[5.5.888~1-d619]:main():lattice-best-path.cc:99) For utterance nsc-part2-chn0-spk03092658maf-026580327, best cost 86.21 + -412.979 = -326.769 over 229 frames.
LOG (lattice-best-path[5.5.888~1-d619]:main():lattice-best-path.cc:99) For utterance nsc-part2-chn0-spk03092658maf-026581497, best cost 63.6684 + -300.025 = -236.357 over 165 frames.
LOG (lattice-best-path[5.5.888~1-d619]:main():lattice-best-path.cc:99) For utterance nsc-part2-chn0-spk03092658maf-026581519, best cost 60.0778 + -217.688 = -157.611 over 108 frames.
LOG (lattice-best-path[5.5.888~1-d619]:main():lattice-best-path.cc:99) For utterance nsc-part2-chn0-spk03092658maf-026581607, best cost 32.9007 + -159.096 = -126.196 over 80 frames.
LOG (lattice-best-path[5.5.888~1-d619]:main():lattice-best-path.cc:99) For utterance nsc-part2-chn0-spk03092658maf-026581697, best cost 88.0834 + -269.091 = -181.008 over 121 frames.
LOG (lattice-best-path[5.5.888~1-d619]:main():lattice-best-path.cc:99) For utterance nsc-part2-chn0-spk03092658maf-026581716, best cost 154.676 + -516.494 = -361.818 over 242 frames.
LOG (lattice-best-path[5.5.888~1-d619]:main():lattice-best-path.cc:99) For utterance nsc-part2-chn0-spk03092658maf-026581893, best cost 63.2228 + -267.606 = -204.384 over 130 frames.
LOG (lattice-best-path[5.5.888~1-d619]:main():lattice-best-path.cc:99) For utterance nsc-part2-chn0-spk03192668maf-026680024, best cost 85.6593 + -362.827 = -277.168 over 180 frames.
LOG (lattice-best-path[5.5.888~1-d619]:main():lattice-best-path.cc:99) For utterance nsc-part2-chn0-spk03192668maf-026680099, best cost 70.7821 + -288.455 = -217.673 over 142 frames.
LOG (lattice-best-path[5.5.888~1-d619]:main():lattice-best-path.cc:99) For utterance nsc-part2-chn0-spk03192668maf-026680123, best cost 72.0747 + -327.366 = -255.291 over 161 frames.
LOG (lattice-best-path[5.5.888~1-d619]:main():lattice-best-path.cc:99) For utterance nsc-part2-chn0-spk03192668maf-026680212, best cost 69.7196 + -323.908 = -254.188 over 144 frames.
LOG (lattice-best-path[5.5.888~1-d619]:main():lattice-best-path.cc:99) For utterance nsc-part2-chn0-spk03192668maf-026680269, best cost 70.2286 + -279.249 = -209.021 over 136 frames.
LOG (lattice-best-path[5.5.888~1-d619]:main():lattice-best-path.cc:99) For utterance nsc-part2-chn0-spk03192668maf-026680299, best cost 61.9584 + -265.233 = -203.274 over 119 frames.
LOG (lattice-best-path[5.5.888~1-d619]:main():lattice-best-path.cc:99) For utterance nsc-part2-chn0-spk03192668maf-026680384, best cost 117.185 + -338.453 = -221.268 over 162 frames.
LOG (lattice-best-path[5.5.888~1-d619]:main():lattice-best-path.cc:99) For utterance nsc-part2-chn0-spk03192668maf-026680411, best cost 73.0294 + -305.929 = -232.9 over 132 frames.
LOG (lattice-best-path[5.5.888~1-d619]:main():lattice-best-path.cc:99) For utterance nsc-part2-chn0-spk03192668maf-026680415, best cost 59.9905 + -265.794 = -205.803 over 124 frames.
LOG (lattice-best-path[5.5.888~1-d619]:main():lattice-best-path.cc:99) For utterance nsc-part2-chn0-spk03192668maf-026681505, best cost 69.6841 + -233.822 = -164.138 over 115 frames.
LOG (lattice-best-path[5.5.888~1-d619]:main():lattice-best-path.cc:99) For utterance nsc-part2-chn0-spk03192668maf-026681571, best cost 76.9562 + -269.288 = -192.332 over 129 frames.
LOG (lattice-best-path[5.5.888~1-d619]:main():lattice-best-path.cc:99) For utterance nsc-part2-chn0-spk03192668maf-026681582, best cost 81.6903 + -289.712 = -208.022 over 145 frames.
LOG (lattice-best-path[5.5.888~1-d619]:main():lattice-best-path.cc:99) For utterance nsc-part2-chn0-spk03192668maf-026681668, best cost 66.5359 + -222.615 = -156.079 over 103 frames.
LOG (lattice-best-path[5.5.888~1-d619]:main():lattice-best-path.cc:99) For utterance nsc-part2-chn0-spk03192668maf-026681746, best cost 69.6686 + -225.334 = -155.666 over 107 frames.
LOG (lattice-best-path[5.5.888~1-d619]:main():lattice-best-path.cc:99) For utterance nsc-part2-chn0-spk03192668maf-026681882, best cost 66.7847 + -350.437 = -283.652 over 160 frames.
LOG (lattice-best-path[5.5.888~1-d619]:main():lattice-best-path.cc:99) For utterance nsc-part2-chn0-spk03272676cnm-026760063, best cost 50.3821 + -228.425 = -178.043 over 124 frames.
LOG (lattice-best-path[5.5.888~1-d619]:main():lattice-best-path.cc:99) For utterance nsc-part2-chn0-spk03272676cnm-026760100, best cost 77.3134 + -311.295 = -233.982 over 142 frames.
LOG (lattice-best-path[5.5.888~1-d619]:main():lattice-best-path.cc:99) For utterance nsc-part2-chn0-spk03272676cnm-026760111, best cost 72.1302 + -325.464 = -253.334 over 167 frames.
LOG (lattice-best-path[5.5.888~1-d619]:main():lattice-best-path.cc:99) For utterance nsc-part2-chn0-spk03272676cnm-026760136, best cost 100.445 + -417.79 = -317.345 over 235 frames.
LOG (lattice-best-path[5.5.888~1-d619]:main():lattice-best-path.cc:99) For utterance nsc-part2-chn0-spk03272676cnm-026760204, best cost 56.8276 + -234.794 = -177.967 over 116 frames.
LOG (lattice-best-path[5.5.888~1-d619]:main():lattice-best-path.cc:99) For utterance nsc-part2-chn0-spk03272676cnm-026760439, best cost 64.7904 + -338.211 = -273.42 over 168 frames.
LOG (lattice-best-path[5.5.888~1-d619]:main():lattice-best-path.cc:99) For utterance nsc-part2-chn0-spk03272676cnm-026761516, best cost 82.1824 + -341.068 = -258.885 over 195 frames.
LOG (lattice-best-path[5.5.888~1-d619]:main():lattice-best-path.cc:99) For utterance nsc-part2-chn0-spk03272676cnm-026761535, best cost 80.2495 + -369.049 = -288.799 over 208 frames.
LOG (lattice-best-path[5.5.888~1-d619]:main():lattice-best-path.cc:99) For utterance nsc-part2-chn0-spk03272676cnm-026761548, best cost 88.3312 + -304.917 = -216.586 over 130 frames.
LOG (lattice-best-path[5.5.888~1-d619]:main():lattice-best-path.cc:99) For utterance nsc-part2-chn0-spk03272676cnm-026761559, best cost 92.7723 + -399.982 = -307.21 over 190 frames.
LOG (lattice-best-path[5.5.888~1-d619]:main():lattice-best-path.cc:99) For utterance nsc-part2-chn0-spk03272676cnm-026761650, best cost 61.4696 + -220.717 = -159.248 over 98 frames.
LOG (lattice-best-path[5.5.888~1-d619]:main():lattice-best-path.cc:99) For utterance nsc-part2-chn0-spk03272676cnm-026761716, best cost 102.766 + -352.615 = -249.849 over 168 frames.
LOG (lattice-best-path[5.5.888~1-d619]:main():lattice-best-path.cc:99) For utterance nsc-part2-chn0-spk03272676cnm-026761742, best cost 101.623 + -408.316 = -306.693 over 210 frames.
LOG (lattice-best-path[5.5.888~1-d619]:main():lattice-best-path.cc:99) For utterance nsc-part2-chn0-spk03272676cnm-026761773, best cost 98.3892 + -310.982 = -212.593 over 159 frames.
LOG (lattice-best-path[5.5.888~1-d619]:main():lattice-best-path.cc:99) For utterance nsc-part2-chn0-spk03422691cnm-026910024, best cost 61.7222 + -329.192 = -267.47 over 160 frames.
LOG (lattice-best-path[5.5.888~1-d619]:main():lattice-best-path.cc:99) For utterance nsc-part2-chn0-spk03422691cnm-026910121, best cost 104.826 + -328.945 = -224.119 over 146 frames.
LOG (lattice-best-path[5.5.888~1-d619]:main():lattice-best-path.cc:99) For utterance nsc-part2-chn0-spk03422691cnm-026910123, best cost 56.4772 + -310.734 = -254.257 over 155 frames.
LOG (lattice-best-path[5.5.888~1-d619]:main():lattice-best-path.cc:99) For utterance nsc-part2-chn0-spk03422691cnm-026910173, best cost 63.1619 + -279.595 = -216.433 over 147 frames.
LOG (lattice-best-path[5.5.888~1-d619]:main():lattice-best-path.cc:99) For utterance nsc-part2-chn0-spk03422691cnm-026910191, best cost 90.4103 + -281.705 = -191.294 over 133 frames.
LOG (lattice-best-path[5.5.888~1-d619]:main():lattice-best-path.cc:99) For utterance nsc-part2-chn0-spk03422691cnm-026910294, best cost 130.074 + -518.018 = -387.944 over 279 frames.
LOG (lattice-best-path[5.5.888~1-d619]:main():lattice-best-path.cc:99) For utterance nsc-part2-chn0-spk03422691cnm-026911468, best cost 124.03 + -324.436 = -200.406 over 143 frames.
LOG (lattice-best-path[5.5.888~1-d619]:main():lattice-best-path.cc:99) For utterance nsc-part2-chn0-spk03422691cnm-026911497, best cost 78.5879 + -357.314 = -278.726 over 182 frames.
LOG (lattice-best-path[5.5.888~1-d619]:main():lattice-best-path.cc:99) For utterance nsc-part2-chn0-spk03422691cnm-026911563, best cost 57.6513 + -186.461 = -128.81 over 93 frames.
LOG (lattice-best-path[5.5.888~1-d619]:main():lattice-best-path.cc:99) For utterance nsc-part2-chn0-spk03422691cnm-026911610, best cost 86.5049 + -282.121 = -195.616 over 139 frames.
LOG (lattice-best-path[5.5.888~1-d619]:main():lattice-best-path.cc:99) For utterance nsc-part2-chn0-spk03422691cnm-026911623, best cost 98.3107 + -275.263 = -176.953 over 133 frames.
LOG (lattice-best-path[5.5.888~1-d619]:main():lattice-best-path.cc:99) For utterance nsc-part2-chn0-spk03422691cnm-026911649, best cost 49.3681 + -196.51 = -147.142 over 94 frames.
LOG (lattice-best-path[5.5.888~1-d619]:main():lattice-best-path.cc:99) For utterance nsc-part2-chn0-spk03422691cnm-026911651, best cost 67.2366 + -271.813 = -204.576 over 126 frames.
LOG (lattice-best-path[5.5.888~1-d619]:main():lattice-best-path.cc:99) For utterance nsc-part2-chn0-spk03422691cnm-026911701, best cost 102.673 + -318.288 = -215.616 over 150 frames.
LOG (lattice-best-path[5.5.888~1-d619]:main():lattice-best-path.cc:99) For utterance nsc-part2-chn0-spk03422691cnm-026911760, best cost 99.9801 + -402.432 = -302.452 over 200 frames.
LOG (lattice-best-path[5.5.888~1-d619]:main():lattice-best-path.cc:99) For utterance nsc-part2-chn0-spk03422691cnm-026911855, best cost 46.748 + -186.977 = -140.229 over 93 frames.
LOG (lattice-best-path[5.5.888~1-d619]:main():lattice-best-path.cc:99) For utterance nsc-part2-chn0-spk03422691cnm-026911859, best cost 84.7892 + -286.444 = -201.655 over 131 frames.
LOG (lattice-best-path[5.5.888~1-d619]:main():lattice-best-path.cc:99) For utterance nsc-part2-chn0-spk03422691cnm-026911874, best cost 115.517 + -361.235 = -245.718 over 166 frames.
LOG (lattice-best-path[5.5.888~1-d619]:main():lattice-best-path.cc:99) For utterance nsc-part2-chn0-spk03762720cnm-027200121, best cost 91.867 + -316.933 = -225.066 over 147 frames.
LOG (lattice-best-path[5.5.888~1-d619]:main():lattice-best-path.cc:99) For utterance nsc-part2-chn0-spk03762720cnm-027200144, best cost 119.264 + -435.529 = -316.265 over 217 frames.
LOG (lattice-best-path[5.5.888~1-d619]:main():lattice-best-path.cc:99) For utterance nsc-part2-chn0-spk03762720cnm-027200188, best cost 71.7599 + -274.56 = -202.8 over 131 frames.
LOG (lattice-best-path[5.5.888~1-d619]:main():lattice-best-path.cc:99) For utterance nsc-part2-chn0-spk03762720cnm-027200197, best cost 58.3712 + -238.365 = -179.993 over 131 frames.
LOG (lattice-best-path[5.5.888~1-d619]:main():lattice-best-path.cc:99) For utterance nsc-part2-chn0-spk03762720cnm-027200232, best cost 102.304 + -345.786 = -243.482 over 172 frames.
LOG (lattice-best-path[5.5.888~1-d619]:main():lattice-best-path.cc:99) For utterance nsc-part2-chn0-spk03762720cnm-027200268, best cost 91.5609 + -406.579 = -315.019 over 215 frames.
LOG (lattice-best-path[5.5.888~1-d619]:main():lattice-best-path.cc:99) For utterance nsc-part2-chn0-spk03762720cnm-027200308, best cost 73.2425 + -359.244 = -286.002 over 171 frames.
LOG (lattice-best-path[5.5.888~1-d619]:main():lattice-best-path.cc:99) For utterance nsc-part2-chn0-spk03762720cnm-027200384, best cost 60.1299 + -274.82 = -214.69 over 137 frames.
LOG (lattice-best-path[5.5.888~1-d619]:main():lattice-best-path.cc:99) For utterance nsc-part2-chn0-spk03762720cnm-027200434, best cost 98.3813 + -402.464 = -304.083 over 208 frames.
LOG (lattice-best-path[5.5.888~1-d619]:main():lattice-best-path.cc:99) For utterance nsc-part2-chn0-spk03762720cnm-027201472, best cost 64.1852 + -311.637 = -247.451 over 155 frames.
LOG (lattice-best-path[5.5.888~1-d619]:main():lattice-best-path.cc:99) For utterance nsc-part2-chn0-spk03762720cnm-027201480, best cost 122.213 + -493.456 = -371.243 over 258 frames.
LOG (lattice-best-path[5.5.888~1-d619]:main():lattice-best-path.cc:99) For utterance nsc-part2-chn0-spk03762720cnm-027201571, best cost 116.244 + -481.404 = -365.159 over 233 frames.
LOG (lattice-best-path[5.5.888~1-d619]:main():lattice-best-path.cc:99) For utterance nsc-part2-chn0-spk03762720cnm-027201610, best cost 95.6579 + -431.49 = -335.832 over 198 frames.
LOG (lattice-best-path[5.5.888~1-d619]:main():lattice-best-path.cc:99) For utterance nsc-part2-chn0-spk03762720cnm-027201623, best cost 75.9221 + -282.369 = -206.447 over 128 frames.
LOG (lattice-best-path[5.5.888~1-d619]:main():lattice-best-path.cc:99) For utterance nsc-part2-chn0-spk03762720cnm-027201658, best cost 67.5443 + -264.811 = -197.267 over 123 frames.
LOG (lattice-best-path[5.5.888~1-d619]:main():lattice-best-path.cc:99) For utterance nsc-part2-chn0-spk03762720cnm-027201661, best cost 62.2278 + -233.903 = -171.675 over 124 frames.
LOG (lattice-best-path[5.5.888~1-d619]:main():lattice-best-path.cc:99) For utterance nsc-part2-chn0-spk03762720cnm-027201695, best cost 66.7635 + -288.531 = -221.768 over 146 frames.
LOG (lattice-best-path[5.5.888~1-d619]:main():lattice-best-path.cc:99) For utterance nsc-part2-chn0-spk03762720cnm-027201717, best cost 61.3269 + -302.286 = -240.959 over 149 frames.
LOG (lattice-best-path[5.5.888~1-d619]:main():lattice-best-path.cc:99) For utterance nsc-part2-chn0-spk03762720cnm-027201833, best cost 57.612 + -288.877 = -231.265 over 150 frames.
LOG (lattice-best-path[5.5.888~1-d619]:main():lattice-best-path.cc:99) For utterance nsc-part2-chn0-spk03762720cnm-027201882, best cost 145.103 + -613.578 = -468.474 over 281 frames.
LOG (lattice-best-path[5.5.888~1-d619]:main():lattice-best-path.cc:99) For utterance nsc-part2-chn0-spk04052722cnf-027220102, best cost 108.319 + -330.732 = -222.413 over 154 frames.
LOG (lattice-best-path[5.5.888~1-d619]:main():lattice-best-path.cc:99) For utterance nsc-part2-chn0-spk04052722cnf-027220118, best cost 83.9413 + -386.748 = -302.806 over 189 frames.
LOG (lattice-best-path[5.5.888~1-d619]:main():lattice-best-path.cc:99) For utterance nsc-part2-chn0-spk04052722cnf-027220134, best cost 53.3852 + -341.185 = -287.8 over 165 frames.
LOG (lattice-best-path[5.5.888~1-d619]:main():lattice-best-path.cc:99) For utterance nsc-part2-chn0-spk04052722cnf-027220411, best cost 88.0817 + -336.006 = -247.925 over 155 frames.
LOG (lattice-best-path[5.5.888~1-d619]:main():lattice-best-path.cc:99) For utterance nsc-part2-chn0-spk04052722cnf-027221497, best cost 98.4707 + -474.875 = -376.404 over 230 frames.
LOG (lattice-best-path[5.5.888~1-d619]:main():lattice-best-path.cc:99) For utterance nsc-part2-chn0-spk04052722cnf-027221552, best cost 81.9142 + -301.069 = -219.155 over 134 frames.
LOG (lattice-best-path[5.5.888~1-d619]:main():lattice-best-path.cc:99) For utterance nsc-part2-chn0-spk04052722cnf-027221592, best cost 53.7288 + -319.994 = -266.265 over 170 frames.
LOG (lattice-best-path[5.5.888~1-d619]:main():lattice-best-path.cc:99) For utterance nsc-part2-chn0-spk04052722cnf-027221621, best cost 86.3607 + -382.317 = -295.957 over 167 frames.
LOG (lattice-best-path[5.5.888~1-d619]:main():lattice-best-path.cc:99) For utterance nsc-part2-chn0-spk04052722cnf-027221644, best cost 79.2291 + -333.38 = -254.151 over 158 frames.
LOG (lattice-best-path[5.5.888~1-d619]:main():lattice-best-path.cc:99) For utterance nsc-part2-chn0-spk04052722cnf-027221699, best cost 90.9047 + -306.718 = -215.813 over 165 frames.
LOG (lattice-best-path[5.5.888~1-d619]:main():lattice-best-path.cc:99) For utterance nsc-part2-chn0-spk04052722cnf-027221717, best cost 73.4428 + -343.284 = -269.841 over 164 frames.
LOG (lattice-best-path[5.5.888~1-d619]:main():lattice-best-path.cc:99) For utterance nsc-part2-chn0-spk04052722cnf-027221721, best cost 85.0164 + -330.584 = -245.568 over 148 frames.
LOG (lattice-best-path[5.5.888~1-d619]:main():lattice-best-path.cc:99) For utterance nsc-part2-chn0-spk04052722cnf-027221747, best cost 79.651 + -300.739 = -221.088 over 154 frames.
LOG (lattice-best-path[5.5.888~1-d619]:main():lattice-best-path.cc:99) For utterance nsc-part2-chn0-spk04052722cnf-027221773, best cost 66.8776 + -311.222 = -244.345 over 152 frames.
LOG (lattice-best-path[5.5.888~1-d619]:main():lattice-best-path.cc:99) For utterance nsc-part2-chn0-spk04452729maf-027290049, best cost 80.979 + -339.239 = -258.26 over 163 frames.
LOG (lattice-best-path[5.5.888~1-d619]:main():lattice-best-path.cc:99) For utterance nsc-part2-chn0-spk04452729maf-027290087, best cost 117.144 + -471.748 = -354.604 over 206 frames.
LOG (lattice-best-path[5.5.888~1-d619]:main():lattice-best-path.cc:99) For utterance nsc-part2-chn0-spk04452729maf-027290176, best cost 50.5433 + -289.151 = -238.608 over 124 frames.
LOG (lattice-best-path[5.5.888~1-d619]:main():lattice-best-path.cc:99) For utterance nsc-part2-chn0-spk04452729maf-027290202, best cost 81.3003 + -270.362 = -189.061 over 114 frames.
LOG (lattice-best-path[5.5.888~1-d619]:main():lattice-best-path.cc:99) For utterance nsc-part2-chn0-spk04452729maf-027290268, best cost 149.786 + -505.602 = -355.817 over 207 frames.
LOG (lattice-best-path[5.5.888~1-d619]:main():lattice-best-path.cc:99) For utterance nsc-part2-chn0-spk04452729maf-027290302, best cost 63.3194 + -302.75 = -239.43 over 133 frames.
LOG (lattice-best-path[5.5.888~1-d619]:main():lattice-best-path.cc:99) For utterance nsc-part2-chn0-spk04452729maf-027290323, best cost 63.962 + -315.193 = -251.231 over 136 frames.
LOG (lattice-best-path[5.5.888~1-d619]:main():lattice-best-path.cc:99) For utterance nsc-part2-chn0-spk04452729maf-027290415, best cost 92.0582 + -313.549 = -221.49 over 157 frames.
LOG (lattice-best-path[5.5.888~1-d619]:main():lattice-best-path.cc:99) For utterance nsc-part2-chn0-spk04452729maf-027290436, best cost 51.628 + -270.091 = -218.463 over 136 frames.
LOG (lattice-best-path[5.5.888~1-d619]:main():lattice-best-path.cc:99) For utterance nsc-part2-chn0-spk04452729maf-027291508, best cost 65.574 + -239.137 = -173.563 over 102 frames.
LOG (lattice-best-path[5.5.888~1-d619]:main():lattice-best-path.cc:99) For utterance nsc-part2-chn0-spk04452729maf-027291698, best cost 74.9926 + -259.874 = -184.881 over 117 frames.
LOG (lattice-best-path[5.5.888~1-d619]:main():lattice-best-path.cc:99) For utterance nsc-part2-chn0-spk04452729maf-027291773, best cost 83.4886 + -335.057 = -251.568 over 167 frames.
LOG (lattice-best-path[5.5.888~1-d619]:main():lattice-best-path.cc:99) For utterance nsc-part2-chn0-spk04452729maf-027291804, best cost 60.7988 + -304.835 = -244.037 over 141 frames.
LOG (lattice-best-path[5.5.888~1-d619]:main():lattice-best-path.cc:99) For utterance nsc-part2-chn0-spk04452729maf-027291848, best cost 79.9888 + -263.009 = -183.02 over 112 frames.
LOG (lattice-best-path[5.5.888~1-d619]:main():lattice-best-path.cc:99) For utterance nsc-part2-chn0-spk04452729maf-027291893, best cost 83.0649 + -369.895 = -286.83 over 164 frames.
LOG (lattice-best-path[5.5.888~1-d619]:main():lattice-best-path.cc:99) For utterance nsc-part2-chn0-spk06922289cnf-022890134, best cost 88.0321 + -369.867 = -281.835 over 191 frames.
LOG (lattice-best-path[5.5.888~1-d619]:main():lattice-best-path.cc:99) For utterance nsc-part2-chn0-spk06922289cnf-022890164, best cost 63.606 + -232.813 = -169.207 over 113 frames.
LOG (lattice-best-path[5.5.888~1-d619]:main():lattice-best-path.cc:99) For utterance nsc-part2-chn0-spk06922289cnf-022890181, best cost 78.9543 + -272.784 = -193.829 over 128 frames.
LOG (lattice-best-path[5.5.888~1-d619]:main():lattice-best-path.cc:99) For utterance nsc-part2-chn0-spk06922289cnf-022890239, best cost 41.1727 + -185.649 = -144.476 over 101 frames.
LOG (lattice-best-path[5.5.888~1-d619]:main():lattice-best-path.cc:99) For utterance nsc-part2-chn0-spk06922289cnf-022890269, best cost 56.5093 + -295.106 = -238.597 over 160 frames.
LOG (lattice-best-path[5.5.888~1-d619]:main():lattice-best-path.cc:99) For utterance nsc-part2-chn0-spk06922289cnf-022890332, best cost 23.6075 + -151.334 = -127.727 over 90 frames.
LOG (lattice-best-path[5.5.888~1-d619]:main():lattice-best-path.cc:99) For utterance nsc-part2-chn0-spk06922289cnf-022890412, best cost 69.7672 + -294.001 = -224.234 over 158 frames.
LOG (lattice-best-path[5.5.888~1-d619]:main():lattice-best-path.cc:99) For utterance nsc-part2-chn0-spk06922289cnf-022890439, best cost 63.9878 + -317.676 = -253.688 over 160 frames.
LOG (lattice-best-path[5.5.888~1-d619]:main():lattice-best-path.cc:99) For utterance nsc-part2-chn0-spk06922289cnf-022891716, best cost 84.5718 + -294.652 = -210.08 over 158 frames.
LOG (lattice-best-path[5.5.888~1-d619]:main():lattice-best-path.cc:99) For utterance nsc-part2-chn0-spk06922289cnf-022891773, best cost 69.987 + -322.356 = -252.369 over 151 frames.
LOG (lattice-best-path[5.5.888~1-d619]:main():lattice-best-path.cc:99) For utterance nsc-part2-chn0-spk06922289cnf-022891774, best cost 41.9316 + -182.15 = -140.219 over 94 frames.
LOG (lattice-best-path[5.5.888~1-d619]:main():lattice-best-path.cc:99) For utterance nsc-part2-chn0-spk06922289cnf-022891804, best cost 71.1613 + -252.966 = -181.805 over 130 frames.
LOG (lattice-best-path[5.5.888~1-d619]:main():lattice-best-path.cc:99) For utterance nsc-part2-chn0-spk06922289cnf-022891841, best cost 67.5971 + -247.809 = -180.212 over 118 frames.
LOG (lattice-best-path[5.5.888~1-d619]:main():lattice-best-path.cc:99) For utterance nsc-part2-chn0-spk06922289cnf-022891866, best cost 81.6893 + -279.895 = -198.206 over 147 frames.
LOG (lattice-best-path[5.5.888~1-d619]:main():lattice-best-path.cc:99) For utterance nsc-part2-chn0-spk06922289cnf-022891875, best cost 70.1211 + -279.86 = -209.739 over 140 frames.
LOG (lattice-depth-per-frame[5.5.888~1-d619]:main():lattice-depth-per-frame.cc:82) Done 125 lattices.
LOG (lattice-best-path[5.5.888~1-d619]:main():lattice-best-path.cc:124) Overall cost per frame is -1.54116 = 0.512459 [graph] + -2.05362 [acoustic] over 19413 frames.
LOG (lattice-best-path[5.5.888~1-d619]:main():lattice-best-path.cc:128) Done 125 lattices, failed for 0
# Ended (code 0) at Wed Aug 25 19:08:32 +08 2021, elapsed time 13 seconds
