# lattice-depth-per-frame "ark:gunzip -c /home3/ztkyaw/w2021/deliverables/contrast-zin-dev/baseline/tdnnf-transfer-sp/decode_imda-part2_1629889191-hw_lmg/lat.6.gz|" "ark,t:|gzip -c > /home3/ztkyaw/w2021/deliverables/contrast-zin-dev/baseline/tdnnf-transfer-sp/decode_imda-part2_1629889191-hw_lmg/depth_tmp.6.gz" ark:- | lattice-best-path --acoustic-scale=0.1 ark:- ark:/dev/null "ark,t:|gzip -c >/home3/ztkyaw/w2021/deliverables/contrast-zin-dev/baseline/tdnnf-transfer-sp/decode_imda-part2_1629889191-hw_lmg/ali_tmp.6.gz" 
# Invoked at Wed Aug 25 19:08:19 +08 2021 from node02
#
# Started at Wed Aug 25 19:08:31 +08 2021 on node01
lattice-depth-per-frame 'ark:gunzip -c /home3/ztkyaw/w2021/deliverables/contrast-zin-dev/baseline/tdnnf-transfer-sp/decode_imda-part2_1629889191-hw_lmg/lat.6.gz|' 'ark,t:|gzip -c > /home3/ztkyaw/w2021/deliverables/contrast-zin-dev/baseline/tdnnf-transfer-sp/decode_imda-part2_1629889191-hw_lmg/depth_tmp.6.gz' ark:- 
lattice-best-path --acoustic-scale=0.1 ark:- ark:/dev/null 'ark,t:|gzip -c >/home3/ztkyaw/w2021/deliverables/contrast-zin-dev/baseline/tdnnf-transfer-sp/decode_imda-part2_1629889191-hw_lmg/ali_tmp.6.gz' 
LOG (lattice-best-path[5.5.888~1-d619]:main():lattice-best-path.cc:99) For utterance nsc-part2-chn0-spk09383051inf-030510049, best cost 103.867 + -458.16 = -354.293 over 229 frames.
LOG (lattice-best-path[5.5.888~1-d619]:main():lattice-best-path.cc:99) For utterance nsc-part2-chn0-spk09383051inf-030510060, best cost 82.1425 + -301.062 = -218.92 over 140 frames.
LOG (lattice-best-path[5.5.888~1-d619]:main():lattice-best-path.cc:99) For utterance nsc-part2-chn0-spk09383051inf-030510099, best cost 63.6855 + -328.919 = -265.234 over 142 frames.
LOG (lattice-best-path[5.5.888~1-d619]:main():lattice-best-path.cc:99) For utterance nsc-part2-chn0-spk09383051inf-030510134, best cost 70.1753 + -360.018 = -289.843 over 161 frames.
LOG (lattice-best-path[5.5.888~1-d619]:main():lattice-best-path.cc:99) For utterance nsc-part2-chn0-spk09383051inf-030510181, best cost 77.4797 + -278.664 = -201.184 over 130 frames.
LOG (lattice-best-path[5.5.888~1-d619]:main():lattice-best-path.cc:99) For utterance nsc-part2-chn0-spk09383051inf-030510196, best cost 97.8096 + -387.719 = -289.909 over 182 frames.
LOG (lattice-best-path[5.5.888~1-d619]:main():lattice-best-path.cc:99) For utterance nsc-part2-chn0-spk09383051inf-030510302, best cost 159.177 + -673.931 = -514.753 over 343 frames.
LOG (lattice-best-path[5.5.888~1-d619]:main():lattice-best-path.cc:99) For utterance nsc-part2-chn0-spk09383051inf-030510394, best cost 80.4061 + -448.707 = -368.301 over 238 frames.
LOG (lattice-best-path[5.5.888~1-d619]:main():lattice-best-path.cc:99) For utterance nsc-part2-chn0-spk09383051inf-030510410, best cost 88.8284 + -301.023 = -212.195 over 124 frames.
LOG (lattice-best-path[5.5.888~1-d619]:main():lattice-best-path.cc:99) For utterance nsc-part2-chn0-spk09383051inf-030510434, best cost 99.0009 + -483.956 = -384.956 over 234 frames.
LOG (lattice-best-path[5.5.888~1-d619]:main():lattice-best-path.cc:99) For utterance nsc-part2-chn0-spk09383051inf-030511584, best cost 76.4496 + -345.99 = -269.541 over 168 frames.
LOG (lattice-best-path[5.5.888~1-d619]:main():lattice-best-path.cc:99) For utterance nsc-part2-chn0-spk09383051inf-030511680, best cost 89.9587 + -330.267 = -240.308 over 153 frames.
LOG (lattice-best-path[5.5.888~1-d619]:main():lattice-best-path.cc:99) For utterance nsc-part2-chn0-spk09383051inf-030511706, best cost 73.05 + -334.529 = -261.479 over 176 frames.
LOG (lattice-best-path[5.5.888~1-d619]:main():lattice-best-path.cc:99) For utterance nsc-part2-chn0-spk09383051inf-030511716, best cost 51.9959 + -299.926 = -247.93 over 145 frames.
LOG (lattice-best-path[5.5.888~1-d619]:main():lattice-best-path.cc:99) For utterance nsc-part2-chn0-spk09383051inf-030511804, best cost 62.8188 + -316.892 = -254.073 over 162 frames.
LOG (lattice-best-path[5.5.888~1-d619]:main():lattice-best-path.cc:99) For utterance nsc-part2-chn0-spk09423020mam-030200045, best cost 86.519 + -282.982 = -196.463 over 117 frames.
LOG (lattice-best-path[5.5.888~1-d619]:main():lattice-best-path.cc:99) For utterance nsc-part2-chn0-spk09423020mam-030200080, best cost 81.7579 + -372.166 = -290.408 over 182 frames.
LOG (lattice-best-path[5.5.888~1-d619]:main():lattice-best-path.cc:99) For utterance nsc-part2-chn0-spk09423020mam-030200162, best cost 74.0797 + -394.477 = -320.397 over 204 frames.
LOG (lattice-best-path[5.5.888~1-d619]:main():lattice-best-path.cc:99) For utterance nsc-part2-chn0-spk09423020mam-030200173, best cost 79.2576 + -449.042 = -369.785 over 241 frames.
LOG (lattice-best-path[5.5.888~1-d619]:main():lattice-best-path.cc:99) For utterance nsc-part2-chn0-spk09423020mam-030200201, best cost 71.9892 + -271.15 = -199.161 over 140 frames.
LOG (lattice-best-path[5.5.888~1-d619]:main():lattice-best-path.cc:99) For utterance nsc-part2-chn0-spk09423020mam-030200221, best cost 64.7982 + -247.541 = -182.743 over 123 frames.
LOG (lattice-best-path[5.5.888~1-d619]:main():lattice-best-path.cc:99) For utterance nsc-part2-chn0-spk09423020mam-030200269, best cost 107.331 + -474.442 = -367.111 over 224 frames.
LOG (lattice-best-path[5.5.888~1-d619]:main():lattice-best-path.cc:99) For utterance nsc-part2-chn0-spk09423020mam-030200350, best cost 53.3842 + -300.96 = -247.576 over 165 frames.
LOG (lattice-best-path[5.5.888~1-d619]:main():lattice-best-path.cc:99) For utterance nsc-part2-chn0-spk09423020mam-030200415, best cost 97.1513 + -475.32 = -378.169 over 232 frames.
LOG (lattice-best-path[5.5.888~1-d619]:main():lattice-best-path.cc:99) For utterance nsc-part2-chn0-spk09423020mam-030200427, best cost 108.136 + -466.242 = -358.106 over 222 frames.
LOG (lattice-best-path[5.5.888~1-d619]:main():lattice-best-path.cc:99) For utterance nsc-part2-chn0-spk09423020mam-030201472, best cost 53.5228 + -343.37 = -289.847 over 167 frames.
LOG (lattice-best-path[5.5.888~1-d619]:main():lattice-best-path.cc:99) For utterance nsc-part2-chn0-spk09423020mam-030201493, best cost 74.4993 + -280.131 = -205.632 over 127 frames.
LOG (lattice-best-path[5.5.888~1-d619]:main():lattice-best-path.cc:99) For utterance nsc-part2-chn0-spk09423020mam-030201747, best cost 52.692 + -306.628 = -253.935 over 155 frames.
LOG (lattice-best-path[5.5.888~1-d619]:main():lattice-best-path.cc:99) For utterance nsc-part2-chn0-spk09423020mam-030201887, best cost 50.2266 + -336.104 = -285.878 over 183 frames.
LOG (lattice-best-path[5.5.888~1-d619]:main():lattice-best-path.cc:99) For utterance nsc-part2-chn0-spk09523043mam-030430013, best cost 100.726 + -328.863 = -228.137 over 138 frames.
LOG (lattice-best-path[5.5.888~1-d619]:main():lattice-best-path.cc:99) For utterance nsc-part2-chn0-spk09523043mam-030430117, best cost 62.5663 + -231.458 = -168.892 over 98 frames.
LOG (lattice-best-path[5.5.888~1-d619]:main():lattice-best-path.cc:99) For utterance nsc-part2-chn0-spk09523043mam-030430175, best cost 79.8152 + -295.366 = -215.551 over 147 frames.
LOG (lattice-best-path[5.5.888~1-d619]:main():lattice-best-path.cc:99) For utterance nsc-part2-chn0-spk09523043mam-030430176, best cost 63.4997 + -329.124 = -265.624 over 150 frames.
LOG (lattice-best-path[5.5.888~1-d619]:main():lattice-best-path.cc:99) For utterance nsc-part2-chn0-spk09523043mam-030430188, best cost 62.1647 + -241.865 = -179.701 over 108 frames.
LOG (lattice-best-path[5.5.888~1-d619]:main():lattice-best-path.cc:99) For utterance nsc-part2-chn0-spk09523043mam-030430193, best cost 76.3248 + -235.718 = -159.393 over 110 frames.
LOG (lattice-best-path[5.5.888~1-d619]:main():lattice-best-path.cc:99) For utterance nsc-part2-chn0-spk09523043mam-030430198, best cost 55.8795 + -369.312 = -313.432 over 201 frames.
LOG (lattice-best-path[5.5.888~1-d619]:main():lattice-best-path.cc:99) For utterance nsc-part2-chn0-spk09523043mam-030430296, best cost 22.0152 + -155.035 = -133.02 over 67 frames.
LOG (lattice-best-path[5.5.888~1-d619]:main():lattice-best-path.cc:99) For utterance nsc-part2-chn0-spk09523043mam-030430385, best cost 81.0493 + -292.356 = -211.307 over 115 frames.
LOG (lattice-best-path[5.5.888~1-d619]:main():lattice-best-path.cc:99) For utterance nsc-part2-chn0-spk09523043mam-030431462, best cost 53.0389 + -265.629 = -212.59 over 147 frames.
LOG (lattice-best-path[5.5.888~1-d619]:main():lattice-best-path.cc:99) For utterance nsc-part2-chn0-spk09523043mam-030431528, best cost 115.728 + -532.083 = -416.355 over 237 frames.
LOG (lattice-best-path[5.5.888~1-d619]:main():lattice-best-path.cc:99) For utterance nsc-part2-chn0-spk09523043mam-030431699, best cost 51.9296 + -312.291 = -260.361 over 144 frames.
LOG (lattice-best-path[5.5.888~1-d619]:main():lattice-best-path.cc:99) For utterance nsc-part2-chn0-spk09523043mam-030431717, best cost 51.3721 + -300.493 = -249.12 over 136 frames.
LOG (lattice-best-path[5.5.888~1-d619]:main():lattice-best-path.cc:99) For utterance nsc-part2-chn0-spk09523043mam-030431721, best cost 75.0083 + -224.638 = -149.63 over 113 frames.
LOG (lattice-best-path[5.5.888~1-d619]:main():lattice-best-path.cc:99) For utterance nsc-part2-chn0-spk09523043mam-030431747, best cost 51.0978 + -284.603 = -233.505 over 132 frames.
LOG (lattice-best-path[5.5.888~1-d619]:main():lattice-best-path.cc:99) For utterance nsc-part2-chn0-spk09543081cnm-030810032, best cost 102.69 + -607.566 = -504.876 over 308 frames.
LOG (lattice-best-path[5.5.888~1-d619]:main():lattice-best-path.cc:99) For utterance nsc-part2-chn0-spk09543081cnm-030810066, best cost 78.2992 + -233.587 = -155.288 over 121 frames.
LOG (lattice-best-path[5.5.888~1-d619]:main():lattice-best-path.cc:99) For utterance nsc-part2-chn0-spk09543081cnm-030810111, best cost 100.941 + -400.189 = -299.248 over 240 frames.
LOG (lattice-best-path[5.5.888~1-d619]:main():lattice-best-path.cc:99) For utterance nsc-part2-chn0-spk09543081cnm-030810136, best cost 66.5969 + -308.958 = -242.361 over 174 frames.
LOG (lattice-best-path[5.5.888~1-d619]:main():lattice-best-path.cc:99) For utterance nsc-part2-chn0-spk09543081cnm-030810148, best cost 60.6915 + -257.563 = -196.871 over 133 frames.
LOG (lattice-best-path[5.5.888~1-d619]:main():lattice-best-path.cc:99) For utterance nsc-part2-chn0-spk09543081cnm-030810149, best cost 63.1859 + -219.39 = -156.204 over 120 frames.
LOG (lattice-best-path[5.5.888~1-d619]:main():lattice-best-path.cc:99) For utterance nsc-part2-chn0-spk09543081cnm-030810219, best cost 83.5172 + -286.049 = -202.532 over 157 frames.
LOG (lattice-best-path[5.5.888~1-d619]:main():lattice-best-path.cc:99) For utterance nsc-part2-chn0-spk09543081cnm-030810247, best cost 102.537 + -305.33 = -202.794 over 159 frames.
LOG (lattice-best-path[5.5.888~1-d619]:main():lattice-best-path.cc:99) For utterance nsc-part2-chn0-spk09543081cnm-030810299, best cost 74.6287 + -362.901 = -288.272 over 195 frames.
LOG (lattice-best-path[5.5.888~1-d619]:main():lattice-best-path.cc:99) For utterance nsc-part2-chn0-spk09543081cnm-030810414, best cost 21.9449 + -113.293 = -91.3485 over 66 frames.
LOG (lattice-best-path[5.5.888~1-d619]:main():lattice-best-path.cc:99) For utterance nsc-part2-chn0-spk09543081cnm-030810433, best cost 62.5607 + -249.348 = -186.787 over 132 frames.
LOG (lattice-best-path[5.5.888~1-d619]:main():lattice-best-path.cc:99) For utterance nsc-part2-chn0-spk09543081cnm-030811761, best cost 46.7297 + -273.889 = -227.159 over 173 frames.
LOG (lattice-best-path[5.5.888~1-d619]:main():lattice-best-path.cc:99) For utterance nsc-part2-chn0-spk09543081cnm-030811771, best cost 83.401 + -289.227 = -205.826 over 155 frames.
LOG (lattice-best-path[5.5.888~1-d619]:main():lattice-best-path.cc:99) For utterance nsc-part2-chn0-spk09543081cnm-030811785, best cost 41.739 + -174.802 = -133.063 over 104 frames.
LOG (lattice-best-path[5.5.888~1-d619]:main():lattice-best-path.cc:99) For utterance nsc-part2-chn0-spk09543081cnm-030811849, best cost 95.2036 + -255.751 = -160.547 over 117 frames.
LOG (lattice-best-path[5.5.888~1-d619]:main():lattice-best-path.cc:99) For utterance nsc-part2-chn0-spk09593083maf-030830071, best cost 102.911 + -310.713 = -207.802 over 147 frames.
LOG (lattice-best-path[5.5.888~1-d619]:main():lattice-best-path.cc:99) For utterance nsc-part2-chn0-spk09593083maf-030830100, best cost 133.725 + -390.032 = -256.307 over 190 frames.
LOG (lattice-best-path[5.5.888~1-d619]:main():lattice-best-path.cc:99) For utterance nsc-part2-chn0-spk09593083maf-030830115, best cost 68.4275 + -292.618 = -224.191 over 147 frames.
LOG (lattice-best-path[5.5.888~1-d619]:main():lattice-best-path.cc:99) For utterance nsc-part2-chn0-spk09593083maf-030830148, best cost 133.583 + -503.75 = -370.167 over 238 frames.
LOG (lattice-best-path[5.5.888~1-d619]:main():lattice-best-path.cc:99) For utterance nsc-part2-chn0-spk09593083maf-030830163, best cost 157.841 + -547.961 = -390.12 over 265 frames.
LOG (lattice-best-path[5.5.888~1-d619]:main():lattice-best-path.cc:99) For utterance nsc-part2-chn0-spk09593083maf-030830173, best cost 119.003 + -523.1 = -404.098 over 250 frames.
LOG (lattice-best-path[5.5.888~1-d619]:main():lattice-best-path.cc:99) For utterance nsc-part2-chn0-spk09593083maf-030830186, best cost 106.257 + -397.529 = -291.271 over 200 frames.
LOG (lattice-best-path[5.5.888~1-d619]:main():lattice-best-path.cc:99) For utterance nsc-part2-chn0-spk09593083maf-030830212, best cost 73.2803 + -288.899 = -215.619 over 139 frames.
LOG (lattice-best-path[5.5.888~1-d619]:main():lattice-best-path.cc:99) For utterance nsc-part2-chn0-spk09593083maf-030830219, best cost 71.0409 + -290.121 = -219.08 over 141 frames.
LOG (lattice-best-path[5.5.888~1-d619]:main():lattice-best-path.cc:99) For utterance nsc-part2-chn0-spk09593083maf-030830231, best cost 121.546 + -436.818 = -315.272 over 207 frames.
LOG (lattice-best-path[5.5.888~1-d619]:main():lattice-best-path.cc:99) For utterance nsc-part2-chn0-spk09593083maf-030830405, best cost 93.0336 + -372.658 = -279.625 over 167 frames.
LOG (lattice-best-path[5.5.888~1-d619]:main():lattice-best-path.cc:99) For utterance nsc-part2-chn0-spk09593083maf-030830410, best cost 132.549 + -442.582 = -310.032 over 210 frames.
LOG (lattice-best-path[5.5.888~1-d619]:main():lattice-best-path.cc:99) For utterance nsc-part2-chn0-spk09593083maf-030831547, best cost 67.884 + -410.058 = -342.174 over 218 frames.
LOG (lattice-best-path[5.5.888~1-d619]:main():lattice-best-path.cc:99) For utterance nsc-part2-chn0-spk09593083maf-030831592, best cost 127.932 + -661.234 = -533.302 over 361 frames.
LOG (lattice-best-path[5.5.888~1-d619]:main():lattice-best-path.cc:99) For utterance nsc-part2-chn0-spk09593083maf-030831640, best cost 83.4968 + -382.474 = -298.977 over 197 frames.
LOG (lattice-best-path[5.5.888~1-d619]:main():lattice-best-path.cc:99) For utterance nsc-part2-chn0-spk09593083maf-030831695, best cost 69.4476 + -484.606 = -415.159 over 258 frames.
LOG (lattice-best-path[5.5.888~1-d619]:main():lattice-best-path.cc:99) For utterance nsc-part2-chn0-spk09593083maf-030831717, best cost 81.143 + -503.263 = -422.12 over 254 frames.
LOG (lattice-best-path[5.5.888~1-d619]:main():lattice-best-path.cc:99) For utterance nsc-part2-chn0-spk09663088mam-030880091, best cost 77.1717 + -372.033 = -294.861 over 191 frames.
LOG (lattice-best-path[5.5.888~1-d619]:main():lattice-best-path.cc:99) For utterance nsc-part2-chn0-spk09663088mam-030880111, best cost 117.686 + -540.751 = -423.065 over 262 frames.
LOG (lattice-best-path[5.5.888~1-d619]:main():lattice-best-path.cc:99) For utterance nsc-part2-chn0-spk09663088mam-030880134, best cost 68.8536 + -437.802 = -368.949 over 225 frames.
LOG (lattice-best-path[5.5.888~1-d619]:main():lattice-best-path.cc:99) For utterance nsc-part2-chn0-spk09663088mam-030880186, best cost 90.7615 + -415.613 = -324.851 over 193 frames.
LOG (lattice-best-path[5.5.888~1-d619]:main():lattice-best-path.cc:99) For utterance nsc-part2-chn0-spk09663088mam-030880196, best cost 77.5835 + -411.879 = -334.295 over 207 frames.
LOG (lattice-best-path[5.5.888~1-d619]:main():lattice-best-path.cc:99) For utterance nsc-part2-chn0-spk09663088mam-030880199, best cost 84.842 + -352.974 = -268.132 over 172 frames.
LOG (lattice-best-path[5.5.888~1-d619]:main():lattice-best-path.cc:99) For utterance nsc-part2-chn0-spk09663088mam-030880231, best cost 108.157 + -440.254 = -332.097 over 199 frames.
LOG (lattice-best-path[5.5.888~1-d619]:main():lattice-best-path.cc:99) For utterance nsc-part2-chn0-spk09663088mam-030880299, best cost 79.7318 + -415.905 = -336.174 over 214 frames.
LOG (lattice-best-path[5.5.888~1-d619]:main():lattice-best-path.cc:99) For utterance nsc-part2-chn0-spk09663088mam-030880362, best cost 87.6907 + -409.045 = -321.354 over 219 frames.
LOG (lattice-best-path[5.5.888~1-d619]:main():lattice-best-path.cc:99) For utterance nsc-part2-chn0-spk09663088mam-030880410, best cost 109.893 + -410.373 = -300.48 over 195 frames.
LOG (lattice-best-path[5.5.888~1-d619]:main():lattice-best-path.cc:99) For utterance nsc-part2-chn0-spk09663088mam-030880424, best cost 75.799 + -409.276 = -333.477 over 220 frames.
LOG (lattice-best-path[5.5.888~1-d619]:main():lattice-best-path.cc:99) For utterance nsc-part2-chn0-spk09663088mam-030880433, best cost 82.8034 + -399.854 = -317.05 over 199 frames.
LOG (lattice-best-path[5.5.888~1-d619]:main():lattice-best-path.cc:99) For utterance nsc-part2-chn0-spk09663088mam-030881477, best cost 96.6949 + -334.605 = -237.91 over 159 frames.
LOG (lattice-best-path[5.5.888~1-d619]:main():lattice-best-path.cc:99) For utterance nsc-part2-chn0-spk09663088mam-030881528, best cost 132.68 + -627.049 = -494.369 over 309 frames.
LOG (lattice-best-path[5.5.888~1-d619]:main():lattice-best-path.cc:99) For utterance nsc-part2-chn0-spk09663088mam-030881621, best cost 86.8515 + -378.359 = -291.508 over 189 frames.
LOG (lattice-best-path[5.5.888~1-d619]:main():lattice-best-path.cc:99) For utterance nsc-part2-chn0-spk09663088mam-030881761, best cost 90.8039 + -425.336 = -334.532 over 219 frames.
LOG (lattice-best-path[5.5.888~1-d619]:main():lattice-best-path.cc:99) For utterance nsc-part2-chn0-spk09663088mam-030881853, best cost 88.866 + -307.202 = -218.336 over 150 frames.
LOG (lattice-best-path[5.5.888~1-d619]:main():lattice-best-path.cc:99) For utterance nsc-part2-chn0-spk09733055inf-030550024, best cost 99.5395 + -420.261 = -320.722 over 211 frames.
LOG (lattice-best-path[5.5.888~1-d619]:main():lattice-best-path.cc:99) For utterance nsc-part2-chn0-spk09733055inf-030550046, best cost 89.6402 + -276.36 = -186.719 over 112 frames.
LOG (lattice-best-path[5.5.888~1-d619]:main():lattice-best-path.cc:99) For utterance nsc-part2-chn0-spk09733055inf-030550057, best cost 111.643 + -397.669 = -286.027 over 181 frames.
LOG (lattice-best-path[5.5.888~1-d619]:main():lattice-best-path.cc:99) For utterance nsc-part2-chn0-spk09733055inf-030550118, best cost 77.0312 + -276.028 = -198.997 over 141 frames.
LOG (lattice-best-path[5.5.888~1-d619]:main():lattice-best-path.cc:99) For utterance nsc-part2-chn0-spk09733055inf-030550134, best cost 80.949 + -318.825 = -237.876 over 148 frames.
LOG (lattice-best-path[5.5.888~1-d619]:main():lattice-best-path.cc:99) For utterance nsc-part2-chn0-spk09733055inf-030550164, best cost 61.8345 + -220.659 = -158.825 over 113 frames.
LOG (lattice-best-path[5.5.888~1-d619]:main():lattice-best-path.cc:99) For utterance nsc-part2-chn0-spk09733055inf-030550212, best cost 61.596 + -233.84 = -172.244 over 124 frames.
LOG (lattice-best-path[5.5.888~1-d619]:main():lattice-best-path.cc:99) For utterance nsc-part2-chn0-spk09733055inf-030550294, best cost 105.269 + -477.418 = -372.149 over 263 frames.
LOG (lattice-best-path[5.5.888~1-d619]:main():lattice-best-path.cc:99) For utterance nsc-part2-chn0-spk09733055inf-030550323, best cost 52.9693 + -322.832 = -269.863 over 159 frames.
LOG (lattice-best-path[5.5.888~1-d619]:main():lattice-best-path.cc:99) For utterance nsc-part2-chn0-spk09733055inf-030551452, best cost 135.014 + -494.2 = -359.186 over 223 frames.
LOG (lattice-best-path[5.5.888~1-d619]:main():lattice-best-path.cc:99) For utterance nsc-part2-chn0-spk09733055inf-030551493, best cost 73.4623 + -273.143 = -199.68 over 121 frames.
LOG (lattice-best-path[5.5.888~1-d619]:main():lattice-best-path.cc:99) For utterance nsc-part2-chn0-spk09733055inf-030551566, best cost 53.8194 + -270.212 = -216.393 over 135 frames.
LOG (lattice-best-path[5.5.888~1-d619]:main():lattice-best-path.cc:99) For utterance nsc-part2-chn0-spk09733055inf-030551695, best cost 75.3269 + -300.696 = -225.369 over 148 frames.
LOG (lattice-best-path[5.5.888~1-d619]:main():lattice-best-path.cc:99) For utterance nsc-part2-chn0-spk09733055inf-030551875, best cost 77.1592 + -283.196 = -206.036 over 137 frames.
LOG (lattice-best-path[5.5.888~1-d619]:main():lattice-best-path.cc:99) For utterance nsc-part2-chn0-spk09793078inf-030780004, best cost 156.915 + -506.941 = -350.026 over 249 frames.
LOG (lattice-best-path[5.5.888~1-d619]:main():lattice-best-path.cc:99) For utterance nsc-part2-chn0-spk09793078inf-030780024, best cost 98.8441 + -516.62 = -417.776 over 259 frames.
LOG (lattice-best-path[5.5.888~1-d619]:main():lattice-best-path.cc:99) For utterance nsc-part2-chn0-spk09793078inf-030780123, best cost 92.7326 + -418.812 = -326.079 over 224 frames.
LOG (lattice-best-path[5.5.888~1-d619]:main():lattice-best-path.cc:99) For utterance nsc-part2-chn0-spk09793078inf-030780182, best cost 67.9839 + -238.046 = -170.062 over 113 frames.
LOG (lattice-best-path[5.5.888~1-d619]:main():lattice-best-path.cc:99) For utterance nsc-part2-chn0-spk09793078inf-030780197, best cost 77.7616 + -295.249 = -217.488 over 143 frames.
LOG (lattice-best-path[5.5.888~1-d619]:main():lattice-best-path.cc:99) For utterance nsc-part2-chn0-spk09793078inf-030780203, best cost 80.9782 + -308.392 = -227.414 over 151 frames.
LOG (lattice-best-path[5.5.888~1-d619]:main():lattice-best-path.cc:99) For utterance nsc-part2-chn0-spk09793078inf-030780232, best cost 95.8573 + -330.664 = -234.807 over 146 frames.
LOG (lattice-best-path[5.5.888~1-d619]:main():lattice-best-path.cc:99) For utterance nsc-part2-chn0-spk09793078inf-030780247, best cost 71.7054 + -347.062 = -275.356 over 170 frames.
LOG (lattice-best-path[5.5.888~1-d619]:main():lattice-best-path.cc:99) For utterance nsc-part2-chn0-spk09793078inf-030780268, best cost 54.7715 + -352.221 = -297.45 over 185 frames.
LOG (lattice-best-path[5.5.888~1-d619]:main():lattice-best-path.cc:99) For utterance nsc-part2-chn0-spk09793078inf-030780302, best cost 59.4829 + -456.212 = -396.729 over 253 frames.
LOG (lattice-best-path[5.5.888~1-d619]:main():lattice-best-path.cc:99) For utterance nsc-part2-chn0-spk09793078inf-030780388, best cost 53.6708 + -179.711 = -126.04 over 98 frames.
LOG (lattice-best-path[5.5.888~1-d619]:main():lattice-best-path.cc:99) For utterance nsc-part2-chn0-spk09793078inf-030780411, best cost 76.9996 + -469.846 = -392.847 over 248 frames.
LOG (lattice-best-path[5.5.888~1-d619]:main():lattice-best-path.cc:99) For utterance nsc-part2-chn0-spk09793078inf-030780434, best cost 108.657 + -460.351 = -351.694 over 240 frames.
LOG (lattice-best-path[5.5.888~1-d619]:main():lattice-best-path.cc:99) For utterance nsc-part2-chn0-spk09793078inf-030781760, best cost 92.7142 + -413.055 = -320.34 over 216 frames.
LOG (lattice-best-path[5.5.888~1-d619]:main():lattice-best-path.cc:99) For utterance nsc-part2-chn0-spk09793078inf-030781764, best cost 53.9134 + -320.24 = -266.326 over 169 frames.
LOG (lattice-best-path[5.5.888~1-d619]:main():lattice-best-path.cc:99) For utterance nsc-part2-chn0-spk09793078inf-030781773, best cost 140.036 + -668.088 = -528.052 over 326 frames.
LOG (lattice-best-path[5.5.888~1-d619]:main():lattice-best-path.cc:99) For utterance nsc-part2-chn0-spk09793078inf-030781887, best cost 93.6189 + -400.169 = -306.55 over 198 frames.
LOG (lattice-depth-per-frame[5.5.888~1-d619]:main():lattice-depth-per-frame.cc:82) Done 124 lattices.
LOG (lattice-best-path[5.5.888~1-d619]:main():lattice-best-path.cc:124) Overall cost per frame is -1.55055 = 0.463731 [graph] + -2.01428 [acoustic] over 22321 frames.
LOG (lattice-best-path[5.5.888~1-d619]:main():lattice-best-path.cc:128) Done 124 lattices, failed for 0
# Ended (code 0) at Wed Aug 25 19:08:32 +08 2021, elapsed time 13 seconds
