# lattice-depth-per-frame "ark:gunzip -c /home3/ztkyaw/w2021/deliverables/contrast-zin-dev/baseline/tdnnf-transfer-sp/decode_imda-part2_1629889191-hw_lmg/lat.4.gz|" "ark,t:|gzip -c > /home3/ztkyaw/w2021/deliverables/contrast-zin-dev/baseline/tdnnf-transfer-sp/decode_imda-part2_1629889191-hw_lmg/depth_tmp.4.gz" ark:- | lattice-best-path --acoustic-scale=0.1 ark:- ark:/dev/null "ark,t:|gzip -c >/home3/ztkyaw/w2021/deliverables/contrast-zin-dev/baseline/tdnnf-transfer-sp/decode_imda-part2_1629889191-hw_lmg/ali_tmp.4.gz" 
# Invoked at Wed Aug 25 19:08:19 +08 2021 from node02
#
# Started at Wed Aug 25 19:08:31 SGT 2021 on node03
lattice-depth-per-frame 'ark:gunzip -c /home3/ztkyaw/w2021/deliverables/contrast-zin-dev/baseline/tdnnf-transfer-sp/decode_imda-part2_1629889191-hw_lmg/lat.4.gz|' 'ark,t:|gzip -c > /home3/ztkyaw/w2021/deliverables/contrast-zin-dev/baseline/tdnnf-transfer-sp/decode_imda-part2_1629889191-hw_lmg/depth_tmp.4.gz' ark:- 
lattice-best-path --acoustic-scale=0.1 ark:- ark:/dev/null 'ark,t:|gzip -c >/home3/ztkyaw/w2021/deliverables/contrast-zin-dev/baseline/tdnnf-transfer-sp/decode_imda-part2_1629889191-hw_lmg/ali_tmp.4.gz' 
LOG (lattice-best-path[5.5.888~1-d619]:main():lattice-best-path.cc:99) For utterance nsc-part2-chn0-spk08602941cnf-029410063, best cost 79.3383 + -339.577 = -260.238 over 165 frames.
LOG (lattice-best-path[5.5.888~1-d619]:main():lattice-best-path.cc:99) For utterance nsc-part2-chn0-spk08602941cnf-029410115, best cost 92.6327 + -306.317 = -213.684 over 142 frames.
LOG (lattice-best-path[5.5.888~1-d619]:main():lattice-best-path.cc:99) For utterance nsc-part2-chn0-spk08602941cnf-029410134, best cost 74.7147 + -351.327 = -276.612 over 193 frames.
LOG (lattice-best-path[5.5.888~1-d619]:main():lattice-best-path.cc:99) For utterance nsc-part2-chn0-spk08602941cnf-029410162, best cost 66.1583 + -436.295 = -370.136 over 224 frames.
LOG (lattice-best-path[5.5.888~1-d619]:main():lattice-best-path.cc:99) For utterance nsc-part2-chn0-spk08602941cnf-029410166, best cost 84.4936 + -385.851 = -301.358 over 165 frames.
LOG (lattice-best-path[5.5.888~1-d619]:main():lattice-best-path.cc:99) For utterance nsc-part2-chn0-spk08602941cnf-029410178, best cost 122.149 + -390.209 = -268.06 over 173 frames.
LOG (lattice-best-path[5.5.888~1-d619]:main():lattice-best-path.cc:99) For utterance nsc-part2-chn0-spk08602941cnf-029410197, best cost 71.566 + -231.182 = -159.616 over 110 frames.
LOG (lattice-best-path[5.5.888~1-d619]:main():lattice-best-path.cc:99) For utterance nsc-part2-chn0-spk08602941cnf-029410268, best cost 87.6362 + -412.28 = -324.644 over 210 frames.
LOG (lattice-best-path[5.5.888~1-d619]:main():lattice-best-path.cc:99) For utterance nsc-part2-chn0-spk08602941cnf-029410401, best cost 82.4901 + -305.696 = -223.206 over 145 frames.
LOG (lattice-best-path[5.5.888~1-d619]:main():lattice-best-path.cc:99) For utterance nsc-part2-chn0-spk08602941cnf-029410415, best cost 153.753 + -677.4 = -523.647 over 331 frames.
LOG (lattice-best-path[5.5.888~1-d619]:main():lattice-best-path.cc:99) For utterance nsc-part2-chn0-spk08602941cnf-029410418, best cost 101.133 + -526.039 = -424.906 over 277 frames.
LOG (lattice-best-path[5.5.888~1-d619]:main():lattice-best-path.cc:99) For utterance nsc-part2-chn0-spk08602941cnf-029411607, best cost 39.6678 + -198.113 = -158.446 over 99 frames.
LOG (lattice-best-path[5.5.888~1-d619]:main():lattice-best-path.cc:99) For utterance nsc-part2-chn0-spk08602941cnf-029411690, best cost 77.9026 + -437.263 = -359.361 over 219 frames.
LOG (lattice-best-path[5.5.888~1-d619]:main():lattice-best-path.cc:99) For utterance nsc-part2-chn0-spk08602941cnf-029411759, best cost 77.3134 + -328.497 = -251.184 over 142 frames.
LOG (lattice-best-path[5.5.888~1-d619]:main():lattice-best-path.cc:99) For utterance nsc-part2-chn0-spk08602941cnf-029411761, best cost 111.18 + -522.515 = -411.335 over 260 frames.
LOG (lattice-best-path[5.5.888~1-d619]:main():lattice-best-path.cc:99) For utterance nsc-part2-chn0-spk08602941cnf-029411855, best cost 105.407 + -342.094 = -236.687 over 156 frames.
LOG (lattice-best-path[5.5.888~1-d619]:main():lattice-best-path.cc:99) For utterance nsc-part2-chn0-spk08612942cnf-029420009, best cost 98.7295 + -298.122 = -199.393 over 137 frames.
LOG (lattice-best-path[5.5.888~1-d619]:main():lattice-best-path.cc:99) For utterance nsc-part2-chn0-spk08612942cnf-029420024, best cost 140.467 + -562.291 = -421.824 over 297 frames.
LOG (lattice-best-path[5.5.888~1-d619]:main():lattice-best-path.cc:99) For utterance nsc-part2-chn0-spk08612942cnf-029420087, best cost 91.9942 + -416.922 = -324.928 over 225 frames.
LOG (lattice-best-path[5.5.888~1-d619]:main():lattice-best-path.cc:99) For utterance nsc-part2-chn0-spk08612942cnf-029420100, best cost 78.5084 + -298.107 = -219.598 over 154 frames.
LOG (lattice-best-path[5.5.888~1-d619]:main():lattice-best-path.cc:99) For utterance nsc-part2-chn0-spk08612942cnf-029420150, best cost 136.4 + -432.39 = -295.99 over 197 frames.
LOG (lattice-best-path[5.5.888~1-d619]:main():lattice-best-path.cc:99) For utterance nsc-part2-chn0-spk08612942cnf-029420164, best cost 56.9009 + -249.706 = -192.805 over 115 frames.
LOG (lattice-best-path[5.5.888~1-d619]:main():lattice-best-path.cc:99) For utterance nsc-part2-chn0-spk08612942cnf-029420188, best cost 80.439 + -265.298 = -184.859 over 115 frames.
LOG (lattice-best-path[5.5.888~1-d619]:main():lattice-best-path.cc:99) For utterance nsc-part2-chn0-spk08612942cnf-029420207, best cost 90.0182 + -323.679 = -233.661 over 156 frames.
LOG (lattice-best-path[5.5.888~1-d619]:main():lattice-best-path.cc:99) For utterance nsc-part2-chn0-spk08612942cnf-029420220, best cost 102.716 + -352.05 = -249.334 over 173 frames.
LOG (lattice-best-path[5.5.888~1-d619]:main():lattice-best-path.cc:99) For utterance nsc-part2-chn0-spk08612942cnf-029420247, best cost 90.8643 + -376.957 = -286.093 over 184 frames.
LOG (lattice-best-path[5.5.888~1-d619]:main():lattice-best-path.cc:99) For utterance nsc-part2-chn0-spk08612942cnf-029420326, best cost 46.9257 + -183.904 = -136.978 over 97 frames.
LOG (lattice-best-path[5.5.888~1-d619]:main():lattice-best-path.cc:99) For utterance nsc-part2-chn0-spk08612942cnf-029420351, best cost 64.4944 + -219.308 = -154.813 over 124 frames.
LOG (lattice-best-path[5.5.888~1-d619]:main():lattice-best-path.cc:99) For utterance nsc-part2-chn0-spk08612942cnf-029420385, best cost 74.2294 + -308.639 = -234.41 over 143 frames.
LOG (lattice-best-path[5.5.888~1-d619]:main():lattice-best-path.cc:99) For utterance nsc-part2-chn0-spk08612942cnf-029421596, best cost 78.8949 + -232.93 = -154.035 over 119 frames.
LOG (lattice-best-path[5.5.888~1-d619]:main():lattice-best-path.cc:99) For utterance nsc-part2-chn0-spk08612942cnf-029421655, best cost 104.57 + -374.754 = -270.184 over 187 frames.
LOG (lattice-best-path[5.5.888~1-d619]:main():lattice-best-path.cc:99) For utterance nsc-part2-chn0-spk08672945cnf-029450092, best cost 71.8095 + -365.938 = -294.128 over 189 frames.
LOG (lattice-best-path[5.5.888~1-d619]:main():lattice-best-path.cc:99) For utterance nsc-part2-chn0-spk08672945cnf-029450176, best cost 58.4856 + -342.382 = -283.896 over 171 frames.
LOG (lattice-best-path[5.5.888~1-d619]:main():lattice-best-path.cc:99) For utterance nsc-part2-chn0-spk08672945cnf-029450227, best cost 72.8946 + -339.551 = -266.656 over 180 frames.
LOG (lattice-best-path[5.5.888~1-d619]:main():lattice-best-path.cc:99) For utterance nsc-part2-chn0-spk08672945cnf-029450250, best cost 82.671 + -301.288 = -218.617 over 132 frames.
LOG (lattice-best-path[5.5.888~1-d619]:main():lattice-best-path.cc:99) For utterance nsc-part2-chn0-spk08672945cnf-029450294, best cost 68.1378 + -342.443 = -274.306 over 177 frames.
LOG (lattice-best-path[5.5.888~1-d619]:main():lattice-best-path.cc:99) For utterance nsc-part2-chn0-spk08672945cnf-029450308, best cost 90.6223 + -382.738 = -292.116 over 173 frames.
LOG (lattice-best-path[5.5.888~1-d619]:main():lattice-best-path.cc:99) For utterance nsc-part2-chn0-spk08672945cnf-029450311, best cost 88.0839 + -330.786 = -242.702 over 141 frames.
LOG (lattice-best-path[5.5.888~1-d619]:main():lattice-best-path.cc:99) For utterance nsc-part2-chn0-spk08672945cnf-029450313, best cost 104.567 + -447.658 = -343.091 over 221 frames.
LOG (lattice-best-path[5.5.888~1-d619]:main():lattice-best-path.cc:99) For utterance nsc-part2-chn0-spk08672945cnf-029450352, best cost 82.9194 + -262.113 = -179.194 over 115 frames.
LOG (lattice-best-path[5.5.888~1-d619]:main():lattice-best-path.cc:99) For utterance nsc-part2-chn0-spk08672945cnf-029450407, best cost 54.3965 + -198.627 = -144.23 over 93 frames.
LOG (lattice-best-path[5.5.888~1-d619]:main():lattice-best-path.cc:99) For utterance nsc-part2-chn0-spk08672945cnf-029450418, best cost 53.4525 + -328.004 = -274.552 over 166 frames.
LOG (lattice-best-path[5.5.888~1-d619]:main():lattice-best-path.cc:99) For utterance nsc-part2-chn0-spk08672945cnf-029450439, best cost 89.484 + -316.403 = -226.919 over 154 frames.
LOG (lattice-best-path[5.5.888~1-d619]:main():lattice-best-path.cc:99) For utterance nsc-part2-chn0-spk08672945cnf-029451493, best cost 73.0417 + -235.251 = -162.209 over 106 frames.
LOG (lattice-best-path[5.5.888~1-d619]:main():lattice-best-path.cc:99) For utterance nsc-part2-chn0-spk08672945cnf-029451511, best cost 97.3653 + -342.603 = -245.238 over 135 frames.
LOG (lattice-best-path[5.5.888~1-d619]:main():lattice-best-path.cc:99) For utterance nsc-part2-chn0-spk08672945cnf-029451559, best cost 63.5774 + -263.944 = -200.366 over 125 frames.
LOG (lattice-best-path[5.5.888~1-d619]:main():lattice-best-path.cc:99) For utterance nsc-part2-chn0-spk08672945cnf-029451624, best cost 80.0596 + -314.11 = -234.05 over 137 frames.
LOG (lattice-best-path[5.5.888~1-d619]:main():lattice-best-path.cc:99) For utterance nsc-part2-chn0-spk08713162inf-031620030, best cost 80.0836 + -328.917 = -248.834 over 157 frames.
LOG (lattice-best-path[5.5.888~1-d619]:main():lattice-best-path.cc:99) For utterance nsc-part2-chn0-spk08713162inf-031620049, best cost 76.6623 + -345.632 = -268.97 over 175 frames.
LOG (lattice-best-path[5.5.888~1-d619]:main():lattice-best-path.cc:99) For utterance nsc-part2-chn0-spk08713162inf-031620080, best cost 74.1621 + -372.831 = -298.669 over 185 frames.
LOG (lattice-best-path[5.5.888~1-d619]:main():lattice-best-path.cc:99) For utterance nsc-part2-chn0-spk08713162inf-031620118, best cost 63.269 + -360.854 = -297.585 over 163 frames.
LOG (lattice-best-path[5.5.888~1-d619]:main():lattice-best-path.cc:99) For utterance nsc-part2-chn0-spk08713162inf-031620173, best cost 89.0216 + -349.814 = -260.793 over 177 frames.
LOG (lattice-best-path[5.5.888~1-d619]:main():lattice-best-path.cc:99) For utterance nsc-part2-chn0-spk08713162inf-031620269, best cost 75.5723 + -360.229 = -284.657 over 181 frames.
LOG (lattice-best-path[5.5.888~1-d619]:main():lattice-best-path.cc:99) For utterance nsc-part2-chn0-spk08713162inf-031620433, best cost 73.9188 + -288.734 = -214.815 over 146 frames.
LOG (lattice-best-path[5.5.888~1-d619]:main():lattice-best-path.cc:99) For utterance nsc-part2-chn0-spk08713162inf-031621528, best cost 92.2277 + -354.277 = -262.05 over 176 frames.
LOG (lattice-best-path[5.5.888~1-d619]:main():lattice-best-path.cc:99) For utterance nsc-part2-chn0-spk08713162inf-031621547, best cost 100.438 + -341.389 = -240.951 over 175 frames.
LOG (lattice-best-path[5.5.888~1-d619]:main():lattice-best-path.cc:99) For utterance nsc-part2-chn0-spk08713162inf-031621592, best cost 106.119 + -428.591 = -322.473 over 207 frames.
LOG (lattice-best-path[5.5.888~1-d619]:main():lattice-best-path.cc:99) For utterance nsc-part2-chn0-spk08713162inf-031621660, best cost 87.3208 + -333.361 = -246.04 over 159 frames.
LOG (lattice-best-path[5.5.888~1-d619]:main():lattice-best-path.cc:99) For utterance nsc-part2-chn0-spk08713162inf-031621706, best cost 86.6253 + -346.51 = -259.885 over 168 frames.
LOG (lattice-best-path[5.5.888~1-d619]:main():lattice-best-path.cc:99) For utterance nsc-part2-chn0-spk08713162inf-031621716, best cost 65.1196 + -391.071 = -325.952 over 209 frames.
LOG (lattice-best-path[5.5.888~1-d619]:main():lattice-best-path.cc:99) For utterance nsc-part2-chn0-spk08713162inf-031621834, best cost 86.5872 + -260.815 = -174.228 over 123 frames.
LOG (lattice-best-path[5.5.888~1-d619]:main():lattice-best-path.cc:99) For utterance nsc-part2-chn0-spk08713162inf-031621860, best cost 50.1049 + -258.01 = -207.905 over 120 frames.
LOG (lattice-best-path[5.5.888~1-d619]:main():lattice-best-path.cc:99) For utterance nsc-part2-chn0-spk08713162inf-031621893, best cost 109.553 + -471.042 = -361.489 over 232 frames.
LOG (lattice-best-path[5.5.888~1-d619]:main():lattice-best-path.cc:99) For utterance nsc-part2-chn0-spk08862963cnf-029630080, best cost 72.7595 + -396.178 = -323.419 over 197 frames.
LOG (lattice-best-path[5.5.888~1-d619]:main():lattice-best-path.cc:99) For utterance nsc-part2-chn0-spk08862963cnf-029630087, best cost 112.865 + -571.182 = -458.316 over 269 frames.
LOG (lattice-best-path[5.5.888~1-d619]:main():lattice-best-path.cc:99) For utterance nsc-part2-chn0-spk08862963cnf-029630170, best cost 64.2615 + -367.545 = -303.283 over 193 frames.
LOG (lattice-best-path[5.5.888~1-d619]:main():lattice-best-path.cc:99) For utterance nsc-part2-chn0-spk08862963cnf-029630173, best cost 108.921 + -520.118 = -411.197 over 244 frames.
LOG (lattice-best-path[5.5.888~1-d619]:main():lattice-best-path.cc:99) For utterance nsc-part2-chn0-spk08862963cnf-029630176, best cost 45.5543 + -294.045 = -248.491 over 156 frames.
LOG (lattice-best-path[5.5.888~1-d619]:main():lattice-best-path.cc:99) For utterance nsc-part2-chn0-spk08862963cnf-029630201, best cost 87.8531 + -328.71 = -240.857 over 159 frames.
LOG (lattice-best-path[5.5.888~1-d619]:main():lattice-best-path.cc:99) For utterance nsc-part2-chn0-spk08862963cnf-029630213, best cost 114.597 + -342.653 = -228.055 over 152 frames.
LOG (lattice-best-path[5.5.888~1-d619]:main():lattice-best-path.cc:99) For utterance nsc-part2-chn0-spk08862963cnf-029630238, best cost 146.63 + -460.414 = -313.784 over 213 frames.
LOG (lattice-best-path[5.5.888~1-d619]:main():lattice-best-path.cc:99) For utterance nsc-part2-chn0-spk08862963cnf-029630251, best cost 66.5619 + -323.785 = -257.224 over 168 frames.
LOG (lattice-best-path[5.5.888~1-d619]:main():lattice-best-path.cc:99) For utterance nsc-part2-chn0-spk08862963cnf-029630323, best cost 64.7578 + -384.189 = -319.431 over 187 frames.
LOG (lattice-best-path[5.5.888~1-d619]:main():lattice-best-path.cc:99) For utterance nsc-part2-chn0-spk08862963cnf-029630356, best cost 85.9042 + -413.267 = -327.362 over 188 frames.
LOG (lattice-best-path[5.5.888~1-d619]:main():lattice-best-path.cc:99) For utterance nsc-part2-chn0-spk08862963cnf-029630385, best cost 84.5723 + -294.682 = -210.11 over 137 frames.
LOG (lattice-best-path[5.5.888~1-d619]:main():lattice-best-path.cc:99) For utterance nsc-part2-chn0-spk08862963cnf-029631461, best cost 105.76 + -340.353 = -234.592 over 158 frames.
LOG (lattice-best-path[5.5.888~1-d619]:main():lattice-best-path.cc:99) For utterance nsc-part2-chn0-spk08862963cnf-029631521, best cost 54.6125 + -222.779 = -168.167 over 131 frames.
LOG (lattice-best-path[5.5.888~1-d619]:main():lattice-best-path.cc:99) For utterance nsc-part2-chn0-spk08862963cnf-029631624, best cost 90.5084 + -328.902 = -238.394 over 157 frames.
LOG (lattice-best-path[5.5.888~1-d619]:main():lattice-best-path.cc:99) For utterance nsc-part2-chn0-spk08862963cnf-029631747, best cost 84.2471 + -369.252 = -285.005 over 183 frames.
LOG (lattice-best-path[5.5.888~1-d619]:main():lattice-best-path.cc:99) For utterance nsc-part2-chn0-spk08892967inf-029670024, best cost 160.188 + -560.827 = -400.639 over 277 frames.
LOG (lattice-best-path[5.5.888~1-d619]:main():lattice-best-path.cc:99) For utterance nsc-part2-chn0-spk08892967inf-029670134, best cost 105.481 + -379.012 = -273.531 over 197 frames.
LOG (lattice-best-path[5.5.888~1-d619]:main():lattice-best-path.cc:99) For utterance nsc-part2-chn0-spk08892967inf-029670152, best cost 46.4393 + -182.745 = -136.306 over 99 frames.
LOG (lattice-best-path[5.5.888~1-d619]:main():lattice-best-path.cc:99) For utterance nsc-part2-chn0-spk08892967inf-029670176, best cost 100.607 + -497.262 = -396.655 over 243 frames.
LOG (lattice-best-path[5.5.888~1-d619]:main():lattice-best-path.cc:99) For utterance nsc-part2-chn0-spk08892967inf-029670249, best cost 70.1735 + -302.062 = -231.888 over 152 frames.
LOG (lattice-best-path[5.5.888~1-d619]:main():lattice-best-path.cc:99) For utterance nsc-part2-chn0-spk08892967inf-029670258, best cost 103.121 + -445.689 = -342.568 over 190 frames.
LOG (lattice-best-path[5.5.888~1-d619]:main():lattice-best-path.cc:99) For utterance nsc-part2-chn0-spk08892967inf-029670303, best cost 68.6175 + -228.19 = -159.572 over 122 frames.
LOG (lattice-best-path[5.5.888~1-d619]:main():lattice-best-path.cc:99) For utterance nsc-part2-chn0-spk08892967inf-029670359, best cost 81.1264 + -321.807 = -240.68 over 166 frames.
LOG (lattice-best-path[5.5.888~1-d619]:main():lattice-best-path.cc:99) For utterance nsc-part2-chn0-spk08892967inf-029670443, best cost 126.975 + -385.572 = -258.597 over 186 frames.
LOG (lattice-best-path[5.5.888~1-d619]:main():lattice-best-path.cc:99) For utterance nsc-part2-chn0-spk08892967inf-029671559, best cost 82.8344 + -399.722 = -316.888 over 212 frames.
LOG (lattice-best-path[5.5.888~1-d619]:main():lattice-best-path.cc:99) For utterance nsc-part2-chn0-spk08892967inf-029671566, best cost 88.5863 + -339.111 = -250.525 over 169 frames.
LOG (lattice-best-path[5.5.888~1-d619]:main():lattice-best-path.cc:99) For utterance nsc-part2-chn0-spk08892967inf-029671571, best cost 110.653 + -386.45 = -275.797 over 193 frames.
LOG (lattice-best-path[5.5.888~1-d619]:main():lattice-best-path.cc:99) For utterance nsc-part2-chn0-spk08892967inf-029671762, best cost 147.828 + -590.367 = -442.539 over 319 frames.
LOG (lattice-best-path[5.5.888~1-d619]:main():lattice-best-path.cc:99) For utterance nsc-part2-chn0-spk08892967inf-029671875, best cost 70.4065 + -381.679 = -311.273 over 219 frames.
LOG (lattice-best-path[5.5.888~1-d619]:main():lattice-best-path.cc:99) For utterance nsc-part2-chn0-spk08902987cnf-029870121, best cost 116.064 + -419.656 = -303.593 over 172 frames.
LOG (lattice-best-path[5.5.888~1-d619]:main():lattice-best-path.cc:99) For utterance nsc-part2-chn0-spk08902987cnf-029870148, best cost 102.822 + -351.12 = -248.299 over 157 frames.
LOG (lattice-best-path[5.5.888~1-d619]:main():lattice-best-path.cc:99) For utterance nsc-part2-chn0-spk08902987cnf-029870166, best cost 105.758 + -399.128 = -293.371 over 197 frames.
LOG (lattice-best-path[5.5.888~1-d619]:main():lattice-best-path.cc:99) For utterance nsc-part2-chn0-spk08902987cnf-029870173, best cost 64.2011 + -356.559 = -292.358 over 189 frames.
LOG (lattice-best-path[5.5.888~1-d619]:main():lattice-best-path.cc:99) For utterance nsc-part2-chn0-spk08902987cnf-029870181, best cost 110.314 + -396.501 = -286.187 over 168 frames.
LOG (lattice-best-path[5.5.888~1-d619]:main():lattice-best-path.cc:99) For utterance nsc-part2-chn0-spk08902987cnf-029870196, best cost 129.46 + -433.816 = -304.356 over 188 frames.
LOG (lattice-best-path[5.5.888~1-d619]:main():lattice-best-path.cc:99) For utterance nsc-part2-chn0-spk08902987cnf-029870239, best cost 57.7182 + -247.787 = -190.069 over 116 frames.
LOG (lattice-best-path[5.5.888~1-d619]:main():lattice-best-path.cc:99) For utterance nsc-part2-chn0-spk08902987cnf-029870247, best cost 133.404 + -506.327 = -372.924 over 218 frames.
LOG (lattice-best-path[5.5.888~1-d619]:main():lattice-best-path.cc:99) For utterance nsc-part2-chn0-spk08902987cnf-029870251, best cost 112.526 + -420.43 = -307.904 over 207 frames.
LOG (lattice-best-path[5.5.888~1-d619]:main():lattice-best-path.cc:99) For utterance nsc-part2-chn0-spk08902987cnf-029870308, best cost 96.7091 + -405.461 = -308.752 over 178 frames.
LOG (lattice-best-path[5.5.888~1-d619]:main():lattice-best-path.cc:99) For utterance nsc-part2-chn0-spk08902987cnf-029870325, best cost 73.755 + -367.903 = -294.148 over 177 frames.
LOG (lattice-best-path[5.5.888~1-d619]:main():lattice-best-path.cc:99) For utterance nsc-part2-chn0-spk08902987cnf-029870433, best cost 114.193 + -462.39 = -348.198 over 215 frames.
LOG (lattice-best-path[5.5.888~1-d619]:main():lattice-best-path.cc:99) For utterance nsc-part2-chn0-spk08902987cnf-029871566, best cost 84.8935 + -398.268 = -313.375 over 185 frames.
LOG (lattice-best-path[5.5.888~1-d619]:main():lattice-best-path.cc:99) For utterance nsc-part2-chn0-spk08902987cnf-029871832, best cost 76.818 + -381.566 = -304.748 over 200 frames.
LOG (lattice-best-path[5.5.888~1-d619]:main():lattice-best-path.cc:99) For utterance nsc-part2-chn0-spk08902987cnf-029871876, best cost 93.379 + -289.532 = -196.153 over 135 frames.
LOG (lattice-depth-per-frame[5.5.888~1-d619]:main():lattice-depth-per-frame.cc:82) Done 108 lattices.
LOG (lattice-best-path[5.5.888~1-d619]:main():lattice-best-path.cc:124) Overall cost per frame is -1.55487 = 0.503562 [graph] + -2.05843 [acoustic] over 18940 frames.
LOG (lattice-best-path[5.5.888~1-d619]:main():lattice-best-path.cc:128) Done 108 lattices, failed for 0
# Ended (code 0) at Wed Aug 25 19:08:31 +08 2021, elapsed time 12 seconds
