# lattice-depth-per-frame "ark:gunzip -c /home3/ztkyaw/w2021/deliverables/contrast-zin-dev/baseline/tdnnf-transfer-sp/decode_imda-part2_1629889191-hw_lmg/lat.10.gz|" "ark,t:|gzip -c > /home3/ztkyaw/w2021/deliverables/contrast-zin-dev/baseline/tdnnf-transfer-sp/decode_imda-part2_1629889191-hw_lmg/depth_tmp.10.gz" ark:- | lattice-best-path --acoustic-scale=0.1 ark:- ark:/dev/null "ark,t:|gzip -c >/home3/ztkyaw/w2021/deliverables/contrast-zin-dev/baseline/tdnnf-transfer-sp/decode_imda-part2_1629889191-hw_lmg/ali_tmp.10.gz" 
# Invoked at Wed Aug 25 19:08:19 +08 2021 from node02
#
# Started at Wed Aug 25 19:08:31 SGT 2021 on node03
lattice-best-path --acoustic-scale=0.1 ark:- ark:/dev/null 'ark,t:|gzip -c >/home3/ztkyaw/w2021/deliverables/contrast-zin-dev/baseline/tdnnf-transfer-sp/decode_imda-part2_1629889191-hw_lmg/ali_tmp.10.gz' 
lattice-depth-per-frame 'ark:gunzip -c /home3/ztkyaw/w2021/deliverables/contrast-zin-dev/baseline/tdnnf-transfer-sp/decode_imda-part2_1629889191-hw_lmg/lat.10.gz|' 'ark,t:|gzip -c > /home3/ztkyaw/w2021/deliverables/contrast-zin-dev/baseline/tdnnf-transfer-sp/decode_imda-part2_1629889191-hw_lmg/depth_tmp.10.gz' ark:- 
LOG (lattice-best-path[5.5.888~1-d619]:main():lattice-best-path.cc:99) For utterance nsc-part2-chn0-spk10373155inf-031550016, best cost 86.3638 + -320.951 = -234.587 over 159 frames.
LOG (lattice-best-path[5.5.888~1-d619]:main():lattice-best-path.cc:99) For utterance nsc-part2-chn0-spk10373155inf-031550173, best cost 64.2178 + -386.565 = -322.347 over 181 frames.
LOG (lattice-best-path[5.5.888~1-d619]:main():lattice-best-path.cc:99) For utterance nsc-part2-chn0-spk10373155inf-031550191, best cost 92.5767 + -338.048 = -245.471 over 161 frames.
LOG (lattice-best-path[5.5.888~1-d619]:main():lattice-best-path.cc:99) For utterance nsc-part2-chn0-spk10373155inf-031550242, best cost 63.3733 + -339.237 = -275.864 over 170 frames.
LOG (lattice-best-path[5.5.888~1-d619]:main():lattice-best-path.cc:99) For utterance nsc-part2-chn0-spk10373155inf-031550247, best cost 64.6919 + -409.758 = -345.066 over 205 frames.
LOG (lattice-best-path[5.5.888~1-d619]:main():lattice-best-path.cc:99) For utterance nsc-part2-chn0-spk10373155inf-031550251, best cost 84.58 + -363.714 = -279.134 over 188 frames.
LOG (lattice-best-path[5.5.888~1-d619]:main():lattice-best-path.cc:99) For utterance nsc-part2-chn0-spk10373155inf-031550257, best cost 59.6519 + -245.937 = -186.285 over 111 frames.
LOG (lattice-best-path[5.5.888~1-d619]:main():lattice-best-path.cc:99) For utterance nsc-part2-chn0-spk10373155inf-031550294, best cost 83.8177 + -482.069 = -398.251 over 262 frames.
LOG (lattice-best-path[5.5.888~1-d619]:main():lattice-best-path.cc:99) For utterance nsc-part2-chn0-spk10373155inf-031550298, best cost 99.5475 + -318.227 = -218.68 over 154 frames.
LOG (lattice-best-path[5.5.888~1-d619]:main():lattice-best-path.cc:99) For utterance nsc-part2-chn0-spk10373155inf-031550302, best cost 76.6168 + -396.99 = -320.373 over 204 frames.
LOG (lattice-best-path[5.5.888~1-d619]:main():lattice-best-path.cc:99) For utterance nsc-part2-chn0-spk10373155inf-031550384, best cost 64.1387 + -379.109 = -314.97 over 181 frames.
LOG (lattice-best-path[5.5.888~1-d619]:main():lattice-best-path.cc:99) For utterance nsc-part2-chn0-spk10373155inf-031550439, best cost 54.6817 + -336.088 = -281.406 over 180 frames.
LOG (lattice-best-path[5.5.888~1-d619]:main():lattice-best-path.cc:99) For utterance nsc-part2-chn0-spk10373155inf-031551571, best cost 86.4197 + -473.056 = -386.636 over 241 frames.
LOG (lattice-best-path[5.5.888~1-d619]:main():lattice-best-path.cc:99) For utterance nsc-part2-chn0-spk10373155inf-031551610, best cost 46.5901 + -302.349 = -255.759 over 171 frames.
LOG (lattice-best-path[5.5.888~1-d619]:main():lattice-best-path.cc:99) For utterance nsc-part2-chn0-spk10373155inf-031551624, best cost 70.0794 + -333.96 = -263.88 over 171 frames.
LOG (lattice-best-path[5.5.888~1-d619]:main():lattice-best-path.cc:99) For utterance nsc-part2-chn0-spk10373155inf-031551750, best cost 84.7368 + -413.168 = -328.431 over 209 frames.
LOG (lattice-best-path[5.5.888~1-d619]:main():lattice-best-path.cc:99) For utterance nsc-part2-chn0-spk10373155inf-031551761, best cost 96.0299 + -331.199 = -235.169 over 158 frames.
LOG (lattice-best-path[5.5.888~1-d619]:main():lattice-best-path.cc:99) For utterance nsc-part2-chn0-spk10393116inm-031160049, best cost 81.7832 + -362.122 = -280.339 over 185 frames.
LOG (lattice-best-path[5.5.888~1-d619]:main():lattice-best-path.cc:99) For utterance nsc-part2-chn0-spk10393116inm-031160099, best cost 71.454 + -297.049 = -225.595 over 142 frames.
LOG (lattice-best-path[5.5.888~1-d619]:main():lattice-best-path.cc:99) For utterance nsc-part2-chn0-spk10393116inm-031160121, best cost 108.65 + -366.804 = -258.153 over 144 frames.
LOG (lattice-best-path[5.5.888~1-d619]:main():lattice-best-path.cc:99) For utterance nsc-part2-chn0-spk10393116inm-031160164, best cost 55.5614 + -200.652 = -145.091 over 100 frames.
LOG (lattice-best-path[5.5.888~1-d619]:main():lattice-best-path.cc:99) For utterance nsc-part2-chn0-spk10393116inm-031160173, best cost 60.4872 + -300.439 = -239.952 over 141 frames.
LOG (lattice-best-path[5.5.888~1-d619]:main():lattice-best-path.cc:99) For utterance nsc-part2-chn0-spk10393116inm-031160191, best cost 91.2737 + -305.973 = -214.699 over 127 frames.
LOG (lattice-best-path[5.5.888~1-d619]:main():lattice-best-path.cc:99) For utterance nsc-part2-chn0-spk10393116inm-031160247, best cost 63.7952 + -278.203 = -214.407 over 127 frames.
LOG (lattice-best-path[5.5.888~1-d619]:main():lattice-best-path.cc:99) For utterance nsc-part2-chn0-spk10393116inm-031160375, best cost 70.1419 + -180.6 = -110.459 over 80 frames.
LOG (lattice-best-path[5.5.888~1-d619]:main():lattice-best-path.cc:99) For utterance nsc-part2-chn0-spk10393116inm-031160411, best cost 79.7259 + -251.777 = -172.051 over 121 frames.
LOG (lattice-best-path[5.5.888~1-d619]:main():lattice-best-path.cc:99) For utterance nsc-part2-chn0-spk10393116inm-031160441, best cost 72.4364 + -213.775 = -141.339 over 99 frames.
LOG (lattice-best-path[5.5.888~1-d619]:main():lattice-best-path.cc:99) For utterance nsc-part2-chn0-spk10393116inm-031161480, best cost 74.7414 + -273.657 = -198.916 over 128 frames.
LOG (lattice-best-path[5.5.888~1-d619]:main():lattice-best-path.cc:99) For utterance nsc-part2-chn0-spk10393116inm-031161497, best cost 100.614 + -385.339 = -284.724 over 184 frames.
LOG (lattice-best-path[5.5.888~1-d619]:main():lattice-best-path.cc:99) For utterance nsc-part2-chn0-spk10393116inm-031161580, best cost 117.169 + -428.879 = -311.71 over 212 frames.
LOG (lattice-best-path[5.5.888~1-d619]:main():lattice-best-path.cc:99) For utterance nsc-part2-chn0-spk10393116inm-031161747, best cost 60.0149 + -259.014 = -198.999 over 126 frames.
LOG (lattice-best-path[5.5.888~1-d619]:main():lattice-best-path.cc:99) For utterance nsc-part2-chn0-spk10393116inm-031161761, best cost 95.9944 + -387.707 = -291.712 over 174 frames.
LOG (lattice-best-path[5.5.888~1-d619]:main():lattice-best-path.cc:99) For utterance nsc-part2-chn0-spk10393116inm-031161773, best cost 79.2863 + -370.136 = -290.849 over 176 frames.
LOG (lattice-best-path[5.5.888~1-d619]:main():lattice-best-path.cc:99) For utterance nsc-part2-chn0-spk10512441mam-024410020, best cost 142.549 + -423.335 = -280.786 over 205 frames.
LOG (lattice-best-path[5.5.888~1-d619]:main():lattice-best-path.cc:99) For utterance nsc-part2-chn0-spk10512441mam-024410032, best cost 115.996 + -466.558 = -350.561 over 259 frames.
LOG (lattice-best-path[5.5.888~1-d619]:main():lattice-best-path.cc:99) For utterance nsc-part2-chn0-spk10512441mam-024410071, best cost 70.4983 + -254.342 = -183.844 over 127 frames.
LOG (lattice-best-path[5.5.888~1-d619]:main():lattice-best-path.cc:99) For utterance nsc-part2-chn0-spk10512441mam-024410080, best cost 75.7185 + -354.888 = -279.17 over 196 frames.
LOG (lattice-best-path[5.5.888~1-d619]:main():lattice-best-path.cc:99) For utterance nsc-part2-chn0-spk10512441mam-024410100, best cost 94.0198 + -256.594 = -162.574 over 124 frames.
LOG (lattice-best-path[5.5.888~1-d619]:main():lattice-best-path.cc:99) For utterance nsc-part2-chn0-spk10512441mam-024410118, best cost 56.4454 + -331.496 = -275.05 over 182 frames.
LOG (lattice-best-path[5.5.888~1-d619]:main():lattice-best-path.cc:99) For utterance nsc-part2-chn0-spk10512441mam-024410162, best cost 85.2134 + -368.835 = -283.621 over 205 frames.
LOG (lattice-best-path[5.5.888~1-d619]:main():lattice-best-path.cc:99) For utterance nsc-part2-chn0-spk10512441mam-024410204, best cost 40.0941 + -210.372 = -170.278 over 123 frames.
LOG (lattice-best-path[5.5.888~1-d619]:main():lattice-best-path.cc:99) For utterance nsc-part2-chn0-spk10512441mam-024410325, best cost 62.3258 + -285.377 = -223.052 over 155 frames.
LOG (lattice-best-path[5.5.888~1-d619]:main():lattice-best-path.cc:99) For utterance nsc-part2-chn0-spk10512441mam-024410384, best cost 56.5727 + -377.326 = -320.753 over 211 frames.
LOG (lattice-best-path[5.5.888~1-d619]:main():lattice-best-path.cc:99) For utterance nsc-part2-chn0-spk10512441mam-024410436, best cost 25.8265 + -183.396 = -157.57 over 122 frames.
LOG (lattice-best-path[5.5.888~1-d619]:main():lattice-best-path.cc:99) For utterance nsc-part2-chn0-spk10512441mam-024411669, best cost 26.281 + -151.062 = -124.781 over 104 frames.
LOG (lattice-best-path[5.5.888~1-d619]:main():lattice-best-path.cc:99) For utterance nsc-part2-chn0-spk10512441mam-024411695, best cost 43.3124 + -240.039 = -196.726 over 145 frames.
LOG (lattice-best-path[5.5.888~1-d619]:main():lattice-best-path.cc:99) For utterance nsc-part2-chn0-spk10512441mam-024411756, best cost 72.2685 + -300.148 = -227.88 over 186 frames.
LOG (lattice-best-path[5.5.888~1-d619]:main():lattice-best-path.cc:99) For utterance nsc-part2-chn0-spk10522435mam-024350080, best cost 47.5615 + -290.561 = -242.999 over 185 frames.
LOG (lattice-best-path[5.5.888~1-d619]:main():lattice-best-path.cc:99) For utterance nsc-part2-chn0-spk10522435mam-024350111, best cost 45.3434 + -242.413 = -197.069 over 153 frames.
LOG (lattice-best-path[5.5.888~1-d619]:main():lattice-best-path.cc:99) For utterance nsc-part2-chn0-spk10522435mam-024350164, best cost 32.5144 + -152.151 = -119.636 over 103 frames.
LOG (lattice-best-path[5.5.888~1-d619]:main():lattice-best-path.cc:99) For utterance nsc-part2-chn0-spk10522435mam-024350181, best cost 67.4801 + -218.56 = -151.08 over 110 frames.
LOG (lattice-best-path[5.5.888~1-d619]:main():lattice-best-path.cc:99) For utterance nsc-part2-chn0-spk10522435mam-024350239, best cost 23.8857 + -142.246 = -118.36 over 94 frames.
LOG (lattice-best-path[5.5.888~1-d619]:main():lattice-best-path.cc:99) For utterance nsc-part2-chn0-spk10522435mam-024350268, best cost 88.8955 + -326.819 = -237.923 over 184 frames.
LOG (lattice-best-path[5.5.888~1-d619]:main():lattice-best-path.cc:99) For utterance nsc-part2-chn0-spk10522435mam-024350297, best cost 37.6664 + -235.749 = -198.083 over 166 frames.
LOG (lattice-best-path[5.5.888~1-d619]:main():lattice-best-path.cc:99) For utterance nsc-part2-chn0-spk10522435mam-024350302, best cost 51.9979 + -255.481 = -203.483 over 145 frames.
LOG (lattice-best-path[5.5.888~1-d619]:main():lattice-best-path.cc:99) For utterance nsc-part2-chn0-spk10522435mam-024350325, best cost 48.2423 + -291.483 = -243.241 over 181 frames.
LOG (lattice-best-path[5.5.888~1-d619]:main():lattice-best-path.cc:99) For utterance nsc-part2-chn0-spk10522435mam-024350400, best cost 45.9546 + -232.559 = -186.605 over 160 frames.
LOG (lattice-best-path[5.5.888~1-d619]:main():lattice-best-path.cc:99) For utterance nsc-part2-chn0-spk10522435mam-024351472, best cost 54.11 + -256.491 = -202.381 over 154 frames.
LOG (lattice-best-path[5.5.888~1-d619]:main():lattice-best-path.cc:99) For utterance nsc-part2-chn0-spk10522435mam-024351639, best cost 40.1237 + -219.09 = -178.966 over 152 frames.
LOG (lattice-best-path[5.5.888~1-d619]:main():lattice-best-path.cc:99) For utterance nsc-part2-chn0-spk10522435mam-024351661, best cost 16.0319 + -137.695 = -121.663 over 106 frames.
LOG (lattice-best-path[5.5.888~1-d619]:main():lattice-best-path.cc:99) For utterance nsc-part2-chn0-spk10522435mam-024351858, best cost 47.1054 + -213.721 = -166.615 over 142 frames.
LOG (lattice-best-path[5.5.888~1-d619]:main():lattice-best-path.cc:99) For utterance nsc-part2-chn0-spk10672487inm-024870049, best cost 89.3662 + -353.508 = -264.142 over 185 frames.
LOG (lattice-best-path[5.5.888~1-d619]:main():lattice-best-path.cc:99) For utterance nsc-part2-chn0-spk10672487inm-024870100, best cost 68.0994 + -207.304 = -139.205 over 100 frames.
LOG (lattice-best-path[5.5.888~1-d619]:main():lattice-best-path.cc:99) For utterance nsc-part2-chn0-spk10672487inm-024870134, best cost 80.8597 + -480.872 = -400.013 over 261 frames.
LOG (lattice-best-path[5.5.888~1-d619]:main():lattice-best-path.cc:99) For utterance nsc-part2-chn0-spk10672487inm-024870175, best cost 43.9877 + -198.87 = -154.883 over 121 frames.
LOG (lattice-best-path[5.5.888~1-d619]:main():lattice-best-path.cc:99) For utterance nsc-part2-chn0-spk10672487inm-024870196, best cost 68.3061 + -234.865 = -166.559 over 118 frames.
LOG (lattice-best-path[5.5.888~1-d619]:main():lattice-best-path.cc:99) For utterance nsc-part2-chn0-spk10672487inm-024870257, best cost 49.8428 + -172.252 = -122.409 over 92 frames.
LOG (lattice-best-path[5.5.888~1-d619]:main():lattice-best-path.cc:99) For utterance nsc-part2-chn0-spk10672487inm-024870299, best cost 110.194 + -492 = -381.806 over 243 frames.
LOG (lattice-best-path[5.5.888~1-d619]:main():lattice-best-path.cc:99) For utterance nsc-part2-chn0-spk10672487inm-024870323, best cost 62.9328 + -338.887 = -275.954 over 174 frames.
LOG (lattice-best-path[5.5.888~1-d619]:main():lattice-best-path.cc:99) For utterance nsc-part2-chn0-spk10672487inm-024870418, best cost 55.8494 + -237.572 = -181.723 over 148 frames.
LOG (lattice-best-path[5.5.888~1-d619]:main():lattice-best-path.cc:99) For utterance nsc-part2-chn0-spk10672487inm-024870436, best cost 56.0359 + -255.271 = -199.235 over 150 frames.
LOG (lattice-best-path[5.5.888~1-d619]:main():lattice-best-path.cc:99) For utterance nsc-part2-chn0-spk10672487inm-024870439, best cost 58.1922 + -304.129 = -245.937 over 192 frames.
LOG (lattice-best-path[5.5.888~1-d619]:main():lattice-best-path.cc:99) For utterance nsc-part2-chn0-spk10672487inm-024871584, best cost 50.5442 + -205.87 = -155.326 over 124 frames.
LOG (lattice-best-path[5.5.888~1-d619]:main():lattice-best-path.cc:99) For utterance nsc-part2-chn0-spk10672487inm-024871773, best cost 89.0675 + -371.139 = -282.071 over 223 frames.
LOG (lattice-best-path[5.5.888~1-d619]:main():lattice-best-path.cc:99) For utterance nsc-part2-chn0-spk10672487inm-024871859, best cost 58.3954 + -238.294 = -179.899 over 142 frames.
LOG (lattice-best-path[5.5.888~1-d619]:main():lattice-best-path.cc:99) For utterance nsc-part2-chn0-spk10692513inm-025130009, best cost 68.7229 + -263.324 = -194.601 over 127 frames.
LOG (lattice-best-path[5.5.888~1-d619]:main():lattice-best-path.cc:99) For utterance nsc-part2-chn0-spk10692513inm-025130049, best cost 66.2812 + -323.628 = -257.346 over 185 frames.
LOG (lattice-best-path[5.5.888~1-d619]:main():lattice-best-path.cc:99) For utterance nsc-part2-chn0-spk10692513inm-025130173, best cost 57.4976 + -263.339 = -205.841 over 158 frames.
LOG (lattice-best-path[5.5.888~1-d619]:main():lattice-best-path.cc:99) For utterance nsc-part2-chn0-spk10692513inm-025130212, best cost 67.0756 + -346.692 = -279.617 over 210 frames.
LOG (lattice-best-path[5.5.888~1-d619]:main():lattice-best-path.cc:99) For utterance nsc-part2-chn0-spk10692513inm-025130239, best cost 39.7371 + -197.704 = -157.967 over 100 frames.
LOG (lattice-best-path[5.5.888~1-d619]:main():lattice-best-path.cc:99) For utterance nsc-part2-chn0-spk10692513inm-025130296, best cost 23.1223 + -135.995 = -112.873 over 83 frames.
LOG (lattice-best-path[5.5.888~1-d619]:main():lattice-best-path.cc:99) For utterance nsc-part2-chn0-spk10692513inm-025130411, best cost 60.5141 + -351.282 = -290.768 over 211 frames.
LOG (lattice-best-path[5.5.888~1-d619]:main():lattice-best-path.cc:99) For utterance nsc-part2-chn0-spk10692513inm-025130418, best cost 57.4693 + -273.714 = -216.244 over 157 frames.
LOG (lattice-best-path[5.5.888~1-d619]:main():lattice-best-path.cc:99) For utterance nsc-part2-chn0-spk10692513inm-025131461, best cost 24.8122 + -159.199 = -134.387 over 106 frames.
LOG (lattice-best-path[5.5.888~1-d619]:main():lattice-best-path.cc:99) For utterance nsc-part2-chn0-spk10692513inm-025131547, best cost 68.9192 + -371.095 = -302.176 over 219 frames.
LOG (lattice-best-path[5.5.888~1-d619]:main():lattice-best-path.cc:99) For utterance nsc-part2-chn0-spk10692513inm-025131592, best cost 61.1989 + -374.815 = -313.616 over 244 frames.
LOG (lattice-best-path[5.5.888~1-d619]:main():lattice-best-path.cc:99) For utterance nsc-part2-chn0-spk10692513inm-025131695, best cost 47.0128 + -277.218 = -230.205 over 179 frames.
LOG (lattice-best-path[5.5.888~1-d619]:main():lattice-best-path.cc:99) For utterance nsc-part2-chn0-spk10692513inm-025131750, best cost 36.0236 + -200.809 = -164.786 over 130 frames.
LOG (lattice-best-path[5.5.888~1-d619]:main():lattice-best-path.cc:99) For utterance nsc-part2-chn0-spk10692513inm-025131882, best cost 81.0109 + -328.371 = -247.361 over 177 frames.
LOG (lattice-best-path[5.5.888~1-d619]:main():lattice-best-path.cc:99) For utterance nsc-part2-chn0-spk14443161otm-031610032, best cost 92.3913 + -418.809 = -326.418 over 200 frames.
LOG (lattice-best-path[5.5.888~1-d619]:main():lattice-best-path.cc:99) For utterance nsc-part2-chn0-spk14443161otm-031610046, best cost 58.8953 + -222.529 = -163.634 over 102 frames.
LOG (lattice-best-path[5.5.888~1-d619]:main():lattice-best-path.cc:99) For utterance nsc-part2-chn0-spk14443161otm-031610049, best cost 108.636 + -421.024 = -312.388 over 178 frames.
LOG (lattice-best-path[5.5.888~1-d619]:main():lattice-best-path.cc:99) For utterance nsc-part2-chn0-spk14443161otm-031610080, best cost 61.53 + -334.822 = -273.292 over 153 frames.
LOG (lattice-best-path[5.5.888~1-d619]:main():lattice-best-path.cc:99) For utterance nsc-part2-chn0-spk14443161otm-031610100, best cost 96.4873 + -361.977 = -265.49 over 141 frames.
LOG (lattice-best-path[5.5.888~1-d619]:main():lattice-best-path.cc:99) For utterance nsc-part2-chn0-spk14443161otm-031610118, best cost 85.7269 + -371.764 = -286.037 over 170 frames.
LOG (lattice-best-path[5.5.888~1-d619]:main():lattice-best-path.cc:99) For utterance nsc-part2-chn0-spk14443161otm-031610173, best cost 99.9791 + -359.582 = -259.603 over 156 frames.
LOG (lattice-best-path[5.5.888~1-d619]:main():lattice-best-path.cc:99) For utterance nsc-part2-chn0-spk14443161otm-031610212, best cost 54.6414 + -323.957 = -269.315 over 148 frames.
LOG (lattice-best-path[5.5.888~1-d619]:main():lattice-best-path.cc:99) For utterance nsc-part2-chn0-spk14443161otm-031610228, best cost 64.4961 + -230.786 = -166.29 over 92 frames.
LOG (lattice-best-path[5.5.888~1-d619]:main():lattice-best-path.cc:99) For utterance nsc-part2-chn0-spk14443161otm-031610325, best cost 51.2345 + -300.46 = -249.226 over 134 frames.
LOG (lattice-best-path[5.5.888~1-d619]:main():lattice-best-path.cc:99) For utterance nsc-part2-chn0-spk14443161otm-031610412, best cost 66.5069 + -206.031 = -139.524 over 90 frames.
LOG (lattice-best-path[5.5.888~1-d619]:main():lattice-best-path.cc:99) For utterance nsc-part2-chn0-spk14443161otm-031611582, best cost 69.2026 + -258.511 = -189.309 over 115 frames.
LOG (lattice-best-path[5.5.888~1-d619]:main():lattice-best-path.cc:99) For utterance nsc-part2-chn0-spk14443161otm-031611610, best cost 79.1125 + -306.457 = -227.344 over 127 frames.
LOG (lattice-best-path[5.5.888~1-d619]:main():lattice-best-path.cc:99) For utterance nsc-part2-chn0-spk14443161otm-031611716, best cost 91.2209 + -301.395 = -210.174 over 128 frames.
LOG (lattice-best-path[5.5.888~1-d619]:main():lattice-best-path.cc:99) For utterance nsc-part2-chn0-spk14443161otm-031611855, best cost 50.7255 + -179.432 = -128.707 over 95 frames.
LOG (lattice-best-path[5.5.888~1-d619]:main():lattice-best-path.cc:99) For utterance nsc-part2-chn0-spk14443161otm-031611875, best cost 79.9932 + -283.326 = -203.333 over 137 frames.
LOG (lattice-best-path[5.5.888~1-d619]:main():lattice-best-path.cc:99) For utterance nsc-part2-chn0-spk14463163inf-031630035, best cost 93.0158 + -404.918 = -311.902 over 224 frames.
LOG (lattice-best-path[5.5.888~1-d619]:main():lattice-best-path.cc:99) For utterance nsc-part2-chn0-spk14463163inf-031630049, best cost 74.9732 + -401.857 = -326.884 over 205 frames.
LOG (lattice-best-path[5.5.888~1-d619]:main():lattice-best-path.cc:99) For utterance nsc-part2-chn0-spk14463163inf-031630118, best cost 79.6845 + -511.292 = -431.607 over 280 frames.
LOG (lattice-best-path[5.5.888~1-d619]:main():lattice-best-path.cc:99) For utterance nsc-part2-chn0-spk14463163inf-031630136, best cost 72.4797 + -336.744 = -264.264 over 172 frames.
LOG (lattice-best-path[5.5.888~1-d619]:main():lattice-best-path.cc:99) For utterance nsc-part2-chn0-spk14463163inf-031630162, best cost 70.6849 + -486.926 = -416.241 over 260 frames.
LOG (lattice-best-path[5.5.888~1-d619]:main():lattice-best-path.cc:99) For utterance nsc-part2-chn0-spk14463163inf-031630191, best cost 114.187 + -455.111 = -340.924 over 206 frames.
LOG (lattice-best-path[5.5.888~1-d619]:main():lattice-best-path.cc:99) For utterance nsc-part2-chn0-spk14463163inf-031630225, best cost 23.954 + -187.354 = -163.4 over 95 frames.
LOG (lattice-best-path[5.5.888~1-d619]:main():lattice-best-path.cc:99) For utterance nsc-part2-chn0-spk14463163inf-031630287, best cost 138.841 + -557.682 = -418.841 over 279 frames.
LOG (lattice-best-path[5.5.888~1-d619]:main():lattice-best-path.cc:99) For utterance nsc-part2-chn0-spk14463163inf-031630296, best cost 36.6485 + -228.229 = -191.581 over 133 frames.
LOG (lattice-best-path[5.5.888~1-d619]:main():lattice-best-path.cc:99) For utterance nsc-part2-chn0-spk14463163inf-031630384, best cost 95.2598 + -453.609 = -358.35 over 230 frames.
LOG (lattice-best-path[5.5.888~1-d619]:main():lattice-best-path.cc:99) For utterance nsc-part2-chn0-spk14463163inf-031630405, best cost 109.944 + -430.872 = -320.928 over 203 frames.
LOG (lattice-best-path[5.5.888~1-d619]:main():lattice-best-path.cc:99) For utterance nsc-part2-chn0-spk14463163inf-031631480, best cost 101.633 + -509.824 = -408.191 over 266 frames.
LOG (lattice-best-path[5.5.888~1-d619]:main():lattice-best-path.cc:99) For utterance nsc-part2-chn0-spk14463163inf-031631542, best cost 81.1817 + -336.349 = -255.168 over 183 frames.
LOG (lattice-best-path[5.5.888~1-d619]:main():lattice-best-path.cc:99) For utterance nsc-part2-chn0-spk14463163inf-031631584, best cost 78.0987 + -406.106 = -328.007 over 227 frames.
LOG (lattice-best-path[5.5.888~1-d619]:main():lattice-best-path.cc:99) For utterance nsc-part2-chn0-spk14463163inf-031631652, best cost 74.9698 + -271.506 = -196.536 over 136 frames.
LOG (lattice-best-path[5.5.888~1-d619]:main():lattice-best-path.cc:99) For utterance nsc-part2-chn0-spk14463163inf-031631794, best cost 76.9405 + -289.123 = -212.182 over 135 frames.
LOG (lattice-best-path[5.5.888~1-d619]:main():lattice-best-path.cc:99) For utterance nsc-part2-chn0-spk14463163inf-031631875, best cost 97.0089 + -448.056 = -351.047 over 225 frames.
LOG (lattice-depth-per-frame[5.5.888~1-d619]:main():lattice-depth-per-frame.cc:82) Done 122 lattices.
LOG (lattice-best-path[5.5.888~1-d619]:main():lattice-best-path.cc:124) Overall cost per frame is -1.47977 = 0.426718 [graph] + -1.90648 [acoustic] over 19935 frames.
LOG (lattice-best-path[5.5.888~1-d619]:main():lattice-best-path.cc:128) Done 122 lattices, failed for 0
# Ended (code 0) at Wed Aug 25 19:08:32 +08 2021, elapsed time 13 seconds
