# lattice-depth-per-frame "ark:gunzip -c /home3/ztkyaw/w2021/deliverables/contrast-zin-dev/baseline/tdnnf-transfer-sp/decode_imda-part2_1629889191-hw_lmg/lat.3.gz|" "ark,t:|gzip -c > /home3/ztkyaw/w2021/deliverables/contrast-zin-dev/baseline/tdnnf-transfer-sp/decode_imda-part2_1629889191-hw_lmg/depth_tmp.3.gz" ark:- | lattice-best-path --acoustic-scale=0.1 ark:- ark:/dev/null "ark,t:|gzip -c >/home3/ztkyaw/w2021/deliverables/contrast-zin-dev/baseline/tdnnf-transfer-sp/decode_imda-part2_1629889191-hw_lmg/ali_tmp.3.gz" 
# Invoked at Wed Aug 25 19:08:19 +08 2021 from node02
#
# Started at Wed Aug 25 19:08:31 SGT 2021 on node03
lattice-best-path --acoustic-scale=0.1 ark:- ark:/dev/null 'ark,t:|gzip -c >/home3/ztkyaw/w2021/deliverables/contrast-zin-dev/baseline/tdnnf-transfer-sp/decode_imda-part2_1629889191-hw_lmg/ali_tmp.3.gz' 
lattice-depth-per-frame 'ark:gunzip -c /home3/ztkyaw/w2021/deliverables/contrast-zin-dev/baseline/tdnnf-transfer-sp/decode_imda-part2_1629889191-hw_lmg/lat.3.gz|' 'ark,t:|gzip -c > /home3/ztkyaw/w2021/deliverables/contrast-zin-dev/baseline/tdnnf-transfer-sp/decode_imda-part2_1629889191-hw_lmg/depth_tmp.3.gz' ark:- 
LOG (lattice-best-path[5.5.888~1-d619]:main():lattice-best-path.cc:99) For utterance nsc-part2-chn0-spk07832894cnf-028940087, best cost 100.158 + -431.909 = -331.751 over 204 frames.
LOG (lattice-best-path[5.5.888~1-d619]:main():lattice-best-path.cc:99) For utterance nsc-part2-chn0-spk07832894cnf-028940123, best cost 62.1931 + -312.994 = -250.801 over 151 frames.
LOG (lattice-best-path[5.5.888~1-d619]:main():lattice-best-path.cc:99) For utterance nsc-part2-chn0-spk07832894cnf-028940134, best cost 101.16 + -411.505 = -310.345 over 196 frames.
LOG (lattice-best-path[5.5.888~1-d619]:main():lattice-best-path.cc:99) For utterance nsc-part2-chn0-spk07832894cnf-028940173, best cost 85.0826 + -372.603 = -287.52 over 155 frames.
LOG (lattice-best-path[5.5.888~1-d619]:main():lattice-best-path.cc:99) For utterance nsc-part2-chn0-spk07832894cnf-028940187, best cost 117.38 + -376.061 = -258.681 over 173 frames.
LOG (lattice-best-path[5.5.888~1-d619]:main():lattice-best-path.cc:99) For utterance nsc-part2-chn0-spk07832894cnf-028940188, best cost 61.4013 + -214.581 = -153.18 over 97 frames.
LOG (lattice-best-path[5.5.888~1-d619]:main():lattice-best-path.cc:99) For utterance nsc-part2-chn0-spk07832894cnf-028940221, best cost 50.615 + -225.421 = -174.806 over 104 frames.
LOG (lattice-best-path[5.5.888~1-d619]:main():lattice-best-path.cc:99) For utterance nsc-part2-chn0-spk07832894cnf-028940232, best cost 102.006 + -289.657 = -187.651 over 123 frames.
LOG (lattice-best-path[5.5.888~1-d619]:main():lattice-best-path.cc:99) For utterance nsc-part2-chn0-spk07832894cnf-028940299, best cost 86.9458 + -457.461 = -370.515 over 251 frames.
LOG (lattice-best-path[5.5.888~1-d619]:main():lattice-best-path.cc:99) For utterance nsc-part2-chn0-spk07832894cnf-028940412, best cost 48.6493 + -203.727 = -155.077 over 99 frames.
LOG (lattice-best-path[5.5.888~1-d619]:main():lattice-best-path.cc:99) For utterance nsc-part2-chn0-spk07832894cnf-028940447, best cost 71.092 + -274.545 = -203.453 over 127 frames.
LOG (lattice-best-path[5.5.888~1-d619]:main():lattice-best-path.cc:99) For utterance nsc-part2-chn0-spk07832894cnf-028941596, best cost 77.1156 + -246.135 = -169.02 over 121 frames.
LOG (lattice-best-path[5.5.888~1-d619]:main():lattice-best-path.cc:99) For utterance nsc-part2-chn0-spk07832894cnf-028941652, best cost 57.2999 + -270.058 = -212.758 over 136 frames.
LOG (lattice-best-path[5.5.888~1-d619]:main():lattice-best-path.cc:99) For utterance nsc-part2-chn0-spk07832894cnf-028941770, best cost 103.313 + -420.433 = -317.12 over 206 frames.
LOG (lattice-best-path[5.5.888~1-d619]:main():lattice-best-path.cc:99) For utterance nsc-part2-chn0-spk07952885cnf-028850024, best cost 195.521 + -786.111 = -590.589 over 369 frames.
LOG (lattice-best-path[5.5.888~1-d619]:main():lattice-best-path.cc:99) For utterance nsc-part2-chn0-spk07952885cnf-028850071, best cost 64.1226 + -340.479 = -276.357 over 158 frames.
LOG (lattice-best-path[5.5.888~1-d619]:main():lattice-best-path.cc:99) For utterance nsc-part2-chn0-spk07952885cnf-028850121, best cost 95.0557 + -401.082 = -306.027 over 183 frames.
LOG (lattice-best-path[5.5.888~1-d619]:main():lattice-best-path.cc:99) For utterance nsc-part2-chn0-spk07952885cnf-028850204, best cost 75.0333 + -279.861 = -204.827 over 133 frames.
LOG (lattice-best-path[5.5.888~1-d619]:main():lattice-best-path.cc:99) For utterance nsc-part2-chn0-spk07952885cnf-028850232, best cost 84.0714 + -373.813 = -289.741 over 177 frames.
LOG (lattice-best-path[5.5.888~1-d619]:main():lattice-best-path.cc:99) For utterance nsc-part2-chn0-spk07952885cnf-028850249, best cost 62.2345 + -270.201 = -207.966 over 130 frames.
LOG (lattice-best-path[5.5.888~1-d619]:main():lattice-best-path.cc:99) For utterance nsc-part2-chn0-spk07952885cnf-028850313, best cost 83.1536 + -501.34 = -418.187 over 264 frames.
LOG (lattice-best-path[5.5.888~1-d619]:main():lattice-best-path.cc:99) For utterance nsc-part2-chn0-spk07952885cnf-028850323, best cost 126.968 + -523.486 = -396.517 over 243 frames.
LOG (lattice-best-path[5.5.888~1-d619]:main():lattice-best-path.cc:99) For utterance nsc-part2-chn0-spk07952885cnf-028850342, best cost 68.0302 + -280.545 = -212.515 over 141 frames.
LOG (lattice-best-path[5.5.888~1-d619]:main():lattice-best-path.cc:99) For utterance nsc-part2-chn0-spk07952885cnf-028851610, best cost 101.9 + -433.394 = -331.495 over 211 frames.
LOG (lattice-best-path[5.5.888~1-d619]:main():lattice-best-path.cc:99) For utterance nsc-part2-chn0-spk07952885cnf-028851621, best cost 75.4668 + -330.725 = -255.258 over 182 frames.
LOG (lattice-best-path[5.5.888~1-d619]:main():lattice-best-path.cc:99) For utterance nsc-part2-chn0-spk07952885cnf-028851699, best cost 70.9496 + -304.207 = -233.257 over 168 frames.
LOG (lattice-best-path[5.5.888~1-d619]:main():lattice-best-path.cc:99) For utterance nsc-part2-chn0-spk07952885cnf-028851870, best cost 63.2521 + -344.618 = -281.366 over 177 frames.
LOG (lattice-best-path[5.5.888~1-d619]:main():lattice-best-path.cc:99) For utterance nsc-part2-chn0-spk07952885cnf-028851878, best cost 53.5219 + -319.568 = -266.047 over 167 frames.
LOG (lattice-best-path[5.5.888~1-d619]:main():lattice-best-path.cc:99) For utterance nsc-part2-chn0-spk08262877cnf-028770007, best cost 83.2283 + -302.376 = -219.147 over 147 frames.
LOG (lattice-best-path[5.5.888~1-d619]:main():lattice-best-path.cc:99) For utterance nsc-part2-chn0-spk08262877cnf-028770080, best cost 95.0477 + -505.361 = -410.313 over 236 frames.
LOG (lattice-best-path[5.5.888~1-d619]:main():lattice-best-path.cc:99) For utterance nsc-part2-chn0-spk08262877cnf-028770134, best cost 92.788 + -509.992 = -417.204 over 236 frames.
LOG (lattice-best-path[5.5.888~1-d619]:main():lattice-best-path.cc:99) For utterance nsc-part2-chn0-spk08262877cnf-028770181, best cost 71.4105 + -266.486 = -195.076 over 122 frames.
LOG (lattice-best-path[5.5.888~1-d619]:main():lattice-best-path.cc:99) For utterance nsc-part2-chn0-spk08262877cnf-028770232, best cost 108.975 + -402.862 = -293.887 over 210 frames.
LOG (lattice-best-path[5.5.888~1-d619]:main():lattice-best-path.cc:99) For utterance nsc-part2-chn0-spk08262877cnf-028770269, best cost 114.214 + -506.218 = -392.004 over 251 frames.
LOG (lattice-best-path[5.5.888~1-d619]:main():lattice-best-path.cc:99) For utterance nsc-part2-chn0-spk08262877cnf-028770313, best cost 54.9081 + -376.995 = -322.087 over 187 frames.
LOG (lattice-best-path[5.5.888~1-d619]:main():lattice-best-path.cc:99) For utterance nsc-part2-chn0-spk08262877cnf-028770320, best cost 57.5163 + -243.076 = -185.559 over 105 frames.
LOG (lattice-best-path[5.5.888~1-d619]:main():lattice-best-path.cc:99) For utterance nsc-part2-chn0-spk08262877cnf-028770400, best cost 104.128 + -366.011 = -261.883 over 172 frames.
LOG (lattice-best-path[5.5.888~1-d619]:main():lattice-best-path.cc:99) For utterance nsc-part2-chn0-spk08262877cnf-028770434, best cost 86.3256 + -442.958 = -356.632 over 211 frames.
LOG (lattice-best-path[5.5.888~1-d619]:main():lattice-best-path.cc:99) For utterance nsc-part2-chn0-spk08262877cnf-028770436, best cost 74.4666 + -428.554 = -354.087 over 194 frames.
LOG (lattice-best-path[5.5.888~1-d619]:main():lattice-best-path.cc:99) For utterance nsc-part2-chn0-spk08262877cnf-028771660, best cost 97.171 + -463.135 = -365.964 over 223 frames.
LOG (lattice-best-path[5.5.888~1-d619]:main():lattice-best-path.cc:99) For utterance nsc-part2-chn0-spk08262877cnf-028771761, best cost 87.5677 + -464.285 = -376.717 over 216 frames.
LOG (lattice-best-path[5.5.888~1-d619]:main():lattice-best-path.cc:99) For utterance nsc-part2-chn0-spk08262877cnf-028771842, best cost 131.467 + -541.084 = -409.617 over 282 frames.
LOG (lattice-best-path[5.5.888~1-d619]:main():lattice-best-path.cc:99) For utterance nsc-part2-chn0-spk08262877cnf-028771863, best cost 90.3289 + -505.483 = -415.154 over 239 frames.
LOG (lattice-best-path[5.5.888~1-d619]:main():lattice-best-path.cc:99) For utterance nsc-part2-chn0-spk08262877cnf-028771881, best cost 94.7163 + -420.923 = -326.207 over 209 frames.
LOG (lattice-best-path[5.5.888~1-d619]:main():lattice-best-path.cc:99) For utterance nsc-part2-chn0-spk08272878cnm-028780024, best cost 84.4989 + -482.385 = -397.886 over 236 frames.
LOG (lattice-best-path[5.5.888~1-d619]:main():lattice-best-path.cc:99) For utterance nsc-part2-chn0-spk08272878cnm-028780104, best cost 115.645 + -390.133 = -274.488 over 176 frames.
LOG (lattice-best-path[5.5.888~1-d619]:main():lattice-best-path.cc:99) For utterance nsc-part2-chn0-spk08272878cnm-028780118, best cost 117.589 + -576.481 = -458.893 over 245 frames.
LOG (lattice-best-path[5.5.888~1-d619]:main():lattice-best-path.cc:99) For utterance nsc-part2-chn0-spk08272878cnm-028780136, best cost 98.1382 + -507.34 = -409.202 over 254 frames.
LOG (lattice-best-path[5.5.888~1-d619]:main():lattice-best-path.cc:99) For utterance nsc-part2-chn0-spk08272878cnm-028780144, best cost 85.3185 + -474.88 = -389.561 over 223 frames.
LOG (lattice-best-path[5.5.888~1-d619]:main():lattice-best-path.cc:99) For utterance nsc-part2-chn0-spk08272878cnm-028780176, best cost 75.3053 + -378.101 = -302.796 over 203 frames.
LOG (lattice-best-path[5.5.888~1-d619]:main():lattice-best-path.cc:99) For utterance nsc-part2-chn0-spk08272878cnm-028780181, best cost 76.6367 + -302.522 = -225.885 over 139 frames.
LOG (lattice-best-path[5.5.888~1-d619]:main():lattice-best-path.cc:99) For utterance nsc-part2-chn0-spk08272878cnm-028780213, best cost 64.2971 + -240.359 = -176.062 over 125 frames.
LOG (lattice-best-path[5.5.888~1-d619]:main():lattice-best-path.cc:99) For utterance nsc-part2-chn0-spk08272878cnm-028780219, best cost 71.1666 + -231.419 = -160.252 over 111 frames.
LOG (lattice-best-path[5.5.888~1-d619]:main():lattice-best-path.cc:99) For utterance nsc-part2-chn0-spk08272878cnm-028780238, best cost 90.0159 + -386.735 = -296.719 over 215 frames.
LOG (lattice-best-path[5.5.888~1-d619]:main():lattice-best-path.cc:99) For utterance nsc-part2-chn0-spk08272878cnm-028780247, best cost 59.067 + -460.061 = -400.994 over 247 frames.
LOG (lattice-best-path[5.5.888~1-d619]:main():lattice-best-path.cc:99) For utterance nsc-part2-chn0-spk08272878cnm-028780356, best cost 67.9464 + -411.664 = -343.718 over 226 frames.
LOG (lattice-best-path[5.5.888~1-d619]:main():lattice-best-path.cc:99) For utterance nsc-part2-chn0-spk08272878cnm-028780411, best cost 107.827 + -516.737 = -408.91 over 234 frames.
LOG (lattice-best-path[5.5.888~1-d619]:main():lattice-best-path.cc:99) For utterance nsc-part2-chn0-spk08272878cnm-028780427, best cost 71.7154 + -459.077 = -387.362 over 252 frames.
LOG (lattice-best-path[5.5.888~1-d619]:main():lattice-best-path.cc:99) For utterance nsc-part2-chn0-spk08272878cnm-028780434, best cost 102.857 + -417.244 = -314.387 over 195 frames.
LOG (lattice-best-path[5.5.888~1-d619]:main():lattice-best-path.cc:99) For utterance nsc-part2-chn0-spk08272878cnm-028781472, best cost 106.184 + -553.415 = -447.232 over 272 frames.
LOG (lattice-best-path[5.5.888~1-d619]:main():lattice-best-path.cc:99) For utterance nsc-part2-chn0-spk08272878cnm-028781547, best cost 105.6 + -511.515 = -405.915 over 245 frames.
LOG (lattice-best-path[5.5.888~1-d619]:main():lattice-best-path.cc:99) For utterance nsc-part2-chn0-spk08272878cnm-028781569, best cost 134.047 + -543.538 = -409.491 over 220 frames.
LOG (lattice-best-path[5.5.888~1-d619]:main():lattice-best-path.cc:99) For utterance nsc-part2-chn0-spk08272878cnm-028781582, best cost 66.0595 + -377.447 = -311.388 over 188 frames.
LOG (lattice-best-path[5.5.888~1-d619]:main():lattice-best-path.cc:99) For utterance nsc-part2-chn0-spk08272878cnm-028781596, best cost 65.2112 + -277.52 = -212.309 over 128 frames.
LOG (lattice-best-path[5.5.888~1-d619]:main():lattice-best-path.cc:99) For utterance nsc-part2-chn0-spk08272878cnm-028781859, best cost 67.5825 + -388.217 = -320.634 over 209 frames.
LOG (lattice-best-path[5.5.888~1-d619]:main():lattice-best-path.cc:99) For utterance nsc-part2-chn0-spk08272878cnm-028781882, best cost 107.581 + -429.629 = -322.048 over 208 frames.
LOG (lattice-best-path[5.5.888~1-d619]:main():lattice-best-path.cc:99) For utterance nsc-part2-chn0-spk08432920cnm-029200176, best cost 163.789 + -561.44 = -397.651 over 265 frames.
LOG (lattice-best-path[5.5.888~1-d619]:main():lattice-best-path.cc:99) For utterance nsc-part2-chn0-spk08432920cnm-029200181, best cost 76.6377 + -299.641 = -223.003 over 138 frames.
LOG (lattice-best-path[5.5.888~1-d619]:main():lattice-best-path.cc:99) For utterance nsc-part2-chn0-spk08432920cnm-029200188, best cost 71.6537 + -290.4 = -218.747 over 122 frames.
LOG (lattice-best-path[5.5.888~1-d619]:main():lattice-best-path.cc:99) For utterance nsc-part2-chn0-spk08432920cnm-029200203, best cost 82.3996 + -278.199 = -195.799 over 130 frames.
LOG (lattice-best-path[5.5.888~1-d619]:main():lattice-best-path.cc:99) For utterance nsc-part2-chn0-spk08432920cnm-029200239, best cost 33.7668 + -178.158 = -144.391 over 85 frames.
LOG (lattice-best-path[5.5.888~1-d619]:main():lattice-best-path.cc:99) For utterance nsc-part2-chn0-spk08432920cnm-029200326, best cost 39.6005 + -205.947 = -166.346 over 98 frames.
LOG (lattice-best-path[5.5.888~1-d619]:main():lattice-best-path.cc:99) For utterance nsc-part2-chn0-spk08432920cnm-029200351, best cost 91.8382 + -362.054 = -270.216 over 168 frames.
LOG (lattice-best-path[5.5.888~1-d619]:main():lattice-best-path.cc:99) For utterance nsc-part2-chn0-spk08432920cnm-029201471, best cost 76.9795 + -305.57 = -228.59 over 139 frames.
LOG (lattice-best-path[5.5.888~1-d619]:main():lattice-best-path.cc:99) For utterance nsc-part2-chn0-spk08432920cnm-029201505, best cost 85.8068 + -397.391 = -311.584 over 176 frames.
LOG (lattice-best-path[5.5.888~1-d619]:main():lattice-best-path.cc:99) For utterance nsc-part2-chn0-spk08432920cnm-029201667, best cost 74.6475 + -278.489 = -203.841 over 138 frames.
LOG (lattice-best-path[5.5.888~1-d619]:main():lattice-best-path.cc:99) For utterance nsc-part2-chn0-spk08432920cnm-029201706, best cost 105.622 + -436.635 = -331.013 over 190 frames.
LOG (lattice-best-path[5.5.888~1-d619]:main():lattice-best-path.cc:99) For utterance nsc-part2-chn0-spk08432920cnm-029201750, best cost 89.3719 + -490.968 = -401.596 over 236 frames.
LOG (lattice-best-path[5.5.888~1-d619]:main():lattice-best-path.cc:99) For utterance nsc-part2-chn0-spk08432920cnm-029201790, best cost 75.9235 + -311.438 = -235.515 over 153 frames.
LOG (lattice-best-path[5.5.888~1-d619]:main():lattice-best-path.cc:99) For utterance nsc-part2-chn0-spk08432920cnm-029201800, best cost 84.0545 + -321.607 = -237.552 over 145 frames.
LOG (lattice-best-path[5.5.888~1-d619]:main():lattice-best-path.cc:99) For utterance nsc-part2-chn0-spk08432920cnm-029201855, best cost 56.933 + -229.142 = -172.209 over 118 frames.
LOG (lattice-best-path[5.5.888~1-d619]:main():lattice-best-path.cc:99) For utterance nsc-part2-chn0-spk08482926cnm-029260018, best cost 137.872 + -602.319 = -464.447 over 275 frames.
LOG (lattice-best-path[5.5.888~1-d619]:main():lattice-best-path.cc:99) For utterance nsc-part2-chn0-spk08482926cnm-029260024, best cost 147.352 + -590.568 = -443.217 over 273 frames.
LOG (lattice-best-path[5.5.888~1-d619]:main():lattice-best-path.cc:99) For utterance nsc-part2-chn0-spk08482926cnm-029260067, best cost 95.1984 + -366.277 = -271.078 over 177 frames.
LOG (lattice-best-path[5.5.888~1-d619]:main():lattice-best-path.cc:99) For utterance nsc-part2-chn0-spk08482926cnm-029260087, best cost 103.516 + -456.345 = -352.829 over 218 frames.
LOG (lattice-best-path[5.5.888~1-d619]:main():lattice-best-path.cc:99) For utterance nsc-part2-chn0-spk08482926cnm-029260107, best cost 80.2104 + -250.165 = -169.954 over 116 frames.
LOG (lattice-best-path[5.5.888~1-d619]:main():lattice-best-path.cc:99) For utterance nsc-part2-chn0-spk08482926cnm-029260236, best cost 84.6883 + -313.617 = -228.928 over 144 frames.
LOG (lattice-best-path[5.5.888~1-d619]:main():lattice-best-path.cc:99) For utterance nsc-part2-chn0-spk08482926cnm-029260249, best cost 70.529 + -262.279 = -191.75 over 108 frames.
LOG (lattice-best-path[5.5.888~1-d619]:main():lattice-best-path.cc:99) For utterance nsc-part2-chn0-spk08482926cnm-029260252, best cost 56.405 + -222.785 = -166.38 over 105 frames.
LOG (lattice-best-path[5.5.888~1-d619]:main():lattice-best-path.cc:99) For utterance nsc-part2-chn0-spk08482926cnm-029260326, best cost 49.9687 + -204.038 = -154.07 over 96 frames.
LOG (lattice-best-path[5.5.888~1-d619]:main():lattice-best-path.cc:99) For utterance nsc-part2-chn0-spk08482926cnm-029261493, best cost 75.6235 + -262.162 = -186.538 over 116 frames.
LOG (lattice-best-path[5.5.888~1-d619]:main():lattice-best-path.cc:99) For utterance nsc-part2-chn0-spk08482926cnm-029261705, best cost 70.5983 + -236.459 = -165.861 over 109 frames.
LOG (lattice-best-path[5.5.888~1-d619]:main():lattice-best-path.cc:99) For utterance nsc-part2-chn0-spk08482926cnm-029261768, best cost 57.1004 + -209.268 = -152.168 over 99 frames.
LOG (lattice-best-path[5.5.888~1-d619]:main():lattice-best-path.cc:99) For utterance nsc-part2-chn0-spk08482926cnm-029261890, best cost 78.7257 + -293.859 = -215.133 over 135 frames.
LOG (lattice-best-path[5.5.888~1-d619]:main():lattice-best-path.cc:99) For utterance nsc-part2-chn0-spk08482926cnm-029261893, best cost 75.1941 + -382.675 = -307.481 over 196 frames.
LOG (lattice-best-path[5.5.888~1-d619]:main():lattice-best-path.cc:99) For utterance nsc-part2-chn0-spk08592939cnf-029390032, best cost 124.52 + -468.187 = -343.667 over 201 frames.
LOG (lattice-best-path[5.5.888~1-d619]:main():lattice-best-path.cc:99) For utterance nsc-part2-chn0-spk08592939cnf-029390045, best cost 72.2038 + -239.32 = -167.116 over 106 frames.
LOG (lattice-best-path[5.5.888~1-d619]:main():lattice-best-path.cc:99) For utterance nsc-part2-chn0-spk08592939cnf-029390115, best cost 85.3949 + -289.948 = -204.554 over 121 frames.
LOG (lattice-best-path[5.5.888~1-d619]:main():lattice-best-path.cc:99) For utterance nsc-part2-chn0-spk08592939cnf-029390144, best cost 72.8268 + -320.628 = -247.802 over 156 frames.
LOG (lattice-best-path[5.5.888~1-d619]:main():lattice-best-path.cc:99) For utterance nsc-part2-chn0-spk08592939cnf-029390197, best cost 81.4181 + -291.742 = -210.324 over 131 frames.
LOG (lattice-best-path[5.5.888~1-d619]:main():lattice-best-path.cc:99) For utterance nsc-part2-chn0-spk08592939cnf-029390207, best cost 90.7716 + -312.583 = -221.811 over 134 frames.
LOG (lattice-best-path[5.5.888~1-d619]:main():lattice-best-path.cc:99) For utterance nsc-part2-chn0-spk08592939cnf-029390221, best cost 77.0783 + -277.44 = -200.362 over 130 frames.
LOG (lattice-best-path[5.5.888~1-d619]:main():lattice-best-path.cc:99) For utterance nsc-part2-chn0-spk08592939cnf-029390269, best cost 85.2338 + -338.977 = -253.743 over 167 frames.
LOG (lattice-best-path[5.5.888~1-d619]:main():lattice-best-path.cc:99) For utterance nsc-part2-chn0-spk08592939cnf-029390308, best cost 52.6198 + -285.854 = -233.234 over 154 frames.
LOG (lattice-best-path[5.5.888~1-d619]:main():lattice-best-path.cc:99) For utterance nsc-part2-chn0-spk08592939cnf-029390411, best cost 90.6663 + -369.48 = -278.814 over 170 frames.
LOG (lattice-best-path[5.5.888~1-d619]:main():lattice-best-path.cc:99) For utterance nsc-part2-chn0-spk08592939cnf-029390447, best cost 89.0576 + -326.439 = -237.381 over 139 frames.
LOG (lattice-best-path[5.5.888~1-d619]:main():lattice-best-path.cc:99) For utterance nsc-part2-chn0-spk08592939cnf-029391497, best cost 85.3978 + -347.87 = -262.472 over 166 frames.
LOG (lattice-best-path[5.5.888~1-d619]:main():lattice-best-path.cc:99) For utterance nsc-part2-chn0-spk08592939cnf-029391614, best cost 67.9878 + -286.142 = -218.154 over 117 frames.
LOG (lattice-best-path[5.5.888~1-d619]:main():lattice-best-path.cc:99) For utterance nsc-part2-chn0-spk08592939cnf-029391667, best cost 72.1265 + -244.6 = -172.474 over 111 frames.
LOG (lattice-best-path[5.5.888~1-d619]:main():lattice-best-path.cc:99) For utterance nsc-part2-chn0-spk08592939cnf-029391697, best cost 90.9691 + -296.451 = -205.482 over 123 frames.
LOG (lattice-best-path[5.5.888~1-d619]:main():lattice-best-path.cc:99) For utterance nsc-part2-chn0-spk08592939cnf-029391834, best cost 80.1235 + -261.585 = -181.462 over 118 frames.
LOG (lattice-best-path[5.5.888~1-d619]:main():lattice-best-path.cc:99) For utterance nsc-part2-chn0-spk08592939cnf-029391876, best cost 61.6637 + -239.791 = -178.128 over 108 frames.
LOG (lattice-depth-per-frame[5.5.888~1-d619]:main():lattice-depth-per-frame.cc:82) Done 112 lattices.
LOG (lattice-best-path[5.5.888~1-d619]:main():lattice-best-path.cc:124) Overall cost per frame is -1.61152 = 0.488272 [graph] + -2.09979 [acoustic] over 19457 frames.
LOG (lattice-best-path[5.5.888~1-d619]:main():lattice-best-path.cc:128) Done 112 lattices, failed for 0
# Ended (code 0) at Wed Aug 25 19:08:32 +08 2021, elapsed time 13 seconds
