# gunzip -c /home3/ztkyaw/w2021/deliverables/contrast-zin-dev/baseline/tdnnf-transfer-sp/decode_imda-part2_1629888772-hw_lmg/depth_tmp.*.gz | steps/diagnostic/analyze_lattice_depth_stats.py /home3/ztkyaw/w2021/deliverables/contrast-zin-dev/output/expEX4/graph /home3/ztkyaw/w2021/deliverables/contrast-zin-dev/baseline/tdnnf-transfer-sp/decode_imda-part2_1629888772-hw_lmg/ali_frame_tmp.gz 
# Invoked at Wed Aug 25 19:00:39 SGT 2021 from node05
#
# Started at Wed Aug 25 19:01:38 SGT 2021 on node03
The total amount of data analyzed assuming 100 frames per second is 0.5 hours
Overall, lattice depth (10,50,90-percentile)=(1,34,581) and mean=210.6
Nonsilence phones as a group account for 67.2% of frames, with lattice depth (10,50,90-percentile)=(1,30,622) and mean=219.4
Phone SIL accounts for 32.8% of frames, with lattice depth (10,50,90-percentile)=(1,44,515) and mean=192.6
Phone a_eng_I accounts for 6.7% of frames, with lattice depth (10,50,90-percentile)=(1,28,582) and mean=203.1
Phone n_eng_I accounts for 5.0% of frames, with lattice depth (10,50,90-percentile)=(1,19,525) and mean=179.9
Phone o_eng_I accounts for 4.8% of frames, with lattice depth (10,50,90-percentile)=(1,24,512) and mean=185.5
Phone e_eng_I accounts for 4.1% of frames, with lattice depth (10,50,90-percentile)=(1,26,637) and mean=214.1
Phone i_eng_I accounts for 3.7% of frames, with lattice depth (10,50,90-percentile)=(1,23,608) and mean=223.5
Phone r_eng_I accounts for 3.3% of frames, with lattice depth (10,50,90-percentile)=(1,18,534) and mean=177.3
Phone s_eng_I accounts for 2.6% of frames, with lattice depth (10,50,90-percentile)=(1,29,500) and mean=176.0
Phone t_eng_I accounts for 2.4% of frames, with lattice depth (10,50,90-percentile)=(1,29,568) and mean=216.0
Phone l_eng_I accounts for 2.1% of frames, with lattice depth (10,50,90-percentile)=(1,28,584) and mean=197.3
Phone u_eng_I accounts for 1.9% of frames, with lattice depth (10,50,90-percentile)=(1,21,570) and mean=198.2
Phone c_eng_I accounts for 1.7% of frames, with lattice depth (10,50,90-percentile)=(1,19,512) and mean=171.7
Phone e_WB_eng_E accounts for 1.5% of frames, with lattice depth (10,50,90-percentile)=(1,21,455) and mean=207.7
Phone m_eng_I accounts for 1.5% of frames, with lattice depth (10,50,90-percentile)=(1,34,679) and mean=232.9
Phone p_eng_I accounts for 1.4% of frames, with lattice depth (10,50,90-percentile)=(1,19,540) and mean=181.4
Phone s_WB_eng_B accounts for 1.2% of frames, with lattice depth (10,50,90-percentile)=(1,32,644) and mean=213.3
Phone h_eng_I accounts for 1.2% of frames, with lattice depth (10,50,90-percentile)=(1,16,534) and mean=180.0
Phone g_eng_I accounts for 1.1% of frames, with lattice depth (10,50,90-percentile)=(1,17,614) and mean=185.2
Phone k_eng_I accounts for 1.0% of frames, with lattice depth (10,50,90-percentile)=(1,26,820) and mean=262.9
Phone w_eng_I accounts for 0.9% of frames, with lattice depth (10,50,90-percentile)=(1,24,414) and mean=178.7
Phone d_eng_I accounts for 0.7% of frames, with lattice depth (10,50,90-percentile)=(1,11,443) and mean=170.2
Phone d_WB_eng_E accounts for 0.7% of frames, with lattice depth (10,50,90-percentile)=(1,14,458) and mean=181.8
Phone t_WB_eng_E accounts for 0.7% of frames, with lattice depth (10,50,90-percentile)=(1,25,549) and mean=189.3
Phone b_eng_I accounts for 0.7% of frames, with lattice depth (10,50,90-percentile)=(1,21,732) and mean=226.3
Phone v_eng_I accounts for 0.7% of frames, with lattice depth (10,50,90-percentile)=(1,8,443) and mean=150.6
Phone g_WB_eng_E accounts for 0.6% of frames, with lattice depth (10,50,90-percentile)=(1,19,449) and mean=149.0
Phone b_WB_eng_B accounts for 0.6% of frames, with lattice depth (10,50,90-percentile)=(1,33,685) and mean=273.8
Phone c_WB_eng_B accounts for 0.6% of frames, with lattice depth (10,50,90-percentile)=(1,72,740) and mean=241.0
Phone n_WB_eng_E accounts for 0.6% of frames, with lattice depth (10,50,90-percentile)=(1,45,811) and mean=282.2
Phone y_WB_eng_E accounts for 0.5% of frames, with lattice depth (10,50,90-percentile)=(3,75,799) and mean=349.3
Phone k_WB_eng_E accounts for 0.5% of frames, with lattice depth (10,50,90-percentile)=(1,10,315) and mean=120.4
# Ended (code 0) at Wed Aug 25 19:01:38 SGT 2021, elapsed time 59 seconds
