# nnet3-latgen-faster --online-ivectors=scp:./ivector/imda-part2/ivector_online.scp --online-ivector-period=10 --frame-subsampling-factor=3 --frames-per-chunk=50 --extra-left-context=0 --extra-right-context=0 --extra-left-context-initial=-1 --extra-right-context-final=-1 --minimize=false --max-active=7000 --min-active=200 --beam=15.0 --lattice-beam=8.0 --acoustic-scale=1.0 --allow-partial=true --word-symbol-table=/home3/ztkyaw/w2021/deliverables/contrast-zin-dev/output/expEX4/graph/words.txt /home3/ztkyaw/w2021/deliverables/contrast-zin-dev/baseline/tdnnf-transfer-sp/final.mdl /home3/ztkyaw/w2021/deliverables/contrast-zin-dev/output/expEX4/graph/HCLG.fst "ark,s,cs:apply-cmvn --norm-means=false --norm-vars=false --utt2spk=ark:./data/imda-part2/mfcc-hires/split10/8/utt2spk scp:./data/imda-part2/mfcc-hires/split10/8/cmvn.scp scp:./data/imda-part2/mfcc-hires/split10/8/feats.scp ark:- |" "ark:|lattice-scale --acoustic-scale=10.0 ark:- ark:- | gzip -c >/home3/ztkyaw/w2021/deliverables/contrast-zin-dev/baseline/tdnnf-transfer-sp/decode_imda-part2_1629888772-hw_lmg/lat.8.gz" 
# Invoked at Wed Aug 25 18:52:53 SGT 2021 from node05
#
# Started at Wed Aug 25 18:53:46 +08 2021 on node09
nnet3-latgen-faster --online-ivectors=scp:./ivector/imda-part2/ivector_online.scp --online-ivector-period=10 --frame-subsampling-factor=3 --frames-per-chunk=50 --extra-left-context=0 --extra-right-context=0 --extra-left-context-initial=-1 --extra-right-context-final=-1 --minimize=false --max-active=7000 --min-active=200 --beam=15.0 --lattice-beam=8.0 --acoustic-scale=1.0 --allow-partial=true --word-symbol-table=/home3/ztkyaw/w2021/deliverables/contrast-zin-dev/output/expEX4/graph/words.txt /home3/ztkyaw/w2021/deliverables/contrast-zin-dev/baseline/tdnnf-transfer-sp/final.mdl /home3/ztkyaw/w2021/deliverables/contrast-zin-dev/output/expEX4/graph/HCLG.fst 'ark,s,cs:apply-cmvn --norm-means=false --norm-vars=false --utt2spk=ark:./data/imda-part2/mfcc-hires/split10/8/utt2spk scp:./data/imda-part2/mfcc-hires/split10/8/cmvn.scp scp:./data/imda-part2/mfcc-hires/split10/8/feats.scp ark:- |' 'ark:|lattice-scale --acoustic-scale=10.0 ark:- ark:- | gzip -c >/home3/ztkyaw/w2021/deliverables/contrast-zin-dev/baseline/tdnnf-transfer-sp/decode_imda-part2_1629888772-hw_lmg/lat.8.gz' 
LOG (nnet3-latgen-faster[5.5.888~1-d619]:RemoveOrphanNodes():nnet-nnet.cc:948) Removed 1 orphan nodes.
LOG (nnet3-latgen-faster[5.5.888~1-d619]:RemoveOrphanComponents():nnet-nnet.cc:847) Removing 2 orphan components.
LOG (nnet3-latgen-faster[5.5.888~1-d619]:Collapse():nnet-utils.cc:1488) Added 1 components, removed 2
lattice-scale --acoustic-scale=10.0 ark:- ark:- 
apply-cmvn --norm-means=false --norm-vars=false --utt2spk=ark:./data/imda-part2/mfcc-hires/split10/8/utt2spk scp:./data/imda-part2/mfcc-hires/split10/8/cmvn.scp scp:./data/imda-part2/mfcc-hires/split10/8/feats.scp ark:- 
LOG (nnet3-latgen-faster[5.5.888~1-d619]:CheckAndFixConfigs():nnet-am-decodable-simple.cc:294) Increasing --frames-per-chunk from 50 to 51 to make it a multiple of --frame-subsampling-factor=3
nsc-part2-chn0-spk09963086mam-030860007 __Marina_Way __Kampong_Ampat __Miller_Street __Esther_Tan 
LOG (nnet3-latgen-faster[5.5.888~1-d619]:DecodeUtteranceLatticeFaster():decoder-wrappers.cc:375) Log-like per frame for utterance nsc-part2-chn0-spk09963086mam-030860007 is 1.09175 over 126 frames.
nsc-part2-chn0-spk09963086mam-030860024 __Tew_Chew_Street __Chong_Pang_Combined __Taman_Bedok __Telok_Blangah_Street __Tan_Eng_Joo 
LOG (nnet3-latgen-faster[5.5.888~1-d619]:DecodeUtteranceLatticeFaster():decoder-wrappers.cc:375) Log-like per frame for utterance nsc-part2-chn0-spk09963086mam-030860024 is 1.54909 over 192 frames.
nsc-part2-chn0-spk09963086mam-030860045 __Whitchurch_Road tic __Jalan_Lengkok_Sembawang 
LOG (nnet3-latgen-faster[5.5.888~1-d619]:DecodeUtteranceLatticeFaster():decoder-wrappers.cc:375) Log-like per frame for utterance nsc-part2-chn0-spk09963086mam-030860045 is 1.38127 over 107 frames.
nsc-part2-chn0-spk09963086mam-030860060 __Tuas_Terminal_Road get __Seletar_Lodge_One 
LOG (nnet3-latgen-faster[5.5.888~1-d619]:DecodeUtteranceLatticeFaster():decoder-wrappers.cc:375) Log-like per frame for utterance nsc-part2-chn0-spk09963086mam-030860060 is 1.25717 over 103 frames.
nsc-part2-chn0-spk09963086mam-030860071 __Seletar_North __Sims_Way __Bukit_Batok_Central 
LOG (nnet3-latgen-faster[5.5.888~1-d619]:DecodeUtteranceLatticeFaster():decoder-wrappers.cc:375) Log-like per frame for utterance nsc-part2-chn0-spk09963086mam-030860071 is 1.55582 over 109 frames.
nsc-part2-chn0-spk09963086mam-030860091 __Sing_Hoe __Anchorvale_Drive 
LOG (nnet3-latgen-faster[5.5.888~1-d619]:DecodeUtteranceLatticeFaster():decoder-wrappers.cc:375) Log-like per frame for utterance nsc-part2-chn0-spk09963086mam-030860091 is 1.18107 over 116 frames.
nsc-part2-chn0-spk09963086mam-030860173 __Choa_Chu_Kang_Loop __Geylang_Road __Tuas_Terminal_Road 
LOG (nnet3-latgen-faster[5.5.888~1-d619]:DecodeUtteranceLatticeFaster():decoder-wrappers.cc:375) Log-like per frame for utterance nsc-part2-chn0-spk09963086mam-030860173 is 2.03489 over 113 frames.
nsc-part2-chn0-spk09963086mam-030860302 __Chinatown_Point pose fice __Greenfield_Drive __Jalan_Klinik 
LOG (nnet3-latgen-faster[5.5.888~1-d619]:DecodeUtteranceLatticeFaster():decoder-wrappers.cc:375) Log-like per frame for utterance nsc-part2-chn0-spk09963086mam-030860302 is 1.41374 over 137 frames.
nsc-part2-chn0-spk09963086mam-030860350 __Choor_Singh_Sidhu __Robert_Soon __Hussein_Aljunied 
LOG (nnet3-latgen-faster[5.5.888~1-d619]:DecodeUtteranceLatticeFaster():decoder-wrappers.cc:375) Log-like per frame for utterance nsc-part2-chn0-spk09963086mam-030860350 is 1.45549 over 135 frames.
nsc-part2-chn0-spk09963086mam-030861535 __One_Farrer __Bliss_Hotel __Esther_Tan __Chestnut_Crescent __Upper_Seletar_Reservoir 
LOG (nnet3-latgen-faster[5.5.888~1-d619]:DecodeUtteranceLatticeFaster():decoder-wrappers.cc:375) Log-like per frame for utterance nsc-part2-chn0-spk09963086mam-030861535 is 1.38996 over 163 frames.
nsc-part2-chn0-spk09963086mam-030861547 __Jurong_Port rot __Janet_Lim __Peace_Centre __Bukit_Timah __Shopping_Centre 
LOG (nnet3-latgen-faster[5.5.888~1-d619]:DecodeUtteranceLatticeFaster():decoder-wrappers.cc:375) Log-like per frame for utterance nsc-part2-chn0-spk09963086mam-030861547 is 1.49259 over 164 frames.
nsc-part2-chn0-spk09963086mam-030861559 __Chong_Pang able pol ice pose __Ang_Mo_Kio __Jalan_Pelikat 
LOG (nnet3-latgen-faster[5.5.888~1-d619]:DecodeUtteranceLatticeFaster():decoder-wrappers.cc:375) Log-like per frame for utterance nsc-part2-chn0-spk09963086mam-030861559 is 1.44187 over 157 frames.
nsc-part2-chn0-spk09963086mam-030861756 __Marsiling_Road pol ice pose knew bloc ti search __Saint_Wilfred_Road 
LOG (nnet3-latgen-faster[5.5.888~1-d619]:DecodeUtteranceLatticeFaster():decoder-wrappers.cc:375) Log-like per frame for utterance nsc-part2-chn0-spk09963086mam-030861756 is 1.35678 over 169 frames.
nsc-part2-chn0-spk09963086mam-030861871 __Whitchurch_Road tic __Jalan_Ulu_Sembawang 
LOG (nnet3-latgen-faster[5.5.888~1-d619]:DecodeUtteranceLatticeFaster():decoder-wrappers.cc:375) Log-like per frame for utterance nsc-part2-chn0-spk09963086mam-030861871 is 1.20063 over 111 frames.
nsc-part2-chn0-spk09983093cnm-030930099 __Buangkok_View __Woodleigh_Close __Bedok_Green __Secondary_School 
LOG (nnet3-latgen-faster[5.5.888~1-d619]:DecodeUtteranceLatticeFaster():decoder-wrappers.cc:375) Log-like per frame for utterance nsc-part2-chn0-spk09983093cnm-030930099 is 1.56218 over 223 frames.
nsc-part2-chn0-spk09983093cnm-030930181 __Hong_San __Ocean_Way __Seletar_Hills_Drive __Rahim_Omar 
LOG (nnet3-latgen-faster[5.5.888~1-d619]:DecodeUtteranceLatticeFaster():decoder-wrappers.cc:375) Log-like per frame for utterance nsc-part2-chn0-spk09983093cnm-030930181 is 1.1636 over 131 frames.
nsc-part2-chn0-spk09983093cnm-030930188 __How_Sun_Drive gest __Chong_Pang __Chong_Pang __Aida_Street __Esther_Tan 
LOG (nnet3-latgen-faster[5.5.888~1-d619]:DecodeUtteranceLatticeFaster():decoder-wrappers.cc:375) Log-like per frame for utterance nsc-part2-chn0-spk09983093cnm-030930188 is 1.04571 over 148 frames.
nsc-part2-chn0-spk09983093cnm-030930212 __Jalan_Kechil __Sembawang_Terminal_Avenue tree burn jane gram __Liang_Court 
LOG (nnet3-latgen-faster[5.5.888~1-d619]:DecodeUtteranceLatticeFaster():decoder-wrappers.cc:375) Log-like per frame for utterance nsc-part2-chn0-spk09983093cnm-030930212 is 1.37784 over 303 frames.
nsc-part2-chn0-spk09983093cnm-030930219 __Yew_Tee __Mayflower_Way __Marsiling_Rise 
LOG (nnet3-latgen-faster[5.5.888~1-d619]:DecodeUtteranceLatticeFaster():decoder-wrappers.cc:375) Log-like per frame for utterance nsc-part2-chn0-spk09983093cnm-030930219 is 1.11265 over 110 frames.
nsc-part2-chn0-spk09983093cnm-030930303 __Eunos_Avenue __Chinatown_Point 
LOG (nnet3-latgen-faster[5.5.888~1-d619]:DecodeUtteranceLatticeFaster():decoder-wrappers.cc:375) Log-like per frame for utterance nsc-part2-chn0-spk09983093cnm-030930303 is 1.43395 over 112 frames.
nsc-part2-chn0-spk09983093cnm-030930312 __Geylang_Square __Marine_Parade_Road __Jalan_Lana __Taman_Warna 
LOG (nnet3-latgen-faster[5.5.888~1-d619]:DecodeUtteranceLatticeFaster():decoder-wrappers.cc:375) Log-like per frame for utterance nsc-part2-chn0-spk09983093cnm-030930312 is 1.55863 over 187 frames.
nsc-part2-chn0-spk09983093cnm-030930381 __East_Spring 
LOG (nnet3-latgen-faster[5.5.888~1-d619]:DecodeUtteranceLatticeFaster():decoder-wrappers.cc:375) Log-like per frame for utterance nsc-part2-chn0-spk09983093cnm-030930381 is 1.33663 over 168 frames.
nsc-part2-chn0-spk09983093cnm-030930405 __Inderjit_Singh __Foch_Road __Sin_Ming to come back from __Bukit_Batok_Crescent 
LOG (nnet3-latgen-faster[5.5.888~1-d619]:DecodeUtteranceLatticeFaster():decoder-wrappers.cc:375) Log-like per frame for utterance nsc-part2-chn0-spk09983093cnm-030930405 is 1.32171 over 263 frames.
nsc-part2-chn0-spk09983093cnm-030930418 __Fulton_Avenue __Upper_Aljunied_Road __Treetop_Walk 
LOG (nnet3-latgen-faster[5.5.888~1-d619]:DecodeUtteranceLatticeFaster():decoder-wrappers.cc:375) Log-like per frame for utterance nsc-part2-chn0-spk09983093cnm-030930418 is 1.60368 over 147 frames.
nsc-part2-chn0-spk09983093cnm-030931493 which __Pasir_Ris_Way __Tai_Hoe __Kampong_Ubi 
LOG (nnet3-latgen-faster[5.5.888~1-d619]:DecodeUtteranceLatticeFaster():decoder-wrappers.cc:375) Log-like per frame for utterance nsc-part2-chn0-spk09983093cnm-030931493 is 1.04681 over 161 frames.
nsc-part2-chn0-spk09983093cnm-030931610 room month road __Seletar_Club __Corfe_Place 
LOG (nnet3-latgen-faster[5.5.888~1-d619]:DecodeUtteranceLatticeFaster():decoder-wrappers.cc:375) Log-like per frame for utterance nsc-part2-chn0-spk09983093cnm-030931610 is 1.34759 over 168 frames.
nsc-part2-chn0-spk09983093cnm-030931621 __Jalan_Tepong __Seraya_Avenue howe __Marina_One __Secondary_School 
LOG (nnet3-latgen-faster[5.5.888~1-d619]:DecodeUtteranceLatticeFaster():decoder-wrappers.cc:375) Log-like per frame for utterance nsc-part2-chn0-spk09983093cnm-030931621 is 1.40169 over 267 frames.
nsc-part2-chn0-spk09983093cnm-030931756 __Sembawang_Alley half gate __South_Perimeter_Road __Nanyang_Avenue 
LOG (nnet3-latgen-faster[5.5.888~1-d619]:DecodeUtteranceLatticeFaster():decoder-wrappers.cc:375) Log-like per frame for utterance nsc-part2-chn0-spk09983093cnm-030931756 is 1.33839 over 254 frames.
nsc-part2-chn0-spk09983093cnm-030931773 __Anak_Bukit pass __Grace_Walk __Kampong_Kayu_Road 
LOG (nnet3-latgen-faster[5.5.888~1-d619]:DecodeUtteranceLatticeFaster():decoder-wrappers.cc:375) Log-like per frame for utterance nsc-part2-chn0-spk09983093cnm-030931773 is 1.3518 over 252 frames.
nsc-part2-chn0-spk09983093cnm-030931834 __Dahan_Road __Shopping_Centre __Office_Road __Seletar_Club 
LOG (nnet3-latgen-faster[5.5.888~1-d619]:DecodeUtteranceLatticeFaster():decoder-wrappers.cc:375) Log-like per frame for utterance nsc-part2-chn0-spk09983093cnm-030931834 is 1.18498 over 128 frames.
nsc-part2-chn0-spk10033097mam-030970032 __Geylang_East_Central __Radin_Mas able shoot pol ice pose __Chulia_Street 
LOG (nnet3-latgen-faster[5.5.888~1-d619]:DecodeUtteranceLatticeFaster():decoder-wrappers.cc:375) Log-like per frame for utterance nsc-part2-chn0-spk10033097mam-030970032 is 1.61813 over 145 frames.
nsc-part2-chn0-spk10033097mam-030970049 __Ruby_Lane __Joo_Koon_Crescent __Upper_Joo_Aljunied_Link 
LOG (nnet3-latgen-faster[5.5.888~1-d619]:DecodeUtteranceLatticeFaster():decoder-wrappers.cc:375) Log-like per frame for utterance nsc-part2-chn0-spk10033097mam-030970049 is 1.67911 over 138 frames.
nsc-part2-chn0-spk10033097mam-030970071 __Seletar_Club __Pasir_Ris_Way __Bukit_Timah_Plaza 
LOG (nnet3-latgen-faster[5.5.888~1-d619]:DecodeUtteranceLatticeFaster():decoder-wrappers.cc:375) Log-like per frame for utterance nsc-part2-chn0-spk10033097mam-030970071 is 1.7433 over 103 frames.
nsc-part2-chn0-spk10033097mam-030970118 __Jalan_Hajijah __Marina_One __Keppel_Bay __Sembawang_Vista 
LOG (nnet3-latgen-faster[5.5.888~1-d619]:DecodeUtteranceLatticeFaster():decoder-wrappers.cc:375) Log-like per frame for utterance nsc-part2-chn0-spk10033097mam-030970118 is 1.48801 over 129 frames.
nsc-part2-chn0-spk10033097mam-030970182 __Bishan_Point __Lentor_Way __Orchard_Spring_Lane 
LOG (nnet3-latgen-faster[5.5.888~1-d619]:DecodeUtteranceLatticeFaster():decoder-wrappers.cc:375) Log-like per frame for utterance nsc-part2-chn0-spk10033097mam-030970182 is 1.50211 over 96 frames.
nsc-part2-chn0-spk10033097mam-030970188 __How_Sun_Drive __Segar_Kampong_Arang_Road 
LOG (nnet3-latgen-faster[5.5.888~1-d619]:DecodeUtteranceLatticeFaster():decoder-wrappers.cc:375) Log-like per frame for utterance nsc-part2-chn0-spk10033097mam-030970188 is 1.32059 over 80 frames.
nsc-part2-chn0-spk10033097mam-030970212 __Tanglin_Trust school slate __Countryside_Grove __Woodland_Street 
LOG (nnet3-latgen-faster[5.5.888~1-d619]:DecodeUtteranceLatticeFaster():decoder-wrappers.cc:375) Log-like per frame for utterance nsc-part2-chn0-spk10033097mam-030970212 is 1.38369 over 132 frames.
nsc-part2-chn0-spk10033097mam-030970312 __Liang_Court gen con red __Ubi_Crescent __Bukit_Batok __Fourth_Street 
LOG (nnet3-latgen-faster[5.5.888~1-d619]:DecodeUtteranceLatticeFaster():decoder-wrappers.cc:375) Log-like per frame for utterance nsc-part2-chn0-spk10033097mam-030970312 is 1.27226 over 198 frames.
nsc-part2-chn0-spk10033097mam-030970433 __Jalan_Baiduri __Jurong_Island __Seletar_East __Ocean_Way 
LOG (nnet3-latgen-faster[5.5.888~1-d619]:DecodeUtteranceLatticeFaster():decoder-wrappers.cc:375) Log-like per frame for utterance nsc-part2-chn0-spk10033097mam-030970433 is 1.57981 over 122 frames.
nsc-part2-chn0-spk10033097mam-030971698 __Holland_Village __Begonia_Walk __Kampong_Sireh 
LOG (nnet3-latgen-faster[5.5.888~1-d619]:DecodeUtteranceLatticeFaster():decoder-wrappers.cc:375) Log-like per frame for utterance nsc-part2-chn0-spk10033097mam-030971698 is 1.21374 over 115 frames.
nsc-part2-chn0-spk10033097mam-030971699 __Marsiling_Neighbourhood pol ice poon __Middlesex_Road __Jalan_Membina 
LOG (nnet3-latgen-faster[5.5.888~1-d619]:DecodeUtteranceLatticeFaster():decoder-wrappers.cc:375) Log-like per frame for utterance nsc-part2-chn0-spk10033097mam-030971699 is 1.71003 over 145 frames.
nsc-part2-chn0-spk10033097mam-030971717 __Springwood_Close __Eunos_Avenue __Singapore_Bible __West_Spring __Singapore_Bible 
LOG (nnet3-latgen-faster[5.5.888~1-d619]:DecodeUtteranceLatticeFaster():decoder-wrappers.cc:375) Log-like per frame for utterance nsc-part2-chn0-spk10033097mam-030971717 is 1.23198 over 190 frames.
nsc-part2-chn0-spk10033097mam-030971875 __Chin_Bee_Road __Kwong_Wai_Siew __Nee_Soon __Bedok_North 
LOG (nnet3-latgen-faster[5.5.888~1-d619]:DecodeUtteranceLatticeFaster():decoder-wrappers.cc:375) Log-like per frame for utterance nsc-part2-chn0-spk10033097mam-030971875 is 1.27551 over 137 frames.
nsc-part2-chn0-spk10033097mam-030971893 __Upper_Bedok_Road sports __Bristol_Road board crea 
LOG (nnet3-latgen-faster[5.5.888~1-d619]:DecodeUtteranceLatticeFaster():decoder-wrappers.cc:375) Log-like per frame for utterance nsc-part2-chn0-spk10033097mam-030971893 is 1.3694 over 122 frames.
nsc-part2-chn0-spk10043089cnm-030890125 __One_Farrer __Tan_Kim_Cheng_Road base foun store a bout __Syed_Jaafar_Albar __Inderjit_Singh __Hussein_Aljunied 
LOG (nnet3-latgen-faster[5.5.888~1-d619]:DecodeUtteranceLatticeFaster():decoder-wrappers.cc:375) Log-like per frame for utterance nsc-part2-chn0-spk10043089cnm-030890125 is 1.21797 over 335 frames.
nsc-part2-chn0-spk10043089cnm-030890166 __Jalan_Mamam near __Kampong_Arang_Road 
LOG (nnet3-latgen-faster[5.5.888~1-d619]:DecodeUtteranceLatticeFaster():decoder-wrappers.cc:375) Log-like per frame for utterance nsc-part2-chn0-spk10043089cnm-030890166 is 1.31116 over 117 frames.
nsc-part2-chn0-spk10043089cnm-030890173 __Sennett_Road bub ly __College_Of_Medicine __Geylang_Methodist_School __Jalan_Kwok_Min __Tai_Hoe 
LOG (nnet3-latgen-faster[5.5.888~1-d619]:DecodeUtteranceLatticeFaster():decoder-wrappers.cc:375) Log-like per frame for utterance nsc-part2-chn0-spk10043089cnm-030890173 is 1.37431 over 276 frames.
nsc-part2-chn0-spk10043089cnm-030890203 __Pasir_Ris_Way __Paya_Lebar __Seletar_East __Sims_Way 
LOG (nnet3-latgen-faster[5.5.888~1-d619]:DecodeUtteranceLatticeFaster():decoder-wrappers.cc:375) Log-like per frame for utterance nsc-part2-chn0-spk10043089cnm-030890203 is 1.15976 over 127 frames.
nsc-part2-chn0-spk10043089cnm-030890212 __Kew_Avenue __Bedok_North __Lorong_Mesu 
LOG (nnet3-latgen-faster[5.5.888~1-d619]:DecodeUtteranceLatticeFaster():decoder-wrappers.cc:375) Log-like per frame for utterance nsc-part2-chn0-spk10043089cnm-030890212 is 1.46845 over 183 frames.
nsc-part2-chn0-spk10043089cnm-030890221 __Seletar_Club __Pasir_Ris_Way __Sembawang_Tamil_Methodist church 
LOG (nnet3-latgen-faster[5.5.888~1-d619]:DecodeUtteranceLatticeFaster():decoder-wrappers.cc:375) Log-like per frame for utterance nsc-part2-chn0-spk10043089cnm-030890221 is 1.34807 over 150 frames.
nsc-part2-chn0-spk10043089cnm-030890258 __York_Place __Jalan_Ulu_Seletar __Sungei_Gedong_Road 
LOG (nnet3-latgen-faster[5.5.888~1-d619]:DecodeUtteranceLatticeFaster():decoder-wrappers.cc:375) Log-like per frame for utterance nsc-part2-chn0-spk10043089cnm-030890258 is 1.48915 over 166 frames.
nsc-part2-chn0-spk10043089cnm-030890405 __Mandai_Tekong __Fortune_Students come back from __Bukit_Batok_Road 
LOG (nnet3-latgen-faster[5.5.888~1-d619]:DecodeUtteranceLatticeFaster():decoder-wrappers.cc:375) Log-like per frame for utterance nsc-part2-chn0-spk10043089cnm-030890405 is 1.31819 over 142 frames.
nsc-part2-chn0-spk10043089cnm-030890419 tend __Eng_Neo_Avenue __East_Spring 
LOG (nnet3-latgen-faster[5.5.888~1-d619]:DecodeUtteranceLatticeFaster():decoder-wrappers.cc:375) Log-like per frame for utterance nsc-part2-chn0-spk10043089cnm-030890419 is 1.18489 over 126 frames.
nsc-part2-chn0-spk10043089cnm-030890434 __Jalan_Bungar __Bedok_North __Manila_Street os __Croucher_Road __Aljunied_Avenue __Singapore_Bible __Collyer_Quay 
LOG (nnet3-latgen-faster[5.5.888~1-d619]:DecodeUtteranceLatticeFaster():decoder-wrappers.cc:375) Log-like per frame for utterance nsc-part2-chn0-spk10043089cnm-030890434 is 1.46051 over 321 frames.
nsc-part2-chn0-spk10043089cnm-030891507 __Hang_Chang_Chieh __Yeoh_Ghim_Seng __Chong_Pang 
LOG (nnet3-latgen-faster[5.5.888~1-d619]:DecodeUtteranceLatticeFaster():decoder-wrappers.cc:375) Log-like per frame for utterance nsc-part2-chn0-spk10043089cnm-030891507 is 1.40222 over 172 frames.
nsc-part2-chn0-spk10043089cnm-030891549 __Bedok_North __Peninsula_Plaza __Namly_Rise __Christopher_Henry_Rothwell __Lim_Chong_Pang __Au_Yun_Pak 
LOG (nnet3-latgen-faster[5.5.888~1-d619]:DecodeUtteranceLatticeFaster():decoder-wrappers.cc:375) Log-like per frame for utterance nsc-part2-chn0-spk10043089cnm-030891549 is 1.32793 over 291 frames.
nsc-part2-chn0-spk10043089cnm-030891716 __West_Spring __Institute_Of_Engineer_Singapore __Loyang_Street 
LOG (nnet3-latgen-faster[5.5.888~1-d619]:DecodeUtteranceLatticeFaster():decoder-wrappers.cc:375) Log-like per frame for utterance nsc-part2-chn0-spk10043089cnm-030891716 is 1.66364 over 201 frames.
nsc-part2-chn0-spk10043089cnm-030891771 __Peace_Centre __Neo_Tiew_Road __Jalan_Kampong_Chantek 
LOG (nnet3-latgen-faster[5.5.888~1-d619]:DecodeUtteranceLatticeFaster():decoder-wrappers.cc:375) Log-like per frame for utterance nsc-part2-chn0-spk10043089cnm-030891771 is 1.56319 over 190 frames.
nsc-part2-chn0-spk10043089cnm-030891857 __Leo_Drive lo step scrip __East_Spring __Drake_Lane 
LOG (nnet3-latgen-faster[5.5.888~1-d619]:DecodeUtteranceLatticeFaster():decoder-wrappers.cc:375) Log-like per frame for utterance nsc-part2-chn0-spk10043089cnm-030891857 is 1.26556 over 145 frames.
nsc-part2-chn0-spk10083114inm-031140009 __Hougang_One __Vu_Ly_Tee __Kew_Walk __Jalan_Lengkok __Ulu_Sembawang 
LOG (nnet3-latgen-faster[5.5.888~1-d619]:DecodeUtteranceLatticeFaster():decoder-wrappers.cc:375) Log-like per frame for utterance nsc-part2-chn0-spk10083114inm-031140009 is 1.40279 over 167 frames.
nsc-part2-chn0-spk10083114inm-031140024 __Bedok_View __Secondary_School __Peakville_Grove pole man house ex __Ubi_Link 
LOG (nnet3-latgen-faster[5.5.888~1-d619]:DecodeUtteranceLatticeFaster():decoder-wrappers.cc:375) Log-like per frame for utterance nsc-part2-chn0-spk10083114inm-031140024 is 1.61072 over 213 frames.
nsc-part2-chn0-spk10083114inm-031140029 __Florence_Road rope mi __Office_Road __Bukit_Batok __Hospital_Avenue 
LOG (nnet3-latgen-faster[5.5.888~1-d619]:DecodeUtteranceLatticeFaster():decoder-wrappers.cc:375) Log-like per frame for utterance nsc-part2-chn0-spk10083114inm-031140029 is 1.37741 over 146 frames.
nsc-part2-chn0-spk10083114inm-031140049 __Lornie_Walk __Taman_Jurong __Shopping_Centre __Tokio_Marine __Sennett_Road 
LOG (nnet3-latgen-faster[5.5.888~1-d619]:DecodeUtteranceLatticeFaster():decoder-wrappers.cc:375) Log-like per frame for utterance nsc-part2-chn0-spk10083114inm-031140049 is 1.79206 over 182 frames.
nsc-part2-chn0-spk10083114inm-031140136 __Tampines_Changkat __Palm_Avenue __Peace_Centre pass __La_Mode school __Canberra_View __Geylang_Methodist_School 
LOG (nnet3-latgen-faster[5.5.888~1-d619]:DecodeUtteranceLatticeFaster():decoder-wrappers.cc:375) Log-like per frame for utterance nsc-part2-chn0-spk10083114inm-031140136 is 1.53328 over 243 frames.
nsc-part2-chn0-spk10083114inm-031140188 __How_Sun_Drive __Geylang_Road __Kampong_Kembangan able pol ice pose 
LOG (nnet3-latgen-faster[5.5.888~1-d619]:DecodeUtteranceLatticeFaster():decoder-wrappers.cc:375) Log-like per frame for utterance nsc-part2-chn0-spk10083114inm-031140188 is 1.26115 over 147 frames.
nsc-part2-chn0-spk10083114inm-031140242 month __Tanah_Merah __River_City __Chinatown_Point __Aljunied_Avenue 
LOG (nnet3-latgen-faster[5.5.888~1-d619]:DecodeUtteranceLatticeFaster():decoder-wrappers.cc:375) Log-like per frame for utterance nsc-part2-chn0-spk10083114inm-031140242 is 1.2475 over 182 frames.
nsc-part2-chn0-spk10083114inm-031140418 __Chong_Pang_Combined temp __Nee_Soon screen stion church __Lorong_Pisang_Asam 
LOG (nnet3-latgen-faster[5.5.888~1-d619]:DecodeUtteranceLatticeFaster():decoder-wrappers.cc:375) Log-like per frame for utterance nsc-part2-chn0-spk10083114inm-031140418 is 1.58809 over 178 frames.
nsc-part2-chn0-spk10083114inm-031141592 __Jalan_Selamat __Sembawang_Terminal_Avenue three __Moriah_Bible_Presby church 
LOG (nnet3-latgen-faster[5.5.888~1-d619]:DecodeUtteranceLatticeFaster():decoder-wrappers.cc:375) Log-like per frame for utterance nsc-part2-chn0-spk10083114inm-031141592 is 1.57387 over 211 frames.
nsc-part2-chn0-spk10083114inm-031141685 __George_Nigel __Douglas_Hamilton __John_Morrice __Lim_Chong_Pang 
LOG (nnet3-latgen-faster[5.5.888~1-d619]:DecodeUtteranceLatticeFaster():decoder-wrappers.cc:375) Log-like per frame for utterance nsc-part2-chn0-spk10083114inm-031141685 is 1.5827 over 193 frames.
nsc-part2-chn0-spk10083114inm-031141706 __College_Of_Medicine __Ubi_Link __Sembawang_Hills_Drive __Peirce_Hill 
LOG (nnet3-latgen-faster[5.5.888~1-d619]:DecodeUtteranceLatticeFaster():decoder-wrappers.cc:375) Log-like per frame for utterance nsc-part2-chn0-spk10083114inm-031141706 is 1.57211 over 169 frames.
nsc-part2-chn0-spk10083114inm-031141785 __Teck_Whye __East_Spring 
LOG (nnet3-latgen-faster[5.5.888~1-d619]:DecodeUtteranceLatticeFaster():decoder-wrappers.cc:375) Log-like per frame for utterance nsc-part2-chn0-spk10083114inm-031141785 is 1.13345 over 129 frames.
nsc-part2-chn0-spk10083114inm-031141874 __Pulau_Ubin graph bile __Avon_Road price __East_Spring __Drake_Lane 
LOG (nnet3-latgen-faster[5.5.888~1-d619]:DecodeUtteranceLatticeFaster():decoder-wrappers.cc:375) Log-like per frame for utterance nsc-part2-chn0-spk10083114inm-031141874 is 1.0978 over 167 frames.
nsc-part2-chn0-spk10083114inm-031141889 __Maple_Avenue __Lam_Pin_Min o fight __Bukit_Batok_East 
LOG (nnet3-latgen-faster[5.5.888~1-d619]:DecodeUtteranceLatticeFaster():decoder-wrappers.cc:375) Log-like per frame for utterance nsc-part2-chn0-spk10083114inm-031141889 is 1.39213 over 134 frames.
nsc-part2-chn0-spk10113100cnm-031000013 __Tuas_Terminal_Road __Geylang_Serai bread __Chinatown_Point 
LOG (nnet3-latgen-faster[5.5.888~1-d619]:DecodeUtteranceLatticeFaster():decoder-wrappers.cc:375) Log-like per frame for utterance nsc-part2-chn0-spk10113100cnm-031000013 is 1.07428 over 118 frames.
nsc-part2-chn0-spk10113100cnm-031000118 __Pasir_Ris town __Hospital_Avenue __Marsiling_Road 
LOG (nnet3-latgen-faster[5.5.888~1-d619]:DecodeUtteranceLatticeFaster():decoder-wrappers.cc:375) Log-like per frame for utterance nsc-part2-chn0-spk10113100cnm-031000118 is 1.76596 over 157 frames.
nsc-part2-chn0-spk10113100cnm-031000147 __Marsiling_Rise __Havelock_Road rist __Spring_Street __Jalan_Kesoma 
LOG (nnet3-latgen-faster[5.5.888~1-d619]:DecodeUtteranceLatticeFaster():decoder-wrappers.cc:375) Log-like per frame for utterance nsc-part2-chn0-spk10113100cnm-031000147 is 1.22239 over 163 frames.
nsc-part2-chn0-spk10113100cnm-031000173 __Seletar_North __Serangoon_Gardens road size 
LOG (nnet3-latgen-faster[5.5.888~1-d619]:DecodeUtteranceLatticeFaster():decoder-wrappers.cc:375) Log-like per frame for utterance nsc-part2-chn0-spk10113100cnm-031000173 is 1.39486 over 127 frames.
nsc-part2-chn0-spk10113100cnm-031000175 __Arab_Street __Court_Road re strong near __Kampong_Kayu_Road 
LOG (nnet3-latgen-faster[5.5.888~1-d619]:DecodeUtteranceLatticeFaster():decoder-wrappers.cc:375) Log-like per frame for utterance nsc-part2-chn0-spk10113100cnm-031000175 is 1.27704 over 134 frames.
nsc-part2-chn0-spk10113100cnm-031000181 __How_Sun_Walk __Jalan_Simpang_Bedok __Prome_Road 
LOG (nnet3-latgen-faster[5.5.888~1-d619]:DecodeUtteranceLatticeFaster():decoder-wrappers.cc:375) Log-like per frame for utterance nsc-part2-chn0-spk10113100cnm-031000181 is 1.50507 over 122 frames.
nsc-part2-chn0-spk10113100cnm-031000198 __Koh_Seow_Chuan __Gordon_Arthur_Ransome __Hussein_Aljunied 
LOG (nnet3-latgen-faster[5.5.888~1-d619]:DecodeUtteranceLatticeFaster():decoder-wrappers.cc:375) Log-like per frame for utterance nsc-part2-chn0-spk10113100cnm-031000198 is 1.51216 over 189 frames.
nsc-part2-chn0-spk10113100cnm-031000225 __Jalan_Lengkok_Sembawang 
LOG (nnet3-latgen-faster[5.5.888~1-d619]:DecodeUtteranceLatticeFaster():decoder-wrappers.cc:375) Log-like per frame for utterance nsc-part2-chn0-spk10113100cnm-031000225 is 1.85459 over 90 frames.
nsc-part2-chn0-spk10113100cnm-031000231 __Inderjit_Singh jane to come back from __Geylang_Lorong_Labang 
LOG (nnet3-latgen-faster[5.5.888~1-d619]:DecodeUtteranceLatticeFaster():decoder-wrappers.cc:375) Log-like per frame for utterance nsc-part2-chn0-spk10113100cnm-031000231 is 1.4589 over 129 frames.
nsc-part2-chn0-spk10113100cnm-031000232 please look __Copeland_Avenue reach __Bukit_Batok_East 
LOG (nnet3-latgen-faster[5.5.888~1-d619]:DecodeUtteranceLatticeFaster():decoder-wrappers.cc:375) Log-like per frame for utterance nsc-part2-chn0-spk10113100cnm-031000232 is 1.47772 over 120 frames.
nsc-part2-chn0-spk10113100cnm-031001547 __Fairy_Point_Hill __Chong_Pang con bine temp land __Jalan_Setia 
LOG (nnet3-latgen-faster[5.5.888~1-d619]:DecodeUtteranceLatticeFaster():decoder-wrappers.cc:375) Log-like per frame for utterance nsc-part2-chn0-spk10113100cnm-031001547 is 1.45391 over 186 frames.
nsc-part2-chn0-spk10113100cnm-031001552 please look __Palm_Avenue reach __Bukit_Timah post __Office_Road 
LOG (nnet3-latgen-faster[5.5.888~1-d619]:DecodeUtteranceLatticeFaster():decoder-wrappers.cc:375) Log-like per frame for utterance nsc-part2-chn0-spk10113100cnm-031001552 is 1.2959 over 205 frames.
nsc-part2-chn0-spk10113100cnm-031001569 wait ing __Lorong_Mesu to come back from __Seletar_Close 
LOG (nnet3-latgen-faster[5.5.888~1-d619]:DecodeUtteranceLatticeFaster():decoder-wrappers.cc:375) Log-like per frame for utterance nsc-part2-chn0-spk10113100cnm-031001569 is 1.31086 over 134 frames.
nsc-part2-chn0-spk10113100cnm-031001768 __Sims_Way __Spring_Street 
LOG (nnet3-latgen-faster[5.5.888~1-d619]:DecodeUtteranceLatticeFaster():decoder-wrappers.cc:375) Log-like per frame for utterance nsc-part2-chn0-spk10113100cnm-031001768 is 1.39932 over 91 frames.
nsc-part2-chn0-spk10123101cnm-031010029 __Bukit_Batok_East drop __Ang_Mo_Kio_Street __Bukit_Batok_West 
LOG (nnet3-latgen-faster[5.5.888~1-d619]:DecodeUtteranceLatticeFaster():decoder-wrappers.cc:375) Log-like per frame for utterance nsc-part2-chn0-spk10123101cnm-031010029 is 1.49362 over 129 frames.
nsc-part2-chn0-spk10123101cnm-031010111 __Seletar_Hill __Chong_Pang_Combined __Ellice_Handy __Teng_San_Tian_Hock pose 
LOG (nnet3-latgen-faster[5.5.888~1-d619]:DecodeUtteranceLatticeFaster():decoder-wrappers.cc:375) Log-like per frame for utterance nsc-part2-chn0-spk10123101cnm-031010111 is 1.34694 over 186 frames.
nsc-part2-chn0-spk10123101cnm-031010123 __River_City __Orchard_Spring_Lane __Medical_Drive 
LOG (nnet3-latgen-faster[5.5.888~1-d619]:DecodeUtteranceLatticeFaster():decoder-wrappers.cc:375) Log-like per frame for utterance nsc-part2-chn0-spk10123101cnm-031010123 is 1.80037 over 152 frames.
nsc-part2-chn0-spk10123101cnm-031010134 __Serangoon_Gardens __Changi_Village_Road __Marsiling_Rise 
LOG (nnet3-latgen-faster[5.5.888~1-d619]:DecodeUtteranceLatticeFaster():decoder-wrappers.cc:375) Log-like per frame for utterance nsc-part2-chn0-spk10123101cnm-031010134 is 1.65251 over 147 frames.
nsc-part2-chn0-spk10123101cnm-031010148 __Cleantech_View __Jalan_Lengkok_Sembawang 
LOG (nnet3-latgen-faster[5.5.888~1-d619]:DecodeUtteranceLatticeFaster():decoder-wrappers.cc:375) Log-like per frame for utterance nsc-part2-chn0-spk10123101cnm-031010148 is 1.34517 over 103 frames.
nsc-part2-chn0-spk10123101cnm-031010162 __Jalan_Tanjong __Chinatown_Hotel __Geylang_Square 
LOG (nnet3-latgen-faster[5.5.888~1-d619]:DecodeUtteranceLatticeFaster():decoder-wrappers.cc:375) Log-like per frame for utterance nsc-part2-chn0-spk10123101cnm-031010162 is 1.82614 over 131 frames.
nsc-part2-chn0-spk10123101cnm-031010166 __Walter_Woon mark near __Upper_Bukit_Timah 
LOG (nnet3-latgen-faster[5.5.888~1-d619]:DecodeUtteranceLatticeFaster():decoder-wrappers.cc:375) Log-like per frame for utterance nsc-part2-chn0-spk10123101cnm-031010166 is 1.46027 over 101 frames.
nsc-part2-chn0-spk10123101cnm-031010176 __Miltonia_Link __Gibson_Hill pose __Jalan_Simpang_Bedok 
LOG (nnet3-latgen-faster[5.5.888~1-d619]:DecodeUtteranceLatticeFaster():decoder-wrappers.cc:375) Log-like per frame for utterance nsc-part2-chn0-spk10123101cnm-031010176 is 1.63131 over 153 frames.
nsc-part2-chn0-spk10123101cnm-031010186 __Hougang_One __Tanglin_Gate_Road __Kampong_Kembangan __Little_Road pol ice pose __Suntec_City 
LOG (nnet3-latgen-faster[5.5.888~1-d619]:DecodeUtteranceLatticeFaster():decoder-wrappers.cc:375) Log-like per frame for utterance nsc-part2-chn0-spk10123101cnm-031010186 is 1.22656 over 185 frames.
nsc-part2-chn0-spk10123101cnm-031010187 __Jula_Juli an chi cant __Ang_Mo_Kio_Street price __Orchard_Spring_Lane 
LOG (nnet3-latgen-faster[5.5.888~1-d619]:DecodeUtteranceLatticeFaster():decoder-wrappers.cc:375) Log-like per frame for utterance nsc-part2-chn0-spk10123101cnm-031010187 is 1.2187 over 180 frames.
nsc-part2-chn0-spk10123101cnm-031010298 __Sims_Way __Shopping_Centre __Aljunied_Avenue five 
LOG (nnet3-latgen-faster[5.5.888~1-d619]:DecodeUtteranceLatticeFaster():decoder-wrappers.cc:375) Log-like per frame for utterance nsc-part2-chn0-spk10123101cnm-031010298 is 1.32946 over 117 frames.
nsc-part2-chn0-spk10123101cnm-031010388 __Jurong_West __Kampong_Eunos 
LOG (nnet3-latgen-faster[5.5.888~1-d619]:DecodeUtteranceLatticeFaster():decoder-wrappers.cc:375) Log-like per frame for utterance nsc-part2-chn0-spk10123101cnm-031010388 is 1.41564 over 83 frames.
nsc-part2-chn0-spk10123101cnm-031011582 __Bukit_Merah di branch __Office_Road fourth __Kew_Avenue __Chong_Pang_Combined __Tai_Hoe 
LOG (nnet3-latgen-faster[5.5.888~1-d619]:DecodeUtteranceLatticeFaster():decoder-wrappers.cc:375) Log-like per frame for utterance nsc-part2-chn0-spk10123101cnm-031011582 is 1.63668 over 176 frames.
nsc-part2-chn0-spk10123101cnm-031011616 __Lim_Chong_Pang __Janil_Puthucheary __Tanya_Chua 
LOG (nnet3-latgen-faster[5.5.888~1-d619]:DecodeUtteranceLatticeFaster():decoder-wrappers.cc:375) Log-like per frame for utterance nsc-part2-chn0-spk10123101cnm-031011616 is 1.74134 over 138 frames.
nsc-part2-chn0-spk10123101cnm-031011834 __Raffles_Place drop meal fad __Bedok_North 
LOG (nnet3-latgen-faster[5.5.888~1-d619]:DecodeUtteranceLatticeFaster():decoder-wrappers.cc:375) Log-like per frame for utterance nsc-part2-chn0-spk10123101cnm-031011834 is 1.38306 over 110 frames.
nsc-part2-chn0-spk10123101cnm-031011866 __Moreton_Close __Kampong_Bahru_Road __Evolution_Garden_Walk 
LOG (nnet3-latgen-faster[5.5.888~1-d619]:DecodeUtteranceLatticeFaster():decoder-wrappers.cc:375) Log-like per frame for utterance nsc-part2-chn0-spk10123101cnm-031011866 is 1.68965 over 154 frames.
nsc-part2-chn0-spk10123101cnm-031011884 __Spring_Street port __Onraet_Road __Ang_Mo_Kio bet tone ave shoot pol ice pose 
LOG (nnet3-latgen-faster[5.5.888~1-d619]:DecodeUtteranceLatticeFaster():decoder-wrappers.cc:375) Log-like per frame for utterance nsc-part2-chn0-spk10123101cnm-031011884 is 1.40629 over 172 frames.
nsc-part2-chn0-spk10143124inm-031240025 __Hussein_Aljunied __Lee_Shih_Shiong_Peter __Perumal_Govindaswamy __Airline_Road __Burmese_Buddhist name 
LOG (nnet3-latgen-faster[5.5.888~1-d619]:DecodeUtteranceLatticeFaster():decoder-wrappers.cc:375) Log-like per frame for utterance nsc-part2-chn0-spk10143124inm-031240025 is 1.38098 over 238 frames.
nsc-part2-chn0-spk10143124inm-031240029 __Green_Zeng rope __Toa_Payoh __Bedok_North 
LOG (nnet3-latgen-faster[5.5.888~1-d619]:DecodeUtteranceLatticeFaster():decoder-wrappers.cc:375) Log-like per frame for utterance nsc-part2-chn0-spk10143124inm-031240029 is 1.3223 over 103 frames.
nsc-part2-chn0-spk10143124inm-031240099 __Bukit_Batok_Crescent __Carisbrooke_Grove __Kranji_Crescent 
LOG (nnet3-latgen-faster[5.5.888~1-d619]:DecodeUtteranceLatticeFaster():decoder-wrappers.cc:375) Log-like per frame for utterance nsc-part2-chn0-spk10143124inm-031240099 is 1.85689 over 129 frames.
nsc-part2-chn0-spk10143124inm-031240118 __Chuan_Hoe_Avenue __Kampong_Bahru __Chuan_Hoe_Avenue 
LOG (nnet3-latgen-faster[5.5.888~1-d619]:DecodeUtteranceLatticeFaster():decoder-wrappers.cc:375) Log-like per frame for utterance nsc-part2-chn0-spk10143124inm-031240118 is 1.40672 over 138 frames.
nsc-part2-chn0-spk10143124inm-031240144 __Geylang_Bahru __Lim_Chu_Kang __Lorong_Paya_Lebar 
LOG (nnet3-latgen-faster[5.5.888~1-d619]:DecodeUtteranceLatticeFaster():decoder-wrappers.cc:375) Log-like per frame for utterance nsc-part2-chn0-spk10143124inm-031240144 is 2.3703 over 109 frames.
nsc-part2-chn0-spk10143124inm-031240242 __Seletar_West port __Burmah_Road __Singapore_Bible club 
LOG (nnet3-latgen-faster[5.5.888~1-d619]:DecodeUtteranceLatticeFaster():decoder-wrappers.cc:375) Log-like per frame for utterance nsc-part2-chn0-spk10143124inm-031240242 is 1.4545 over 132 frames.
nsc-part2-chn0-spk10143124inm-031240249 __Anak_Bukit __Ulu_Sembawang 
LOG (nnet3-latgen-faster[5.5.888~1-d619]:DecodeUtteranceLatticeFaster():decoder-wrappers.cc:375) Log-like per frame for utterance nsc-part2-chn0-spk10143124inm-031240249 is 1.23808 over 79 frames.
nsc-part2-chn0-spk10143124inm-031240418 __Pereira_Road __Chong_Pang_Combined em blank __Kerong_Walk 
LOG (nnet3-latgen-faster[5.5.888~1-d619]:DecodeUtteranceLatticeFaster():decoder-wrappers.cc:375) Log-like per frame for utterance nsc-part2-chn0-spk10143124inm-031240418 is 1.61252 over 133 frames.
nsc-part2-chn0-spk10143124inm-031240433 __Chinese_Garden __Tembusu_Drive __Chan_Chun_Sing par __Jalan_Dusun gate 
LOG (nnet3-latgen-faster[5.5.888~1-d619]:DecodeUtteranceLatticeFaster():decoder-wrappers.cc:375) Log-like per frame for utterance nsc-part2-chn0-spk10143124inm-031240433 is 1.50206 over 152 frames.
LOG (apply-cmvn[5.5.888~1-d619]:main():apply-cmvn.cc:81) Copied 118 utterances.
nsc-part2-chn0-spk10143124inm-031241480 __Bukit_Tinggi_Road __Bukit_Timah post __Office_Road __Begonia_Walk 
LOG (nnet3-latgen-faster[5.5.888~1-d619]:DecodeUtteranceLatticeFaster():decoder-wrappers.cc:375) Log-like per frame for utterance nsc-part2-chn0-spk10143124inm-031241480 is 1.58036 over 140 frames.
nsc-part2-chn0-spk10143124inm-031241592 __Liang_Court el __Jalan_Mempurong __Ulu_Sembawang ship 
LOG (nnet3-latgen-faster[5.5.888~1-d619]:DecodeUtteranceLatticeFaster():decoder-wrappers.cc:375) Log-like per frame for utterance nsc-part2-chn0-spk10143124inm-031241592 is 1.3841 over 120 frames.
nsc-part2-chn0-spk10143124inm-031241790 __Pasir_Ris_Way __Kampong_Java 
LOG (nnet3-latgen-faster[5.5.888~1-d619]:DecodeUtteranceLatticeFaster():decoder-wrappers.cc:375) Log-like per frame for utterance nsc-part2-chn0-spk10143124inm-031241790 is 1.2628 over 98 frames.
nsc-part2-chn0-spk10143124inm-031241838 __East_Spring 
LOG (nnet3-latgen-faster[5.5.888~1-d619]:DecodeUtteranceLatticeFaster():decoder-wrappers.cc:375) Log-like per frame for utterance nsc-part2-chn0-spk10143124inm-031241838 is 1.59305 over 60 frames.
nsc-part2-chn0-spk10143124inm-031241858 __Inderjit_Singh __Cantonment_Complex front __Chong_Pang able hood pol ice pose 
LOG (nnet3-latgen-faster[5.5.888~1-d619]:DecodeUtteranceLatticeFaster():decoder-wrappers.cc:375) Log-like per frame for utterance nsc-part2-chn0-spk10143124inm-031241858 is 1.28197 over 149 frames.
LOG (nnet3-latgen-faster[5.5.888~1-d619]:main():nnet3-latgen-faster.cc:256) Time taken 171.349s: real-time factor assuming 100 frames/sec is 0.311414
LOG (nnet3-latgen-faster[5.5.888~1-d619]:main():nnet3-latgen-faster.cc:259) Done 118 utterances, failed for 0
LOG (nnet3-latgen-faster[5.5.888~1-d619]:main():nnet3-latgen-faster.cc:261) Overall log-likelihood per frame is 1.4283 over 18341 frames.
LOG (nnet3-latgen-faster[5.5.888~1-d619]:~CachingOptimizingCompiler():nnet-optimize.cc:710) 0.348 seconds taken in nnet3 compilation total (breakdown: 0.241 compilation, 0.0616 optimization, 0 shortcut expansion, 0.012 checking, 6.63e-05 computing indexes, 0.0334 misc.) + 0 I/O.
LOG (lattice-scale[5.5.888~1-d619]:main():lattice-scale.cc:107) Done 118 lattices.
# Ended (code 0) at Wed Aug 25 18:56:39 SGT 2021, elapsed time 226 seconds
