# nnet3-latgen-faster --online-ivectors=scp:./ivector/imda-part2/ivector_online.scp --online-ivector-period=10 --frame-subsampling-factor=3 --frames-per-chunk=50 --extra-left-context=0 --extra-right-context=0 --extra-left-context-initial=-1 --extra-right-context-final=-1 --minimize=false --max-active=7000 --min-active=200 --beam=15.0 --lattice-beam=8.0 --acoustic-scale=1.0 --allow-partial=true --word-symbol-table=/home3/ztkyaw/w2021/deliverables/contrast-zin-dev/output/expEX4/graph/words.txt /home3/ztkyaw/w2021/deliverables/contrast-zin-dev/baseline/tdnnf-transfer-sp/final.mdl /home3/ztkyaw/w2021/deliverables/contrast-zin-dev/output/expEX4/graph/HCLG.fst "ark,s,cs:apply-cmvn --norm-means=false --norm-vars=false --utt2spk=ark:./data/imda-part2/mfcc-hires/split10/3/utt2spk scp:./data/imda-part2/mfcc-hires/split10/3/cmvn.scp scp:./data/imda-part2/mfcc-hires/split10/3/feats.scp ark:- |" "ark:|lattice-scale --acoustic-scale=10.0 ark:- ark:- | gzip -c >/home3/ztkyaw/w2021/deliverables/contrast-zin-dev/baseline/tdnnf-transfer-sp/decode_imda-part2_1629888772-hw_lmg/lat.3.gz" 
# Invoked at Wed Aug 25 18:52:53 SGT 2021 from node05
#
# Started at Wed Aug 25 18:53:46 +08 2021 on node09
nnet3-latgen-faster --online-ivectors=scp:./ivector/imda-part2/ivector_online.scp --online-ivector-period=10 --frame-subsampling-factor=3 --frames-per-chunk=50 --extra-left-context=0 --extra-right-context=0 --extra-left-context-initial=-1 --extra-right-context-final=-1 --minimize=false --max-active=7000 --min-active=200 --beam=15.0 --lattice-beam=8.0 --acoustic-scale=1.0 --allow-partial=true --word-symbol-table=/home3/ztkyaw/w2021/deliverables/contrast-zin-dev/output/expEX4/graph/words.txt /home3/ztkyaw/w2021/deliverables/contrast-zin-dev/baseline/tdnnf-transfer-sp/final.mdl /home3/ztkyaw/w2021/deliverables/contrast-zin-dev/output/expEX4/graph/HCLG.fst 'ark,s,cs:apply-cmvn --norm-means=false --norm-vars=false --utt2spk=ark:./data/imda-part2/mfcc-hires/split10/3/utt2spk scp:./data/imda-part2/mfcc-hires/split10/3/cmvn.scp scp:./data/imda-part2/mfcc-hires/split10/3/feats.scp ark:- |' 'ark:|lattice-scale --acoustic-scale=10.0 ark:- ark:- | gzip -c >/home3/ztkyaw/w2021/deliverables/contrast-zin-dev/baseline/tdnnf-transfer-sp/decode_imda-part2_1629888772-hw_lmg/lat.3.gz' 
LOG (nnet3-latgen-faster[5.5.888~1-d619]:RemoveOrphanNodes():nnet-nnet.cc:948) Removed 1 orphan nodes.
LOG (nnet3-latgen-faster[5.5.888~1-d619]:RemoveOrphanComponents():nnet-nnet.cc:847) Removing 2 orphan components.
LOG (nnet3-latgen-faster[5.5.888~1-d619]:Collapse():nnet-utils.cc:1488) Added 1 components, removed 2
lattice-scale --acoustic-scale=10.0 ark:- ark:- 
apply-cmvn --norm-means=false --norm-vars=false --utt2spk=ark:./data/imda-part2/mfcc-hires/split10/3/utt2spk scp:./data/imda-part2/mfcc-hires/split10/3/cmvn.scp scp:./data/imda-part2/mfcc-hires/split10/3/feats.scp ark:- 
LOG (nnet3-latgen-faster[5.5.888~1-d619]:CheckAndFixConfigs():nnet-am-decodable-simple.cc:294) Increasing --frames-per-chunk from 50 to 51 to make it a multiple of --frame-subsampling-factor=3
nsc-part2-chn0-spk07832894cnf-028940087 __Chong_Pang par __Katmandu_Road state __Holland_Hill __Edmund_Chen 
LOG (nnet3-latgen-faster[5.5.888~1-d619]:DecodeUtteranceLatticeFaster():decoder-wrappers.cc:375) Log-like per frame for utterance nsc-part2-chn0-spk07832894cnf-028940087 is 1.31061 over 204 frames.
nsc-part2-chn0-spk07832894cnf-028940123 __Seletar_Court trick __Lempeng_Drive __Aljunied_Crescent 
LOG (nnet3-latgen-faster[5.5.888~1-d619]:DecodeUtteranceLatticeFaster():decoder-wrappers.cc:375) Log-like per frame for utterance nsc-part2-chn0-spk07832894cnf-028940123 is 1.59493 over 151 frames.
nsc-part2-chn0-spk07832894cnf-028940134 __Maris_Stella school __Orchard_Point __Ulu_Sembawang di branch __Office_Road 
LOG (nnet3-latgen-faster[5.5.888~1-d619]:DecodeUtteranceLatticeFaster():decoder-wrappers.cc:375) Log-like per frame for utterance nsc-part2-chn0-spk07832894cnf-028940134 is 1.48241 over 196 frames.
nsc-part2-chn0-spk07832894cnf-028940173 __Geylang_Bahru __Toa_Payoh_East __Ang_Peng_Tiam __Nee_Soon_East 
LOG (nnet3-latgen-faster[5.5.888~1-d619]:DecodeUtteranceLatticeFaster():decoder-wrappers.cc:375) Log-like per frame for utterance nsc-part2-chn0-spk07832894cnf-028940173 is 1.72645 over 155 frames.
nsc-part2-chn0-spk07832894cnf-028940187 __Da_Bo_Gong __Robert_Soon __Court_Road rote phrase __East_Spring chi cane 
LOG (nnet3-latgen-faster[5.5.888~1-d619]:DecodeUtteranceLatticeFaster():decoder-wrappers.cc:375) Log-like per frame for utterance nsc-part2-chn0-spk07832894cnf-028940187 is 1.19689 over 173 frames.
nsc-part2-chn0-spk07832894cnf-028940188 __How_Sun_Drive __Seletar_Close 
LOG (nnet3-latgen-faster[5.5.888~1-d619]:DecodeUtteranceLatticeFaster():decoder-wrappers.cc:375) Log-like per frame for utterance nsc-part2-chn0-spk07832894cnf-028940188 is 1.45336 over 97 frames.
nsc-part2-chn0-spk07832894cnf-028940221 __Seletar_North __Pasir_Ris_Way __Bedok_North 
LOG (nnet3-latgen-faster[5.5.888~1-d619]:DecodeUtteranceLatticeFaster():decoder-wrappers.cc:375) Log-like per frame for utterance nsc-part2-chn0-spk07832894cnf-028940221 is 1.55426 over 104 frames.
nsc-part2-chn0-spk07832894cnf-028940232 please look __Fulton_Avenue reach __Nee_Soon __Si_Ling 
LOG (nnet3-latgen-faster[5.5.888~1-d619]:DecodeUtteranceLatticeFaster():decoder-wrappers.cc:375) Log-like per frame for utterance nsc-part2-chn0-spk07832894cnf-028940232 is 1.23385 over 123 frames.
nsc-part2-chn0-spk07832894cnf-028940299 __Pulau_Ubin __Fo_Shan_Ting __Da_Bo_Gong temp __Jalan_Wajek __Ulu_Sembawang 
LOG (nnet3-latgen-faster[5.5.888~1-d619]:DecodeUtteranceLatticeFaster():decoder-wrappers.cc:375) Log-like per frame for utterance nsc-part2-chn0-spk07832894cnf-028940299 is 1.42428 over 251 frames.
nsc-part2-chn0-spk07832894cnf-028940412 __Si_Ling __Pasir_Ris_Way __Seletar_Court 
LOG (nnet3-latgen-faster[5.5.888~1-d619]:DecodeUtteranceLatticeFaster():decoder-wrappers.cc:375) Log-like per frame for utterance nsc-part2-chn0-spk07832894cnf-028940412 is 1.39205 over 99 frames.
nsc-part2-chn0-spk07832894cnf-028940447 __Hythe_Road court __Safra_Jurong near __Bukit_Timah_Road 
LOG (nnet3-latgen-faster[5.5.888~1-d619]:DecodeUtteranceLatticeFaster():decoder-wrappers.cc:375) Log-like per frame for utterance nsc-part2-chn0-spk07832894cnf-028940447 is 1.40899 over 127 frames.
nsc-part2-chn0-spk07832894cnf-028941596 __Jalan_Anak_Bukit __Marsiling_Road __Fire_Station 
LOG (nnet3-latgen-faster[5.5.888~1-d619]:DecodeUtteranceLatticeFaster():decoder-wrappers.cc:375) Log-like per frame for utterance nsc-part2-chn0-spk07832894cnf-028941596 is 1.16476 over 121 frames.
nsc-part2-chn0-spk07832894cnf-028941652 __Sennett_Road __Bukit_Batok_West 
LOG (nnet3-latgen-faster[5.5.888~1-d619]:DecodeUtteranceLatticeFaster():decoder-wrappers.cc:375) Log-like per frame for utterance nsc-part2-chn0-spk07832894cnf-028941652 is 1.39236 over 136 frames.
nsc-part2-chn0-spk07832894cnf-028941770 __Pasir_Ris bout __Devan_Nair __Lim_Chong_Pang __Chuan_Hoe_Avenue __Jalan_Basong 
LOG (nnet3-latgen-faster[5.5.888~1-d619]:DecodeUtteranceLatticeFaster():decoder-wrappers.cc:375) Log-like per frame for utterance nsc-part2-chn0-spk07832894cnf-028941770 is 1.41683 over 206 frames.
nsc-part2-chn0-spk07952885cnf-028850024 __Singapore_Bible __Kwong_Wai_Siew __Peck_San_Theng __Kampung_Glam __Aljunied_Neighbourhood po list pose __North_West __Geylang_United dive lop men __Sunset_Vale 
LOG (nnet3-latgen-faster[5.5.888~1-d619]:DecodeUtteranceLatticeFaster():decoder-wrappers.cc:375) Log-like per frame for utterance nsc-part2-chn0-spk07952885cnf-028850024 is 1.25911 over 369 frames.
nsc-part2-chn0-spk07952885cnf-028850071 __Seletar_Wests __Sims_Way __Bukit_Batok_Crescent 
LOG (nnet3-latgen-faster[5.5.888~1-d619]:DecodeUtteranceLatticeFaster():decoder-wrappers.cc:375) Log-like per frame for utterance nsc-part2-chn0-spk07952885cnf-028850071 is 1.57026 over 158 frames.
nsc-part2-chn0-spk07952885cnf-028850121 wait in fore land to come back prompt __Taman_Jurong 
LOG (nnet3-latgen-faster[5.5.888~1-d619]:DecodeUtteranceLatticeFaster():decoder-wrappers.cc:375) Log-like per frame for utterance nsc-part2-chn0-spk07952885cnf-028850121 is 1.30462 over 183 frames.
nsc-part2-chn0-spk07952885cnf-028850204 __Chai_Chee __Seletar_Club_Road 
LOG (nnet3-latgen-faster[5.5.888~1-d619]:DecodeUtteranceLatticeFaster():decoder-wrappers.cc:375) Log-like per frame for utterance nsc-part2-chn0-spk07952885cnf-028850204 is 1.31273 over 133 frames.
nsc-part2-chn0-spk07952885cnf-028850232 please loop for jack __Lily_Avenue rage __Jalan_Lembah_Bedok 
LOG (nnet3-latgen-faster[5.5.888~1-d619]:DecodeUtteranceLatticeFaster():decoder-wrappers.cc:375) Log-like per frame for utterance nsc-part2-chn0-spk07952885cnf-028850232 is 1.43767 over 177 frames.
nsc-part2-chn0-spk07952885cnf-028850249 __Canning_Rise __Tian_Kong boss __Aljunied_Road 
LOG (nnet3-latgen-faster[5.5.888~1-d619]:DecodeUtteranceLatticeFaster():decoder-wrappers.cc:375) Log-like per frame for utterance nsc-part2-chn0-spk07952885cnf-028850249 is 1.29548 over 130 frames.
nsc-part2-chn0-spk07952885cnf-028850313 __Chinatown_Point __Kampong_Sungai_Tiga __Chin_Swee __Seletar_East __Jalan_Tiga_Ratus 
LOG (nnet3-latgen-faster[5.5.888~1-d619]:DecodeUtteranceLatticeFaster():decoder-wrappers.cc:375) Log-like per frame for utterance nsc-part2-chn0-spk07952885cnf-028850313 is 1.51355 over 264 frames.
nsc-part2-chn0-spk07952885cnf-028850323 __Geylang_Bahru y cline kend en to cline nix __Strand_Hotel six ting __Carl_Alexander 
LOG (nnet3-latgen-faster[5.5.888~1-d619]:DecodeUtteranceLatticeFaster():decoder-wrappers.cc:375) Log-like per frame for utterance nsc-part2-chn0-spk07952885cnf-028850323 is 1.26307 over 243 frames.
nsc-part2-chn0-spk07952885cnf-028850342 __Sin_Ming __Pasir_Ris_Way __Sembawang_Vista 
LOG (nnet3-latgen-faster[5.5.888~1-d619]:DecodeUtteranceLatticeFaster():decoder-wrappers.cc:375) Log-like per frame for utterance nsc-part2-chn0-spk07952885cnf-028850342 is 1.247 over 141 frames.
nsc-part2-chn0-spk07952885cnf-028851610 __Kranji_Commonwealth __Waterloo_Street __Dahan_Road __Bukit_Timah __Serapong_Hill 
LOG (nnet3-latgen-faster[5.5.888~1-d619]:DecodeUtteranceLatticeFaster():decoder-wrappers.cc:375) Log-like per frame for utterance nsc-part2-chn0-spk07952885cnf-028851610 is 1.39014 over 211 frames.
nsc-part2-chn0-spk07952885cnf-028851621 __Marsiling_Drive __Montreal_Link __Liang_Court boon bah __Chai_Chee 
LOG (nnet3-latgen-faster[5.5.888~1-d619]:DecodeUtteranceLatticeFaster():decoder-wrappers.cc:375) Log-like per frame for utterance nsc-part2-chn0-spk07952885cnf-028851621 is 1.30826 over 182 frames.
nsc-part2-chn0-spk07952885cnf-028851699 __Kampong_Java __Toa_Payoh __Kampung_Glam __River_Valley mor 
LOG (nnet3-latgen-faster[5.5.888~1-d619]:DecodeUtteranceLatticeFaster():decoder-wrappers.cc:375) Log-like per frame for utterance nsc-part2-chn0-spk07952885cnf-028851699 is 1.31632 over 168 frames.
nsc-part2-chn0-spk07952885cnf-028851870 __Rosaline_Chan_Pang __Lim_Chong_Pang __Ng_Chee_Meng 
LOG (nnet3-latgen-faster[5.5.888~1-d619]:DecodeUtteranceLatticeFaster():decoder-wrappers.cc:375) Log-like per frame for utterance nsc-part2-chn0-spk07952885cnf-028851870 is 1.50026 over 177 frames.
nsc-part2-chn0-spk07952885cnf-028851878 __Kouo_Shang_Wei __Wong_Hock_Boon __Lim_Chong_Pang 
LOG (nnet3-latgen-faster[5.5.888~1-d619]:DecodeUtteranceLatticeFaster():decoder-wrappers.cc:375) Log-like per frame for utterance nsc-part2-chn0-spk07952885cnf-028851878 is 1.54891 over 167 frames.
nsc-part2-chn0-spk08262877cnf-028770007 __Ocean_Way __Aljunied_Avenue 
LOG (nnet3-latgen-faster[5.5.888~1-d619]:DecodeUtteranceLatticeFaster():decoder-wrappers.cc:375) Log-like per frame for utterance nsc-part2-chn0-spk08262877cnf-028770007 is 1.27424 over 147 frames.
nsc-part2-chn0-spk08262877cnf-028770080 __Pasir_Ris_View __Marina_One __Sungei_Road __Bukit_Batok __Home_Team_Academy 
LOG (nnet3-latgen-faster[5.5.888~1-d619]:DecodeUtteranceLatticeFaster():decoder-wrappers.cc:375) Log-like per frame for utterance nsc-part2-chn0-spk08262877cnf-028770080 is 1.54126 over 236 frames.
nsc-part2-chn0-spk08262877cnf-028770134 __Aljunied_Neighbourhood po list pose __Stadium_Crescent __Mount_Faber_Road 
LOG (nnet3-latgen-faster[5.5.888~1-d619]:DecodeUtteranceLatticeFaster():decoder-wrappers.cc:375) Log-like per frame for utterance nsc-part2-chn0-spk08262877cnf-028770134 is 1.65943 over 236 frames.
nsc-part2-chn0-spk08262877cnf-028770181 __Hougang_One __Ocean_Way __Seletar_South_Road her 
LOG (nnet3-latgen-faster[5.5.888~1-d619]:DecodeUtteranceLatticeFaster():decoder-wrappers.cc:375) Log-like per frame for utterance nsc-part2-chn0-spk08262877cnf-028770181 is 1.16229 over 122 frames.
nsc-part2-chn0-spk08262877cnf-028770232 please loop ford mil __Eunos_Avenue rist __Jalan_Dua __Taman_Bedok 
LOG (nnet3-latgen-faster[5.5.888~1-d619]:DecodeUtteranceLatticeFaster():decoder-wrappers.cc:375) Log-like per frame for utterance nsc-part2-chn0-spk08262877cnf-028770232 is 1.2112 over 210 frames.
nsc-part2-chn0-spk08262877cnf-028770269 __Bukit_Batok_East_Avenue __Singapore_Bible __Jalan_Dua gene __East_Coast_Avenue 
LOG (nnet3-latgen-faster[5.5.888~1-d619]:DecodeUtteranceLatticeFaster():decoder-wrappers.cc:375) Log-like per frame for utterance nsc-part2-chn0-spk08262877cnf-028770269 is 1.37954 over 251 frames.
nsc-part2-chn0-spk08262877cnf-028770313 __Bukit_Batok_Road __Chatsworth_Road __Choa_Chu_Kang_West 
LOG (nnet3-latgen-faster[5.5.888~1-d619]:DecodeUtteranceLatticeFaster():decoder-wrappers.cc:375) Log-like per frame for utterance nsc-part2-chn0-spk08262877cnf-028770313 is 1.6721 over 187 frames.
nsc-part2-chn0-spk08262877cnf-028770320 show __Ocean_Way __Geylang_Square 
LOG (nnet3-latgen-faster[5.5.888~1-d619]:DecodeUtteranceLatticeFaster():decoder-wrappers.cc:375) Log-like per frame for utterance nsc-part2-chn0-spk08262877cnf-028770320 is 1.56356 over 105 frames.
nsc-part2-chn0-spk08262877cnf-028770400 please loke __Farrer_Park __Iqbal_Avenue reach __Clive_Street __Chinatown_Point 
LOG (nnet3-latgen-faster[5.5.888~1-d619]:DecodeUtteranceLatticeFaster():decoder-wrappers.cc:375) Log-like per frame for utterance nsc-part2-chn0-spk08262877cnf-028770400 is 1.18856 over 172 frames.
nsc-part2-chn0-spk08262877cnf-028770434 __Chong_Pang nable food po list pose __Lorong_Pasu __Eng_Neo_Avenue 
LOG (nnet3-latgen-faster[5.5.888~1-d619]:DecodeUtteranceLatticeFaster():decoder-wrappers.cc:375) Log-like per frame for utterance nsc-part2-chn0-spk08262877cnf-028770434 is 1.48084 over 211 frames.
nsc-part2-chn0-spk08262877cnf-028770436 __Lorong_Lew_Lian __Chai_Chee fir pose __Bukit_Batok_Crescent 
LOG (nnet3-latgen-faster[5.5.888~1-d619]:DecodeUtteranceLatticeFaster():decoder-wrappers.cc:375) Log-like per frame for utterance nsc-part2-chn0-spk08262877cnf-028770436 is 1.7217 over 194 frames.
nsc-part2-chn0-spk08262877cnf-028771660 __Kim_Hong __Tan_Boo_Liat __Upper_Bedok_Road __Teban_Garden pose __Office_Road 
LOG (nnet3-latgen-faster[5.5.888~1-d619]:DecodeUtteranceLatticeFaster():decoder-wrappers.cc:375) Log-like per frame for utterance nsc-part2-chn0-spk08262877cnf-028771660 is 1.48738 over 223 frames.
nsc-part2-chn0-spk08262877cnf-028771761 __Bo_Seng_Avenue __Pasir_Panjang_View __Aljunied_Neighbourhood po list pose 
LOG (nnet3-latgen-faster[5.5.888~1-d619]:DecodeUtteranceLatticeFaster():decoder-wrappers.cc:375) Log-like per frame for utterance nsc-part2-chn0-spk08262877cnf-028771761 is 1.58207 over 216 frames.
nsc-part2-chn0-spk08262877cnf-028771842 __Rajabali_Jumabhoy __Jalan_Mamam boy __Leng_Chai_Chee __Pan_Shou __Wee_Beng_Chong 
LOG (nnet3-latgen-faster[5.5.888~1-d619]:DecodeUtteranceLatticeFaster():decoder-wrappers.cc:375) Log-like per frame for utterance nsc-part2-chn0-spk08262877cnf-028771842 is 1.3031 over 282 frames.
nsc-part2-chn0-spk08262877cnf-028771863 __Bukit_Batok_Crescent __Robinson_Road post __Office_Road __Ang_Mo_Kio __Hume_Avenue 
LOG (nnet3-latgen-faster[5.5.888~1-d619]:DecodeUtteranceLatticeFaster():decoder-wrappers.cc:375) Log-like per frame for utterance nsc-part2-chn0-spk08262877cnf-028771863 is 1.56888 over 239 frames.
nsc-part2-chn0-spk08262877cnf-028771881 __Bukit_Timah post __Office_Road __Tan_Kim_Cheng_Road __Moonbeam_Walk 
LOG (nnet3-latgen-faster[5.5.888~1-d619]:DecodeUtteranceLatticeFaster():decoder-wrappers.cc:375) Log-like per frame for utterance nsc-part2-chn0-spk08262877cnf-028771881 is 1.45584 over 209 frames.
nsc-part2-chn0-spk08272878cnm-028780024 __Unity_Street __Bukit_Batok_Central_Link __Seletar_North_Lane 
LOG (nnet3-latgen-faster[5.5.888~1-d619]:DecodeUtteranceLatticeFaster():decoder-wrappers.cc:375) Log-like per frame for utterance nsc-part2-chn0-spk08272878cnm-028780024 is 1.5757 over 236 frames.
nsc-part2-chn0-spk08272878cnm-028780104 slope __Poh_Jay __West_Spring reach __Marsiling_Road dust re __Esther_Tan 
LOG (nnet3-latgen-faster[5.5.888~1-d619]:DecodeUtteranceLatticeFaster():decoder-wrappers.cc:375) Log-like per frame for utterance nsc-part2-chn0-spk08272878cnm-028780104 is 1.10795 over 176 frames.
nsc-part2-chn0-spk08272878cnm-028780118 __Chong_Pang nable pol ice pose __Pasir_Ris __Sennett_Road pose __Office_Road __Warwick_Road 
LOG (nnet3-latgen-faster[5.5.888~1-d619]:DecodeUtteranceLatticeFaster():decoder-wrappers.cc:375) Log-like per frame for utterance nsc-part2-chn0-spk08272878cnm-028780118 is 1.51242 over 245 frames.
nsc-part2-chn0-spk08272878cnm-028780136 __Boon_Keng fir post __Toa_Payoh_North __Aljunied_Avenue 
LOG (nnet3-latgen-faster[5.5.888~1-d619]:DecodeUtteranceLatticeFaster():decoder-wrappers.cc:375) Log-like per frame for utterance nsc-part2-chn0-spk08272878cnm-028780136 is 1.50103 over 254 frames.
nsc-part2-chn0-spk08272878cnm-028780144 __Ping_Yi __Secondary_School __Bedok_North __Serangoon_North_Avenue six 
LOG (nnet3-latgen-faster[5.5.888~1-d619]:DecodeUtteranceLatticeFaster():decoder-wrappers.cc:375) Log-like per frame for utterance nsc-part2-chn0-spk08272878cnm-028780144 is 1.64955 over 223 frames.
nsc-part2-chn0-spk08272878cnm-028780176 __Bukit_Timah_Avenue __Kampong_Chai_Chee __Chin_Cheng_Avenue 
LOG (nnet3-latgen-faster[5.5.888~1-d619]:DecodeUtteranceLatticeFaster():decoder-wrappers.cc:375) Log-like per frame for utterance nsc-part2-chn0-spk08272878cnm-028780176 is 1.38893 over 203 frames.
nsc-part2-chn0-spk08272878cnm-028780181 __Hougang_One __Taman_Jurong __Shopping_Centre __Prome_Road 
LOG (nnet3-latgen-faster[5.5.888~1-d619]:DecodeUtteranceLatticeFaster():decoder-wrappers.cc:375) Log-like per frame for utterance nsc-part2-chn0-spk08272878cnm-028780181 is 1.37557 over 139 frames.
nsc-part2-chn0-spk08272878cnm-028780213 __Canning_Rise __Sembawang_Avenue 
LOG (nnet3-latgen-faster[5.5.888~1-d619]:DecodeUtteranceLatticeFaster():decoder-wrappers.cc:375) Log-like per frame for utterance nsc-part2-chn0-spk08272878cnm-028780213 is 1.22011 over 125 frames.
nsc-part2-chn0-spk08272878cnm-028780219 __Canning_Rise __Tekong_Highway __Kampong_Bahru 
LOG (nnet3-latgen-faster[5.5.888~1-d619]:DecodeUtteranceLatticeFaster():decoder-wrappers.cc:375) Log-like per frame for utterance nsc-part2-chn0-spk08272878cnm-028780219 is 1.2438 over 111 frames.
nsc-part2-chn0-spk08272878cnm-028780238 __Nasi_Goreng role __East_Spring chi cane 
LOG (nnet3-latgen-faster[5.5.888~1-d619]:DecodeUtteranceLatticeFaster():decoder-wrappers.cc:375) Log-like per frame for utterance nsc-part2-chn0-spk08272878cnm-028780238 is 1.29248 over 215 frames.
nsc-part2-chn0-spk08272878cnm-028780247 __Peng_Kang_Avenue __Old_Terminal_Lane __Seletar_Satellite_Station_Road 
LOG (nnet3-latgen-faster[5.5.888~1-d619]:DecodeUtteranceLatticeFaster():decoder-wrappers.cc:375) Log-like per frame for utterance nsc-part2-chn0-spk08272878cnm-028780247 is 1.62061 over 247 frames.
nsc-part2-chn0-spk08272878cnm-028780356 __Pang_Seng_Road __Upper_Aljunied_Road __Ee_Teow_Leng_Road 
LOG (nnet3-latgen-faster[5.5.888~1-d619]:DecodeUtteranceLatticeFaster():decoder-wrappers.cc:375) Log-like per frame for utterance nsc-part2-chn0-spk08272878cnm-028780356 is 1.49227 over 226 frames.
nsc-part2-chn0-spk08272878cnm-028780411 __Maritime_Square __Chong_Pang able pol ice pose __Changi_East_Road 
LOG (nnet3-latgen-faster[5.5.888~1-d619]:DecodeUtteranceLatticeFaster():decoder-wrappers.cc:375) Log-like per frame for utterance nsc-part2-chn0-spk08272878cnm-028780411 is 1.58901 over 234 frames.
nsc-part2-chn0-spk08272878cnm-028780427 __Bukit_Batok dust __Farrer_Park __Keng_Lee_Road __Saint_Xavier'S_Lane 
LOG (nnet3-latgen-faster[5.5.888~1-d619]:DecodeUtteranceLatticeFaster():decoder-wrappers.cc:375) Log-like per frame for utterance nsc-part2-chn0-spk08272878cnm-028780427 is 1.45923 over 252 frames.
nsc-part2-chn0-spk08272878cnm-028780434 __Teck_Hai_Keng temp or __Bedok_Green prime school __Baker_Street 
LOG (nnet3-latgen-faster[5.5.888~1-d619]:DecodeUtteranceLatticeFaster():decoder-wrappers.cc:375) Log-like per frame for utterance nsc-part2-chn0-spk08272878cnm-028780434 is 1.39647 over 195 frames.
nsc-part2-chn0-spk08272878cnm-028781472 __Chong_Pang nable pol ice pose __Francis_Thomas_Drive __Upper_Serangoon __Joan_Road 
LOG (nnet3-latgen-faster[5.5.888~1-d619]:DecodeUtteranceLatticeFaster():decoder-wrappers.cc:375) Log-like per frame for utterance nsc-part2-chn0-spk08272878cnm-028781472 is 1.49426 over 272 frames.
nsc-part2-chn0-spk08272878cnm-028781547 __Sin_Ming __Secondary_School __Lim_Teck_Kim_Road __Bukit_Timah able pole __Peace_Centre 
LOG (nnet3-latgen-faster[5.5.888~1-d619]:DecodeUtteranceLatticeFaster():decoder-wrappers.cc:375) Log-like per frame for utterance nsc-part2-chn0-spk08272878cnm-028781547 is 1.50605 over 245 frames.
nsc-part2-chn0-spk08272878cnm-028781569 __Maritime_Square __Miller_Street come back from __Geylang_Serai able po lick pose 
LOG (nnet3-latgen-faster[5.5.888~1-d619]:DecodeUtteranceLatticeFaster():decoder-wrappers.cc:375) Log-like per frame for utterance nsc-part2-chn0-spk08272878cnm-028781569 is 1.32311 over 220 frames.
nsc-part2-chn0-spk08272878cnm-028781582 __Seletar_Club_Road __Siong_Lim __Taman_Warna __Nee_Soon_East 
LOG (nnet3-latgen-faster[5.5.888~1-d619]:DecodeUtteranceLatticeFaster():decoder-wrappers.cc:375) Log-like per frame for utterance nsc-part2-chn0-spk08272878cnm-028781582 is 1.53989 over 188 frames.
nsc-part2-chn0-spk08272878cnm-028781596 __Canning_Lane __Teck_Whye __Chinatown_Hotel 
LOG (nnet3-latgen-faster[5.5.888~1-d619]:DecodeUtteranceLatticeFaster():decoder-wrappers.cc:375) Log-like per frame for utterance nsc-part2-chn0-spk08272878cnm-028781596 is 1.35265 over 128 frames.
nsc-part2-chn0-spk08272878cnm-028781859 __Bukit_Timah_Plaza __Chin_Cheng_Avenue __How_Sun_Road 
LOG (nnet3-latgen-faster[5.5.888~1-d619]:DecodeUtteranceLatticeFaster():decoder-wrappers.cc:375) Log-like per frame for utterance nsc-part2-chn0-spk08272878cnm-028781859 is 1.4713 over 209 frames.
nsc-part2-chn0-spk08272878cnm-028781882 __Chang_Ziang __Fire_Station __Clementi_Street __Aljunied_Avenue 
LOG (nnet3-latgen-faster[5.5.888~1-d619]:DecodeUtteranceLatticeFaster():decoder-wrappers.cc:375) Log-like per frame for utterance nsc-part2-chn0-spk08272878cnm-028781882 is 1.45858 over 208 frames.
nsc-part2-chn0-spk08432920cnm-029200176 __Sing_Hoe __Shopping_Centre been __Chinatown_Point pack __Connexis_South 
LOG (nnet3-latgen-faster[5.5.888~1-d619]:DecodeUtteranceLatticeFaster():decoder-wrappers.cc:375) Log-like per frame for utterance nsc-part2-chn0-spk08432920cnm-029200176 is 1.34781 over 265 frames.
nsc-part2-chn0-spk08432920cnm-029200181 __Hougang_One __Bukit_Timah_Avenue __Tanah_Merah 
LOG (nnet3-latgen-faster[5.5.888~1-d619]:DecodeUtteranceLatticeFaster():decoder-wrappers.cc:375) Log-like per frame for utterance nsc-part2-chn0-spk08432920cnm-029200181 is 1.27445 over 138 frames.
nsc-part2-chn0-spk08432920cnm-029200188 __How_Sun_Drive ket __Geylang_Lorong 
LOG (nnet3-latgen-faster[5.5.888~1-d619]:DecodeUtteranceLatticeFaster():decoder-wrappers.cc:375) Log-like per frame for utterance nsc-part2-chn0-spk08432920cnm-029200188 is 1.57382 over 122 frames.
nsc-part2-chn0-spk08432920cnm-029200203 __Pasir_Ris take __Da_Bo_Gong __Bedok_North 
LOG (nnet3-latgen-faster[5.5.888~1-d619]:DecodeUtteranceLatticeFaster():decoder-wrappers.cc:375) Log-like per frame for utterance nsc-part2-chn0-spk08432920cnm-029200203 is 1.2704 over 130 frames.
nsc-part2-chn0-spk08432920cnm-029200239 __Marina_One __Seletar_Link 
LOG (nnet3-latgen-faster[5.5.888~1-d619]:DecodeUtteranceLatticeFaster():decoder-wrappers.cc:375) Log-like per frame for utterance nsc-part2-chn0-spk08432920cnm-029200239 is 1.59283 over 85 frames.
nsc-part2-chn0-spk08432920cnm-029200326 __Whampoa_East __Bukit_Batok_East 
LOG (nnet3-latgen-faster[5.5.888~1-d619]:DecodeUtteranceLatticeFaster():decoder-wrappers.cc:375) Log-like per frame for utterance nsc-part2-chn0-spk08432920cnm-029200326 is 1.51251 over 98 frames.
nsc-part2-chn0-spk08432920cnm-029200351 __Cashew_Road mand mi __Red_Cross __Upper_Aljunied_Road 
LOG (nnet3-latgen-faster[5.5.888~1-d619]:DecodeUtteranceLatticeFaster():decoder-wrappers.cc:375) Log-like per frame for utterance nsc-part2-chn0-spk08432920cnm-029200351 is 1.34496 over 168 frames.
nsc-part2-chn0-spk08432920cnm-029201471 __Ava_Road __Old_Birdcage_Walk __Spring_Street 
LOG (nnet3-latgen-faster[5.5.888~1-d619]:DecodeUtteranceLatticeFaster():decoder-wrappers.cc:375) Log-like per frame for utterance nsc-part2-chn0-spk08432920cnm-029201471 is 1.33361 over 139 frames.
nsc-part2-chn0-spk08432920cnm-029201505 __Cashew_Road mand mi re strong near __Chong_Pang_Combined __Tai_Hoe 
LOG (nnet3-latgen-faster[5.5.888~1-d619]:DecodeUtteranceLatticeFaster():decoder-wrappers.cc:375) Log-like per frame for utterance nsc-part2-chn0-spk08432920cnm-029201505 is 1.45791 over 176 frames.
nsc-part2-chn0-spk08432920cnm-029201667 __Cook_Street __Tekong_Highway __Jalan_Kampong_Chantek 
LOG (nnet3-latgen-faster[5.5.888~1-d619]:DecodeUtteranceLatticeFaster():decoder-wrappers.cc:375) Log-like per frame for utterance nsc-part2-chn0-spk08432920cnm-029201667 is 1.29913 over 138 frames.
nsc-part2-chn0-spk08432920cnm-029201706 __Institute_Of_Engineer_Singapore branch __Seletar_Club __Ocean_Way 
LOG (nnet3-latgen-faster[5.5.888~1-d619]:DecodeUtteranceLatticeFaster():decoder-wrappers.cc:375) Log-like per frame for utterance nsc-part2-chn0-spk08432920cnm-029201706 is 1.34602 over 190 frames.
nsc-part2-chn0-spk08432920cnm-029201750 __Arab_Street __Nanyang_Poly_Drive con __Jalan_Senyum __Simpang_De_Bedok __Boarding_House 
LOG (nnet3-latgen-faster[5.5.888~1-d619]:DecodeUtteranceLatticeFaster():decoder-wrappers.cc:375) Log-like per frame for utterance nsc-part2-chn0-spk08432920cnm-029201750 is 1.53445 over 236 frames.
nsc-part2-chn0-spk08432920cnm-029201790 __Ping_Yi __Pasir_Ris_Way __Seletar_Satellite_Station_Road 
LOG (nnet3-latgen-faster[5.5.888~1-d619]:DecodeUtteranceLatticeFaster():decoder-wrappers.cc:375) Log-like per frame for utterance nsc-part2-chn0-spk08432920cnm-029201790 is 1.40116 over 153 frames.
nsc-part2-chn0-spk08432920cnm-029201800 __Mayflower_Way __Marsiling_Neighbourhood po list pose 
LOG (nnet3-latgen-faster[5.5.888~1-d619]:DecodeUtteranceLatticeFaster():decoder-wrappers.cc:375) Log-like per frame for utterance nsc-part2-chn0-spk08432920cnm-029201800 is 1.39184 over 145 frames.
nsc-part2-chn0-spk08432920cnm-029201855 __Geylang_Square __Seletar_Club_Road 
LOG (nnet3-latgen-faster[5.5.888~1-d619]:DecodeUtteranceLatticeFaster():decoder-wrappers.cc:375) Log-like per frame for utterance nsc-part2-chn0-spk08432920cnm-029201855 is 1.35065 over 118 frames.
nsc-part2-chn0-spk08482926cnm-029260018 __Namly_Rise found __Namly_Rise __Seah_Mei_Lin cloud __Lim_Chong_Pang __Jalan_Boon_Lay __Chan_Chun_Sing 
LOG (nnet3-latgen-faster[5.5.888~1-d619]:DecodeUtteranceLatticeFaster():decoder-wrappers.cc:375) Log-like per frame for utterance nsc-part2-chn0-spk08482926cnm-029260018 is 1.42091 over 275 frames.
nsc-part2-chn0-spk08482926cnm-029260024 __Choa_Chu_Kang __Nativity_Of_The_Blessed_Virgin_Mary_Concord __Ji_Huang_Kok prime school __Sembawang_Hills_Drive 
LOG (nnet3-latgen-faster[5.5.888~1-d619]:DecodeUtteranceLatticeFaster():decoder-wrappers.cc:375) Log-like per frame for utterance nsc-part2-chn0-spk08482926cnm-029260024 is 1.44322 over 273 frames.
nsc-part2-chn0-spk08482926cnm-029260067 __Springside_View __Onitsuka_Tiger __One_Tree_Hill __Hume_Avenue 
LOG (nnet3-latgen-faster[5.5.888~1-d619]:DecodeUtteranceLatticeFaster():decoder-wrappers.cc:375) Log-like per frame for utterance nsc-part2-chn0-spk08482926cnm-029260067 is 1.29383 over 177 frames.
nsc-part2-chn0-spk08482926cnm-029260087 __Kampong_Bugis_Crescent __Leng_Chai_Chee jane ra __Hospital_Avenue __Mandai_Tekong plex 
LOG (nnet3-latgen-faster[5.5.888~1-d619]:DecodeUtteranceLatticeFaster():decoder-wrappers.cc:375) Log-like per frame for utterance nsc-part2-chn0-spk08482926cnm-029260087 is 1.36389 over 218 frames.
nsc-part2-chn0-spk08482926cnm-029260107 fate __Paya_Lebar __Seletar_Hill 
LOG (nnet3-latgen-faster[5.5.888~1-d619]:DecodeUtteranceLatticeFaster():decoder-wrappers.cc:375) Log-like per frame for utterance nsc-part2-chn0-spk08482926cnm-029260107 is 1.14253 over 116 frames.
nsc-part2-chn0-spk08482926cnm-029260236 __Holland_Village __Kaki_Bukit __Bukit_Batok_Street __Suntec_City 
LOG (nnet3-latgen-faster[5.5.888~1-d619]:DecodeUtteranceLatticeFaster():decoder-wrappers.cc:375) Log-like per frame for utterance nsc-part2-chn0-spk08482926cnm-029260236 is 1.33386 over 144 frames.
nsc-part2-chn0-spk08482926cnm-029260249 __Tanglin_Trust __Geylang_East_Central 
LOG (nnet3-latgen-faster[5.5.888~1-d619]:DecodeUtteranceLatticeFaster():decoder-wrappers.cc:375) Log-like per frame for utterance nsc-part2-chn0-spk08482926cnm-029260249 is 1.55827 over 108 frames.
nsc-part2-chn0-spk08482926cnm-029260252 __Waterloo_Street __Bukit_Timah_Link 
LOG (nnet3-latgen-faster[5.5.888~1-d619]:DecodeUtteranceLatticeFaster():decoder-wrappers.cc:375) Log-like per frame for utterance nsc-part2-chn0-spk08482926cnm-029260252 is 1.38348 over 105 frames.
nsc-part2-chn0-spk08482926cnm-029260326 __Whampoa_East __Aljunied_Avenue 
LOG (nnet3-latgen-faster[5.5.888~1-d619]:DecodeUtteranceLatticeFaster():decoder-wrappers.cc:375) Log-like per frame for utterance nsc-part2-chn0-spk08482926cnm-029260326 is 1.3436 over 96 frames.
nsc-part2-chn0-spk08482926cnm-029261493 __Whitchurch_Road tic __Bedok_South 
LOG (nnet3-latgen-faster[5.5.888~1-d619]:DecodeUtteranceLatticeFaster():decoder-wrappers.cc:375) Log-like per frame for utterance nsc-part2-chn0-spk08482926cnm-029261493 is 1.29087 over 116 frames.
nsc-part2-chn0-spk08482926cnm-029261705 __Carl_Alexander bass __Upper_Bukit_Timah_Road 
LOG (nnet3-latgen-faster[5.5.888~1-d619]:DecodeUtteranceLatticeFaster():decoder-wrappers.cc:375) Log-like per frame for utterance nsc-part2-chn0-spk08482926cnm-029261705 is 1.3231 over 109 frames.
nsc-part2-chn0-spk08482926cnm-029261768 __Sree_Narayana __Upper_Bedok_Road 
LOG (nnet3-latgen-faster[5.5.888~1-d619]:DecodeUtteranceLatticeFaster():decoder-wrappers.cc:375) Log-like per frame for utterance nsc-part2-chn0-spk08482926cnm-029261768 is 1.32204 over 99 frames.
nsc-part2-chn0-spk08482926cnm-029261890 __Cashew_Crescent __Manila_Street near __Seletar_South_Road 
LOG (nnet3-latgen-faster[5.5.888~1-d619]:DecodeUtteranceLatticeFaster():decoder-wrappers.cc:375) Log-like per frame for utterance nsc-part2-chn0-spk08482926cnm-029261890 is 1.37442 over 135 frames.
nsc-part2-chn0-spk08482926cnm-029261893 __Corporation_Road gene ma skiing vault __Hock_Chuan 
LOG (nnet3-latgen-faster[5.5.888~1-d619]:DecodeUtteranceLatticeFaster():decoder-wrappers.cc:375) Log-like per frame for utterance nsc-part2-chn0-spk08482926cnm-029261893 is 1.34986 over 196 frames.
nsc-part2-chn0-spk08592939cnf-029390032 __Marine_Parade fir pose __Geylang_Lorong __Pan_Pacific __Esther_Tan ur sing 
LOG (nnet3-latgen-faster[5.5.888~1-d619]:DecodeUtteranceLatticeFaster():decoder-wrappers.cc:375) Log-like per frame for utterance nsc-part2-chn0-spk08592939cnf-029390032 is 1.48957 over 201 frames.
nsc-part2-chn0-spk08592939cnf-029390045 __Windsor_Park_Hill __Taman_Jurong 
LOG (nnet3-latgen-faster[5.5.888~1-d619]:DecodeUtteranceLatticeFaster():decoder-wrappers.cc:375) Log-like per frame for utterance nsc-part2-chn0-spk08592939cnf-029390045 is 1.36056 over 106 frames.
nsc-part2-chn0-spk08592939cnf-029390115 __Whitchurch_Road __Sims_Way __Bukit_Batok bias __Farrer_Park 
LOG (nnet3-latgen-faster[5.5.888~1-d619]:DecodeUtteranceLatticeFaster():decoder-wrappers.cc:375) Log-like per frame for utterance nsc-part2-chn0-spk08592939cnf-029390115 is 1.37644 over 121 frames.
nsc-part2-chn0-spk08592939cnf-029390144 __Red_Cross came site __Bedok_North __Jalan_Peradun 
LOG (nnet3-latgen-faster[5.5.888~1-d619]:DecodeUtteranceLatticeFaster():decoder-wrappers.cc:375) Log-like per frame for utterance nsc-part2-chn0-spk08592939cnf-029390144 is 1.4723 over 156 frames.
nsc-part2-chn0-spk08592939cnf-029390197 __Walter_Woon __Pasir_Ris_Way __Seletar_North_Lane 
LOG (nnet3-latgen-faster[5.5.888~1-d619]:DecodeUtteranceLatticeFaster():decoder-wrappers.cc:375) Log-like per frame for utterance nsc-part2-chn0-spk08592939cnf-029390197 is 1.33562 over 131 frames.
nsc-part2-chn0-spk08592939cnf-029390207 __Orchid_Park __Court_Road rest ons near __Kampong_Chai_Chee 
LOG (nnet3-latgen-faster[5.5.888~1-d619]:DecodeUtteranceLatticeFaster():decoder-wrappers.cc:375) Log-like per frame for utterance nsc-part2-chn0-spk08592939cnf-029390207 is 1.36757 over 134 frames.
nsc-part2-chn0-spk08592939cnf-029390221 __Seletar_North __Pasir_Ris_Way __Aljunied_Avenue five 
LOG (nnet3-latgen-faster[5.5.888~1-d619]:DecodeUtteranceLatticeFaster():decoder-wrappers.cc:375) Log-like per frame for utterance nsc-part2-chn0-spk08592939cnf-029390221 is 1.25315 over 130 frames.
nsc-part2-chn0-spk08592939cnf-029390269 __Bukit_Timah __Nan_Chiau ease __Kiew_Sian_King __Tan_Boo_Liat __Jalan_Lana 
LOG (nnet3-latgen-faster[5.5.888~1-d619]:DecodeUtteranceLatticeFaster():decoder-wrappers.cc:375) Log-like per frame for utterance nsc-part2-chn0-spk08592939cnf-029390269 is 1.39982 over 167 frames.
nsc-part2-chn0-spk08592939cnf-029390308 __Home_Team_Academy __Greendale_Rise __Jalan_Ulu_Sembawang 
LOG (nnet3-latgen-faster[5.5.888~1-d619]:DecodeUtteranceLatticeFaster():decoder-wrappers.cc:375) Log-like per frame for utterance nsc-part2-chn0-spk08592939cnf-029390308 is 1.48218 over 154 frames.
nsc-part2-chn0-spk08592939cnf-029390411 __Muswell_Hill cos __Kampung_Melayu __Seletar_Club role __Bishan_Point 
LOG (nnet3-latgen-faster[5.5.888~1-d619]:DecodeUtteranceLatticeFaster():decoder-wrappers.cc:375) Log-like per frame for utterance nsc-part2-chn0-spk08592939cnf-029390411 is 1.5722 over 170 frames.
nsc-part2-chn0-spk08592939cnf-029390447 __One_Tree_Hill __Corporation_Road near __Bukit_Batok_Central_Link 
LOG (nnet3-latgen-faster[5.5.888~1-d619]:DecodeUtteranceLatticeFaster():decoder-wrappers.cc:375) Log-like per frame for utterance nsc-part2-chn0-spk08592939cnf-029390447 is 1.48895 over 139 frames.
nsc-part2-chn0-spk08592939cnf-029391497 __Kampong_Eunos lose __Movenpick_Heritage __Jalan_Rajah 
LOG (nnet3-latgen-faster[5.5.888~1-d619]:DecodeUtteranceLatticeFaster():decoder-wrappers.cc:375) Log-like per frame for utterance nsc-part2-chn0-spk08592939cnf-029391497 is 1.44586 over 166 frames.
LOG (apply-cmvn[5.5.888~1-d619]:main():apply-cmvn.cc:81) Copied 112 utterances.
nsc-part2-chn0-spk08592939cnf-029391614 __One_Farrer land mar knew __Bukit_Batok_Central 
LOG (nnet3-latgen-faster[5.5.888~1-d619]:DecodeUtteranceLatticeFaster():decoder-wrappers.cc:375) Log-like per frame for utterance nsc-part2-chn0-spk08592939cnf-029391614 is 1.57014 over 117 frames.
nsc-part2-chn0-spk08592939cnf-029391667 __Tekong_Highway __Bukit_Batok_West_Avenue 
LOG (nnet3-latgen-faster[5.5.888~1-d619]:DecodeUtteranceLatticeFaster():decoder-wrappers.cc:375) Log-like per frame for utterance nsc-part2-chn0-spk08592939cnf-029391667 is 1.39211 over 111 frames.
nsc-part2-chn0-spk08592939cnf-029391697 __Keppel_Bay __Chong_Pang pol ice pose 
LOG (nnet3-latgen-faster[5.5.888~1-d619]:DecodeUtteranceLatticeFaster():decoder-wrappers.cc:375) Log-like per frame for utterance nsc-part2-chn0-spk08592939cnf-029391697 is 1.25565 over 123 frames.
nsc-part2-chn0-spk08592939cnf-029391834 code lief __Wong_Chin_Yoke_Road __Marsiling_Drive 
LOG (nnet3-latgen-faster[5.5.888~1-d619]:DecodeUtteranceLatticeFaster():decoder-wrappers.cc:375) Log-like per frame for utterance nsc-part2-chn0-spk08592939cnf-029391834 is 1.28675 over 118 frames.
nsc-part2-chn0-spk08592939cnf-029391876 __Whampoa_East __Pasir_Ris_Way __Upper_Bukit_Timah_Road 
LOG (nnet3-latgen-faster[5.5.888~1-d619]:DecodeUtteranceLatticeFaster():decoder-wrappers.cc:375) Log-like per frame for utterance nsc-part2-chn0-spk08592939cnf-029391876 is 1.48292 over 108 frames.
LOG (nnet3-latgen-faster[5.5.888~1-d619]:main():nnet3-latgen-faster.cc:256) Time taken 170.44s: real-time factor assuming 100 frames/sec is 0.291994
LOG (nnet3-latgen-faster[5.5.888~1-d619]:main():nnet3-latgen-faster.cc:259) Done 112 utterances, failed for 0
LOG (nnet3-latgen-faster[5.5.888~1-d619]:main():nnet3-latgen-faster.cc:261) Overall log-likelihood per frame is 1.41812 over 19457 frames.
LOG (nnet3-latgen-faster[5.5.888~1-d619]:~CachingOptimizingCompiler():nnet-optimize.cc:710) 0.349 seconds taken in nnet3 compilation total (breakdown: 0.238 compilation, 0.0626 optimization, 0 shortcut expansion, 0.0132 checking, 6.01e-05 computing indexes, 0.0357 misc.) + 0 I/O.
LOG (lattice-scale[5.5.888~1-d619]:main():lattice-scale.cc:107) Done 112 lattices.
# Ended (code 0) at Wed Aug 25 18:56:38 SGT 2021, elapsed time 225 seconds
