# nnet3-latgen-faster --online-ivectors=scp:./ivector/imda-part2/ivector_online.scp --online-ivector-period=10 --frame-subsampling-factor=3 --frames-per-chunk=50 --extra-left-context=0 --extra-right-context=0 --extra-left-context-initial=-1 --extra-right-context-final=-1 --minimize=false --max-active=7000 --min-active=200 --beam=15.0 --lattice-beam=8.0 --acoustic-scale=1.0 --allow-partial=true --word-symbol-table=/home3/ztkyaw/w2021/deliverables/contrast-zin-dev/output/expEX4/graph/words.txt /home3/ztkyaw/w2021/deliverables/contrast-zin-dev/baseline/tdnnf-transfer-sp/final.mdl /home3/ztkyaw/w2021/deliverables/contrast-zin-dev/output/expEX4/graph/HCLG.fst "ark,s,cs:apply-cmvn --norm-means=false --norm-vars=false --utt2spk=ark:./data/imda-part2/mfcc-hires/split10/10/utt2spk scp:./data/imda-part2/mfcc-hires/split10/10/cmvn.scp scp:./data/imda-part2/mfcc-hires/split10/10/feats.scp ark:- |" "ark:|lattice-scale --acoustic-scale=10.0 ark:- ark:- | gzip -c >/home3/ztkyaw/w2021/deliverables/contrast-zin-dev/baseline/tdnnf-transfer-sp/decode_imda-part2_1629888772-hw_lmg/lat.10.gz" 
# Invoked at Wed Aug 25 18:52:53 SGT 2021 from node05
#
# Started at Wed Aug 25 18:53:46 +08 2021 on node09
nnet3-latgen-faster --online-ivectors=scp:./ivector/imda-part2/ivector_online.scp --online-ivector-period=10 --frame-subsampling-factor=3 --frames-per-chunk=50 --extra-left-context=0 --extra-right-context=0 --extra-left-context-initial=-1 --extra-right-context-final=-1 --minimize=false --max-active=7000 --min-active=200 --beam=15.0 --lattice-beam=8.0 --acoustic-scale=1.0 --allow-partial=true --word-symbol-table=/home3/ztkyaw/w2021/deliverables/contrast-zin-dev/output/expEX4/graph/words.txt /home3/ztkyaw/w2021/deliverables/contrast-zin-dev/baseline/tdnnf-transfer-sp/final.mdl /home3/ztkyaw/w2021/deliverables/contrast-zin-dev/output/expEX4/graph/HCLG.fst 'ark,s,cs:apply-cmvn --norm-means=false --norm-vars=false --utt2spk=ark:./data/imda-part2/mfcc-hires/split10/10/utt2spk scp:./data/imda-part2/mfcc-hires/split10/10/cmvn.scp scp:./data/imda-part2/mfcc-hires/split10/10/feats.scp ark:- |' 'ark:|lattice-scale --acoustic-scale=10.0 ark:- ark:- | gzip -c >/home3/ztkyaw/w2021/deliverables/contrast-zin-dev/baseline/tdnnf-transfer-sp/decode_imda-part2_1629888772-hw_lmg/lat.10.gz' 
LOG (nnet3-latgen-faster[5.5.888~1-d619]:RemoveOrphanNodes():nnet-nnet.cc:948) Removed 1 orphan nodes.
LOG (nnet3-latgen-faster[5.5.888~1-d619]:RemoveOrphanComponents():nnet-nnet.cc:847) Removing 2 orphan components.
LOG (nnet3-latgen-faster[5.5.888~1-d619]:Collapse():nnet-utils.cc:1488) Added 1 components, removed 2
lattice-scale --acoustic-scale=10.0 ark:- ark:- 
apply-cmvn --norm-means=false --norm-vars=false --utt2spk=ark:./data/imda-part2/mfcc-hires/split10/10/utt2spk scp:./data/imda-part2/mfcc-hires/split10/10/cmvn.scp scp:./data/imda-part2/mfcc-hires/split10/10/feats.scp ark:- 
LOG (nnet3-latgen-faster[5.5.888~1-d619]:CheckAndFixConfigs():nnet-am-decodable-simple.cc:294) Increasing --frames-per-chunk from 50 to 51 to make it a multiple of --frame-subsampling-factor=3
nsc-part2-chn0-spk10373155inf-031550016 __Holland_Village __Treetop_Walk __Bukit_Batok_West 
LOG (nnet3-latgen-faster[5.5.888~1-d619]:DecodeUtteranceLatticeFaster():decoder-wrappers.cc:375) Log-like per frame for utterance nsc-part2-chn0-spk10373155inf-031550016 is 1.34735 over 159 frames.
nsc-part2-chn0-spk10373155inf-031550173 __Secondary_School __Marina_Bay_Sands __Seletar_Link 
LOG (nnet3-latgen-faster[5.5.888~1-d619]:DecodeUtteranceLatticeFaster():decoder-wrappers.cc:375) Log-like per frame for utterance nsc-part2-chn0-spk10373155inf-031550173 is 1.69942 over 181 frames.
nsc-part2-chn0-spk10373155inf-031550191 please loop __Esther_Tan knew reach __Kampong_Glam 
LOG (nnet3-latgen-faster[5.5.888~1-d619]:DecodeUtteranceLatticeFaster():decoder-wrappers.cc:375) Log-like per frame for utterance nsc-part2-chn0-spk10373155inf-031550191 is 1.27248 over 161 frames.
nsc-part2-chn0-spk10373155inf-031550242 __Beach_Road __Aljunied_Crescent __Sengkang_East_Avenue 
LOG (nnet3-latgen-faster[5.5.888~1-d619]:DecodeUtteranceLatticeFaster():decoder-wrappers.cc:375) Log-like per frame for utterance nsc-part2-chn0-spk10373155inf-031550242 is 1.55436 over 170 frames.
nsc-part2-chn0-spk10373155inf-031550247 __Changi_Business_Park_Vista __Geylang_Methodist_School __Bedok_North 
LOG (nnet3-latgen-faster[5.5.888~1-d619]:DecodeUtteranceLatticeFaster():decoder-wrappers.cc:375) Log-like per frame for utterance nsc-part2-chn0-spk10373155inf-031550247 is 1.61087 over 205 frames.
nsc-part2-chn0-spk10373155inf-031550251 __Toh_Tuck_Road per mon __Jurong_Port 
LOG (nnet3-latgen-faster[5.5.888~1-d619]:DecodeUtteranceLatticeFaster():decoder-wrappers.cc:375) Log-like per frame for utterance nsc-part2-chn0-spk10373155inf-031550251 is 1.38885 over 188 frames.
nsc-part2-chn0-spk10373155inf-031550257 __Canning_Rise birth __Spring_Street 
LOG (nnet3-latgen-faster[5.5.888~1-d619]:DecodeUtteranceLatticeFaster():decoder-wrappers.cc:375) Log-like per frame for utterance nsc-part2-chn0-spk10373155inf-031550257 is 1.4092 over 111 frames.
nsc-part2-chn0-spk10373155inf-031550294 __Seletar_Close fu __Siong_Lim temp __Singapore_Botanic_Gardens 
LOG (nnet3-latgen-faster[5.5.888~1-d619]:DecodeUtteranceLatticeFaster():decoder-wrappers.cc:375) Log-like per frame for utterance nsc-part2-chn0-spk10373155inf-031550294 is 1.41803 over 262 frames.
nsc-part2-chn0-spk10373155inf-031550298 __Changi_Coast __Toa_Payoh __Sembawang_Country_Club 
LOG (nnet3-latgen-faster[5.5.888~1-d619]:DecodeUtteranceLatticeFaster():decoder-wrappers.cc:375) Log-like per frame for utterance nsc-part2-chn0-spk10373155inf-031550298 is 1.27812 over 154 frames.
nsc-part2-chn0-spk10373155inf-031550302 __Wong_Chin_Yoke_Road __Upper_Serangoon __Ava_Road doc __Upper_Bukit_Timah 
LOG (nnet3-latgen-faster[5.5.888~1-d619]:DecodeUtteranceLatticeFaster():decoder-wrappers.cc:375) Log-like per frame for utterance nsc-part2-chn0-spk10373155inf-031550302 is 1.51181 over 204 frames.
nsc-part2-chn0-spk10373155inf-031550384 __Bukit_Batok_East_Avenue __Lorong_Sinaran __Jalan_Siap 
LOG (nnet3-latgen-faster[5.5.888~1-d619]:DecodeUtteranceLatticeFaster():decoder-wrappers.cc:375) Log-like per frame for utterance nsc-part2-chn0-spk10373155inf-031550384 is 1.70227 over 181 frames.
nsc-part2-chn0-spk10373155inf-031550439 __Lichi_Avenue __Bukit_Batok_Avenue_West __Joan_Road 
LOG (nnet3-latgen-faster[5.5.888~1-d619]:DecodeUtteranceLatticeFaster():decoder-wrappers.cc:375) Log-like per frame for utterance nsc-part2-chn0-spk10373155inf-031550439 is 1.55287 over 180 frames.
nsc-part2-chn0-spk10373155inf-031551571 __Lew_Lian_Vale prime scroll __Dinding_Place __Aljunied_Road 
LOG (nnet3-latgen-faster[5.5.888~1-d619]:DecodeUtteranceLatticeFaster():decoder-wrappers.cc:375) Log-like per frame for utterance nsc-part2-chn0-spk10373155inf-031551571 is 1.47838 over 241 frames.
nsc-part2-chn0-spk10373155inf-031551610 __Bukit_Batok_West __Compassvale_Drive __Soon_Wing_Road 
LOG (nnet3-latgen-faster[5.5.888~1-d619]:DecodeUtteranceLatticeFaster():decoder-wrappers.cc:375) Log-like per frame for utterance nsc-part2-chn0-spk10373155inf-031551610 is 1.50097 over 171 frames.
nsc-part2-chn0-spk10373155inf-031551624 __Havelock_Road __Seletar_North __Lin_Tan __Inggu_Road 
LOG (nnet3-latgen-faster[5.5.888~1-d619]:DecodeUtteranceLatticeFaster():decoder-wrappers.cc:375) Log-like per frame for utterance nsc-part2-chn0-spk10373155inf-031551624 is 1.45191 over 171 frames.
nsc-part2-chn0-spk10373155inf-031551750 __Chin_Cheng_Avenue __Marsiling_Road __Saint_Helier'S_Avenue 
LOG (nnet3-latgen-faster[5.5.888~1-d619]:DecodeUtteranceLatticeFaster():decoder-wrappers.cc:375) Log-like per frame for utterance nsc-part2-chn0-spk10373155inf-031551750 is 1.45803 over 209 frames.
nsc-part2-chn0-spk10373155inf-031551761 __Green_Kiwi_Backpacker __Bali_Lane __Bukit_Batok_West_Avenue 
LOG (nnet3-latgen-faster[5.5.888~1-d619]:DecodeUtteranceLatticeFaster():decoder-wrappers.cc:375) Log-like per frame for utterance nsc-part2-chn0-spk10373155inf-031551761 is 1.35825 over 158 frames.
nsc-part2-chn0-spk10393116inm-031160049 __Yew_Tee_Close __Bukit_Timah_Plaza __Strand_Hotel 
LOG (nnet3-latgen-faster[5.5.888~1-d619]:DecodeUtteranceLatticeFaster():decoder-wrappers.cc:375) Log-like per frame for utterance nsc-part2-chn0-spk10393116inm-031160049 is 1.41759 over 185 frames.
nsc-part2-chn0-spk10393116inm-031160099 __Blue_Stars __Seletar_Hills_Drive land mark tour 
LOG (nnet3-latgen-faster[5.5.888~1-d619]:DecodeUtteranceLatticeFaster():decoder-wrappers.cc:375) Log-like per frame for utterance nsc-part2-chn0-spk10393116inm-031160099 is 1.35584 over 142 frames.
nsc-part2-chn0-spk10393116inm-031160121 wait in __Carl_Alexander come back __Aljunied_Neighbourhood pol ice 
LOG (nnet3-latgen-faster[5.5.888~1-d619]:DecodeUtteranceLatticeFaster():decoder-wrappers.cc:375) Log-like per frame for utterance nsc-part2-chn0-spk10393116inm-031160121 is 1.34463 over 144 frames.
nsc-part2-chn0-spk10393116inm-031160164 __One_Farrer __Bishan_Street __Kampong_Kayu_Road 
LOG (nnet3-latgen-faster[5.5.888~1-d619]:DecodeUtteranceLatticeFaster():decoder-wrappers.cc:375) Log-like per frame for utterance nsc-part2-chn0-spk10393116inm-031160164 is 1.21046 over 100 frames.
nsc-part2-chn0-spk10393116inm-031160173 __Jalan_Dua __Sembawang_Country_Club __Hougang_Avenue 
LOG (nnet3-latgen-faster[5.5.888~1-d619]:DecodeUtteranceLatticeFaster():decoder-wrappers.cc:375) Log-like per frame for utterance nsc-part2-chn0-spk10393116inm-031160173 is 1.63786 over 141 frames.
nsc-part2-chn0-spk10393116inm-031160191 please loop for __Tuas_Avenue __Bukit_Batok_Central_Link 
LOG (nnet3-latgen-faster[5.5.888~1-d619]:DecodeUtteranceLatticeFaster():decoder-wrappers.cc:375) Log-like per frame for utterance nsc-part2-chn0-spk10393116inm-031160191 is 1.52479 over 127 frames.
nsc-part2-chn0-spk10393116inm-031160247 __University_Town __Bedok_Reservoir __Yuan_Ching __Jurong_West_Avenue 
LOG (nnet3-latgen-faster[5.5.888~1-d619]:DecodeUtteranceLatticeFaster():decoder-wrappers.cc:375) Log-like per frame for utterance nsc-part2-chn0-spk10393116inm-031160247 is 1.62614 over 127 frames.
nsc-part2-chn0-spk10393116inm-031160375 __How_Sun_Drive __Springleaf_Avenue 
LOG (nnet3-latgen-faster[5.5.888~1-d619]:DecodeUtteranceLatticeFaster():decoder-wrappers.cc:375) Log-like per frame for utterance nsc-part2-chn0-spk10393116inm-031160375 is 1.11573 over 80 frames.
nsc-part2-chn0-spk10393116inm-031160411 __Seletar_Close __Jurong_West __Geylang_Road 
LOG (nnet3-latgen-faster[5.5.888~1-d619]:DecodeUtteranceLatticeFaster():decoder-wrappers.cc:375) Log-like per frame for utterance nsc-part2-chn0-spk10393116inm-031160411 is 1.22078 over 121 frames.
nsc-part2-chn0-spk10393116inm-031160441 mail vet __Seletar_South_Road 
LOG (nnet3-latgen-faster[5.5.888~1-d619]:DecodeUtteranceLatticeFaster():decoder-wrappers.cc:375) Log-like per frame for utterance nsc-part2-chn0-spk10393116inm-031160441 is 1.26082 over 99 frames.
nsc-part2-chn0-spk10393116inm-031161480 __Starlight_Road __Upper_Bedok school __Rosaline_Chan_Pang __Ellice_Handy 
LOG (nnet3-latgen-faster[5.5.888~1-d619]:DecodeUtteranceLatticeFaster():decoder-wrappers.cc:375) Log-like per frame for utterance nsc-part2-chn0-spk10393116inm-031161480 is 1.36466 over 128 frames.
nsc-part2-chn0-spk10393116inm-031161497 __Fullerton_Bay __Singapore_Bible __North_Spring __Secondary_School ge prime 
LOG (nnet3-latgen-faster[5.5.888~1-d619]:DecodeUtteranceLatticeFaster():decoder-wrappers.cc:375) Log-like per frame for utterance nsc-part2-chn0-spk10393116inm-031161497 is 1.3829 over 184 frames.
nsc-part2-chn0-spk10393116inm-031161580 __Hussein_Aljunied __Tan_Eng_Joo __Ang_Mo_Kio __Janet_Lim 
LOG (nnet3-latgen-faster[5.5.888~1-d619]:DecodeUtteranceLatticeFaster():decoder-wrappers.cc:375) Log-like per frame for utterance nsc-part2-chn0-spk10393116inm-031161580 is 1.38625 over 212 frames.
nsc-part2-chn0-spk10393116inm-031161747 po __Cashew_Road __Kampong_Chai_Chee 
LOG (nnet3-latgen-faster[5.5.888~1-d619]:DecodeUtteranceLatticeFaster():decoder-wrappers.cc:375) Log-like per frame for utterance nsc-part2-chn0-spk10393116inm-031161747 is 1.39287 over 126 frames.
nsc-part2-chn0-spk10393116inm-031161761 __Jalan_Manis __Marsiling_Neighbourhood pol ice pose __Methodist_Girls' 
LOG (nnet3-latgen-faster[5.5.888~1-d619]:DecodeUtteranceLatticeFaster():decoder-wrappers.cc:375) Log-like per frame for utterance nsc-part2-chn0-spk10393116inm-031161761 is 1.50066 over 174 frames.
nsc-part2-chn0-spk10393116inm-031161773 __Jalan_Lengkok_Sembawang __Marsiling_Crescent chine __Secondary_School 
LOG (nnet3-latgen-faster[5.5.888~1-d619]:DecodeUtteranceLatticeFaster():decoder-wrappers.cc:375) Log-like per frame for utterance nsc-part2-chn0-spk10393116inm-031161773 is 1.5193 over 176 frames.
nsc-part2-chn0-spk10512441mam-024410020 hood screen __Giant_Spring chi cant chi cant __Hock_Chuan 
LOG (nnet3-latgen-faster[5.5.888~1-d619]:DecodeUtteranceLatticeFaster():decoder-wrappers.cc:375) Log-like per frame for utterance nsc-part2-chn0-spk10512441mam-024410020 is 1.10513 over 205 frames.
nsc-part2-chn0-spk10512441mam-024410032 __Sembawang_Terminal_Avenue __Lim_Lee __Fire_Station 
LOG (nnet3-latgen-faster[5.5.888~1-d619]:DecodeUtteranceLatticeFaster():decoder-wrappers.cc:375) Log-like per frame for utterance nsc-part2-chn0-spk10512441mam-024410032 is 1.23388 over 259 frames.
nsc-part2-chn0-spk10512441mam-024410071 __Pasir_Ris_Way __Upper_Aljunied_Link 
LOG (nnet3-latgen-faster[5.5.888~1-d619]:DecodeUtteranceLatticeFaster():decoder-wrappers.cc:375) Log-like per frame for utterance nsc-part2-chn0-spk10512441mam-024410071 is 1.2983 over 127 frames.
nsc-part2-chn0-spk10512441mam-024410080 __Lorong_Siglap __Kampong_Bugis_Crescent 
LOG (nnet3-latgen-faster[5.5.888~1-d619]:DecodeUtteranceLatticeFaster():decoder-wrappers.cc:375) Log-like per frame for utterance nsc-part2-chn0-spk10512441mam-024410080 is 1.39371 over 196 frames.
nsc-part2-chn0-spk10512441mam-024410100 __Seletar_Court club prompt 
LOG (nnet3-latgen-faster[5.5.888~1-d619]:DecodeUtteranceLatticeFaster():decoder-wrappers.cc:375) Log-like per frame for utterance nsc-part2-chn0-spk10512441mam-024410100 is 1.1428 over 124 frames.
nsc-part2-chn0-spk10512441mam-024410118 __Chinatown_Complex __Trevose_Place __Secondary_School 
LOG (nnet3-latgen-faster[5.5.888~1-d619]:DecodeUtteranceLatticeFaster():decoder-wrappers.cc:375) Log-like per frame for utterance nsc-part2-chn0-spk10512441mam-024410118 is 1.50854 over 182 frames.
nsc-part2-chn0-spk10512441mam-024410162 __National_Arts_Council __Bukit_Batok_East_Avenue __Nanyang_Poly_Drive 
LOG (nnet3-latgen-faster[5.5.888~1-d619]:DecodeUtteranceLatticeFaster():decoder-wrappers.cc:375) Log-like per frame for utterance nsc-part2-chn0-spk10512441mam-024410162 is 1.34903 over 205 frames.
nsc-part2-chn0-spk10512441mam-024410204 __Jalan_Simpang_Bedok 
LOG (nnet3-latgen-faster[5.5.888~1-d619]:DecodeUtteranceLatticeFaster():decoder-wrappers.cc:375) Log-like per frame for utterance nsc-part2-chn0-spk10512441mam-024410204 is 1.35922 over 123 frames.
nsc-part2-chn0-spk10512441mam-024410325 __Geylang_Bahru __Wishart_Road __Methodist_Girls' 
LOG (nnet3-latgen-faster[5.5.888~1-d619]:DecodeUtteranceLatticeFaster():decoder-wrappers.cc:375) Log-like per frame for utterance nsc-part2-chn0-spk10512441mam-024410325 is 1.38941 over 155 frames.
nsc-part2-chn0-spk10512441mam-024410384 __Buangkok_View __Management_Development_Institute_Of_Singapore __Jalan_Ulu_Sembawang 
LOG (nnet3-latgen-faster[5.5.888~1-d619]:DecodeUtteranceLatticeFaster():decoder-wrappers.cc:375) Log-like per frame for utterance nsc-part2-chn0-spk10512441mam-024410384 is 1.52329 over 211 frames.
nsc-part2-chn0-spk10512441mam-024410436 __Claymore_Road 
LOG (nnet3-latgen-faster[5.5.888~1-d619]:DecodeUtteranceLatticeFaster():decoder-wrappers.cc:375) Log-like per frame for utterance nsc-part2-chn0-spk10512441mam-024410436 is 1.29529 over 122 frames.
nsc-part2-chn0-spk10512441mam-024411669 __Seletar_West 
LOG (nnet3-latgen-faster[5.5.888~1-d619]:DecodeUtteranceLatticeFaster():decoder-wrappers.cc:375) Log-like per frame for utterance nsc-part2-chn0-spk10512441mam-024411669 is 1.1532 over 104 frames.
nsc-part2-chn0-spk10512441mam-024411695 __Havelock_Road __Jalan_Lembah_Bedok 
LOG (nnet3-latgen-faster[5.5.888~1-d619]:DecodeUtteranceLatticeFaster():decoder-wrappers.cc:375) Log-like per frame for utterance nsc-part2-chn0-spk10512441mam-024411695 is 1.35873 over 145 frames.
nsc-part2-chn0-spk10512441mam-024411756 __Wan_Tho_Avenue 
LOG (nnet3-latgen-faster[5.5.888~1-d619]:DecodeUtteranceLatticeFaster():decoder-wrappers.cc:375) Log-like per frame for utterance nsc-part2-chn0-spk10512441mam-024411756 is 1.14345 over 186 frames.
nsc-part2-chn0-spk10522435mam-024350080 __Upper_Seletar_Reservoir __Balmoral_Crescent __Sloane_Court_Hotel 
LOG (nnet3-latgen-faster[5.5.888~1-d619]:DecodeUtteranceLatticeFaster():decoder-wrappers.cc:375) Log-like per frame for utterance nsc-part2-chn0-spk10522435mam-024350080 is 1.31842 over 185 frames.
nsc-part2-chn0-spk10522435mam-024350111 __Countryside_View __Bukit_Batok_Central __Plaza_Singapura 
LOG (nnet3-latgen-faster[5.5.888~1-d619]:DecodeUtteranceLatticeFaster():decoder-wrappers.cc:375) Log-like per frame for utterance nsc-part2-chn0-spk10522435mam-024350111 is 1.29398 over 153 frames.
nsc-part2-chn0-spk10522435mam-024350164 __Kampong_Bugis 
LOG (nnet3-latgen-faster[5.5.888~1-d619]:DecodeUtteranceLatticeFaster():decoder-wrappers.cc:375) Log-like per frame for utterance nsc-part2-chn0-spk10522435mam-024350164 is 1.16587 over 103 frames.
nsc-part2-chn0-spk10522435mam-024350181 __Bedok_Lighthouse 
LOG (nnet3-latgen-faster[5.5.888~1-d619]:DecodeUtteranceLatticeFaster():decoder-wrappers.cc:375) Log-like per frame for utterance nsc-part2-chn0-spk10522435mam-024350181 is 1.32165 over 110 frames.
nsc-part2-chn0-spk10522435mam-024350239 __Jalan_Boon_Lay 
LOG (nnet3-latgen-faster[5.5.888~1-d619]:DecodeUtteranceLatticeFaster():decoder-wrappers.cc:375) Log-like per frame for utterance nsc-part2-chn0-spk10522435mam-024350239 is 1.26399 over 94 frames.
nsc-part2-chn0-spk10522435mam-024350268 __Hume_Avenue __Yishun_Central 
LOG (nnet3-latgen-faster[5.5.888~1-d619]:DecodeUtteranceLatticeFaster():decoder-wrappers.cc:375) Log-like per frame for utterance nsc-part2-chn0-spk10522435mam-024350268 is 1.2491 over 184 frames.
nsc-part2-chn0-spk10522435mam-024350297 __Hussein_Aljunied 
LOG (nnet3-latgen-faster[5.5.888~1-d619]:DecodeUtteranceLatticeFaster():decoder-wrappers.cc:375) Log-like per frame for utterance nsc-part2-chn0-spk10522435mam-024350297 is 1.17266 over 166 frames.
nsc-part2-chn0-spk10522435mam-024350302 __Jervois_Hill __Geylang_Bahru_Terrace __Jalan_Gemala 
LOG (nnet3-latgen-faster[5.5.888~1-d619]:DecodeUtteranceLatticeFaster():decoder-wrappers.cc:375) Log-like per frame for utterance nsc-part2-chn0-spk10522435mam-024350302 is 1.40572 over 145 frames.
nsc-part2-chn0-spk10522435mam-024350325 __Safra_Punggol __Jalan_Kampong_Chantek 
LOG (nnet3-latgen-faster[5.5.888~1-d619]:DecodeUtteranceLatticeFaster():decoder-wrappers.cc:375) Log-like per frame for utterance nsc-part2-chn0-spk10522435mam-024350325 is 1.2965 over 181 frames.
nsc-part2-chn0-spk10522435mam-024350400 __Peace_Centre 
LOG (nnet3-latgen-faster[5.5.888~1-d619]:DecodeUtteranceLatticeFaster():decoder-wrappers.cc:375) Log-like per frame for utterance nsc-part2-chn0-spk10522435mam-024350400 is 1.12658 over 160 frames.
nsc-part2-chn0-spk10522435mam-024351472 __Bukit_Timah __Shopping_Centre __Strand_Hotel 
LOG (nnet3-latgen-faster[5.5.888~1-d619]:DecodeUtteranceLatticeFaster():decoder-wrappers.cc:375) Log-like per frame for utterance nsc-part2-chn0-spk10522435mam-024351472 is 1.28577 over 154 frames.
nsc-part2-chn0-spk10522435mam-024351639 __Peace_Centre 
LOG (nnet3-latgen-faster[5.5.888~1-d619]:DecodeUtteranceLatticeFaster():decoder-wrappers.cc:375) Log-like per frame for utterance nsc-part2-chn0-spk10522435mam-024351639 is 1.16382 over 152 frames.
nsc-part2-chn0-spk10522435mam-024351661 
LOG (nnet3-latgen-faster[5.5.888~1-d619]:DecodeUtteranceLatticeFaster():decoder-wrappers.cc:375) Log-like per frame for utterance nsc-part2-chn0-spk10522435mam-024351661 is 1.14991 over 106 frames.
nsc-part2-chn0-spk10522435mam-024351858 
LOG (nnet3-latgen-faster[5.5.888~1-d619]:DecodeUtteranceLatticeFaster():decoder-wrappers.cc:375) Log-like per frame for utterance nsc-part2-chn0-spk10522435mam-024351858 is 1.16302 over 142 frames.
nsc-part2-chn0-spk10672487inm-024870049 __Old_Birdcage_Walk __Seletar_Hill __Hock_Chuan 
LOG (nnet3-latgen-faster[5.5.888~1-d619]:DecodeUtteranceLatticeFaster():decoder-wrappers.cc:375) Log-like per frame for utterance nsc-part2-chn0-spk10672487inm-024870049 is 1.36944 over 185 frames.
nsc-part2-chn0-spk10672487inm-024870100 __West_Spring __Prome_Road 
LOG (nnet3-latgen-faster[5.5.888~1-d619]:DecodeUtteranceLatticeFaster():decoder-wrappers.cc:375) Log-like per frame for utterance nsc-part2-chn0-spk10672487inm-024870100 is 1.15867 over 100 frames.
nsc-part2-chn0-spk10672487inm-024870134 __Selarang_Road __Orchard_Bel_Air __Sembawang_Terminal_Road 
LOG (nnet3-latgen-faster[5.5.888~1-d619]:DecodeUtteranceLatticeFaster():decoder-wrappers.cc:375) Log-like per frame for utterance nsc-part2-chn0-spk10672487inm-024870134 is 1.49119 over 261 frames.
nsc-part2-chn0-spk10672487inm-024870175 __Compassvale_Road 
LOG (nnet3-latgen-faster[5.5.888~1-d619]:DecodeUtteranceLatticeFaster():decoder-wrappers.cc:375) Log-like per frame for utterance nsc-part2-chn0-spk10672487inm-024870175 is 1.23516 over 121 frames.
nsc-part2-chn0-spk10672487inm-024870196 mite __Bedok_Lighthouse 
LOG (nnet3-latgen-faster[5.5.888~1-d619]:DecodeUtteranceLatticeFaster():decoder-wrappers.cc:375) Log-like per frame for utterance nsc-part2-chn0-spk10672487inm-024870196 is 1.17993 over 118 frames.
nsc-part2-chn0-spk10672487inm-024870257 __Kaki_Bukit __Marsiling_Drive 
LOG (nnet3-latgen-faster[5.5.888~1-d619]:DecodeUtteranceLatticeFaster():decoder-wrappers.cc:375) Log-like per frame for utterance nsc-part2-chn0-spk10672487inm-024870257 is 1.21118 over 92 frames.
nsc-part2-chn0-spk10672487inm-024870299 __Aljunied_Neighbourhood pol ice __Jalan_Tepong __Cranborne_Road 
LOG (nnet3-latgen-faster[5.5.888~1-d619]:DecodeUtteranceLatticeFaster():decoder-wrappers.cc:375) Log-like per frame for utterance nsc-part2-chn0-spk10672487inm-024870299 is 1.28578 over 243 frames.
nsc-part2-chn0-spk10672487inm-024870323 __Geylang_Road __Movenpick_Heritage __Upper_Aljunied_Road 
LOG (nnet3-latgen-faster[5.5.888~1-d619]:DecodeUtteranceLatticeFaster():decoder-wrappers.cc:375) Log-like per frame for utterance nsc-part2-chn0-spk10672487inm-024870323 is 1.53045 over 174 frames.
nsc-part2-chn0-spk10672487inm-024870418 __Bukit_Batok_Avenue __Peace_Centre __Gallop_Park 
LOG (nnet3-latgen-faster[5.5.888~1-d619]:DecodeUtteranceLatticeFaster():decoder-wrappers.cc:375) Log-like per frame for utterance nsc-part2-chn0-spk10672487inm-024870418 is 1.22055 over 148 frames.
nsc-part2-chn0-spk10672487inm-024870436 __Old_Choa_Chu_Kang_Road __Greenridge_Crescent 
LOG (nnet3-latgen-faster[5.5.888~1-d619]:DecodeUtteranceLatticeFaster():decoder-wrappers.cc:375) Log-like per frame for utterance nsc-part2-chn0-spk10672487inm-024870436 is 1.29449 over 150 frames.
nsc-part2-chn0-spk10672487inm-024870439 __Dairy_Farm_Crescent __Sembawang_Terminal_Avenue __Wellington_Circle 
LOG (nnet3-latgen-faster[5.5.888~1-d619]:DecodeUtteranceLatticeFaster():decoder-wrappers.cc:375) Log-like per frame for utterance nsc-part2-chn0-spk10672487inm-024870439 is 1.26461 over 192 frames.
nsc-part2-chn0-spk10672487inm-024871584 __Lentor_Way __Lutheran_Road __Bukit_Timah_Link 
LOG (nnet3-latgen-faster[5.5.888~1-d619]:DecodeUtteranceLatticeFaster():decoder-wrappers.cc:375) Log-like per frame for utterance nsc-part2-chn0-spk10672487inm-024871584 is 1.25931 over 124 frames.
nsc-part2-chn0-spk10672487inm-024871773 __Park_Avenue __Seletar_Satellite_Station_Road 
LOG (nnet3-latgen-faster[5.5.888~1-d619]:DecodeUtteranceLatticeFaster():decoder-wrappers.cc:375) Log-like per frame for utterance nsc-part2-chn0-spk10672487inm-024871773 is 1.2246 over 223 frames.
nsc-part2-chn0-spk10672487inm-024871859 __Upper_Seletar_Reservoir __Sennett_Road school 
LOG (nnet3-latgen-faster[5.5.888~1-d619]:DecodeUtteranceLatticeFaster():decoder-wrappers.cc:375) Log-like per frame for utterance nsc-part2-chn0-spk10672487inm-024871859 is 1.21081 over 142 frames.
nsc-part2-chn0-spk10692513inm-025130009 __Geylang_Methodist_School 
LOG (nnet3-latgen-faster[5.5.888~1-d619]:DecodeUtteranceLatticeFaster():decoder-wrappers.cc:375) Log-like per frame for utterance nsc-part2-chn0-spk10692513inm-025130009 is 1.47036 over 127 frames.
nsc-part2-chn0-spk10692513inm-025130049 __Hai_Sing_Crescent __Kampong_Bugis __Teban_Garden 
LOG (nnet3-latgen-faster[5.5.888~1-d619]:DecodeUtteranceLatticeFaster():decoder-wrappers.cc:375) Log-like per frame for utterance nsc-part2-chn0-spk10692513inm-025130049 is 1.37186 over 185 frames.
nsc-part2-chn0-spk10692513inm-025130173 __Jalan_Binjai 
LOG (nnet3-latgen-faster[5.5.888~1-d619]:DecodeUtteranceLatticeFaster():decoder-wrappers.cc:375) Log-like per frame for utterance nsc-part2-chn0-spk10692513inm-025130173 is 1.28544 over 158 frames.
nsc-part2-chn0-spk10692513inm-025130212 __Singapore_Art_Museum __Platina_Road __Sembawang_God_Of_Wealth 
LOG (nnet3-latgen-faster[5.5.888~1-d619]:DecodeUtteranceLatticeFaster():decoder-wrappers.cc:375) Log-like per frame for utterance nsc-part2-chn0-spk10692513inm-025130212 is 1.30034 over 210 frames.
nsc-part2-chn0-spk10692513inm-025130239 __Jalan_Langgar_Bedok 
LOG (nnet3-latgen-faster[5.5.888~1-d619]:DecodeUtteranceLatticeFaster():decoder-wrappers.cc:375) Log-like per frame for utterance nsc-part2-chn0-spk10692513inm-025130239 is 1.52285 over 100 frames.
nsc-part2-chn0-spk10692513inm-025130296 __Hussein_Aljunied 
LOG (nnet3-latgen-faster[5.5.888~1-d619]:DecodeUtteranceLatticeFaster():decoder-wrappers.cc:375) Log-like per frame for utterance nsc-part2-chn0-spk10692513inm-025130296 is 1.36538 over 83 frames.
nsc-part2-chn0-spk10692513inm-025130411 __Kew_Avenue __Bukit_Batok __Sri_Murugan_Hill_Temple 
LOG (nnet3-latgen-faster[5.5.888~1-d619]:DecodeUtteranceLatticeFaster():decoder-wrappers.cc:375) Log-like per frame for utterance nsc-part2-chn0-spk10692513inm-025130411 is 1.2941 over 211 frames.
nsc-part2-chn0-spk10692513inm-025130418 __Sembawang_Country_Club 
LOG (nnet3-latgen-faster[5.5.888~1-d619]:DecodeUtteranceLatticeFaster():decoder-wrappers.cc:375) Log-like per frame for utterance nsc-part2-chn0-spk10692513inm-025130418 is 1.31639 over 157 frames.
nsc-part2-chn0-spk10692513inm-025131461 
LOG (nnet3-latgen-faster[5.5.888~1-d619]:DecodeUtteranceLatticeFaster():decoder-wrappers.cc:375) Log-like per frame for utterance nsc-part2-chn0-spk10692513inm-025131461 is 1.25245 over 106 frames.
nsc-part2-chn0-spk10692513inm-025131547 __National_Neuroscience_Institute_Of_Singapore __Puat_Jit_Buddhist __East_Spring 
LOG (nnet3-latgen-faster[5.5.888~1-d619]:DecodeUtteranceLatticeFaster():decoder-wrappers.cc:375) Log-like per frame for utterance nsc-part2-chn0-spk10692513inm-025131547 is 1.35242 over 219 frames.
nsc-part2-chn0-spk10692513inm-025131592 __Upper_Bukit_Timah 
LOG (nnet3-latgen-faster[5.5.888~1-d619]:DecodeUtteranceLatticeFaster():decoder-wrappers.cc:375) Log-like per frame for utterance nsc-part2-chn0-spk10692513inm-025131592 is 1.24712 over 244 frames.
nsc-part2-chn0-spk10692513inm-025131695 __Kampong_Kapor_Road 
LOG (nnet3-latgen-faster[5.5.888~1-d619]:DecodeUtteranceLatticeFaster():decoder-wrappers.cc:375) Log-like per frame for utterance nsc-part2-chn0-spk10692513inm-025131695 is 1.26994 over 179 frames.
nsc-part2-chn0-spk10692513inm-025131750 __Outram_Park 
LOG (nnet3-latgen-faster[5.5.888~1-d619]:DecodeUtteranceLatticeFaster():decoder-wrappers.cc:375) Log-like per frame for utterance nsc-part2-chn0-spk10692513inm-025131750 is 1.2589 over 130 frames.
nsc-part2-chn0-spk10692513inm-025131882 __Lorong_Buangkok __Seletar_Hills_Drive 
LOG (nnet3-latgen-faster[5.5.888~1-d619]:DecodeUtteranceLatticeFaster():decoder-wrappers.cc:375) Log-like per frame for utterance nsc-part2-chn0-spk10692513inm-025131882 is 1.36439 over 177 frames.
nsc-part2-chn0-spk14443161otm-031610032 __Seletar_North_Lane __Jalan_Kesoma __Ang_Mo_Kio __Jalan_Bena __Happy_Hotel 
LOG (nnet3-latgen-faster[5.5.888~1-d619]:DecodeUtteranceLatticeFaster():decoder-wrappers.cc:375) Log-like per frame for utterance nsc-part2-chn0-spk14443161otm-031610032 is 1.44488 over 200 frames.
nsc-part2-chn0-spk14443161otm-031610046 __Giant_Spring __Ho_Ling __Ang_Mo_Kio 
LOG (nnet3-latgen-faster[5.5.888~1-d619]:DecodeUtteranceLatticeFaster():decoder-wrappers.cc:375) Log-like per frame for utterance nsc-part2-chn0-spk14443161otm-031610046 is 1.37481 over 102 frames.
nsc-part2-chn0-spk14443161otm-031610049 __Marsiling_Rise __Eu_Yee_Ming_Richard school __Bukit_Merah __Sing_Hoe pose __Office_Road 
LOG (nnet3-latgen-faster[5.5.888~1-d619]:DecodeUtteranceLatticeFaster():decoder-wrappers.cc:375) Log-like per frame for utterance nsc-part2-chn0-spk14443161otm-031610049 is 1.46384 over 178 frames.
nsc-part2-chn0-spk14443161otm-031610080 __Ulu_Sembawang __Jurong_East_Avenue __Toa_Payoh __Lorong_Gambas 
LOG (nnet3-latgen-faster[5.5.888~1-d619]:DecodeUtteranceLatticeFaster():decoder-wrappers.cc:375) Log-like per frame for utterance nsc-part2-chn0-spk14443161otm-031610080 is 1.75085 over 153 frames.
nsc-part2-chn0-spk14443161otm-031610100 __Hougang_One __Ocean_Way __Aljunied_Neighbourhood pol ice __Post_Florence_Road 
LOG (nnet3-latgen-faster[5.5.888~1-d619]:DecodeUtteranceLatticeFaster():decoder-wrappers.cc:375) Log-like per frame for utterance nsc-part2-chn0-spk14443161otm-031610100 is 1.50833 over 141 frames.
nsc-part2-chn0-spk14443161otm-031610118 __Science_Park __Bedok_Green pam are school __Australian_International school 
LOG (nnet3-latgen-faster[5.5.888~1-d619]:DecodeUtteranceLatticeFaster():decoder-wrappers.cc:375) Log-like per frame for utterance nsc-part2-chn0-spk14443161otm-031610118 is 1.49465 over 170 frames.
nsc-part2-chn0-spk14443161otm-031610173 __Punggol_Avenue __Tagore_Road __Lim_Chong_Pang __Aljunied_Neighbourhood pol ice pose 
LOG (nnet3-latgen-faster[5.5.888~1-d619]:DecodeUtteranceLatticeFaster():decoder-wrappers.cc:375) Log-like per frame for utterance nsc-part2-chn0-spk14443161otm-031610173 is 1.46725 over 156 frames.
nsc-part2-chn0-spk14443161otm-031610212 __Bukit_Batok_West_Avenue __Arts_Link __Tamarind_Avenue 
LOG (nnet3-latgen-faster[5.5.888~1-d619]:DecodeUtteranceLatticeFaster():decoder-wrappers.cc:375) Log-like per frame for utterance nsc-part2-chn0-spk14443161otm-031610212 is 1.81052 over 148 frames.
nsc-part2-chn0-spk14443161otm-031610228 __Court_Road __Lentor_Way __Geylang_Square 
LOG (nnet3-latgen-faster[5.5.888~1-d619]:DecodeUtteranceLatticeFaster():decoder-wrappers.cc:375) Log-like per frame for utterance nsc-part2-chn0-spk14443161otm-031610228 is 1.5824 over 92 frames.
nsc-part2-chn0-spk14443161otm-031610325 __Chin_Chew_Street __Taman_Bedok __Swiss_Club_Link 
LOG (nnet3-latgen-faster[5.5.888~1-d619]:DecodeUtteranceLatticeFaster():decoder-wrappers.cc:375) Log-like per frame for utterance nsc-part2-chn0-spk14443161otm-031610325 is 1.82636 over 134 frames.
nsc-part2-chn0-spk14443161otm-031610412 __Ping_Yi __Pasir_Ris_Way __Sungei_Bedok 
LOG (nnet3-latgen-faster[5.5.888~1-d619]:DecodeUtteranceLatticeFaster():decoder-wrappers.cc:375) Log-like per frame for utterance nsc-part2-chn0-spk14443161otm-031610412 is 1.35078 over 90 frames.
nsc-part2-chn0-spk14443161otm-031611582 __Boon_Teck_Road __Seletar_North stud health car 
LOG (nnet3-latgen-faster[5.5.888~1-d619]:DecodeUtteranceLatticeFaster():decoder-wrappers.cc:375) Log-like per frame for utterance nsc-part2-chn0-spk14443161otm-031611582 is 1.4659 over 115 frames.
nsc-part2-chn0-spk14443161otm-031611610 __Jalan_Jong __Bukit_Timah pose __Office_Road __Tiong_Poh_Avenue 
LOG (nnet3-latgen-faster[5.5.888~1-d619]:DecodeUtteranceLatticeFaster():decoder-wrappers.cc:375) Log-like per frame for utterance nsc-part2-chn0-spk14443161otm-031611610 is 1.72864 over 127 frames.
nsc-part2-chn0-spk14443161otm-031611716 __Bukit_Batok_East_Avenue __Outram_Park __Oxford_Road 
LOG (nnet3-latgen-faster[5.5.888~1-d619]:DecodeUtteranceLatticeFaster():decoder-wrappers.cc:375) Log-like per frame for utterance nsc-part2-chn0-spk14443161otm-031611716 is 1.48909 over 128 frames.
nsc-part2-chn0-spk14443161otm-031611855 __Jurong_West __Kampong_Arang_Road 
LOG (nnet3-latgen-faster[5.5.888~1-d619]:DecodeUtteranceLatticeFaster():decoder-wrappers.cc:375) Log-like per frame for utterance nsc-part2-chn0-spk14443161otm-031611855 is 1.32126 over 95 frames.
nsc-part2-chn0-spk14443161otm-031611875 __Choon_Guan_Street __Springwood_Close __Ang_Mo_Kio __Kim_Tian_Place 
LOG (nnet3-latgen-faster[5.5.888~1-d619]:DecodeUtteranceLatticeFaster():decoder-wrappers.cc:375) Log-like per frame for utterance nsc-part2-chn0-spk14443161otm-031611875 is 1.31028 over 137 frames.
nsc-part2-chn0-spk14463163inf-031630035 __Hussein_Aljunied __Ang_Peng_Tiam __Chong_You_Fook_Charles 
LOG (nnet3-latgen-faster[5.5.888~1-d619]:DecodeUtteranceLatticeFaster():decoder-wrappers.cc:375) Log-like per frame for utterance nsc-part2-chn0-spk14463163inf-031630035 is 1.34551 over 224 frames.
nsc-part2-chn0-spk14463163inf-031630049 __Jurong_West_Central __Geylang_East_Central __Jalan_Shaer 
LOG (nnet3-latgen-faster[5.5.888~1-d619]:DecodeUtteranceLatticeFaster():decoder-wrappers.cc:375) Log-like per frame for utterance nsc-part2-chn0-spk14463163inf-031630049 is 1.52729 over 205 frames.
nsc-part2-chn0-spk14463163inf-031630118 __Bukit_Timah_Avenue __Paya_Lebar_Place __Yuan_Ching __Secondary_School 
LOG (nnet3-latgen-faster[5.5.888~1-d619]:DecodeUtteranceLatticeFaster():decoder-wrappers.cc:375) Log-like per frame for utterance nsc-part2-chn0-spk14463163inf-031630118 is 1.47883 over 280 frames.
nsc-part2-chn0-spk14463163inf-031630136 __Anthony_Road __Tuas_Avenue __Marsiling_Crescent 
LOG (nnet3-latgen-faster[5.5.888~1-d619]:DecodeUtteranceLatticeFaster():decoder-wrappers.cc:375) Log-like per frame for utterance nsc-part2-chn0-spk14463163inf-031630136 is 1.49173 over 172 frames.
nsc-part2-chn0-spk14463163inf-031630162 __Bukit_Batok_Crescent __Tras_Street __Seletar_Close 
LOG (nnet3-latgen-faster[5.5.888~1-d619]:DecodeUtteranceLatticeFaster():decoder-wrappers.cc:375) Log-like per frame for utterance nsc-part2-chn0-spk14463163inf-031630162 is 1.55393 over 260 frames.
nsc-part2-chn0-spk14463163inf-031630191 __Pasir_Ris loop __Boon_Lay dene reach __Kampong_Kembangan able hood po list pose 
LOG (nnet3-latgen-faster[5.5.888~1-d619]:DecodeUtteranceLatticeFaster():decoder-wrappers.cc:375) Log-like per frame for utterance nsc-part2-chn0-spk14463163inf-031630191 is 1.28289 over 206 frames.
nsc-part2-chn0-spk14463163inf-031630225 __Jalan_Lembah_Bedok 
LOG (nnet3-latgen-faster[5.5.888~1-d619]:DecodeUtteranceLatticeFaster():decoder-wrappers.cc:375) Log-like per frame for utterance nsc-part2-chn0-spk14463163inf-031630225 is 1.72479 over 95 frames.
nsc-part2-chn0-spk14463163inf-031630287 __Ho_Ling __Chai_Chee_Drive rose __Verde_Crescent __East_Spring chi cane fried pomp __Kent_Road 
LOG (nnet3-latgen-faster[5.5.888~1-d619]:DecodeUtteranceLatticeFaster():decoder-wrappers.cc:375) Log-like per frame for utterance nsc-part2-chn0-spk14463163inf-031630287 is 1.20279 over 279 frames.
nsc-part2-chn0-spk14463163inf-031630296 __Sembawang_Tamil_Methodist church 
LOG (nnet3-latgen-faster[5.5.888~1-d619]:DecodeUtteranceLatticeFaster():decoder-wrappers.cc:375) Log-like per frame for utterance nsc-part2-chn0-spk14463163inf-031630296 is 1.36147 over 133 frames.
nsc-part2-chn0-spk14463163inf-031630384 __Taman_Jurong park __Hougang_Avenue six __Changi_East_Drive 
LOG (nnet3-latgen-faster[5.5.888~1-d619]:DecodeUtteranceLatticeFaster():decoder-wrappers.cc:375) Log-like per frame for utterance nsc-part2-chn0-spk14463163inf-031630384 is 1.37219 over 230 frames.
nsc-part2-chn0-spk14463163inf-031630405 __Inderjit_Singh __Foch_Road __Choa_Chu_Kang back prompt __Chinatown_Point pose __Office_Road 
LOG (nnet3-latgen-faster[5.5.888~1-d619]:DecodeUtteranceLatticeFaster():decoder-wrappers.cc:375) Log-like per frame for utterance nsc-part2-chn0-spk14463163inf-031630405 is 1.25504 over 203 frames.
nsc-part2-chn0-spk14463163inf-031631480 __Bukit_Ho_Swee_Link __Bukit_Batok_East __East_Avenue __Ann_Siang_Hill ching prime school 
LOG (nnet3-latgen-faster[5.5.888~1-d619]:DecodeUtteranceLatticeFaster():decoder-wrappers.cc:375) Log-like per frame for utterance nsc-part2-chn0-spk14463163inf-031631480 is 1.37507 over 266 frames.
nsc-part2-chn0-spk14463163inf-031631542 __Bernice_Ong __Hubert_Hill __Lim_Chong_Pang 
LOG (nnet3-latgen-faster[5.5.888~1-d619]:DecodeUtteranceLatticeFaster():decoder-wrappers.cc:375) Log-like per frame for utterance nsc-part2-chn0-spk14463163inf-031631542 is 1.249 over 183 frames.
LOG (apply-cmvn[5.5.888~1-d619]:main():apply-cmvn.cc:81) Copied 122 utterances.
nsc-part2-chn0-spk14463163inf-031631584 __Soon_Wing_Road __Nee_Soon __Upper_Changi_Road __Eng_Kong_Road pole __Avon_Road 
LOG (nnet3-latgen-faster[5.5.888~1-d619]:DecodeUtteranceLatticeFaster():decoder-wrappers.cc:375) Log-like per frame for utterance nsc-part2-chn0-spk14463163inf-031631584 is 1.32825 over 227 frames.
nsc-part2-chn0-spk14463163inf-031631652 __Chan_Chun_Sing __Admiralty_Road __Kampong_Bugis_Crescent 
LOG (nnet3-latgen-faster[5.5.888~1-d619]:DecodeUtteranceLatticeFaster():decoder-wrappers.cc:375) Log-like per frame for utterance nsc-part2-chn0-spk14463163inf-031631652 is 1.36656 over 136 frames.
nsc-part2-chn0-spk14463163inf-031631794 which boss __Chulia_Street __Sembawang_Vista 
LOG (nnet3-latgen-faster[5.5.888~1-d619]:DecodeUtteranceLatticeFaster():decoder-wrappers.cc:375) Log-like per frame for utterance nsc-part2-chn0-spk14463163inf-031631794 is 1.23268 over 135 frames.
nsc-part2-chn0-spk14463163inf-031631875 __Shun_Li nest __Farrer_Park __Seletar_Hills_Drive __One_North_Avenue 
LOG (nnet3-latgen-faster[5.5.888~1-d619]:DecodeUtteranceLatticeFaster():decoder-wrappers.cc:375) Log-like per frame for utterance nsc-part2-chn0-spk14463163inf-031631875 is 1.3298 over 225 frames.
LOG (nnet3-latgen-faster[5.5.888~1-d619]:main():nnet3-latgen-faster.cc:256) Time taken 166.975s: real-time factor assuming 100 frames/sec is 0.279198
LOG (nnet3-latgen-faster[5.5.888~1-d619]:main():nnet3-latgen-faster.cc:259) Done 122 utterances, failed for 0
LOG (nnet3-latgen-faster[5.5.888~1-d619]:main():nnet3-latgen-faster.cc:261) Overall log-likelihood per frame is 1.37574 over 19935 frames.
LOG (nnet3-latgen-faster[5.5.888~1-d619]:~CachingOptimizingCompiler():nnet-optimize.cc:710) 0.334 seconds taken in nnet3 compilation total (breakdown: 0.231 compilation, 0.0606 optimization, 0 shortcut expansion, 0.0119 checking, 6.53e-05 computing indexes, 0.0312 misc.) + 0 I/O.
LOG (lattice-scale[5.5.888~1-d619]:main():lattice-scale.cc:107) Done 122 lattices.
# Ended (code 0) at Wed Aug 25 18:56:35 SGT 2021, elapsed time 222 seconds
