# nnet3-latgen-faster --online-ivectors=scp:./ivector/imda-part2/ivector_online.scp --online-ivector-period=10 --frame-subsampling-factor=3 --frames-per-chunk=50 --extra-left-context=0 --extra-right-context=0 --extra-left-context-initial=-1 --extra-right-context-final=-1 --minimize=false --max-active=7000 --min-active=200 --beam=15.0 --lattice-beam=8.0 --acoustic-scale=1.0 --allow-partial=true --word-symbol-table=/home3/ztkyaw/w2021/deliverables/contrast-zin-dev/output/expEX4/graph/words.txt /home3/ztkyaw/w2021/deliverables/contrast-zin-dev/baseline/tdnnf-transfer-sp/final.mdl /home3/ztkyaw/w2021/deliverables/contrast-zin-dev/output/expEX4/graph/HCLG.fst "ark,s,cs:apply-cmvn --norm-means=false --norm-vars=false --utt2spk=ark:./data/imda-part2/mfcc-hires/split10/4/utt2spk scp:./data/imda-part2/mfcc-hires/split10/4/cmvn.scp scp:./data/imda-part2/mfcc-hires/split10/4/feats.scp ark:- |" "ark:|lattice-scale --acoustic-scale=10.0 ark:- ark:- | gzip -c >/home3/ztkyaw/w2021/deliverables/contrast-zin-dev/baseline/tdnnf-transfer-sp/decode_imda-part2_1629888772-hw_lmg/lat.4.gz" 
# Invoked at Wed Aug 25 18:52:53 SGT 2021 from node05
#
# Started at Wed Aug 25 18:53:47 +08 2021 on node09
nnet3-latgen-faster --online-ivectors=scp:./ivector/imda-part2/ivector_online.scp --online-ivector-period=10 --frame-subsampling-factor=3 --frames-per-chunk=50 --extra-left-context=0 --extra-right-context=0 --extra-left-context-initial=-1 --extra-right-context-final=-1 --minimize=false --max-active=7000 --min-active=200 --beam=15.0 --lattice-beam=8.0 --acoustic-scale=1.0 --allow-partial=true --word-symbol-table=/home3/ztkyaw/w2021/deliverables/contrast-zin-dev/output/expEX4/graph/words.txt /home3/ztkyaw/w2021/deliverables/contrast-zin-dev/baseline/tdnnf-transfer-sp/final.mdl /home3/ztkyaw/w2021/deliverables/contrast-zin-dev/output/expEX4/graph/HCLG.fst 'ark,s,cs:apply-cmvn --norm-means=false --norm-vars=false --utt2spk=ark:./data/imda-part2/mfcc-hires/split10/4/utt2spk scp:./data/imda-part2/mfcc-hires/split10/4/cmvn.scp scp:./data/imda-part2/mfcc-hires/split10/4/feats.scp ark:- |' 'ark:|lattice-scale --acoustic-scale=10.0 ark:- ark:- | gzip -c >/home3/ztkyaw/w2021/deliverables/contrast-zin-dev/baseline/tdnnf-transfer-sp/decode_imda-part2_1629888772-hw_lmg/lat.4.gz' 
LOG (nnet3-latgen-faster[5.5.888~1-d619]:RemoveOrphanNodes():nnet-nnet.cc:948) Removed 1 orphan nodes.
LOG (nnet3-latgen-faster[5.5.888~1-d619]:RemoveOrphanComponents():nnet-nnet.cc:847) Removing 2 orphan components.
LOG (nnet3-latgen-faster[5.5.888~1-d619]:Collapse():nnet-utils.cc:1488) Added 1 components, removed 2
lattice-scale --acoustic-scale=10.0 ark:- ark:- 
apply-cmvn --norm-means=false --norm-vars=false --utt2spk=ark:./data/imda-part2/mfcc-hires/split10/4/utt2spk scp:./data/imda-part2/mfcc-hires/split10/4/cmvn.scp scp:./data/imda-part2/mfcc-hires/split10/4/feats.scp ark:- 
LOG (nnet3-latgen-faster[5.5.888~1-d619]:CheckAndFixConfigs():nnet-am-decodable-simple.cc:294) Increasing --frames-per-chunk from 50 to 51 to make it a multiple of --frame-subsampling-factor=3
nsc-part2-chn0-spk08602941cnf-029410063 __Si_Ling __Pasir_Ris_Way __Bukit_Batok_West __East_Avenue 
LOG (nnet3-latgen-faster[5.5.888~1-d619]:DecodeUtteranceLatticeFaster():decoder-wrappers.cc:375) Log-like per frame for utterance nsc-part2-chn0-spk08602941cnf-029410063 is 1.36656 over 165 frames.
nsc-part2-chn0-spk08602941cnf-029410115 __Whitchurch_Road __Sims_Way __Lorong_Lew_Lian __Geylang_Road 
LOG (nnet3-latgen-faster[5.5.888~1-d619]:DecodeUtteranceLatticeFaster():decoder-wrappers.cc:375) Log-like per frame for utterance nsc-part2-chn0-spk08602941cnf-029410115 is 1.28346 over 142 frames.
nsc-part2-chn0-spk08602941cnf-029410134 __Airline_Road lis __Si_Ling __Kampong_Bahru 
LOG (nnet3-latgen-faster[5.5.888~1-d619]:DecodeUtteranceLatticeFaster():decoder-wrappers.cc:375) Log-like per frame for utterance nsc-part2-chn0-spk08602941cnf-029410134 is 1.25844 over 193 frames.
nsc-part2-chn0-spk08602941cnf-029410162 __Tanglin_Gate_Road __Nanyang_Valley __Simpang_Bedok __Boarding_House 
LOG (nnet3-latgen-faster[5.5.888~1-d619]:DecodeUtteranceLatticeFaster():decoder-wrappers.cc:375) Log-like per frame for utterance nsc-part2-chn0-spk08602941cnf-029410162 is 1.60131 over 224 frames.
nsc-part2-chn0-spk08602941cnf-029410166 __One_Farrer land mark near __Aljunied_Neighbourhood po list post 
LOG (nnet3-latgen-faster[5.5.888~1-d619]:DecodeUtteranceLatticeFaster():decoder-wrappers.cc:375) Log-like per frame for utterance nsc-part2-chn0-spk08602941cnf-029410166 is 1.52647 over 165 frames.
nsc-part2-chn0-spk08602941cnf-029410178 __Blue_Stars bes rote rise __East_Spring __Drake_Lane __Hock_Chuan fine 
LOG (nnet3-latgen-faster[5.5.888~1-d619]:DecodeUtteranceLatticeFaster():decoder-wrappers.cc:375) Log-like per frame for utterance nsc-part2-chn0-spk08602941cnf-029410178 is 1.1227 over 173 frames.
nsc-part2-chn0-spk08602941cnf-029410197 __Whampoa_East __Pasir_Ris_Way __Seletar_Hill 
LOG (nnet3-latgen-faster[5.5.888~1-d619]:DecodeUtteranceLatticeFaster():decoder-wrappers.cc:375) Log-like per frame for utterance nsc-part2-chn0-spk08602941cnf-029410197 is 1.17165 over 110 frames.
nsc-part2-chn0-spk08602941cnf-029410268 __Sembawang_Avenue __Kuang_Chee_Tng __Stadium_Crescent __How_Sun_Road __Ang_Mo_Kio 
LOG (nnet3-latgen-faster[5.5.888~1-d619]:DecodeUtteranceLatticeFaster():decoder-wrappers.cc:375) Log-like per frame for utterance nsc-part2-chn0-spk08602941cnf-029410268 is 1.21521 over 210 frames.
nsc-part2-chn0-spk08602941cnf-029410401 please __Teck_Whye __Hougang_One __Seletar_South_Road 
LOG (nnet3-latgen-faster[5.5.888~1-d619]:DecodeUtteranceLatticeFaster():decoder-wrappers.cc:375) Log-like per frame for utterance nsc-part2-chn0-spk08602941cnf-029410401 is 1.11572 over 145 frames.
nsc-part2-chn0-spk08602941cnf-029410415 __Sree_Narayana miss home port __Si_Ling __Bukit_Timah_Link __Dairy_Farm __Sims_Way ta know lit __Yishun_Central 
LOG (nnet3-latgen-faster[5.5.888~1-d619]:DecodeUtteranceLatticeFaster():decoder-wrappers.cc:375) Log-like per frame for utterance nsc-part2-chn0-spk08602941cnf-029410415 is 1.27648 over 331 frames.
nsc-part2-chn0-spk08602941cnf-029410418 __Jalan_Puteri __Jula_Juli __Kampong_Bukit_Coffee __Chin_Swee __Seletar_East __Avon_Road 
LOG (nnet3-latgen-faster[5.5.888~1-d619]:DecodeUtteranceLatticeFaster():decoder-wrappers.cc:375) Log-like per frame for utterance nsc-part2-chn0-spk08602941cnf-029410418 is 1.47055 over 277 frames.
nsc-part2-chn0-spk08602941cnf-029411607 __Wareham_Road __Seletar_Club_Road 
LOG (nnet3-latgen-faster[5.5.888~1-d619]:DecodeUtteranceLatticeFaster():decoder-wrappers.cc:375) Log-like per frame for utterance nsc-part2-chn0-spk08602941cnf-029411607 is 1.42238 over 99 frames.
nsc-part2-chn0-spk08602941cnf-029411690 __Sunset_Vale __Jalan_Limbok __Bedok_North __Anchorvale_Street 
LOG (nnet3-latgen-faster[5.5.888~1-d619]:DecodeUtteranceLatticeFaster():decoder-wrappers.cc:375) Log-like per frame for utterance nsc-part2-chn0-spk08602941cnf-029411690 is 1.62918 over 219 frames.
nsc-part2-chn0-spk08602941cnf-029411759 __Hong_San __Ocean_Way __Bukit_Batok_Street __Holland_Hill 
LOG (nnet3-latgen-faster[5.5.888~1-d619]:DecodeUtteranceLatticeFaster():decoder-wrappers.cc:375) Log-like per frame for utterance nsc-part2-chn0-spk08602941cnf-029411759 is 1.42473 over 142 frames.
nsc-part2-chn0-spk08602941cnf-029411761 __Park_Avenue switch __River_Valley __Jalan_Limau_Bali __Kampong_Bugis_Crescent 
LOG (nnet3-latgen-faster[5.5.888~1-d619]:DecodeUtteranceLatticeFaster():decoder-wrappers.cc:375) Log-like per frame for utterance nsc-part2-chn0-spk08602941cnf-029411761 is 1.44587 over 260 frames.
nsc-part2-chn0-spk08602941cnf-029411855 __Dock_Road_West __Chong_Pang __Aljunied_Neighbourhood po list pose 
LOG (nnet3-latgen-faster[5.5.888~1-d619]:DecodeUtteranceLatticeFaster():decoder-wrappers.cc:375) Log-like per frame for utterance nsc-part2-chn0-spk08602941cnf-029411855 is 1.19573 over 156 frames.
nsc-part2-chn0-spk08612942cnf-029420009 __Hougang_One __Kew_Walk __Aljunied_Avenue 
LOG (nnet3-latgen-faster[5.5.888~1-d619]:DecodeUtteranceLatticeFaster():decoder-wrappers.cc:375) Log-like per frame for utterance nsc-part2-chn0-spk08612942cnf-029420009 is 1.26494 over 137 frames.
nsc-part2-chn0-spk08612942cnf-029420024 birth __Nexus_International_School __Kampong_Bukit_Coffee __Chin_Swee __Leng_Chai_Chee __Si_Ling __Secondary_School 
LOG (nnet3-latgen-faster[5.5.888~1-d619]:DecodeUtteranceLatticeFaster():decoder-wrappers.cc:375) Log-like per frame for utterance nsc-part2-chn0-spk08612942cnf-029420024 is 1.2871 over 297 frames.
nsc-part2-chn0-spk08612942cnf-029420087 __Lorong_Kembang __Blue_Cross __Thong_Kheng __Ho_Ling __Taman_Jurong 
LOG (nnet3-latgen-faster[5.5.888~1-d619]:DecodeUtteranceLatticeFaster():decoder-wrappers.cc:375) Log-like per frame for utterance nsc-part2-chn0-spk08612942cnf-029420087 is 1.39175 over 225 frames.
nsc-part2-chn0-spk08612942cnf-029420100 __Hong_San __Ocean_Way __Seletar_North_Lane __One_Tree_Hill 
LOG (nnet3-latgen-faster[5.5.888~1-d619]:DecodeUtteranceLatticeFaster():decoder-wrappers.cc:375) Log-like per frame for utterance nsc-part2-chn0-spk08612942cnf-029420100 is 1.18708 over 154 frames.
nsc-part2-chn0-spk08612942cnf-029420150 __Ho_Ling nese date jet __Chong_Pang able po list pose bite 
LOG (nnet3-latgen-faster[5.5.888~1-d619]:DecodeUtteranceLatticeFaster():decoder-wrappers.cc:375) Log-like per frame for utterance nsc-part2-chn0-spk08612942cnf-029420150 is 1.11314 over 197 frames.
nsc-part2-chn0-spk08612942cnf-029420164 __Bukit_Mugliston __Bukit_Batok_Crescent 
LOG (nnet3-latgen-faster[5.5.888~1-d619]:DecodeUtteranceLatticeFaster():decoder-wrappers.cc:375) Log-like per frame for utterance nsc-part2-chn0-spk08612942cnf-029420164 is 1.49889 over 115 frames.
nsc-part2-chn0-spk08612942cnf-029420188 __How_Sun_Drive __Bedok_Green prime school 
LOG (nnet3-latgen-faster[5.5.888~1-d619]:DecodeUtteranceLatticeFaster():decoder-wrappers.cc:375) Log-like per frame for utterance nsc-part2-chn0-spk08612942cnf-029420188 is 1.2849 over 115 frames.
nsc-part2-chn0-spk08612942cnf-029420207 done __Foch_Road __Safra_Jurong near __Geylang_East_Avenue 
LOG (nnet3-latgen-faster[5.5.888~1-d619]:DecodeUtteranceLatticeFaster():decoder-wrappers.cc:375) Log-like per frame for utterance nsc-part2-chn0-spk08612942cnf-029420207 is 1.28375 over 156 frames.
nsc-part2-chn0-spk08612942cnf-029420220 mi ting __Douglas_Hamilton __Bukit_Timah __Shopping_Centre 
LOG (nnet3-latgen-faster[5.5.888~1-d619]:DecodeUtteranceLatticeFaster():decoder-wrappers.cc:375) Log-like per frame for utterance nsc-part2-chn0-spk08612942cnf-029420220 is 1.34205 over 173 frames.
nsc-part2-chn0-spk08612942cnf-029420247 __Gul_Street __Ang_Mo_Kio bub lip __Elias_Green __Sembawang_Terminal_Road 
LOG (nnet3-latgen-faster[5.5.888~1-d619]:DecodeUtteranceLatticeFaster():decoder-wrappers.cc:375) Log-like per frame for utterance nsc-part2-chn0-spk08612942cnf-029420247 is 1.43143 over 184 frames.
nsc-part2-chn0-spk08612942cnf-029420326 __Seletar_North_Lane 
LOG (nnet3-latgen-faster[5.5.888~1-d619]:DecodeUtteranceLatticeFaster():decoder-wrappers.cc:375) Log-like per frame for utterance nsc-part2-chn0-spk08612942cnf-029420326 is 1.2893 over 97 frames.
nsc-part2-chn0-spk08612942cnf-029420351 __Canning_Rise __Kenya_Crescent near 
LOG (nnet3-latgen-faster[5.5.888~1-d619]:DecodeUtteranceLatticeFaster():decoder-wrappers.cc:375) Log-like per frame for utterance nsc-part2-chn0-spk08612942cnf-029420351 is 1.14171 over 124 frames.
nsc-part2-chn0-spk08612942cnf-029420385 __Jalan_Manis near __Bedok_View __Secondary_School 
LOG (nnet3-latgen-faster[5.5.888~1-d619]:DecodeUtteranceLatticeFaster():decoder-wrappers.cc:375) Log-like per frame for utterance nsc-part2-chn0-spk08612942cnf-029420385 is 1.52975 over 143 frames.
nsc-part2-chn0-spk08612942cnf-029421596 __Jalan_Sabit __Seletar_North_Lane 
LOG (nnet3-latgen-faster[5.5.888~1-d619]:DecodeUtteranceLatticeFaster():decoder-wrappers.cc:375) Log-like per frame for utterance nsc-part2-chn0-spk08612942cnf-029421596 is 1.20232 over 119 frames.
nsc-part2-chn0-spk08612942cnf-029421655 __Esther_Tan full court __Hock_Chuan sear __Bedok_View __Secondary_School 
LOG (nnet3-latgen-faster[5.5.888~1-d619]:DecodeUtteranceLatticeFaster():decoder-wrappers.cc:375) Log-like per frame for utterance nsc-part2-chn0-spk08612942cnf-029421655 is 1.26681 over 187 frames.
nsc-part2-chn0-spk08672945cnf-029450092 __Inderjit_Singh sleeve land __Jalan_Kampong_Chantek first 
LOG (nnet3-latgen-faster[5.5.888~1-d619]:DecodeUtteranceLatticeFaster():decoder-wrappers.cc:375) Log-like per frame for utterance nsc-part2-chn0-spk08672945cnf-029450092 is 1.35082 over 189 frames.
nsc-part2-chn0-spk08672945cnf-029450176 __Anchorvale_Drive __Taman_Kembangan __Upper_Bedok get 
LOG (nnet3-latgen-faster[5.5.888~1-d619]:DecodeUtteranceLatticeFaster():decoder-wrappers.cc:375) Log-like per frame for utterance nsc-part2-chn0-spk08672945cnf-029450176 is 1.6089 over 171 frames.
nsc-part2-chn0-spk08672945cnf-029450227 __Rahim_Omar __Hussein_Aljunied __Ang_Mo_Kio __Rahayu_Mahzam 
LOG (nnet3-latgen-faster[5.5.888~1-d619]:DecodeUtteranceLatticeFaster():decoder-wrappers.cc:375) Log-like per frame for utterance nsc-part2-chn0-spk08672945cnf-029450227 is 1.40254 over 180 frames.
nsc-part2-chn0-spk08672945cnf-029450250 __Hong_San __Sing_Joo_Walk __Seletar_Link 
LOG (nnet3-latgen-faster[5.5.888~1-d619]:DecodeUtteranceLatticeFaster():decoder-wrappers.cc:375) Log-like per frame for utterance nsc-part2-chn0-spk08672945cnf-029450250 is 1.43705 over 132 frames.
nsc-part2-chn0-spk08672945cnf-029450294 __Woodland_Street rack __Cashew_Crescent __Sembawang_Country_Club 
LOG (nnet3-latgen-faster[5.5.888~1-d619]:DecodeUtteranceLatticeFaster():decoder-wrappers.cc:375) Log-like per frame for utterance nsc-part2-chn0-spk08672945cnf-029450294 is 1.43182 over 177 frames.
nsc-part2-chn0-spk08672945cnf-029450308 __Tan_Eng_Joo __Vigilante_Drive __Geylang_Serai __Eunos_Avenue 
LOG (nnet3-latgen-faster[5.5.888~1-d619]:DecodeUtteranceLatticeFaster():decoder-wrappers.cc:375) Log-like per frame for utterance nsc-part2-chn0-spk08672945cnf-029450308 is 1.57619 over 173 frames.
nsc-part2-chn0-spk08672945cnf-029450311 __Hong_San __Ocean_Way __Bukit_Batok_East_Avenue __Prome_Road 
LOG (nnet3-latgen-faster[5.5.888~1-d619]:DecodeUtteranceLatticeFaster():decoder-wrappers.cc:375) Log-like per frame for utterance nsc-part2-chn0-spk08672945cnf-029450311 is 1.41653 over 141 frames.
nsc-part2-chn0-spk08672945cnf-029450313 __Hillview_Avenue __River_Safari __Chinatown_Point __Lorong_Pasu __Telok_Kurau 
LOG (nnet3-latgen-faster[5.5.888~1-d619]:DecodeUtteranceLatticeFaster():decoder-wrappers.cc:375) Log-like per frame for utterance nsc-part2-chn0-spk08672945cnf-029450313 is 1.44132 over 221 frames.
nsc-part2-chn0-spk08672945cnf-029450352 __Sengkang_East_Way __Bedok_Green prime school 
LOG (nnet3-latgen-faster[5.5.888~1-d619]:DecodeUtteranceLatticeFaster():decoder-wrappers.cc:375) Log-like per frame for utterance nsc-part2-chn0-spk08672945cnf-029450352 is 1.34525 over 115 frames.
nsc-part2-chn0-spk08672945cnf-029450407 __Lentor_Way __Bedok_South 
LOG (nnet3-latgen-faster[5.5.888~1-d619]:DecodeUtteranceLatticeFaster():decoder-wrappers.cc:375) Log-like per frame for utterance nsc-part2-chn0-spk08672945cnf-029450407 is 1.36256 over 93 frames.
nsc-part2-chn0-spk08672945cnf-029450418 __Waringin_Walk __Lengkok_Lima na __Kampong_Sireh 
LOG (nnet3-latgen-faster[5.5.888~1-d619]:DecodeUtteranceLatticeFaster():decoder-wrappers.cc:375) Log-like per frame for utterance nsc-part2-chn0-spk08672945cnf-029450418 is 1.61997 over 166 frames.
nsc-part2-chn0-spk08672945cnf-029450439 __Bukit_Timah __Seletar_Club __Newton_Cirus __Empress_Road 
LOG (nnet3-latgen-faster[5.5.888~1-d619]:DecodeUtteranceLatticeFaster():decoder-wrappers.cc:375) Log-like per frame for utterance nsc-part2-chn0-spk08672945cnf-029450439 is 1.313 over 154 frames.
nsc-part2-chn0-spk08672945cnf-029451493 __Waseda_Shibuya should stake __Sembawang_Avenue 
LOG (nnet3-latgen-faster[5.5.888~1-d619]:DecodeUtteranceLatticeFaster():decoder-wrappers.cc:375) Log-like per frame for utterance nsc-part2-chn0-spk08672945cnf-029451493 is 1.23258 over 106 frames.
nsc-part2-chn0-spk08672945cnf-029451511 __Ping_Yi __Pasir_Ris_Way __Chong_Pang nable shoot po lick pose 
LOG (nnet3-latgen-faster[5.5.888~1-d619]:DecodeUtteranceLatticeFaster():decoder-wrappers.cc:375) Log-like per frame for utterance nsc-part2-chn0-spk08672945cnf-029451511 is 1.37858 over 135 frames.
nsc-part2-chn0-spk08672945cnf-029451559 __Jalan_Minggu self bank __Bedok_Reservoir 
LOG (nnet3-latgen-faster[5.5.888~1-d619]:DecodeUtteranceLatticeFaster():decoder-wrappers.cc:375) Log-like per frame for utterance nsc-part2-chn0-spk08672945cnf-029451559 is 1.44439 over 125 frames.
nsc-part2-chn0-spk08672945cnf-029451624 __Cuscaden_Walk __Kent_Ridge_Crescent __Bedok_Lighthouse 
LOG (nnet3-latgen-faster[5.5.888~1-d619]:DecodeUtteranceLatticeFaster():decoder-wrappers.cc:375) Log-like per frame for utterance nsc-part2-chn0-spk08672945cnf-029451624 is 1.56358 over 137 frames.
nsc-part2-chn0-spk08713162inf-031620030 __Kampong_Kembangan able please pose 
LOG (nnet3-latgen-faster[5.5.888~1-d619]:DecodeUtteranceLatticeFaster():decoder-wrappers.cc:375) Log-like per frame for utterance nsc-part2-chn0-spk08713162inf-031620030 is 1.29081 over 157 frames.
nsc-part2-chn0-spk08713162inf-031620049 __Faber_Walk __Seletar_Court __Bukit_Batok_East 
LOG (nnet3-latgen-faster[5.5.888~1-d619]:DecodeUtteranceLatticeFaster():decoder-wrappers.cc:375) Log-like per frame for utterance nsc-part2-chn0-spk08713162inf-031620049 is 1.49979 over 175 frames.
nsc-part2-chn0-spk08713162inf-031620080 __Bedok_View __Secondary_School __Mayflower_Way __Ubi_Crescent 
LOG (nnet3-latgen-faster[5.5.888~1-d619]:DecodeUtteranceLatticeFaster():decoder-wrappers.cc:375) Log-like per frame for utterance nsc-part2-chn0-spk08713162inf-031620080 is 1.56122 over 185 frames.
nsc-part2-chn0-spk08713162inf-031620118 __Pasir_Ris role __Oxford_Road __Geylang_East_Central 
LOG (nnet3-latgen-faster[5.5.888~1-d619]:DecodeUtteranceLatticeFaster():decoder-wrappers.cc:375) Log-like per frame for utterance nsc-part2-chn0-spk08713162inf-031620118 is 1.74099 over 163 frames.
nsc-part2-chn0-spk08713162inf-031620173 __Tan_Tock_Seng __Hospital_Avenue __Fulton_Avenue __Toa_Payoh __Sakra_Road 
LOG (nnet3-latgen-faster[5.5.888~1-d619]:DecodeUtteranceLatticeFaster():decoder-wrappers.cc:375) Log-like per frame for utterance nsc-part2-chn0-spk08713162inf-031620173 is 1.28258 over 177 frames.
nsc-part2-chn0-spk08713162inf-031620269 __Sembawang_Avenue __Kampong_Chai_Chee __Tiverton_Lane 
LOG (nnet3-latgen-faster[5.5.888~1-d619]:DecodeUtteranceLatticeFaster():decoder-wrappers.cc:375) Log-like per frame for utterance nsc-part2-chn0-spk08713162inf-031620269 is 1.47911 over 181 frames.
nsc-part2-chn0-spk08713162inf-031620433 __Upper_Bukit_Timah_Road __Larkhill_Road __Chai_Chee_Street 
LOG (nnet3-latgen-faster[5.5.888~1-d619]:DecodeUtteranceLatticeFaster():decoder-wrappers.cc:375) Log-like per frame for utterance nsc-part2-chn0-spk08713162inf-031620433 is 1.37707 over 146 frames.
nsc-part2-chn0-spk08713162inf-031621528 __Bukit_Ho_Swee_Link __Upper_Bedok_Road mon diary lot 
LOG (nnet3-latgen-faster[5.5.888~1-d619]:DecodeUtteranceLatticeFaster():decoder-wrappers.cc:375) Log-like per frame for utterance nsc-part2-chn0-spk08713162inf-031621528 is 1.39376 over 176 frames.
nsc-part2-chn0-spk08713162inf-031621547 __Tai_Hoe __Hubert_Hill __North_Spring prime scho end shor house 
LOG (nnet3-latgen-faster[5.5.888~1-d619]:DecodeUtteranceLatticeFaster():decoder-wrappers.cc:375) Log-like per frame for utterance nsc-part2-chn0-spk08713162inf-031621547 is 1.22008 over 175 frames.
nsc-part2-chn0-spk08713162inf-031621592 __Jalan_Shaer __Marsiling_Neighbourhood po list pose __Lin_Tan __Tai_Hoe 
LOG (nnet3-latgen-faster[5.5.888~1-d619]:DecodeUtteranceLatticeFaster():decoder-wrappers.cc:375) Log-like per frame for utterance nsc-part2-chn0-spk08713162inf-031621592 is 1.44149 over 207 frames.
nsc-part2-chn0-spk08713162inf-031621660 __Hong_Kah __Secondary_School __Sungei_Bedok port __Toa_Payoh 
LOG (nnet3-latgen-faster[5.5.888~1-d619]:DecodeUtteranceLatticeFaster():decoder-wrappers.cc:375) Log-like per frame for utterance nsc-part2-chn0-spk08713162inf-031621660 is 1.46358 over 159 frames.
nsc-part2-chn0-spk08713162inf-031621706 __Jurong_West fire __Post_Florence_Road __Seletar_Hills_Drive 
LOG (nnet3-latgen-faster[5.5.888~1-d619]:DecodeUtteranceLatticeFaster():decoder-wrappers.cc:375) Log-like per frame for utterance nsc-part2-chn0-spk08713162inf-031621706 is 1.46085 over 168 frames.
nsc-part2-chn0-spk08713162inf-031621716 __Lorong_Batawi __Taman_Jurong __Shopping_Centre __Ava_Road __Kian_Teck_Road 
LOG (nnet3-latgen-faster[5.5.888~1-d619]:DecodeUtteranceLatticeFaster():decoder-wrappers.cc:375) Log-like per frame for utterance nsc-part2-chn0-spk08713162inf-031621716 is 1.49154 over 209 frames.
nsc-part2-chn0-spk08713162inf-031621834 __Middlesex_Road ralph __Ang_Mo_Kio_Street __Kampung_Glam 
LOG (nnet3-latgen-faster[5.5.888~1-d619]:DecodeUtteranceLatticeFaster():decoder-wrappers.cc:375) Log-like per frame for utterance nsc-part2-chn0-spk08713162inf-031621834 is 1.20112 over 123 frames.
nsc-part2-chn0-spk08713162inf-031621860 __Sin_Ming __Pasir_Ris_Way __Jalan_Lembah_Bedok 
LOG (nnet3-latgen-faster[5.5.888~1-d619]:DecodeUtteranceLatticeFaster():decoder-wrappers.cc:375) Log-like per frame for utterance nsc-part2-chn0-spk08713162inf-031621860 is 1.5938 over 120 frames.
nsc-part2-chn0-spk08713162inf-031621893 __Geylang_United __Tan_Boo_Liat __Sing_Hoe __Hock_Chuan __Prinsep_Street __Fire_Station church 
LOG (nnet3-latgen-faster[5.5.888~1-d619]:DecodeUtteranceLatticeFaster():decoder-wrappers.cc:375) Log-like per frame for utterance nsc-part2-chn0-spk08713162inf-031621893 is 1.40133 over 232 frames.
nsc-part2-chn0-spk08862963cnf-029630080 __Peck_Seah_Street __Holland_Village __Shopping_Centre __Bedok_South 
LOG (nnet3-latgen-faster[5.5.888~1-d619]:DecodeUtteranceLatticeFaster():decoder-wrappers.cc:375) Log-like per frame for utterance nsc-part2-chn0-spk08862963cnf-029630080 is 1.51161 over 197 frames.
nsc-part2-chn0-spk08862963cnf-029630087 __Hougang_One state gene __Dimensions_International cole age __Happy_Hotel __West_Spring 
LOG (nnet3-latgen-faster[5.5.888~1-d619]:DecodeUtteranceLatticeFaster():decoder-wrappers.cc:375) Log-like per frame for utterance nsc-part2-chn0-spk08862963cnf-029630087 is 1.47945 over 269 frames.
nsc-part2-chn0-spk08862963cnf-029630170 __Ellice_Handy __Robin_Tessensohn phone __Hussein_Aljunied 
LOG (nnet3-latgen-faster[5.5.888~1-d619]:DecodeUtteranceLatticeFaster():decoder-wrappers.cc:375) Log-like per frame for utterance nsc-part2-chn0-spk08862963cnf-029630170 is 1.52266 over 193 frames.
nsc-part2-chn0-spk08862963cnf-029630173 __Moriah_Bible_Presby church __Telok_Blangah_Crescent __Upper_Seletar_Reservoir 
LOG (nnet3-latgen-faster[5.5.888~1-d619]:DecodeUtteranceLatticeFaster():decoder-wrappers.cc:375) Log-like per frame for utterance nsc-part2-chn0-spk08862963cnf-029630173 is 1.59964 over 244 frames.
nsc-part2-chn0-spk08862963cnf-029630176 __Gateway_Avenue __Kampong_Ampat __Upper_Serangoon 
LOG (nnet3-latgen-faster[5.5.888~1-d619]:DecodeUtteranceLatticeFaster():decoder-wrappers.cc:375) Log-like per frame for utterance nsc-part2-chn0-spk08862963cnf-029630176 is 1.59873 over 156 frames.
nsc-part2-chn0-spk08862963cnf-029630201 __Shun_Li __Lentor_Way __Kampong_Sungai_Tiga __Chinese_Garden 
LOG (nnet3-latgen-faster[5.5.888~1-d619]:DecodeUtteranceLatticeFaster():decoder-wrappers.cc:375) Log-like per frame for utterance nsc-part2-chn0-spk08862963cnf-029630201 is 1.26663 over 159 frames.
nsc-part2-chn0-spk08862963cnf-029630213 __Carisbrooke_Grove mote __Teban_Garden __Chinatown_Point 
LOG (nnet3-latgen-faster[5.5.888~1-d619]:DecodeUtteranceLatticeFaster():decoder-wrappers.cc:375) Log-like per frame for utterance nsc-part2-chn0-spk08862963cnf-029630213 is 1.0878 over 152 frames.
nsc-part2-chn0-spk08862963cnf-029630238 __Rochor_Road priest __East_Spring chi cant port __Depot_Walk __Anchorvale_Drive to full cha scape 
LOG (nnet3-latgen-faster[5.5.888~1-d619]:DecodeUtteranceLatticeFaster():decoder-wrappers.cc:375) Log-like per frame for utterance nsc-part2-chn0-spk08862963cnf-029630238 is 1.19359 over 213 frames.
nsc-part2-chn0-spk08862963cnf-029630251 __Marina_One prime __Sembawang_Hills_Drive __Woodgrove_View 
LOG (nnet3-latgen-faster[5.5.888~1-d619]:DecodeUtteranceLatticeFaster():decoder-wrappers.cc:375) Log-like per frame for utterance nsc-part2-chn0-spk08862963cnf-029630251 is 1.41713 over 168 frames.
nsc-part2-chn0-spk08862963cnf-029630323 __Fan_Yoong_Road __Bukit_Mugliston __Ang_Mo_Kio __Geylang_Bahru_Lane 
LOG (nnet3-latgen-faster[5.5.888~1-d619]:DecodeUtteranceLatticeFaster():decoder-wrappers.cc:375) Log-like per frame for utterance nsc-part2-chn0-spk08862963cnf-029630323 is 1.58333 over 187 frames.
nsc-part2-chn0-spk08862963cnf-029630356 __Blue_Stars dor mi try __Bukit_Batok_Avenue mage __Happy_Hotel 
LOG (nnet3-latgen-faster[5.5.888~1-d619]:DecodeUtteranceLatticeFaster():decoder-wrappers.cc:375) Log-like per frame for utterance nsc-part2-chn0-spk08862963cnf-029630356 is 1.50243 over 188 frames.
nsc-part2-chn0-spk08862963cnf-029630385 __Woodland_Street near __Bukit_Timah __Seletar_Club 
LOG (nnet3-latgen-faster[5.5.888~1-d619]:DecodeUtteranceLatticeFaster():decoder-wrappers.cc:375) Log-like per frame for utterance nsc-part2-chn0-spk08862963cnf-029630385 is 1.32361 over 137 frames.
nsc-part2-chn0-spk08862963cnf-029631461 __Tuas_Terminal_Road __Kranji_Commonwealth __Shopping_Centre 
LOG (nnet3-latgen-faster[5.5.888~1-d619]:DecodeUtteranceLatticeFaster():decoder-wrappers.cc:375) Log-like per frame for utterance nsc-part2-chn0-spk08862963cnf-029631461 is 1.0579 over 158 frames.
nsc-part2-chn0-spk08862963cnf-029631521 __Spring_Street 
LOG (nnet3-latgen-faster[5.5.888~1-d619]:DecodeUtteranceLatticeFaster():decoder-wrappers.cc:375) Log-like per frame for utterance nsc-part2-chn0-spk08862963cnf-029631521 is 1.13028 over 131 frames.
nsc-part2-chn0-spk08862963cnf-029631624 __Flower_Road __Kampong_Wak_Hassan __Ang_Mo_Kio __Bliss_Hotel 
LOG (nnet3-latgen-faster[5.5.888~1-d619]:DecodeUtteranceLatticeFaster():decoder-wrappers.cc:375) Log-like per frame for utterance nsc-part2-chn0-spk08862963cnf-029631624 is 1.38741 over 157 frames.
nsc-part2-chn0-spk08862963cnf-029631747 __Sentul_Crescent pow base __Jalan_Ulu_Seletar __Rambutan_Road 
LOG (nnet3-latgen-faster[5.5.888~1-d619]:DecodeUtteranceLatticeFaster():decoder-wrappers.cc:375) Log-like per frame for utterance nsc-part2-chn0-spk08862963cnf-029631747 is 1.42102 over 183 frames.
nsc-part2-chn0-spk08892967inf-029670024 __Chu_Siang_Tong __Tai_Hoe __Upper_Bedok __Changi_Coast south dor __Yishun_Central __Jurong_West_Central 
LOG (nnet3-latgen-faster[5.5.888~1-d619]:DecodeUtteranceLatticeFaster():decoder-wrappers.cc:375) Log-like per frame for utterance nsc-part2-chn0-spk08892967inf-029670024 is 1.25393 over 277 frames.
nsc-part2-chn0-spk08892967inf-029670134 __Stadium_Way __Sembawang_Tamil_Methodist church hand red 
LOG (nnet3-latgen-faster[5.5.888~1-d619]:DecodeUtteranceLatticeFaster():decoder-wrappers.cc:375) Log-like per frame for utterance nsc-part2-chn0-spk08892967inf-029670134 is 1.27836 over 197 frames.
nsc-part2-chn0-spk08892967inf-029670152 __Cashew_Crescent __East_Spring 
LOG (nnet3-latgen-faster[5.5.888~1-d619]:DecodeUtteranceLatticeFaster():decoder-wrappers.cc:375) Log-like per frame for utterance nsc-part2-chn0-spk08892967inf-029670152 is 1.22673 over 99 frames.
nsc-part2-chn0-spk08892967inf-029670176 __Kampong_Glam __Constance_Singam __Seletar_Club __Jula_Juli __Hilton_International __Singapore_Bible 
LOG (nnet3-latgen-faster[5.5.888~1-d619]:DecodeUtteranceLatticeFaster():decoder-wrappers.cc:375) Log-like per frame for utterance nsc-part2-chn0-spk08892967inf-029670176 is 1.3474 over 243 frames.
nsc-part2-chn0-spk08892967inf-029670249 __Clementi_Street base __Lower_Seletar_Reservoir 
LOG (nnet3-latgen-faster[5.5.888~1-d619]:DecodeUtteranceLatticeFaster():decoder-wrappers.cc:375) Log-like per frame for utterance nsc-part2-chn0-spk08892967inf-029670249 is 1.3435 over 152 frames.
nsc-part2-chn0-spk08892967inf-029670258 __Jalan_Pelatok po list pro tec ting __Suntec_City month __Geylang_Bahru_Lane 
LOG (nnet3-latgen-faster[5.5.888~1-d619]:DecodeUtteranceLatticeFaster():decoder-wrappers.cc:375) Log-like per frame for utterance nsc-part2-chn0-spk08892967inf-029670258 is 1.47662 over 190 frames.
nsc-part2-chn0-spk08892967inf-029670303 __Dinding_Place __Bukit_Timah __Seletar_Club 
LOG (nnet3-latgen-faster[5.5.888~1-d619]:DecodeUtteranceLatticeFaster():decoder-wrappers.cc:375) Log-like per frame for utterance nsc-part2-chn0-spk08892967inf-029670303 is 1.16169 over 122 frames.
nsc-part2-chn0-spk08892967inf-029670359 __Hussein_Aljunied __Michelle_Lim __Walter_Woon 
LOG (nnet3-latgen-faster[5.5.888~1-d619]:DecodeUtteranceLatticeFaster():decoder-wrappers.cc:375) Log-like per frame for utterance nsc-part2-chn0-spk08892967inf-029670359 is 1.32634 over 166 frames.
nsc-part2-chn0-spk08892967inf-029670443 __Home_Team_Academy __Tuas_Avenue rote screen __East_Spring __Choa_Chu_Kang_West 
LOG (nnet3-latgen-faster[5.5.888~1-d619]:DecodeUtteranceLatticeFaster():decoder-wrappers.cc:375) Log-like per frame for utterance nsc-part2-chn0-spk08892967inf-029670443 is 1.02715 over 186 frames.
nsc-part2-chn0-spk08892967inf-029671559 __Jalan_Rajah __Kebun_Baru __Bukit_Batok __Giant_Spring __Peace_Centre 
LOG (nnet3-latgen-faster[5.5.888~1-d619]:DecodeUtteranceLatticeFaster():decoder-wrappers.cc:375) Log-like per frame for utterance nsc-part2-chn0-spk08892967inf-029671559 is 1.37103 over 212 frames.
nsc-part2-chn0-spk08892967inf-029671566 __Mulberry_Avenue __Kew_Walk __Happy_Hotel __North_Spring 
LOG (nnet3-latgen-faster[5.5.888~1-d619]:DecodeUtteranceLatticeFaster():decoder-wrappers.cc:375) Log-like per frame for utterance nsc-part2-chn0-spk08892967inf-029671566 is 1.38047 over 169 frames.
nsc-part2-chn0-spk08892967inf-029671571 __Bedok_South __Singapore_Bible __Baker_Street __Chinatown_Point __Jalan_Boon_Lay pow 
LOG (nnet3-latgen-faster[5.5.888~1-d619]:DecodeUtteranceLatticeFaster():decoder-wrappers.cc:375) Log-like per frame for utterance nsc-part2-chn0-spk08892967inf-029671571 is 1.22734 over 193 frames.
nsc-part2-chn0-spk08892967inf-029671762 __Pasir_Ris __Greendale_Rise __Ava_Road __Maggie_Teng __Lee_Boon_Ngan out __Lim_Chong_Pang __Wak_Hassan_Place 
LOG (nnet3-latgen-faster[5.5.888~1-d619]:DecodeUtteranceLatticeFaster():decoder-wrappers.cc:375) Log-like per frame for utterance nsc-part2-chn0-spk08892967inf-029671762 is 1.18861 over 319 frames.
nsc-part2-chn0-spk08892967inf-029671875 __Jalan_Baiduri case __Kampong_Kayu_Road __Bonham_Street 
LOG (nnet3-latgen-faster[5.5.888~1-d619]:DecodeUtteranceLatticeFaster():decoder-wrappers.cc:375) Log-like per frame for utterance nsc-part2-chn0-spk08892967inf-029671875 is 1.41344 over 219 frames.
nsc-part2-chn0-spk08902987cnf-029870121 __Maritime_Square __Lim_Chu_Kang back prompt __Taman_Jurong __Shopping_Centre 
LOG (nnet3-latgen-faster[5.5.888~1-d619]:DecodeUtteranceLatticeFaster():decoder-wrappers.cc:375) Log-like per frame for utterance nsc-part2-chn0-spk08902987cnf-029870121 is 1.39942 over 172 frames.
nsc-part2-chn0-spk08902987cnf-029870148 __Chencharu_Link boss __Kampong_Bukit_Coffee __Chinese_Garden 
LOG (nnet3-latgen-faster[5.5.888~1-d619]:DecodeUtteranceLatticeFaster():decoder-wrappers.cc:375) Log-like per frame for utterance nsc-part2-chn0-spk08902987cnf-029870148 is 1.24787 over 157 frames.
nsc-part2-chn0-spk08902987cnf-029870166 __Walter_Woon mark near moth __Aljunied_Road __Al_Islamic school 
LOG (nnet3-latgen-faster[5.5.888~1-d619]:DecodeUtteranceLatticeFaster():decoder-wrappers.cc:375) Log-like per frame for utterance nsc-part2-chn0-spk08902987cnf-029870166 is 1.20772 over 197 frames.
nsc-part2-chn0-spk08902987cnf-029870173 __Bedok_Lighthouse __Singapore_Youth_Flying ice __Ann_Siang_Hill 
LOG (nnet3-latgen-faster[5.5.888~1-d619]:DecodeUtteranceLatticeFaster():decoder-wrappers.cc:375) Log-like per frame for utterance nsc-part2-chn0-spk08902987cnf-029870173 is 1.49261 over 189 frames.
nsc-part2-chn0-spk08902987cnf-029870181 __Hong_San __Ocean_Way __Ulu_Sembawang __Ang_Mo_Kio rant in state __Gibson_Hill 
LOG (nnet3-latgen-faster[5.5.888~1-d619]:DecodeUtteranceLatticeFaster():decoder-wrappers.cc:375) Log-like per frame for utterance nsc-part2-chn0-spk08902987cnf-029870181 is 1.21588 over 168 frames.
nsc-part2-chn0-spk08902987cnf-029870196 __Inderjit_Singh __Joanne_Soo __Chong_Pang __Aljunied_Neighbourhood please post first 
LOG (nnet3-latgen-faster[5.5.888~1-d619]:DecodeUtteranceLatticeFaster():decoder-wrappers.cc:375) Log-like per frame for utterance nsc-part2-chn0-spk08902987cnf-029870196 is 1.23947 over 188 frames.
nsc-part2-chn0-spk08902987cnf-029870239 __Wareham_Road __Yew_Tee __Chinatown_Point __Hubert_Hill 
LOG (nnet3-latgen-faster[5.5.888~1-d619]:DecodeUtteranceLatticeFaster():decoder-wrappers.cc:375) Log-like per frame for utterance nsc-part2-chn0-spk08902987cnf-029870239 is 1.31307 over 116 frames.
nsc-part2-chn0-spk08902987cnf-029870247 __Fire_Station rine __Toa_Payoh_North __Geylang_Square cycle nix __Lentor_Way nix 
LOG (nnet3-latgen-faster[5.5.888~1-d619]:DecodeUtteranceLatticeFaster():decoder-wrappers.cc:375) Log-like per frame for utterance nsc-part2-chn0-spk08902987cnf-029870247 is 1.27032 over 218 frames.
nsc-part2-chn0-spk08902987cnf-029870251 __Flint_Street __Outram_Park boun __Kampong_Chai_Chee __Seletar_Club_Road 
LOG (nnet3-latgen-faster[5.5.888~1-d619]:DecodeUtteranceLatticeFaster():decoder-wrappers.cc:375) Log-like per frame for utterance nsc-part2-chn0-spk08902987cnf-029870251 is 1.34972 over 207 frames.
nsc-part2-chn0-spk08902987cnf-029870308 __Colchester_Grove __Newton_Life church __Bukit_Batok __Outram_Park 
LOG (nnet3-latgen-faster[5.5.888~1-d619]:DecodeUtteranceLatticeFaster():decoder-wrappers.cc:375) Log-like per frame for utterance nsc-part2-chn0-spk08902987cnf-029870308 is 1.55193 over 178 frames.
nsc-part2-chn0-spk08902987cnf-029870325 __Martin_Road __Bukit_Timah __Seletar_Club __Sundridge_Park_Road 
LOG (nnet3-latgen-faster[5.5.888~1-d619]:DecodeUtteranceLatticeFaster():decoder-wrappers.cc:375) Log-like per frame for utterance nsc-part2-chn0-spk08902987cnf-029870325 is 1.58371 over 177 frames.
LOG (apply-cmvn[5.5.888~1-d619]:main():apply-cmvn.cc:81) Copied 108 utterances.
nsc-part2-chn0-spk08902987cnf-029870433 __Bedok_Point lip __Lim_Lee __Singapore_Cheshire __Choa_Chu_Kang __Jurong_West_Central __Ang_Mo_Kio __Foch_Road 
LOG (nnet3-latgen-faster[5.5.888~1-d619]:DecodeUtteranceLatticeFaster():decoder-wrappers.cc:375) Log-like per frame for utterance nsc-part2-chn0-spk08902987cnf-029870433 is 1.2897 over 215 frames.
nsc-part2-chn0-spk08902987cnf-029871566 __Saint_Hilda'S __Chinese_Garden __Kampong_Kayu_Road __Marina_Promenade 
LOG (nnet3-latgen-faster[5.5.888~1-d619]:DecodeUtteranceLatticeFaster():decoder-wrappers.cc:375) Log-like per frame for utterance nsc-part2-chn0-spk08902987cnf-029871566 is 1.51549 over 185 frames.
nsc-part2-chn0-spk08902987cnf-029871832 __Bedok_South __Jalan_Lana __Jalan_Mengkudu __Ipoh_Lane __Court_Road 
LOG (nnet3-latgen-faster[5.5.888~1-d619]:DecodeUtteranceLatticeFaster():decoder-wrappers.cc:375) Log-like per frame for utterance nsc-part2-chn0-spk08902987cnf-029871832 is 1.41066 over 200 frames.
nsc-part2-chn0-spk08902987cnf-029871876 __Whampoa_East __Pasir_Ris_Way __Toa_Payoh __Happy_Hotel __East_Spring 
LOG (nnet3-latgen-faster[5.5.888~1-d619]:DecodeUtteranceLatticeFaster():decoder-wrappers.cc:375) Log-like per frame for utterance nsc-part2-chn0-spk08902987cnf-029871876 is 1.10879 over 135 frames.
LOG (nnet3-latgen-faster[5.5.888~1-d619]:main():nnet3-latgen-faster.cc:256) Time taken 159.674s: real-time factor assuming 100 frames/sec is 0.281017
LOG (nnet3-latgen-faster[5.5.888~1-d619]:main():nnet3-latgen-faster.cc:259) Done 108 utterances, failed for 0
LOG (nnet3-latgen-faster[5.5.888~1-d619]:main():nnet3-latgen-faster.cc:261) Overall log-likelihood per frame is 1.3673 over 18940 frames.
LOG (nnet3-latgen-faster[5.5.888~1-d619]:~CachingOptimizingCompiler():nnet-optimize.cc:710) 0.292 seconds taken in nnet3 compilation total (breakdown: 0.195 compilation, 0.0571 optimization, 0 shortcut expansion, 0.011 checking, 5.32e-05 computing indexes, 0.029 misc.) + 0 I/O.
LOG (lattice-scale[5.5.888~1-d619]:main():lattice-scale.cc:107) Done 108 lattices.
# Ended (code 0) at Wed Aug 25 18:56:28 SGT 2021, elapsed time 215 seconds
