# nnet3-latgen-faster --online-ivectors=scp:./ivector/imda-part2/ivector_online.scp --online-ivector-period=10 --frame-subsampling-factor=3 --frames-per-chunk=50 --extra-left-context=0 --extra-right-context=0 --extra-left-context-initial=-1 --extra-right-context-final=-1 --minimize=false --max-active=7000 --min-active=200 --beam=15.0 --lattice-beam=8.0 --acoustic-scale=1.0 --allow-partial=true --word-symbol-table=/home3/ztkyaw/w2021/deliverables/contrast-zin-dev/output/expEX4/graph/words.txt /home3/ztkyaw/w2021/deliverables/contrast-zin-dev/baseline/tdnnf-transfer-sp/final.mdl /home3/ztkyaw/w2021/deliverables/contrast-zin-dev/output/expEX4/graph/HCLG.fst "ark,s,cs:apply-cmvn --norm-means=false --norm-vars=false --utt2spk=ark:./data/imda-part2/mfcc-hires/split10/2/utt2spk scp:./data/imda-part2/mfcc-hires/split10/2/cmvn.scp scp:./data/imda-part2/mfcc-hires/split10/2/feats.scp ark:- |" "ark:|lattice-scale --acoustic-scale=10.0 ark:- ark:- | gzip -c >/home3/ztkyaw/w2021/deliverables/contrast-zin-dev/baseline/tdnnf-transfer-sp/decode_imda-part2_1629888772-hw_lmg/lat.2.gz" 
# Invoked at Wed Aug 25 18:52:53 SGT 2021 from node05
#
# Started at Wed Aug 25 18:53:46 +08 2021 on node09
nnet3-latgen-faster --online-ivectors=scp:./ivector/imda-part2/ivector_online.scp --online-ivector-period=10 --frame-subsampling-factor=3 --frames-per-chunk=50 --extra-left-context=0 --extra-right-context=0 --extra-left-context-initial=-1 --extra-right-context-final=-1 --minimize=false --max-active=7000 --min-active=200 --beam=15.0 --lattice-beam=8.0 --acoustic-scale=1.0 --allow-partial=true --word-symbol-table=/home3/ztkyaw/w2021/deliverables/contrast-zin-dev/output/expEX4/graph/words.txt /home3/ztkyaw/w2021/deliverables/contrast-zin-dev/baseline/tdnnf-transfer-sp/final.mdl /home3/ztkyaw/w2021/deliverables/contrast-zin-dev/output/expEX4/graph/HCLG.fst 'ark,s,cs:apply-cmvn --norm-means=false --norm-vars=false --utt2spk=ark:./data/imda-part2/mfcc-hires/split10/2/utt2spk scp:./data/imda-part2/mfcc-hires/split10/2/cmvn.scp scp:./data/imda-part2/mfcc-hires/split10/2/feats.scp ark:- |' 'ark:|lattice-scale --acoustic-scale=10.0 ark:- ark:- | gzip -c >/home3/ztkyaw/w2021/deliverables/contrast-zin-dev/baseline/tdnnf-transfer-sp/decode_imda-part2_1629888772-hw_lmg/lat.2.gz' 
LOG (nnet3-latgen-faster[5.5.888~1-d619]:RemoveOrphanNodes():nnet-nnet.cc:948) Removed 1 orphan nodes.
LOG (nnet3-latgen-faster[5.5.888~1-d619]:RemoveOrphanComponents():nnet-nnet.cc:847) Removing 2 orphan components.
LOG (nnet3-latgen-faster[5.5.888~1-d619]:Collapse():nnet-utils.cc:1488) Added 1 components, removed 2
lattice-scale --acoustic-scale=10.0 ark:- ark:- 
apply-cmvn --norm-means=false --norm-vars=false --utt2spk=ark:./data/imda-part2/mfcc-hires/split10/2/utt2spk scp:./data/imda-part2/mfcc-hires/split10/2/cmvn.scp scp:./data/imda-part2/mfcc-hires/split10/2/feats.scp ark:- 
LOG (nnet3-latgen-faster[5.5.888~1-d619]:CheckAndFixConfigs():nnet-am-decodable-simple.cc:294) Increasing --frames-per-chunk from 50 to 51 to make it a multiple of --frame-subsampling-factor=3
nsc-part2-chn0-spk03092658maf-026580080 __Yew_Tee_Point __Kampong_Kembangan __Little_Road po list pose __Anak_Bukit file __Secondary_School 
LOG (nnet3-latgen-faster[5.5.888~1-d619]:DecodeUtteranceLatticeFaster():decoder-wrappers.cc:375) Log-like per frame for utterance nsc-part2-chn0-spk03092658maf-026580080 is 1.39806 over 271 frames.
nsc-part2-chn0-spk03092658maf-026580111 __Boon_Lay able whole po lis pose __Lewis_Road __Upper_Bukit_Timah 
LOG (nnet3-latgen-faster[5.5.888~1-d619]:DecodeUtteranceLatticeFaster():decoder-wrappers.cc:375) Log-like per frame for utterance nsc-part2-chn0-spk03092658maf-026580111 is 1.45794 over 187 frames.
nsc-part2-chn0-spk03092658maf-026580197 __Whitchurch_Road __Poh_Huat_Road __Kampong_Kayu_Road 
LOG (nnet3-latgen-faster[5.5.888~1-d619]:DecodeUtteranceLatticeFaster():decoder-wrappers.cc:375) Log-like per frame for utterance nsc-part2-chn0-spk03092658maf-026580197 is 1.25162 over 134 frames.
nsc-part2-chn0-spk03092658maf-026580273 __Lilliputt_Indoor_Mini_Golf ward __Bukit_Timah __Serapong_Hill 
LOG (nnet3-latgen-faster[5.5.888~1-d619]:DecodeUtteranceLatticeFaster():decoder-wrappers.cc:375) Log-like per frame for utterance nsc-part2-chn0-spk03092658maf-026580273 is 1.03369 over 148 frames.
nsc-part2-chn0-spk03092658maf-026580299 __Geylang_East_Central __Morgan_Chua __Wak_Tanjong __Al_Islamiah __Taman_Jurong 
LOG (nnet3-latgen-faster[5.5.888~1-d619]:DecodeUtteranceLatticeFaster():decoder-wrappers.cc:375) Log-like per frame for utterance nsc-part2-chn0-spk03092658maf-026580299 is 1.22984 over 218 frames.
nsc-part2-chn0-spk03092658maf-026580311 __Hougang_One __Ocean_Way __Upper_Seletar_Reservoir __Prome_Road 
LOG (nnet3-latgen-faster[5.5.888~1-d619]:DecodeUtteranceLatticeFaster():decoder-wrappers.cc:375) Log-like per frame for utterance nsc-part2-chn0-spk03092658maf-026580311 is 1.32525 over 127 frames.
nsc-part2-chn0-spk03092658maf-026580313 __Gopeng_Street __Bishan_Street __Elias_Green __North_Spring __Secondary_School 
LOG (nnet3-latgen-faster[5.5.888~1-d619]:DecodeUtteranceLatticeFaster():decoder-wrappers.cc:375) Log-like per frame for utterance nsc-part2-chn0-spk03092658maf-026580313 is 1.5091 over 217 frames.
nsc-part2-chn0-spk03092658maf-026580327 __Hussein_Aljunied __John_Fearns_Nicolls __Eu_Yee_Ming_Richard 
LOG (nnet3-latgen-faster[5.5.888~1-d619]:DecodeUtteranceLatticeFaster():decoder-wrappers.cc:375) Log-like per frame for utterance nsc-part2-chn0-spk03092658maf-026580327 is 1.38222 over 229 frames.
nsc-part2-chn0-spk03092658maf-026581497 __Sembawang_Wharves gate __Jiak_Chuan_Road __Jalan_Nuri 
LOG (nnet3-latgen-faster[5.5.888~1-d619]:DecodeUtteranceLatticeFaster():decoder-wrappers.cc:375) Log-like per frame for utterance nsc-part2-chn0-spk03092658maf-026581497 is 1.37981 over 165 frames.
nsc-part2-chn0-spk03092658maf-026581519 __Seletar_Close __Sims_Way __Seletar_Close 
LOG (nnet3-latgen-faster[5.5.888~1-d619]:DecodeUtteranceLatticeFaster():decoder-wrappers.cc:375) Log-like per frame for utterance nsc-part2-chn0-spk03092658maf-026581519 is 1.34707 over 108 frames.
nsc-part2-chn0-spk03092658maf-026581607 __Bukit_Timah_Plaza 
LOG (nnet3-latgen-faster[5.5.888~1-d619]:DecodeUtteranceLatticeFaster():decoder-wrappers.cc:375) Log-like per frame for utterance nsc-part2-chn0-spk03092658maf-026581607 is 1.45772 over 80 frames.
nsc-part2-chn0-spk03092658maf-026581697 __Chai_Chee boss __Bukit_Batok __Choa_Chu_Kang 
LOG (nnet3-latgen-faster[5.5.888~1-d619]:DecodeUtteranceLatticeFaster():decoder-wrappers.cc:375) Log-like per frame for utterance nsc-part2-chn0-spk03092658maf-026581697 is 1.28321 over 121 frames.
nsc-part2-chn0-spk03092658maf-026581716 __Zion_Bishan_Bible_Presbyterian church __Lorong_Siglap __Geylang_Road __Elias_Green 
LOG (nnet3-latgen-faster[5.5.888~1-d619]:DecodeUtteranceLatticeFaster():decoder-wrappers.cc:375) Log-like per frame for utterance nsc-part2-chn0-spk03092658maf-026581716 is 1.32481 over 242 frames.
nsc-part2-chn0-spk03092658maf-026581893 __Jurong_West_Avenue __Bedok_North __Ocean_Way __Happy_Hotel 
LOG (nnet3-latgen-faster[5.5.888~1-d619]:DecodeUtteranceLatticeFaster():decoder-wrappers.cc:375) Log-like per frame for utterance nsc-part2-chn0-spk03092658maf-026581893 is 1.43353 over 130 frames.
nsc-part2-chn0-spk03192668maf-026680024 __Singapore_Sikh_Education_Foundation __Aljunied_Avenue five __Avon_Road shall __Newton_Cirus 
LOG (nnet3-latgen-faster[5.5.888~1-d619]:DecodeUtteranceLatticeFaster():decoder-wrappers.cc:375) Log-like per frame for utterance nsc-part2-chn0-spk03192668maf-026680024 is 1.38813 over 180 frames.
nsc-part2-chn0-spk03192668maf-026680099 __Fullerton_Bay shot __North_Spring __Singapore_Bible __Sim_Lim_Square 
LOG (nnet3-latgen-faster[5.5.888~1-d619]:DecodeUtteranceLatticeFaster():decoder-wrappers.cc:375) Log-like per frame for utterance nsc-part2-chn0-spk03192668maf-026680099 is 1.37137 over 142 frames.
nsc-part2-chn0-spk03192668maf-026680123 __Geylang_Road __Christalite_Methodist __Hong_San __Fuk_Tak_Chi mu sier 
LOG (nnet3-latgen-faster[5.5.888~1-d619]:DecodeUtteranceLatticeFaster():decoder-wrappers.cc:375) Log-like per frame for utterance nsc-part2-chn0-spk03192668maf-026680123 is 1.46489 over 161 frames.
nsc-part2-chn0-spk03192668maf-026680212 __Manila_Street __Fernvale_Lane __North_Spring __Secondary_School 
LOG (nnet3-latgen-faster[5.5.888~1-d619]:DecodeUtteranceLatticeFaster():decoder-wrappers.cc:375) Log-like per frame for utterance nsc-part2-chn0-spk03192668maf-026680212 is 1.64292 over 144 frames.
nsc-part2-chn0-spk03192668maf-026680269 __Seletar_Court __Circular_Road __Anak_Bukit __Al_Islamic 
LOG (nnet3-latgen-faster[5.5.888~1-d619]:DecodeUtteranceLatticeFaster():decoder-wrappers.cc:375) Log-like per frame for utterance nsc-part2-chn0-spk03192668maf-026680269 is 1.36135 over 136 frames.
nsc-part2-chn0-spk03192668maf-026680299 __Pandan_Avenue __Seletar_South_Road __Irving_Place 
LOG (nnet3-latgen-faster[5.5.888~1-d619]:DecodeUtteranceLatticeFaster():decoder-wrappers.cc:375) Log-like per frame for utterance nsc-part2-chn0-spk03192668maf-026680299 is 1.6578 over 119 frames.
nsc-part2-chn0-spk03192668maf-026680384 __Fairway_Club __Seletar_North_Lane short __Lentor_Way __Singapore_Cheshire 
LOG (nnet3-latgen-faster[5.5.888~1-d619]:DecodeUtteranceLatticeFaster():decoder-wrappers.cc:375) Log-like per frame for utterance nsc-part2-chn0-spk03192668maf-026680384 is 1.12882 over 162 frames.
nsc-part2-chn0-spk03192668maf-026680411 __Jalan_Minyak __Marsiling_Road __Esther_Tan __Jalan_Bungar 
LOG (nnet3-latgen-faster[5.5.888~1-d619]:DecodeUtteranceLatticeFaster():decoder-wrappers.cc:375) Log-like per frame for utterance nsc-part2-chn0-spk03192668maf-026680411 is 1.57025 over 132 frames.
nsc-part2-chn0-spk03192668maf-026680415 __Yew_Tee __Robinson_Road __Leo_Drive __Marsiling_Crescent 
LOG (nnet3-latgen-faster[5.5.888~1-d619]:DecodeUtteranceLatticeFaster():decoder-wrappers.cc:375) Log-like per frame for utterance nsc-part2-chn0-spk03192668maf-026680415 is 1.48774 over 124 frames.
nsc-part2-chn0-spk03192668maf-026681505 __Cashew_Crescent mire strand near __Kampong_Kembangan 
LOG (nnet3-latgen-faster[5.5.888~1-d619]:DecodeUtteranceLatticeFaster():decoder-wrappers.cc:375) Log-like per frame for utterance nsc-part2-chn0-spk03192668maf-026681505 is 1.21329 over 115 frames.
nsc-part2-chn0-spk03192668maf-026681571 __Lichi_Avenue __Havelock_Road __West_Spring __Tanjong_Katong school 
LOG (nnet3-latgen-faster[5.5.888~1-d619]:DecodeUtteranceLatticeFaster():decoder-wrappers.cc:375) Log-like per frame for utterance nsc-part2-chn0-spk03192668maf-026681571 is 1.31494 over 129 frames.
nsc-part2-chn0-spk03192668maf-026681582 __Daffodil_Drive __Sembawang_Avenue __Kaki_Bukit __Teck_Hai_Keng 
LOG (nnet3-latgen-faster[5.5.888~1-d619]:DecodeUtteranceLatticeFaster():decoder-wrappers.cc:375) Log-like per frame for utterance nsc-part2-chn0-spk03192668maf-026681582 is 1.34799 over 145 frames.
nsc-part2-chn0-spk03192668maf-026681668 __Inderjit_Singh __Little_Road __Sungei_Bedok first 
LOG (nnet3-latgen-faster[5.5.888~1-d619]:DecodeUtteranceLatticeFaster():decoder-wrappers.cc:375) Log-like per frame for utterance nsc-part2-chn0-spk03192668maf-026681668 is 1.25099 over 103 frames.
nsc-part2-chn0-spk03192668maf-026681746 biz drop __Wong_Chin_Yoke_Road __Kampong_Bugis 
LOG (nnet3-latgen-faster[5.5.888~1-d619]:DecodeUtteranceLatticeFaster():decoder-wrappers.cc:375) Log-like per frame for utterance nsc-part2-chn0-spk03192668maf-026681746 is 1.25507 over 107 frames.
nsc-part2-chn0-spk03192668maf-026681882 __Admiralty_Greens __Bethlehem_Bible_Presbyterian __Choa_Chu_Kang __Geylang_Methodist_School 
LOG (nnet3-latgen-faster[5.5.888~1-d619]:DecodeUtteranceLatticeFaster():decoder-wrappers.cc:375) Log-like per frame for utterance nsc-part2-chn0-spk03192668maf-026681882 is 1.68722 over 160 frames.
nsc-part2-chn0-spk03272676cnm-026760063 __Ping_Yi __Pasir_Ris_Way __Seletar_Hills_Drive 
LOG (nnet3-latgen-faster[5.5.888~1-d619]:DecodeUtteranceLatticeFaster():decoder-wrappers.cc:375) Log-like per frame for utterance nsc-part2-chn0-spk03272676cnm-026760063 is 1.3182 over 124 frames.
nsc-part2-chn0-spk03272676cnm-026760100 __Hougang_Avenue __Bukit_Batok_Crescent __Prome_Road 
LOG (nnet3-latgen-faster[5.5.888~1-d619]:DecodeUtteranceLatticeFaster():decoder-wrappers.cc:375) Log-like per frame for utterance nsc-part2-chn0-spk03272676cnm-026760100 is 1.43535 over 142 frames.
nsc-part2-chn0-spk03272676cnm-026760111 __Sembawang_Vista __Jurong_Port __Kampong_Bugis 
LOG (nnet3-latgen-faster[5.5.888~1-d619]:DecodeUtteranceLatticeFaster():decoder-wrappers.cc:375) Log-like per frame for utterance nsc-part2-chn0-spk03272676cnm-026760111 is 1.33969 over 167 frames.
nsc-part2-chn0-spk03272676cnm-026760136 __Jalan_Khairuddin mine pa rent __Singapore_Art_Museum 
LOG (nnet3-latgen-faster[5.5.888~1-d619]:DecodeUtteranceLatticeFaster():decoder-wrappers.cc:375) Log-like per frame for utterance nsc-part2-chn0-spk03272676cnm-026760136 is 1.25645 over 235 frames.
nsc-part2-chn0-spk03272676cnm-026760204 __Carl_Alexander __Geylang_East_Central 
LOG (nnet3-latgen-faster[5.5.888~1-d619]:DecodeUtteranceLatticeFaster():decoder-wrappers.cc:375) Log-like per frame for utterance nsc-part2-chn0-spk03272676cnm-026760204 is 1.42001 over 116 frames.
nsc-part2-chn0-spk03272676cnm-026760439 __Bedok_Point __Nan_Chiau he school __Goldhill_Place 
LOG (nnet3-latgen-faster[5.5.888~1-d619]:DecodeUtteranceLatticeFaster():decoder-wrappers.cc:375) Log-like per frame for utterance nsc-part2-chn0-spk03272676cnm-026760439 is 1.59265 over 168 frames.
nsc-part2-chn0-spk03272676cnm-026761516 __Stephen_Lee __Springwood_Close knew birth __Wong_Chin_Yoke_Road 
LOG (nnet3-latgen-faster[5.5.888~1-d619]:DecodeUtteranceLatticeFaster():decoder-wrappers.cc:375) Log-like per frame for utterance nsc-part2-chn0-spk03272676cnm-026761516 is 1.16253 over 195 frames.
nsc-part2-chn0-spk03272676cnm-026761535 __Chong_Pang __Saint_Paul'S church __Lilliputt_Indoor_Mini_Golf 
LOG (nnet3-latgen-faster[5.5.888~1-d619]:DecodeUtteranceLatticeFaster():decoder-wrappers.cc:375) Log-like per frame for utterance nsc-part2-chn0-spk03272676cnm-026761535 is 1.29731 over 208 frames.
nsc-part2-chn0-spk03272676cnm-026761548 __Hougang_One __Bukit_Batok __Nan_Chiau part prompt 
LOG (nnet3-latgen-faster[5.5.888~1-d619]:DecodeUtteranceLatticeFaster():decoder-wrappers.cc:375) Log-like per frame for utterance nsc-part2-chn0-spk03272676cnm-026761548 is 1.31249 over 130 frames.
nsc-part2-chn0-spk03272676cnm-026761559 __Northshore_Link __Liane_Road __Fortune_Students __Seletar_Green_Avenue 
LOG (nnet3-latgen-faster[5.5.888~1-d619]:DecodeUtteranceLatticeFaster():decoder-wrappers.cc:375) Log-like per frame for utterance nsc-part2-chn0-spk03272676cnm-026761559 is 1.41375 over 190 frames.
nsc-part2-chn0-spk03272676cnm-026761650 __How_Sun_Drive __Taman_Jurong 
LOG (nnet3-latgen-faster[5.5.888~1-d619]:DecodeUtteranceLatticeFaster():decoder-wrappers.cc:375) Log-like per frame for utterance nsc-part2-chn0-spk03272676cnm-026761650 is 1.44164 over 98 frames.
nsc-part2-chn0-spk03272676cnm-026761716 __Bristol_Road __National_Arts_Council __North_Spring __Secondary_School 
LOG (nnet3-latgen-faster[5.5.888~1-d619]:DecodeUtteranceLatticeFaster():decoder-wrappers.cc:375) Log-like per frame for utterance nsc-part2-chn0-spk03272676cnm-026761716 is 1.33144 over 168 frames.
nsc-part2-chn0-spk03272676cnm-026761742 __Bodmin_Drive __Jalan_Dua __Nee_Soon __Simon_Lane __Bright_Hill __Sree_Narayana 
LOG (nnet3-latgen-faster[5.5.888~1-d619]:DecodeUtteranceLatticeFaster():decoder-wrappers.cc:375) Log-like per frame for utterance nsc-part2-chn0-spk03272676cnm-026761742 is 1.38744 over 210 frames.
nsc-part2-chn0-spk03272676cnm-026761773 __Sembawang_Avenue __Bliss_Hotel __Singapore_Bible __Yan_Hui_Chang __Sree_Narayana 
LOG (nnet3-latgen-faster[5.5.888~1-d619]:DecodeUtteranceLatticeFaster():decoder-wrappers.cc:375) Log-like per frame for utterance nsc-part2-chn0-spk03272676cnm-026761773 is 1.19309 over 159 frames.
nsc-part2-chn0-spk03422691cnm-026910024 __Bukit_Timah __Shopping_Centre __Yangtze_Building __Orchard_Turn 
LOG (nnet3-latgen-faster[5.5.888~1-d619]:DecodeUtteranceLatticeFaster():decoder-wrappers.cc:375) Log-like per frame for utterance nsc-part2-chn0-spk03422691cnm-026910024 is 1.667 over 160 frames.
nsc-part2-chn0-spk03422691cnm-026910121 __Mandai_Tekong __Fullerton_Bay __Upper_Aljunied __Fire_Station 
LOG (nnet3-latgen-faster[5.5.888~1-d619]:DecodeUtteranceLatticeFaster():decoder-wrappers.cc:375) Log-like per frame for utterance nsc-part2-chn0-spk03422691cnm-026910121 is 1.10168 over 146 frames.
nsc-part2-chn0-spk03422691cnm-026910123 __Geylang_Square __Jalan_Bangsawan __Kuang_Chee_Tng 
LOG (nnet3-latgen-faster[5.5.888~1-d619]:DecodeUtteranceLatticeFaster():decoder-wrappers.cc:375) Log-like per frame for utterance nsc-part2-chn0-spk03422691cnm-026910123 is 1.58808 over 155 frames.
nsc-part2-chn0-spk03422691cnm-026910173 __Seletar_Club __Folkestone_Road __Iqbal_Avenue 
LOG (nnet3-latgen-faster[5.5.888~1-d619]:DecodeUtteranceLatticeFaster():decoder-wrappers.cc:375) Log-like per frame for utterance nsc-part2-chn0-spk03422691cnm-026910173 is 1.46915 over 147 frames.
nsc-part2-chn0-spk03422691cnm-026910191 please look __Punggol_Avenue __Bukit_Timah 
LOG (nnet3-latgen-faster[5.5.888~1-d619]:DecodeUtteranceLatticeFaster():decoder-wrappers.cc:375) Log-like per frame for utterance nsc-part2-chn0-spk03422691cnm-026910191 is 1.25179 over 133 frames.
nsc-part2-chn0-spk03422691cnm-026910294 pole age __Seletar_Satellite __Stratton_Road __Gurkha_Contingent 
LOG (nnet3-latgen-faster[5.5.888~1-d619]:DecodeUtteranceLatticeFaster():decoder-wrappers.cc:375) Log-like per frame for utterance nsc-part2-chn0-spk03422691cnm-026910294 is 1.31954 over 279 frames.
nsc-part2-chn0-spk03422691cnm-026911468 __Creek_Mangrove frost arch rise __East_Spring __Jalan_Seh_Chuan 
LOG (nnet3-latgen-faster[5.5.888~1-d619]:DecodeUtteranceLatticeFaster():decoder-wrappers.cc:375) Log-like per frame for utterance nsc-part2-chn0-spk03422691cnm-026911468 is 1.17504 over 143 frames.
nsc-part2-chn0-spk03422691cnm-026911497 __Admiralty_Greens __Lin_Tan pose __Lorong_Sinaran __Geylang_Road 
LOG (nnet3-latgen-faster[5.5.888~1-d619]:DecodeUtteranceLatticeFaster():decoder-wrappers.cc:375) Log-like per frame for utterance nsc-part2-chn0-spk03422691cnm-026911497 is 1.42653 over 182 frames.
nsc-part2-chn0-spk03422691cnm-026911563 __Eunos_Avenue __Bukit_Timah_Plaza 
LOG (nnet3-latgen-faster[5.5.888~1-d619]:DecodeUtteranceLatticeFaster():decoder-wrappers.cc:375) Log-like per frame for utterance nsc-part2-chn0-spk03422691cnm-026911563 is 1.32657 over 93 frames.
nsc-part2-chn0-spk03422691cnm-026911610 __Michelle_Lim __Chinatown_Point 
LOG (nnet3-latgen-faster[5.5.888~1-d619]:DecodeUtteranceLatticeFaster():decoder-wrappers.cc:375) Log-like per frame for utterance nsc-part2-chn0-spk03422691cnm-026911610 is 1.29128 over 139 frames.
nsc-part2-chn0-spk03422691cnm-026911623 __Springwood_Close __Arab_Street __Sembawang_Berlayer __Office_Road 
LOG (nnet3-latgen-faster[5.5.888~1-d619]:DecodeUtteranceLatticeFaster():decoder-wrappers.cc:375) Log-like per frame for utterance nsc-part2-chn0-spk03422691cnm-026911623 is 1.09729 over 133 frames.
nsc-part2-chn0-spk03422691cnm-026911649 __Shun_Li __Dover_Drive __Jalan_Kampong_Chantek 
LOG (nnet3-latgen-faster[5.5.888~1-d619]:DecodeUtteranceLatticeFaster():decoder-wrappers.cc:375) Log-like per frame for utterance nsc-part2-chn0-spk03422691cnm-026911649 is 1.44397 over 94 frames.
nsc-part2-chn0-spk03422691cnm-026911651 __Elias_Park_Avenue mass __Jalan_Lembah_Bedok 
LOG (nnet3-latgen-faster[5.5.888~1-d619]:DecodeUtteranceLatticeFaster():decoder-wrappers.cc:375) Log-like per frame for utterance nsc-part2-chn0-spk03422691cnm-026911651 is 1.36349 over 126 frames.
nsc-part2-chn0-spk03422691cnm-026911701 __Selarang_Road __Pasir_Ris_Way __Khaw_Boon_Wan con ski tur sixth port come 
LOG (nnet3-latgen-faster[5.5.888~1-d619]:DecodeUtteranceLatticeFaster():decoder-wrappers.cc:375) Log-like per frame for utterance nsc-part2-chn0-spk03422691cnm-026911701 is 1.15358 over 150 frames.
nsc-part2-chn0-spk03422691cnm-026911760 __Kampong_Bahru __Kaki_Bukit __Peace_Centre __Jalan_Boon_Lay 
LOG (nnet3-latgen-faster[5.5.888~1-d619]:DecodeUtteranceLatticeFaster():decoder-wrappers.cc:375) Log-like per frame for utterance nsc-part2-chn0-spk03422691cnm-026911760 is 1.41905 over 200 frames.
nsc-part2-chn0-spk03422691cnm-026911855 __Dunlop_Street __Bedok_Lighthouse 
LOG (nnet3-latgen-faster[5.5.888~1-d619]:DecodeUtteranceLatticeFaster():decoder-wrappers.cc:375) Log-like per frame for utterance nsc-part2-chn0-spk03422691cnm-026911855 is 1.40295 over 93 frames.
nsc-part2-chn0-spk03422691cnm-026911859 __Carnation_Drive __Marsiling_Road __Greenwich_Drive ly school 
LOG (nnet3-latgen-faster[5.5.888~1-d619]:DecodeUtteranceLatticeFaster():decoder-wrappers.cc:375) Log-like per frame for utterance nsc-part2-chn0-spk03422691cnm-026911859 is 1.34979 over 131 frames.
nsc-part2-chn0-spk03422691cnm-026911874 __Choon_Guan_Street __Fuk_Tak_Chi __Spring_Street __Corfe_Place 
LOG (nnet3-latgen-faster[5.5.888~1-d619]:DecodeUtteranceLatticeFaster():decoder-wrappers.cc:375) Log-like per frame for utterance nsc-part2-chn0-spk03422691cnm-026911874 is 1.20234 over 166 frames.
nsc-part2-chn0-spk03762720cnm-027200121 wait ing __Onraet_Road come bac from __Sembawang_Alley 
LOG (nnet3-latgen-faster[5.5.888~1-d619]:DecodeUtteranceLatticeFaster():decoder-wrappers.cc:375) Log-like per frame for utterance nsc-part2-chn0-spk03762720cnm-027200121 is 1.12101 over 147 frames.
nsc-part2-chn0-spk03762720cnm-027200144 chang __Tan_Boo_Liat __Cassia_Crescent __Haigsville_Drive __Seletar_Close 
LOG (nnet3-latgen-faster[5.5.888~1-d619]:DecodeUtteranceLatticeFaster():decoder-wrappers.cc:375) Log-like per frame for utterance nsc-part2-chn0-spk03762720cnm-027200144 is 1.25092 over 217 frames.
nsc-part2-chn0-spk03762720cnm-027200188 __How_Sun_Drive __Geylang_Road __Bukit_Timah __Shopping_Centre 
LOG (nnet3-latgen-faster[5.5.888~1-d619]:DecodeUtteranceLatticeFaster():decoder-wrappers.cc:375) Log-like per frame for utterance nsc-part2-chn0-spk03762720cnm-027200188 is 1.32165 over 131 frames.
nsc-part2-chn0-spk03762720cnm-027200197 __Pasir_Ris_Way __Jalan_Ulu_Seletar 
LOG (nnet3-latgen-faster[5.5.888~1-d619]:DecodeUtteranceLatticeFaster():decoder-wrappers.cc:375) Log-like per frame for utterance nsc-part2-chn0-spk03762720cnm-027200197 is 1.28367 over 131 frames.
nsc-part2-chn0-spk03762720cnm-027200232 roof ers __Toa_Payoh __Sunny_Ang di branch __Office_Road 
LOG (nnet3-latgen-faster[5.5.888~1-d619]:DecodeUtteranceLatticeFaster():decoder-wrappers.cc:375) Log-like per frame for utterance nsc-part2-chn0-spk03762720cnm-027200232 is 1.17199 over 172 frames.
nsc-part2-chn0-spk03762720cnm-027200268 __Upper_Bukit_Timah __Sharon_Bible_Presbyterian __Choa_Chu_Kang __Wan_Tho_Avenue __Tanjong_Katong 
LOG (nnet3-latgen-faster[5.5.888~1-d619]:DecodeUtteranceLatticeFaster():decoder-wrappers.cc:375) Log-like per frame for utterance nsc-part2-chn0-spk03762720cnm-027200268 is 1.32582 over 215 frames.
nsc-part2-chn0-spk03762720cnm-027200308 __Copeland_Avenue __Bedok_Green prime school __Safra_Jurong 
LOG (nnet3-latgen-faster[5.5.888~1-d619]:DecodeUtteranceLatticeFaster():decoder-wrappers.cc:375) Log-like per frame for utterance nsc-part2-chn0-spk03762720cnm-027200308 is 1.59753 over 171 frames.
nsc-part2-chn0-spk03762720cnm-027200384 __Chong_Pang __Geylang_Lorong __Stephen_Lee __Kitchener_Road 
LOG (nnet3-latgen-faster[5.5.888~1-d619]:DecodeUtteranceLatticeFaster():decoder-wrappers.cc:375) Log-like per frame for utterance nsc-part2-chn0-spk03762720cnm-027200384 is 1.53119 over 137 frames.
nsc-part2-chn0-spk03762720cnm-027200434 __Holland_Hill __Sembawang_God_Of_Wealth temp or __Ang_Peng_Tiam __Si_Ling 
LOG (nnet3-latgen-faster[5.5.888~1-d619]:DecodeUtteranceLatticeFaster():decoder-wrappers.cc:375) Log-like per frame for utterance nsc-part2-chn0-spk03762720cnm-027200434 is 1.2609 over 208 frames.
nsc-part2-chn0-spk03762720cnm-027201472 __Mount_Faber_Loop __Ulu_Sembawang __Sembawang_Shopping_Centre 
LOG (nnet3-latgen-faster[5.5.888~1-d619]:DecodeUtteranceLatticeFaster():decoder-wrappers.cc:375) Log-like per frame for utterance nsc-part2-chn0-spk03762720cnm-027201472 is 1.5393 over 155 frames.
nsc-part2-chn0-spk03762720cnm-027201480 __Hindoo_Road brass __Haji_Lane __Hai_Sing_Crescent church 
LOG (nnet3-latgen-faster[5.5.888~1-d619]:DecodeUtteranceLatticeFaster():decoder-wrappers.cc:375) Log-like per frame for utterance nsc-part2-chn0-spk03762720cnm-027201480 is 1.29673 over 258 frames.
nsc-part2-chn0-spk03762720cnm-027201571 __Happy_Hotel __Spring_Lighthouse spec tice church __Chong_Pang ting __Happy_Hotel 
LOG (nnet3-latgen-faster[5.5.888~1-d619]:DecodeUtteranceLatticeFaster():decoder-wrappers.cc:375) Log-like per frame for utterance nsc-part2-chn0-spk03762720cnm-027201571 is 1.30455 over 233 frames.
nsc-part2-chn0-spk03762720cnm-027201610 __Jalan_Rajah __Chong_Pang nable lis pose __Ji_Huang_Kok tempt 
LOG (nnet3-latgen-faster[5.5.888~1-d619]:DecodeUtteranceLatticeFaster():decoder-wrappers.cc:375) Log-like per frame for utterance nsc-part2-chn0-spk03762720cnm-027201610 is 1.49852 over 198 frames.
nsc-part2-chn0-spk03762720cnm-027201623 __Depot_Close __Orchard_Point near __Bukit_Batok_Road 
LOG (nnet3-latgen-faster[5.5.888~1-d619]:DecodeUtteranceLatticeFaster():decoder-wrappers.cc:375) Log-like per frame for utterance nsc-part2-chn0-spk03762720cnm-027201623 is 1.36728 over 128 frames.
nsc-part2-chn0-spk03762720cnm-027201658 show __Lentor_Way __Upper_Aljunied_Link 
LOG (nnet3-latgen-faster[5.5.888~1-d619]:DecodeUtteranceLatticeFaster():decoder-wrappers.cc:375) Log-like per frame for utterance nsc-part2-chn0-spk03762720cnm-027201658 is 1.32304 over 123 frames.
nsc-part2-chn0-spk03762720cnm-027201661 __Janet_Lim __Seletar_South_Road 
LOG (nnet3-latgen-faster[5.5.888~1-d619]:DecodeUtteranceLatticeFaster():decoder-wrappers.cc:375) Log-like per frame for utterance nsc-part2-chn0-spk03762720cnm-027201661 is 1.23294 over 124 frames.
nsc-part2-chn0-spk03762720cnm-027201695 __Limau_Garden __Onitsuka_Tiger __Kampong_Sireh 
LOG (nnet3-latgen-faster[5.5.888~1-d619]:DecodeUtteranceLatticeFaster():decoder-wrappers.cc:375) Log-like per frame for utterance nsc-part2-chn0-spk03762720cnm-027201695 is 1.34939 over 146 frames.
nsc-part2-chn0-spk03762720cnm-027201717 __Bukit_Timah_Link __Aida_Street __Marina_One 
LOG (nnet3-latgen-faster[5.5.888~1-d619]:DecodeUtteranceLatticeFaster():decoder-wrappers.cc:375) Log-like per frame for utterance nsc-part2-chn0-spk03762720cnm-027201717 is 1.56642 over 149 frames.
nsc-part2-chn0-spk03762720cnm-027201833 __Jalan_Mangkok near __Upper_Aljunied_Link 
LOG (nnet3-latgen-faster[5.5.888~1-d619]:DecodeUtteranceLatticeFaster():decoder-wrappers.cc:375) Log-like per frame for utterance nsc-part2-chn0-spk03762720cnm-027201833 is 1.38939 over 150 frames.
nsc-part2-chn0-spk03762720cnm-027201882 __Boon_Lay __Chan_Chun_Sing __Leng_Chai_Chee __Toa_Payoh lent __Jalan_Tenteram __Chong_Pang __Aljunied_Neighbourhood 
LOG (nnet3-latgen-faster[5.5.888~1-d619]:DecodeUtteranceLatticeFaster():decoder-wrappers.cc:375) Log-like per frame for utterance nsc-part2-chn0-spk03762720cnm-027201882 is 1.36362 over 281 frames.
nsc-part2-chn0-spk04052722cnf-027220102 bout turn __Sin_Ming __Chuan_Walk __Chulia_Street __Chinatown_Point 
LOG (nnet3-latgen-faster[5.5.888~1-d619]:DecodeUtteranceLatticeFaster():decoder-wrappers.cc:375) Log-like per frame for utterance nsc-part2-chn0-spk04052722cnf-027220102 is 1.09412 over 154 frames.
nsc-part2-chn0-spk04052722cnf-027220118 __Geylang_Bahru __Telok_Kurau __Ho_Ling __Bukit_Teresa_Close 
LOG (nnet3-latgen-faster[5.5.888~1-d619]:DecodeUtteranceLatticeFaster():decoder-wrappers.cc:375) Log-like per frame for utterance nsc-part2-chn0-spk04052722cnf-027220118 is 1.44561 over 189 frames.
nsc-part2-chn0-spk04052722cnf-027220134 __Cuscaden_Walk __Countryside_Grove __Bedok_Reservoir 
LOG (nnet3-latgen-faster[5.5.888~1-d619]:DecodeUtteranceLatticeFaster():decoder-wrappers.cc:375) Log-like per frame for utterance nsc-part2-chn0-spk04052722cnf-027220134 is 1.69964 over 165 frames.
nsc-part2-chn0-spk04052722cnf-027220411 __Yarwood_Avenue __Geylang_East_Avenue paint __Ernani_Street 
LOG (nnet3-latgen-faster[5.5.888~1-d619]:DecodeUtteranceLatticeFaster():decoder-wrappers.cc:375) Log-like per frame for utterance nsc-part2-chn0-spk04052722cnf-027220411 is 1.50388 over 155 frames.
nsc-part2-chn0-spk04052722cnf-027221497 __Marsiling_Rise __Jalan_Remis __Sin_Ming in dust rose state __Sennett_Road 
LOG (nnet3-latgen-faster[5.5.888~1-d619]:DecodeUtteranceLatticeFaster():decoder-wrappers.cc:375) Log-like per frame for utterance nsc-part2-chn0-spk04052722cnf-027221497 is 1.36321 over 230 frames.
nsc-part2-chn0-spk04052722cnf-027221552 please loop __Foch_Road __Eng_Neo_Avenue reach __Aljunied_Crescent 
LOG (nnet3-latgen-faster[5.5.888~1-d619]:DecodeUtteranceLatticeFaster():decoder-wrappers.cc:375) Log-like per frame for utterance nsc-part2-chn0-spk04052722cnf-027221552 is 1.40807 over 134 frames.
nsc-part2-chn0-spk04052722cnf-027221592 __Sea_Breeze_Grove __Seletar_Court __Lew_Lian_Vale 
LOG (nnet3-latgen-faster[5.5.888~1-d619]:DecodeUtteranceLatticeFaster():decoder-wrappers.cc:375) Log-like per frame for utterance nsc-part2-chn0-spk04052722cnf-027221592 is 1.50487 over 170 frames.
nsc-part2-chn0-spk04052722cnf-027221621 __Taman_Jurong part __Lentor_Way sport tho rit __Guillemard_Road 
LOG (nnet3-latgen-faster[5.5.888~1-d619]:DecodeUtteranceLatticeFaster():decoder-wrappers.cc:375) Log-like per frame for utterance nsc-part2-chn0-spk04052722cnf-027221621 is 1.41859 over 167 frames.
nsc-part2-chn0-spk04052722cnf-027221644 __Inderjit_Singh __Bukit_Timah __Bedok_View __Secondary_School 
LOG (nnet3-latgen-faster[5.5.888~1-d619]:DecodeUtteranceLatticeFaster():decoder-wrappers.cc:375) Log-like per frame for utterance nsc-part2-chn0-spk04052722cnf-027221644 is 1.46304 over 158 frames.
nsc-part2-chn0-spk04052722cnf-027221699 __Pemimpin_Drive __Chong_Pang __Cuff_Road __Hong_San __Jalan_Paras 
LOG (nnet3-latgen-faster[5.5.888~1-d619]:DecodeUtteranceLatticeFaster():decoder-wrappers.cc:375) Log-like per frame for utterance nsc-part2-chn0-spk04052722cnf-027221699 is 1.22707 over 165 frames.
nsc-part2-chn0-spk04052722cnf-027221717 __Cuscaden_Walk __Raffles_Place howe __Bukit_Batok_East 
LOG (nnet3-latgen-faster[5.5.888~1-d619]:DecodeUtteranceLatticeFaster():decoder-wrappers.cc:375) Log-like per frame for utterance nsc-part2-chn0-spk04052722cnf-027221717 is 1.36676 over 164 frames.
nsc-part2-chn0-spk04052722cnf-027221721 __East_Avenue plaint __Waringin_Walk __Bukit_Batok_Crescent 
LOG (nnet3-latgen-faster[5.5.888~1-d619]:DecodeUtteranceLatticeFaster():decoder-wrappers.cc:375) Log-like per frame for utterance nsc-part2-chn0-spk04052722cnf-027221721 is 1.26229 over 148 frames.
nsc-part2-chn0-spk04052722cnf-027221747 __Penjuru_Road __Springside_View __Kampong_Wak_Hassan 
LOG (nnet3-latgen-faster[5.5.888~1-d619]:DecodeUtteranceLatticeFaster():decoder-wrappers.cc:375) Log-like per frame for utterance nsc-part2-chn0-spk04052722cnf-027221747 is 1.37031 over 154 frames.
nsc-part2-chn0-spk04052722cnf-027221773 __Segar_Kampong_Arang_Road crease log i sticks branch 
LOG (nnet3-latgen-faster[5.5.888~1-d619]:DecodeUtteranceLatticeFaster():decoder-wrappers.cc:375) Log-like per frame for utterance nsc-part2-chn0-spk04052722cnf-027221773 is 1.29554 over 152 frames.
nsc-part2-chn0-spk04452729maf-027290049 __Sophia_Hull __Singapore_Bible __Outram_Park __Lower_Seletar_Reservoir 
LOG (nnet3-latgen-faster[5.5.888~1-d619]:DecodeUtteranceLatticeFaster():decoder-wrappers.cc:375) Log-like per frame for utterance nsc-part2-chn0-spk04452729maf-027290049 is 1.52687 over 163 frames.
nsc-part2-chn0-spk04452729maf-027290087 __Kampong_Sungai_Tiga __Chinese_Garden tri __Hilton_International __Singapore_Bible __Avon_Road 
LOG (nnet3-latgen-faster[5.5.888~1-d619]:DecodeUtteranceLatticeFaster():decoder-wrappers.cc:375) Log-like per frame for utterance nsc-part2-chn0-spk04452729maf-027290087 is 1.39467 over 206 frames.
nsc-part2-chn0-spk04452729maf-027290176 __Hougang_One __Geylang_Bahru_Lane __Kim_Chuan_Road 
LOG (nnet3-latgen-faster[5.5.888~1-d619]:DecodeUtteranceLatticeFaster():decoder-wrappers.cc:375) Log-like per frame for utterance nsc-part2-chn0-spk04452729maf-027290176 is 1.88006 over 124 frames.
nsc-part2-chn0-spk04452729maf-027290202 __Hougang_Avenue __Bukit_Timah post __Office_Road 
LOG (nnet3-latgen-faster[5.5.888~1-d619]:DecodeUtteranceLatticeFaster():decoder-wrappers.cc:375) Log-like per frame for utterance nsc-part2-chn0-spk04452729maf-027290202 is 1.37798 over 114 frames.
nsc-part2-chn0-spk04452729maf-027290268 __Bukit_Timah_Plaza __Waseda_Shibuya __Secondary_School __Kampong_Bahru_Road po list pose 
LOG (nnet3-latgen-faster[5.5.888~1-d619]:DecodeUtteranceLatticeFaster():decoder-wrappers.cc:375) Log-like per frame for utterance nsc-part2-chn0-spk04452729maf-027290268 is 1.37756 over 207 frames.
nsc-part2-chn0-spk04452729maf-027290302 __Jalan_Kemaman __Platina_Road __Chinatown_Point 
LOG (nnet3-latgen-faster[5.5.888~1-d619]:DecodeUtteranceLatticeFaster():decoder-wrappers.cc:375) Log-like per frame for utterance nsc-part2-chn0-spk04452729maf-027290302 is 1.74216 over 133 frames.
nsc-part2-chn0-spk04452729maf-027290323 __Tangmere_Road __Peninsula_Plaza __Geylang_Bahru_Lane 
LOG (nnet3-latgen-faster[5.5.888~1-d619]:DecodeUtteranceLatticeFaster():decoder-wrappers.cc:375) Log-like per frame for utterance nsc-part2-chn0-spk04452729maf-027290323 is 1.83328 over 136 frames.
nsc-part2-chn0-spk04452729maf-027290415 __Kampong_Java note pine con cost __Whitchurch_Road ease 
LOG (nnet3-latgen-faster[5.5.888~1-d619]:DecodeUtteranceLatticeFaster():decoder-wrappers.cc:375) Log-like per frame for utterance nsc-part2-chn0-spk04452729maf-027290415 is 1.18029 over 157 frames.
nsc-part2-chn0-spk04452729maf-027290436 __Vigilante_Drive __Jalan_Senang __Kampong_Kayu_Road 
LOG (nnet3-latgen-faster[5.5.888~1-d619]:DecodeUtteranceLatticeFaster():decoder-wrappers.cc:375) Log-like per frame for utterance nsc-part2-chn0-spk04452729maf-027290436 is 1.60478 over 136 frames.
nsc-part2-chn0-spk04452729maf-027291508 __Tuas_Terminal_Road __Geylang_Square 
LOG (nnet3-latgen-faster[5.5.888~1-d619]:DecodeUtteranceLatticeFaster():decoder-wrappers.cc:375) Log-like per frame for utterance nsc-part2-chn0-spk04452729maf-027291508 is 1.44914 over 102 frames.
nsc-part2-chn0-spk04452729maf-027291698 __Holland_Hill ate __Kew_Walk __Seletar_Close 
LOG (nnet3-latgen-faster[5.5.888~1-d619]:DecodeUtteranceLatticeFaster():decoder-wrappers.cc:375) Log-like per frame for utterance nsc-part2-chn0-spk04452729maf-027291698 is 1.37821 over 117 frames.
nsc-part2-chn0-spk04452729maf-027291773 __Bedok_Ria_Crescent __Kwan_Imm_See __Tan_Boo_Liat __Singapore_Bible scout __Peace_Centre 
LOG (nnet3-latgen-faster[5.5.888~1-d619]:DecodeUtteranceLatticeFaster():decoder-wrappers.cc:375) Log-like per frame for utterance nsc-part2-chn0-spk04452729maf-027291773 is 1.39942 over 167 frames.
nsc-part2-chn0-spk04452729maf-027291804 __Saint_Xavier'S_Lane shop house __Bukit_Timah_Plaza 
LOG (nnet3-latgen-faster[5.5.888~1-d619]:DecodeUtteranceLatticeFaster():decoder-wrappers.cc:375) Log-like per frame for utterance nsc-part2-chn0-spk04452729maf-027291804 is 1.61127 over 141 frames.
nsc-part2-chn0-spk04452729maf-027291848 please look __Lily_Avenue reach __Lorong_Siglap __Geylang_Road 
LOG (nnet3-latgen-faster[5.5.888~1-d619]:DecodeUtteranceLatticeFaster():decoder-wrappers.cc:375) Log-like per frame for utterance nsc-part2-chn0-spk04452729maf-027291848 is 1.34982 over 112 frames.
nsc-part2-chn0-spk04452729maf-027291893 __Yishun_Central __Kampong_Wak_Hassan __Paya_Lebar nable shoot po lis boost 
LOG (nnet3-latgen-faster[5.5.888~1-d619]:DecodeUtteranceLatticeFaster():decoder-wrappers.cc:375) Log-like per frame for utterance nsc-part2-chn0-spk04452729maf-027291893 is 1.5278 over 164 frames.
nsc-part2-chn0-spk06922289cnf-022890134 __Chai_Chee fair pose __Kampong_Eunos 
LOG (nnet3-latgen-faster[5.5.888~1-d619]:DecodeUtteranceLatticeFaster():decoder-wrappers.cc:375) Log-like per frame for utterance nsc-part2-chn0-spk06922289cnf-022890134 is 1.33279 over 191 frames.
nsc-part2-chn0-spk06922289cnf-022890164 __West_Blue_Stars __Seletar_Link 
LOG (nnet3-latgen-faster[5.5.888~1-d619]:DecodeUtteranceLatticeFaster():decoder-wrappers.cc:375) Log-like per frame for utterance nsc-part2-chn0-spk06922289cnf-022890164 is 1.34275 over 113 frames.
nsc-part2-chn0-spk06922289cnf-022890181 __Bukit_Batok_Avenue prompt 
LOG (nnet3-latgen-faster[5.5.888~1-d619]:DecodeUtteranceLatticeFaster():decoder-wrappers.cc:375) Log-like per frame for utterance nsc-part2-chn0-spk06922289cnf-022890181 is 1.34478 over 128 frames.
nsc-part2-chn0-spk06922289cnf-022890239 __Lorong_Mesu __Geylang_Road 
LOG (nnet3-latgen-faster[5.5.888~1-d619]:DecodeUtteranceLatticeFaster():decoder-wrappers.cc:375) Log-like per frame for utterance nsc-part2-chn0-spk06922289cnf-022890239 is 1.42611 over 101 frames.
nsc-part2-chn0-spk06922289cnf-022890269 __South_Woodlands_Drive __Bridport_Avenue __Upper_Bukit_Timah_Road 
LOG (nnet3-latgen-faster[5.5.888~1-d619]:DecodeUtteranceLatticeFaster():decoder-wrappers.cc:375) Log-like per frame for utterance nsc-part2-chn0-spk06922289cnf-022890269 is 1.4137 over 160 frames.
nsc-part2-chn0-spk06922289cnf-022890332 __Sembawang_Hills_Drive 
LOG (nnet3-latgen-faster[5.5.888~1-d619]:DecodeUtteranceLatticeFaster():decoder-wrappers.cc:375) Log-like per frame for utterance nsc-part2-chn0-spk06922289cnf-022890332 is 1.42423 over 90 frames.
nsc-part2-chn0-spk06922289cnf-022890412 __Pasir_Ris_Way __Seletar_Satellite_Station_Road 
LOG (nnet3-latgen-faster[5.5.888~1-d619]:DecodeUtteranceLatticeFaster():decoder-wrappers.cc:375) Log-like per frame for utterance nsc-part2-chn0-spk06922289cnf-022890412 is 1.35858 over 158 frames.
nsc-part2-chn0-spk06922289cnf-022890439 __Chinese_Garden __Bukit_Batok_West __Soo_Chow_Drive 
LOG (nnet3-latgen-faster[5.5.888~1-d619]:DecodeUtteranceLatticeFaster():decoder-wrappers.cc:375) Log-like per frame for utterance nsc-part2-chn0-spk06922289cnf-022890439 is 1.55656 over 160 frames.
nsc-part2-chn0-spk06922289cnf-022891716 __Yew_Tee_Close __Wilmonar_Avenue __Aljunied_Avenue 
LOG (nnet3-latgen-faster[5.5.888~1-d619]:DecodeUtteranceLatticeFaster():decoder-wrappers.cc:375) Log-like per frame for utterance nsc-part2-chn0-spk06922289cnf-022891716 is 1.28473 over 158 frames.
nsc-part2-chn0-spk06922289cnf-022891773 __Bukit_Batok_Central __Yu_Huang_Zhi_Zun_Temple __Jalan_Chengkek 
LOG (nnet3-latgen-faster[5.5.888~1-d619]:DecodeUtteranceLatticeFaster():decoder-wrappers.cc:375) Log-like per frame for utterance nsc-part2-chn0-spk06922289cnf-022891773 is 1.61006 over 151 frames.
nsc-part2-chn0-spk06922289cnf-022891774 __Bukit_Batok_Avenue 
LOG (nnet3-latgen-faster[5.5.888~1-d619]:DecodeUtteranceLatticeFaster():decoder-wrappers.cc:375) Log-like per frame for utterance nsc-part2-chn0-spk06922289cnf-022891774 is 1.486 over 94 frames.
LOG (apply-cmvn[5.5.888~1-d619]:main():apply-cmvn.cc:81) Copied 125 utterances.
nsc-part2-chn0-spk06922289cnf-022891804 __Boon_Tat_Street __Sungei_Bedok __Kampong_Chai_Chee 
LOG (nnet3-latgen-faster[5.5.888~1-d619]:DecodeUtteranceLatticeFaster():decoder-wrappers.cc:375) Log-like per frame for utterance nsc-part2-chn0-spk06922289cnf-022891804 is 1.3533 over 130 frames.
nsc-part2-chn0-spk06922289cnf-022891841 __Lim_Lee __Lim_Chong_Pang 
LOG (nnet3-latgen-faster[5.5.888~1-d619]:DecodeUtteranceLatticeFaster():decoder-wrappers.cc:375) Log-like per frame for utterance nsc-part2-chn0-spk06922289cnf-022891841 is 1.49196 over 118 frames.
nsc-part2-chn0-spk06922289cnf-022891866 __One_Farrer __Upper_Aljunied_Road __Ang_Mo_Kio __Science_Park 
LOG (nnet3-latgen-faster[5.5.888~1-d619]:DecodeUtteranceLatticeFaster():decoder-wrappers.cc:375) Log-like per frame for utterance nsc-part2-chn0-spk06922289cnf-022891866 is 1.18871 over 147 frames.
nsc-part2-chn0-spk06922289cnf-022891875 __Fire_Station __Keat_Hong_Link __Jalan_Lempeng 
LOG (nnet3-latgen-faster[5.5.888~1-d619]:DecodeUtteranceLatticeFaster():decoder-wrappers.cc:375) Log-like per frame for utterance nsc-part2-chn0-spk06922289cnf-022891875 is 1.39664 over 140 frames.
LOG (nnet3-latgen-faster[5.5.888~1-d619]:main():nnet3-latgen-faster.cc:256) Time taken 175.925s: real-time factor assuming 100 frames/sec is 0.302074
LOG (nnet3-latgen-faster[5.5.888~1-d619]:main():nnet3-latgen-faster.cc:259) Done 125 utterances, failed for 0
LOG (nnet3-latgen-faster[5.5.888~1-d619]:main():nnet3-latgen-faster.cc:261) Overall log-likelihood per frame is 1.38071 over 19413 frames.
LOG (nnet3-latgen-faster[5.5.888~1-d619]:~CachingOptimizingCompiler():nnet-optimize.cc:710) 0.313 seconds taken in nnet3 compilation total (breakdown: 0.21 compilation, 0.059 optimization, 0 shortcut expansion, 0.0117 checking, 7.77e-05 computing indexes, 0.0316 misc.) + 0 I/O.
LOG (lattice-scale[5.5.888~1-d619]:main():lattice-scale.cc:107) Done 125 lattices.
# Ended (code 0) at Wed Aug 25 18:56:44 SGT 2021, elapsed time 231 seconds
