# nnet3-latgen-faster --online-ivectors=scp:./ivector/imda-part2/ivector_online.scp --online-ivector-period=10 --frame-subsampling-factor=3 --frames-per-chunk=50 --extra-left-context=0 --extra-right-context=0 --extra-left-context-initial=-1 --extra-right-context-final=-1 --minimize=false --max-active=7000 --min-active=200 --beam=15.0 --lattice-beam=8.0 --acoustic-scale=1.0 --allow-partial=true --word-symbol-table=/home3/ztkyaw/w2021/deliverables/contrast-zin-dev/output/expEX4/graph/words.txt /home3/ztkyaw/w2021/deliverables/contrast-zin-dev/baseline/tdnnf-transfer-sp/final.mdl /home3/ztkyaw/w2021/deliverables/contrast-zin-dev/output/expEX4/graph/HCLG.fst "ark,s,cs:apply-cmvn --norm-means=false --norm-vars=false --utt2spk=ark:./data/imda-part2/mfcc-hires/split10/5/utt2spk scp:./data/imda-part2/mfcc-hires/split10/5/cmvn.scp scp:./data/imda-part2/mfcc-hires/split10/5/feats.scp ark:- |" "ark:|lattice-scale --acoustic-scale=10.0 ark:- ark:- | gzip -c >/home3/ztkyaw/w2021/deliverables/contrast-zin-dev/baseline/tdnnf-transfer-sp/decode_imda-part2_1629888772-hw_lmg/lat.5.gz" 
# Invoked at Wed Aug 25 18:52:53 SGT 2021 from node05
#
# Started at Wed Aug 25 18:53:46 +08 2021 on node09
nnet3-latgen-faster --online-ivectors=scp:./ivector/imda-part2/ivector_online.scp --online-ivector-period=10 --frame-subsampling-factor=3 --frames-per-chunk=50 --extra-left-context=0 --extra-right-context=0 --extra-left-context-initial=-1 --extra-right-context-final=-1 --minimize=false --max-active=7000 --min-active=200 --beam=15.0 --lattice-beam=8.0 --acoustic-scale=1.0 --allow-partial=true --word-symbol-table=/home3/ztkyaw/w2021/deliverables/contrast-zin-dev/output/expEX4/graph/words.txt /home3/ztkyaw/w2021/deliverables/contrast-zin-dev/baseline/tdnnf-transfer-sp/final.mdl /home3/ztkyaw/w2021/deliverables/contrast-zin-dev/output/expEX4/graph/HCLG.fst 'ark,s,cs:apply-cmvn --norm-means=false --norm-vars=false --utt2spk=ark:./data/imda-part2/mfcc-hires/split10/5/utt2spk scp:./data/imda-part2/mfcc-hires/split10/5/cmvn.scp scp:./data/imda-part2/mfcc-hires/split10/5/feats.scp ark:- |' 'ark:|lattice-scale --acoustic-scale=10.0 ark:- ark:- | gzip -c >/home3/ztkyaw/w2021/deliverables/contrast-zin-dev/baseline/tdnnf-transfer-sp/decode_imda-part2_1629888772-hw_lmg/lat.5.gz' 
LOG (nnet3-latgen-faster[5.5.888~1-d619]:RemoveOrphanNodes():nnet-nnet.cc:948) Removed 1 orphan nodes.
LOG (nnet3-latgen-faster[5.5.888~1-d619]:RemoveOrphanComponents():nnet-nnet.cc:847) Removing 2 orphan components.
LOG (nnet3-latgen-faster[5.5.888~1-d619]:Collapse():nnet-utils.cc:1488) Added 1 components, removed 2
lattice-scale --acoustic-scale=10.0 ark:- ark:- 
apply-cmvn --norm-means=false --norm-vars=false --utt2spk=ark:./data/imda-part2/mfcc-hires/split10/5/utt2spk scp:./data/imda-part2/mfcc-hires/split10/5/cmvn.scp scp:./data/imda-part2/mfcc-hires/split10/5/feats.scp ark:- 
LOG (nnet3-latgen-faster[5.5.888~1-d619]:CheckAndFixConfigs():nnet-am-decodable-simple.cc:294) Increasing --frames-per-chunk from 50 to 51 to make it a multiple of --frame-subsampling-factor=3
nsc-part2-chn0-spk08932985cnm-029850016 __Hougang_One __Sing_Joo_Walk __Bukit_Batok_West_Avenue 
LOG (nnet3-latgen-faster[5.5.888~1-d619]:DecodeUtteranceLatticeFaster():decoder-wrappers.cc:375) Log-like per frame for utterance nsc-part2-chn0-spk08932985cnm-029850016 is 1.50174 over 129 frames.
nsc-part2-chn0-spk08932985cnm-029850023 bo xi feed min __Chuan_Walk __Geylang_Serai __Anak_Bukit please pose 
LOG (nnet3-latgen-faster[5.5.888~1-d619]:RebuildRepository():determinize-lattice-pruned.cc:287) Rebuilding repository.
LOG (nnet3-latgen-faster[5.5.888~1-d619]:DecodeUtteranceLatticeFaster():decoder-wrappers.cc:375) Log-like per frame for utterance nsc-part2-chn0-spk08932985cnm-029850023 is 1.37673 over 162 frames.
nsc-part2-chn0-spk08932985cnm-029850118 __Bedok_View __Secondary_School __Newton_Cirus __Ang_Mo_Kio men high 
LOG (nnet3-latgen-faster[5.5.888~1-d619]:DecodeUtteranceLatticeFaster():decoder-wrappers.cc:375) Log-like per frame for utterance nsc-part2-chn0-spk08932985cnm-029850118 is 1.6099 over 185 frames.
nsc-part2-chn0-spk08932985cnm-029850144 __Peace_Centre __Chong_Pang part rage stem or 
LOG (nnet3-latgen-faster[5.5.888~1-d619]:DecodeUtteranceLatticeFaster():decoder-wrappers.cc:375) Log-like per frame for utterance nsc-part2-chn0-spk08932985cnm-029850144 is 1.39528 over 174 frames.
nsc-part2-chn0-spk08932985cnm-029850173 __Tuas_Second_Link __Lower_Seletar_Reservoir __Singapore_Botanic_Gardens __Asimont_Lane boy 
LOG (nnet3-latgen-faster[5.5.888~1-d619]:DecodeUtteranceLatticeFaster():decoder-wrappers.cc:375) Log-like per frame for utterance nsc-part2-chn0-spk08932985cnm-029850173 is 1.52172 over 246 frames.
nsc-part2-chn0-spk08932985cnm-029850221 __Seletar_West __Pasir_Ris_Way back __Peck_San_Theng __Chinatown_Point 
LOG (nnet3-latgen-faster[5.5.888~1-d619]:DecodeUtteranceLatticeFaster():decoder-wrappers.cc:375) Log-like per frame for utterance nsc-part2-chn0-spk08932985cnm-029850221 is 1.10098 over 126 frames.
nsc-part2-chn0-spk08932985cnm-029850252 __Methodist_Girls' __Sembawang_Vista 
LOG (nnet3-latgen-faster[5.5.888~1-d619]:DecodeUtteranceLatticeFaster():decoder-wrappers.cc:375) Log-like per frame for utterance nsc-part2-chn0-spk08932985cnm-029850252 is 1.29624 over 97 frames.
nsc-part2-chn0-spk08932985cnm-029850268 __Airport_Cargo_Road __Singapore_Conference __Corporation_Road __Kampong_Bugis 
LOG (nnet3-latgen-faster[5.5.888~1-d619]:DecodeUtteranceLatticeFaster():decoder-wrappers.cc:375) Log-like per frame for utterance nsc-part2-chn0-spk08932985cnm-029850268 is 1.33464 over 229 frames.
nsc-part2-chn0-spk08932985cnm-029850294 __Dairy_Farm dent __Ogilvy_Centre __Riverina_Walk __Orchard_Spring_Lane 
LOG (nnet3-latgen-faster[5.5.888~1-d619]:DecodeUtteranceLatticeFaster():decoder-wrappers.cc:375) Log-like per frame for utterance nsc-part2-chn0-spk08932985cnm-029850294 is 1.62348 over 239 frames.
nsc-part2-chn0-spk08932985cnm-029850302 __Jalan_Rebana __Auckland_Road_West __Aljunied_Avenue 
LOG (nnet3-latgen-faster[5.5.888~1-d619]:DecodeUtteranceLatticeFaster():decoder-wrappers.cc:375) Log-like per frame for utterance nsc-part2-chn0-spk08932985cnm-029850302 is 1.45726 over 192 frames.
nsc-part2-chn0-spk08932985cnm-029850356 __Carlton_Avenue __Victoria_Park_Road ser vice __Upper_Bukit_Timah_Road 
LOG (nnet3-latgen-faster[5.5.888~1-d619]:DecodeUtteranceLatticeFaster():decoder-wrappers.cc:375) Log-like per frame for utterance nsc-part2-chn0-spk08932985cnm-029850356 is 1.37661 over 234 frames.
nsc-part2-chn0-spk08932985cnm-029851498 __Khaw_Boon_Wan __Lim_Chong_Pang choose __Jurong_Bird grain birth __Marina_Bay 
LOG (nnet3-latgen-faster[5.5.888~1-d619]:DecodeUtteranceLatticeFaster():decoder-wrappers.cc:375) Log-like per frame for utterance nsc-part2-chn0-spk08932985cnm-029851498 is 1.47526 over 245 frames.
nsc-part2-chn0-spk08932985cnm-029851559 __Jalan_Yasin __Spring_Street port __Nanyang_Girls' port ting school 
LOG (nnet3-latgen-faster[5.5.888~1-d619]:DecodeUtteranceLatticeFaster():decoder-wrappers.cc:375) Log-like per frame for utterance nsc-part2-chn0-spk08932985cnm-029851559 is 1.43938 over 177 frames.
nsc-part2-chn0-spk08932985cnm-029851584 __Rochor_Road __Red_Swastika school __Chong_Pang __Corporation_Road 
LOG (nnet3-latgen-faster[5.5.888~1-d619]:DecodeUtteranceLatticeFaster():decoder-wrappers.cc:375) Log-like per frame for utterance nsc-part2-chn0-spk08932985cnm-029851584 is 1.4472 over 201 frames.
nsc-part2-chn0-spk08932985cnm-029851706 __Jalan_Dua __Paya_Lebar __Lorong_Gambas __Marsiling_Crescent 
LOG (nnet3-latgen-faster[5.5.888~1-d619]:DecodeUtteranceLatticeFaster():decoder-wrappers.cc:375) Log-like per frame for utterance nsc-part2-chn0-spk08932985cnm-029851706 is 1.66356 over 188 frames.
nsc-part2-chn0-spk08932985cnm-029851717 __Kampong_Sireh __Ipoh_Lane __Sree_Narayana __Happy_Hotel 
LOG (nnet3-latgen-faster[5.5.888~1-d619]:DecodeUtteranceLatticeFaster():decoder-wrappers.cc:375) Log-like per frame for utterance nsc-part2-chn0-spk08932985cnm-029851717 is 1.31042 over 196 frames.
nsc-part2-chn0-spk08993009inf-030090049 __Taman_Jurong park __Aljunied_Crescent __Toa_Payoh __Choa_Chu_Kang 
LOG (nnet3-latgen-faster[5.5.888~1-d619]:DecodeUtteranceLatticeFaster():decoder-wrappers.cc:375) Log-like per frame for utterance nsc-part2-chn0-spk08993009inf-030090049 is 1.45835 over 226 frames.
nsc-part2-chn0-spk08993009inf-030090099 __Fullerton_Bay __Chong_Pang __Aljunied_Neighbourhood po list pose __Upper_Peirce_Reservoir 
LOG (nnet3-latgen-faster[5.5.888~1-d619]:DecodeUtteranceLatticeFaster():decoder-wrappers.cc:375) Log-like per frame for utterance nsc-part2-chn0-spk08993009inf-030090099 is 1.31296 over 259 frames.
nsc-part2-chn0-spk08993009inf-030090136 __Sembawang_Vista __Joo_Koon_Crescent __Ava_Road __Terang_Bulan_Avenue 
LOG (nnet3-latgen-faster[5.5.888~1-d619]:DecodeUtteranceLatticeFaster():decoder-wrappers.cc:375) Log-like per frame for utterance nsc-part2-chn0-spk08993009inf-030090136 is 1.44534 over 233 frames.
nsc-part2-chn0-spk08993009inf-030090166 __Omar_Ali __Omar_Ali land mark near __Simpang_De_Bedok 
LOG (nnet3-latgen-faster[5.5.888~1-d619]:DecodeUtteranceLatticeFaster():decoder-wrappers.cc:375) Log-like per frame for utterance nsc-part2-chn0-spk08993009inf-030090166 is 1.35831 over 152 frames.
nsc-part2-chn0-spk08993009inf-030090202 __How_Sun_Drive __Jalan_Ulu_Seletar __Raffles_Place 
LOG (nnet3-latgen-faster[5.5.888~1-d619]:DecodeUtteranceLatticeFaster():decoder-wrappers.cc:375) Log-like per frame for utterance nsc-part2-chn0-spk08993009inf-030090202 is 1.15958 over 136 frames.
nsc-part2-chn0-spk08993009inf-030090294 __Dedap_Road __Geylang_United temp ly __Brani_Way 
LOG (nnet3-latgen-faster[5.5.888~1-d619]:DecodeUtteranceLatticeFaster():decoder-wrappers.cc:375) Log-like per frame for utterance nsc-part2-chn0-spk08993009inf-030090294 is 1.54292 over 186 frames.
nsc-part2-chn0-spk08993009inf-030090302 __Hock_Chuan __Koh_Seow_Chuan ser vice __Sennett_Road __Admiralty_Road __Marsiling_Rise 
LOG (nnet3-latgen-faster[5.5.888~1-d619]:DecodeUtteranceLatticeFaster():decoder-wrappers.cc:375) Log-like per frame for utterance nsc-part2-chn0-spk08993009inf-030090302 is 1.35702 over 278 frames.
nsc-part2-chn0-spk08993009inf-030090352 __Sims_Way __Bukit_Batok po ly cline 
LOG (nnet3-latgen-faster[5.5.888~1-d619]:DecodeUtteranceLatticeFaster():decoder-wrappers.cc:375) Log-like per frame for utterance nsc-part2-chn0-spk08993009inf-030090352 is 1.36607 over 144 frames.
nsc-part2-chn0-spk08993009inf-030090411 __Canning_Rise __Lim_Lee root __Admiralty_West __Aljunied_Road __Al_Islamic school 
LOG (nnet3-latgen-faster[5.5.888~1-d619]:DecodeUtteranceLatticeFaster():decoder-wrappers.cc:375) Log-like per frame for utterance nsc-part2-chn0-spk08993009inf-030090411 is 1.32295 over 268 frames.
nsc-part2-chn0-spk08993009inf-030090434 __Monk'S_Hill_Road __Ang_Mo_Kio __Jalan_Kampong_Siglap 
LOG (nnet3-latgen-faster[5.5.888~1-d619]:DecodeUtteranceLatticeFaster():decoder-wrappers.cc:375) Log-like per frame for utterance nsc-part2-chn0-spk08993009inf-030090434 is 1.50513 over 185 frames.
nsc-part2-chn0-spk08993009inf-030090439 __Tekong_Highway __Bukit_Timah_Avenue __Sengkang_East_Way root 
LOG (nnet3-latgen-faster[5.5.888~1-d619]:DecodeUtteranceLatticeFaster():decoder-wrappers.cc:375) Log-like per frame for utterance nsc-part2-chn0-spk08993009inf-030090439 is 1.52922 over 195 frames.
nsc-part2-chn0-spk08993009inf-030090442 __Cashew_Crescent lear re store near __River_City __Chinatown_Hotel 
LOG (nnet3-latgen-faster[5.5.888~1-d619]:DecodeUtteranceLatticeFaster():decoder-wrappers.cc:375) Log-like per frame for utterance nsc-part2-chn0-spk08993009inf-030090442 is 1.20531 over 177 frames.
nsc-part2-chn0-spk08993009inf-030091593 __Boat_Quay __Shun_Li raid __Chinatown_Hotel __Anchorvale_Street crease __Spring_Street cane 
LOG (nnet3-latgen-faster[5.5.888~1-d619]:DecodeUtteranceLatticeFaster():decoder-wrappers.cc:375) Log-like per frame for utterance nsc-part2-chn0-spk08993009inf-030091593 is 1.20086 over 271 frames.
nsc-part2-chn0-spk08993009inf-030091644 mi ting __Aljunied_Road __Spring_Street __Fire_Station 
LOG (nnet3-latgen-faster[5.5.888~1-d619]:DecodeUtteranceLatticeFaster():decoder-wrappers.cc:375) Log-like per frame for utterance nsc-part2-chn0-spk08993009inf-030091644 is 1.27856 over 150 frames.
nsc-part2-chn0-spk08993009inf-030091751 __Dover_Drive __Chuan_Walk branch __Office_Road 
LOG (nnet3-latgen-faster[5.5.888~1-d619]:DecodeUtteranceLatticeFaster():decoder-wrappers.cc:375) Log-like per frame for utterance nsc-part2-chn0-spk08993009inf-030091751 is 1.14067 over 211 frames.
nsc-part2-chn0-spk09062988maf-029880079 __Loh_Lik_Peng __Vivien_Quahe __Seah_Mei_Lin __Hussein_Aljunied 
LOG (nnet3-latgen-faster[5.5.888~1-d619]:DecodeUtteranceLatticeFaster():decoder-wrappers.cc:375) Log-like per frame for utterance nsc-part2-chn0-spk09062988maf-029880079 is 1.36552 over 206 frames.
nsc-part2-chn0-spk09062988maf-029880111 __Siok_Wan close __Singapore_Bible __International_Student_Support __Seletar_Lodge_One 
LOG (nnet3-latgen-faster[5.5.888~1-d619]:DecodeUtteranceLatticeFaster():decoder-wrappers.cc:375) Log-like per frame for utterance nsc-part2-chn0-spk09062988maf-029880111 is 1.45688 over 194 frames.
nsc-part2-chn0-spk09062988maf-029880150 __Hougang_One xi take __Geylang_Road __Kampong_Bukit_Coffee __Chinese_Garden __Rebecca_Chua 
LOG (nnet3-latgen-faster[5.5.888~1-d619]:DecodeUtteranceLatticeFaster():decoder-wrappers.cc:375) Log-like per frame for utterance nsc-part2-chn0-spk09062988maf-029880150 is 1.18722 over 191 frames.
nsc-part2-chn0-spk09062988maf-029880188 __How_Sun_Drive __Geylang_Bahru 
LOG (nnet3-latgen-faster[5.5.888~1-d619]:DecodeUtteranceLatticeFaster():decoder-wrappers.cc:375) Log-like per frame for utterance nsc-part2-chn0-spk09062988maf-029880188 is 1.37507 over 92 frames.
nsc-part2-chn0-spk09062988maf-029880225 __Bedok_View __Upper_Bedok 
LOG (nnet3-latgen-faster[5.5.888~1-d619]:DecodeUtteranceLatticeFaster():decoder-wrappers.cc:375) Log-like per frame for utterance nsc-part2-chn0-spk09062988maf-029880225 is 1.4996 over 64 frames.
nsc-part2-chn0-spk09062988maf-029880258 __Chinatown_Point __Chencharu_Lane __Jalan_Klapa 
LOG (nnet3-latgen-faster[5.5.888~1-d619]:DecodeUtteranceLatticeFaster():decoder-wrappers.cc:375) Log-like per frame for utterance nsc-part2-chn0-spk09062988maf-029880258 is 1.58375 over 157 frames.
nsc-part2-chn0-spk09062988maf-029880281 __Dunlop_Street __Foch_Road cro stretch rist pist rine __East_Spring chi cant 
LOG (nnet3-latgen-faster[5.5.888~1-d619]:DecodeUtteranceLatticeFaster():decoder-wrappers.cc:375) Log-like per frame for utterance nsc-part2-chn0-spk09062988maf-029880281 is 1.19261 over 163 frames.
nsc-part2-chn0-spk09062988maf-029880308 __Boat_Quay __Blackmore_Drive __East_Spring __Singapore_Bible 
LOG (nnet3-latgen-faster[5.5.888~1-d619]:DecodeUtteranceLatticeFaster():decoder-wrappers.cc:375) Log-like per frame for utterance nsc-part2-chn0-spk09062988maf-029880308 is 1.33915 over 152 frames.
nsc-part2-chn0-spk09062988maf-029880407 __Lentor_Way __Bukit_Batok po ly cline 
LOG (nnet3-latgen-faster[5.5.888~1-d619]:DecodeUtteranceLatticeFaster():decoder-wrappers.cc:375) Log-like per frame for utterance nsc-part2-chn0-spk09062988maf-029880407 is 1.42109 over 106 frames.
nsc-part2-chn0-spk09062988maf-029880415 seem temp __Bukit_Timah __Spring_Street __Moonbeam_Drive 
LOG (nnet3-latgen-faster[5.5.888~1-d619]:DecodeUtteranceLatticeFaster():decoder-wrappers.cc:375) Log-like per frame for utterance nsc-part2-chn0-spk09062988maf-029880415 is 1.26585 over 185 frames.
nsc-part2-chn0-spk09062988maf-029881497 __Compassvale_Road __Jalan_Batu_Ubin __Simpang_De_Bedok __Boarding_House 
LOG (nnet3-latgen-faster[5.5.888~1-d619]:DecodeUtteranceLatticeFaster():decoder-wrappers.cc:375) Log-like per frame for utterance nsc-part2-chn0-spk09062988maf-029881497 is 1.68191 over 193 frames.
nsc-part2-chn0-spk09062988maf-029881548 __Holland_Hill __Ocean_Way __Happy_Hotel __West_Spring __Prome_Road 
LOG (nnet3-latgen-faster[5.5.888~1-d619]:DecodeUtteranceLatticeFaster():decoder-wrappers.cc:375) Log-like per frame for utterance nsc-part2-chn0-spk09062988maf-029881548 is 1.16542 over 131 frames.
nsc-part2-chn0-spk09062988maf-029881660 __Jalan_Senyum __Hindoo_Road vis try born __Kampong_Kapor_Road 
LOG (nnet3-latgen-faster[5.5.888~1-d619]:DecodeUtteranceLatticeFaster():decoder-wrappers.cc:375) Log-like per frame for utterance nsc-part2-chn0-spk09062988maf-029881660 is 1.38361 over 177 frames.
nsc-part2-chn0-spk09062988maf-029881687 __Whampoa_East __Kampong_Java __Toa_Payoh 
LOG (nnet3-latgen-faster[5.5.888~1-d619]:DecodeUtteranceLatticeFaster():decoder-wrappers.cc:375) Log-like per frame for utterance nsc-part2-chn0-spk09062988maf-029881687 is 1.15602 over 101 frames.
nsc-part2-chn0-spk09062988maf-029881890 __Cashew_Road mand mire stra near __Ulu_Sembawang __Ang_Mo_Kio __Kuang_Chee_Tng __Fire_Station 
LOG (nnet3-latgen-faster[5.5.888~1-d619]:DecodeUtteranceLatticeFaster():decoder-wrappers.cc:375) Log-like per frame for utterance nsc-part2-chn0-spk09062988maf-029881890 is 1.07537 over 202 frames.
nsc-part2-chn0-spk09072989cnm-029890009 __Holland_Hill y take __Kew_Walk __Bukit_Batok_Central_Link 
LOG (nnet3-latgen-faster[5.5.888~1-d619]:DecodeUtteranceLatticeFaster():decoder-wrappers.cc:375) Log-like per frame for utterance nsc-part2-chn0-spk09072989cnm-029890009 is 1.47667 over 131 frames.
nsc-part2-chn0-spk09072989cnm-029890014 dun __Spring_Street 
LOG (nnet3-latgen-faster[5.5.888~1-d619]:DecodeUtteranceLatticeFaster():decoder-wrappers.cc:375) Log-like per frame for utterance nsc-part2-chn0-spk09072989cnm-029890014 is 1.14627 over 121 frames.
nsc-part2-chn0-spk09072989cnm-029890020 __Nasi_Goreng __Cuff_Road __Rochor_Road screen __East_Spring __Drake_Lane __Ann_Siang_Hill 
LOG (nnet3-latgen-faster[5.5.888~1-d619]:DecodeUtteranceLatticeFaster():decoder-wrappers.cc:375) Log-like per frame for utterance nsc-part2-chn0-spk09072989cnm-029890020 is 1.28039 over 228 frames.
nsc-part2-chn0-spk09072989cnm-029890030 __Chinatown_Hotel 
LOG (nnet3-latgen-faster[5.5.888~1-d619]:DecodeUtteranceLatticeFaster():decoder-wrappers.cc:375) Log-like per frame for utterance nsc-part2-chn0-spk09072989cnm-029890030 is 1.71778 over 75 frames.
nsc-part2-chn0-spk09072989cnm-029890111 __Bukit_Merah_View __Admiralty_West crease __Seletar_Court 
LOG (nnet3-latgen-faster[5.5.888~1-d619]:DecodeUtteranceLatticeFaster():decoder-wrappers.cc:375) Log-like per frame for utterance nsc-part2-chn0-spk09072989cnm-029890111 is 1.64658 over 151 frames.
nsc-part2-chn0-spk09072989cnm-029890149 __Inderjit_Singh __Jervois_Hill __Kampong_Kayu_Road first 
LOG (nnet3-latgen-faster[5.5.888~1-d619]:DecodeUtteranceLatticeFaster():decoder-wrappers.cc:375) Log-like per frame for utterance nsc-part2-chn0-spk09072989cnm-029890149 is 1.25697 over 142 frames.
nsc-part2-chn0-spk09072989cnm-029890199 __One_Farrer land mark near __Sembawang_Avenue much rant __Fire_Station 
LOG (nnet3-latgen-faster[5.5.888~1-d619]:DecodeUtteranceLatticeFaster():decoder-wrappers.cc:375) Log-like per frame for utterance nsc-part2-chn0-spk09072989cnm-029890199 is 1.21807 over 142 frames.
nsc-part2-chn0-spk09072989cnm-029890247 __Rochor_Kongsi fourth __University_Town __Asia_Pacific __Jalan_Berseri __Bedok_North 
LOG (nnet3-latgen-faster[5.5.888~1-d619]:DecodeUtteranceLatticeFaster():decoder-wrappers.cc:375) Log-like per frame for utterance nsc-part2-chn0-spk09072989cnm-029890247 is 1.35278 over 250 frames.
nsc-part2-chn0-spk09072989cnm-029890280 __Cleantech_View __Geylang_Serai 
LOG (nnet3-latgen-faster[5.5.888~1-d619]:DecodeUtteranceLatticeFaster():decoder-wrappers.cc:375) Log-like per frame for utterance nsc-part2-chn0-spk09072989cnm-029890280 is 1.44973 over 106 frames.
nsc-part2-chn0-spk09072989cnm-029890297 __Hussein_Aljunied __Rebecca_Chua __Abraham_Solomon 
LOG (nnet3-latgen-faster[5.5.888~1-d619]:DecodeUtteranceLatticeFaster():decoder-wrappers.cc:375) Log-like per frame for utterance nsc-part2-chn0-spk09072989cnm-029890297 is 1.60482 over 150 frames.
nsc-part2-chn0-spk09072989cnm-029890401 please __Telok_Blangah_Street __Bukit_Timah at rise 
LOG (nnet3-latgen-faster[5.5.888~1-d619]:DecodeUtteranceLatticeFaster():decoder-wrappers.cc:375) Log-like per frame for utterance nsc-part2-chn0-spk09072989cnm-029890401 is 1.09975 over 129 frames.
nsc-part2-chn0-spk09072989cnm-029890411 __Chong_Pang __Joo_Avenue __Peace_Centre __Chencharu_Link __North_West 
LOG (nnet3-latgen-faster[5.5.888~1-d619]:DecodeUtteranceLatticeFaster():decoder-wrappers.cc:375) Log-like per frame for utterance nsc-part2-chn0-spk09072989cnm-029890411 is 1.41235 over 195 frames.
nsc-part2-chn0-spk09072989cnm-029891651 fast __Topaz_Road __Jalan_Jong __Jalan_Lapang 
LOG (nnet3-latgen-faster[5.5.888~1-d619]:DecodeUtteranceLatticeFaster():decoder-wrappers.cc:375) Log-like per frame for utterance nsc-part2-chn0-spk09072989cnm-029891651 is 1.06892 over 124 frames.
nsc-part2-chn0-spk09072989cnm-029891762 __Pasir_Ris __Ava_Road __Office_Road __Lim_Chong_Pang __Kim_Seng __Morgan_Chua __Verde_Crescent double 
LOG (nnet3-latgen-faster[5.5.888~1-d619]:DecodeUtteranceLatticeFaster():decoder-wrappers.cc:375) Log-like per frame for utterance nsc-part2-chn0-spk09072989cnm-029891762 is 1.23425 over 232 frames.
nsc-part2-chn0-spk09163029inm-030290014 __East_Spring ti ge 
LOG (nnet3-latgen-faster[5.5.888~1-d619]:DecodeUtteranceLatticeFaster():decoder-wrappers.cc:375) Log-like per frame for utterance nsc-part2-chn0-spk09163029inm-030290014 is 1.14513 over 123 frames.
nsc-part2-chn0-spk09163029inm-030290023 __Evolution_Garden_Walk __Sembawang_Terminal_Avenue __Lim_Lee 
LOG (nnet3-latgen-faster[5.5.888~1-d619]:DecodeUtteranceLatticeFaster():decoder-wrappers.cc:375) Log-like per frame for utterance nsc-part2-chn0-spk09163029inm-030290023 is 1.30887 over 145 frames.
nsc-part2-chn0-spk09163029inm-030290028 __Great_World mi __Ocean_Way __Aljunied_Neighbourhood flick pose 
LOG (nnet3-latgen-faster[5.5.888~1-d619]:DecodeUtteranceLatticeFaster():decoder-wrappers.cc:375) Log-like per frame for utterance nsc-part2-chn0-spk09163029inm-030290028 is 1.29244 over 170 frames.
nsc-part2-chn0-spk09163029inm-030290087 __Chong_Pang __Kwong_Wai_Siew __Lim_Chu_Kang __Lornie_Walk __Old_Upper_Thomson road 
LOG (nnet3-latgen-faster[5.5.888~1-d619]:DecodeUtteranceLatticeFaster():decoder-wrappers.cc:375) Log-like per frame for utterance nsc-part2-chn0-spk09163029inm-030290087 is 1.20028 over 191 frames.
nsc-part2-chn0-spk09163029inm-030290099 __Geylang_United __Bliss_Hotel __Jalan_Lapang __North_Spring __Secondary_School 
LOG (nnet3-latgen-faster[5.5.888~1-d619]:DecodeUtteranceLatticeFaster():decoder-wrappers.cc:375) Log-like per frame for utterance nsc-part2-chn0-spk09163029inm-030290099 is 1.37161 over 212 frames.
nsc-part2-chn0-spk09163029inm-030290144 __Jalan_Pinang __Seletar_Hill base __South_Buona_Vista_Road 
LOG (nnet3-latgen-faster[5.5.888~1-d619]:DecodeUtteranceLatticeFaster():decoder-wrappers.cc:375) Log-like per frame for utterance nsc-part2-chn0-spk09163029inm-030290144 is 1.4717 over 160 frames.
nsc-part2-chn0-spk09163029inm-030290247 __Bedok_Ria_Crescent __Croucher_Road pine ser __Peace_Centre 
LOG (nnet3-latgen-faster[5.5.888~1-d619]:DecodeUtteranceLatticeFaster():decoder-wrappers.cc:375) Log-like per frame for utterance nsc-part2-chn0-spk09163029inm-030290247 is 1.50603 over 145 frames.
nsc-part2-chn0-spk09163029inm-030290308 __Seletar_Club __Geylang_United tempt __Brani_Drive __Siok_Wan 
LOG (nnet3-latgen-faster[5.5.888~1-d619]:DecodeUtteranceLatticeFaster():decoder-wrappers.cc:375) Log-like per frame for utterance nsc-part2-chn0-spk09163029inm-030290308 is 1.41266 over 206 frames.
nsc-part2-chn0-spk09163029inm-030290415 __Bukit_Batok __Dock_Road_West __Jalan_Zamrud 
LOG (nnet3-latgen-faster[5.5.888~1-d619]:DecodeUtteranceLatticeFaster():decoder-wrappers.cc:375) Log-like per frame for utterance nsc-part2-chn0-spk09163029inm-030290415 is 1.42332 over 155 frames.
nsc-part2-chn0-spk09163029inm-030290434 __Gerald_Crescent __Bukit_Timah_Link __Pasir_Ris_View 
LOG (nnet3-latgen-faster[5.5.888~1-d619]:DecodeUtteranceLatticeFaster():decoder-wrappers.cc:375) Log-like per frame for utterance nsc-part2-chn0-spk09163029inm-030290434 is 1.53196 over 132 frames.
nsc-part2-chn0-spk09163029inm-030291480 __Sunset_Close __Jalan_Tenang __Chinatown_Hotel 
LOG (nnet3-latgen-faster[5.5.888~1-d619]:DecodeUtteranceLatticeFaster():decoder-wrappers.cc:375) Log-like per frame for utterance nsc-part2-chn0-spk09163029inm-030291480 is 1.68235 over 145 frames.
nsc-part2-chn0-spk09163029inm-030291528 __Lorong_Sinaran __Lin_Tan __Kampong_Bahru 
LOG (nnet3-latgen-faster[5.5.888~1-d619]:DecodeUtteranceLatticeFaster():decoder-wrappers.cc:375) Log-like per frame for utterance nsc-part2-chn0-spk09163029inm-030291528 is 1.47258 over 145 frames.
nsc-part2-chn0-spk09163029inm-030291660 __Ho_Ling __Alexandra_Lane __Kampong_Kembangan __Singapore'S_Mariners' able __Aida_Street 
LOG (nnet3-latgen-faster[5.5.888~1-d619]:DecodeUtteranceLatticeFaster():decoder-wrappers.cc:375) Log-like per frame for utterance nsc-part2-chn0-spk09163029inm-030291660 is 1.09067 over 176 frames.
nsc-part2-chn0-spk09163029inm-030291859 __Bukit_Manis_Road __Jalan_Rendang __Ulu_Sembawang __Ang_Mo_Kio cor an tine __Fire_Station 
LOG (nnet3-latgen-faster[5.5.888~1-d619]:DecodeUtteranceLatticeFaster():decoder-wrappers.cc:375) Log-like per frame for utterance nsc-part2-chn0-spk09163029inm-030291859 is 1.36169 over 200 frames.
nsc-part2-chn0-spk09203005cnf-030050004 __Bedok_North __Red_Cross mar __Liang_Court roll star crease __Spring_Street cane 
LOG (nnet3-latgen-faster[5.5.888~1-d619]:DecodeUtteranceLatticeFaster():decoder-wrappers.cc:375) Log-like per frame for utterance nsc-part2-chn0-spk09203005cnf-030050004 is 1.14685 over 160 frames.
nsc-part2-chn0-spk09203005cnf-030050028 __Court_Road __Tekong_Highway __Taman_Jurong __Shopping_Centre 
LOG (nnet3-latgen-faster[5.5.888~1-d619]:DecodeUtteranceLatticeFaster():decoder-wrappers.cc:375) Log-like per frame for utterance nsc-part2-chn0-spk09203005cnf-030050028 is 1.46882 over 142 frames.
nsc-part2-chn0-spk09203005cnf-030050085 __Sembawang_Avenue di branch __Office_Road 
LOG (nnet3-latgen-faster[5.5.888~1-d619]:DecodeUtteranceLatticeFaster():decoder-wrappers.cc:375) Log-like per frame for utterance nsc-part2-chn0-spk09203005cnf-030050085 is 1.21629 over 126 frames.
nsc-part2-chn0-spk09203005cnf-030050123 __Seletar_South_Road __Redwood_Grove __Au_Yun_Pak box 
LOG (nnet3-latgen-faster[5.5.888~1-d619]:DecodeUtteranceLatticeFaster():decoder-wrappers.cc:375) Log-like per frame for utterance nsc-part2-chn0-spk09203005cnf-030050123 is 1.4814 over 169 frames.
nsc-part2-chn0-spk09203005cnf-030050166 __Orchard_Bel_Air mark near __Kampong_Wak_Hassan 
LOG (nnet3-latgen-faster[5.5.888~1-d619]:DecodeUtteranceLatticeFaster():decoder-wrappers.cc:375) Log-like per frame for utterance nsc-part2-chn0-spk09203005cnf-030050166 is 1.20483 over 134 frames.
nsc-part2-chn0-spk09203005cnf-030050212 __Singapore'S_Mariners' __Hwee_Kuan __Jalan_Jong __Lim_Ah_Pin_Road __Geylang_Road 
LOG (nnet3-latgen-faster[5.5.888~1-d619]:DecodeUtteranceLatticeFaster():decoder-wrappers.cc:375) Log-like per frame for utterance nsc-part2-chn0-spk09203005cnf-030050212 is 1.51797 over 201 frames.
nsc-part2-chn0-spk09203005cnf-030050221 __Seletar_Club __Pasir_Ris_Way __Simpang_Bedok 
LOG (nnet3-latgen-faster[5.5.888~1-d619]:DecodeUtteranceLatticeFaster():decoder-wrappers.cc:375) Log-like per frame for utterance nsc-part2-chn0-spk09203005cnf-030050221 is 1.44876 over 116 frames.
nsc-part2-chn0-spk09203005cnf-030050294 __Park_Avenue __River_Valley __Alnwick_Road __West_Spring 
LOG (nnet3-latgen-faster[5.5.888~1-d619]:DecodeUtteranceLatticeFaster():decoder-wrappers.cc:375) Log-like per frame for utterance nsc-part2-chn0-spk09203005cnf-030050294 is 1.38348 over 177 frames.
nsc-part2-chn0-spk09203005cnf-030050356 __Fourth_Street lose __Tuas_Road __Shipyard_Crescent __Bukit_Batok __Aida_Street part 
LOG (nnet3-latgen-faster[5.5.888~1-d619]:DecodeUtteranceLatticeFaster():decoder-wrappers.cc:375) Log-like per frame for utterance nsc-part2-chn0-spk09203005cnf-030050356 is 1.30592 over 201 frames.
nsc-part2-chn0-spk09203005cnf-030050374 __Hussein_Aljunied __John_Le_Cain __Rebecca_Chua 
LOG (nnet3-latgen-faster[5.5.888~1-d619]:DecodeUtteranceLatticeFaster():decoder-wrappers.cc:375) Log-like per frame for utterance nsc-part2-chn0-spk09203005cnf-030050374 is 1.46347 over 170 frames.
nsc-part2-chn0-spk09203005cnf-030050388 __Lentor_Way __Kampong_Eunos 
LOG (nnet3-latgen-faster[5.5.888~1-d619]:DecodeUtteranceLatticeFaster():decoder-wrappers.cc:375) Log-like per frame for utterance nsc-part2-chn0-spk09203005cnf-030050388 is 1.08071 over 114 frames.
nsc-part2-chn0-spk09203005cnf-030050414 __Lower_Seletar_Reservoir 
LOG (nnet3-latgen-faster[5.5.888~1-d619]:DecodeUtteranceLatticeFaster():decoder-wrappers.cc:375) Log-like per frame for utterance nsc-part2-chn0-spk09203005cnf-030050414 is 1.70285 over 93 frames.
nsc-part2-chn0-spk09203005cnf-030050423 which __Bishan_Street __Chinatown_Hotel __Peace_Centre 
LOG (nnet3-latgen-faster[5.5.888~1-d619]:DecodeUtteranceLatticeFaster():decoder-wrappers.cc:375) Log-like per frame for utterance nsc-part2-chn0-spk09203005cnf-030050423 is 1.1968 over 142 frames.
nsc-part2-chn0-spk09203005cnf-030050439 __Greenwich_Drive __Amasalam_Chetty_Road __Ang_Mo_Kio __Bukit_Timah_Link 
LOG (nnet3-latgen-faster[5.5.888~1-d619]:DecodeUtteranceLatticeFaster():decoder-wrappers.cc:375) Log-like per frame for utterance nsc-part2-chn0-spk09203005cnf-030050439 is 1.42793 over 217 frames.
nsc-part2-chn0-spk09203005cnf-030051867 __East_Spring __Tuas_Second_Link 
LOG (nnet3-latgen-faster[5.5.888~1-d619]:DecodeUtteranceLatticeFaster():decoder-wrappers.cc:375) Log-like per frame for utterance nsc-part2-chn0-spk09203005cnf-030051867 is 1.27905 over 139 frames.
nsc-part2-chn0-spk09203005cnf-030051893 __Sophia_Hull star __Jalan_Girang __Marsiling_Road 
LOG (nnet3-latgen-faster[5.5.888~1-d619]:DecodeUtteranceLatticeFaster():decoder-wrappers.cc:375) Log-like per frame for utterance nsc-part2-chn0-spk09203005cnf-030051893 is 1.26122 over 149 frames.
nsc-part2-chn0-spk09222998maf-029980029 east __Wong_Chin_Yoke_Road __Bukit_Batok_Central 
LOG (nnet3-latgen-faster[5.5.888~1-d619]:DecodeUtteranceLatticeFaster():decoder-wrappers.cc:375) Log-like per frame for utterance nsc-part2-chn0-spk09222998maf-029980029 is 1.36763 over 154 frames.
nsc-part2-chn0-spk09222998maf-029980099 __Kampong_Bugis_Crescent __Hong_San __Gul_Lane __Pasir_Ris_Way 
LOG (nnet3-latgen-faster[5.5.888~1-d619]:DecodeUtteranceLatticeFaster():decoder-wrappers.cc:375) Log-like per frame for utterance nsc-part2-chn0-spk09222998maf-029980099 is 1.39102 over 244 frames.
nsc-part2-chn0-spk09222998maf-029980181 __Ocean_Way __Chinatown_Point __Hubert_Hill __Prome_Road 
LOG (nnet3-latgen-faster[5.5.888~1-d619]:DecodeUtteranceLatticeFaster():decoder-wrappers.cc:375) Log-like per frame for utterance nsc-part2-chn0-spk09222998maf-029980181 is 1.21094 over 154 frames.
nsc-part2-chn0-spk09222998maf-029980225 __Simpang_De_Bedok 
LOG (nnet3-latgen-faster[5.5.888~1-d619]:DecodeUtteranceLatticeFaster():decoder-wrappers.cc:375) Log-like per frame for utterance nsc-part2-chn0-spk09222998maf-029980225 is 1.67384 over 67 frames.
nsc-part2-chn0-spk09222998maf-029980236 __Hougang_One __Kaki_Bukit __Sembawang_God_Of_Wealth temp lete xi 
LOG (nnet3-latgen-faster[5.5.888~1-d619]:DecodeUtteranceLatticeFaster():decoder-wrappers.cc:375) Log-like per frame for utterance nsc-part2-chn0-spk09222998maf-029980236 is 1.0225 over 210 frames.
nsc-part2-chn0-spk09222998maf-029980251 __Jalan_Binjai __Seletar_Court __Anthony_Road __Cashew_Road 
LOG (nnet3-latgen-faster[5.5.888~1-d619]:DecodeUtteranceLatticeFaster():decoder-wrappers.cc:375) Log-like per frame for utterance nsc-part2-chn0-spk09222998maf-029980251 is 1.39704 over 149 frames.
nsc-part2-chn0-spk09222998maf-029980294 __Wak_Hassan_Place __Geylang_East_Avenue __Yishun_Central __Chwee_Chian_View 
LOG (nnet3-latgen-faster[5.5.888~1-d619]:DecodeUtteranceLatticeFaster():decoder-wrappers.cc:375) Log-like per frame for utterance nsc-part2-chn0-spk09222998maf-029980294 is 1.40444 over 208 frames.
nsc-part2-chn0-spk09222998maf-029980326 __Whampoa_East __Bukit_Timah __Wallace_Way 
LOG (nnet3-latgen-faster[5.5.888~1-d619]:DecodeUtteranceLatticeFaster():decoder-wrappers.cc:375) Log-like per frame for utterance nsc-part2-chn0-spk09222998maf-029980326 is 1.26106 over 105 frames.
nsc-part2-chn0-spk09222998maf-029980356 __West_Blue_Stars __Chin_Swee __Jalan_Kampong_Chantek __River_Safari port 
LOG (nnet3-latgen-faster[5.5.888~1-d619]:DecodeUtteranceLatticeFaster():decoder-wrappers.cc:375) Log-like per frame for utterance nsc-part2-chn0-spk09222998maf-029980356 is 1.26524 over 284 frames.
nsc-part2-chn0-spk09222998maf-029980362 __Hussein_Aljunied __Alex_Josey __Cheo_Kim_Ban 
LOG (nnet3-latgen-faster[5.5.888~1-d619]:DecodeUtteranceLatticeFaster():decoder-wrappers.cc:375) Log-like per frame for utterance nsc-part2-chn0-spk09222998maf-029980362 is 1.29345 over 170 frames.
nsc-part2-chn0-spk09222998maf-029980433 __Geylang_East_Central __Kampong_Glam __Fire_Station sis port club __Ang_Mo_Kio __Clunny_Hill 
LOG (nnet3-latgen-faster[5.5.888~1-d619]:DecodeUtteranceLatticeFaster():decoder-wrappers.cc:375) Log-like per frame for utterance nsc-part2-chn0-spk09222998maf-029980433 is 1.20061 over 265 frames.
nsc-part2-chn0-spk09222998maf-029981497 __Jurong_Port __Guillemard_Road __Ang_Mo_Kio __Lower_Seletar_Reservoir 
LOG (nnet3-latgen-faster[5.5.888~1-d619]:DecodeUtteranceLatticeFaster():decoder-wrappers.cc:375) Log-like per frame for utterance nsc-part2-chn0-spk09222998maf-029981497 is 1.47706 over 158 frames.
nsc-part2-chn0-spk09222998maf-029981694 lone tone __Stephen_Lee __Springwood_Close 
LOG (nnet3-latgen-faster[5.5.888~1-d619]:DecodeUtteranceLatticeFaster():decoder-wrappers.cc:375) Log-like per frame for utterance nsc-part2-chn0-spk09222998maf-029981694 is 1.04236 over 150 frames.
nsc-part2-chn0-spk09222998maf-029981881 __Marsiling_Drive __Verde_Crescent 
LOG (nnet3-latgen-faster[5.5.888~1-d619]:DecodeUtteranceLatticeFaster():decoder-wrappers.cc:375) Log-like per frame for utterance nsc-part2-chn0-spk09222998maf-029981881 is 1.22067 over 142 frames.
nsc-part2-chn0-spk09222998maf-029981884 __Jalan_Baiduri __Geylang_Road __Kampong_Sireh 
LOG (nnet3-latgen-faster[5.5.888~1-d619]:DecodeUtteranceLatticeFaster():decoder-wrappers.cc:375) Log-like per frame for utterance nsc-part2-chn0-spk09222998maf-029981884 is 1.25902 over 132 frames.
nsc-part2-chn0-spk09293057maf-030570080 home __Ho_Ling __Geylang_Bahru_Lane __Geylang_Square 
LOG (nnet3-latgen-faster[5.5.888~1-d619]:DecodeUtteranceLatticeFaster():decoder-wrappers.cc:375) Log-like per frame for utterance nsc-part2-chn0-spk09293057maf-030570080 is 1.70362 over 129 frames.
nsc-part2-chn0-spk09293057maf-030570100 __Hougang_One __Kampong_Glam __Prome_Road 
LOG (nnet3-latgen-faster[5.5.888~1-d619]:DecodeUtteranceLatticeFaster():decoder-wrappers.cc:375) Log-like per frame for utterance nsc-part2-chn0-spk09293057maf-030570100 is 1.21651 over 105 frames.
nsc-part2-chn0-spk09293057maf-030570118 __Gateway_Avenue __Green_Kiwi_Backpacker __Hospital_Avenue __Sembawang_Vista 
LOG (nnet3-latgen-faster[5.5.888~1-d619]:DecodeUtteranceLatticeFaster():decoder-wrappers.cc:375) Log-like per frame for utterance nsc-part2-chn0-spk09293057maf-030570118 is 1.50402 over 178 frames.
nsc-part2-chn0-spk09293057maf-030570196 mi ting mon in __Aljunied_Crescent first 
LOG (nnet3-latgen-faster[5.5.888~1-d619]:DecodeUtteranceLatticeFaster():decoder-wrappers.cc:375) Log-like per frame for utterance nsc-part2-chn0-spk09293057maf-030570196 is 1.34716 over 125 frames.
nsc-part2-chn0-spk09293057maf-030570203 fast __Toa_Payoh_East __Seletar_Court 
LOG (nnet3-latgen-faster[5.5.888~1-d619]:DecodeUtteranceLatticeFaster():decoder-wrappers.cc:375) Log-like per frame for utterance nsc-part2-chn0-spk09293057maf-030570203 is 1.1237 over 108 frames.
nsc-part2-chn0-spk09293057maf-030570204 __Carnation_Drive vault __Taman_Bedok 
LOG (nnet3-latgen-faster[5.5.888~1-d619]:DecodeUtteranceLatticeFaster():decoder-wrappers.cc:375) Log-like per frame for utterance nsc-part2-chn0-spk09293057maf-030570204 is 1.39372 over 93 frames.
nsc-part2-chn0-spk09293057maf-030570415 __Gul_Lane __Bukit_Batok __Jalan_Jeruju 
LOG (nnet3-latgen-faster[5.5.888~1-d619]:DecodeUtteranceLatticeFaster():decoder-wrappers.cc:375) Log-like per frame for utterance nsc-part2-chn0-spk09293057maf-030570415 is 1.72661 over 103 frames.
nsc-part2-chn0-spk09293057maf-030571563 __Woodleigh_Close __Pasir_Ris_Way __Bedok_Reservoir 
LOG (nnet3-latgen-faster[5.5.888~1-d619]:DecodeUtteranceLatticeFaster():decoder-wrappers.cc:375) Log-like per frame for utterance nsc-part2-chn0-spk09293057maf-030571563 is 1.39699 over 99 frames.
nsc-part2-chn0-spk09293057maf-030571569 __Maritime_Square ar __Lim_Chu_Kang back from __Bukit_Timah_Link 
LOG (nnet3-latgen-faster[5.5.888~1-d619]:DecodeUtteranceLatticeFaster():decoder-wrappers.cc:375) Log-like per frame for utterance nsc-part2-chn0-spk09293057maf-030571569 is 1.26354 over 121 frames.
nsc-part2-chn0-spk09293057maf-030571598 __Hougang_One sit __Kaki_Bukit __Marsiling_Road bite xi 
LOG (nnet3-latgen-faster[5.5.888~1-d619]:DecodeUtteranceLatticeFaster():decoder-wrappers.cc:375) Log-like per frame for utterance nsc-part2-chn0-spk09293057maf-030571598 is 1.17232 over 120 frames.
LOG (apply-cmvn[5.5.888~1-d619]:main():apply-cmvn.cc:81) Copied 120 utterances.
nsc-part2-chn0-spk09293057maf-030571750 __Nan_Chiau __Anchorvale_Drive __Sembawang_Terminal_Avenue cro __Boon_Lay __Kinara_Lane 
LOG (nnet3-latgen-faster[5.5.888~1-d619]:DecodeUtteranceLatticeFaster():decoder-wrappers.cc:375) Log-like per frame for utterance nsc-part2-chn0-spk09293057maf-030571750 is 1.30565 over 189 frames.
nsc-part2-chn0-spk09293057maf-030571760 __Asimont_Lane __Seraya_Avenue __Sembawang_Hills_Drive 
LOG (nnet3-latgen-faster[5.5.888~1-d619]:DecodeUtteranceLatticeFaster():decoder-wrappers.cc:375) Log-like per frame for utterance nsc-part2-chn0-spk09293057maf-030571760 is 1.64915 over 128 frames.
nsc-part2-chn0-spk09293057maf-030571823 __How_Sun_Drive __Spring_Street 
LOG (nnet3-latgen-faster[5.5.888~1-d619]:DecodeUtteranceLatticeFaster():decoder-wrappers.cc:375) Log-like per frame for utterance nsc-part2-chn0-spk09293057maf-030571823 is 1.39079 over 82 frames.
nsc-part2-chn0-spk09293057maf-030571832 __Merlimau_Place __Jalan_Kampong_Chantek __Ceylon_Road 
LOG (nnet3-latgen-faster[5.5.888~1-d619]:DecodeUtteranceLatticeFaster():decoder-wrappers.cc:375) Log-like per frame for utterance nsc-part2-chn0-spk09293057maf-030571832 is 1.57084 over 138 frames.
nsc-part2-chn0-spk09293057maf-030571890 __Canning_Rise __Taman_Warna re store ne __Chinatown_Point 
LOG (nnet3-latgen-faster[5.5.888~1-d619]:DecodeUtteranceLatticeFaster():decoder-wrappers.cc:375) Log-like per frame for utterance nsc-part2-chn0-spk09293057maf-030571890 is 1.35631 over 121 frames.
LOG (nnet3-latgen-faster[5.5.888~1-d619]:main():nnet3-latgen-faster.cc:256) Time taken 180.588s: real-time factor assuming 100 frames/sec is 0.304527
LOG (nnet3-latgen-faster[5.5.888~1-d619]:main():nnet3-latgen-faster.cc:259) Done 120 utterances, failed for 0
LOG (nnet3-latgen-faster[5.5.888~1-d619]:main():nnet3-latgen-faster.cc:261) Overall log-likelihood per frame is 1.36177 over 19767 frames.
LOG (nnet3-latgen-faster[5.5.888~1-d619]:~CachingOptimizingCompiler():nnet-optimize.cc:710) 0.334 seconds taken in nnet3 compilation total (breakdown: 0.228 compilation, 0.063 optimization, 0 shortcut expansion, 0.0122 checking, 5.58e-05 computing indexes, 0.0313 misc.) + 0 I/O.
LOG (lattice-scale[5.5.888~1-d619]:main():lattice-scale.cc:107) Done 120 lattices.
# Ended (code 0) at Wed Aug 25 18:56:49 SGT 2021, elapsed time 236 seconds
