# lattice-depth-per-frame "ark:gunzip -c /home3/ztkyaw/w2021/deliverables/contrast-zin-dev/baseline/tdnnf-transfer-sp/decode_imda-part2_1629888772-hw_lmg/lat.5.gz|" "ark,t:|gzip -c > /home3/ztkyaw/w2021/deliverables/contrast-zin-dev/baseline/tdnnf-transfer-sp/decode_imda-part2_1629888772-hw_lmg/depth_tmp.5.gz" ark:- | lattice-best-path --acoustic-scale=0.1 ark:- ark:/dev/null "ark,t:|gzip -c >/home3/ztkyaw/w2021/deliverables/contrast-zin-dev/baseline/tdnnf-transfer-sp/decode_imda-part2_1629888772-hw_lmg/ali_tmp.5.gz" 
# Invoked at Wed Aug 25 18:57:00 SGT 2021 from node05
#
# Started at Wed Aug 25 18:57:42 +08 2021 on node09
lattice-best-path --acoustic-scale=0.1 ark:- ark:/dev/null 'ark,t:|gzip -c >/home3/ztkyaw/w2021/deliverables/contrast-zin-dev/baseline/tdnnf-transfer-sp/decode_imda-part2_1629888772-hw_lmg/ali_tmp.5.gz' 
lattice-depth-per-frame 'ark:gunzip -c /home3/ztkyaw/w2021/deliverables/contrast-zin-dev/baseline/tdnnf-transfer-sp/decode_imda-part2_1629888772-hw_lmg/lat.5.gz|' 'ark,t:|gzip -c > /home3/ztkyaw/w2021/deliverables/contrast-zin-dev/baseline/tdnnf-transfer-sp/decode_imda-part2_1629888772-hw_lmg/depth_tmp.5.gz' ark:- 
LOG (lattice-best-path[5.5.888~1-d619]:main():lattice-best-path.cc:99) For utterance nsc-part2-chn0-spk08932985cnm-029850016, best cost 42.7727 + -236.497 = -193.724 over 129 frames.
LOG (lattice-best-path[5.5.888~1-d619]:main():lattice-best-path.cc:99) For utterance nsc-part2-chn0-spk08932985cnm-029850023, best cost 96.9507 + -319.98 = -223.029 over 162 frames.
LOG (lattice-best-path[5.5.888~1-d619]:main():lattice-best-path.cc:99) For utterance nsc-part2-chn0-spk08932985cnm-029850118, best cost 73.0166 + -370.847 = -297.831 over 185 frames.
LOG (lattice-best-path[5.5.888~1-d619]:main():lattice-best-path.cc:99) For utterance nsc-part2-chn0-spk08932985cnm-029850144, best cost 72.6135 + -315.393 = -242.779 over 174 frames.
LOG (lattice-best-path[5.5.888~1-d619]:main():lattice-best-path.cc:99) For utterance nsc-part2-chn0-spk08932985cnm-029850173, best cost 68.4342 + -442.776 = -374.342 over 246 frames.
LOG (lattice-best-path[5.5.888~1-d619]:main():lattice-best-path.cc:99) For utterance nsc-part2-chn0-spk08932985cnm-029850221, best cost 60.0081 + -198.731 = -138.723 over 126 frames.
LOG (lattice-best-path[5.5.888~1-d619]:main():lattice-best-path.cc:99) For utterance nsc-part2-chn0-spk08932985cnm-029850252, best cost 32.0976 + -157.833 = -125.736 over 97 frames.
LOG (lattice-best-path[5.5.888~1-d619]:main():lattice-best-path.cc:99) For utterance nsc-part2-chn0-spk08932985cnm-029850268, best cost 58.1612 + -363.793 = -305.632 over 229 frames.
LOG (lattice-best-path[5.5.888~1-d619]:main():lattice-best-path.cc:99) For utterance nsc-part2-chn0-spk08932985cnm-029850294, best cost 67.3104 + -455.323 = -388.013 over 239 frames.
LOG (lattice-best-path[5.5.888~1-d619]:main():lattice-best-path.cc:99) For utterance nsc-part2-chn0-spk08932985cnm-029850302, best cost 47.1366 + -326.931 = -279.794 over 192 frames.
LOG (lattice-best-path[5.5.888~1-d619]:main():lattice-best-path.cc:99) For utterance nsc-part2-chn0-spk08932985cnm-029850356, best cost 66.8954 + -389.022 = -322.127 over 234 frames.
LOG (lattice-best-path[5.5.888~1-d619]:main():lattice-best-path.cc:99) For utterance nsc-part2-chn0-spk08932985cnm-029851498, best cost 88.3151 + -449.753 = -361.438 over 245 frames.
LOG (lattice-best-path[5.5.888~1-d619]:main():lattice-best-path.cc:99) For utterance nsc-part2-chn0-spk08932985cnm-029851559, best cost 80.7599 + -335.53 = -254.77 over 177 frames.
LOG (lattice-best-path[5.5.888~1-d619]:main():lattice-best-path.cc:99) For utterance nsc-part2-chn0-spk08932985cnm-029851584, best cost 65.902 + -356.79 = -290.888 over 201 frames.
LOG (lattice-best-path[5.5.888~1-d619]:main():lattice-best-path.cc:99) For utterance nsc-part2-chn0-spk08932985cnm-029851706, best cost 55.3183 + -368.068 = -312.75 over 188 frames.
LOG (lattice-best-path[5.5.888~1-d619]:main():lattice-best-path.cc:99) For utterance nsc-part2-chn0-spk08932985cnm-029851717, best cost 55.8728 + -312.715 = -256.842 over 196 frames.
LOG (lattice-best-path[5.5.888~1-d619]:main():lattice-best-path.cc:99) For utterance nsc-part2-chn0-spk08993009inf-030090049, best cost 67.6358 + -397.224 = -329.588 over 226 frames.
LOG (lattice-best-path[5.5.888~1-d619]:main():lattice-best-path.cc:99) For utterance nsc-part2-chn0-spk08993009inf-030090099, best cost 85.6937 + -425.749 = -340.055 over 259 frames.
LOG (lattice-best-path[5.5.888~1-d619]:main():lattice-best-path.cc:99) For utterance nsc-part2-chn0-spk08993009inf-030090136, best cost 58.4374 + -395.201 = -336.763 over 233 frames.
LOG (lattice-best-path[5.5.888~1-d619]:main():lattice-best-path.cc:99) For utterance nsc-part2-chn0-spk08993009inf-030090166, best cost 70.403 + -276.866 = -206.463 over 152 frames.
LOG (lattice-best-path[5.5.888~1-d619]:main():lattice-best-path.cc:99) For utterance nsc-part2-chn0-spk08993009inf-030090202, best cost 43.2559 + -200.959 = -157.703 over 136 frames.
LOG (lattice-best-path[5.5.888~1-d619]:main():lattice-best-path.cc:99) For utterance nsc-part2-chn0-spk08993009inf-030090294, best cost 63.5683 + -350.551 = -286.983 over 186 frames.
LOG (lattice-best-path[5.5.888~1-d619]:main():lattice-best-path.cc:99) For utterance nsc-part2-chn0-spk08993009inf-030090302, best cost 86.8593 + -464.11 = -377.25 over 278 frames.
LOG (lattice-best-path[5.5.888~1-d619]:main():lattice-best-path.cc:99) For utterance nsc-part2-chn0-spk08993009inf-030090352, best cost 59.6073 + -256.322 = -196.715 over 144 frames.
LOG (lattice-best-path[5.5.888~1-d619]:main():lattice-best-path.cc:99) For utterance nsc-part2-chn0-spk08993009inf-030090411, best cost 88.6838 + -443.235 = -354.551 over 268 frames.
LOG (lattice-best-path[5.5.888~1-d619]:main():lattice-best-path.cc:99) For utterance nsc-part2-chn0-spk08993009inf-030090434, best cost 46.6523 + -325.102 = -278.45 over 185 frames.
LOG (lattice-best-path[5.5.888~1-d619]:main():lattice-best-path.cc:99) For utterance nsc-part2-chn0-spk08993009inf-030090439, best cost 57.0271 + -355.226 = -298.198 over 195 frames.
LOG (lattice-best-path[5.5.888~1-d619]:main():lattice-best-path.cc:99) For utterance nsc-part2-chn0-spk08993009inf-030090442, best cost 80.0959 + -293.436 = -213.34 over 177 frames.
LOG (lattice-best-path[5.5.888~1-d619]:main():lattice-best-path.cc:99) For utterance nsc-part2-chn0-spk08993009inf-030091593, best cost 98.2355 + -423.668 = -325.433 over 271 frames.
LOG (lattice-best-path[5.5.888~1-d619]:main():lattice-best-path.cc:99) For utterance nsc-part2-chn0-spk08993009inf-030091644, best cost 59.0027 + -250.787 = -191.784 over 150 frames.
LOG (lattice-best-path[5.5.888~1-d619]:main():lattice-best-path.cc:99) For utterance nsc-part2-chn0-spk08993009inf-030091751, best cost 58.1381 + -298.82 = -240.682 over 211 frames.
LOG (lattice-best-path[5.5.888~1-d619]:main():lattice-best-path.cc:99) For utterance nsc-part2-chn0-spk09062988maf-029880079, best cost 56.5689 + -337.865 = -281.296 over 206 frames.
LOG (lattice-best-path[5.5.888~1-d619]:main():lattice-best-path.cc:99) For utterance nsc-part2-chn0-spk09062988maf-029880111, best cost 65.0789 + -347.714 = -282.635 over 194 frames.
LOG (lattice-best-path[5.5.888~1-d619]:main():lattice-best-path.cc:99) For utterance nsc-part2-chn0-spk09062988maf-029880150, best cost 81.3075 + -308.066 = -226.758 over 191 frames.
LOG (lattice-best-path[5.5.888~1-d619]:main():lattice-best-path.cc:99) For utterance nsc-part2-chn0-spk09062988maf-029880188, best cost 31.75 + -158.257 = -126.507 over 92 frames.
LOG (lattice-best-path[5.5.888~1-d619]:main():lattice-best-path.cc:99) For utterance nsc-part2-chn0-spk09062988maf-029880225, best cost 29.8082 + -125.782 = -95.9743 over 64 frames.
LOG (lattice-best-path[5.5.888~1-d619]:main():lattice-best-path.cc:99) For utterance nsc-part2-chn0-spk09062988maf-029880258, best cost 44.7125 + -293.362 = -248.649 over 157 frames.
LOG (lattice-best-path[5.5.888~1-d619]:main():lattice-best-path.cc:99) For utterance nsc-part2-chn0-spk09062988maf-029880281, best cost 108.783 + -303.178 = -194.396 over 163 frames.
LOG (lattice-best-path[5.5.888~1-d619]:main():lattice-best-path.cc:99) For utterance nsc-part2-chn0-spk09062988maf-029880308, best cost 52.8239 + -256.375 = -203.551 over 152 frames.
LOG (lattice-best-path[5.5.888~1-d619]:main():lattice-best-path.cc:99) For utterance nsc-part2-chn0-spk09062988maf-029880407, best cost 56.9753 + -207.61 = -150.635 over 106 frames.
LOG (lattice-best-path[5.5.888~1-d619]:main():lattice-best-path.cc:99) For utterance nsc-part2-chn0-spk09062988maf-029880415, best cost 66.0146 + -300.198 = -234.183 over 185 frames.
LOG (lattice-best-path[5.5.888~1-d619]:main():lattice-best-path.cc:99) For utterance nsc-part2-chn0-spk09062988maf-029881497, best cost 55.6658 + -380.275 = -324.609 over 193 frames.
LOG (lattice-best-path[5.5.888~1-d619]:main():lattice-best-path.cc:99) For utterance nsc-part2-chn0-spk09062988maf-029881548, best cost 59.8244 + -212.495 = -152.67 over 131 frames.
LOG (lattice-best-path[5.5.888~1-d619]:main():lattice-best-path.cc:99) For utterance nsc-part2-chn0-spk09062988maf-029881660, best cost 73.3986 + -318.297 = -244.899 over 177 frames.
LOG (lattice-best-path[5.5.888~1-d619]:main():lattice-best-path.cc:99) For utterance nsc-part2-chn0-spk09062988maf-029881687, best cost 40.8309 + -157.589 = -116.758 over 101 frames.
LOG (lattice-best-path[5.5.888~1-d619]:main():lattice-best-path.cc:99) For utterance nsc-part2-chn0-spk09062988maf-029881890, best cost 102.546 + -319.771 = -217.225 over 202 frames.
LOG (lattice-best-path[5.5.888~1-d619]:main():lattice-best-path.cc:99) For utterance nsc-part2-chn0-spk09072989cnm-029890009, best cost 59.0187 + -252.462 = -193.443 over 131 frames.
LOG (lattice-best-path[5.5.888~1-d619]:main():lattice-best-path.cc:99) For utterance nsc-part2-chn0-spk09072989cnm-029890014, best cost 34.7201 + -173.418 = -138.698 over 121 frames.
LOG (lattice-best-path[5.5.888~1-d619]:main():lattice-best-path.cc:99) For utterance nsc-part2-chn0-spk09072989cnm-029890020, best cost 83.8985 + -375.826 = -291.928 over 228 frames.
LOG (lattice-best-path[5.5.888~1-d619]:main():lattice-best-path.cc:99) For utterance nsc-part2-chn0-spk09072989cnm-029890030, best cost 22.1136 + -150.947 = -128.834 over 75 frames.
LOG (lattice-best-path[5.5.888~1-d619]:main():lattice-best-path.cc:99) For utterance nsc-part2-chn0-spk09072989cnm-029890111, best cost 53.6413 + -302.275 = -248.634 over 151 frames.
LOG (lattice-best-path[5.5.888~1-d619]:main():lattice-best-path.cc:99) For utterance nsc-part2-chn0-spk09072989cnm-029890149, best cost 53.3534 + -231.844 = -178.49 over 142 frames.
LOG (lattice-best-path[5.5.888~1-d619]:main():lattice-best-path.cc:99) For utterance nsc-part2-chn0-spk09072989cnm-029890199, best cost 88.7372 + -261.703 = -172.966 over 142 frames.
LOG (lattice-best-path[5.5.888~1-d619]:main():lattice-best-path.cc:99) For utterance nsc-part2-chn0-spk09072989cnm-029890247, best cost 77.7545 + -415.949 = -338.194 over 250 frames.
LOG (lattice-best-path[5.5.888~1-d619]:main():lattice-best-path.cc:99) For utterance nsc-part2-chn0-spk09072989cnm-029890280, best cost 32.7204 + -186.392 = -153.672 over 106 frames.
LOG (lattice-best-path[5.5.888~1-d619]:main():lattice-best-path.cc:99) For utterance nsc-part2-chn0-spk09072989cnm-029890297, best cost 44.2273 + -284.951 = -240.723 over 150 frames.
LOG (lattice-best-path[5.5.888~1-d619]:main():lattice-best-path.cc:99) For utterance nsc-part2-chn0-spk09072989cnm-029890401, best cost 61.0197 + -202.888 = -141.868 over 129 frames.
LOG (lattice-best-path[5.5.888~1-d619]:main():lattice-best-path.cc:99) For utterance nsc-part2-chn0-spk09072989cnm-029890411, best cost 64.2625 + -339.671 = -275.409 over 195 frames.
LOG (lattice-best-path[5.5.888~1-d619]:main():lattice-best-path.cc:99) For utterance nsc-part2-chn0-spk09072989cnm-029891651, best cost 51.5745 + -184.121 = -132.547 over 124 frames.
LOG (lattice-best-path[5.5.888~1-d619]:main():lattice-best-path.cc:99) For utterance nsc-part2-chn0-spk09072989cnm-029891762, best cost 93.4209 + -379.767 = -286.347 over 232 frames.
LOG (lattice-best-path[5.5.888~1-d619]:main():lattice-best-path.cc:99) For utterance nsc-part2-chn0-spk09163029inm-030290014, best cost 39.9183 + -180.769 = -140.851 over 123 frames.
LOG (lattice-best-path[5.5.888~1-d619]:main():lattice-best-path.cc:99) For utterance nsc-part2-chn0-spk09163029inm-030290023, best cost 43.8797 + -233.666 = -189.786 over 145 frames.
LOG (lattice-best-path[5.5.888~1-d619]:main():lattice-best-path.cc:99) For utterance nsc-part2-chn0-spk09163029inm-030290028, best cost 73.0413 + -292.755 = -219.714 over 170 frames.
LOG (lattice-best-path[5.5.888~1-d619]:main():lattice-best-path.cc:99) For utterance nsc-part2-chn0-spk09163029inm-030290087, best cost 73.3299 + -302.583 = -229.253 over 191 frames.
LOG (lattice-best-path[5.5.888~1-d619]:main():lattice-best-path.cc:99) For utterance nsc-part2-chn0-spk09163029inm-030290099, best cost 65.4408 + -356.221 = -290.78 over 212 frames.
LOG (lattice-best-path[5.5.888~1-d619]:main():lattice-best-path.cc:99) For utterance nsc-part2-chn0-spk09163029inm-030290144, best cost 54.2632 + -289.734 = -235.471 over 160 frames.
LOG (lattice-best-path[5.5.888~1-d619]:main():lattice-best-path.cc:99) For utterance nsc-part2-chn0-spk09163029inm-030290247, best cost 61.0809 + -279.456 = -218.375 over 145 frames.
LOG (lattice-best-path[5.5.888~1-d619]:main():lattice-best-path.cc:99) For utterance nsc-part2-chn0-spk09163029inm-030290308, best cost 66.2466 + -357.254 = -291.008 over 206 frames.
LOG (lattice-best-path[5.5.888~1-d619]:main():lattice-best-path.cc:99) For utterance nsc-part2-chn0-spk09163029inm-030290415, best cost 44.5739 + -265.188 = -220.615 over 155 frames.
LOG (lattice-best-path[5.5.888~1-d619]:main():lattice-best-path.cc:99) For utterance nsc-part2-chn0-spk09163029inm-030290434, best cost 42.9786 + -245.197 = -202.218 over 132 frames.
LOG (lattice-best-path[5.5.888~1-d619]:main():lattice-best-path.cc:99) For utterance nsc-part2-chn0-spk09163029inm-030291480, best cost 43.8807 + -287.822 = -243.941 over 145 frames.
LOG (lattice-best-path[5.5.888~1-d619]:main():lattice-best-path.cc:99) For utterance nsc-part2-chn0-spk09163029inm-030291528, best cost 43.8817 + -257.406 = -213.524 over 145 frames.
LOG (lattice-best-path[5.5.888~1-d619]:main():lattice-best-path.cc:99) For utterance nsc-part2-chn0-spk09163029inm-030291660, best cost 72.0959 + -264.053 = -191.957 over 176 frames.
LOG (lattice-best-path[5.5.888~1-d619]:main():lattice-best-path.cc:99) For utterance nsc-part2-chn0-spk09163029inm-030291859, best cost 89.5973 + -361.936 = -272.338 over 200 frames.
LOG (lattice-best-path[5.5.888~1-d619]:main():lattice-best-path.cc:99) For utterance nsc-part2-chn0-spk09203005cnf-030050004, best cost 98.0982 + -281.594 = -183.496 over 160 frames.
LOG (lattice-best-path[5.5.888~1-d619]:main():lattice-best-path.cc:99) For utterance nsc-part2-chn0-spk09203005cnf-030050028, best cost 52.1278 + -260.7 = -208.572 over 142 frames.
LOG (lattice-best-path[5.5.888~1-d619]:main():lattice-best-path.cc:99) For utterance nsc-part2-chn0-spk09203005cnf-030050085, best cost 50.7805 + -204.033 = -153.253 over 126 frames.
LOG (lattice-best-path[5.5.888~1-d619]:main():lattice-best-path.cc:99) For utterance nsc-part2-chn0-spk09203005cnf-030050123, best cost 54.6937 + -305.05 = -250.357 over 169 frames.
LOG (lattice-best-path[5.5.888~1-d619]:main():lattice-best-path.cc:99) For utterance nsc-part2-chn0-spk09203005cnf-030050166, best cost 52.4542 + -213.902 = -161.447 over 134 frames.
LOG (lattice-best-path[5.5.888~1-d619]:main():lattice-best-path.cc:99) For utterance nsc-part2-chn0-spk09203005cnf-030050212, best cost 64.6774 + -369.789 = -305.112 over 201 frames.
LOG (lattice-best-path[5.5.888~1-d619]:main():lattice-best-path.cc:99) For utterance nsc-part2-chn0-spk09203005cnf-030050221, best cost 41.8686 + -209.924 = -168.056 over 116 frames.
LOG (lattice-best-path[5.5.888~1-d619]:main():lattice-best-path.cc:99) For utterance nsc-part2-chn0-spk09203005cnf-030050294, best cost 54.5548 + -299.431 = -244.876 over 177 frames.
LOG (lattice-best-path[5.5.888~1-d619]:main():lattice-best-path.cc:99) For utterance nsc-part2-chn0-spk09203005cnf-030050356, best cost 83.7037 + -346.194 = -262.49 over 201 frames.
LOG (lattice-best-path[5.5.888~1-d619]:main():lattice-best-path.cc:99) For utterance nsc-part2-chn0-spk09203005cnf-030050374, best cost 45.6146 + -294.404 = -248.789 over 170 frames.
LOG (lattice-best-path[5.5.888~1-d619]:main():lattice-best-path.cc:99) For utterance nsc-part2-chn0-spk09203005cnf-030050388, best cost 33.2759 + -156.477 = -123.201 over 114 frames.
LOG (lattice-best-path[5.5.888~1-d619]:main():lattice-best-path.cc:99) For utterance nsc-part2-chn0-spk09203005cnf-030050414, best cost 23.3613 + -181.726 = -158.365 over 93 frames.
LOG (lattice-best-path[5.5.888~1-d619]:main():lattice-best-path.cc:99) For utterance nsc-part2-chn0-spk09203005cnf-030050423, best cost 53.3525 + -223.298 = -169.945 over 142 frames.
LOG (lattice-best-path[5.5.888~1-d619]:main():lattice-best-path.cc:99) For utterance nsc-part2-chn0-spk09203005cnf-030050439, best cost 57.3284 + -367.189 = -309.86 over 217 frames.
LOG (lattice-best-path[5.5.888~1-d619]:main():lattice-best-path.cc:99) For utterance nsc-part2-chn0-spk09203005cnf-030051867, best cost 35.0078 + -212.795 = -177.787 over 139 frames.
LOG (lattice-best-path[5.5.888~1-d619]:main():lattice-best-path.cc:99) For utterance nsc-part2-chn0-spk09203005cnf-030051893, best cost 52.8435 + -240.765 = -187.922 over 149 frames.
LOG (lattice-best-path[5.5.888~1-d619]:main():lattice-best-path.cc:99) For utterance nsc-part2-chn0-spk09222998maf-029980029, best cost 45.3913 + -256.006 = -210.614 over 154 frames.
LOG (lattice-best-path[5.5.888~1-d619]:main():lattice-best-path.cc:99) For utterance nsc-part2-chn0-spk09222998maf-029980099, best cost 59.1999 + -398.61 = -339.41 over 244 frames.
LOG (lattice-best-path[5.5.888~1-d619]:main():lattice-best-path.cc:99) For utterance nsc-part2-chn0-spk09222998maf-029980181, best cost 52.9606 + -239.445 = -186.485 over 154 frames.
LOG (lattice-best-path[5.5.888~1-d619]:main():lattice-best-path.cc:99) For utterance nsc-part2-chn0-spk09222998maf-029980225, best cost 21.5581 + -133.706 = -112.148 over 67 frames.
LOG (lattice-best-path[5.5.888~1-d619]:main():lattice-best-path.cc:99) For utterance nsc-part2-chn0-spk09222998maf-029980236, best cost 75.725 + -290.45 = -214.725 over 210 frames.
LOG (lattice-best-path[5.5.888~1-d619]:main():lattice-best-path.cc:99) For utterance nsc-part2-chn0-spk09222998maf-029980251, best cost 52.614 + -260.772 = -208.158 over 149 frames.
LOG (lattice-best-path[5.5.888~1-d619]:main():lattice-best-path.cc:99) For utterance nsc-part2-chn0-spk09222998maf-029980294, best cost 56.7065 + -348.829 = -292.122 over 208 frames.
LOG (lattice-best-path[5.5.888~1-d619]:main():lattice-best-path.cc:99) For utterance nsc-part2-chn0-spk09222998maf-029980326, best cost 41.1081 + -173.52 = -132.412 over 105 frames.
LOG (lattice-best-path[5.5.888~1-d619]:main():lattice-best-path.cc:99) For utterance nsc-part2-chn0-spk09222998maf-029980356, best cost 70.6971 + -430.025 = -359.328 over 284 frames.
LOG (lattice-best-path[5.5.888~1-d619]:main():lattice-best-path.cc:99) For utterance nsc-part2-chn0-spk09222998maf-029980362, best cost 45.6146 + -265.501 = -219.887 over 170 frames.
LOG (lattice-best-path[5.5.888~1-d619]:main():lattice-best-path.cc:99) For utterance nsc-part2-chn0-spk09222998maf-029980433, best cost 95.8254 + -413.988 = -318.162 over 265 frames.
LOG (lattice-best-path[5.5.888~1-d619]:main():lattice-best-path.cc:99) For utterance nsc-part2-chn0-spk09222998maf-029981497, best cost 53.2379 + -286.613 = -233.376 over 158 frames.
LOG (lattice-best-path[5.5.888~1-d619]:main():lattice-best-path.cc:99) For utterance nsc-part2-chn0-spk09222998maf-029981694, best cost 54.7947 + -211.148 = -156.354 over 150 frames.
LOG (lattice-best-path[5.5.888~1-d619]:main():lattice-best-path.cc:99) For utterance nsc-part2-chn0-spk09222998maf-029981881, best cost 35.2157 + -208.552 = -173.336 over 142 frames.
LOG (lattice-best-path[5.5.888~1-d619]:main():lattice-best-path.cc:99) For utterance nsc-part2-chn0-spk09222998maf-029981884, best cost 42.9806 + -209.172 = -166.191 over 132 frames.
LOG (lattice-best-path[5.5.888~1-d619]:main():lattice-best-path.cc:99) For utterance nsc-part2-chn0-spk09293057maf-030570080, best cost 52.4533 + -272.22 = -219.767 over 129 frames.
LOG (lattice-best-path[5.5.888~1-d619]:main():lattice-best-path.cc:99) For utterance nsc-part2-chn0-spk09293057maf-030570100, best cost 41.1081 + -168.842 = -127.734 over 105 frames.
LOG (lattice-best-path[5.5.888~1-d619]:main():lattice-best-path.cc:99) For utterance nsc-part2-chn0-spk09293057maf-030570118, best cost 54.6242 + -322.339 = -267.715 over 178 frames.
LOG (lattice-best-path[5.5.888~1-d619]:main():lattice-best-path.cc:99) For utterance nsc-part2-chn0-spk09293057maf-030570196, best cost 65.1634 + -233.558 = -168.395 over 125 frames.
LOG (lattice-best-path[5.5.888~1-d619]:main():lattice-best-path.cc:99) For utterance nsc-part2-chn0-spk09293057maf-030570203, best cost 42.0094 + -163.369 = -121.359 over 108 frames.
LOG (lattice-best-path[5.5.888~1-d619]:main():lattice-best-path.cc:99) For utterance nsc-part2-chn0-spk09293057maf-030570204, best cost 41.501 + -171.117 = -129.616 over 93 frames.
LOG (lattice-best-path[5.5.888~1-d619]:main():lattice-best-path.cc:99) For utterance nsc-part2-chn0-spk09293057maf-030570415, best cost 40.9685 + -218.809 = -177.841 over 103 frames.
LOG (lattice-best-path[5.5.888~1-d619]:main():lattice-best-path.cc:99) For utterance nsc-part2-chn0-spk09293057maf-030571563, best cost 40.6913 + -178.993 = -138.302 over 99 frames.
LOG (lattice-best-path[5.5.888~1-d619]:main():lattice-best-path.cc:99) For utterance nsc-part2-chn0-spk09293057maf-030571569, best cost 68.5023 + -221.391 = -152.889 over 121 frames.
LOG (lattice-best-path[5.5.888~1-d619]:main():lattice-best-path.cc:99) For utterance nsc-part2-chn0-spk09293057maf-030571598, best cost 68.6537 + -209.332 = -140.678 over 120 frames.
LOG (lattice-best-path[5.5.888~1-d619]:main():lattice-best-path.cc:99) For utterance nsc-part2-chn0-spk09293057maf-030571750, best cost 72.6073 + -319.376 = -246.769 over 189 frames.
LOG (lattice-best-path[5.5.888~1-d619]:main():lattice-best-path.cc:99) For utterance nsc-part2-chn0-spk09293057maf-030571760, best cost 42.7033 + -253.795 = -211.091 over 128 frames.
LOG (lattice-best-path[5.5.888~1-d619]:main():lattice-best-path.cc:99) For utterance nsc-part2-chn0-spk09293057maf-030571823, best cost 31.0559 + -145.1 = -114.044 over 82 frames.
LOG (lattice-best-path[5.5.888~1-d619]:main():lattice-best-path.cc:99) For utterance nsc-part2-chn0-spk09293057maf-030571832, best cost 43.3965 + -260.172 = -216.776 over 138 frames.
LOG (lattice-best-path[5.5.888~1-d619]:main():lattice-best-path.cc:99) For utterance nsc-part2-chn0-spk09293057maf-030571890, best cost 65.4369 + -229.55 = -164.113 over 121 frames.
LOG (lattice-depth-per-frame[5.5.888~1-d619]:main():lattice-depth-per-frame.cc:82) Done 120 lattices.
LOG (lattice-best-path[5.5.888~1-d619]:main():lattice-best-path.cc:124) Overall cost per frame is -1.36177 = 0.356345 [graph] + -1.71811 [acoustic] over 19767 frames.
LOG (lattice-best-path[5.5.888~1-d619]:main():lattice-best-path.cc:128) Done 120 lattices, failed for 0
# Ended (code 0) at Wed Aug 25 18:57:43 SGT 2021, elapsed time 43 seconds
