# lattice-depth-per-frame "ark:gunzip -c /home3/ztkyaw/w2021/deliverables/contrast-zin-dev/baseline/tdnnf-transfer-sp/decode_imda-part2_1629888772-hw_lmg/lat.2.gz|" "ark,t:|gzip -c > /home3/ztkyaw/w2021/deliverables/contrast-zin-dev/baseline/tdnnf-transfer-sp/decode_imda-part2_1629888772-hw_lmg/depth_tmp.2.gz" ark:- | lattice-best-path --acoustic-scale=0.1 ark:- ark:/dev/null "ark,t:|gzip -c >/home3/ztkyaw/w2021/deliverables/contrast-zin-dev/baseline/tdnnf-transfer-sp/decode_imda-part2_1629888772-hw_lmg/ali_tmp.2.gz" 
# Invoked at Wed Aug 25 18:57:00 SGT 2021 from node05
#
# Started at Wed Aug 25 18:57:42 +08 2021 on node09
lattice-depth-per-frame 'ark:gunzip -c /home3/ztkyaw/w2021/deliverables/contrast-zin-dev/baseline/tdnnf-transfer-sp/decode_imda-part2_1629888772-hw_lmg/lat.2.gz|' 'ark,t:|gzip -c > /home3/ztkyaw/w2021/deliverables/contrast-zin-dev/baseline/tdnnf-transfer-sp/decode_imda-part2_1629888772-hw_lmg/depth_tmp.2.gz' ark:- 
lattice-best-path --acoustic-scale=0.1 ark:- ark:/dev/null 'ark,t:|gzip -c >/home3/ztkyaw/w2021/deliverables/contrast-zin-dev/baseline/tdnnf-transfer-sp/decode_imda-part2_1629888772-hw_lmg/ali_tmp.2.gz' 
LOG (lattice-best-path[5.5.888~1-d619]:main():lattice-best-path.cc:99) For utterance nsc-part2-chn0-spk03092658maf-026580080, best cost 104.327 + -483.202 = -378.875 over 271 frames.
LOG (lattice-best-path[5.5.888~1-d619]:main():lattice-best-path.cc:99) For utterance nsc-part2-chn0-spk03092658maf-026580111, best cost 90.6923 + -363.327 = -272.635 over 187 frames.
LOG (lattice-best-path[5.5.888~1-d619]:main():lattice-best-path.cc:99) For utterance nsc-part2-chn0-spk03092658maf-026580197, best cost 43.1192 + -210.836 = -167.717 over 134 frames.
LOG (lattice-best-path[5.5.888~1-d619]:main():lattice-best-path.cc:99) For utterance nsc-part2-chn0-spk03092658maf-026580273, best cost 52.7791 + -205.765 = -152.986 over 148 frames.
LOG (lattice-best-path[5.5.888~1-d619]:main():lattice-best-path.cc:99) For utterance nsc-part2-chn0-spk03092658maf-026580299, best cost 65.8567 + -333.963 = -268.106 over 218 frames.
LOG (lattice-best-path[5.5.888~1-d619]:main():lattice-best-path.cc:99) For utterance nsc-part2-chn0-spk03092658maf-026580311, best cost 51.0901 + -219.397 = -168.307 over 127 frames.
LOG (lattice-best-path[5.5.888~1-d619]:main():lattice-best-path.cc:99) For utterance nsc-part2-chn0-spk03092658maf-026580313, best cost 65.7854 + -393.26 = -327.475 over 217 frames.
LOG (lattice-best-path[5.5.888~1-d619]:main():lattice-best-path.cc:99) For utterance nsc-part2-chn0-spk03092658maf-026580327, best cost 49.7031 + -366.232 = -316.529 over 229 frames.
LOG (lattice-best-path[5.5.888~1-d619]:main():lattice-best-path.cc:99) For utterance nsc-part2-chn0-spk03092658maf-026581497, best cost 54.2543 + -281.923 = -227.669 over 165 frames.
LOG (lattice-best-path[5.5.888~1-d619]:main():lattice-best-path.cc:99) For utterance nsc-part2-chn0-spk03092658maf-026581519, best cost 41.3141 + -186.797 = -145.483 over 108 frames.
LOG (lattice-best-path[5.5.888~1-d619]:main():lattice-best-path.cc:99) For utterance nsc-part2-chn0-spk03092658maf-026581607, best cost 22.4612 + -139.079 = -116.618 over 80 frames.
LOG (lattice-best-path[5.5.888~1-d619]:main():lattice-best-path.cc:99) For utterance nsc-part2-chn0-spk03092658maf-026581697, best cost 51.8998 + -207.168 = -155.269 over 121 frames.
LOG (lattice-best-path[5.5.888~1-d619]:main():lattice-best-path.cc:99) For utterance nsc-part2-chn0-spk03092658maf-026581716, best cost 68.7439 + -389.348 = -320.604 over 242 frames.
LOG (lattice-best-path[5.5.888~1-d619]:main():lattice-best-path.cc:99) For utterance nsc-part2-chn0-spk03092658maf-026581893, best cost 51.2951 + -237.654 = -186.359 over 130 frames.
LOG (lattice-best-path[5.5.888~1-d619]:main():lattice-best-path.cc:99) For utterance nsc-part2-chn0-spk03192668maf-026680024, best cost 73.7882 + -323.652 = -249.864 over 180 frames.
LOG (lattice-best-path[5.5.888~1-d619]:main():lattice-best-path.cc:99) For utterance nsc-part2-chn0-spk03192668maf-026680099, best cost 61.1191 + -255.853 = -194.734 over 142 frames.
LOG (lattice-best-path[5.5.888~1-d619]:main():lattice-best-path.cc:99) For utterance nsc-part2-chn0-spk03192668maf-026680123, best cost 70.5874 + -306.434 = -235.847 over 161 frames.
LOG (lattice-best-path[5.5.888~1-d619]:main():lattice-best-path.cc:99) For utterance nsc-part2-chn0-spk03192668maf-026680212, best cost 52.2704 + -288.851 = -236.581 over 144 frames.
LOG (lattice-best-path[5.5.888~1-d619]:main():lattice-best-path.cc:99) For utterance nsc-part2-chn0-spk03192668maf-026680269, best cost 51.7139 + -236.858 = -185.144 over 136 frames.
LOG (lattice-best-path[5.5.888~1-d619]:main():lattice-best-path.cc:99) For utterance nsc-part2-chn0-spk03192668maf-026680299, best cost 42.0766 + -239.355 = -197.278 over 119 frames.
LOG (lattice-best-path[5.5.888~1-d619]:main():lattice-best-path.cc:99) For utterance nsc-part2-chn0-spk03192668maf-026680384, best cost 63.1977 + -246.067 = -182.869 over 162 frames.
LOG (lattice-best-path[5.5.888~1-d619]:main():lattice-best-path.cc:99) For utterance nsc-part2-chn0-spk03192668maf-026680411, best cost 51.4367 + -258.709 = -207.273 over 132 frames.
LOG (lattice-best-path[5.5.888~1-d619]:main():lattice-best-path.cc:99) For utterance nsc-part2-chn0-spk03192668maf-026680415, best cost 50.8841 + -235.364 = -184.48 over 124 frames.
LOG (lattice-best-path[5.5.888~1-d619]:main():lattice-best-path.cc:99) For utterance nsc-part2-chn0-spk03192668maf-026681505, best cost 63.3022 + -202.83 = -139.528 over 115 frames.
LOG (lattice-best-path[5.5.888~1-d619]:main():lattice-best-path.cc:99) For utterance nsc-part2-chn0-spk03192668maf-026681571, best cost 60.9113 + -230.539 = -169.628 over 129 frames.
LOG (lattice-best-path[5.5.888~1-d619]:main():lattice-best-path.cc:99) For utterance nsc-part2-chn0-spk03192668maf-026681582, best cost 52.3368 + -247.796 = -195.459 over 145 frames.
LOG (lattice-best-path[5.5.888~1-d619]:main():lattice-best-path.cc:99) For utterance nsc-part2-chn0-spk03192668maf-026681668, best cost 50.6521 + -179.504 = -128.852 over 103 frames.
LOG (lattice-best-path[5.5.888~1-d619]:main():lattice-best-path.cc:99) For utterance nsc-part2-chn0-spk03192668maf-026681746, best cost 51.4801 + -185.773 = -134.292 over 107 frames.
LOG (lattice-best-path[5.5.888~1-d619]:main():lattice-best-path.cc:99) For utterance nsc-part2-chn0-spk03192668maf-026681882, best cost 53.3765 + -323.331 = -269.955 over 160 frames.
LOG (lattice-best-path[5.5.888~1-d619]:main():lattice-best-path.cc:99) For utterance nsc-part2-chn0-spk03272676cnm-026760063, best cost 42.4231 + -205.88 = -163.457 over 124 frames.
LOG (lattice-best-path[5.5.888~1-d619]:main():lattice-best-path.cc:99) For utterance nsc-part2-chn0-spk03272676cnm-026760100, best cost 43.6718 + -247.492 = -203.82 over 142 frames.
LOG (lattice-best-path[5.5.888~1-d619]:main():lattice-best-path.cc:99) For utterance nsc-part2-chn0-spk03272676cnm-026760111, best cost 45.4056 + -269.133 = -223.728 over 167 frames.
LOG (lattice-best-path[5.5.888~1-d619]:main():lattice-best-path.cc:99) For utterance nsc-part2-chn0-spk03272676cnm-026760136, best cost 66.747 + -362.012 = -295.266 over 235 frames.
LOG (lattice-best-path[5.5.888~1-d619]:main():lattice-best-path.cc:99) For utterance nsc-part2-chn0-spk03272676cnm-026760204, best cost 33.4136 + -198.135 = -164.722 over 116 frames.
LOG (lattice-best-path[5.5.888~1-d619]:main():lattice-best-path.cc:99) For utterance nsc-part2-chn0-spk03272676cnm-026760439, best cost 63.1498 + -330.715 = -267.565 over 168 frames.
LOG (lattice-best-path[5.5.888~1-d619]:main():lattice-best-path.cc:99) For utterance nsc-part2-chn0-spk03272676cnm-026761516, best cost 66.7078 + -293.401 = -226.693 over 195 frames.
LOG (lattice-best-path[5.5.888~1-d619]:main():lattice-best-path.cc:99) For utterance nsc-part2-chn0-spk03272676cnm-026761535, best cost 57.9302 + -327.77 = -269.84 over 208 frames.
LOG (lattice-best-path[5.5.888~1-d619]:main():lattice-best-path.cc:99) For utterance nsc-part2-chn0-spk03272676cnm-026761548, best cost 61.8674 + -232.491 = -170.624 over 130 frames.
LOG (lattice-best-path[5.5.888~1-d619]:main():lattice-best-path.cc:99) For utterance nsc-part2-chn0-spk03272676cnm-026761559, best cost 55.4569 + -324.069 = -268.612 over 190 frames.
LOG (lattice-best-path[5.5.888~1-d619]:main():lattice-best-path.cc:99) For utterance nsc-part2-chn0-spk03272676cnm-026761650, best cost 32.1659 + -173.446 = -141.28 over 98 frames.
LOG (lattice-best-path[5.5.888~1-d619]:main():lattice-best-path.cc:99) For utterance nsc-part2-chn0-spk03272676cnm-026761716, best cost 53.933 + -277.615 = -223.682 over 168 frames.
LOG (lattice-best-path[5.5.888~1-d619]:main():lattice-best-path.cc:99) For utterance nsc-part2-chn0-spk03272676cnm-026761742, best cost 73.7612 + -365.123 = -291.362 over 210 frames.
LOG (lattice-best-path[5.5.888~1-d619]:main():lattice-best-path.cc:99) For utterance nsc-part2-chn0-spk03272676cnm-026761773, best cost 61.7691 + -251.47 = -189.701 over 159 frames.
LOG (lattice-best-path[5.5.888~1-d619]:main():lattice-best-path.cc:99) For utterance nsc-part2-chn0-spk03422691cnm-026910024, best cost 53.3784 + -320.098 = -266.72 over 160 frames.
LOG (lattice-best-path[5.5.888~1-d619]:main():lattice-best-path.cc:99) For utterance nsc-part2-chn0-spk03422691cnm-026910121, best cost 52.41 + -213.255 = -160.845 over 146 frames.
LOG (lattice-best-path[5.5.888~1-d619]:main():lattice-best-path.cc:99) For utterance nsc-part2-chn0-spk03422691cnm-026910123, best cost 44.5748 + -290.727 = -246.152 over 155 frames.
LOG (lattice-best-path[5.5.888~1-d619]:main():lattice-best-path.cc:99) For utterance nsc-part2-chn0-spk03422691cnm-026910173, best cost 44.0174 + -259.982 = -215.965 over 147 frames.
LOG (lattice-best-path[5.5.888~1-d619]:main():lattice-best-path.cc:99) For utterance nsc-part2-chn0-spk03422691cnm-026910191, best cost 53.423 + -219.911 = -166.488 over 133 frames.
LOG (lattice-best-path[5.5.888~1-d619]:main():lattice-best-path.cc:99) For utterance nsc-part2-chn0-spk03422691cnm-026910294, best cost 72.1943 + -440.346 = -368.152 over 279 frames.
LOG (lattice-best-path[5.5.888~1-d619]:main():lattice-best-path.cc:99) For utterance nsc-part2-chn0-spk03422691cnm-026911468, best cost 72.2538 + -240.284 = -168.03 over 143 frames.
LOG (lattice-best-path[5.5.888~1-d619]:main():lattice-best-path.cc:99) For utterance nsc-part2-chn0-spk03422691cnm-026911497, best cost 63.7959 + -323.425 = -259.629 over 182 frames.
LOG (lattice-best-path[5.5.888~1-d619]:main():lattice-best-path.cc:99) For utterance nsc-part2-chn0-spk03422691cnm-026911563, best cost 31.8193 + -155.19 = -123.371 over 93 frames.
LOG (lattice-best-path[5.5.888~1-d619]:main():lattice-best-path.cc:99) For utterance nsc-part2-chn0-spk03422691cnm-026911610, best cost 35.0078 + -214.496 = -179.488 over 139 frames.
LOG (lattice-best-path[5.5.888~1-d619]:main():lattice-best-path.cc:99) For utterance nsc-part2-chn0-spk03422691cnm-026911623, best cost 51.505 + -197.445 = -145.94 over 133 frames.
LOG (lattice-best-path[5.5.888~1-d619]:main():lattice-best-path.cc:99) For utterance nsc-part2-chn0-spk03422691cnm-026911649, best cost 40.3447 + -176.078 = -135.733 over 94 frames.
LOG (lattice-best-path[5.5.888~1-d619]:main():lattice-best-path.cc:99) For utterance nsc-part2-chn0-spk03422691cnm-026911651, best cost 43.7864 + -215.586 = -171.8 over 126 frames.
LOG (lattice-best-path[5.5.888~1-d619]:main():lattice-best-path.cc:99) For utterance nsc-part2-chn0-spk03422691cnm-026911701, best cost 96.3865 + -269.424 = -173.038 over 150 frames.
LOG (lattice-best-path[5.5.888~1-d619]:main():lattice-best-path.cc:99) For utterance nsc-part2-chn0-spk03422691cnm-026911760, best cost 56.1501 + -339.961 = -283.811 over 200 frames.
LOG (lattice-best-path[5.5.888~1-d619]:main():lattice-best-path.cc:99) For utterance nsc-part2-chn0-spk03422691cnm-026911855, best cost 31.8183 + -162.293 = -130.475 over 93 frames.
LOG (lattice-best-path[5.5.888~1-d619]:main():lattice-best-path.cc:99) For utterance nsc-part2-chn0-spk03422691cnm-026911859, best cost 59.755 + -236.578 = -176.823 over 131 frames.
LOG (lattice-best-path[5.5.888~1-d619]:main():lattice-best-path.cc:99) For utterance nsc-part2-chn0-spk03422691cnm-026911874, best cost 53.7953 + -253.384 = -199.589 over 166 frames.
LOG (lattice-best-path[5.5.888~1-d619]:main():lattice-best-path.cc:99) For utterance nsc-part2-chn0-spk03762720cnm-027200121, best cost 80.0027 + -244.792 = -164.789 over 147 frames.
LOG (lattice-best-path[5.5.888~1-d619]:main():lattice-best-path.cc:99) For utterance nsc-part2-chn0-spk03762720cnm-027200144, best cost 67.0091 + -338.459 = -271.45 over 217 frames.
LOG (lattice-best-path[5.5.888~1-d619]:main():lattice-best-path.cc:99) For utterance nsc-part2-chn0-spk03762720cnm-027200188, best cost 51.3683 + -224.504 = -173.136 over 131 frames.
LOG (lattice-best-path[5.5.888~1-d619]:main():lattice-best-path.cc:99) For utterance nsc-part2-chn0-spk03762720cnm-027200197, best cost 34.4513 + -202.612 = -168.16 over 131 frames.
LOG (lattice-best-path[5.5.888~1-d619]:main():lattice-best-path.cc:99) For utterance nsc-part2-chn0-spk03762720cnm-027200232, best cost 80.8352 + -282.418 = -201.582 over 172 frames.
LOG (lattice-best-path[5.5.888~1-d619]:main():lattice-best-path.cc:99) For utterance nsc-part2-chn0-spk03762720cnm-027200268, best cost 65.6478 + -350.7 = -285.052 over 215 frames.
LOG (lattice-best-path[5.5.888~1-d619]:main():lattice-best-path.cc:99) For utterance nsc-part2-chn0-spk03762720cnm-027200308, best cost 65.0462 + -338.223 = -273.177 over 171 frames.
LOG (lattice-best-path[5.5.888~1-d619]:main():lattice-best-path.cc:99) For utterance nsc-part2-chn0-spk03762720cnm-027200384, best cost 51.7832 + -261.557 = -209.774 over 137 frames.
LOG (lattice-best-path[5.5.888~1-d619]:main():lattice-best-path.cc:99) For utterance nsc-part2-chn0-spk03762720cnm-027200434, best cost 74.2261 + -336.493 = -262.267 over 208 frames.
LOG (lattice-best-path[5.5.888~1-d619]:main():lattice-best-path.cc:99) For utterance nsc-part2-chn0-spk03762720cnm-027201472, best cost 44.5748 + -283.167 = -238.592 over 155 frames.
LOG (lattice-best-path[5.5.888~1-d619]:main():lattice-best-path.cc:99) For utterance nsc-part2-chn0-spk03762720cnm-027201480, best cost 71.0756 + -405.633 = -334.557 over 258 frames.
LOG (lattice-best-path[5.5.888~1-d619]:main():lattice-best-path.cc:99) For utterance nsc-part2-chn0-spk03762720cnm-027201571, best cost 93.1962 + -397.157 = -303.961 over 233 frames.
LOG (lattice-best-path[5.5.888~1-d619]:main():lattice-best-path.cc:99) For utterance nsc-part2-chn0-spk03762720cnm-027201610, best cost 83.8806 + -380.588 = -296.707 over 198 frames.
LOG (lattice-best-path[5.5.888~1-d619]:main():lattice-best-path.cc:99) For utterance nsc-part2-chn0-spk03762720cnm-027201623, best cost 51.6897 + -226.702 = -175.012 over 128 frames.
LOG (lattice-best-path[5.5.888~1-d619]:main():lattice-best-path.cc:99) For utterance nsc-part2-chn0-spk03762720cnm-027201658, best cost 42.887 + -205.621 = -162.734 over 123 frames.
LOG (lattice-best-path[5.5.888~1-d619]:main():lattice-best-path.cc:99) For utterance nsc-part2-chn0-spk03762720cnm-027201661, best cost 33.9661 + -186.851 = -152.885 over 124 frames.
LOG (lattice-best-path[5.5.888~1-d619]:main():lattice-best-path.cc:99) For utterance nsc-part2-chn0-spk03762720cnm-027201695, best cost 43.951 + -240.961 = -197.01 over 146 frames.
LOG (lattice-best-path[5.5.888~1-d619]:main():lattice-best-path.cc:99) For utterance nsc-part2-chn0-spk03762720cnm-027201717, best cost 44.159 + -277.555 = -233.396 over 149 frames.
LOG (lattice-best-path[5.5.888~1-d619]:main():lattice-best-path.cc:99) For utterance nsc-part2-chn0-spk03762720cnm-027201833, best cost 44.7566 + -253.166 = -208.409 over 150 frames.
LOG (lattice-best-path[5.5.888~1-d619]:main():lattice-best-path.cc:99) For utterance nsc-part2-chn0-spk03762720cnm-027201882, best cost 96.0321 + -479.209 = -383.177 over 281 frames.
LOG (lattice-best-path[5.5.888~1-d619]:main():lattice-best-path.cc:99) For utterance nsc-part2-chn0-spk04052722cnf-027220102, best cost 71.7956 + -240.29 = -168.494 over 154 frames.
LOG (lattice-best-path[5.5.888~1-d619]:main():lattice-best-path.cc:99) For utterance nsc-part2-chn0-spk04052722cnf-027220118, best cost 55.3895 + -328.611 = -273.221 over 189 frames.
LOG (lattice-best-path[5.5.888~1-d619]:main():lattice-best-path.cc:99) For utterance nsc-part2-chn0-spk04052722cnf-027220134, best cost 45.267 + -325.707 = -280.44 over 165 frames.
LOG (lattice-best-path[5.5.888~1-d619]:main():lattice-best-path.cc:99) For utterance nsc-part2-chn0-spk04052722cnf-027220411, best cost 54.2555 + -287.356 = -233.101 over 155 frames.
LOG (lattice-best-path[5.5.888~1-d619]:main():lattice-best-path.cc:99) For utterance nsc-part2-chn0-spk04052722cnf-027221497, best cost 93.6133 + -407.152 = -313.539 over 230 frames.
LOG (lattice-best-path[5.5.888~1-d619]:main():lattice-best-path.cc:99) For utterance nsc-part2-chn0-spk04052722cnf-027221552, best cost 72.1602 + -260.842 = -188.682 over 134 frames.
LOG (lattice-best-path[5.5.888~1-d619]:main():lattice-best-path.cc:99) For utterance nsc-part2-chn0-spk04052722cnf-027221592, best cost 45.6146 + -301.442 = -255.827 over 170 frames.
LOG (lattice-best-path[5.5.888~1-d619]:main():lattice-best-path.cc:99) For utterance nsc-part2-chn0-spk04052722cnf-027221621, best cost 81.4515 + -318.357 = -236.905 over 167 frames.
LOG (lattice-best-path[5.5.888~1-d619]:main():lattice-best-path.cc:99) For utterance nsc-part2-chn0-spk04052722cnf-027221644, best cost 53.2398 + -284.4 = -231.16 over 158 frames.
LOG (lattice-best-path[5.5.888~1-d619]:main():lattice-best-path.cc:99) For utterance nsc-part2-chn0-spk04052722cnf-027221699, best cost 62.1811 + -264.648 = -202.467 over 165 frames.
LOG (lattice-best-path[5.5.888~1-d619]:main():lattice-best-path.cc:99) For utterance nsc-part2-chn0-spk04052722cnf-027221717, best cost 56.4877 + -280.636 = -224.148 over 164 frames.
LOG (lattice-best-path[5.5.888~1-d619]:main():lattice-best-path.cc:99) For utterance nsc-part2-chn0-spk04052722cnf-027221721, best cost 53.7693 + -240.588 = -186.819 over 148 frames.
LOG (lattice-best-path[5.5.888~1-d619]:main():lattice-best-path.cc:99) For utterance nsc-part2-chn0-spk04052722cnf-027221747, best cost 44.5036 + -255.532 = -211.028 over 154 frames.
LOG (lattice-best-path[5.5.888~1-d619]:main():lattice-best-path.cc:99) For utterance nsc-part2-chn0-spk04052722cnf-027221773, best cost 71.7888 + -268.711 = -196.922 over 152 frames.
LOG (lattice-best-path[5.5.888~1-d619]:main():lattice-best-path.cc:99) For utterance nsc-part2-chn0-spk04452729maf-027290049, best cost 53.5854 + -302.466 = -248.881 over 163 frames.
LOG (lattice-best-path[5.5.888~1-d619]:main():lattice-best-path.cc:99) For utterance nsc-part2-chn0-spk04452729maf-027290087, best cost 73.0181 + -360.319 = -287.301 over 206 frames.
LOG (lattice-best-path[5.5.888~1-d619]:main():lattice-best-path.cc:99) For utterance nsc-part2-chn0-spk04452729maf-027290176, best cost 42.4261 + -275.553 = -233.127 over 124 frames.
LOG (lattice-best-path[5.5.888~1-d619]:main():lattice-best-path.cc:99) For utterance nsc-part2-chn0-spk04452729maf-027290202, best cost 51.4126 + -208.502 = -157.089 over 114 frames.
LOG (lattice-best-path[5.5.888~1-d619]:main():lattice-best-path.cc:99) For utterance nsc-part2-chn0-spk04452729maf-027290268, best cost 82.0903 + -367.245 = -285.154 over 207 frames.
LOG (lattice-best-path[5.5.888~1-d619]:main():lattice-best-path.cc:99) For utterance nsc-part2-chn0-spk04452729maf-027290302, best cost 43.047 + -274.754 = -231.707 over 133 frames.
LOG (lattice-best-path[5.5.888~1-d619]:main():lattice-best-path.cc:99) For utterance nsc-part2-chn0-spk04452729maf-027290323, best cost 43.2569 + -292.583 = -249.326 over 136 frames.
LOG (lattice-best-path[5.5.888~1-d619]:main():lattice-best-path.cc:99) For utterance nsc-part2-chn0-spk04452729maf-027290415, best cost 81.7965 + -267.102 = -185.305 over 157 frames.
LOG (lattice-best-path[5.5.888~1-d619]:main():lattice-best-path.cc:99) For utterance nsc-part2-chn0-spk04452729maf-027290436, best cost 43.2579 + -261.508 = -218.25 over 136 frames.
LOG (lattice-best-path[5.5.888~1-d619]:main():lattice-best-path.cc:99) For utterance nsc-part2-chn0-spk04452729maf-027291508, best cost 32.4441 + -180.256 = -147.812 over 102 frames.
LOG (lattice-best-path[5.5.888~1-d619]:main():lattice-best-path.cc:99) For utterance nsc-part2-chn0-spk04452729maf-027291698, best cost 50.8325 + -212.083 = -161.25 over 117 frames.
LOG (lattice-best-path[5.5.888~1-d619]:main():lattice-best-path.cc:99) For utterance nsc-part2-chn0-spk04452729maf-027291773, best cost 72.0023 + -305.705 = -233.703 over 167 frames.
LOG (lattice-best-path[5.5.888~1-d619]:main():lattice-best-path.cc:99) For utterance nsc-part2-chn0-spk04452729maf-027291804, best cost 53.0224 + -280.211 = -227.189 over 141 frames.
LOG (lattice-best-path[5.5.888~1-d619]:main():lattice-best-path.cc:99) For utterance nsc-part2-chn0-spk04452729maf-027291848, best cost 70.107 + -221.287 = -151.18 over 112 frames.
LOG (lattice-best-path[5.5.888~1-d619]:main():lattice-best-path.cc:99) For utterance nsc-part2-chn0-spk04452729maf-027291893, best cost 89.7231 + -340.282 = -250.559 over 164 frames.
LOG (lattice-best-path[5.5.888~1-d619]:main():lattice-best-path.cc:99) For utterance nsc-part2-chn0-spk06922289cnf-022890134, best cost 56.493 + -311.057 = -254.564 over 191 frames.
LOG (lattice-best-path[5.5.888~1-d619]:main():lattice-best-path.cc:99) For utterance nsc-part2-chn0-spk06922289cnf-022890164, best cost 33.2046 + -184.935 = -151.731 over 113 frames.
LOG (lattice-best-path[5.5.888~1-d619]:main():lattice-best-path.cc:99) For utterance nsc-part2-chn0-spk06922289cnf-022890181, best cost 35.469 + -207.601 = -172.132 over 128 frames.
LOG (lattice-best-path[5.5.888~1-d619]:main():lattice-best-path.cc:99) For utterance nsc-part2-chn0-spk06922289cnf-022890239, best cost 32.3738 + -176.411 = -144.038 over 101 frames.
LOG (lattice-best-path[5.5.888~1-d619]:main():lattice-best-path.cc:99) For utterance nsc-part2-chn0-spk06922289cnf-022890269, best cost 44.9204 + -271.112 = -226.192 over 160 frames.
LOG (lattice-best-path[5.5.888~1-d619]:main():lattice-best-path.cc:99) For utterance nsc-part2-chn0-spk06922289cnf-022890332, best cost 23.1534 + -151.334 = -128.181 over 90 frames.
LOG (lattice-best-path[5.5.888~1-d619]:main():lattice-best-path.cc:99) For utterance nsc-part2-chn0-spk06922289cnf-022890412, best cost 36.3228 + -250.978 = -214.655 over 158 frames.
LOG (lattice-best-path[5.5.888~1-d619]:main():lattice-best-path.cc:99) For utterance nsc-part2-chn0-spk06922289cnf-022890439, best cost 44.9214 + -293.972 = -249.05 over 160 frames.
LOG (lattice-best-path[5.5.888~1-d619]:main():lattice-best-path.cc:99) For utterance nsc-part2-chn0-spk06922289cnf-022891716, best cost 44.7818 + -247.769 = -202.987 over 158 frames.
LOG (lattice-best-path[5.5.888~1-d619]:main():lattice-best-path.cc:99) For utterance nsc-part2-chn0-spk06922289cnf-022891773, best cost 44.2956 + -287.415 = -243.12 over 151 frames.
LOG (lattice-best-path[5.5.888~1-d619]:main():lattice-best-path.cc:99) For utterance nsc-part2-chn0-spk06922289cnf-022891774, best cost 23.4306 + -163.115 = -139.684 over 94 frames.
LOG (lattice-best-path[5.5.888~1-d619]:main():lattice-best-path.cc:99) For utterance nsc-part2-chn0-spk06922289cnf-022891804, best cost 42.842 + -218.771 = -175.929 over 130 frames.
LOG (lattice-best-path[5.5.888~1-d619]:main():lattice-best-path.cc:99) For utterance nsc-part2-chn0-spk06922289cnf-022891841, best cost 33.5522 + -209.603 = -176.051 over 118 frames.
LOG (lattice-best-path[5.5.888~1-d619]:main():lattice-best-path.cc:99) For utterance nsc-part2-chn0-spk06922289cnf-022891866, best cost 52.4773 + -227.218 = -174.74 over 147 frames.
LOG (lattice-best-path[5.5.888~1-d619]:main():lattice-best-path.cc:99) For utterance nsc-part2-chn0-spk06922289cnf-022891875, best cost 43.5332 + -239.063 = -195.53 over 140 frames.
LOG (lattice-depth-per-frame[5.5.888~1-d619]:main():lattice-depth-per-frame.cc:82) Done 125 lattices.
LOG (lattice-best-path[5.5.888~1-d619]:main():lattice-best-path.cc:124) Overall cost per frame is -1.38071 = 0.357138 [graph] + -1.73785 [acoustic] over 19413 frames.
LOG (lattice-best-path[5.5.888~1-d619]:main():lattice-best-path.cc:128) Done 125 lattices, failed for 0
# Ended (code 0) at Wed Aug 25 18:57:43 SGT 2021, elapsed time 43 seconds
