# lattice-depth-per-frame "ark:gunzip -c /home3/ztkyaw/w2021/deliverables/contrast-zin-dev/baseline/tdnnf-transfer-sp/decode_imda-part2_1629888772-hw_lmg/lat.3.gz|" "ark,t:|gzip -c > /home3/ztkyaw/w2021/deliverables/contrast-zin-dev/baseline/tdnnf-transfer-sp/decode_imda-part2_1629888772-hw_lmg/depth_tmp.3.gz" ark:- | lattice-best-path --acoustic-scale=0.1 ark:- ark:/dev/null "ark,t:|gzip -c >/home3/ztkyaw/w2021/deliverables/contrast-zin-dev/baseline/tdnnf-transfer-sp/decode_imda-part2_1629888772-hw_lmg/ali_tmp.3.gz" 
# Invoked at Wed Aug 25 18:57:00 SGT 2021 from node05
#
# Started at Wed Aug 25 18:57:42 +08 2021 on node09
lattice-depth-per-frame 'ark:gunzip -c /home3/ztkyaw/w2021/deliverables/contrast-zin-dev/baseline/tdnnf-transfer-sp/decode_imda-part2_1629888772-hw_lmg/lat.3.gz|' 'ark,t:|gzip -c > /home3/ztkyaw/w2021/deliverables/contrast-zin-dev/baseline/tdnnf-transfer-sp/decode_imda-part2_1629888772-hw_lmg/depth_tmp.3.gz' ark:- 
lattice-best-path --acoustic-scale=0.1 ark:- ark:/dev/null 'ark,t:|gzip -c >/home3/ztkyaw/w2021/deliverables/contrast-zin-dev/baseline/tdnnf-transfer-sp/decode_imda-part2_1629888772-hw_lmg/ali_tmp.3.gz' 
LOG (lattice-best-path[5.5.888~1-d619]:main():lattice-best-path.cc:99) For utterance nsc-part2-chn0-spk07832894cnf-028940087, best cost 73.3394 + -340.704 = -267.364 over 204 frames.
LOG (lattice-best-path[5.5.888~1-d619]:main():lattice-best-path.cc:99) For utterance nsc-part2-chn0-spk07832894cnf-028940123, best cost 53.6394 + -294.474 = -240.835 over 151 frames.
LOG (lattice-best-path[5.5.888~1-d619]:main():lattice-best-path.cc:99) For utterance nsc-part2-chn0-spk07832894cnf-028940134, best cost 82.2302 + -372.783 = -290.552 over 196 frames.
LOG (lattice-best-path[5.5.888~1-d619]:main():lattice-best-path.cc:99) For utterance nsc-part2-chn0-spk07832894cnf-028940173, best cost 53.0338 + -320.633 = -267.599 over 155 frames.
LOG (lattice-best-path[5.5.888~1-d619]:main():lattice-best-path.cc:99) For utterance nsc-part2-chn0-spk07832894cnf-028940187, best cost 93.0657 + -300.128 = -207.062 over 173 frames.
LOG (lattice-best-path[5.5.888~1-d619]:main():lattice-best-path.cc:99) For utterance nsc-part2-chn0-spk07832894cnf-028940188, best cost 32.0956 + -173.072 = -140.976 over 97 frames.
LOG (lattice-best-path[5.5.888~1-d619]:main():lattice-best-path.cc:99) For utterance nsc-part2-chn0-spk07832894cnf-028940221, best cost 41.0369 + -202.68 = -161.643 over 104 frames.
LOG (lattice-best-path[5.5.888~1-d619]:main():lattice-best-path.cc:99) For utterance nsc-part2-chn0-spk07832894cnf-028940232, best cost 70.8704 + -222.634 = -151.763 over 123 frames.
LOG (lattice-best-path[5.5.888~1-d619]:main():lattice-best-path.cc:99) For utterance nsc-part2-chn0-spk07832894cnf-028940299, best cost 77.8218 + -435.315 = -357.493 over 251 frames.
LOG (lattice-best-path[5.5.888~1-d619]:main():lattice-best-path.cc:99) For utterance nsc-part2-chn0-spk07832894cnf-028940412, best cost 40.6903 + -178.503 = -137.813 over 99 frames.
LOG (lattice-best-path[5.5.888~1-d619]:main():lattice-best-path.cc:99) For utterance nsc-part2-chn0-spk07832894cnf-028940447, best cost 61.3039 + -240.246 = -178.942 over 127 frames.
LOG (lattice-best-path[5.5.888~1-d619]:main():lattice-best-path.cc:99) For utterance nsc-part2-chn0-spk07832894cnf-028941596, best cost 42.2162 + -183.152 = -140.936 over 121 frames.
LOG (lattice-best-path[5.5.888~1-d619]:main():lattice-best-path.cc:99) For utterance nsc-part2-chn0-spk07832894cnf-028941652, best cost 34.7989 + -224.16 = -189.361 over 136 frames.
LOG (lattice-best-path[5.5.888~1-d619]:main():lattice-best-path.cc:99) For utterance nsc-part2-chn0-spk07832894cnf-028941770, best cost 74.7075 + -366.574 = -291.867 over 206 frames.
LOG (lattice-best-path[5.5.888~1-d619]:main():lattice-best-path.cc:99) For utterance nsc-part2-chn0-spk07952885cnf-028850024, best cost 154.043 + -618.655 = -464.612 over 369 frames.
LOG (lattice-best-path[5.5.888~1-d619]:main():lattice-best-path.cc:99) For utterance nsc-part2-chn0-spk07952885cnf-028850071, best cost 44.7799 + -292.881 = -248.101 over 158 frames.
LOG (lattice-best-path[5.5.888~1-d619]:main():lattice-best-path.cc:99) For utterance nsc-part2-chn0-spk07952885cnf-028850121, best cost 98.4239 + -337.17 = -238.746 over 183 frames.
LOG (lattice-best-path[5.5.888~1-d619]:main():lattice-best-path.cc:99) For utterance nsc-part2-chn0-spk07952885cnf-028850204, best cost 34.5909 + -209.184 = -174.593 over 133 frames.
LOG (lattice-best-path[5.5.888~1-d619]:main():lattice-best-path.cc:99) For utterance nsc-part2-chn0-spk07952885cnf-028850232, best cost 83.1925 + -337.66 = -254.468 over 177 frames.
LOG (lattice-best-path[5.5.888~1-d619]:main():lattice-best-path.cc:99) For utterance nsc-part2-chn0-spk07952885cnf-028850249, best cost 52.5226 + -220.935 = -168.412 over 130 frames.
LOG (lattice-best-path[5.5.888~1-d619]:main():lattice-best-path.cc:99) For utterance nsc-part2-chn0-spk07952885cnf-028850313, best cost 69.0423 + -468.619 = -399.577 over 264 frames.
LOG (lattice-best-path[5.5.888~1-d619]:main():lattice-best-path.cc:99) For utterance nsc-part2-chn0-spk07952885cnf-028850323, best cost 127.896 + -434.822 = -306.926 over 243 frames.
LOG (lattice-best-path[5.5.888~1-d619]:main():lattice-best-path.cc:99) For utterance nsc-part2-chn0-spk07952885cnf-028850342, best cost 43.6025 + -219.429 = -175.826 over 141 frames.
LOG (lattice-best-path[5.5.888~1-d619]:main():lattice-best-path.cc:99) For utterance nsc-part2-chn0-spk07952885cnf-028851610, best cost 65.3725 + -358.692 = -293.319 over 211 frames.
LOG (lattice-best-path[5.5.888~1-d619]:main():lattice-best-path.cc:99) For utterance nsc-part2-chn0-spk07952885cnf-028851621, best cost 74.5147 + -312.619 = -238.104 over 182 frames.
LOG (lattice-best-path[5.5.888~1-d619]:main():lattice-best-path.cc:99) For utterance nsc-part2-chn0-spk07952885cnf-028851699, best cost 62.391 + -283.533 = -221.142 over 168 frames.
LOG (lattice-best-path[5.5.888~1-d619]:main():lattice-best-path.cc:99) For utterance nsc-part2-chn0-spk07952885cnf-028851870, best cost 46.0988 + -311.644 = -265.545 over 177 frames.
LOG (lattice-best-path[5.5.888~1-d619]:main():lattice-best-path.cc:99) For utterance nsc-part2-chn0-spk07952885cnf-028851878, best cost 45.4066 + -304.075 = -258.668 over 167 frames.
LOG (lattice-best-path[5.5.888~1-d619]:main():lattice-best-path.cc:99) For utterance nsc-part2-chn0-spk08262877cnf-028770007, best cost 35.5604 + -222.873 = -187.313 over 147 frames.
LOG (lattice-best-path[5.5.888~1-d619]:main():lattice-best-path.cc:99) For utterance nsc-part2-chn0-spk08262877cnf-028770080, best cost 67.1053 + -430.843 = -363.738 over 236 frames.
LOG (lattice-best-path[5.5.888~1-d619]:main():lattice-best-path.cc:99) For utterance nsc-part2-chn0-spk08262877cnf-028770134, best cost 75.6405 + -467.266 = -391.626 over 236 frames.
LOG (lattice-best-path[5.5.888~1-d619]:main():lattice-best-path.cc:99) For utterance nsc-part2-chn0-spk08262877cnf-028770181, best cost 50.9369 + -192.737 = -141.8 over 122 frames.
LOG (lattice-best-path[5.5.888~1-d619]:main():lattice-best-path.cc:99) For utterance nsc-part2-chn0-spk08262877cnf-028770232, best cost 94.0151 + -348.367 = -254.352 over 210 frames.
LOG (lattice-best-path[5.5.888~1-d619]:main():lattice-best-path.cc:99) For utterance nsc-part2-chn0-spk08262877cnf-028770269, best cost 69.0298 + -415.294 = -346.264 over 251 frames.
LOG (lattice-best-path[5.5.888~1-d619]:main():lattice-best-path.cc:99) For utterance nsc-part2-chn0-spk08262877cnf-028770313, best cost 46.7919 + -359.475 = -312.683 over 187 frames.
LOG (lattice-best-path[5.5.888~1-d619]:main():lattice-best-path.cc:99) For utterance nsc-part2-chn0-spk08262877cnf-028770320, best cost 41.6374 + -205.812 = -164.174 over 105 frames.
LOG (lattice-best-path[5.5.888~1-d619]:main():lattice-best-path.cc:99) For utterance nsc-part2-chn0-spk08262877cnf-028770400, best cost 84.8606 + -289.293 = -204.433 over 172 frames.
LOG (lattice-best-path[5.5.888~1-d619]:main():lattice-best-path.cc:99) For utterance nsc-part2-chn0-spk08262877cnf-028770434, best cost 92.2397 + -404.697 = -312.457 over 211 frames.
LOG (lattice-best-path[5.5.888~1-d619]:main():lattice-best-path.cc:99) For utterance nsc-part2-chn0-spk08262877cnf-028770436, best cost 65.2088 + -399.218 = -334.01 over 194 frames.
LOG (lattice-best-path[5.5.888~1-d619]:main():lattice-best-path.cc:99) For utterance nsc-part2-chn0-spk08262877cnf-028771660, best cost 75.0959 + -406.78 = -331.685 over 223 frames.
LOG (lattice-best-path[5.5.888~1-d619]:main():lattice-best-path.cc:99) For utterance nsc-part2-chn0-spk08262877cnf-028771761, best cost 74.2532 + -415.981 = -341.728 over 216 frames.
LOG (lattice-best-path[5.5.888~1-d619]:main():lattice-best-path.cc:99) For utterance nsc-part2-chn0-spk08262877cnf-028771842, best cost 79.3856 + -446.859 = -367.473 over 282 frames.
LOG (lattice-best-path[5.5.888~1-d619]:main():lattice-best-path.cc:99) For utterance nsc-part2-chn0-spk08262877cnf-028771863, best cost 76.991 + -451.953 = -374.962 over 239 frames.
LOG (lattice-best-path[5.5.888~1-d619]:main():lattice-best-path.cc:99) For utterance nsc-part2-chn0-spk08262877cnf-028771881, best cost 66.4555 + -370.725 = -304.27 over 209 frames.
LOG (lattice-best-path[5.5.888~1-d619]:main():lattice-best-path.cc:99) For utterance nsc-part2-chn0-spk08272878cnm-028780024, best cost 50.1874 + -422.053 = -371.865 over 236 frames.
LOG (lattice-best-path[5.5.888~1-d619]:main():lattice-best-path.cc:99) For utterance nsc-part2-chn0-spk08272878cnm-028780104, best cost 90.2414 + -285.241 = -194.999 over 176 frames.
LOG (lattice-best-path[5.5.888~1-d619]:main():lattice-best-path.cc:99) For utterance nsc-part2-chn0-spk08272878cnm-028780118, best cost 112.938 + -483.481 = -370.543 over 245 frames.
LOG (lattice-best-path[5.5.888~1-d619]:main():lattice-best-path.cc:99) For utterance nsc-part2-chn0-spk08272878cnm-028780136, best cost 70.1557 + -451.418 = -381.262 over 254 frames.
LOG (lattice-best-path[5.5.888~1-d619]:main():lattice-best-path.cc:99) For utterance nsc-part2-chn0-spk08272878cnm-028780144, best cost 67.4259 + -435.275 = -367.849 over 223 frames.
LOG (lattice-best-path[5.5.888~1-d619]:main():lattice-best-path.cc:99) For utterance nsc-part2-chn0-spk08272878cnm-028780176, best cost 47.9029 + -329.857 = -281.954 over 203 frames.
LOG (lattice-best-path[5.5.888~1-d619]:main():lattice-best-path.cc:99) For utterance nsc-part2-chn0-spk08272878cnm-028780181, best cost 51.9219 + -243.126 = -191.204 over 139 frames.
LOG (lattice-best-path[5.5.888~1-d619]:main():lattice-best-path.cc:99) For utterance nsc-part2-chn0-spk08272878cnm-028780213, best cost 34.0374 + -186.552 = -152.514 over 125 frames.
LOG (lattice-best-path[5.5.888~1-d619]:main():lattice-best-path.cc:99) For utterance nsc-part2-chn0-spk08272878cnm-028780219, best cost 41.523 + -179.585 = -138.062 over 111 frames.
LOG (lattice-best-path[5.5.888~1-d619]:main():lattice-best-path.cc:99) For utterance nsc-part2-chn0-spk08272878cnm-028780238, best cost 67.7689 + -345.651 = -277.883 over 215 frames.
LOG (lattice-best-path[5.5.888~1-d619]:main():lattice-best-path.cc:99) For utterance nsc-part2-chn0-spk08272878cnm-028780247, best cost 50.9489 + -451.238 = -400.29 over 247 frames.
LOG (lattice-best-path[5.5.888~1-d619]:main():lattice-best-path.cc:99) For utterance nsc-part2-chn0-spk08272878cnm-028780356, best cost 49.4942 + -386.747 = -337.253 over 226 frames.
LOG (lattice-best-path[5.5.888~1-d619]:main():lattice-best-path.cc:99) For utterance nsc-part2-chn0-spk08272878cnm-028780411, best cost 86.5341 + -458.362 = -371.828 over 234 frames.
LOG (lattice-best-path[5.5.888~1-d619]:main():lattice-best-path.cc:99) For utterance nsc-part2-chn0-spk08272878cnm-028780427, best cost 69.4361 + -437.163 = -367.727 over 252 frames.
LOG (lattice-best-path[5.5.888~1-d619]:main():lattice-best-path.cc:99) For utterance nsc-part2-chn0-spk08272878cnm-028780434, best cost 84.2302 + -356.542 = -272.312 over 195 frames.
LOG (lattice-best-path[5.5.888~1-d619]:main():lattice-best-path.cc:99) For utterance nsc-part2-chn0-spk08272878cnm-028781472, best cost 97.461 + -503.898 = -406.437 over 272 frames.
LOG (lattice-best-path[5.5.888~1-d619]:main():lattice-best-path.cc:99) For utterance nsc-part2-chn0-spk08272878cnm-028781547, best cost 86.5602 + -455.543 = -368.983 over 245 frames.
LOG (lattice-best-path[5.5.888~1-d619]:main():lattice-best-path.cc:99) For utterance nsc-part2-chn0-spk08272878cnm-028781569, best cost 112.383 + -403.468 = -291.085 over 220 frames.
LOG (lattice-best-path[5.5.888~1-d619]:main():lattice-best-path.cc:99) For utterance nsc-part2-chn0-spk08272878cnm-028781582, best cost 55.3183 + -344.817 = -289.499 over 188 frames.
LOG (lattice-best-path[5.5.888~1-d619]:main():lattice-best-path.cc:99) For utterance nsc-part2-chn0-spk08272878cnm-028781596, best cost 42.7033 + -215.842 = -173.139 over 128 frames.
LOG (lattice-best-path[5.5.888~1-d619]:main():lattice-best-path.cc:99) For utterance nsc-part2-chn0-spk08272878cnm-028781859, best cost 48.3188 + -355.821 = -307.502 over 209 frames.
LOG (lattice-best-path[5.5.888~1-d619]:main():lattice-best-path.cc:99) For utterance nsc-part2-chn0-spk08272878cnm-028781882, best cost 56.7046 + -360.089 = -303.385 over 208 frames.
LOG (lattice-best-path[5.5.888~1-d619]:main():lattice-best-path.cc:99) For utterance nsc-part2-chn0-spk08432920cnm-029200176, best cost 79.9241 + -437.093 = -357.169 over 265 frames.
LOG (lattice-best-path[5.5.888~1-d619]:main():lattice-best-path.cc:99) For utterance nsc-part2-chn0-spk08432920cnm-029200181, best cost 43.3975 + -219.271 = -175.874 over 138 frames.
LOG (lattice-best-path[5.5.888~1-d619]:main():lattice-best-path.cc:99) For utterance nsc-part2-chn0-spk08432920cnm-029200188, best cost 42.3167 + -234.323 = -192.006 over 122 frames.
LOG (lattice-best-path[5.5.888~1-d619]:main():lattice-best-path.cc:99) For utterance nsc-part2-chn0-spk08432920cnm-029200203, best cost 52.1838 + -217.336 = -165.152 over 130 frames.
LOG (lattice-best-path[5.5.888~1-d619]:main():lattice-best-path.cc:99) For utterance nsc-part2-chn0-spk08432920cnm-029200239, best cost 31.2638 + -166.654 = -135.39 over 85 frames.
LOG (lattice-best-path[5.5.888~1-d619]:main():lattice-best-path.cc:99) For utterance nsc-part2-chn0-spk08432920cnm-029200326, best cost 32.1649 + -180.391 = -148.226 over 98 frames.
LOG (lattice-best-path[5.5.888~1-d619]:main():lattice-best-path.cc:99) For utterance nsc-part2-chn0-spk08432920cnm-029200351, best cost 61.9994 + -287.952 = -225.953 over 168 frames.
LOG (lattice-best-path[5.5.888~1-d619]:main():lattice-best-path.cc:99) For utterance nsc-part2-chn0-spk08432920cnm-029201471, best cost 43.4629 + -228.834 = -185.371 over 139 frames.
LOG (lattice-best-path[5.5.888~1-d619]:main():lattice-best-path.cc:99) For utterance nsc-part2-chn0-spk08432920cnm-029201505, best cost 87.9328 + -344.526 = -256.593 over 176 frames.
LOG (lattice-best-path[5.5.888~1-d619]:main():lattice-best-path.cc:99) For utterance nsc-part2-chn0-spk08432920cnm-029201667, best cost 43.3945 + -222.674 = -179.28 over 138 frames.
LOG (lattice-best-path[5.5.888~1-d619]:main():lattice-best-path.cc:99) For utterance nsc-part2-chn0-spk08432920cnm-029201706, best cost 56.6805 + -312.424 = -255.744 over 190 frames.
LOG (lattice-best-path[5.5.888~1-d619]:main():lattice-best-path.cc:99) For utterance nsc-part2-chn0-spk08432920cnm-029201750, best cost 74.2587 + -436.388 = -362.129 over 236 frames.
LOG (lattice-best-path[5.5.888~1-d619]:main():lattice-best-path.cc:99) For utterance nsc-part2-chn0-spk08432920cnm-029201790, best cost 44.4333 + -258.811 = -214.378 over 153 frames.
LOG (lattice-best-path[5.5.888~1-d619]:main():lattice-best-path.cc:99) For utterance nsc-part2-chn0-spk08432920cnm-029201800, best cost 60.8758 + -262.693 = -201.817 over 145 frames.
LOG (lattice-best-path[5.5.888~1-d619]:main():lattice-best-path.cc:99) For utterance nsc-part2-chn0-spk08432920cnm-029201855, best cost 33.5512 + -192.927 = -159.376 over 118 frames.
LOG (lattice-best-path[5.5.888~1-d619]:main():lattice-best-path.cc:99) For utterance nsc-part2-chn0-spk08482926cnm-029260018, best cost 97.628 + -488.378 = -390.75 over 275 frames.
LOG (lattice-best-path[5.5.888~1-d619]:main():lattice-best-path.cc:99) For utterance nsc-part2-chn0-spk08482926cnm-029260024, best cost 80.5733 + -474.573 = -394 over 273 frames.
LOG (lattice-best-path[5.5.888~1-d619]:main():lattice-best-path.cc:99) For utterance nsc-part2-chn0-spk08482926cnm-029260067, best cost 54.5568 + -283.564 = -229.007 over 177 frames.
LOG (lattice-best-path[5.5.888~1-d619]:main():lattice-best-path.cc:99) For utterance nsc-part2-chn0-spk08482926cnm-029260087, best cost 83.7727 + -381.1 = -297.328 over 218 frames.
LOG (lattice-best-path[5.5.888~1-d619]:main():lattice-best-path.cc:99) For utterance nsc-part2-chn0-spk08482926cnm-029260107, best cost 43.0923 + -175.626 = -132.533 over 116 frames.
LOG (lattice-best-path[5.5.888~1-d619]:main():lattice-best-path.cc:99) For utterance nsc-part2-chn0-spk08482926cnm-029260236, best cost 52.2694 + -244.346 = -192.076 over 144 frames.
LOG (lattice-best-path[5.5.888~1-d619]:main():lattice-best-path.cc:99) For utterance nsc-part2-chn0-spk08482926cnm-029260249, best cost 32.859 + -201.152 = -168.293 over 108 frames.
LOG (lattice-best-path[5.5.888~1-d619]:main():lattice-best-path.cc:99) For utterance nsc-part2-chn0-spk08482926cnm-029260252, best cost 32.6521 + -177.918 = -145.266 over 105 frames.
LOG (lattice-best-path[5.5.888~1-d619]:main():lattice-best-path.cc:99) For utterance nsc-part2-chn0-spk08482926cnm-029260326, best cost 32.0253 + -161.011 = -128.986 over 96 frames.
LOG (lattice-best-path[5.5.888~1-d619]:main():lattice-best-path.cc:99) For utterance nsc-part2-chn0-spk08482926cnm-029261493, best cost 41.6811 + -191.422 = -149.741 over 116 frames.
LOG (lattice-best-path[5.5.888~1-d619]:main():lattice-best-path.cc:99) For utterance nsc-part2-chn0-spk08482926cnm-029261705, best cost 42.609 + -186.827 = -144.218 over 109 frames.
LOG (lattice-best-path[5.5.888~1-d619]:main():lattice-best-path.cc:99) For utterance nsc-part2-chn0-spk08482926cnm-029261768, best cost 32.2362 + -163.118 = -130.882 over 99 frames.
LOG (lattice-best-path[5.5.888~1-d619]:main():lattice-best-path.cc:99) For utterance nsc-part2-chn0-spk08482926cnm-029261890, best cost 52.1739 + -237.721 = -185.547 over 135 frames.
LOG (lattice-best-path[5.5.888~1-d619]:main():lattice-best-path.cc:99) For utterance nsc-part2-chn0-spk08482926cnm-029261893, best cost 74.6658 + -339.239 = -264.573 over 196 frames.
LOG (lattice-best-path[5.5.888~1-d619]:main():lattice-best-path.cc:99) For utterance nsc-part2-chn0-spk08592939cnf-029390032, best cost 90.6237 + -390.027 = -299.403 over 201 frames.
LOG (lattice-best-path[5.5.888~1-d619]:main():lattice-best-path.cc:99) For utterance nsc-part2-chn0-spk08592939cnf-029390045, best cost 32.7204 + -176.939 = -144.219 over 106 frames.
LOG (lattice-best-path[5.5.888~1-d619]:main():lattice-best-path.cc:99) For utterance nsc-part2-chn0-spk08592939cnf-029390115, best cost 60.3549 + -226.904 = -166.549 over 121 frames.
LOG (lattice-best-path[5.5.888~1-d619]:main():lattice-best-path.cc:99) For utterance nsc-part2-chn0-spk08592939cnf-029390144, best cost 62.8795 + -292.559 = -229.679 over 156 frames.
LOG (lattice-best-path[5.5.888~1-d619]:main():lattice-best-path.cc:99) For utterance nsc-part2-chn0-spk08592939cnf-029390197, best cost 42.9093 + -217.875 = -174.966 over 131 frames.
LOG (lattice-best-path[5.5.888~1-d619]:main():lattice-best-path.cc:99) For utterance nsc-part2-chn0-spk08592939cnf-029390207, best cost 69.0108 + -252.265 = -183.254 over 134 frames.
LOG (lattice-best-path[5.5.888~1-d619]:main():lattice-best-path.cc:99) For utterance nsc-part2-chn0-spk08592939cnf-029390221, best cost 52.5197 + -215.429 = -162.91 over 130 frames.
LOG (lattice-best-path[5.5.888~1-d619]:main():lattice-best-path.cc:99) For utterance nsc-part2-chn0-spk08592939cnf-029390269, best cost 71.9994 + -305.77 = -233.77 over 167 frames.
LOG (lattice-best-path[5.5.888~1-d619]:main():lattice-best-path.cc:99) For utterance nsc-part2-chn0-spk08592939cnf-029390308, best cost 44.5036 + -272.76 = -228.256 over 154 frames.
LOG (lattice-best-path[5.5.888~1-d619]:main():lattice-best-path.cc:99) For utterance nsc-part2-chn0-spk08592939cnf-029390411, best cost 73.096 + -340.369 = -267.273 over 170 frames.
LOG (lattice-best-path[5.5.888~1-d619]:main():lattice-best-path.cc:99) For utterance nsc-part2-chn0-spk08592939cnf-029390447, best cost 52.4511 + -259.415 = -206.964 over 139 frames.
LOG (lattice-best-path[5.5.888~1-d619]:main():lattice-best-path.cc:99) For utterance nsc-part2-chn0-spk08592939cnf-029391497, best cost 55.018 + -295.031 = -240.013 over 166 frames.
LOG (lattice-best-path[5.5.888~1-d619]:main():lattice-best-path.cc:99) For utterance nsc-part2-chn0-spk08592939cnf-029391614, best cost 59.2661 + -242.973 = -183.707 over 117 frames.
LOG (lattice-best-path[5.5.888~1-d619]:main():lattice-best-path.cc:99) For utterance nsc-part2-chn0-spk08592939cnf-029391667, best cost 33.066 + -187.59 = -154.524 over 111 frames.
LOG (lattice-best-path[5.5.888~1-d619]:main():lattice-best-path.cc:99) For utterance nsc-part2-chn0-spk08592939cnf-029391697, best cost 61.2298 + -215.674 = -154.445 over 123 frames.
LOG (lattice-best-path[5.5.888~1-d619]:main():lattice-best-path.cc:99) For utterance nsc-part2-chn0-spk08592939cnf-029391834, best cost 52.5766 + -204.413 = -151.837 over 118 frames.
LOG (lattice-best-path[5.5.888~1-d619]:main():lattice-best-path.cc:99) For utterance nsc-part2-chn0-spk08592939cnf-029391876, best cost 41.3151 + -201.47 = -160.155 over 108 frames.
LOG (lattice-depth-per-frame[5.5.888~1-d619]:main():lattice-depth-per-frame.cc:82) Done 112 lattices.
LOG (lattice-best-path[5.5.888~1-d619]:main():lattice-best-path.cc:124) Overall cost per frame is -1.41812 = 0.354541 [graph] + -1.77266 [acoustic] over 19457 frames.
LOG (lattice-best-path[5.5.888~1-d619]:main():lattice-best-path.cc:128) Done 112 lattices, failed for 0
# Ended (code 0) at Wed Aug 25 18:57:43 SGT 2021, elapsed time 43 seconds
