# lattice-depth-per-frame "ark:gunzip -c /home3/ztkyaw/w2021/deliverables/contrast-zin-dev/baseline/tdnnf-transfer-sp/decode_imda-part2_1629888772-hw_lmg/lat.6.gz|" "ark,t:|gzip -c > /home3/ztkyaw/w2021/deliverables/contrast-zin-dev/baseline/tdnnf-transfer-sp/decode_imda-part2_1629888772-hw_lmg/depth_tmp.6.gz" ark:- | lattice-best-path --acoustic-scale=0.1 ark:- ark:/dev/null "ark,t:|gzip -c >/home3/ztkyaw/w2021/deliverables/contrast-zin-dev/baseline/tdnnf-transfer-sp/decode_imda-part2_1629888772-hw_lmg/ali_tmp.6.gz" 
# Invoked at Wed Aug 25 18:57:00 SGT 2021 from node05
#
# Started at Wed Aug 25 18:57:42 +08 2021 on node09
lattice-best-path --acoustic-scale=0.1 ark:- ark:/dev/null 'ark,t:|gzip -c >/home3/ztkyaw/w2021/deliverables/contrast-zin-dev/baseline/tdnnf-transfer-sp/decode_imda-part2_1629888772-hw_lmg/ali_tmp.6.gz' 
lattice-depth-per-frame 'ark:gunzip -c /home3/ztkyaw/w2021/deliverables/contrast-zin-dev/baseline/tdnnf-transfer-sp/decode_imda-part2_1629888772-hw_lmg/lat.6.gz|' 'ark,t:|gzip -c > /home3/ztkyaw/w2021/deliverables/contrast-zin-dev/baseline/tdnnf-transfer-sp/decode_imda-part2_1629888772-hw_lmg/depth_tmp.6.gz' ark:- 
LOG (lattice-best-path[5.5.888~1-d619]:main():lattice-best-path.cc:99) For utterance nsc-part2-chn0-spk09383051inf-030510049, best cost 67.1465 + -345.841 = -278.694 over 229 frames.
LOG (lattice-best-path[5.5.888~1-d619]:main():lattice-best-path.cc:99) For utterance nsc-part2-chn0-spk09383051inf-030510060, best cost 44.7568 + -219.534 = -174.777 over 140 frames.
LOG (lattice-best-path[5.5.888~1-d619]:main():lattice-best-path.cc:99) For utterance nsc-part2-chn0-spk09383051inf-030510099, best cost 43.6728 + -301.781 = -258.108 over 142 frames.
LOG (lattice-best-path[5.5.888~1-d619]:main():lattice-best-path.cc:99) For utterance nsc-part2-chn0-spk09383051inf-030510134, best cost 64.353 + -327.753 = -263.4 over 161 frames.
LOG (lattice-best-path[5.5.888~1-d619]:main():lattice-best-path.cc:99) For utterance nsc-part2-chn0-spk09383051inf-030510181, best cost 51.299 + -203.18 = -151.881 over 130 frames.
LOG (lattice-best-path[5.5.888~1-d619]:main():lattice-best-path.cc:99) For utterance nsc-part2-chn0-spk09383051inf-030510196, best cost 62.4463 + -302.068 = -239.621 over 182 frames.
LOG (lattice-best-path[5.5.888~1-d619]:main():lattice-best-path.cc:99) For utterance nsc-part2-chn0-spk09383051inf-030510302, best cost 101.118 + -565.482 = -464.364 over 343 frames.
LOG (lattice-best-path[5.5.888~1-d619]:main():lattice-best-path.cc:99) For utterance nsc-part2-chn0-spk09383051inf-030510394, best cost 67.244 + -417.817 = -350.573 over 238 frames.
LOG (lattice-best-path[5.5.888~1-d619]:main():lattice-best-path.cc:99) For utterance nsc-part2-chn0-spk09383051inf-030510410, best cost 69.8987 + -234.127 = -164.228 over 124 frames.
LOG (lattice-best-path[5.5.888~1-d619]:main():lattice-best-path.cc:99) For utterance nsc-part2-chn0-spk09383051inf-030510434, best cost 102.408 + -427.227 = -324.819 over 234 frames.
LOG (lattice-best-path[5.5.888~1-d619]:main():lattice-best-path.cc:99) For utterance nsc-part2-chn0-spk09383051inf-030511584, best cost 53.931 + -317.4 = -263.469 over 168 frames.
LOG (lattice-best-path[5.5.888~1-d619]:main():lattice-best-path.cc:99) For utterance nsc-part2-chn0-spk09383051inf-030511680, best cost 64.3796 + -263.725 = -199.346 over 153 frames.
LOG (lattice-best-path[5.5.888~1-d619]:main():lattice-best-path.cc:99) For utterance nsc-part2-chn0-spk09383051inf-030511706, best cost 46.0304 + -289.448 = -243.417 over 176 frames.
LOG (lattice-best-path[5.5.888~1-d619]:main():lattice-best-path.cc:99) For utterance nsc-part2-chn0-spk09383051inf-030511716, best cost 43.8797 + -286.418 = -242.538 over 145 frames.
LOG (lattice-best-path[5.5.888~1-d619]:main():lattice-best-path.cc:99) For utterance nsc-part2-chn0-spk09383051inf-030511804, best cost 45.0591 + -288.893 = -243.834 over 162 frames.
LOG (lattice-best-path[5.5.888~1-d619]:main():lattice-best-path.cc:99) For utterance nsc-part2-chn0-spk09423020mam-030200045, best cost 61.854 + -211.423 = -149.569 over 117 frames.
LOG (lattice-best-path[5.5.888~1-d619]:main():lattice-best-path.cc:99) For utterance nsc-part2-chn0-spk09423020mam-030200080, best cost 46.4463 + -326.049 = -279.603 over 182 frames.
LOG (lattice-best-path[5.5.888~1-d619]:main():lattice-best-path.cc:99) For utterance nsc-part2-chn0-spk09423020mam-030200162, best cost 70.4908 + -364.639 = -294.148 over 204 frames.
LOG (lattice-best-path[5.5.888~1-d619]:main():lattice-best-path.cc:99) For utterance nsc-part2-chn0-spk09423020mam-030200173, best cost 67.45 + -421.209 = -353.759 over 241 frames.
LOG (lattice-best-path[5.5.888~1-d619]:main():lattice-best-path.cc:99) For utterance nsc-part2-chn0-spk09423020mam-030200201, best cost 35.0771 + -201.655 = -166.578 over 140 frames.
LOG (lattice-best-path[5.5.888~1-d619]:main():lattice-best-path.cc:99) For utterance nsc-part2-chn0-spk09423020mam-030200221, best cost 42.3548 + -204.365 = -162.01 over 123 frames.
LOG (lattice-best-path[5.5.888~1-d619]:main():lattice-best-path.cc:99) For utterance nsc-part2-chn0-spk09423020mam-030200269, best cost 75.1652 + -404.174 = -329.009 over 224 frames.
LOG (lattice-best-path[5.5.888~1-d619]:main():lattice-best-path.cc:99) For utterance nsc-part2-chn0-spk09423020mam-030200350, best cost 45.267 + -286.398 = -241.131 over 165 frames.
LOG (lattice-best-path[5.5.888~1-d619]:main():lattice-best-path.cc:99) For utterance nsc-part2-chn0-spk09423020mam-030200415, best cost 59.5918 + -394.551 = -334.959 over 232 frames.
LOG (lattice-best-path[5.5.888~1-d619]:main():lattice-best-path.cc:99) For utterance nsc-part2-chn0-spk09423020mam-030200427, best cost 86.6262 + -392.8 = -306.174 over 222 frames.
LOG (lattice-best-path[5.5.888~1-d619]:main():lattice-best-path.cc:99) For utterance nsc-part2-chn0-spk09423020mam-030201472, best cost 45.4066 + -328.319 = -282.912 over 167 frames.
LOG (lattice-best-path[5.5.888~1-d619]:main():lattice-best-path.cc:99) For utterance nsc-part2-chn0-spk09423020mam-030201493, best cost 42.6321 + -213.956 = -171.324 over 127 frames.
LOG (lattice-best-path[5.5.888~1-d619]:main():lattice-best-path.cc:99) For utterance nsc-part2-chn0-spk09423020mam-030201747, best cost 44.5739 + -290.257 = -245.683 over 155 frames.
LOG (lattice-best-path[5.5.888~1-d619]:main():lattice-best-path.cc:99) For utterance nsc-part2-chn0-spk09423020mam-030201887, best cost 47.2071 + -320.454 = -273.247 over 183 frames.
LOG (lattice-best-path[5.5.888~1-d619]:main():lattice-best-path.cc:99) For utterance nsc-part2-chn0-spk09523043mam-030430013, best cost 70.0059 + -237.084 = -167.079 over 138 frames.
LOG (lattice-best-path[5.5.888~1-d619]:main():lattice-best-path.cc:99) For utterance nsc-part2-chn0-spk09523043mam-030430117, best cost 32.1649 + -173.806 = -141.641 over 98 frames.
LOG (lattice-best-path[5.5.888~1-d619]:main():lattice-best-path.cc:99) For utterance nsc-part2-chn0-spk09523043mam-030430175, best cost 74.2967 + -260.465 = -186.168 over 147 frames.
LOG (lattice-best-path[5.5.888~1-d619]:main():lattice-best-path.cc:99) For utterance nsc-part2-chn0-spk09523043mam-030430176, best cost 44.2263 + -292.766 = -248.54 over 150 frames.
LOG (lattice-best-path[5.5.888~1-d619]:main():lattice-best-path.cc:99) For utterance nsc-part2-chn0-spk09523043mam-030430188, best cost 32.859 + -192.007 = -159.148 over 108 frames.
LOG (lattice-best-path[5.5.888~1-d619]:main():lattice-best-path.cc:99) For utterance nsc-part2-chn0-spk09523043mam-030430193, best cost 69.235 + -200.067 = -130.832 over 110 frames.
LOG (lattice-best-path[5.5.888~1-d619]:main():lattice-best-path.cc:99) For utterance nsc-part2-chn0-spk09523043mam-030430198, best cost 47.7623 + -360.34 = -312.578 over 201 frames.
LOG (lattice-best-path[5.5.888~1-d619]:main():lattice-best-path.cc:99) For utterance nsc-part2-chn0-spk09523043mam-030430296, best cost 21.5591 + -155.035 = -133.476 over 67 frames.
LOG (lattice-best-path[5.5.888~1-d619]:main():lattice-best-path.cc:99) For utterance nsc-part2-chn0-spk09523043mam-030430385, best cost 67.8413 + -246.651 = -178.81 over 115 frames.
LOG (lattice-best-path[5.5.888~1-d619]:main():lattice-best-path.cc:99) For utterance nsc-part2-chn0-spk09523043mam-030431462, best cost 44.0193 + -223.277 = -179.258 over 147 frames.
LOG (lattice-best-path[5.5.888~1-d619]:main():lattice-best-path.cc:99) For utterance nsc-part2-chn0-spk09523043mam-030431528, best cost 75.6297 + -407.523 = -331.893 over 237 frames.
LOG (lattice-best-path[5.5.888~1-d619]:main():lattice-best-path.cc:99) For utterance nsc-part2-chn0-spk09523043mam-030431699, best cost 43.8114 + -299.177 = -255.365 over 144 frames.
LOG (lattice-best-path[5.5.888~1-d619]:main():lattice-best-path.cc:99) For utterance nsc-part2-chn0-spk09523043mam-030431717, best cost 43.2559 + -283.708 = -240.452 over 136 frames.
LOG (lattice-best-path[5.5.888~1-d619]:main():lattice-best-path.cc:99) For utterance nsc-part2-chn0-spk09523043mam-030431721, best cost 41.6626 + -171.923 = -130.261 over 113 frames.
LOG (lattice-best-path[5.5.888~1-d619]:main():lattice-best-path.cc:99) For utterance nsc-part2-chn0-spk09523043mam-030431747, best cost 42.9786 + -270.058 = -227.08 over 132 frames.
LOG (lattice-best-path[5.5.888~1-d619]:main():lattice-best-path.cc:99) For utterance nsc-part2-chn0-spk09543081cnm-030810032, best cost 80.2464 + -545.569 = -465.323 over 308 frames.
LOG (lattice-best-path[5.5.888~1-d619]:main():lattice-best-path.cc:99) For utterance nsc-part2-chn0-spk09543081cnm-030810066, best cost 43.4388 + -183.45 = -140.011 over 121 frames.
LOG (lattice-best-path[5.5.888~1-d619]:main():lattice-best-path.cc:99) For utterance nsc-part2-chn0-spk09543081cnm-030810111, best cost 85.2762 + -355.889 = -270.613 over 240 frames.
LOG (lattice-best-path[5.5.888~1-d619]:main():lattice-best-path.cc:99) For utterance nsc-part2-chn0-spk09543081cnm-030810136, best cost 45.8908 + -283.698 = -237.807 over 174 frames.
LOG (lattice-best-path[5.5.888~1-d619]:main():lattice-best-path.cc:99) For utterance nsc-part2-chn0-spk09543081cnm-030810148, best cost 43.0489 + -218.919 = -175.87 over 133 frames.
LOG (lattice-best-path[5.5.888~1-d619]:main():lattice-best-path.cc:99) For utterance nsc-part2-chn0-spk09543081cnm-030810149, best cost 40.0092 + -172.864 = -132.855 over 120 frames.
LOG (lattice-best-path[5.5.888~1-d619]:main():lattice-best-path.cc:99) For utterance nsc-part2-chn0-spk09543081cnm-030810219, best cost 44.7125 + -215.349 = -170.637 over 157 frames.
LOG (lattice-best-path[5.5.888~1-d619]:main():lattice-best-path.cc:99) For utterance nsc-part2-chn0-spk09543081cnm-030810247, best cost 53.3091 + -230.667 = -177.358 over 159 frames.
LOG (lattice-best-path[5.5.888~1-d619]:main():lattice-best-path.cc:99) For utterance nsc-part2-chn0-spk09543081cnm-030810299, best cost 47.3455 + -327.229 = -279.883 over 195 frames.
LOG (lattice-best-path[5.5.888~1-d619]:main():lattice-best-path.cc:99) For utterance nsc-part2-chn0-spk09543081cnm-030810414, best cost 21.4898 + -113.293 = -91.8036 over 66 frames.
LOG (lattice-best-path[5.5.888~1-d619]:main():lattice-best-path.cc:99) For utterance nsc-part2-chn0-spk09543081cnm-030810433, best cost 42.9806 + -204.475 = -161.494 over 132 frames.
LOG (lattice-best-path[5.5.888~1-d619]:main():lattice-best-path.cc:99) For utterance nsc-part2-chn0-spk09543081cnm-030811761, best cost 45.8215 + -273.889 = -228.067 over 173 frames.
LOG (lattice-best-path[5.5.888~1-d619]:main():lattice-best-path.cc:99) For utterance nsc-part2-chn0-spk09543081cnm-030811771, best cost 44.5729 + -238.824 = -194.252 over 155 frames.
LOG (lattice-best-path[5.5.888~1-d619]:main():lattice-best-path.cc:99) For utterance nsc-part2-chn0-spk09543081cnm-030811785, best cost 24.1228 + -148.419 = -124.296 over 104 frames.
LOG (lattice-best-path[5.5.888~1-d619]:main():lattice-best-path.cc:99) For utterance nsc-part2-chn0-spk09543081cnm-030811849, best cost 33.4829 + -154.614 = -121.131 over 117 frames.
LOG (lattice-best-path[5.5.888~1-d619]:main():lattice-best-path.cc:99) For utterance nsc-part2-chn0-spk09593083maf-030830071, best cost 70.5281 + -230.638 = -160.109 over 147 frames.
LOG (lattice-best-path[5.5.888~1-d619]:main():lattice-best-path.cc:99) For utterance nsc-part2-chn0-spk09593083maf-030830100, best cost 81.5721 + -290.745 = -209.173 over 190 frames.
LOG (lattice-best-path[5.5.888~1-d619]:main():lattice-best-path.cc:99) For utterance nsc-part2-chn0-spk09593083maf-030830115, best cost 44.0193 + -238.899 = -194.88 over 147 frames.
LOG (lattice-best-path[5.5.888~1-d619]:main():lattice-best-path.cc:99) For utterance nsc-part2-chn0-spk09593083maf-030830148, best cost 67.2449 + -376.998 = -309.753 over 238 frames.
LOG (lattice-best-path[5.5.888~1-d619]:main():lattice-best-path.cc:99) For utterance nsc-part2-chn0-spk09593083maf-030830163, best cost 114.567 + -408.907 = -294.341 over 265 frames.
LOG (lattice-best-path[5.5.888~1-d619]:main():lattice-best-path.cc:99) For utterance nsc-part2-chn0-spk09593083maf-030830173, best cost 59.6187 + -439.096 = -379.477 over 250 frames.
LOG (lattice-best-path[5.5.888~1-d619]:main():lattice-best-path.cc:99) For utterance nsc-part2-chn0-spk09593083maf-030830186, best cost 64.61 + -301.375 = -236.765 over 200 frames.
LOG (lattice-best-path[5.5.888~1-d619]:main():lattice-best-path.cc:99) For utterance nsc-part2-chn0-spk09593083maf-030830212, best cost 43.4658 + -247.317 = -203.851 over 139 frames.
LOG (lattice-best-path[5.5.888~1-d619]:main():lattice-best-path.cc:99) For utterance nsc-part2-chn0-spk09593083maf-030830219, best cost 43.6054 + -238.921 = -195.316 over 141 frames.
LOG (lattice-best-path[5.5.888~1-d619]:main():lattice-best-path.cc:99) For utterance nsc-part2-chn0-spk09593083maf-030830231, best cost 90.4575 + -334.402 = -243.945 over 207 frames.
LOG (lattice-best-path[5.5.888~1-d619]:main():lattice-best-path.cc:99) For utterance nsc-part2-chn0-spk09593083maf-030830405, best cost 80.9906 + -295.865 = -214.875 over 167 frames.
LOG (lattice-best-path[5.5.888~1-d619]:main():lattice-best-path.cc:99) For utterance nsc-part2-chn0-spk09593083maf-030830410, best cost 56.8442 + -308.1 = -251.256 over 210 frames.
LOG (lattice-best-path[5.5.888~1-d619]:main():lattice-best-path.cc:99) For utterance nsc-part2-chn0-spk09593083maf-030831547, best cost 48.9407 + -372.086 = -323.146 over 218 frames.
LOG (lattice-best-path[5.5.888~1-d619]:main():lattice-best-path.cc:99) For utterance nsc-part2-chn0-spk09593083maf-030831592, best cost 86.672 + -557.498 = -470.826 over 361 frames.
LOG (lattice-best-path[5.5.888~1-d619]:main():lattice-best-path.cc:99) For utterance nsc-part2-chn0-spk09593083maf-030831640, best cost 47.4851 + -339.431 = -291.946 over 197 frames.
LOG (lattice-best-path[5.5.888~1-d619]:main():lattice-best-path.cc:99) For utterance nsc-part2-chn0-spk09593083maf-030831695, best cost 60.1693 + -465.926 = -405.756 over 258 frames.
LOG (lattice-best-path[5.5.888~1-d619]:main():lattice-best-path.cc:99) For utterance nsc-part2-chn0-spk09593083maf-030831717, best cost 92.02 + -464.172 = -372.152 over 254 frames.
LOG (lattice-best-path[5.5.888~1-d619]:main():lattice-best-path.cc:99) For utterance nsc-part2-chn0-spk09663088mam-030880091, best cost 48.2909 + -313.797 = -265.506 over 191 frames.
LOG (lattice-best-path[5.5.888~1-d619]:main():lattice-best-path.cc:99) For utterance nsc-part2-chn0-spk09663088mam-030880111, best cost 86.9759 + -451.267 = -364.291 over 262 frames.
LOG (lattice-best-path[5.5.888~1-d619]:main():lattice-best-path.cc:99) For utterance nsc-part2-chn0-spk09663088mam-030880134, best cost 50.3146 + -395.184 = -344.869 over 225 frames.
LOG (lattice-best-path[5.5.888~1-d619]:main():lattice-best-path.cc:99) For utterance nsc-part2-chn0-spk09663088mam-030880186, best cost 47.2088 + -321.327 = -274.118 over 193 frames.
LOG (lattice-best-path[5.5.888~1-d619]:main():lattice-best-path.cc:99) For utterance nsc-part2-chn0-spk09663088mam-030880196, best cost 54.4985 + -349.842 = -295.343 over 207 frames.
LOG (lattice-best-path[5.5.888~1-d619]:main():lattice-best-path.cc:99) For utterance nsc-part2-chn0-spk09663088mam-030880199, best cost 54.7376 + -281.331 = -226.594 over 172 frames.
LOG (lattice-best-path[5.5.888~1-d619]:main():lattice-best-path.cc:99) For utterance nsc-part2-chn0-spk09663088mam-030880231, best cost 92.0544 + -362.161 = -270.106 over 199 frames.
LOG (lattice-best-path[5.5.888~1-d619]:main():lattice-best-path.cc:99) For utterance nsc-part2-chn0-spk09663088mam-030880299, best cost 66.8001 + -383.721 = -316.921 over 214 frames.
LOG (lattice-best-path[5.5.888~1-d619]:main():lattice-best-path.cc:99) For utterance nsc-part2-chn0-spk09663088mam-030880362, best cost 49.0081 + -347.01 = -298.002 over 219 frames.
LOG (lattice-best-path[5.5.888~1-d619]:main():lattice-best-path.cc:99) For utterance nsc-part2-chn0-spk09663088mam-030880410, best cost 101.339 + -334.321 = -232.982 over 195 frames.
LOG (lattice-best-path[5.5.888~1-d619]:main():lattice-best-path.cc:99) For utterance nsc-part2-chn0-spk09663088mam-030880424, best cost 49.0793 + -367.059 = -317.979 over 220 frames.
LOG (lattice-best-path[5.5.888~1-d619]:main():lattice-best-path.cc:99) For utterance nsc-part2-chn0-spk09663088mam-030880433, best cost 56.0827 + -361.674 = -305.591 over 199 frames.
LOG (lattice-best-path[5.5.888~1-d619]:main():lattice-best-path.cc:99) For utterance nsc-part2-chn0-spk09663088mam-030881477, best cost 43.6402 + -232.763 = -189.123 over 159 frames.
LOG (lattice-best-path[5.5.888~1-d619]:main():lattice-best-path.cc:99) For utterance nsc-part2-chn0-spk09663088mam-030881528, best cost 98.76 + -550.249 = -451.489 over 309 frames.
LOG (lattice-best-path[5.5.888~1-d619]:main():lattice-best-path.cc:99) For utterance nsc-part2-chn0-spk09663088mam-030881621, best cost 46.9306 + -304.009 = -257.078 over 189 frames.
LOG (lattice-best-path[5.5.888~1-d619]:main():lattice-best-path.cc:99) For utterance nsc-part2-chn0-spk09663088mam-030881761, best cost 57.4651 + -372.763 = -315.298 over 219 frames.
LOG (lattice-best-path[5.5.888~1-d619]:main():lattice-best-path.cc:99) For utterance nsc-part2-chn0-spk09663088mam-030881853, best cost 61.1453 + -246.041 = -184.896 over 150 frames.
LOG (lattice-best-path[5.5.888~1-d619]:main():lattice-best-path.cc:99) For utterance nsc-part2-chn0-spk09733055inf-030550024, best cost 73.0971 + -365.284 = -292.187 over 211 frames.
LOG (lattice-best-path[5.5.888~1-d619]:main():lattice-best-path.cc:99) For utterance nsc-part2-chn0-spk09733055inf-030550046, best cost 51.5601 + -188.264 = -136.704 over 112 frames.
LOG (lattice-best-path[5.5.888~1-d619]:main():lattice-best-path.cc:99) For utterance nsc-part2-chn0-spk09733055inf-030550057, best cost 108.207 + -329.125 = -220.918 over 181 frames.
LOG (lattice-best-path[5.5.888~1-d619]:main():lattice-best-path.cc:99) For utterance nsc-part2-chn0-spk09733055inf-030550118, best cost 61.5302 + -233.044 = -171.514 over 141 frames.
LOG (lattice-best-path[5.5.888~1-d619]:main():lattice-best-path.cc:99) For utterance nsc-part2-chn0-spk09733055inf-030550134, best cost 52.5467 + -270.954 = -218.407 over 148 frames.
LOG (lattice-best-path[5.5.888~1-d619]:main():lattice-best-path.cc:99) For utterance nsc-part2-chn0-spk09733055inf-030550164, best cost 50.5542 + -182.303 = -131.749 over 113 frames.
LOG (lattice-best-path[5.5.888~1-d619]:main():lattice-best-path.cc:99) For utterance nsc-part2-chn0-spk09733055inf-030550212, best cost 42.4251 + -212.1 = -169.675 over 124 frames.
LOG (lattice-best-path[5.5.888~1-d619]:main():lattice-best-path.cc:99) For utterance nsc-part2-chn0-spk09733055inf-030550294, best cost 70.1985 + -415.783 = -345.585 over 263 frames.
LOG (lattice-best-path[5.5.888~1-d619]:main():lattice-best-path.cc:99) For utterance nsc-part2-chn0-spk09733055inf-030550323, best cost 44.8511 + -305.44 = -260.589 over 159 frames.
LOG (lattice-best-path[5.5.888~1-d619]:main():lattice-best-path.cc:99) For utterance nsc-part2-chn0-spk09733055inf-030551452, best cost 121.479 + -402.464 = -280.986 over 223 frames.
LOG (lattice-best-path[5.5.888~1-d619]:main():lattice-best-path.cc:99) For utterance nsc-part2-chn0-spk09733055inf-030551493, best cost 60.3978 + -216.497 = -156.099 over 121 frames.
LOG (lattice-best-path[5.5.888~1-d619]:main():lattice-best-path.cc:99) For utterance nsc-part2-chn0-spk09733055inf-030551566, best cost 43.1876 + -250.929 = -207.742 over 135 frames.
LOG (lattice-best-path[5.5.888~1-d619]:main():lattice-best-path.cc:99) For utterance nsc-part2-chn0-spk09733055inf-030551695, best cost 44.0887 + -257.855 = -213.767 over 148 frames.
LOG (lattice-best-path[5.5.888~1-d619]:main():lattice-best-path.cc:99) For utterance nsc-part2-chn0-spk09733055inf-030551875, best cost 51.7822 + -245.944 = -194.161 over 137 frames.
LOG (lattice-best-path[5.5.888~1-d619]:main():lattice-best-path.cc:99) For utterance nsc-part2-chn0-spk09793078inf-030780004, best cost 86.1432 + -364.522 = -278.379 over 249 frames.
LOG (lattice-best-path[5.5.888~1-d619]:main():lattice-best-path.cc:99) For utterance nsc-part2-chn0-spk09793078inf-030780024, best cost 84.5414 + -438.23 = -353.689 over 259 frames.
LOG (lattice-best-path[5.5.888~1-d619]:main():lattice-best-path.cc:99) For utterance nsc-part2-chn0-spk09793078inf-030780123, best cost 57.8146 + -358.037 = -300.222 over 224 frames.
LOG (lattice-best-path[5.5.888~1-d619]:main():lattice-best-path.cc:99) For utterance nsc-part2-chn0-spk09793078inf-030780182, best cost 33.2046 + -182.236 = -149.032 over 113 frames.
LOG (lattice-best-path[5.5.888~1-d619]:main():lattice-best-path.cc:99) For utterance nsc-part2-chn0-spk09793078inf-030780197, best cost 43.7401 + -252.16 = -208.419 over 143 frames.
LOG (lattice-best-path[5.5.888~1-d619]:main():lattice-best-path.cc:99) For utterance nsc-part2-chn0-spk09793078inf-030780203, best cost 53.9773 + -241.699 = -187.722 over 151 frames.
LOG (lattice-best-path[5.5.888~1-d619]:main():lattice-best-path.cc:99) For utterance nsc-part2-chn0-spk09793078inf-030780232, best cost 70.7059 + -263.687 = -192.981 over 146 frames.
LOG (lattice-best-path[5.5.888~1-d619]:main():lattice-best-path.cc:99) For utterance nsc-part2-chn0-spk09793078inf-030780247, best cost 37.1575 + -313.654 = -276.496 over 170 frames.
LOG (lattice-best-path[5.5.888~1-d619]:main():lattice-best-path.cc:99) For utterance nsc-part2-chn0-spk09793078inf-030780268, best cost 46.6533 + -340.187 = -293.534 over 185 frames.
LOG (lattice-best-path[5.5.888~1-d619]:main():lattice-best-path.cc:99) For utterance nsc-part2-chn0-spk09793078inf-030780302, best cost 51.3657 + -441.921 = -390.555 over 253 frames.
LOG (lattice-best-path[5.5.888~1-d619]:main():lattice-best-path.cc:99) For utterance nsc-part2-chn0-spk09793078inf-030780388, best cost 32.1659 + -146.36 = -114.194 over 98 frames.
LOG (lattice-best-path[5.5.888~1-d619]:main():lattice-best-path.cc:99) For utterance nsc-part2-chn0-spk09793078inf-030780411, best cost 67.9332 + -449.801 = -381.867 over 248 frames.
LOG (lattice-best-path[5.5.888~1-d619]:main():lattice-best-path.cc:99) For utterance nsc-part2-chn0-spk09793078inf-030780434, best cost 58.9226 + -379.474 = -320.552 over 240 frames.
LOG (lattice-best-path[5.5.888~1-d619]:main():lattice-best-path.cc:99) For utterance nsc-part2-chn0-spk09793078inf-030781760, best cost 68.097 + -360.361 = -292.264 over 216 frames.
LOG (lattice-best-path[5.5.888~1-d619]:main():lattice-best-path.cc:99) For utterance nsc-part2-chn0-spk09793078inf-030781764, best cost 45.5462 + -307.668 = -262.122 over 169 frames.
LOG (lattice-best-path[5.5.888~1-d619]:main():lattice-best-path.cc:99) For utterance nsc-part2-chn0-spk09793078inf-030781773, best cost 109.029 + -568.248 = -459.218 over 326 frames.
LOG (lattice-best-path[5.5.888~1-d619]:main():lattice-best-path.cc:99) For utterance nsc-part2-chn0-spk09793078inf-030781887, best cost 56.0407 + -314.435 = -258.394 over 198 frames.
LOG (lattice-depth-per-frame[5.5.888~1-d619]:main():lattice-depth-per-frame.cc:82) Done 124 lattices.
LOG (lattice-best-path[5.5.888~1-d619]:main():lattice-best-path.cc:124) Overall cost per frame is -1.38142 = 0.324399 [graph] + -1.70582 [acoustic] over 22321 frames.
LOG (lattice-best-path[5.5.888~1-d619]:main():lattice-best-path.cc:128) Done 124 lattices, failed for 0
# Ended (code 0) at Wed Aug 25 18:57:43 SGT 2021, elapsed time 43 seconds
