# lattice-depth-per-frame "ark:gunzip -c /home3/ztkyaw/w2021/deliverables/contrast-zin-dev/baseline/tdnnf-transfer-sp/decode_imda-part2_1629888772-hw_lmg/lat.9.gz|" "ark,t:|gzip -c > /home3/ztkyaw/w2021/deliverables/contrast-zin-dev/baseline/tdnnf-transfer-sp/decode_imda-part2_1629888772-hw_lmg/depth_tmp.9.gz" ark:- | lattice-best-path --acoustic-scale=0.1 ark:- ark:/dev/null "ark,t:|gzip -c >/home3/ztkyaw/w2021/deliverables/contrast-zin-dev/baseline/tdnnf-transfer-sp/decode_imda-part2_1629888772-hw_lmg/ali_tmp.9.gz" 
# Invoked at Wed Aug 25 18:57:00 SGT 2021 from node05
#
# Started at Wed Aug 25 18:57:42 +08 2021 on node09
lattice-best-path --acoustic-scale=0.1 ark:- ark:/dev/null 'ark,t:|gzip -c >/home3/ztkyaw/w2021/deliverables/contrast-zin-dev/baseline/tdnnf-transfer-sp/decode_imda-part2_1629888772-hw_lmg/ali_tmp.9.gz' 
lattice-depth-per-frame 'ark:gunzip -c /home3/ztkyaw/w2021/deliverables/contrast-zin-dev/baseline/tdnnf-transfer-sp/decode_imda-part2_1629888772-hw_lmg/lat.9.gz|' 'ark,t:|gzip -c > /home3/ztkyaw/w2021/deliverables/contrast-zin-dev/baseline/tdnnf-transfer-sp/decode_imda-part2_1629888772-hw_lmg/depth_tmp.9.gz' ark:- 
LOG (lattice-best-path[5.5.888~1-d619]:main():lattice-best-path.cc:99) For utterance nsc-part2-chn0-spk10183106cnm-031060071, best cost 50.1187 + -238.963 = -188.844 over 113 frames.
LOG (lattice-best-path[5.5.888~1-d619]:main():lattice-best-path.cc:99) For utterance nsc-part2-chn0-spk10183106cnm-031060099, best cost 70.7803 + -303.042 = -232.262 over 183 frames.
LOG (lattice-best-path[5.5.888~1-d619]:main():lattice-best-path.cc:99) For utterance nsc-part2-chn0-spk10183106cnm-031060148, best cost 32.7194 + -160.123 = -127.404 over 106 frames.
LOG (lattice-best-path[5.5.888~1-d619]:main():lattice-best-path.cc:99) For utterance nsc-part2-chn0-spk10183106cnm-031060164, best cost 32.7897 + -164.574 = -131.784 over 107 frames.
LOG (lattice-best-path[5.5.888~1-d619]:main():lattice-best-path.cc:99) For utterance nsc-part2-chn0-spk10183106cnm-031060220, best cost 43.8807 + -229.427 = -185.546 over 145 frames.
LOG (lattice-best-path[5.5.888~1-d619]:main():lattice-best-path.cc:99) For utterance nsc-part2-chn0-spk10183106cnm-031060258, best cost 81.6528 + -330.018 = -248.365 over 160 frames.
LOG (lattice-best-path[5.5.888~1-d619]:main():lattice-best-path.cc:99) For utterance nsc-part2-chn0-spk10183106cnm-031060268, best cost 79.8649 + -310.76 = -230.895 over 152 frames.
LOG (lattice-best-path[5.5.888~1-d619]:main():lattice-best-path.cc:99) For utterance nsc-part2-chn0-spk10183106cnm-031060299, best cost 41.4547 + -215.502 = -174.048 over 110 frames.
LOG (lattice-best-path[5.5.888~1-d619]:main():lattice-best-path.cc:99) For utterance nsc-part2-chn0-spk10183106cnm-031060308, best cost 63.8653 + -331.913 = -268.048 over 183 frames.
LOG (lattice-best-path[5.5.888~1-d619]:main():lattice-best-path.cc:99) For utterance nsc-part2-chn0-spk10183106cnm-031060313, best cost 71.649 + -285.287 = -213.638 over 157 frames.
LOG (lattice-best-path[5.5.888~1-d619]:main():lattice-best-path.cc:99) For utterance nsc-part2-chn0-spk10183106cnm-031060411, best cost 72.7618 + -327.876 = -255.114 over 182 frames.
LOG (lattice-best-path[5.5.888~1-d619]:main():lattice-best-path.cc:99) For utterance nsc-part2-chn0-spk10183106cnm-031061528, best cost 44.6422 + -284.602 = -239.959 over 156 frames.
LOG (lattice-best-path[5.5.888~1-d619]:main():lattice-best-path.cc:99) For utterance nsc-part2-chn0-spk10183106cnm-031061582, best cost 87.6845 + -330.002 = -242.318 over 141 frames.
LOG (lattice-best-path[5.5.888~1-d619]:main():lattice-best-path.cc:99) For utterance nsc-part2-chn0-spk10183106cnm-031061584, best cost 50.7445 + -230.759 = -180.015 over 122 frames.
LOG (lattice-best-path[5.5.888~1-d619]:main():lattice-best-path.cc:99) For utterance nsc-part2-chn0-spk10183106cnm-031061716, best cost 52.616 + -281.609 = -228.993 over 149 frames.
LOG (lattice-best-path[5.5.888~1-d619]:main():lattice-best-path.cc:99) For utterance nsc-part2-chn0-spk10183106cnm-031061742, best cost 71.7251 + -297.301 = -225.576 over 163 frames.
LOG (lattice-best-path[5.5.888~1-d619]:main():lattice-best-path.cc:99) For utterance nsc-part2-chn0-spk10183106cnm-031061775, best cost 45.4749 + -314.755 = -269.28 over 168 frames.
LOG (lattice-best-path[5.5.888~1-d619]:main():lattice-best-path.cc:99) For utterance nsc-part2-chn0-spk10183106cnm-031061882, best cost 93.5584 + -425.538 = -331.979 over 237 frames.
LOG (lattice-best-path[5.5.888~1-d619]:main():lattice-best-path.cc:99) For utterance nsc-part2-chn0-spk10213110inm-031100057, best cost 67.4781 + -284.648 = -217.17 over 157 frames.
LOG (lattice-best-path[5.5.888~1-d619]:main():lattice-best-path.cc:99) For utterance nsc-part2-chn0-spk10213110inm-031100085, best cost 39.9748 + -140.718 = -100.743 over 81 frames.
LOG (lattice-best-path[5.5.888~1-d619]:main():lattice-best-path.cc:99) For utterance nsc-part2-chn0-spk10213110inm-031100102, best cost 88.8894 + -298.125 = -209.236 over 150 frames.
LOG (lattice-best-path[5.5.888~1-d619]:main():lattice-best-path.cc:99) For utterance nsc-part2-chn0-spk10213110inm-031100144, best cost 65.0232 + -350.598 = -285.575 over 196 frames.
LOG (lattice-best-path[5.5.888~1-d619]:main():lattice-best-path.cc:99) For utterance nsc-part2-chn0-spk10213110inm-031100149, best cost 53.699 + -267.182 = -213.483 over 147 frames.
LOG (lattice-best-path[5.5.888~1-d619]:main():lattice-best-path.cc:99) For utterance nsc-part2-chn0-spk10213110inm-031100166, best cost 41.4998 + -203.478 = -161.979 over 103 frames.
LOG (lattice-best-path[5.5.888~1-d619]:main():lattice-best-path.cc:99) For utterance nsc-part2-chn0-spk10213110inm-031100170, best cost 46.4463 + -318.752 = -272.305 over 182 frames.
LOG (lattice-best-path[5.5.888~1-d619]:main():lattice-best-path.cc:99) For utterance nsc-part2-chn0-spk10213110inm-031100176, best cost 66.2224 + -366.889 = -300.667 over 197 frames.
LOG (lattice-best-path[5.5.888~1-d619]:main():lattice-best-path.cc:99) For utterance nsc-part2-chn0-spk10213110inm-031100187, best cost 84.4547 + -339.829 = -255.374 over 204 frames.
LOG (lattice-best-path[5.5.888~1-d619]:main():lattice-best-path.cc:99) For utterance nsc-part2-chn0-spk10213110inm-031100197, best cost 41.2458 + -179.39 = -138.144 over 107 frames.
LOG (lattice-best-path[5.5.888~1-d619]:main():lattice-best-path.cc:99) For utterance nsc-part2-chn0-spk10213110inm-031100298, best cost 75.1077 + -245.685 = -170.578 over 127 frames.
LOG (lattice-best-path[5.5.888~1-d619]:main():lattice-best-path.cc:99) For utterance nsc-part2-chn0-spk10213110inm-031100312, best cost 44.9907 + -306.285 = -261.294 over 161 frames.
LOG (lattice-best-path[5.5.888~1-d619]:main():lattice-best-path.cc:99) For utterance nsc-part2-chn0-spk10213110inm-031100407, best cost 31.8193 + -153.401 = -121.582 over 93 frames.
LOG (lattice-best-path[5.5.888~1-d619]:main():lattice-best-path.cc:99) For utterance nsc-part2-chn0-spk10213110inm-031100418, best cost 66.5239 + -375.771 = -309.247 over 210 frames.
LOG (lattice-best-path[5.5.888~1-d619]:main():lattice-best-path.cc:99) For utterance nsc-part2-chn0-spk10213110inm-031100434, best cost 62.9445 + -303.701 = -240.756 over 176 frames.
LOG (lattice-best-path[5.5.888~1-d619]:main():lattice-best-path.cc:99) For utterance nsc-part2-chn0-spk10213110inm-031101716, best cost 55.043 + -336.274 = -281.232 over 184 frames.
LOG (lattice-best-path[5.5.888~1-d619]:main():lattice-best-path.cc:99) For utterance nsc-part2-chn0-spk10223111inf-031110123, best cost 65.3455 + -372.043 = -306.697 over 193 frames.
LOG (lattice-best-path[5.5.888~1-d619]:main():lattice-best-path.cc:99) For utterance nsc-part2-chn0-spk10223111inf-031110148, best cost 62.7816 + -241.913 = -179.132 over 166 frames.
LOG (lattice-best-path[5.5.888~1-d619]:main():lattice-best-path.cc:99) For utterance nsc-part2-chn0-spk10223111inf-031110176, best cost 55.3193 + -349.238 = -293.919 over 188 frames.
LOG (lattice-best-path[5.5.888~1-d619]:main():lattice-best-path.cc:99) For utterance nsc-part2-chn0-spk10223111inf-031110181, best cost 54.2565 + -260.132 = -205.876 over 155 frames.
LOG (lattice-best-path[5.5.888~1-d619]:main():lattice-best-path.cc:99) For utterance nsc-part2-chn0-spk10223111inf-031110201, best cost 43.7401 + -238.717 = -194.977 over 143 frames.
LOG (lattice-best-path[5.5.888~1-d619]:main():lattice-best-path.cc:99) For utterance nsc-part2-chn0-spk10223111inf-031110232, best cost 87.0424 + -361.007 = -273.965 over 209 frames.
LOG (lattice-best-path[5.5.888~1-d619]:main():lattice-best-path.cc:99) For utterance nsc-part2-chn0-spk10223111inf-031110247, best cost 95.7543 + -405.484 = -309.73 over 258 frames.
LOG (lattice-best-path[5.5.888~1-d619]:main():lattice-best-path.cc:99) For utterance nsc-part2-chn0-spk10223111inf-031110302, best cost 74.5217 + -434.027 = -359.505 over 221 frames.
LOG (lattice-best-path[5.5.888~1-d619]:main():lattice-best-path.cc:99) For utterance nsc-part2-chn0-spk10223111inf-031110325, best cost 74.6574 + -413.839 = -339.182 over 223 frames.
LOG (lattice-best-path[5.5.888~1-d619]:main():lattice-best-path.cc:99) For utterance nsc-part2-chn0-spk10223111inf-031110442, best cost 81.1116 + -324.4 = -243.288 over 173 frames.
LOG (lattice-best-path[5.5.888~1-d619]:main():lattice-best-path.cc:99) For utterance nsc-part2-chn0-spk10223111inf-031111455, best cost 51.7842 + -212.035 = -160.251 over 137 frames.
LOG (lattice-best-path[5.5.888~1-d619]:main():lattice-best-path.cc:99) For utterance nsc-part2-chn0-spk10223111inf-031111505, best cost 51.9679 + -198.524 = -146.556 over 132 frames.
LOG (lattice-best-path[5.5.888~1-d619]:main():lattice-best-path.cc:99) For utterance nsc-part2-chn0-spk10223111inf-031111528, best cost 77.9537 + -437.104 = -359.151 over 249 frames.
LOG (lattice-best-path[5.5.888~1-d619]:main():lattice-best-path.cc:99) For utterance nsc-part2-chn0-spk10223111inf-031111547, best cost 65.4575 + -375.374 = -309.917 over 206 frames.
LOG (lattice-best-path[5.5.888~1-d619]:main():lattice-best-path.cc:99) For utterance nsc-part2-chn0-spk10223111inf-031111699, best cost 54.4172 + -295.407 = -240.99 over 175 frames.
LOG (lattice-best-path[5.5.888~1-d619]:main():lattice-best-path.cc:99) For utterance nsc-part2-chn0-spk10223111inf-031111756, best cost 64.817 + -354.159 = -289.342 over 203 frames.
LOG (lattice-best-path[5.5.888~1-d619]:main():lattice-best-path.cc:99) For utterance nsc-part2-chn0-spk10233112inf-031120007, best cost 50.5346 + -185.996 = -135.462 over 119 frames.
LOG (lattice-best-path[5.5.888~1-d619]:main():lattice-best-path.cc:99) For utterance nsc-part2-chn0-spk10233112inf-031120029, best cost 51.9085 + -237.082 = -185.173 over 126 frames.
LOG (lattice-best-path[5.5.888~1-d619]:main():lattice-best-path.cc:99) For utterance nsc-part2-chn0-spk10233112inf-031120057, best cost 68.2844 + -246.185 = -177.901 over 129 frames.
LOG (lattice-best-path[5.5.888~1-d619]:main():lattice-best-path.cc:99) For utterance nsc-part2-chn0-spk10233112inf-031120123, best cost 54.0402 + -332.101 = -278.061 over 177 frames.
LOG (lattice-best-path[5.5.888~1-d619]:main():lattice-best-path.cc:99) For utterance nsc-part2-chn0-spk10233112inf-031120134, best cost 69.8154 + -302.513 = -232.697 over 140 frames.
LOG (lattice-best-path[5.5.888~1-d619]:main():lattice-best-path.cc:99) For utterance nsc-part2-chn0-spk10233112inf-031120164, best cost 54.0706 + -297.013 = -242.942 over 170 frames.
LOG (lattice-best-path[5.5.888~1-d619]:main():lattice-best-path.cc:99) For utterance nsc-part2-chn0-spk10233112inf-031120186, best cost 98.1334 + -326.925 = -228.791 over 200 frames.
LOG (lattice-best-path[5.5.888~1-d619]:main():lattice-best-path.cc:99) For utterance nsc-part2-chn0-spk10233112inf-031120212, best cost 41.4537 + -212.395 = -170.941 over 110 frames.
LOG (lattice-best-path[5.5.888~1-d619]:main():lattice-best-path.cc:99) For utterance nsc-part2-chn0-spk10233112inf-031120268, best cost 42.2181 + -228.232 = -186.014 over 121 frames.
LOG (lattice-best-path[5.5.888~1-d619]:main():lattice-best-path.cc:99) For utterance nsc-part2-chn0-spk10233112inf-031120427, best cost 54.3488 + -289.814 = -235.465 over 174 frames.
LOG (lattice-best-path[5.5.888~1-d619]:main():lattice-best-path.cc:99) For utterance nsc-part2-chn0-spk10233112inf-031121490, best cost 43.2559 + -254.143 = -210.887 over 136 frames.
LOG (lattice-best-path[5.5.888~1-d619]:main():lattice-best-path.cc:99) For utterance nsc-part2-chn0-spk10233112inf-031121582, best cost 74.2434 + -369.179 = -294.936 over 217 frames.
LOG (lattice-best-path[5.5.888~1-d619]:main():lattice-best-path.cc:99) For utterance nsc-part2-chn0-spk10233112inf-031121660, best cost 71.3312 + -330.851 = -259.52 over 176 frames.
LOG (lattice-best-path[5.5.888~1-d619]:main():lattice-best-path.cc:99) For utterance nsc-part2-chn0-spk10233112inf-031121717, best cost 94.6196 + -415.798 = -321.179 over 253 frames.
LOG (lattice-best-path[5.5.888~1-d619]:main():lattice-best-path.cc:99) For utterance nsc-part2-chn0-spk10233112inf-031121773, best cost 72.2018 + -265.877 = -193.675 over 155 frames.
LOG (lattice-best-path[5.5.888~1-d619]:main():lattice-best-path.cc:99) For utterance nsc-part2-chn0-spk10273068inm-030680043, best cost 39.7192 + -301.925 = -262.206 over 207 frames.
LOG (lattice-best-path[5.5.888~1-d619]:main():lattice-best-path.cc:99) For utterance nsc-part2-chn0-spk10273068inm-030680049, best cost 77.7503 + -378.227 = -300.477 over 262 frames.
LOG (lattice-best-path[5.5.888~1-d619]:main():lattice-best-path.cc:99) For utterance nsc-part2-chn0-spk10273068inm-030680118, best cost 51.5496 + -346.689 = -295.139 over 238 frames.
LOG (lattice-best-path[5.5.888~1-d619]:main():lattice-best-path.cc:99) For utterance nsc-part2-chn0-spk10273068inm-030680150, best cost 56.372 + -274.741 = -218.369 over 186 frames.
LOG (lattice-best-path[5.5.888~1-d619]:main():lattice-best-path.cc:99) For utterance nsc-part2-chn0-spk10273068inm-030680188, best cost 53.9585 + -246.787 = -192.828 over 161 frames.
LOG (lattice-best-path[5.5.888~1-d619]:main():lattice-best-path.cc:99) For utterance nsc-part2-chn0-spk10273068inm-030680242, best cost 76.3088 + -334.811 = -258.502 over 218 frames.
LOG (lattice-best-path[5.5.888~1-d619]:main():lattice-best-path.cc:99) For utterance nsc-part2-chn0-spk10273068inm-030680268, best cost 61.3237 + -395.106 = -333.782 over 257 frames.
LOG (lattice-best-path[5.5.888~1-d619]:main():lattice-best-path.cc:99) For utterance nsc-part2-chn0-spk10273068inm-030680302, best cost 65.3169 + -324.908 = -259.592 over 208 frames.
LOG (lattice-best-path[5.5.888~1-d619]:main():lattice-best-path.cc:99) For utterance nsc-part2-chn0-spk10273068inm-030680409, best cost 37.893 + -226.822 = -188.929 over 163 frames.
LOG (lattice-best-path[5.5.888~1-d619]:main():lattice-best-path.cc:99) For utterance nsc-part2-chn0-spk10273068inm-030680427, best cost 49.01 + -349.872 = -300.862 over 219 frames.
LOG (lattice-best-path[5.5.888~1-d619]:main():lattice-best-path.cc:99) For utterance nsc-part2-chn0-spk10273068inm-030680434, best cost 49.9111 + -349.06 = -299.149 over 232 frames.
LOG (lattice-best-path[5.5.888~1-d619]:main():lattice-best-path.cc:99) For utterance nsc-part2-chn0-spk10273068inm-030681497, best cost 52.4155 + -252.336 = -199.921 over 162 frames.
LOG (lattice-best-path[5.5.888~1-d619]:main():lattice-best-path.cc:99) For utterance nsc-part2-chn0-spk10273068inm-030681582, best cost 53.3066 + -411.86 = -358.554 over 281 frames.
LOG (lattice-best-path[5.5.888~1-d619]:main():lattice-best-path.cc:99) For utterance nsc-part2-chn0-spk10273068inm-030681717, best cost 37.1566 + -242.16 = -205.003 over 170 frames.
LOG (lattice-best-path[5.5.888~1-d619]:main():lattice-best-path.cc:99) For utterance nsc-part2-chn0-spk10273068inm-030681750, best cost 49.7715 + -349.766 = -299.994 over 230 frames.
LOG (lattice-best-path[5.5.888~1-d619]:main():lattice-best-path.cc:99) For utterance nsc-part2-chn0-spk10323127inm-031270087, best cost 44.158 + -271.644 = -227.486 over 149 frames.
LOG (lattice-best-path[5.5.888~1-d619]:main():lattice-best-path.cc:99) For utterance nsc-part2-chn0-spk10323127inm-031270123, best cost 54.3095 + -276.282 = -221.972 over 143 frames.
LOG (lattice-best-path[5.5.888~1-d619]:main():lattice-best-path.cc:99) For utterance nsc-part2-chn0-spk10323127inm-031270172, best cost 56.7055 + -379.016 = -322.31 over 208 frames.
LOG (lattice-best-path[5.5.888~1-d619]:main():lattice-best-path.cc:99) For utterance nsc-part2-chn0-spk10323127inm-031270175, best cost 42.3548 + -215.748 = -173.393 over 123 frames.
LOG (lattice-best-path[5.5.888~1-d619]:main():lattice-best-path.cc:99) For utterance nsc-part2-chn0-spk10323127inm-031270182, best cost 41.5933 + -215.551 = -173.958 over 112 frames.
LOG (lattice-best-path[5.5.888~1-d619]:main():lattice-best-path.cc:99) For utterance nsc-part2-chn0-spk10323127inm-031270258, best cost 48.5228 + -410.891 = -362.368 over 212 frames.
LOG (lattice-best-path[5.5.888~1-d619]:main():lattice-best-path.cc:99) For utterance nsc-part2-chn0-spk10323127inm-031270269, best cost 46.9296 + -397.896 = -350.967 over 189 frames.
LOG (lattice-best-path[5.5.888~1-d619]:main():lattice-best-path.cc:99) For utterance nsc-part2-chn0-spk10323127inm-031270399, best cost 42.633 + -244.864 = -202.231 over 127 frames.
LOG (lattice-best-path[5.5.888~1-d619]:main():lattice-best-path.cc:99) For utterance nsc-part2-chn0-spk10323127inm-031270439, best cost 46.8612 + -373.598 = -326.737 over 188 frames.
LOG (lattice-best-path[5.5.888~1-d619]:main():lattice-best-path.cc:99) For utterance nsc-part2-chn0-spk10323127inm-031270445, best cost 64.0531 + -393.722 = -329.669 over 213 frames.
LOG (lattice-best-path[5.5.888~1-d619]:main():lattice-best-path.cc:99) For utterance nsc-part2-chn0-spk10323127inm-031271462, best cost 25.3011 + -164.354 = -139.052 over 121 frames.
LOG (lattice-best-path[5.5.888~1-d619]:main():lattice-best-path.cc:99) For utterance nsc-part2-chn0-spk10323127inm-031271624, best cost 43.8807 + -287.601 = -243.72 over 145 frames.
LOG (lattice-best-path[5.5.888~1-d619]:main():lattice-best-path.cc:99) For utterance nsc-part2-chn0-spk10323127inm-031271773, best cost 53.1002 + -294.356 = -241.256 over 156 frames.
LOG (lattice-best-path[5.5.888~1-d619]:main():lattice-best-path.cc:99) For utterance nsc-part2-chn0-spk10323127inm-031271876, best cost 41.1071 + -163.042 = -121.935 over 105 frames.
LOG (lattice-best-path[5.5.888~1-d619]:main():lattice-best-path.cc:99) For utterance nsc-part2-chn0-spk10353130inf-031300045, best cost 43.1722 + -182.905 = -139.733 over 122 frames.
LOG (lattice-best-path[5.5.888~1-d619]:main():lattice-best-path.cc:99) For utterance nsc-part2-chn0-spk10353130inf-031300148, best cost 33.2056 + -170.67 = -137.464 over 113 frames.
LOG (lattice-best-path[5.5.888~1-d619]:main():lattice-best-path.cc:99) For utterance nsc-part2-chn0-spk10353130inf-031300212, best cost 43.1895 + -272.151 = -228.962 over 135 frames.
LOG (lattice-best-path[5.5.888~1-d619]:main():lattice-best-path.cc:99) For utterance nsc-part2-chn0-spk10353130inf-031300242, best cost 55.1103 + -362.122 = -307.012 over 185 frames.
LOG (lattice-best-path[5.5.888~1-d619]:main():lattice-best-path.cc:99) For utterance nsc-part2-chn0-spk10353130inf-031300251, best cost 57.1888 + -417.562 = -360.374 over 215 frames.
LOG (lattice-best-path[5.5.888~1-d619]:main():lattice-best-path.cc:99) For utterance nsc-part2-chn0-spk10353130inf-031300279, best cost 44.5055 + -302.517 = -258.012 over 154 frames.
LOG (lattice-best-path[5.5.888~1-d619]:main():lattice-best-path.cc:99) For utterance nsc-part2-chn0-spk10353130inf-031300294, best cost 53.3091 + -322.923 = -269.613 over 159 frames.
LOG (lattice-best-path[5.5.888~1-d619]:main():lattice-best-path.cc:99) For utterance nsc-part2-chn0-spk10353130inf-031300298, best cost 89.1163 + -260.128 = -171.012 over 135 frames.
LOG (lattice-best-path[5.5.888~1-d619]:main():lattice-best-path.cc:99) For utterance nsc-part2-chn0-spk10353130inf-031300433, best cost 47.2781 + -363.313 = -316.035 over 194 frames.
LOG (lattice-best-path[5.5.888~1-d619]:main():lattice-best-path.cc:99) For utterance nsc-part2-chn0-spk10353130inf-031301598, best cost 60.1388 + -224.242 = -164.103 over 133 frames.
LOG (lattice-best-path[5.5.888~1-d619]:main():lattice-best-path.cc:99) For utterance nsc-part2-chn0-spk10353130inf-031301690, best cost 73.1354 + -377.478 = -304.342 over 201 frames.
LOG (lattice-best-path[5.5.888~1-d619]:main():lattice-best-path.cc:99) For utterance nsc-part2-chn0-spk10353130inf-031301695, best cost 98.6917 + -426.182 = -327.491 over 218 frames.
LOG (lattice-best-path[5.5.888~1-d619]:main():lattice-best-path.cc:99) For utterance nsc-part2-chn0-spk10353130inf-031301747, best cost 54.4875 + -327.996 = -273.508 over 176 frames.
LOG (lattice-best-path[5.5.888~1-d619]:main():lattice-best-path.cc:99) For utterance nsc-part2-chn0-spk10353130inf-031301750, best cost 65.7864 + -348.488 = -282.702 over 217 frames.
LOG (lattice-best-path[5.5.888~1-d619]:main():lattice-best-path.cc:99) For utterance nsc-part2-chn0-spk10353130inf-031301773, best cost 79.3719 + -462.099 = -382.727 over 238 frames.
LOG (lattice-best-path[5.5.888~1-d619]:main():lattice-best-path.cc:99) For utterance nsc-part2-chn0-spk10353130inf-031301870, best cost 45.475 + -287.859 = -242.384 over 168 frames.
LOG (lattice-depth-per-frame[5.5.888~1-d619]:main():lattice-depth-per-frame.cc:82) Done 110 lattices.
LOG (lattice-best-path[5.5.888~1-d619]:main():lattice-best-path.cc:124) Overall cost per frame is -1.41852 = 0.342035 [graph] + -1.76055 [acoustic] over 18791 frames.
LOG (lattice-best-path[5.5.888~1-d619]:main():lattice-best-path.cc:128) Done 110 lattices, failed for 0
# Ended (code 0) at Wed Aug 25 18:57:43 SGT 2021, elapsed time 43 seconds
