# lattice-depth-per-frame "ark:gunzip -c /home3/ztkyaw/w2021/deliverables/contrast-zin-dev/baseline/tdnnf-transfer-sp/decode_imda-part2_1629888772-hw_lmg/lat.10.gz|" "ark,t:|gzip -c > /home3/ztkyaw/w2021/deliverables/contrast-zin-dev/baseline/tdnnf-transfer-sp/decode_imda-part2_1629888772-hw_lmg/depth_tmp.10.gz" ark:- | lattice-best-path --acoustic-scale=0.1 ark:- ark:/dev/null "ark,t:|gzip -c >/home3/ztkyaw/w2021/deliverables/contrast-zin-dev/baseline/tdnnf-transfer-sp/decode_imda-part2_1629888772-hw_lmg/ali_tmp.10.gz" 
# Invoked at Wed Aug 25 18:57:00 SGT 2021 from node05
#
# Started at Wed Aug 25 18:57:42 +08 2021 on node09
lattice-best-path --acoustic-scale=0.1 ark:- ark:/dev/null 'ark,t:|gzip -c >/home3/ztkyaw/w2021/deliverables/contrast-zin-dev/baseline/tdnnf-transfer-sp/decode_imda-part2_1629888772-hw_lmg/ali_tmp.10.gz' 
lattice-depth-per-frame 'ark:gunzip -c /home3/ztkyaw/w2021/deliverables/contrast-zin-dev/baseline/tdnnf-transfer-sp/decode_imda-part2_1629888772-hw_lmg/lat.10.gz|' 'ark,t:|gzip -c > /home3/ztkyaw/w2021/deliverables/contrast-zin-dev/baseline/tdnnf-transfer-sp/decode_imda-part2_1629888772-hw_lmg/depth_tmp.10.gz' ark:- 
LOG (lattice-best-path[5.5.888~1-d619]:main():lattice-best-path.cc:99) For utterance nsc-part2-chn0-spk10373155inf-031550016, best cost 44.8521 + -259.081 = -214.229 over 159 frames.
LOG (lattice-best-path[5.5.888~1-d619]:main():lattice-best-path.cc:99) For utterance nsc-part2-chn0-spk10373155inf-031550173, best cost 46.376 + -353.971 = -307.595 over 181 frames.
LOG (lattice-best-path[5.5.888~1-d619]:main():lattice-best-path.cc:99) For utterance nsc-part2-chn0-spk10373155inf-031550191, best cost 75.2563 + -280.125 = -204.869 over 161 frames.
LOG (lattice-best-path[5.5.888~1-d619]:main():lattice-best-path.cc:99) For utterance nsc-part2-chn0-spk10373155inf-031550242, best cost 45.6116 + -309.853 = -264.241 over 170 frames.
LOG (lattice-best-path[5.5.888~1-d619]:main():lattice-best-path.cc:99) For utterance nsc-part2-chn0-spk10373155inf-031550247, best cost 48.0406 + -378.269 = -330.228 over 205 frames.
LOG (lattice-best-path[5.5.888~1-d619]:main():lattice-best-path.cc:99) For utterance nsc-part2-chn0-spk10373155inf-031550251, best cost 54.124 + -315.229 = -261.105 over 188 frames.
LOG (lattice-best-path[5.5.888~1-d619]:main():lattice-best-path.cc:99) For utterance nsc-part2-chn0-spk10373155inf-031550257, best cost 42.7476 + -199.169 = -156.421 over 111 frames.
LOG (lattice-best-path[5.5.888~1-d619]:main():lattice-best-path.cc:99) For utterance nsc-part2-chn0-spk10373155inf-031550294, best cost 69.9905 + -441.514 = -371.524 over 262 frames.
LOG (lattice-best-path[5.5.888~1-d619]:main():lattice-best-path.cc:99) For utterance nsc-part2-chn0-spk10373155inf-031550298, best cost 44.5075 + -241.338 = -196.831 over 154 frames.
LOG (lattice-best-path[5.5.888~1-d619]:main():lattice-best-path.cc:99) For utterance nsc-part2-chn0-spk10373155inf-031550302, best cost 65.4166 + -373.827 = -308.41 over 204 frames.
LOG (lattice-best-path[5.5.888~1-d619]:main():lattice-best-path.cc:99) For utterance nsc-part2-chn0-spk10373155inf-031550384, best cost 46.377 + -354.487 = -308.11 over 181 frames.
LOG (lattice-best-path[5.5.888~1-d619]:main():lattice-best-path.cc:99) For utterance nsc-part2-chn0-spk10373155inf-031550439, best cost 46.3077 + -325.824 = -279.516 over 180 frames.
LOG (lattice-best-path[5.5.888~1-d619]:main():lattice-best-path.cc:99) For utterance nsc-part2-chn0-spk10373155inf-031551571, best cost 69.8972 + -426.188 = -356.29 over 241 frames.
LOG (lattice-best-path[5.5.888~1-d619]:main():lattice-best-path.cc:99) For utterance nsc-part2-chn0-spk10373155inf-031551610, best cost 45.6839 + -302.349 = -256.665 over 171 frames.
LOG (lattice-best-path[5.5.888~1-d619]:main():lattice-best-path.cc:99) For utterance nsc-part2-chn0-spk10373155inf-031551624, best cost 54.1399 + -302.417 = -248.277 over 171 frames.
LOG (lattice-best-path[5.5.888~1-d619]:main():lattice-best-path.cc:99) For utterance nsc-part2-chn0-spk10373155inf-031551750, best cost 48.3178 + -353.047 = -304.729 over 209 frames.
LOG (lattice-best-path[5.5.888~1-d619]:main():lattice-best-path.cc:99) For utterance nsc-part2-chn0-spk10373155inf-031551761, best cost 44.7808 + -259.385 = -214.604 over 158 frames.
LOG (lattice-best-path[5.5.888~1-d619]:main():lattice-best-path.cc:99) For utterance nsc-part2-chn0-spk10393116inm-031160049, best cost 46.6553 + -308.909 = -262.253 over 185 frames.
LOG (lattice-best-path[5.5.888~1-d619]:main():lattice-best-path.cc:99) For utterance nsc-part2-chn0-spk10393116inm-031160099, best cost 61.4159 + -253.945 = -192.529 over 142 frames.
LOG (lattice-best-path[5.5.888~1-d619]:main():lattice-best-path.cc:99) For utterance nsc-part2-chn0-spk10393116inm-031160121, best cost 87.9647 + -281.591 = -193.626 over 144 frames.
LOG (lattice-best-path[5.5.888~1-d619]:main():lattice-best-path.cc:99) For utterance nsc-part2-chn0-spk10393116inm-031160164, best cost 40.7616 + -161.807 = -121.046 over 100 frames.
LOG (lattice-best-path[5.5.888~1-d619]:main():lattice-best-path.cc:99) For utterance nsc-part2-chn0-spk10393116inm-031160173, best cost 43.6035 + -274.542 = -230.939 over 141 frames.
LOG (lattice-best-path[5.5.888~1-d619]:main():lattice-best-path.cc:99) For utterance nsc-part2-chn0-spk10393116inm-031160191, best cost 61.3957 + -255.044 = -193.648 over 127 frames.
LOG (lattice-best-path[5.5.888~1-d619]:main():lattice-best-path.cc:99) For utterance nsc-part2-chn0-spk10393116inm-031160247, best cost 51.0901 + -257.609 = -206.519 over 127 frames.
LOG (lattice-best-path[5.5.888~1-d619]:main():lattice-best-path.cc:99) For utterance nsc-part2-chn0-spk10393116inm-031160375, best cost 30.9172 + -120.176 = -89.2586 over 80 frames.
LOG (lattice-best-path[5.5.888~1-d619]:main():lattice-best-path.cc:99) For utterance nsc-part2-chn0-spk10393116inm-031160411, best cost 42.2162 + -189.931 = -147.714 over 121 frames.
LOG (lattice-best-path[5.5.888~1-d619]:main():lattice-best-path.cc:99) For utterance nsc-part2-chn0-spk10393116inm-031160441, best cost 42.3055 + -167.127 = -124.821 over 99 frames.
LOG (lattice-best-path[5.5.888~1-d619]:main():lattice-best-path.cc:99) For utterance nsc-part2-chn0-spk10393116inm-031161480, best cost 60.842 + -235.518 = -174.676 over 128 frames.
LOG (lattice-best-path[5.5.888~1-d619]:main():lattice-best-path.cc:99) For utterance nsc-part2-chn0-spk10393116inm-031161497, best cost 72.0645 + -326.517 = -254.453 over 184 frames.
LOG (lattice-best-path[5.5.888~1-d619]:main():lattice-best-path.cc:99) For utterance nsc-part2-chn0-spk10393116inm-031161580, best cost 56.9818 + -350.866 = -293.884 over 212 frames.
LOG (lattice-best-path[5.5.888~1-d619]:main():lattice-best-path.cc:99) For utterance nsc-part2-chn0-spk10393116inm-031161747, best cost 41.5149 + -217.017 = -175.502 over 126 frames.
LOG (lattice-best-path[5.5.888~1-d619]:main():lattice-best-path.cc:99) For utterance nsc-part2-chn0-spk10393116inm-031161761, best cost 73.2229 + -334.338 = -261.115 over 174 frames.
LOG (lattice-best-path[5.5.888~1-d619]:main():lattice-best-path.cc:99) For utterance nsc-part2-chn0-spk10393116inm-031161773, best cost 55.7111 + -323.108 = -267.396 over 176 frames.
LOG (lattice-best-path[5.5.888~1-d619]:main():lattice-best-path.cc:99) For utterance nsc-part2-chn0-spk10512441mam-024410020, best cost 92.1929 + -318.744 = -226.551 over 205 frames.
LOG (lattice-best-path[5.5.888~1-d619]:main():lattice-best-path.cc:99) For utterance nsc-part2-chn0-spk10512441mam-024410032, best cost 51.7816 + -371.356 = -319.575 over 259 frames.
LOG (lattice-best-path[5.5.888~1-d619]:main():lattice-best-path.cc:99) For utterance nsc-part2-chn0-spk10512441mam-024410071, best cost 34.175 + -199.059 = -164.884 over 127 frames.
LOG (lattice-best-path[5.5.888~1-d619]:main():lattice-best-path.cc:99) For utterance nsc-part2-chn0-spk10512441mam-024410080, best cost 38.9587 + -312.125 = -273.167 over 196 frames.
LOG (lattice-best-path[5.5.888~1-d619]:main():lattice-best-path.cc:99) For utterance nsc-part2-chn0-spk10512441mam-024410100, best cost 44.7767 + -186.484 = -141.708 over 124 frames.
LOG (lattice-best-path[5.5.888~1-d619]:main():lattice-best-path.cc:99) For utterance nsc-part2-chn0-spk10512441mam-024410118, best cost 46.4463 + -321 = -274.554 over 182 frames.
LOG (lattice-best-path[5.5.888~1-d619]:main():lattice-best-path.cc:99) For utterance nsc-part2-chn0-spk10512441mam-024410162, best cost 48.0396 + -324.59 = -276.551 over 205 frames.
LOG (lattice-best-path[5.5.888~1-d619]:main():lattice-best-path.cc:99) For utterance nsc-part2-chn0-spk10512441mam-024410204, best cost 25.4408 + -192.625 = -167.184 over 123 frames.
LOG (lattice-best-path[5.5.888~1-d619]:main():lattice-best-path.cc:99) For utterance nsc-part2-chn0-spk10512441mam-024410325, best cost 44.5758 + -259.935 = -215.359 over 155 frames.
LOG (lattice-best-path[5.5.888~1-d619]:main():lattice-best-path.cc:99) For utterance nsc-part2-chn0-spk10512441mam-024410384, best cost 48.4555 + -369.869 = -321.414 over 211 frames.
LOG (lattice-best-path[5.5.888~1-d619]:main():lattice-best-path.cc:99) For utterance nsc-part2-chn0-spk10512441mam-024410436, best cost 25.3714 + -183.396 = -158.025 over 122 frames.
LOG (lattice-best-path[5.5.888~1-d619]:main():lattice-best-path.cc:99) For utterance nsc-part2-chn0-spk10512441mam-024411669, best cost 24.1228 + -144.055 = -119.933 over 104 frames.
LOG (lattice-best-path[5.5.888~1-d619]:main():lattice-best-path.cc:99) For utterance nsc-part2-chn0-spk10512441mam-024411695, best cost 35.4217 + -232.438 = -197.016 over 145 frames.
LOG (lattice-best-path[5.5.888~1-d619]:main():lattice-best-path.cc:99) For utterance nsc-part2-chn0-spk10512441mam-024411756, best cost 29.8076 + -242.489 = -212.681 over 186 frames.
LOG (lattice-best-path[5.5.888~1-d619]:main():lattice-best-path.cc:99) For utterance nsc-part2-chn0-spk10522435mam-024350080, best cost 46.6533 + -290.561 = -243.907 over 185 frames.
LOG (lattice-best-path[5.5.888~1-d619]:main():lattice-best-path.cc:99) For utterance nsc-part2-chn0-spk10522435mam-024350111, best cost 44.4343 + -242.413 = -197.979 over 153 frames.
LOG (lattice-best-path[5.5.888~1-d619]:main():lattice-best-path.cc:99) For utterance nsc-part2-chn0-spk10522435mam-024350164, best cost 24.0545 + -144.139 = -120.084 over 103 frames.
LOG (lattice-best-path[5.5.888~1-d619]:main():lattice-best-path.cc:99) For utterance nsc-part2-chn0-spk10522435mam-024350181, best cost 24.5387 + -169.92 = -145.381 over 110 frames.
LOG (lattice-best-path[5.5.888~1-d619]:main():lattice-best-path.cc:99) For utterance nsc-part2-chn0-spk10522435mam-024350239, best cost 23.4306 + -142.246 = -118.815 over 94 frames.
LOG (lattice-best-path[5.5.888~1-d619]:main():lattice-best-path.cc:99) For utterance nsc-part2-chn0-spk10522435mam-024350268, best cost 38.127 + -267.962 = -229.835 over 184 frames.
LOG (lattice-best-path[5.5.888~1-d619]:main():lattice-best-path.cc:99) For utterance nsc-part2-chn0-spk10522435mam-024350297, best cost 28.4213 + -223.083 = -194.662 over 166 frames.
LOG (lattice-best-path[5.5.888~1-d619]:main():lattice-best-path.cc:99) For utterance nsc-part2-chn0-spk10522435mam-024350302, best cost 43.8797 + -247.709 = -203.829 over 145 frames.
LOG (lattice-best-path[5.5.888~1-d619]:main():lattice-best-path.cc:99) For utterance nsc-part2-chn0-spk10522435mam-024350325, best cost 37.918 + -272.585 = -234.667 over 181 frames.
LOG (lattice-best-path[5.5.888~1-d619]:main():lattice-best-path.cc:99) For utterance nsc-part2-chn0-spk10522435mam-024350400, best cost 28.0044 + -208.257 = -180.252 over 160 frames.
LOG (lattice-best-path[5.5.888~1-d619]:main():lattice-best-path.cc:99) For utterance nsc-part2-chn0-spk10522435mam-024351472, best cost 44.5045 + -242.513 = -198.009 over 154 frames.
LOG (lattice-best-path[5.5.888~1-d619]:main():lattice-best-path.cc:99) For utterance nsc-part2-chn0-spk10522435mam-024351639, best cost 27.4499 + -204.35 = -176.9 over 152 frames.
LOG (lattice-best-path[5.5.888~1-d619]:main():lattice-best-path.cc:99) For utterance nsc-part2-chn0-spk10522435mam-024351661, best cost 15.8044 + -137.695 = -121.891 over 106 frames.
LOG (lattice-best-path[5.5.888~1-d619]:main():lattice-best-path.cc:99) For utterance nsc-part2-chn0-spk10522435mam-024351858, best cost 18.2997 + -183.448 = -165.148 over 142 frames.
LOG (lattice-best-path[5.5.888~1-d619]:main():lattice-best-path.cc:99) For utterance nsc-part2-chn0-spk10672487inm-024870049, best cost 46.6523 + -299.999 = -253.347 over 185 frames.
LOG (lattice-best-path[5.5.888~1-d619]:main():lattice-best-path.cc:99) For utterance nsc-part2-chn0-spk10672487inm-024870100, best cost 32.3035 + -148.17 = -115.867 over 100 frames.
LOG (lattice-best-path[5.5.888~1-d619]:main():lattice-best-path.cc:99) For utterance nsc-part2-chn0-spk10672487inm-024870134, best cost 51.9202 + -441.122 = -389.202 over 261 frames.
LOG (lattice-best-path[5.5.888~1-d619]:main():lattice-best-path.cc:99) For utterance nsc-part2-chn0-spk10672487inm-024870175, best cost 25.3021 + -174.757 = -149.455 over 121 frames.
LOG (lattice-best-path[5.5.888~1-d619]:main():lattice-best-path.cc:99) For utterance nsc-part2-chn0-spk10672487inm-024870196, best cost 36.3842 + -175.616 = -139.232 over 118 frames.
LOG (lattice-best-path[5.5.888~1-d619]:main():lattice-best-path.cc:99) For utterance nsc-part2-chn0-spk10672487inm-024870257, best cost 31.749 + -143.178 = -111.429 over 92 frames.
LOG (lattice-best-path[5.5.888~1-d619]:main():lattice-best-path.cc:99) For utterance nsc-part2-chn0-spk10672487inm-024870299, best cost 69.1101 + -381.556 = -312.446 over 243 frames.
LOG (lattice-best-path[5.5.888~1-d619]:main():lattice-best-path.cc:99) For utterance nsc-part2-chn0-spk10672487inm-024870323, best cost 45.8918 + -312.19 = -266.298 over 174 frames.
LOG (lattice-best-path[5.5.888~1-d619]:main():lattice-best-path.cc:99) For utterance nsc-part2-chn0-spk10672487inm-024870418, best cost 44.0877 + -224.729 = -180.641 over 148 frames.
LOG (lattice-best-path[5.5.888~1-d619]:main():lattice-best-path.cc:99) For utterance nsc-part2-chn0-spk10672487inm-024870436, best cost 35.7683 + -229.943 = -194.174 over 150 frames.
LOG (lattice-best-path[5.5.888~1-d619]:main():lattice-best-path.cc:99) For utterance nsc-part2-chn0-spk10672487inm-024870439, best cost 47.1385 + -289.945 = -242.806 over 192 frames.
LOG (lattice-best-path[5.5.888~1-d619]:main():lattice-best-path.cc:99) For utterance nsc-part2-chn0-spk10672487inm-024871584, best cost 42.428 + -198.583 = -156.155 over 124 frames.
LOG (lattice-best-path[5.5.888~1-d619]:main():lattice-best-path.cc:99) For utterance nsc-part2-chn0-spk10672487inm-024871773, best cost 40.8283 + -313.914 = -273.086 over 223 frames.
LOG (lattice-best-path[5.5.888~1-d619]:main():lattice-best-path.cc:99) For utterance nsc-part2-chn0-spk10672487inm-024871859, best cost 44.8964 + -216.831 = -171.934 over 142 frames.
LOG (lattice-best-path[5.5.888~1-d619]:main():lattice-best-path.cc:99) For utterance nsc-part2-chn0-spk10692513inm-025130009, best cost 25.718 + -212.454 = -186.736 over 127 frames.
LOG (lattice-best-path[5.5.888~1-d619]:main():lattice-best-path.cc:99) For utterance nsc-part2-chn0-spk10692513inm-025130049, best cost 46.6543 + -300.449 = -253.794 over 185 frames.
LOG (lattice-best-path[5.5.888~1-d619]:main():lattice-best-path.cc:99) For utterance nsc-part2-chn0-spk10692513inm-025130173, best cost 27.8668 + -230.967 = -203.1 over 158 frames.
LOG (lattice-best-path[5.5.888~1-d619]:main():lattice-best-path.cc:99) For utterance nsc-part2-chn0-spk10692513inm-025130212, best cost 48.3852 + -321.457 = -273.072 over 210 frames.
LOG (lattice-best-path[5.5.888~1-d619]:main():lattice-best-path.cc:99) For utterance nsc-part2-chn0-spk10692513inm-025130239, best cost 23.8455 + -176.13 = -152.285 over 100 frames.
LOG (lattice-best-path[5.5.888~1-d619]:main():lattice-best-path.cc:99) For utterance nsc-part2-chn0-spk10692513inm-025130296, best cost 22.6682 + -135.995 = -113.327 over 83 frames.
LOG (lattice-best-path[5.5.888~1-d619]:main():lattice-best-path.cc:99) For utterance nsc-part2-chn0-spk10692513inm-025130411, best cost 48.4574 + -321.513 = -273.056 over 211 frames.
LOG (lattice-best-path[5.5.888~1-d619]:main():lattice-best-path.cc:99) For utterance nsc-part2-chn0-spk10692513inm-025130418, best cost 27.7975 + -234.47 = -206.673 over 157 frames.
LOG (lattice-best-path[5.5.888~1-d619]:main():lattice-best-path.cc:99) For utterance nsc-part2-chn0-spk10692513inm-025131461, best cost 15.8044 + -148.564 = -132.76 over 106 frames.
LOG (lattice-best-path[5.5.888~1-d619]:main():lattice-best-path.cc:99) For utterance nsc-part2-chn0-spk10692513inm-025131547, best cost 49.008 + -345.188 = -296.18 over 219 frames.
LOG (lattice-best-path[5.5.888~1-d619]:main():lattice-best-path.cc:99) For utterance nsc-part2-chn0-spk10692513inm-025131592, best cost 33.8279 + -338.126 = -304.298 over 244 frames.
LOG (lattice-best-path[5.5.888~1-d619]:main():lattice-best-path.cc:99) For utterance nsc-part2-chn0-spk10692513inm-025131695, best cost 29.3224 + -256.643 = -227.32 over 179 frames.
LOG (lattice-best-path[5.5.888~1-d619]:main():lattice-best-path.cc:99) For utterance nsc-part2-chn0-spk10692513inm-025131750, best cost 25.925 + -189.582 = -163.657 over 130 frames.
LOG (lattice-best-path[5.5.888~1-d619]:main():lattice-best-path.cc:99) For utterance nsc-part2-chn0-spk10692513inm-025131882, best cost 37.6408 + -279.138 = -241.497 over 177 frames.
LOG (lattice-best-path[5.5.888~1-d619]:main():lattice-best-path.cc:99) For utterance nsc-part2-chn0-spk14443161otm-031610032, best cost 64.6042 + -353.581 = -288.976 over 200 frames.
LOG (lattice-best-path[5.5.888~1-d619]:main():lattice-best-path.cc:99) For utterance nsc-part2-chn0-spk14443161otm-031610046, best cost 40.8982 + -181.129 = -140.231 over 102 frames.
LOG (lattice-best-path[5.5.888~1-d619]:main():lattice-best-path.cc:99) For utterance nsc-part2-chn0-spk14443161otm-031610049, best cost 81.6574 + -342.221 = -260.564 over 178 frames.
LOG (lattice-best-path[5.5.888~1-d619]:main():lattice-best-path.cc:99) For utterance nsc-part2-chn0-spk14443161otm-031610080, best cost 52.8942 + -320.773 = -267.879 over 153 frames.
LOG (lattice-best-path[5.5.888~1-d619]:main():lattice-best-path.cc:99) For utterance nsc-part2-chn0-spk14443161otm-031610100, best cost 70.4999 + -283.174 = -212.674 over 141 frames.
LOG (lattice-best-path[5.5.888~1-d619]:main():lattice-best-path.cc:99) For utterance nsc-part2-chn0-spk14443161otm-031610118, best cost 83.9065 + -337.996 = -254.089 over 170 frames.
LOG (lattice-best-path[5.5.888~1-d619]:main():lattice-best-path.cc:99) For utterance nsc-part2-chn0-spk14443161otm-031610173, best cost 80.4313 + -309.323 = -228.891 over 156 frames.
LOG (lattice-best-path[5.5.888~1-d619]:main():lattice-best-path.cc:99) For utterance nsc-part2-chn0-spk14443161otm-031610212, best cost 44.0887 + -312.045 = -267.956 over 148 frames.
LOG (lattice-best-path[5.5.888~1-d619]:main():lattice-best-path.cc:99) For utterance nsc-part2-chn0-spk14443161otm-031610228, best cost 40.209 + -185.79 = -145.581 over 92 frames.
LOG (lattice-best-path[5.5.888~1-d619]:main():lattice-best-path.cc:99) For utterance nsc-part2-chn0-spk14443161otm-031610325, best cost 43.1192 + -287.851 = -244.732 over 134 frames.
LOG (lattice-best-path[5.5.888~1-d619]:main():lattice-best-path.cc:99) For utterance nsc-part2-chn0-spk14443161otm-031610412, best cost 40.0684 + -161.638 = -121.57 over 90 frames.
LOG (lattice-best-path[5.5.888~1-d619]:main():lattice-best-path.cc:99) For utterance nsc-part2-chn0-spk14443161otm-031611582, best cost 60.7749 + -229.354 = -168.579 over 115 frames.
LOG (lattice-best-path[5.5.888~1-d619]:main():lattice-best-path.cc:99) For utterance nsc-part2-chn0-spk14443161otm-031611610, best cost 59.9817 + -279.518 = -219.537 over 127 frames.
LOG (lattice-best-path[5.5.888~1-d619]:main():lattice-best-path.cc:99) For utterance nsc-part2-chn0-spk14443161otm-031611716, best cost 42.7014 + -233.305 = -190.604 over 128 frames.
LOG (lattice-best-path[5.5.888~1-d619]:main():lattice-best-path.cc:99) For utterance nsc-part2-chn0-spk14443161otm-031611855, best cost 31.957 + -157.476 = -125.52 over 95 frames.
LOG (lattice-best-path[5.5.888~1-d619]:main():lattice-best-path.cc:99) For utterance nsc-part2-chn0-spk14443161otm-031611875, best cost 51.7832 + -231.292 = -179.508 over 137 frames.
LOG (lattice-best-path[5.5.888~1-d619]:main():lattice-best-path.cc:99) For utterance nsc-part2-chn0-spk14463163inf-031630035, best cost 49.3566 + -350.75 = -301.393 over 224 frames.
LOG (lattice-best-path[5.5.888~1-d619]:main():lattice-best-path.cc:99) For utterance nsc-part2-chn0-spk14463163inf-031630049, best cost 48.0396 + -361.134 = -313.095 over 205 frames.
LOG (lattice-best-path[5.5.888~1-d619]:main():lattice-best-path.cc:99) For utterance nsc-part2-chn0-spk14463163inf-031630118, best cost 61.6972 + -475.77 = -414.073 over 280 frames.
LOG (lattice-best-path[5.5.888~1-d619]:main():lattice-best-path.cc:99) For utterance nsc-part2-chn0-spk14463163inf-031630136, best cost 45.7532 + -302.33 = -256.577 over 172 frames.
LOG (lattice-best-path[5.5.888~1-d619]:main():lattice-best-path.cc:99) For utterance nsc-part2-chn0-spk14463163inf-031630162, best cost 51.8509 + -455.873 = -404.022 over 260 frames.
LOG (lattice-best-path[5.5.888~1-d619]:main():lattice-best-path.cc:99) For utterance nsc-part2-chn0-spk14463163inf-031630191, best cost 122.515 + -386.79 = -264.275 over 206 frames.
LOG (lattice-best-path[5.5.888~1-d619]:main():lattice-best-path.cc:99) For utterance nsc-part2-chn0-spk14463163inf-031630225, best cost 23.499 + -187.354 = -163.855 over 95 frames.
LOG (lattice-best-path[5.5.888~1-d619]:main():lattice-best-path.cc:99) For utterance nsc-part2-chn0-spk14463163inf-031630287, best cost 120.161 + -455.739 = -335.578 over 279 frames.
LOG (lattice-best-path[5.5.888~1-d619]:main():lattice-best-path.cc:99) For utterance nsc-part2-chn0-spk14463163inf-031630296, best cost 35.8146 + -216.89 = -181.075 over 133 frames.
LOG (lattice-best-path[5.5.888~1-d619]:main():lattice-best-path.cc:99) For utterance nsc-part2-chn0-spk14463163inf-031630384, best cost 69.1367 + -384.741 = -315.604 over 230 frames.
LOG (lattice-best-path[5.5.888~1-d619]:main():lattice-best-path.cc:99) For utterance nsc-part2-chn0-spk14463163inf-031630405, best cost 92.3775 + -347.15 = -254.772 over 203 frames.
LOG (lattice-best-path[5.5.888~1-d619]:main():lattice-best-path.cc:99) For utterance nsc-part2-chn0-spk14463163inf-031631480, best cost 88.7756 + -454.544 = -365.769 over 266 frames.
LOG (lattice-best-path[5.5.888~1-d619]:main():lattice-best-path.cc:99) For utterance nsc-part2-chn0-spk14463163inf-031631542, best cost 46.5147 + -275.081 = -228.566 over 183 frames.
LOG (lattice-best-path[5.5.888~1-d619]:main():lattice-best-path.cc:99) For utterance nsc-part2-chn0-spk14463163inf-031631584, best cost 76.1622 + -377.675 = -301.513 over 227 frames.
LOG (lattice-best-path[5.5.888~1-d619]:main():lattice-best-path.cc:99) For utterance nsc-part2-chn0-spk14463163inf-031631652, best cost 43.2579 + -229.11 = -185.852 over 136 frames.
LOG (lattice-best-path[5.5.888~1-d619]:main():lattice-best-path.cc:99) For utterance nsc-part2-chn0-spk14463163inf-031631794, best cost 54.0938 + -220.506 = -166.412 over 135 frames.
LOG (lattice-best-path[5.5.888~1-d619]:main():lattice-best-path.cc:99) For utterance nsc-part2-chn0-spk14463163inf-031631875, best cost 66.8702 + -366.074 = -299.204 over 225 frames.
LOG (lattice-depth-per-frame[5.5.888~1-d619]:main():lattice-depth-per-frame.cc:82) Done 122 lattices.
LOG (lattice-best-path[5.5.888~1-d619]:main():lattice-best-path.cc:124) Overall cost per frame is -1.37574 = 0.292902 [graph] + -1.66864 [acoustic] over 19935 frames.
LOG (lattice-best-path[5.5.888~1-d619]:main():lattice-best-path.cc:128) Done 122 lattices, failed for 0
# Ended (code 0) at Wed Aug 25 18:57:43 SGT 2021, elapsed time 43 seconds
