# lattice-depth-per-frame "ark:gunzip -c /home3/ztkyaw/w2021/deliverables/contrast-zin-dev/baseline/tdnnf-transfer-sp/decode_imda-part2_1629888772-hw_lmg/lat.1.gz|" "ark,t:|gzip -c > /home3/ztkyaw/w2021/deliverables/contrast-zin-dev/baseline/tdnnf-transfer-sp/decode_imda-part2_1629888772-hw_lmg/depth_tmp.1.gz" ark:- | lattice-best-path --acoustic-scale=0.1 ark:- ark:/dev/null "ark,t:|gzip -c >/home3/ztkyaw/w2021/deliverables/contrast-zin-dev/baseline/tdnnf-transfer-sp/decode_imda-part2_1629888772-hw_lmg/ali_tmp.1.gz" 
# Invoked at Wed Aug 25 18:57:00 SGT 2021 from node05
#
# Started at Wed Aug 25 18:57:42 +08 2021 on node09
lattice-best-path --acoustic-scale=0.1 ark:- ark:/dev/null 'ark,t:|gzip -c >/home3/ztkyaw/w2021/deliverables/contrast-zin-dev/baseline/tdnnf-transfer-sp/decode_imda-part2_1629888772-hw_lmg/ali_tmp.1.gz' 
lattice-depth-per-frame 'ark:gunzip -c /home3/ztkyaw/w2021/deliverables/contrast-zin-dev/baseline/tdnnf-transfer-sp/decode_imda-part2_1629888772-hw_lmg/lat.1.gz|' 'ark,t:|gzip -c > /home3/ztkyaw/w2021/deliverables/contrast-zin-dev/baseline/tdnnf-transfer-sp/decode_imda-part2_1629888772-hw_lmg/depth_tmp.1.gz' ark:- 
LOG (lattice-best-path[5.5.888~1-d619]:main():lattice-best-path.cc:99) For utterance nsc-part2-chn0-spk00002671maf-026710134, best cost 53.2245 + -239.526 = -186.302 over 145 frames.
LOG (lattice-best-path[5.5.888~1-d619]:main():lattice-best-path.cc:99) For utterance nsc-part2-chn0-spk00002671maf-026710136, best cost 64.8816 + -269.51 = -204.629 over 151 frames.
LOG (lattice-best-path[5.5.888~1-d619]:main():lattice-best-path.cc:99) For utterance nsc-part2-chn0-spk00002671maf-026710176, best cost 55.7342 + -301.592 = -245.858 over 194 frames.
LOG (lattice-best-path[5.5.888~1-d619]:main():lattice-best-path.cc:99) For utterance nsc-part2-chn0-spk00002671maf-026710252, best cost 33.065 + -190.936 = -157.871 over 111 frames.
LOG (lattice-best-path[5.5.888~1-d619]:main():lattice-best-path.cc:99) For utterance nsc-part2-chn0-spk00002671maf-026710325, best cost 54.7397 + -285.002 = -230.262 over 162 frames.
LOG (lattice-best-path[5.5.888~1-d619]:main():lattice-best-path.cc:99) For utterance nsc-part2-chn0-spk00002671maf-026710332, best cost 32.7647 + -160.243 = -127.478 over 89 frames.
LOG (lattice-best-path[5.5.888~1-d619]:main():lattice-best-path.cc:99) For utterance nsc-part2-chn0-spk00002671maf-026710410, best cost 65.2301 + -326.466 = -261.236 over 200 frames.
LOG (lattice-best-path[5.5.888~1-d619]:main():lattice-best-path.cc:99) For utterance nsc-part2-chn0-spk00002671maf-026710436, best cost 53.931 + -247.322 = -193.391 over 168 frames.
LOG (lattice-best-path[5.5.888~1-d619]:main():lattice-best-path.cc:99) For utterance nsc-part2-chn0-spk00002671maf-026711477, best cost 52.6026 + -218.055 = -165.452 over 136 frames.
LOG (lattice-best-path[5.5.888~1-d619]:main():lattice-best-path.cc:99) For utterance nsc-part2-chn0-spk00002671maf-026711690, best cost 44.2273 + -270.125 = -225.898 over 150 frames.
LOG (lattice-best-path[5.5.888~1-d619]:main():lattice-best-path.cc:99) For utterance nsc-part2-chn0-spk00002671maf-026711699, best cost 45.5443 + -284.532 = -238.988 over 169 frames.
LOG (lattice-best-path[5.5.888~1-d619]:main():lattice-best-path.cc:99) For utterance nsc-part2-chn0-spk00002671maf-026711756, best cost 73.3579 + -328.103 = -254.746 over 209 frames.
LOG (lattice-best-path[5.5.888~1-d619]:main():lattice-best-path.cc:99) For utterance nsc-part2-chn0-spk00002671maf-026711770, best cost 65.926 + -314.519 = -248.593 over 219 frames.
LOG (lattice-best-path[5.5.888~1-d619]:main():lattice-best-path.cc:99) For utterance nsc-part2-chn0-spk00002671maf-026711823, best cost 41.9399 + -199.436 = -157.496 over 117 frames.
LOG (lattice-best-path[5.5.888~1-d619]:main():lattice-best-path.cc:99) For utterance nsc-part2-chn0-spk00002693cnf-026930115, best cost 32.6501 + -165.421 = -132.771 over 105 frames.
LOG (lattice-best-path[5.5.888~1-d619]:main():lattice-best-path.cc:99) For utterance nsc-part2-chn0-spk00002693cnf-026930144, best cost 32.9967 + -171.828 = -138.831 over 110 frames.
LOG (lattice-best-path[5.5.888~1-d619]:main():lattice-best-path.cc:99) For utterance nsc-part2-chn0-spk00002693cnf-026930162, best cost 47.7614 + -321.75 = -273.989 over 201 frames.
LOG (lattice-best-path[5.5.888~1-d619]:main():lattice-best-path.cc:99) For utterance nsc-part2-chn0-spk00002693cnf-026930247, best cost 45.7503 + -311.204 = -265.454 over 172 frames.
LOG (lattice-best-path[5.5.888~1-d619]:main():lattice-best-path.cc:99) For utterance nsc-part2-chn0-spk00002693cnf-026930251, best cost 46.0978 + -278.513 = -232.415 over 177 frames.
LOG (lattice-best-path[5.5.888~1-d619]:main():lattice-best-path.cc:99) For utterance nsc-part2-chn0-spk00002693cnf-026930280, best cost 34.5909 + -184.429 = -149.838 over 133 frames.
LOG (lattice-best-path[5.5.888~1-d619]:main():lattice-best-path.cc:99) For utterance nsc-part2-chn0-spk00002693cnf-026930294, best cost 80.6809 + -311.137 = -230.456 over 174 frames.
LOG (lattice-best-path[5.5.888~1-d619]:main():lattice-best-path.cc:99) For utterance nsc-part2-chn0-spk00002693cnf-026930303, best cost 53.3546 + -237.276 = -183.921 over 132 frames.
LOG (lattice-best-path[5.5.888~1-d619]:main():lattice-best-path.cc:99) For utterance nsc-part2-chn0-spk00002693cnf-026930384, best cost 54.9024 + -294.477 = -239.574 over 182 frames.
LOG (lattice-best-path[5.5.888~1-d619]:main():lattice-best-path.cc:99) For utterance nsc-part2-chn0-spk00002693cnf-026930418, best cost 63.9365 + -304.449 = -240.513 over 184 frames.
LOG (lattice-best-path[5.5.888~1-d619]:main():lattice-best-path.cc:99) For utterance nsc-part2-chn0-spk00002693cnf-026931472, best cost 43.8817 + -241.144 = -197.263 over 145 frames.
LOG (lattice-best-path[5.5.888~1-d619]:main():lattice-best-path.cc:99) For utterance nsc-part2-chn0-spk00002693cnf-026931522, best cost 21.3502 + -116.365 = -95.0146 over 64 frames.
LOG (lattice-best-path[5.5.888~1-d619]:main():lattice-best-path.cc:99) For utterance nsc-part2-chn0-spk00002693cnf-026931547, best cost 43.7411 + -261.923 = -218.182 over 143 frames.
LOG (lattice-best-path[5.5.888~1-d619]:main():lattice-best-path.cc:99) For utterance nsc-part2-chn0-spk00002693cnf-026931548, best cost 34.0124 + -172.438 = -138.425 over 107 frames.
LOG (lattice-best-path[5.5.888~1-d619]:main():lattice-best-path.cc:99) For utterance nsc-part2-chn0-spk00002693cnf-026931555, best cost 42.7717 + -212.995 = -170.223 over 129 frames.
LOG (lattice-best-path[5.5.888~1-d619]:main():lattice-best-path.cc:99) For utterance nsc-part2-chn0-spk00002693cnf-026931680, best cost 69.4444 + -226.981 = -157.536 over 137 frames.
LOG (lattice-best-path[5.5.888~1-d619]:main():lattice-best-path.cc:99) For utterance nsc-part2-chn0-spk02542604cnf-026040026, best cost 46.9315 + -326.286 = -279.355 over 189 frames.
LOG (lattice-best-path[5.5.888~1-d619]:main():lattice-best-path.cc:99) For utterance nsc-part2-chn0-spk02542604cnf-026040118, best cost 54.5558 + -341.751 = -287.195 over 177 frames.
LOG (lattice-best-path[5.5.888~1-d619]:main():lattice-best-path.cc:99) For utterance nsc-part2-chn0-spk02542604cnf-026040173, best cost 45.0571 + -307.121 = -262.064 over 162 frames.
LOG (lattice-best-path[5.5.888~1-d619]:main():lattice-best-path.cc:99) For utterance nsc-part2-chn0-spk02542604cnf-026040199, best cost 90.4578 + -319.493 = -229.035 over 149 frames.
LOG (lattice-best-path[5.5.888~1-d619]:main():lattice-best-path.cc:99) For utterance nsc-part2-chn0-spk02542604cnf-026040204, best cost 33.0418 + -171.611 = -138.569 over 103 frames.
LOG (lattice-best-path[5.5.888~1-d619]:main():lattice-best-path.cc:99) For utterance nsc-part2-chn0-spk02542604cnf-026040247, best cost 47.9 + -368.089 = -320.189 over 203 frames.
LOG (lattice-best-path[5.5.888~1-d619]:main():lattice-best-path.cc:99) For utterance nsc-part2-chn0-spk02542604cnf-026040433, best cost 53.6744 + -284.286 = -230.611 over 158 frames.
LOG (lattice-best-path[5.5.888~1-d619]:main():lattice-best-path.cc:99) For utterance nsc-part2-chn0-spk02542604cnf-026041535, best cost 57.3054 + -409.622 = -352.317 over 199 frames.
LOG (lattice-best-path[5.5.888~1-d619]:main():lattice-best-path.cc:99) For utterance nsc-part2-chn0-spk02542604cnf-026041634, best cost 51.3 + -223.995 = -172.695 over 130 frames.
LOG (lattice-best-path[5.5.888~1-d619]:main():lattice-best-path.cc:99) For utterance nsc-part2-chn0-spk02542604cnf-026041684, best cost 69.2909 + -248.599 = -179.308 over 142 frames.
LOG (lattice-best-path[5.5.888~1-d619]:main():lattice-best-path.cc:99) For utterance nsc-part2-chn0-spk02542604cnf-026041706, best cost 51.7129 + -239.311 = -187.598 over 136 frames.
LOG (lattice-best-path[5.5.888~1-d619]:main():lattice-best-path.cc:99) For utterance nsc-part2-chn0-spk02542604cnf-026041760, best cost 74.8009 + -429.833 = -355.032 over 225 frames.
LOG (lattice-best-path[5.5.888~1-d619]:main():lattice-best-path.cc:99) For utterance nsc-part2-chn0-spk02542604cnf-026041799, best cost 53.4225 + -248.896 = -195.473 over 153 frames.
LOG (lattice-best-path[5.5.888~1-d619]:main():lattice-best-path.cc:99) For utterance nsc-part2-chn0-spk02542604cnf-026041804, best cost 44.0193 + -260.401 = -216.382 over 147 frames.
LOG (lattice-best-path[5.5.888~1-d619]:main():lattice-best-path.cc:99) For utterance nsc-part2-chn0-spk02542604cnf-026041848, best cost 61.3136 + -247.447 = -186.133 over 132 frames.
LOG (lattice-best-path[5.5.888~1-d619]:main():lattice-best-path.cc:99) For utterance nsc-part2-chn0-spk02632625cnf-026250175, best cost 63.8214 + -311.499 = -247.677 over 181 frames.
LOG (lattice-best-path[5.5.888~1-d619]:main():lattice-best-path.cc:99) For utterance nsc-part2-chn0-spk02632625cnf-026250182, best cost 43.7862 + -232.587 = -188.801 over 136 frames.
LOG (lattice-best-path[5.5.888~1-d619]:main():lattice-best-path.cc:99) For utterance nsc-part2-chn0-spk02632625cnf-026250201, best cost 95.1966 + -290.442 = -195.245 over 167 frames.
LOG (lattice-best-path[5.5.888~1-d619]:main():lattice-best-path.cc:99) For utterance nsc-part2-chn0-spk02632625cnf-026250232, best cost 64.3077 + -288.768 = -224.46 over 178 frames.
LOG (lattice-best-path[5.5.888~1-d619]:main():lattice-best-path.cc:99) For utterance nsc-part2-chn0-spk02632625cnf-026250242, best cost 79.0491 + -485.422 = -406.373 over 261 frames.
LOG (lattice-best-path[5.5.888~1-d619]:main():lattice-best-path.cc:99) For utterance nsc-part2-chn0-spk02632625cnf-026250298, best cost 52.4373 + -241.355 = -188.917 over 146 frames.
LOG (lattice-best-path[5.5.888~1-d619]:main():lattice-best-path.cc:99) For utterance nsc-part2-chn0-spk02632625cnf-026250308, best cost 68.6034 + -413.785 = -345.181 over 235 frames.
LOG (lattice-best-path[5.5.888~1-d619]:main():lattice-best-path.cc:99) For utterance nsc-part2-chn0-spk02632625cnf-026250312, best cost 45.5433 + -323.701 = -278.157 over 169 frames.
LOG (lattice-best-path[5.5.888~1-d619]:main():lattice-best-path.cc:99) For utterance nsc-part2-chn0-spk02632625cnf-026250415, best cost 54.7638 + -311.024 = -256.26 over 180 frames.
LOG (lattice-best-path[5.5.888~1-d619]:main():lattice-best-path.cc:99) For utterance nsc-part2-chn0-spk02632625cnf-026250433, best cost 91.1494 + -428.134 = -336.985 over 233 frames.
LOG (lattice-best-path[5.5.888~1-d619]:main():lattice-best-path.cc:99) For utterance nsc-part2-chn0-spk02632625cnf-026250441, best cost 99.6013 + -375.931 = -276.33 over 198 frames.
LOG (lattice-best-path[5.5.888~1-d619]:main():lattice-best-path.cc:99) For utterance nsc-part2-chn0-spk02632625cnf-026251511, best cost 82.3265 + -361.504 = -279.178 over 216 frames.
LOG (lattice-best-path[5.5.888~1-d619]:main():lattice-best-path.cc:99) For utterance nsc-part2-chn0-spk02632625cnf-026251548, best cost 53.1695 + -259.311 = -206.142 over 157 frames.
LOG (lattice-best-path[5.5.888~1-d619]:main():lattice-best-path.cc:99) For utterance nsc-part2-chn0-spk02632625cnf-026251607, best cost 32.3035 + -165.526 = -133.222 over 100 frames.
LOG (lattice-best-path[5.5.888~1-d619]:main():lattice-best-path.cc:99) For utterance nsc-part2-chn0-spk02632625cnf-026251623, best cost 98.097 + -349.761 = -251.664 over 214 frames.
LOG (lattice-best-path[5.5.888~1-d619]:main():lattice-best-path.cc:99) For utterance nsc-part2-chn0-spk02632625cnf-026251690, best cost 59.1306 + -439.484 = -380.354 over 243 frames.
LOG (lattice-best-path[5.5.888~1-d619]:main():lattice-best-path.cc:99) For utterance nsc-part2-chn0-spk02632625cnf-026251699, best cost 63.5674 + -336.127 = -272.56 over 185 frames.
LOG (lattice-best-path[5.5.888~1-d619]:main():lattice-best-path.cc:99) For utterance nsc-part2-chn0-spk02632625cnf-026251740, best cost 45.9602 + -278.711 = -232.75 over 175 frames.
LOG (lattice-best-path[5.5.888~1-d619]:main():lattice-best-path.cc:99) For utterance nsc-part2-chn0-spk02632625cnf-026251881, best cost 68.1827 + -415.246 = -347.064 over 226 frames.
LOG (lattice-best-path[5.5.888~1-d619]:main():lattice-best-path.cc:99) For utterance nsc-part2-chn0-spk02632625cnf-026251893, best cost 55.4579 + -338.984 = -283.526 over 190 frames.
LOG (lattice-best-path[5.5.888~1-d619]:main():lattice-best-path.cc:99) For utterance nsc-part2-chn0-spk02652627cnm-026270006, best cost 31.8877 + -174.806 = -142.918 over 94 frames.
LOG (lattice-best-path[5.5.888~1-d619]:main():lattice-best-path.cc:99) For utterance nsc-part2-chn0-spk02652627cnm-026270049, best cost 84.0918 + -440.305 = -356.214 over 231 frames.
LOG (lattice-best-path[5.5.888~1-d619]:main():lattice-best-path.cc:99) For utterance nsc-part2-chn0-spk02652627cnm-026270087, best cost 45.7522 + -300.996 = -255.244 over 172 frames.
LOG (lattice-best-path[5.5.888~1-d619]:main():lattice-best-path.cc:99) For utterance nsc-part2-chn0-spk02652627cnm-026270136, best cost 48.2475 + -371.796 = -323.549 over 208 frames.
LOG (lattice-best-path[5.5.888~1-d619]:main():lattice-best-path.cc:99) For utterance nsc-part2-chn0-spk02652627cnm-026270150, best cost 72.6165 + -269.718 = -197.102 over 170 frames.
LOG (lattice-best-path[5.5.888~1-d619]:main():lattice-best-path.cc:99) For utterance nsc-part2-chn0-spk02652627cnm-026270162, best cost 44.6412 + -293.959 = -249.317 over 156 frames.
LOG (lattice-best-path[5.5.888~1-d619]:main():lattice-best-path.cc:99) For utterance nsc-part2-chn0-spk02652627cnm-026270176, best cost 61.9638 + -422.758 = -360.794 over 280 frames.
LOG (lattice-best-path[5.5.888~1-d619]:main():lattice-best-path.cc:99) For utterance nsc-part2-chn0-spk02652627cnm-026270258, best cost 80.0741 + -393.15 = -313.076 over 235 frames.
LOG (lattice-best-path[5.5.888~1-d619]:main():lattice-best-path.cc:99) For utterance nsc-part2-chn0-spk02652627cnm-026270299, best cost 57.5826 + -357.913 = -300.331 over 203 frames.
LOG (lattice-best-path[5.5.888~1-d619]:main():lattice-best-path.cc:99) For utterance nsc-part2-chn0-spk02652627cnm-026270351, best cost 43.5099 + -198.122 = -154.613 over 132 frames.
LOG (lattice-best-path[5.5.888~1-d619]:main():lattice-best-path.cc:99) For utterance nsc-part2-chn0-spk02652627cnm-026270436, best cost 61.1156 + -265.183 = -204.067 over 165 frames.
LOG (lattice-best-path[5.5.888~1-d619]:main():lattice-best-path.cc:99) For utterance nsc-part2-chn0-spk02652627cnm-026271566, best cost 53.4478 + -267.778 = -214.33 over 161 frames.
LOG (lattice-best-path[5.5.888~1-d619]:main():lattice-best-path.cc:99) For utterance nsc-part2-chn0-spk02652627cnm-026271679, best cost 90.5575 + -319.106 = -228.548 over 188 frames.
LOG (lattice-best-path[5.5.888~1-d619]:main():lattice-best-path.cc:99) For utterance nsc-part2-chn0-spk02652627cnm-026271695, best cost 67.241 + -405.985 = -338.744 over 238 frames.
LOG (lattice-best-path[5.5.888~1-d619]:main():lattice-best-path.cc:99) For utterance nsc-part2-chn0-spk02652627cnm-026271699, best cost 57.9532 + -362.502 = -304.549 over 226 frames.
LOG (lattice-best-path[5.5.888~1-d619]:main():lattice-best-path.cc:99) For utterance nsc-part2-chn0-spk02912641mam-026410073, best cost 27.242 + -208.794 = -181.552 over 149 frames.
LOG (lattice-best-path[5.5.888~1-d619]:main():lattice-best-path.cc:99) For utterance nsc-part2-chn0-spk02912641mam-026410087, best cost 47.1375 + -341.537 = -294.4 over 192 frames.
LOG (lattice-best-path[5.5.888~1-d619]:main():lattice-best-path.cc:99) For utterance nsc-part2-chn0-spk02912641mam-026410123, best cost 53.9089 + -287.986 = -234.077 over 150 frames.
LOG (lattice-best-path[5.5.888~1-d619]:main():lattice-best-path.cc:99) For utterance nsc-part2-chn0-spk02912641mam-026410150, best cost 49.8418 + -311.501 = -261.659 over 231 frames.
LOG (lattice-best-path[5.5.888~1-d619]:main():lattice-best-path.cc:99) For utterance nsc-part2-chn0-spk02912641mam-026410227, best cost 44.7828 + -272.032 = -227.25 over 158 frames.
LOG (lattice-best-path[5.5.888~1-d619]:main():lattice-best-path.cc:99) For utterance nsc-part2-chn0-spk02912641mam-026410308, best cost 69.9203 + -404.637 = -334.717 over 259 frames.
LOG (lattice-best-path[5.5.888~1-d619]:main():lattice-best-path.cc:99) For utterance nsc-part2-chn0-spk02912641mam-026410326, best cost 41.3844 + -160.685 = -119.3 over 109 frames.
LOG (lattice-best-path[5.5.888~1-d619]:main():lattice-best-path.cc:99) For utterance nsc-part2-chn0-spk02912641mam-026410337, best cost 25.6477 + -159.464 = -133.816 over 126 frames.
LOG (lattice-best-path[5.5.888~1-d619]:main():lattice-best-path.cc:99) For utterance nsc-part2-chn0-spk02912641mam-026410356, best cost 44.4333 + -250.119 = -205.685 over 153 frames.
LOG (lattice-best-path[5.5.888~1-d619]:main():lattice-best-path.cc:99) For utterance nsc-part2-chn0-spk02912641mam-026410411, best cost 56.3093 + -305.613 = -249.304 over 196 frames.
LOG (lattice-best-path[5.5.888~1-d619]:main():lattice-best-path.cc:99) For utterance nsc-part2-chn0-spk02912641mam-026410423, best cost 47.7932 + -234.523 = -186.73 over 171 frames.
LOG (lattice-best-path[5.5.888~1-d619]:main():lattice-best-path.cc:99) For utterance nsc-part2-chn0-spk02912641mam-026411540, best cost 42.4925 + -182.133 = -139.64 over 125 frames.
LOG (lattice-best-path[5.5.888~1-d619]:main():lattice-best-path.cc:99) For utterance nsc-part2-chn0-spk02912641mam-026411578, best cost 35.8829 + -185.481 = -149.598 over 134 frames.
LOG (lattice-best-path[5.5.888~1-d619]:main():lattice-best-path.cc:99) For utterance nsc-part2-chn0-spk02912641mam-026411600, best cost 34.175 + -173.092 = -138.917 over 127 frames.
LOG (lattice-best-path[5.5.888~1-d619]:main():lattice-best-path.cc:99) For utterance nsc-part2-chn0-spk02912641mam-026411750, best cost 58.2055 + -321.44 = -263.234 over 212 frames.
LOG (lattice-best-path[5.5.888~1-d619]:main():lattice-best-path.cc:99) For utterance nsc-part2-chn0-spk02932612cnm-026120173, best cost 48.1089 + -321.806 = -273.697 over 206 frames.
LOG (lattice-best-path[5.5.888~1-d619]:main():lattice-best-path.cc:99) For utterance nsc-part2-chn0-spk02932612cnm-026120232, best cost 27.242 + -201.93 = -174.688 over 149 frames.
LOG (lattice-best-path[5.5.888~1-d619]:main():lattice-best-path.cc:99) For utterance nsc-part2-chn0-spk02932612cnm-026120415, best cost 43.951 + -252.188 = -208.237 over 146 frames.
LOG (lattice-best-path[5.5.888~1-d619]:main():lattice-best-path.cc:99) For utterance nsc-part2-chn0-spk02932612cnm-026120426, best cost 45.1727 + -211.402 = -166.23 over 146 frames.
LOG (lattice-best-path[5.5.888~1-d619]:main():lattice-best-path.cc:99) For utterance nsc-part2-chn0-spk02932612cnm-026120433, best cost 34.9375 + -196.345 = -161.408 over 138 frames.
LOG (lattice-best-path[5.5.888~1-d619]:main():lattice-best-path.cc:99) For utterance nsc-part2-chn0-spk02932612cnm-026121459, best cost 15.3192 + -130.092 = -114.772 over 99 frames.
LOG (lattice-best-path[5.5.888~1-d619]:main():lattice-best-path.cc:99) For utterance nsc-part2-chn0-spk02932612cnm-026121493, best cost 25.2328 + -171.107 = -145.874 over 120 frames.
LOG (lattice-best-path[5.5.888~1-d619]:main():lattice-best-path.cc:99) For utterance nsc-part2-chn0-spk02932612cnm-026121528, best cost 46.6543 + -283.992 = -237.338 over 185 frames.
LOG (lattice-best-path[5.5.888~1-d619]:main():lattice-best-path.cc:99) For utterance nsc-part2-chn0-spk02932612cnm-026121610, best cost 64.0528 + -284.592 = -220.539 over 182 frames.
LOG (lattice-best-path[5.5.888~1-d619]:main():lattice-best-path.cc:99) For utterance nsc-part2-chn0-spk02932612cnm-026121621, best cost 43.6035 + -218.483 = -174.88 over 141 frames.
LOG (lattice-best-path[5.5.888~1-d619]:main():lattice-best-path.cc:99) For utterance nsc-part2-chn0-spk02932612cnm-026121624, best cost 43.95 + -254.668 = -210.718 over 146 frames.
LOG (lattice-best-path[5.5.888~1-d619]:main():lattice-best-path.cc:99) For utterance nsc-part2-chn0-spk02932612cnm-026121676, best cost 24.2614 + -163.725 = -139.463 over 106 frames.
LOG (lattice-best-path[5.5.888~1-d619]:main():lattice-best-path.cc:99) For utterance nsc-part2-chn0-spk02932612cnm-026121800, best cost 32.3738 + -177.617 = -145.243 over 101 frames.
LOG (lattice-best-path[5.5.888~1-d619]:main():lattice-best-path.cc:99) For utterance nsc-part2-chn0-spk02932612cnm-026121866, best cost 89.5116 + -355.928 = -266.417 over 190 frames.
LOG (lattice-best-path[5.5.888~1-d619]:main():lattice-best-path.cc:99) For utterance nsc-part2-chn0-spk03072656cnf-026560242, best cost 54.4172 + -311.292 = -256.875 over 175 frames.
LOG (lattice-best-path[5.5.888~1-d619]:main():lattice-best-path.cc:99) For utterance nsc-part2-chn0-spk03072656cnf-026560294, best cost 66.0377 + -353.07 = -287.032 over 203 frames.
LOG (lattice-best-path[5.5.888~1-d619]:main():lattice-best-path.cc:99) For utterance nsc-part2-chn0-spk03072656cnf-026560313, best cost 63.2054 + -298.653 = -235.448 over 167 frames.
LOG (lattice-best-path[5.5.888~1-d619]:main():lattice-best-path.cc:99) For utterance nsc-part2-chn0-spk03072656cnf-026560400, best cost 61.9965 + -200.576 = -138.58 over 117 frames.
LOG (lattice-best-path[5.5.888~1-d619]:main():lattice-best-path.cc:99) For utterance nsc-part2-chn0-spk03072656cnf-026560411, best cost 55.043 + -346.146 = -291.103 over 184 frames.
LOG (lattice-best-path[5.5.888~1-d619]:main():lattice-best-path.cc:99) For utterance nsc-part2-chn0-spk03072656cnf-026560415, best cost 56.2184 + -375.995 = -319.776 over 201 frames.
LOG (lattice-best-path[5.5.888~1-d619]:main():lattice-best-path.cc:99) For utterance nsc-part2-chn0-spk03072656cnf-026560436, best cost 63.1995 + -343.629 = -280.43 over 172 frames.
LOG (lattice-best-path[5.5.888~1-d619]:main():lattice-best-path.cc:99) For utterance nsc-part2-chn0-spk03072656cnf-026561610, best cost 84.0366 + -408.552 = -324.515 over 208 frames.
LOG (lattice-best-path[5.5.888~1-d619]:main():lattice-best-path.cc:99) For utterance nsc-part2-chn0-spk03072656cnf-026561621, best cost 70.9972 + -324.078 = -253.08 over 176 frames.
LOG (lattice-best-path[5.5.888~1-d619]:main():lattice-best-path.cc:99) For utterance nsc-part2-chn0-spk03072656cnf-026561690, best cost 71.1191 + -278.232 = -207.113 over 141 frames.
LOG (lattice-best-path[5.5.888~1-d619]:main():lattice-best-path.cc:99) For utterance nsc-part2-chn0-spk03072656cnf-026561695, best cost 73.603 + -402.307 = -328.704 over 210 frames.
LOG (lattice-best-path[5.5.888~1-d619]:main():lattice-best-path.cc:99) For utterance nsc-part2-chn0-spk03072656cnf-026561853, best cost 54.4615 + -263.947 = -209.485 over 158 frames.
LOG (lattice-best-path[5.5.888~1-d619]:main():lattice-best-path.cc:99) For utterance nsc-part2-chn0-spk03072656cnf-026561875, best cost 56.8481 + -388.793 = -331.945 over 210 frames.
LOG (lattice-best-path[5.5.888~1-d619]:main():lattice-best-path.cc:99) For utterance nsc-part2-chn0-spk03072656cnf-026561882, best cost 53.0309 + -252.382 = -199.351 over 155 frames.
LOG (lattice-depth-per-frame[5.5.888~1-d619]:main():lattice-depth-per-frame.cc:82) Done 123 lattices.
LOG (lattice-best-path[5.5.888~1-d619]:main():lattice-best-path.cc:124) Overall cost per frame is -1.3719 = 0.324613 [graph] + -1.69652 [acoustic] over 20593 frames.
LOG (lattice-best-path[5.5.888~1-d619]:main():lattice-best-path.cc:128) Done 123 lattices, failed for 0
# Ended (code 0) at Wed Aug 25 18:57:43 SGT 2021, elapsed time 43 seconds
