# gunzip -c /home3/yachao001/home/asr/w2021/offline-hotwords-asr-test-v2-bak-bak-ASR-4/exp/msf-scdf-cs-june2021-prune/tdnnf-biased/decode-data-master/depth_tmp.*.gz | steps/diagnostic/analyze_lattice_depth_stats.py /home3/yachao001/home/asr/w2021/offline-hotwords-asr-test-v2-bak-bak-ASR-4/exp/msf-scdf-cs-june2021-prune/tdnnf-biased/graph_msf_mix_prune /home3/yachao001/home/asr/w2021/offline-hotwords-asr-test-v2-bak-bak-ASR-4/exp/msf-scdf-cs-june2021-prune/tdnnf-biased/decode-data-master/ali_frame_tmp.gz 
# Started at Fri Aug 27 14:00:21 +08 2021
#
The total amount of data analyzed assuming 100 frames per second is 0.5 hours
Overall, lattice depth (10,50,90-percentile)=(3,14,153) and mean=59.3
Nonsilence phones as a group account for 72.3% of frames, with lattice depth (10,50,90-percentile)=(3,15,157) and mean=60.3
Phone SIL accounts for 26.6% of frames, with lattice depth (10,50,90-percentile)=(3,10,113) and mean=48.4
Phone a_eng_I accounts for 3.3% of frames, with lattice depth (10,50,90-percentile)=(3,14,131) and mean=50.8
Phone o_eng_I accounts for 3.1% of frames, with lattice depth (10,50,90-percentile)=(2,13,135) and mean=51.5
Phone n_eng_I accounts for 2.9% of frames, with lattice depth (10,50,90-percentile)=(3,14,139) and mean=53.0
Phone e_eng_I accounts for 2.8% of frames, with lattice depth (10,50,90-percentile)=(2,12,138) and mean=52.0
Phone i_eng_I accounts for 2.4% of frames, with lattice depth (10,50,90-percentile)=(3,14,142) and mean=56.0
Phone r_eng_I accounts for 2.2% of frames, with lattice depth (10,50,90-percentile)=(3,14,129) and mean=51.8
Phone e_WB_eng_E accounts for 2.1% of frames, with lattice depth (10,50,90-percentile)=(2,10,113) and mean=43.3
Phone t_eng_I accounts for 1.7% of frames, with lattice depth (10,50,90-percentile)=(2,11,129) and mean=46.1
Phone s_WB_eng_B accounts for 1.7% of frames, with lattice depth (10,50,90-percentile)=(3,18,153) and mean=66.8
Phone a_mal_I accounts for 1.5% of frames, with lattice depth (10,50,90-percentile)=(3,11,113) and mean=48.2
Phone a_WB_eng_B accounts for 1.4% of frames, with lattice depth (10,50,90-percentile)=(4,24,165) and mean=65.8
Phone u_eng_I accounts for 1.3% of frames, with lattice depth (10,50,90-percentile)=(2,12,165) and mean=59.1
Phone s_eng_I accounts for 1.3% of frames, with lattice depth (10,50,90-percentile)=(2,10,91) and mean=39.5
Phone t_WB_eng_E accounts for 1.3% of frames, with lattice depth (10,50,90-percentile)=(2,9,93) and mean=38.5
Phone l_eng_I accounts for 1.2% of frames, with lattice depth (10,50,90-percentile)=(3,18,176) and mean=68.2
Phone y_WB_eng_E accounts for 1.2% of frames, with lattice depth (10,50,90-percentile)=(2,11,161) and mean=55.0
Phone <oov>_S accounts for 1.1% of frames, with lattice depth (10,50,90-percentile)=(36,145,636) and mean=255.9
Phone n_mal_I accounts for 1.1% of frames, with lattice depth (10,50,90-percentile)=(3,15,134) and mean=56.4
Phone d_WB_eng_E accounts for 1.1% of frames, with lattice depth (10,50,90-percentile)=(4,22,135) and mean=57.7
Phone c_WB_eng_B accounts for 1.0% of frames, with lattice depth (10,50,90-percentile)=(2,13,139) and mean=56.0
Phone n_WB_eng_E accounts for 1.0% of frames, with lattice depth (10,50,90-percentile)=(2,22,202) and mean=81.6
Phone c_eng_I accounts for 0.9% of frames, with lattice depth (10,50,90-percentile)=(2,9,112) and mean=42.9
Phone o_mal_I accounts for 0.8% of frames, with lattice depth (10,50,90-percentile)=(2,8,78) and mean=35.7
Phone l_WB_eng_E accounts for 0.8% of frames, with lattice depth (10,50,90-percentile)=(2,8,139) and mean=49.5
Phone t_WB_eng_B accounts for 0.8% of frames, with lattice depth (10,50,90-percentile)=(2,12,140) and mean=58.1
Phone r_WB_eng_B accounts for 0.7% of frames, with lattice depth (10,50,90-percentile)=(3,24,176) and mean=70.6
Phone p_eng_I accounts for 0.7% of frames, with lattice depth (10,50,90-percentile)=(3,13,103) and mean=44.9
Phone h_eng_I accounts for 0.7% of frames, with lattice depth (10,50,90-percentile)=(3,11,108) and mean=46.8
Phone s_WB_eng_E accounts for 0.7% of frames, with lattice depth (10,50,90-percentile)=(3,16,187) and mean=64.4
Phone m_eng_I accounts for 0.7% of frames, with lattice depth (10,50,90-percentile)=(3,14,133) and mean=57.1
Phone r_WB_eng_E accounts for 0.7% of frames, with lattice depth (10,50,90-percentile)=(3,17,158) and mean=62.2
Phone w_WB_eng_B accounts for 0.6% of frames, with lattice depth (10,50,90-percentile)=(3,10,147) and mean=53.4
Phone b_WB_mal_B accounts for 0.6% of frames, with lattice depth (10,50,90-percentile)=(3,10,81) and mean=33.2
Phone e_mal_I accounts for 0.6% of frames, with lattice depth (10,50,90-percentile)=(3,12,111) and mean=51.3
Phone a_WB_mal_B accounts for 0.6% of frames, with lattice depth (10,50,90-percentile)=(6,34,239) and mean=83.8
Phone g_WB_eng_E accounts for 0.6% of frames, with lattice depth (10,50,90-percentile)=(3,13,114) and mean=40.3
Phone m_mal_I accounts for 0.6% of frames, with lattice depth (10,50,90-percentile)=(3,12,93) and mean=38.9
Phone p_WB_eng_B accounts for 0.6% of frames, with lattice depth (10,50,90-percentile)=(2,12,109) and mean=46.6
Phone v_eng_I accounts for 0.6% of frames, with lattice depth (10,50,90-percentile)=(2,16,181) and mean=59.4
Phone u_mal_I accounts for 0.5% of frames, with lattice depth (10,50,90-percentile)=(3,12,133) and mean=53.8
Phone h_WB_eng_B accounts for 0.5% of frames, with lattice depth (10,50,90-percentile)=(2,8,124) and mean=42.9
Phone a_WB_eng_E accounts for 0.5% of frames, with lattice depth (10,50,90-percentile)=(3,22,167) and mean=66.2
# Accounting: time=0 threads=1
# Ended (code 0) at Fri Aug 27 14:00:21 +08 2021, elapsed time 0 seconds
