# nnet3-latgen-faster --online-ivectors=scp:/home3/yachao001/home/asr/w2021/offline-hotwords-asr-test-v2-bak-bak-ASR-4/data/ivector-data-imda-part2/ivector_online.scp --online-ivector-period=10 --frame-subsampling-factor=3 --frames-per-chunk=50 --extra-left-context=0 --extra-right-context=0 --extra-left-context-initial=-1 --extra-right-context-final=-1 --minimize=false --max-active=7000 --min-active=200 --beam=15.0 --lattice-beam=8.0 --acoustic-scale=1.0 --allow-partial=true --word-symbol-table=/home3/yachao001/home/asr/w2021/offline-hotwords-asr-test-v2-bak-bak-ASR-4/exp/msf-scdf-cs-june2021-prune/tdnnf-biased/graph_msf_mix_prune/words.txt /home3/yachao001/home/asr/w2021/offline-hotwords-asr-test-v2-bak-bak-ASR-4/exp/msf-scdf-cs-june2021-prune/tdnnf-biased/final.mdl /home3/yachao001/home/asr/w2021/offline-hotwords-asr-test-v2-bak-bak-ASR-4/exp/msf-scdf-cs-june2021-prune/tdnnf-biased/graph_msf_mix_prune/HCLG.fst "ark,s,cs:apply-cmvn --norm-means=false --norm-vars=false --utt2spk=ark:/home3/yachao001/home/asr/w2021/hotword/data/imda-part2/mfcc-hires/split20/18/utt2spk scp:/home3/yachao001/home/asr/w2021/hotword/data/imda-part2/mfcc-hires/split20/18/cmvn.scp scp:/home3/yachao001/home/asr/w2021/hotword/data/imda-part2/mfcc-hires/split20/18/feats.scp ark:- |" "ark:|lattice-scale --acoustic-scale=10.0 ark:- ark:- | gzip -c >/home3/yachao001/home/asr/w2021/offline-hotwords-asr-test-v2-bak-bak-ASR-4/exp/msf-scdf-cs-june2021-prune/tdnnf-biased/decode-data-master/lat.18.gz" 
# Started at Fri Aug 27 13:56:05 +08 2021
#
nnet3-latgen-faster --online-ivectors=scp:/home3/yachao001/home/asr/w2021/offline-hotwords-asr-test-v2-bak-bak-ASR-4/data/ivector-data-imda-part2/ivector_online.scp --online-ivector-period=10 --frame-subsampling-factor=3 --frames-per-chunk=50 --extra-left-context=0 --extra-right-context=0 --extra-left-context-initial=-1 --extra-right-context-final=-1 --minimize=false --max-active=7000 --min-active=200 --beam=15.0 --lattice-beam=8.0 --acoustic-scale=1.0 --allow-partial=true --word-symbol-table=/home3/yachao001/home/asr/w2021/offline-hotwords-asr-test-v2-bak-bak-ASR-4/exp/msf-scdf-cs-june2021-prune/tdnnf-biased/graph_msf_mix_prune/words.txt /home3/yachao001/home/asr/w2021/offline-hotwords-asr-test-v2-bak-bak-ASR-4/exp/msf-scdf-cs-june2021-prune/tdnnf-biased/final.mdl /home3/yachao001/home/asr/w2021/offline-hotwords-asr-test-v2-bak-bak-ASR-4/exp/msf-scdf-cs-june2021-prune/tdnnf-biased/graph_msf_mix_prune/HCLG.fst 'ark,s,cs:apply-cmvn --norm-means=false --norm-vars=false --utt2spk=ark:/home3/yachao001/home/asr/w2021/hotword/data/imda-part2/mfcc-hires/split20/18/utt2spk scp:/home3/yachao001/home/asr/w2021/hotword/data/imda-part2/mfcc-hires/split20/18/cmvn.scp scp:/home3/yachao001/home/asr/w2021/hotword/data/imda-part2/mfcc-hires/split20/18/feats.scp ark:- |' 'ark:|lattice-scale --acoustic-scale=10.0 ark:- ark:- | gzip -c >/home3/yachao001/home/asr/w2021/offline-hotwords-asr-test-v2-bak-bak-ASR-4/exp/msf-scdf-cs-june2021-prune/tdnnf-biased/decode-data-master/lat.18.gz' 
LOG (nnet3-latgen-faster[5.5.671~1-e5a5a]:RemoveOrphanNodes():nnet-nnet.cc:948) Removed 1 orphan nodes.
LOG (nnet3-latgen-faster[5.5.671~1-e5a5a]:RemoveOrphanComponents():nnet-nnet.cc:847) Removing 2 orphan components.
LOG (nnet3-latgen-faster[5.5.671~1-e5a5a]:Collapse():nnet-utils.cc:1472) Added 1 components, removed 2
apply-cmvn --norm-means=false --norm-vars=false --utt2spk=ark:/home3/yachao001/home/asr/w2021/hotword/data/imda-part2/mfcc-hires/split20/18/utt2spk scp:/home3/yachao001/home/asr/w2021/hotword/data/imda-part2/mfcc-hires/split20/18/cmvn.scp scp:/home3/yachao001/home/asr/w2021/hotword/data/imda-part2/mfcc-hires/split20/18/feats.scp ark:- 
lattice-scale --acoustic-scale=10.0 ark:- ark:- 
LOG (nnet3-latgen-faster[5.5.671~1-e5a5a]:CheckAndFixConfigs():nnet-am-decodable-simple.cc:294) Increasing --frames-per-chunk from 50 to 51 to make it a multiple of --frame-subsampling-factor=3
nsc-part2-chn0-spk10273068inm-030680043 lim 钟帮 richard <unk> and 吃 蔬 况 
LOG (nnet3-latgen-faster[5.5.671~1-e5a5a]:DecodeUtteranceLatticeFaster():decoder-wrappers.cc:375) Log-like per frame for utterance nsc-part2-chn0-spk10273068inm-030680043 is 1.47525 over 207 frames.
nsc-part2-chn0-spk10273068inm-030680049 kampung ubi neighbourhood police post loyang via post and <unk> 
LOG (nnet3-latgen-faster[5.5.671~1-e5a5a]:DecodeUtteranceLatticeFaster():decoder-wrappers.cc:375) Log-like per frame for utterance nsc-part2-chn0-spk10273068inm-030680049 is 1.82054 over 262 frames.
nsc-part2-chn0-spk10273068inm-030680118 <unk> june what temple cucu street and sembawang vista 
LOG (nnet3-latgen-faster[5.5.671~1-e5a5a]:DecodeUtteranceLatticeFaster():decoder-wrappers.cc:375) Log-like per frame for utterance nsc-part2-chn0-spk10273068inm-030680118 is 1.68177 over 238 frames.
nsc-part2-chn0-spk10273068inm-030680150 how long does it get two seletar west farmway by teksi 
LOG (nnet3-latgen-faster[5.5.671~1-e5a5a]:DecodeUtteranceLatticeFaster():decoder-wrappers.cc:375) Log-like per frame for utterance nsc-part2-chn0-spk10273068inm-030680150 is 1.81512 over 186 frames.
nsc-part2-chn0-spk10273068inm-030680188 how do i get bedok public library 
LOG (nnet3-latgen-faster[5.5.671~1-e5a5a]:DecodeUtteranceLatticeFaster():decoder-wrappers.cc:375) Log-like per frame for utterance nsc-part2-chn0-spk10273068inm-030680188 is 2.03666 over 161 frames.
nsc-part2-chn0-spk10273068inm-030680242 bukit batok hostel jarang sungai koyan and department of statistics 
LOG (nnet3-latgen-faster[5.5.671~1-e5a5a]:DecodeUtteranceLatticeFaster():decoder-wrappers.cc:375) Log-like per frame for utterance nsc-part2-chn0-spk10273068inm-030680242 is 1.85192 over 218 frames.
nsc-part2-chn0-spk10273068inm-030680268 boon-lay place murai lots tu and lorong nineteen geylang 
LOG (nnet3-latgen-faster[5.5.671~1-e5a5a]:DecodeUtteranceLatticeFaster():decoder-wrappers.cc:375) Log-like per frame for utterance nsc-part2-chn0-spk10273068inm-030680268 is 1.74898 over 257 frames.
nsc-part2-chn0-spk10273068inm-030680302 singapore recreational kelab lah hotel and sembawang c p f 
LOG (nnet3-latgen-faster[5.5.671~1-e5a5a]:DecodeUtteranceLatticeFaster():decoder-wrappers.cc:375) Log-like per frame for utterance nsc-part2-chn0-spk10273068inm-030680302 is 1.81548 over 208 frames.
nsc-part2-chn0-spk10273068inm-030680409 <unk> okay lah love roasted crispy spring chicken 
LOG (nnet3-latgen-faster[5.5.671~1-e5a5a]:DecodeUtteranceLatticeFaster():decoder-wrappers.cc:375) Log-like per frame for utterance nsc-part2-chn0-spk10273068inm-030680409 is 1.75082 over 163 frames.
nsc-part2-chn0-spk10273068inm-030680427 jalan tanah rata he growth secondary school and sembawang country club 
LOG (nnet3-latgen-faster[5.5.671~1-e5a5a]:DecodeUtteranceLatticeFaster():decoder-wrappers.cc:375) Log-like per frame for utterance nsc-part2-chn0-spk10273068inm-030680427 is 1.86149 over 219 frames.
nsc-part2-chn0-spk10273068inm-030680434 lorong kilat kio community centre and upper bukit timah 
LOG (nnet3-latgen-faster[5.5.671~1-e5a5a]:DecodeUtteranceLatticeFaster():decoder-wrappers.cc:375) Log-like per frame for utterance nsc-part2-chn0-spk10273068inm-030680434 is 1.72216 over 232 frames.
nsc-part2-chn0-spk10273068inm-030681497 aljunied avenue five bishan park and gender road 
LOG (nnet3-latgen-faster[5.5.671~1-e5a5a]:DecodeUtteranceLatticeFaster():decoder-wrappers.cc:375) Log-like per frame for utterance nsc-part2-chn0-spk10273068inm-030681497 is 1.73453 over 162 frames.
nsc-part2-chn0-spk10273068inm-030681582 jalan lembak bedok nostalgia hotel and oreo oleh kerajaan 
LOG (nnet3-latgen-faster[5.5.671~1-e5a5a]:DecodeUtteranceLatticeFaster():decoder-wrappers.cc:375) Log-like per frame for utterance nsc-part2-chn0-spk10273068inm-030681582 is 1.6247 over 281 frames.
nsc-part2-chn0-spk10273068inm-030681717 ruby learn sembawang resign <unk> road 
LOG (nnet3-latgen-faster[5.5.671~1-e5a5a]:DecodeUtteranceLatticeFaster():decoder-wrappers.cc:375) Log-like per frame for utterance nsc-part2-chn0-spk10273068inm-030681717 is 1.51651 over 170 frames.
nsc-part2-chn0-spk10273068inm-030681750 <unk> drive marsiling industrial as stated there and junction nine 
LOG (nnet3-latgen-faster[5.5.671~1-e5a5a]:DecodeUtteranceLatticeFaster():decoder-wrappers.cc:375) Log-like per frame for utterance nsc-part2-chn0-spk10273068inm-030681750 is 1.77947 over 230 frames.
nsc-part2-chn0-spk10323127inm-031270087 给 soon avenue seletar close at macritchie reservoir 
LOG (nnet3-latgen-faster[5.5.671~1-e5a5a]:DecodeUtteranceLatticeFaster():decoder-wrappers.cc:375) Log-like per frame for utterance nsc-part2-chn0-spk10323127inm-031270087 is 1.94711 over 149 frames.
nsc-part2-chn0-spk10323127inm-031270123 south point situ a road and kampung chai chee 
LOG (nnet3-latgen-faster[5.5.671~1-e5a5a]:DecodeUtteranceLatticeFaster():decoder-wrappers.cc:375) Log-like per frame for utterance nsc-part2-chn0-spk10323127inm-031270123 is 1.81259 over 143 frames.
nsc-part2-chn0-spk10323127inm-031270172 lump main main 高 alexandra gibson hill and lim 穷 bang 
LOG (nnet3-latgen-faster[5.5.671~1-e5a5a]:DecodeUtteranceLatticeFaster():decoder-wrappers.cc:375) Log-like per frame for utterance nsc-part2-chn0-spk10323127inm-031270172 is 1.72874 over 208 frames.
nsc-part2-chn0-spk10323127inm-031270175 other food got a restaurant near geylang square 
LOG (nnet3-latgen-faster[5.5.671~1-e5a5a]:DecodeUtteranceLatticeFaster():decoder-wrappers.cc:375) Log-like per frame for utterance nsc-part2-chn0-spk10323127inm-031270175 is 2.21562 over 123 frames.
nsc-part2-chn0-spk10323127inm-031270182 please show me the way to sembawang shopping centre 
LOG (nnet3-latgen-faster[5.5.671~1-e5a5a]:DecodeUtteranceLatticeFaster():decoder-wrappers.cc:375) Log-like per frame for utterance nsc-part2-chn0-spk10323127inm-031270182 is 2.29842 over 112 frames.
nsc-part2-chn0-spk10323127inm-031270258 national arts council dismiss road and bukit batok central link 
LOG (nnet3-latgen-faster[5.5.671~1-e5a5a]:DecodeUtteranceLatticeFaster():decoder-wrappers.cc:375) Log-like per frame for utterance nsc-part2-chn0-spk10323127inm-031270258 is 2.13417 over 212 frames.
nsc-part2-chn0-spk10323127inm-031270269 next year international school aljunied road and jalan link book 
LOG (nnet3-latgen-faster[5.5.671~1-e5a5a]:DecodeUtteranceLatticeFaster():decoder-wrappers.cc:375) Log-like per frame for utterance nsc-part2-chn0-spk10323127inm-031270269 is 2.06148 over 189 frames.
nsc-part2-chn0-spk10323127inm-031270399 lim chong pang daryl an sophia 好 
LOG (nnet3-latgen-faster[5.5.671~1-e5a5a]:DecodeUtteranceLatticeFaster():decoder-wrappers.cc:375) Log-like per frame for utterance nsc-part2-chn0-spk10323127inm-031270399 is 1.73599 over 127 frames.
nsc-part2-chn0-spk10323127inm-031270439 seletar lodge one chinese garden road and bought week drive 
LOG (nnet3-latgen-faster[5.5.671~1-e5a5a]:DecodeUtteranceLatticeFaster():decoder-wrappers.cc:375) Log-like per frame for utterance nsc-part2-chn0-spk10323127inm-031270439 is 1.97902 over 188 frames.
nsc-part2-chn0-spk10323127inm-031270445 chai chee drive lengkok answer and bukit timah post office 
LOG (nnet3-latgen-faster[5.5.671~1-e5a5a]:DecodeUtteranceLatticeFaster():decoder-wrappers.cc:375) Log-like per frame for utterance nsc-part2-chn0-spk10323127inm-031270445 is 1.86557 over 213 frames.
nsc-part2-chn0-spk10323127inm-031271462 s d b n i e and spring 
LOG (nnet3-latgen-faster[5.5.671~1-e5a5a]:DecodeUtteranceLatticeFaster():decoder-wrappers.cc:375) Log-like per frame for utterance nsc-part2-chn0-spk10323127inm-031271462 is 1.74401 over 121 frames.
nsc-part2-chn0-spk10323127inm-031271624 drink avenue seletar clothes and marsiling-road 
LOG (nnet3-latgen-faster[5.5.671~1-e5a5a]:DecodeUtteranceLatticeFaster():decoder-wrappers.cc:375) Log-like per frame for utterance nsc-part2-chn0-spk10323127inm-031271624 is 2.13269 over 145 frames.
nsc-part2-chn0-spk10323127inm-031271773 jalan 忙 lor base hotel singaporeans later 
LOG (nnet3-latgen-faster[5.5.671~1-e5a5a]:DecodeUtteranceLatticeFaster():decoder-wrappers.cc:375) Log-like per frame for utterance nsc-part2-chn0-spk10323127inm-031271773 is 1.81264 over 156 frames.
nsc-part2-chn0-spk10323127inm-031271876 what is the fastest way to kampung seri 
LOG (nnet3-latgen-faster[5.5.671~1-e5a5a]:DecodeUtteranceLatticeFaster():decoder-wrappers.cc:375) Log-like per frame for utterance nsc-part2-chn0-spk10323127inm-031271876 is 2.16009 over 105 frames.
nsc-part2-chn0-spk10353130inf-031300045 which bus should i take the seletar country club 
LOG (nnet3-latgen-faster[5.5.671~1-e5a5a]:DecodeUtteranceLatticeFaster():decoder-wrappers.cc:375) Log-like per frame for utterance nsc-part2-chn0-spk10353130inf-031300045 is 1.91363 over 122 frames.
nsc-part2-chn0-spk10353130inf-031300148 can i take a bus to kampung kan you wrote 
LOG (nnet3-latgen-faster[5.5.671~1-e5a5a]:DecodeUtteranceLatticeFaster():decoder-wrappers.cc:375) Log-like per frame for utterance nsc-part2-chn0-spk10353130inf-031300148 is 2.13576 over 113 frames.
nsc-part2-chn0-spk10353130inf-031300212 lorong medisu towards rude and sembawang 
LOG (nnet3-latgen-faster[5.5.671~1-e5a5a]:DecodeUtteranceLatticeFaster():decoder-wrappers.cc:375) Log-like per frame for utterance nsc-part2-chn0-spk10353130inf-031300212 is 1.99269 over 135 frames.
nsc-part2-chn0-spk10353130inf-031300242 jalan langgar bedok singapore boys' home and will be close 
LOG (nnet3-latgen-faster[5.5.671~1-e5a5a]:DecodeUtteranceLatticeFaster():decoder-wrappers.cc:375) Log-like per frame for utterance nsc-part2-chn0-spk10353130inf-031300242 is 2.21777 over 185 frames.
nsc-part2-chn0-spk10353130inf-031300251 crossroads singapore university of technology and design and bukit-batok central 
LOG (nnet3-latgen-faster[5.5.671~1-e5a5a]:DecodeUtteranceLatticeFaster():decoder-wrappers.cc:375) Log-like per frame for utterance nsc-part2-chn0-spk10353130inf-031300251 is 2.43352 over 215 frames.
nsc-part2-chn0-spk10353130inf-031300279 who's in aljunied su bincho ah and listen 
LOG (nnet3-latgen-faster[5.5.671~1-e5a5a]:DecodeUtteranceLatticeFaster():decoder-wrappers.cc:375) Log-like per frame for utterance nsc-part2-chn0-spk10353130inf-031300279 is 1.8064 over 154 frames.
nsc-part2-chn0-spk10353130inf-031300294 jalan keledek lorong nineteen geylang and westwood avenue 
LOG (nnet3-latgen-faster[5.5.671~1-e5a5a]:DecodeUtteranceLatticeFaster():decoder-wrappers.cc:375) Log-like per frame for utterance nsc-part2-chn0-spk10353130inf-031300294 is 2.12312 over 159 frames.
nsc-part2-chn0-spk10353130inf-031300298 <unk> yours is dropping me off at bukit timah nature reserve 
LOG (nnet3-latgen-faster[5.5.671~1-e5a5a]:DecodeUtteranceLatticeFaster():decoder-wrappers.cc:375) Log-like per frame for utterance nsc-part2-chn0-spk10353130inf-031300298 is 2.29124 over 135 frames.
nsc-part2-chn0-spk10353130inf-031300433 sembawang shopping centre jalan bersiri and lim-tua-tow-road 
LOG (nnet3-latgen-faster[5.5.671~1-e5a5a]:DecodeUtteranceLatticeFaster():decoder-wrappers.cc:375) Log-like per frame for utterance nsc-part2-chn0-spk10353130inf-031300433 is 2.01099 over 194 frames.
nsc-part2-chn0-spk10353130inf-031301598 how long does it take to get to marsiling rise by taxi 
LOG (nnet3-latgen-faster[5.5.671~1-e5a5a]:DecodeUtteranceLatticeFaster():decoder-wrappers.cc:375) Log-like per frame for utterance nsc-part2-chn0-spk10353130inf-031301598 is 2.5054 over 133 frames.
nsc-part2-chn0-spk10353130inf-031301690 youtube shopping centre chinatown heritage centre at lorong definitely 
LOG (nnet3-latgen-faster[5.5.671~1-e5a5a]:DecodeUtteranceLatticeFaster():decoder-wrappers.cc:375) Log-like per frame for utterance nsc-part2-chn0-spk10353130inf-031301690 is 2.38577 over 201 frames.
nsc-part2-chn0-spk10353130inf-031301695 geylang serai neighbourhood police post cassia-crescent and kranji m_r_t station 
LOG (nnet3-latgen-faster[5.5.671~1-e5a5a]:DecodeUtteranceLatticeFaster():decoder-wrappers.cc:375) Log-like per frame for utterance nsc-part2-chn0-spk10353130inf-031301695 is 2.21576 over 218 frames.
nsc-part2-chn0-spk10353130inf-031301747 bukit batok home for the aged lorong badawi and him that day road 
LOG (nnet3-latgen-faster[5.5.671~1-e5a5a]:DecodeUtteranceLatticeFaster():decoder-wrappers.cc:375) Log-like per frame for utterance nsc-part2-chn0-spk10353130inf-031301747 is 2.07538 over 176 frames.
nsc-part2-chn0-spk10353130inf-031301750 upper-changi road north kampung couple rude and s a f club 
LOG (nnet3-latgen-faster[5.5.671~1-e5a5a]:DecodeUtteranceLatticeFaster():decoder-wrappers.cc:375) Log-like per frame for utterance nsc-part2-chn0-spk10353130inf-031301750 is 1.90832 over 217 frames.
nsc-part2-chn0-spk10353130inf-031301773 bedok green primary school revival centre church and jalan bunga run by 
LOG (nnet3-latgen-faster[5.5.671~1-e5a5a]:DecodeUtteranceLatticeFaster():decoder-wrappers.cc:375) Log-like per frame for utterance nsc-part2-chn0-spk10353130inf-031301773 is 2.06147 over 238 frames.
nsc-part2-chn0-spk10353130inf-031301870 lim chu kang vijay ashok cari one 了 and swim 一 会 
LOG (nnet3-latgen-faster[5.5.671~1-e5a5a]:DecodeUtteranceLatticeFaster():decoder-wrappers.cc:375) Log-like per frame for utterance nsc-part2-chn0-spk10353130inf-031301870 is 1.69043 over 168 frames.
nsc-part2-chn0-spk10373155inf-031550016 how long will it take to walk to bukit-batok west 
LOG (nnet3-latgen-faster[5.5.671~1-e5a5a]:DecodeUtteranceLatticeFaster():decoder-wrappers.cc:375) Log-like per frame for utterance nsc-part2-chn0-spk10373155inf-031550016 is 1.84586 over 159 frames.
nsc-part2-chn0-spk10373155inf-031550173 <unk> secondary school marina-bay-sands and seletar link 
LOG (nnet3-latgen-faster[5.5.671~1-e5a5a]:DecodeUtteranceLatticeFaster():decoder-wrappers.cc:375) Log-like per frame for utterance nsc-part2-chn0-spk10373155inf-031550173 is 1.97644 over 181 frames.
nsc-part2-chn0-spk10373155inf-031550191 please look for as she turn when you reach kampong-glam 
LOG (nnet3-latgen-faster[5.5.671~1-e5a5a]:DecodeUtteranceLatticeFaster():decoder-wrappers.cc:375) Log-like per frame for utterance nsc-part2-chn0-spk10373155inf-031550191 is 1.74499 over 161 frames.
nsc-part2-chn0-spk10373155inf-031550242 beach-road aljunied-crescent and sengkang east avenue 
LOG (nnet3-latgen-faster[5.5.671~1-e5a5a]:DecodeUtteranceLatticeFaster():decoder-wrappers.cc:375) Log-like per frame for utterance nsc-part2-chn0-spk10373155inf-031550242 is 1.94785 over 170 frames.
nsc-part2-chn0-spk10373155inf-031550247 changi business park vista gan-eng-seng school and bedok north 
LOG (nnet3-latgen-faster[5.5.671~1-e5a5a]:DecodeUtteranceLatticeFaster():decoder-wrappers.cc:375) Log-like per frame for utterance nsc-part2-chn0-spk10373155inf-031550247 is 1.90811 over 205 frames.
nsc-part2-chn0-spk10373155inf-031550251 <unk> uh uh you botak road and taman jurong park 
LOG (nnet3-latgen-faster[5.5.671~1-e5a5a]:DecodeUtteranceLatticeFaster():decoder-wrappers.cc:375) Log-like per frame for utterance nsc-part2-chn0-spk10373155inf-031550251 is 1.58259 over 188 frames.
nsc-part2-chn0-spk10373155inf-031550257 can i take a bus to spring street 
LOG (nnet3-latgen-faster[5.5.671~1-e5a5a]:DecodeUtteranceLatticeFaster():decoder-wrappers.cc:375) Log-like per frame for utterance nsc-part2-chn0-spk10373155inf-031550257 is 2.03702 over 111 frames.
nsc-part2-chn0-spk10373155inf-031550294 seletar close helpful 想 temple in singapore burdening gardens 
LOG (nnet3-latgen-faster[5.5.671~1-e5a5a]:DecodeUtteranceLatticeFaster():decoder-wrappers.cc:375) Log-like per frame for utterance nsc-part2-chn0-spk10373155inf-031550294 is 1.57661 over 262 frames.
nsc-part2-chn0-spk10373155inf-031550298 他 michael is dropping me off at sembawang country club 
LOG (nnet3-latgen-faster[5.5.671~1-e5a5a]:DecodeUtteranceLatticeFaster():decoder-wrappers.cc:375) Log-like per frame for utterance nsc-part2-chn0-spk10373155inf-031550298 is 1.72603 over 154 frames.
nsc-part2-chn0-spk10373155inf-031550302 公 斤 you rude upper-serangoon-view adopt an upper bukit-timah 
LOG (nnet3-latgen-faster[5.5.671~1-e5a5a]:DecodeUtteranceLatticeFaster():decoder-wrappers.cc:375) Log-like per frame for utterance nsc-part2-chn0-spk10373155inf-031550302 is 1.62948 over 204 frames.
nsc-part2-chn0-spk10373155inf-031550384 bukit-batok east avenue lorong sinaran and jalan 街 
LOG (nnet3-latgen-faster[5.5.671~1-e5a5a]:DecodeUtteranceLatticeFaster():decoder-wrappers.cc:375) Log-like per frame for utterance nsc-part2-chn0-spk10373155inf-031550384 is 1.82528 over 181 frames.
nsc-part2-chn0-spk10373155inf-031550439 离 弃 avenue bukit batok avenue west android android 
LOG (nnet3-latgen-faster[5.5.671~1-e5a5a]:DecodeUtteranceLatticeFaster():decoder-wrappers.cc:375) Log-like per frame for utterance nsc-part2-chn0-spk10373155inf-031550439 is 1.80258 over 180 frames.
nsc-part2-chn0-spk10373155inf-031551571 <unk> he primary school dinding place an upper aljunied road 
LOG (nnet3-latgen-faster[5.5.671~1-e5a5a]:DecodeUtteranceLatticeFaster():decoder-wrappers.cc:375) Log-like per frame for utterance nsc-part2-chn0-spk10373155inf-031551571 is 1.69966 over 241 frames.
nsc-part2-chn0-spk10373155inf-031551610 bukit-batok west compassvale drive snowing road 
LOG (nnet3-latgen-faster[5.5.671~1-e5a5a]:DecodeUtteranceLatticeFaster():decoder-wrappers.cc:375) Log-like per frame for utterance nsc-part2-chn0-spk10373155inf-031551610 is 1.67697 over 171 frames.
LOG (apply-cmvn[5.5.671~1-e5a5a]:main():apply-cmvn.cc:81) Copied 62 utterances.
nsc-part2-chn0-spk10373155inf-031551624 havelock road seletar north lain one and in guru 
LOG (nnet3-latgen-faster[5.5.671~1-e5a5a]:DecodeUtteranceLatticeFaster():decoder-wrappers.cc:375) Log-like per frame for utterance nsc-part2-chn0-spk10373155inf-031551624 is 1.74927 over 171 frames.
nsc-part2-chn0-spk10373155inf-031551750 清 清 avenue marsiling-road and sent earlier avenue 
LOG (nnet3-latgen-faster[5.5.671~1-e5a5a]:DecodeUtteranceLatticeFaster():decoder-wrappers.cc:375) Log-like per frame for utterance nsc-part2-chn0-spk10373155inf-031551750 is 1.85972 over 209 frames.
nsc-part2-chn0-spk10373155inf-031551761 city backpackers bali lim and bukit-batok west avenue 
LOG (nnet3-latgen-faster[5.5.671~1-e5a5a]:DecodeUtteranceLatticeFaster():decoder-wrappers.cc:375) Log-like per frame for utterance nsc-part2-chn0-spk10373155inf-031551761 is 2.06986 over 158 frames.
LOG (nnet3-latgen-faster[5.5.671~1-e5a5a]:main():nnet3-latgen-faster.cc:256) Time taken 247.856s: real-time factor assuming 100 frames/sec is 0.734127
LOG (nnet3-latgen-faster[5.5.671~1-e5a5a]:main():nnet3-latgen-faster.cc:259) Done 62 utterances, failed for 0
LOG (nnet3-latgen-faster[5.5.671~1-e5a5a]:main():nnet3-latgen-faster.cc:261) Overall log-likelihood per frame is 1.8904 over 11254 frames.
LOG (nnet3-latgen-faster[5.5.671~1-e5a5a]:~CachingOptimizingCompiler():nnet-optimize.cc:710) 0.67 seconds taken in nnet3 compilation total (breakdown: 0.494 compilation, 0.087 optimization, 0 shortcut expansion, 0.0162 checking, 9.37e-05 computing indexes, 0.0735 misc.) + 0 I/O.
LOG (lattice-scale[5.5.671~1-e5a5a]:main():lattice-scale.cc:107) Done 62 lattices.
# Accounting: time=255 threads=1
# Ended (code 0) at Fri Aug 27 14:00:20 +08 2021, elapsed time 255 seconds
