# nnet3-latgen-faster --online-ivectors=scp:/home3/yachao001/home/asr/w2021/offline-hotwords-asr-test-v2-bak-bak-ASR-4/data/ivector-data-imda-part2/ivector_online.scp --online-ivector-period=10 --frame-subsampling-factor=3 --frames-per-chunk=50 --extra-left-context=0 --extra-right-context=0 --extra-left-context-initial=-1 --extra-right-context-final=-1 --minimize=false --max-active=7000 --min-active=200 --beam=15.0 --lattice-beam=8.0 --acoustic-scale=1.0 --allow-partial=true --word-symbol-table=/home3/yachao001/home/asr/w2021/offline-hotwords-asr-test-v2-bak-bak-ASR-4/exp/msf-scdf-cs-june2021-prune/tdnnf-biased/graph_msf_mix_prune/words.txt /home3/yachao001/home/asr/w2021/offline-hotwords-asr-test-v2-bak-bak-ASR-4/exp/msf-scdf-cs-june2021-prune/tdnnf-biased/final.mdl /home3/yachao001/home/asr/w2021/offline-hotwords-asr-test-v2-bak-bak-ASR-4/exp/msf-scdf-cs-june2021-prune/tdnnf-biased/graph_msf_mix_prune/HCLG.fst "ark,s,cs:apply-cmvn --norm-means=false --norm-vars=false --utt2spk=ark:/home3/yachao001/home/asr/w2021/hotword/data/imda-part2/mfcc-hires/split20/19/utt2spk scp:/home3/yachao001/home/asr/w2021/hotword/data/imda-part2/mfcc-hires/split20/19/cmvn.scp scp:/home3/yachao001/home/asr/w2021/hotword/data/imda-part2/mfcc-hires/split20/19/feats.scp ark:- |" "ark:|lattice-scale --acoustic-scale=10.0 ark:- ark:- | gzip -c >/home3/yachao001/home/asr/w2021/offline-hotwords-asr-test-v2-bak-bak-ASR-4/exp/msf-scdf-cs-june2021-prune/tdnnf-biased/decode-data-master/lat.19.gz" 
# Started at Fri Aug 27 13:56:05 +08 2021
#
nnet3-latgen-faster --online-ivectors=scp:/home3/yachao001/home/asr/w2021/offline-hotwords-asr-test-v2-bak-bak-ASR-4/data/ivector-data-imda-part2/ivector_online.scp --online-ivector-period=10 --frame-subsampling-factor=3 --frames-per-chunk=50 --extra-left-context=0 --extra-right-context=0 --extra-left-context-initial=-1 --extra-right-context-final=-1 --minimize=false --max-active=7000 --min-active=200 --beam=15.0 --lattice-beam=8.0 --acoustic-scale=1.0 --allow-partial=true --word-symbol-table=/home3/yachao001/home/asr/w2021/offline-hotwords-asr-test-v2-bak-bak-ASR-4/exp/msf-scdf-cs-june2021-prune/tdnnf-biased/graph_msf_mix_prune/words.txt /home3/yachao001/home/asr/w2021/offline-hotwords-asr-test-v2-bak-bak-ASR-4/exp/msf-scdf-cs-june2021-prune/tdnnf-biased/final.mdl /home3/yachao001/home/asr/w2021/offline-hotwords-asr-test-v2-bak-bak-ASR-4/exp/msf-scdf-cs-june2021-prune/tdnnf-biased/graph_msf_mix_prune/HCLG.fst 'ark,s,cs:apply-cmvn --norm-means=false --norm-vars=false --utt2spk=ark:/home3/yachao001/home/asr/w2021/hotword/data/imda-part2/mfcc-hires/split20/19/utt2spk scp:/home3/yachao001/home/asr/w2021/hotword/data/imda-part2/mfcc-hires/split20/19/cmvn.scp scp:/home3/yachao001/home/asr/w2021/hotword/data/imda-part2/mfcc-hires/split20/19/feats.scp ark:- |' 'ark:|lattice-scale --acoustic-scale=10.0 ark:- ark:- | gzip -c >/home3/yachao001/home/asr/w2021/offline-hotwords-asr-test-v2-bak-bak-ASR-4/exp/msf-scdf-cs-june2021-prune/tdnnf-biased/decode-data-master/lat.19.gz' 
LOG (nnet3-latgen-faster[5.5.671~1-e5a5a]:RemoveOrphanNodes():nnet-nnet.cc:948) Removed 1 orphan nodes.
LOG (nnet3-latgen-faster[5.5.671~1-e5a5a]:RemoveOrphanComponents():nnet-nnet.cc:847) Removing 2 orphan components.
LOG (nnet3-latgen-faster[5.5.671~1-e5a5a]:Collapse():nnet-utils.cc:1472) Added 1 components, removed 2
lattice-scale --acoustic-scale=10.0 ark:- ark:- 
apply-cmvn --norm-means=false --norm-vars=false --utt2spk=ark:/home3/yachao001/home/asr/w2021/hotword/data/imda-part2/mfcc-hires/split20/19/utt2spk scp:/home3/yachao001/home/asr/w2021/hotword/data/imda-part2/mfcc-hires/split20/19/cmvn.scp scp:/home3/yachao001/home/asr/w2021/hotword/data/imda-part2/mfcc-hires/split20/19/feats.scp ark:- 
LOG (nnet3-latgen-faster[5.5.671~1-e5a5a]:CheckAndFixConfigs():nnet-am-decodable-simple.cc:294) Increasing --frames-per-chunk from 50 to 51 to make it a multiple of --frame-subsampling-factor=3
nsc-part2-chn0-spk10393116inm-031160049 u t close bukit-timah plaza and 将 将 hotel 
LOG (nnet3-latgen-faster[5.5.671~1-e5a5a]:DecodeUtteranceLatticeFaster():decoder-wrappers.cc:375) Log-like per frame for utterance nsc-part2-chn0-spk10393116inm-031160049 is 1.79488 over 185 frames.
nsc-part2-chn0-spk10393116inm-031160099 visa terrace seletar he will drive and landmark tower 
LOG (nnet3-latgen-faster[5.5.671~1-e5a5a]:DecodeUtteranceLatticeFaster():decoder-wrappers.cc:375) Log-like per frame for utterance nsc-part2-chn0-spk10393116inm-031160099 is 1.84484 over 142 frames.
nsc-part2-chn0-spk10393116inm-031160121 i'm waiting for vendor to come back from our journey neighbourhood police post 
LOG (nnet3-latgen-faster[5.5.671~1-e5a5a]:DecodeUtteranceLatticeFaster():decoder-wrappers.cc:375) Log-like per frame for utterance nsc-part2-chn0-spk10393116inm-031160121 is 2.31636 over 144 frames.
nsc-part2-chn0-spk10393116inm-031160164 what is the distance to kampung kayu road 
LOG (nnet3-latgen-faster[5.5.671~1-e5a5a]:DecodeUtteranceLatticeFaster():decoder-wrappers.cc:375) Log-like per frame for utterance nsc-part2-chn0-spk10393116inm-031160164 is 2.00237 over 100 frames.
nsc-part2-chn0-spk10393116inm-031160173 jalan dua sembawang country club and hou-gang avenue v 
LOG (nnet3-latgen-faster[5.5.671~1-e5a5a]:DecodeUtteranceLatticeFaster():decoder-wrappers.cc:375) Log-like per frame for utterance nsc-part2-chn0-spk10393116inm-031160173 is 2.13337 over 141 frames.
nsc-part2-chn0-spk10393116inm-031160191 please look for crispy when you reach bukit-batok central link 
LOG (nnet3-latgen-faster[5.5.671~1-e5a5a]:DecodeUtteranceLatticeFaster():decoder-wrappers.cc:375) Log-like per frame for utterance nsc-part2-chn0-spk10393116inm-031160191 is 2.20339 over 127 frames.
nsc-part2-chn0-spk10393116inm-031160247 university 招 bedok reservoir and 竞 争 avenue 
LOG (nnet3-latgen-faster[5.5.671~1-e5a5a]:DecodeUtteranceLatticeFaster():decoder-wrappers.cc:375) Log-like per frame for utterance nsc-part2-chn0-spk10393116inm-031160247 is 1.98431 over 127 frames.
nsc-part2-chn0-spk10393116inm-031160375 how do i get to sprint question 
LOG (nnet3-latgen-faster[5.5.671~1-e5a5a]:DecodeUtteranceLatticeFaster():decoder-wrappers.cc:375) Log-like per frame for utterance nsc-part2-chn0-spk10393116inm-031160375 is 1.88785 over 80 frames.
nsc-part2-chn0-spk10393116inm-031160411 every year hotel lotus hostel and lorong one geylang 
LOG (nnet3-latgen-faster[5.5.671~1-e5a5a]:DecodeUtteranceLatticeFaster():decoder-wrappers.cc:375) Log-like per frame for utterance nsc-part2-chn0-spk10393116inm-031160411 is 1.72951 over 121 frames.
nsc-part2-chn0-spk10393116inm-031160441 roughly she bring me off at a later south road 
LOG (nnet3-latgen-faster[5.5.671~1-e5a5a]:DecodeUtteranceLatticeFaster():decoder-wrappers.cc:375) Log-like per frame for utterance nsc-part2-chn0-spk10393116inm-031160441 is 1.793 over 99 frames.
nsc-part2-chn0-spk10393116inm-031161480 starlight road bedok and school of science and technology 
LOG (nnet3-latgen-faster[5.5.671~1-e5a5a]:DecodeUtteranceLatticeFaster():decoder-wrappers.cc:375) Log-like per frame for utterance nsc-part2-chn0-spk10393116inm-031161480 is 2.4569 over 128 frames.
nsc-part2-chn0-spk10393116inm-031161497 the fullerton hotel singapore north spring primary school and say 甲级 katong primary 
LOG (nnet3-latgen-faster[5.5.671~1-e5a5a]:DecodeUtteranceLatticeFaster():decoder-wrappers.cc:375) Log-like per frame for utterance nsc-part2-chn0-spk10393116inm-031161497 is 2.04979 over 184 frames.
nsc-part2-chn0-spk10393116inm-031161580 核 心 aljunied dan in blue and uh me jewelry muhammad 
LOG (nnet3-latgen-faster[5.5.671~1-e5a5a]:DecodeUtteranceLatticeFaster():decoder-wrappers.cc:375) Log-like per frame for utterance nsc-part2-chn0-spk10393116inm-031161580 is 1.73746 over 212 frames.
nsc-part2-chn0-spk10393116inm-031161747 家 um temple cash you wrote and kampung chai chee 
LOG (nnet3-latgen-faster[5.5.671~1-e5a5a]:DecodeUtteranceLatticeFaster():decoder-wrappers.cc:375) Log-like per frame for utterance nsc-part2-chn0-spk10393116inm-031161747 is 1.77058 over 126 frames.
nsc-part2-chn0-spk10393116inm-031161761 jalan monies marsiling neighbourhood police post and others manners methodist church 
LOG (nnet3-latgen-faster[5.5.671~1-e5a5a]:DecodeUtteranceLatticeFaster():decoder-wrappers.cc:375) Log-like per frame for utterance nsc-part2-chn0-spk10393116inm-031161761 is 2.23462 over 174 frames.
nsc-part2-chn0-spk10393116inm-031161773 jalan-lengkok sembawang the trainer crescent engine gabriel's primary school 
LOG (nnet3-latgen-faster[5.5.671~1-e5a5a]:DecodeUtteranceLatticeFaster():decoder-wrappers.cc:375) Log-like per frame for utterance nsc-part2-chn0-spk10393116inm-031161773 is 1.99503 over 176 frames.
nsc-part2-chn0-spk10512441mam-024410020 pan fried crispy bee-hoon roasted crispy spring chicken and chicken pocket 
LOG (nnet3-latgen-faster[5.5.671~1-e5a5a]:DecodeUtteranceLatticeFaster():decoder-wrappers.cc:375) Log-like per frame for utterance nsc-part2-chn0-spk10512441mam-024410020 is 2.10868 over 205 frames.
nsc-part2-chn0-spk10512441mam-024410032 sembawang terminal avenue three you emcee dormitory and all hill street police station 
LOG (nnet3-latgen-faster[5.5.671~1-e5a5a]:DecodeUtteranceLatticeFaster():decoder-wrappers.cc:375) Log-like per frame for utterance nsc-part2-chn0-spk10512441mam-024410032 is 2.02783 over 259 frames.
nsc-part2-chn0-spk10512441mam-024410071 select the fastest way to upper a unique link 
LOG (nnet3-latgen-faster[5.5.671~1-e5a5a]:DecodeUtteranceLatticeFaster():decoder-wrappers.cc:375) Log-like per frame for utterance nsc-part2-chn0-spk10512441mam-024410071 is 2.08263 over 127 frames.
nsc-part2-chn0-spk10512441mam-024410080 lorong c club work home capsule houston and kampung bugis crescent 
LOG (nnet3-latgen-faster[5.5.671~1-e5a5a]:DecodeUtteranceLatticeFaster():decoder-wrappers.cc:375) Log-like per frame for utterance nsc-part2-chn0-spk10512441mam-024410080 is 2.02682 over 196 frames.
nsc-part2-chn0-spk10512441mam-024410100 how far away is a letter country club from here 
LOG (nnet3-latgen-faster[5.5.671~1-e5a5a]:DecodeUtteranceLatticeFaster():decoder-wrappers.cc:375) Log-like per frame for utterance nsc-part2-chn0-spk10512441mam-024410100 is 2.1055 over 124 frames.
nsc-part2-chn0-spk10512441mam-024410118 chinatown-complex trip was uh place m only for secondary school 
LOG (nnet3-latgen-faster[5.5.671~1-e5a5a]:DecodeUtteranceLatticeFaster():decoder-wrappers.cc:375) Log-like per frame for utterance nsc-part2-chn0-spk10512441mam-024410118 is 1.958 over 182 frames.
nsc-part2-chn0-spk10512441mam-024410162 national art council bukit batok is avenue and sit at nanyang polytechnic 
LOG (nnet3-latgen-faster[5.5.671~1-e5a5a]:DecodeUtteranceLatticeFaster():decoder-wrappers.cc:375) Log-like per frame for utterance nsc-part2-chn0-spk10512441mam-024410162 is 2.1236 over 205 frames.
nsc-part2-chn0-spk10512441mam-024410204 can i take the m r t to jalan simpang bedok 
LOG (nnet3-latgen-faster[5.5.671~1-e5a5a]:DecodeUtteranceLatticeFaster():decoder-wrappers.cc:375) Log-like per frame for utterance nsc-part2-chn0-spk10512441mam-024410204 is 2.12526 over 123 frames.
nsc-part2-chn0-spk10512441mam-024410325 geylang baru wechat road and methodist girls' school 
LOG (nnet3-latgen-faster[5.5.671~1-e5a5a]:DecodeUtteranceLatticeFaster():decoder-wrappers.cc:375) Log-like per frame for utterance nsc-part2-chn0-spk10512441mam-024410325 is 1.99136 over 155 frames.
nsc-part2-chn0-spk10512441mam-024410384 buangkok view management development institute of singapore and jalan ulu sembawang 
LOG (nnet3-latgen-faster[5.5.671~1-e5a5a]:DecodeUtteranceLatticeFaster():decoder-wrappers.cc:375) Log-like per frame for utterance nsc-part2-chn0-spk10512441mam-024410384 is 2.25236 over 211 frames.
nsc-part2-chn0-spk10512441mam-024410436 <unk> claim wrote an kampung java 
LOG (nnet3-latgen-faster[5.5.671~1-e5a5a]:DecodeUtteranceLatticeFaster():decoder-wrappers.cc:375) Log-like per frame for utterance nsc-part2-chn0-spk10512441mam-024410436 is 1.8256 over 122 frames.
nsc-part2-chn0-spk10512441mam-024411669 select the fastest way to wear spring 
LOG (nnet3-latgen-faster[5.5.671~1-e5a5a]:DecodeUtteranceLatticeFaster():decoder-wrappers.cc:375) Log-like per frame for utterance nsc-part2-chn0-spk10512441mam-024411669 is 1.89125 over 104 frames.
nsc-part2-chn0-spk10512441mam-024411695 singapore youth flying club havelock road and jalan lembah bedok 
LOG (nnet3-latgen-faster[5.5.671~1-e5a5a]:DecodeUtteranceLatticeFaster():decoder-wrappers.cc:375) Log-like per frame for utterance nsc-part2-chn0-spk10512441mam-024411695 is 2.04667 over 145 frames.
nsc-part2-chn0-spk10512441mam-024411756 marsiling m r t station the girls bill-gates and one to avenue 
LOG (nnet3-latgen-faster[5.5.671~1-e5a5a]:DecodeUtteranceLatticeFaster():decoder-wrappers.cc:375) Log-like per frame for utterance nsc-part2-chn0-spk10512441mam-024411756 is 1.92636 over 186 frames.
nsc-part2-chn0-spk10522435mam-024350080 upper seletar reservoir balmoral crescent and slow and court hotel 
LOG (nnet3-latgen-faster[5.5.671~1-e5a5a]:DecodeUtteranceLatticeFaster():decoder-wrappers.cc:375) Log-like per frame for utterance nsc-part2-chn0-spk10522435mam-024350080 is 1.90608 over 185 frames.
nsc-part2-chn0-spk10522435mam-024350111 countryside view bukit-batok central and plaza singapura 
LOG (nnet3-latgen-faster[5.5.671~1-e5a5a]:DecodeUtteranceLatticeFaster():decoder-wrappers.cc:375) Log-like per frame for utterance nsc-part2-chn0-spk10522435mam-024350111 is 2.14978 over 153 frames.
nsc-part2-chn0-spk10522435mam-024350164 what is the distance to kampung bugis 
LOG (nnet3-latgen-faster[5.5.671~1-e5a5a]:DecodeUtteranceLatticeFaster():decoder-wrappers.cc:375) Log-like per frame for utterance nsc-part2-chn0-spk10522435mam-024350164 is 2.01831 over 103 frames.
nsc-part2-chn0-spk10522435mam-024350181 how far away is bedok like house from here 
LOG (nnet3-latgen-faster[5.5.671~1-e5a5a]:DecodeUtteranceLatticeFaster():decoder-wrappers.cc:375) Log-like per frame for utterance nsc-part2-chn0-spk10522435mam-024350181 is 2.18617 over 110 frames.
nsc-part2-chn0-spk10522435mam-024350239 where is jalan ulu sembawang 
LOG (nnet3-latgen-faster[5.5.671~1-e5a5a]:DecodeUtteranceLatticeFaster():decoder-wrappers.cc:375) Log-like per frame for utterance nsc-part2-chn0-spk10522435mam-024350239 is 2.10613 over 94 frames.
nsc-part2-chn0-spk10522435mam-024350268 <unk> avenue 刘慌 kitchen temple and must be industrial estate 
LOG (nnet3-latgen-faster[5.5.671~1-e5a5a]:DecodeUtteranceLatticeFaster():decoder-wrappers.cc:375) Log-like per frame for utterance nsc-part2-chn0-spk10522435mam-024350268 is 1.97817 over 184 frames.
nsc-part2-chn0-spk10522435mam-024350297 who's in aljunied early month husband and young 会 讲 
LOG (nnet3-latgen-faster[5.5.671~1-e5a5a]:DecodeUtteranceLatticeFaster():decoder-wrappers.cc:375) Log-like per frame for utterance nsc-part2-chn0-spk10522435mam-024350297 is 1.65385 over 166 frames.
nsc-part2-chn0-spk10522435mam-024350302 the boys you geylang bahru there is an jalan gemar lah 
LOG (nnet3-latgen-faster[5.5.671~1-e5a5a]:DecodeUtteranceLatticeFaster():decoder-wrappers.cc:375) Log-like per frame for utterance nsc-part2-chn0-spk10522435mam-024350302 is 1.88326 over 145 frames.
nsc-part2-chn0-spk10522435mam-024350325 safra punggol jalan kampong cantik an o avenue 
LOG (nnet3-latgen-faster[5.5.671~1-e5a5a]:DecodeUtteranceLatticeFaster():decoder-wrappers.cc:375) Log-like per frame for utterance nsc-part2-chn0-spk10522435mam-024350325 is 2.00235 over 181 frames.
nsc-part2-chn0-spk10522435mam-024350400 please look for lilyana when you reach kampung ubi driving test centre 
LOG (nnet3-latgen-faster[5.5.671~1-e5a5a]:DecodeUtteranceLatticeFaster():decoder-wrappers.cc:375) Log-like per frame for utterance nsc-part2-chn0-spk10522435mam-024350400 is 1.91773 over 160 frames.
nsc-part2-chn0-spk10522435mam-024351472 next bukit-timah shopping centre and love beranakkan hotel 
LOG (nnet3-latgen-faster[5.5.671~1-e5a5a]:DecodeUtteranceLatticeFaster():decoder-wrappers.cc:375) Log-like per frame for utterance nsc-part2-chn0-spk10522435mam-024351472 is 2.13026 over 154 frames.
nsc-part2-chn0-spk10522435mam-024351639 <unk> look for christian when you reach chinatown heritage centre 
LOG (nnet3-latgen-faster[5.5.671~1-e5a5a]:DecodeUtteranceLatticeFaster():decoder-wrappers.cc:375) Log-like per frame for utterance nsc-part2-chn0-spk10522435mam-024351639 is 2.07388 over 152 frames.
nsc-part2-chn0-spk10522435mam-024351661 can i take the m r t to kampung empat 
LOG (nnet3-latgen-faster[5.5.671~1-e5a5a]:DecodeUtteranceLatticeFaster():decoder-wrappers.cc:375) Log-like per frame for utterance nsc-part2-chn0-spk10522435mam-024351661 is 2.14007 over 106 frames.
nsc-part2-chn0-spk10522435mam-024351858 i am waiting for <unk> to come back from kampung jabatan ah 
LOG (nnet3-latgen-faster[5.5.671~1-e5a5a]:DecodeUtteranceLatticeFaster():decoder-wrappers.cc:375) Log-like per frame for utterance nsc-part2-chn0-spk10522435mam-024351858 is 2.17562 over 142 frames.
nsc-part2-chn0-spk10672487inm-024870049 old bird cage seletar is halfway and hope 穿 honestly 
LOG (nnet3-latgen-faster[5.5.671~1-e5a5a]:DecodeUtteranceLatticeFaster():decoder-wrappers.cc:375) Log-like per frame for utterance nsc-part2-chn0-spk10672487inm-024870049 is 1.61629 over 185 frames.
nsc-part2-chn0-spk10672487inm-024870100 how far away is very spring from here 
LOG (nnet3-latgen-faster[5.5.671~1-e5a5a]:DecodeUtteranceLatticeFaster():decoder-wrappers.cc:375) Log-like per frame for utterance nsc-part2-chn0-spk10672487inm-024870100 is 1.99031 over 100 frames.
nsc-part2-chn0-spk10672487inm-024870134 <unk> road orchard plaza and semua wang terminal rude h 
LOG (nnet3-latgen-faster[5.5.671~1-e5a5a]:DecodeUtteranceLatticeFaster():decoder-wrappers.cc:375) Log-like per frame for utterance nsc-part2-chn0-spk10672487inm-024870134 is 1.68552 over 261 frames.
nsc-part2-chn0-spk10672487inm-024870175 other food court or restaurant near kampung baru 
LOG (nnet3-latgen-faster[5.5.671~1-e5a5a]:DecodeUtteranceLatticeFaster():decoder-wrappers.cc:375) Log-like per frame for utterance nsc-part2-chn0-spk10672487inm-024870175 is 1.7904 over 121 frames.
nsc-part2-chn0-spk10672487inm-024870196 i'm meeting access at bedok lighthouse first 
LOG (nnet3-latgen-faster[5.5.671~1-e5a5a]:DecodeUtteranceLatticeFaster():decoder-wrappers.cc:375) Log-like per frame for utterance nsc-part2-chn0-spk10672487inm-024870196 is 1.90299 over 118 frames.
nsc-part2-chn0-spk10672487inm-024870257 can i take a bus to marsiling-drive 
LOG (nnet3-latgen-faster[5.5.671~1-e5a5a]:DecodeUtteranceLatticeFaster():decoder-wrappers.cc:375) Log-like per frame for utterance nsc-part2-chn0-spk10672487inm-024870257 is 2.02306 over 92 frames.
nsc-part2-chn0-spk10672487inm-024870299 kampung gambanglah neighbourhood police post accountant general department encouraged born road 
LOG (nnet3-latgen-faster[5.5.671~1-e5a5a]:DecodeUtteranceLatticeFaster():decoder-wrappers.cc:375) Log-like per frame for utterance nsc-part2-chn0-spk10672487inm-024870299 is 2.00527 over 243 frames.
nsc-part2-chn0-spk10672487inm-024870323 geylang road movenpick heritage hotel apa <unk> bro 
LOG (nnet3-latgen-faster[5.5.671~1-e5a5a]:DecodeUtteranceLatticeFaster():decoder-wrappers.cc:375) Log-like per frame for utterance nsc-part2-chn0-spk10672487inm-024870323 is 1.91459 over 174 frames.
nsc-part2-chn0-spk10672487inm-024870418 saya tak hospital bukit-batok driving centre and kalau 
LOG (nnet3-latgen-faster[5.5.671~1-e5a5a]:DecodeUtteranceLatticeFaster():decoder-wrappers.cc:375) Log-like per frame for utterance nsc-part2-chn0-spk10672487inm-024870418 is 1.64514 over 148 frames.
nsc-part2-chn0-spk10672487inm-024870436 saya tahu context all choa chu kang rude angry this question 
LOG (nnet3-latgen-faster[5.5.671~1-e5a5a]:DecodeUtteranceLatticeFaster():decoder-wrappers.cc:375) Log-like per frame for utterance nsc-part2-chn0-spk10672487inm-024870436 is 1.74903 over 150 frames.
LOG (apply-cmvn[5.5.671~1-e5a5a]:main():apply-cmvn.cc:81) Copied 58 utterances.
nsc-part2-chn0-spk10672487inm-024870439 <unk> farm crescent sembawang terminal i've already three eh wellington-circle 
LOG (nnet3-latgen-faster[5.5.671~1-e5a5a]:DecodeUtteranceLatticeFaster():decoder-wrappers.cc:375) Log-like per frame for utterance nsc-part2-chn0-spk10672487inm-024870439 is 1.6659 over 192 frames.
nsc-part2-chn0-spk10672487inm-024871584 <unk> and bukit timah link 
LOG (nnet3-latgen-faster[5.5.671~1-e5a5a]:DecodeUtteranceLatticeFaster():decoder-wrappers.cc:375) Log-like per frame for utterance nsc-part2-chn0-spk10672487inm-024871584 is 1.62277 over 124 frames.
nsc-part2-chn0-spk10672487inm-024871773 dan <unk> dan cara noodles ayam 
LOG (nnet3-latgen-faster[5.5.671~1-e5a5a]:DecodeUtteranceLatticeFaster():decoder-wrappers.cc:375) Log-like per frame for utterance nsc-part2-chn0-spk10672487inm-024871773 is 1.46341 over 223 frames.
nsc-part2-chn0-spk10672487inm-024871859 upper seletar reservoir road it's easier school of technology 
LOG (nnet3-latgen-faster[5.5.671~1-e5a5a]:DecodeUtteranceLatticeFaster():decoder-wrappers.cc:375) Log-like per frame for utterance nsc-part2-chn0-spk10672487inm-024871859 is 1.79675 over 142 frames.
LOG (nnet3-latgen-faster[5.5.671~1-e5a5a]:main():nnet3-latgen-faster.cc:256) Time taken 217.059s: real-time factor assuming 100 frames/sec is 0.811314
LOG (nnet3-latgen-faster[5.5.671~1-e5a5a]:main():nnet3-latgen-faster.cc:259) Done 58 utterances, failed for 0
LOG (nnet3-latgen-faster[5.5.671~1-e5a5a]:main():nnet3-latgen-faster.cc:261) Overall log-likelihood per frame is 1.95055 over 8918 frames.
LOG (nnet3-latgen-faster[5.5.671~1-e5a5a]:~CachingOptimizingCompiler():nnet-optimize.cc:710) 0.586 seconds taken in nnet3 compilation total (breakdown: 0.43 compilation, 0.104 optimization, 0 shortcut expansion, 0.0143 checking, 8.11e-05 computing indexes, 0.0376 misc.) + 0 I/O.
LOG (lattice-scale[5.5.671~1-e5a5a]:main():lattice-scale.cc:107) Done 58 lattices.
# Accounting: time=222 threads=1
# Ended (code 0) at Fri Aug 27 13:59:47 +08 2021, elapsed time 222 seconds
