# nnet3-latgen-faster --online-ivectors=scp:/home3/yachao001/home/asr/w2021/offline-hotwords-asr-test-v2-bak-bak-ASR-4/data/ivector-data-imda-part2/ivector_online.scp --online-ivector-period=10 --frame-subsampling-factor=3 --frames-per-chunk=50 --extra-left-context=0 --extra-right-context=0 --extra-left-context-initial=-1 --extra-right-context-final=-1 --minimize=false --max-active=7000 --min-active=200 --beam=15.0 --lattice-beam=8.0 --acoustic-scale=1.0 --allow-partial=true --word-symbol-table=/home3/yachao001/home/asr/w2021/offline-hotwords-asr-test-v2-bak-bak-ASR-4/exp/msf-scdf-cs-june2021-prune/tdnnf-biased/graph_msf_mix_prune/words.txt /home3/yachao001/home/asr/w2021/offline-hotwords-asr-test-v2-bak-bak-ASR-4/exp/msf-scdf-cs-june2021-prune/tdnnf-biased/final.mdl /home3/yachao001/home/asr/w2021/offline-hotwords-asr-test-v2-bak-bak-ASR-4/exp/msf-scdf-cs-june2021-prune/tdnnf-biased/graph_msf_mix_prune/HCLG.fst "ark,s,cs:apply-cmvn --norm-means=false --norm-vars=false --utt2spk=ark:/home3/yachao001/home/asr/w2021/hotword/data/imda-part2/mfcc-hires/split20/9/utt2spk scp:/home3/yachao001/home/asr/w2021/hotword/data/imda-part2/mfcc-hires/split20/9/cmvn.scp scp:/home3/yachao001/home/asr/w2021/hotword/data/imda-part2/mfcc-hires/split20/9/feats.scp ark:- |" "ark:|lattice-scale --acoustic-scale=10.0 ark:- ark:- | gzip -c >/home3/yachao001/home/asr/w2021/offline-hotwords-asr-test-v2-bak-bak-ASR-4/exp/msf-scdf-cs-june2021-prune/tdnnf-biased/decode-data-master/lat.9.gz" 
# Started at Fri Aug 27 13:56:05 +08 2021
#
nnet3-latgen-faster --online-ivectors=scp:/home3/yachao001/home/asr/w2021/offline-hotwords-asr-test-v2-bak-bak-ASR-4/data/ivector-data-imda-part2/ivector_online.scp --online-ivector-period=10 --frame-subsampling-factor=3 --frames-per-chunk=50 --extra-left-context=0 --extra-right-context=0 --extra-left-context-initial=-1 --extra-right-context-final=-1 --minimize=false --max-active=7000 --min-active=200 --beam=15.0 --lattice-beam=8.0 --acoustic-scale=1.0 --allow-partial=true --word-symbol-table=/home3/yachao001/home/asr/w2021/offline-hotwords-asr-test-v2-bak-bak-ASR-4/exp/msf-scdf-cs-june2021-prune/tdnnf-biased/graph_msf_mix_prune/words.txt /home3/yachao001/home/asr/w2021/offline-hotwords-asr-test-v2-bak-bak-ASR-4/exp/msf-scdf-cs-june2021-prune/tdnnf-biased/final.mdl /home3/yachao001/home/asr/w2021/offline-hotwords-asr-test-v2-bak-bak-ASR-4/exp/msf-scdf-cs-june2021-prune/tdnnf-biased/graph_msf_mix_prune/HCLG.fst 'ark,s,cs:apply-cmvn --norm-means=false --norm-vars=false --utt2spk=ark:/home3/yachao001/home/asr/w2021/hotword/data/imda-part2/mfcc-hires/split20/9/utt2spk scp:/home3/yachao001/home/asr/w2021/hotword/data/imda-part2/mfcc-hires/split20/9/cmvn.scp scp:/home3/yachao001/home/asr/w2021/hotword/data/imda-part2/mfcc-hires/split20/9/feats.scp ark:- |' 'ark:|lattice-scale --acoustic-scale=10.0 ark:- ark:- | gzip -c >/home3/yachao001/home/asr/w2021/offline-hotwords-asr-test-v2-bak-bak-ASR-4/exp/msf-scdf-cs-june2021-prune/tdnnf-biased/decode-data-master/lat.9.gz' 
LOG (nnet3-latgen-faster[5.5.671~1-e5a5a]:RemoveOrphanNodes():nnet-nnet.cc:948) Removed 1 orphan nodes.
LOG (nnet3-latgen-faster[5.5.671~1-e5a5a]:RemoveOrphanComponents():nnet-nnet.cc:847) Removing 2 orphan components.
LOG (nnet3-latgen-faster[5.5.671~1-e5a5a]:Collapse():nnet-utils.cc:1472) Added 1 components, removed 2
lattice-scale --acoustic-scale=10.0 ark:- ark:- 
apply-cmvn --norm-means=false --norm-vars=false --utt2spk=ark:/home3/yachao001/home/asr/w2021/hotword/data/imda-part2/mfcc-hires/split20/9/utt2spk scp:/home3/yachao001/home/asr/w2021/hotword/data/imda-part2/mfcc-hires/split20/9/cmvn.scp scp:/home3/yachao001/home/asr/w2021/hotword/data/imda-part2/mfcc-hires/split20/9/feats.scp ark:- 
LOG (nnet3-latgen-faster[5.5.671~1-e5a5a]:CheckAndFixConfigs():nnet-am-decodable-simple.cc:294) Increasing --frames-per-chunk from 50 to 51 to make it a multiple of --frame-subsampling-factor=3
nsc-part2-chn0-spk08993009inf-030090049 taman jurong park asia square south tower and chua chu kang 
LOG (nnet3-latgen-faster[5.5.671~1-e5a5a]:DecodeUtteranceLatticeFaster():decoder-wrappers.cc:375) Log-like per frame for utterance nsc-part2-chn0-spk08993009inf-030090049 is 1.8813 over 226 frames.
nsc-part2-chn0-spk08993009inf-030090099 farmway kampung ubi neighbourhood police post an upper pierce reservoir 
LOG (nnet3-latgen-faster[5.5.671~1-e5a5a]:DecodeUtteranceLatticeFaster():decoder-wrappers.cc:375) Log-like per frame for utterance nsc-part2-chn0-spk08993009inf-030090099 is 1.98452 over 259 frames.
nsc-part2-chn0-spk08993009inf-030090136 sembawang vista joo-koon-crescent and they run bulan avenue 
LOG (nnet3-latgen-faster[5.5.671~1-e5a5a]:DecodeUtteranceLatticeFaster():decoder-wrappers.cc:375) Log-like per frame for utterance nsc-part2-chn0-spk08993009inf-030090136 is 1.85828 over 233 frames.
nsc-part2-chn0-spk08993009inf-030090166 what are the landmarks near simpang bedok 
LOG (nnet3-latgen-faster[5.5.671~1-e5a5a]:DecodeUtteranceLatticeFaster():decoder-wrappers.cc:375) Log-like per frame for utterance nsc-part2-chn0-spk08993009inf-030090166 is 2.04281 over 152 frames.
nsc-part2-chn0-spk08993009inf-030090202 how do i get to seletar aerospace 
LOG (nnet3-latgen-faster[5.5.671~1-e5a5a]:DecodeUtteranceLatticeFaster():decoder-wrappers.cc:375) Log-like per frame for utterance nsc-part2-chn0-spk08993009inf-030090202 is 2.19221 over 136 frames.
nsc-part2-chn0-spk08993009inf-030090294 deduct road geylang united temple and briyani way 
LOG (nnet3-latgen-faster[5.5.671~1-e5a5a]:DecodeUtteranceLatticeFaster():decoder-wrappers.cc:375) Log-like per frame for utterance nsc-part2-chn0-spk08993009inf-030090294 is 2.05569 over 186 frames.
nsc-part2-chn0-spk08993009inf-030090302 aqua culture services centre admiralty road and marsiling rise 
LOG (nnet3-latgen-faster[5.5.671~1-e5a5a]:DecodeUtteranceLatticeFaster():decoder-wrappers.cc:375) Log-like per frame for utterance nsc-part2-chn0-spk08993009inf-030090302 is 1.99339 over 278 frames.
nsc-part2-chn0-spk08993009inf-030090352 show me the way to bukit batok polyclinic 
LOG (nnet3-latgen-faster[5.5.671~1-e5a5a]:DecodeUtteranceLatticeFaster():decoder-wrappers.cc:375) Log-like per frame for utterance nsc-part2-chn0-spk08993009inf-030090352 is 2.29246 over 144 frames.
nsc-part2-chn0-spk08993009inf-030090411 <unk> rice lim uh 屋 rude and madrasah aljunied all islamic school 
LOG (nnet3-latgen-faster[5.5.671~1-e5a5a]:DecodeUtteranceLatticeFaster():decoder-wrappers.cc:375) Log-like per frame for utterance nsc-part2-chn0-spk08993009inf-030090411 is 1.87946 over 268 frames.
nsc-part2-chn0-spk08993009inf-030090434 monk's hill road ang mo kio hub and jalan kampung siglap 
LOG (nnet3-latgen-faster[5.5.671~1-e5a5a]:DecodeUtteranceLatticeFaster():decoder-wrappers.cc:375) Log-like per frame for utterance nsc-part2-chn0-spk08993009inf-030090434 is 2.05971 over 185 frames.
nsc-part2-chn0-spk08993009inf-030090439 tekong highway bukit timah avenue and sengkang east road 
LOG (nnet3-latgen-faster[5.5.671~1-e5a5a]:DecodeUtteranceLatticeFaster():decoder-wrappers.cc:375) Log-like per frame for utterance nsc-part2-chn0-spk08993009inf-030090439 is 2.15336 over 195 frames.
nsc-part2-chn0-spk08993009inf-030090442 can you recommend me a restaurant near library at chinatown 
LOG (nnet3-latgen-faster[5.5.671~1-e5a5a]:DecodeUtteranceLatticeFaster():decoder-wrappers.cc:375) Log-like per frame for utterance nsc-part2-chn0-spk08993009inf-030090442 is 2.43864 over 177 frames.
nsc-part2-chn0-spk08993009inf-030091593 bak-kwa sun rays 交 差 当 and roasted crispy spring chicken 
LOG (nnet3-latgen-faster[5.5.671~1-e5a5a]:DecodeUtteranceLatticeFaster():decoder-wrappers.cc:375) Log-like per frame for utterance nsc-part2-chn0-spk08993009inf-030091593 is 1.93675 over 271 frames.
nsc-part2-chn0-spk08993009inf-030091644 i am meeting audrey at spring street first 
LOG (nnet3-latgen-faster[5.5.671~1-e5a5a]:DecodeUtteranceLatticeFaster():decoder-wrappers.cc:375) Log-like per frame for utterance nsc-part2-chn0-spk08993009inf-030091644 is 1.98651 over 150 frames.
nsc-part2-chn0-spk08993009inf-030091751 do you know where is sembawang h d b branch office 
LOG (nnet3-latgen-faster[5.5.671~1-e5a5a]:DecodeUtteranceLatticeFaster():decoder-wrappers.cc:375) Log-like per frame for utterance nsc-part2-chn0-spk08993009inf-030091751 is 2.04852 over 211 frames.
nsc-part2-chn0-spk09062988maf-029880079 lonely being vivian 夸 sian 每 lim and husin uh june eh 
LOG (nnet3-latgen-faster[5.5.671~1-e5a5a]:DecodeUtteranceLatticeFaster():decoder-wrappers.cc:375) Log-like per frame for utterance nsc-part2-chn0-spk09062988maf-029880079 is 1.59742 over 206 frames.
nsc-part2-chn0-spk09062988maf-029880111 siao one close singapore international campus and slipper lodge one 
LOG (nnet3-latgen-faster[5.5.671~1-e5a5a]:DecodeUtteranceLatticeFaster():decoder-wrappers.cc:375) Log-like per frame for utterance nsc-part2-chn0-spk09062988maf-029880111 is 2.06491 over 194 frames.
nsc-part2-chn0-spk09062988maf-029880150 how long does it take to get to coupon bukit coffee chinese cemetery by taxi 
LOG (nnet3-latgen-faster[5.5.671~1-e5a5a]:DecodeUtteranceLatticeFaster():decoder-wrappers.cc:375) Log-like per frame for utterance nsc-part2-chn0-spk09062988maf-029880150 is 2.20847 over 191 frames.
nsc-part2-chn0-spk09062988maf-029880188 how do i get to geylang-bahru 
LOG (nnet3-latgen-faster[5.5.671~1-e5a5a]:DecodeUtteranceLatticeFaster():decoder-wrappers.cc:375) Log-like per frame for utterance nsc-part2-chn0-spk09062988maf-029880188 is 2.30733 over 92 frames.
nsc-part2-chn0-spk09062988maf-029880225 bedok bedok 
LOG (nnet3-latgen-faster[5.5.671~1-e5a5a]:DecodeUtteranceLatticeFaster():decoder-wrappers.cc:375) Log-like per frame for utterance nsc-part2-chn0-spk09062988maf-029880225 is 2.4617 over 64 frames.
nsc-part2-chn0-spk09062988maf-029880258 chinatown-point cencaru lane and challenge siglap 
LOG (nnet3-latgen-faster[5.5.671~1-e5a5a]:DecodeUtteranceLatticeFaster():decoder-wrappers.cc:375) Log-like per frame for utterance nsc-part2-chn0-spk09062988maf-029880258 is 1.94979 over 157 frames.
nsc-part2-chn0-spk09062988maf-029880281 do you know how to cook roasted crispy student spring chicken 
LOG (nnet3-latgen-faster[5.5.671~1-e5a5a]:DecodeUtteranceLatticeFaster():decoder-wrappers.cc:375) Log-like per frame for utterance nsc-part2-chn0-spk09062988maf-029880281 is 2.09876 over 163 frames.
nsc-part2-chn0-spk09062988maf-029880308 north boat key black more drive and spring singapore 
LOG (nnet3-latgen-faster[5.5.671~1-e5a5a]:DecodeUtteranceLatticeFaster():decoder-wrappers.cc:375) Log-like per frame for utterance nsc-part2-chn0-spk09062988maf-029880308 is 1.90323 over 152 frames.
nsc-part2-chn0-spk09062988maf-029880407 do you know where is bukit-batok polyclinic 
LOG (nnet3-latgen-faster[5.5.671~1-e5a5a]:DecodeUtteranceLatticeFaster():decoder-wrappers.cc:375) Log-like per frame for utterance nsc-part2-chn0-spk09062988maf-029880407 is 2.49418 over 106 frames.
nsc-part2-chn0-spk09062988maf-029880415 <unk> temple bukit timah expressway and moonbeams drive 
LOG (nnet3-latgen-faster[5.5.671~1-e5a5a]:DecodeUtteranceLatticeFaster():decoder-wrappers.cc:375) Log-like per frame for utterance nsc-part2-chn0-spk09062988maf-029880415 is 1.78544 over 185 frames.
nsc-part2-chn0-spk09062988maf-029881497 compassvale-road jalan batu ubin and simpang bedok boarding house 
LOG (nnet3-latgen-faster[5.5.671~1-e5a5a]:DecodeUtteranceLatticeFaster():decoder-wrappers.cc:375) Log-like per frame for utterance nsc-part2-chn0-spk09062988maf-029881497 is 2.01148 over 193 frames.
nsc-part2-chn0-spk09062988maf-029881548 how far away is happy hotel spring from here 
LOG (nnet3-latgen-faster[5.5.671~1-e5a5a]:DecodeUtteranceLatticeFaster():decoder-wrappers.cc:375) Log-like per frame for utterance nsc-part2-chn0-spk09062988maf-029881548 is 2.17179 over 131 frames.
nsc-part2-chn0-spk09062988maf-029881660 jalan senyum hindu advise reborn and kampung couple road 
LOG (nnet3-latgen-faster[5.5.671~1-e5a5a]:DecodeUtteranceLatticeFaster():decoder-wrappers.cc:375) Log-like per frame for utterance nsc-part2-chn0-spk09062988maf-029881660 is 2.01949 over 177 frames.
nsc-part2-chn0-spk09062988maf-029881687 where is kampung jabatan itu 
LOG (nnet3-latgen-faster[5.5.671~1-e5a5a]:DecodeUtteranceLatticeFaster():decoder-wrappers.cc:375) Log-like per frame for utterance nsc-part2-chn0-spk09062988maf-029881687 is 1.93627 over 101 frames.
nsc-part2-chn0-spk09062988maf-029881890 can you recommend me a restaurant near sembawang animal quarantine station 
LOG (nnet3-latgen-faster[5.5.671~1-e5a5a]:DecodeUtteranceLatticeFaster():decoder-wrappers.cc:375) Log-like per frame for utterance nsc-part2-chn0-spk09062988maf-029881890 is 2.31367 over 202 frames.
nsc-part2-chn0-spk09072989cnm-029890009 how long will it take to walk to bukit-batok central link 
LOG (nnet3-latgen-faster[5.5.671~1-e5a5a]:DecodeUtteranceLatticeFaster():decoder-wrappers.cc:375) Log-like per frame for utterance nsc-part2-chn0-spk09072989cnm-029890009 is 2.38415 over 131 frames.
nsc-part2-chn0-spk09072989cnm-029890014 s u spring and yes 
LOG (nnet3-latgen-faster[5.5.671~1-e5a5a]:DecodeUtteranceLatticeFaster():decoder-wrappers.cc:375) Log-like per frame for utterance nsc-part2-chn0-spk09072989cnm-029890014 is 1.64173 over 121 frames.
nsc-part2-chn0-spk09072989cnm-029890020 nasi goreng seafood tiga rasa roasted crispy spring chicken and 间 till 
LOG (nnet3-latgen-faster[5.5.671~1-e5a5a]:DecodeUtteranceLatticeFaster():decoder-wrappers.cc:375) Log-like per frame for utterance nsc-part2-chn0-spk09072989cnm-029890020 is 2.13419 over 228 frames.
nsc-part2-chn0-spk09072989cnm-029890030 chinatown hotel 
LOG (nnet3-latgen-faster[5.5.671~1-e5a5a]:DecodeUtteranceLatticeFaster():decoder-wrappers.cc:375) Log-like per frame for utterance nsc-part2-chn0-spk09072989cnm-029890030 is 2.18342 over 75 frames.
nsc-part2-chn0-spk09072989cnm-029890111 bukit merah view admiralty-west prison and seletar kot 
LOG (nnet3-latgen-faster[5.5.671~1-e5a5a]:DecodeUtteranceLatticeFaster():decoder-wrappers.cc:375) Log-like per frame for utterance nsc-part2-chn0-spk09072989cnm-029890111 is 2.09427 over 151 frames.
nsc-part2-chn0-spk09072989cnm-029890149 i'm meeting 讲 bonds at the kampung kayu wrote first 
LOG (nnet3-latgen-faster[5.5.671~1-e5a5a]:DecodeUtteranceLatticeFaster():decoder-wrappers.cc:375) Log-like per frame for utterance nsc-part2-chn0-spk09072989cnm-029890149 is 1.96838 over 142 frames.
nsc-part2-chn0-spk09072989cnm-029890199 what are the landmarks near sembawang animal quarantine station 
LOG (nnet3-latgen-faster[5.5.671~1-e5a5a]:DecodeUtteranceLatticeFaster():decoder-wrappers.cc:375) Log-like per frame for utterance nsc-part2-chn0-spk09072989cnm-029890199 is 2.0809 over 142 frames.
nsc-part2-chn0-spk09072989cnm-029890247 rochor kongsi for the aged a x a university asia pacific campus and bedok north 
LOG (nnet3-latgen-faster[5.5.671~1-e5a5a]:DecodeUtteranceLatticeFaster():decoder-wrappers.cc:375) Log-like per frame for utterance nsc-part2-chn0-spk09072989cnm-029890247 is 2.24385 over 250 frames.
nsc-part2-chn0-spk09072989cnm-029890280 can i take the m r t to geylang serai 
LOG (nnet3-latgen-faster[5.5.671~1-e5a5a]:DecodeUtteranceLatticeFaster():decoder-wrappers.cc:375) Log-like per frame for utterance nsc-part2-chn0-spk09072989cnm-029890280 is 2.22216 over 106 frames.
nsc-part2-chn0-spk09072989cnm-029890297 who say in our unit rebecca chua and abraham solomon 
LOG (nnet3-latgen-faster[5.5.671~1-e5a5a]:DecodeUtteranceLatticeFaster():decoder-wrappers.cc:375) Log-like per frame for utterance nsc-part2-chn0-spk09072989cnm-029890297 is 1.92768 over 150 frames.
nsc-part2-chn0-spk09072989cnm-029890401 please tell me how to get to bukit-timah nature reserve 
LOG (nnet3-latgen-faster[5.5.671~1-e5a5a]:DecodeUtteranceLatticeFaster():decoder-wrappers.cc:375) Log-like per frame for utterance nsc-part2-chn0-spk09072989cnm-029890401 is 2.51796 over 129 frames.
nsc-part2-chn0-spk09072989cnm-029890411 kampung ubi driving test centre cencaru link and normal teras 
LOG (nnet3-latgen-faster[5.5.671~1-e5a5a]:DecodeUtteranceLatticeFaster():decoder-wrappers.cc:375) Log-like per frame for utterance nsc-part2-chn0-spk09072989cnm-029890411 is 1.95773 over 195 frames.
nsc-part2-chn0-spk09072989cnm-029891651 it is faster to take the bus to kan 公 java 咋 弄 
LOG (nnet3-latgen-faster[5.5.671~1-e5a5a]:DecodeUtteranceLatticeFaster():decoder-wrappers.cc:375) Log-like per frame for utterance nsc-part2-chn0-spk09072989cnm-029891651 is 2.08618 over 124 frames.
nsc-part2-chn0-spk09072989cnm-029891762 a series of biographies about lim chong-pang can kim seng and morgan chua was recently publish 
LOG (nnet3-latgen-faster[5.5.671~1-e5a5a]:DecodeUtteranceLatticeFaster():decoder-wrappers.cc:375) Log-like per frame for utterance nsc-part2-chn0-spk09072989cnm-029891762 is 2.06823 over 232 frames.
nsc-part2-chn0-spk09163029inm-030290014 spring n t u n d j c 
LOG (nnet3-latgen-faster[5.5.671~1-e5a5a]:DecodeUtteranceLatticeFaster():decoder-wrappers.cc:375) Log-like per frame for utterance nsc-part2-chn0-spk09163029inm-030290014 is 1.81177 over 123 frames.
nsc-part2-chn0-spk09163029inm-030290023 it's about thirty minutes walk to sembawang terminal avenue three 
LOG (nnet3-latgen-faster[5.5.671~1-e5a5a]:DecodeUtteranceLatticeFaster():decoder-wrappers.cc:375) Log-like per frame for utterance nsc-part2-chn0-spk09163029inm-030290023 is 2.35822 over 145 frames.
nsc-part2-chn0-spk09163029inm-030290028 kulit tell me all the way to originate neighbourhood police post 
LOG (nnet3-latgen-faster[5.5.671~1-e5a5a]:DecodeUtteranceLatticeFaster():decoder-wrappers.cc:375) Log-like per frame for utterance nsc-part2-chn0-spk09163029inm-030290028 is 2.09883 over 170 frames.
nsc-part2-chn0-spk09163029inm-030290087 kampung obese c c lifelong learning institute and all upper thomson road 
LOG (nnet3-latgen-faster[5.5.671~1-e5a5a]:DecodeUtteranceLatticeFaster():decoder-wrappers.cc:375) Log-like per frame for utterance nsc-part2-chn0-spk09163029inm-030290087 is 2.17951 over 191 frames.
nsc-part2-chn0-spk09163029inm-030290099 catholic junior college hostel jelapang and north spring primary school 
LOG (nnet3-latgen-faster[5.5.671~1-e5a5a]:DecodeUtteranceLatticeFaster():decoder-wrappers.cc:375) Log-like per frame for utterance nsc-part2-chn0-spk09163029inm-030290099 is 2.13311 over 212 frames.
nsc-part2-chn0-spk09163029inm-030290144 jalan penang seletar aerospace in south buona vista road 
LOG (nnet3-latgen-faster[5.5.671~1-e5a5a]:DecodeUtteranceLatticeFaster():decoder-wrappers.cc:375) Log-like per frame for utterance nsc-part2-chn0-spk09163029inm-030290144 is 2.24638 over 160 frames.
nsc-part2-chn0-spk09163029inm-030290247 bedok real crescent browser wrote and pioneer service centre 
LOG (nnet3-latgen-faster[5.5.671~1-e5a5a]:DecodeUtteranceLatticeFaster():decoder-wrappers.cc:375) Log-like per frame for utterance nsc-part2-chn0-spk09163029inm-030290247 is 2.07597 over 145 frames.
nsc-part2-chn0-spk09163029inm-030290308 turf club road geylang united temple and briyani drive seven 
LOG (nnet3-latgen-faster[5.5.671~1-e5a5a]:DecodeUtteranceLatticeFaster():decoder-wrappers.cc:375) Log-like per frame for utterance nsc-part2-chn0-spk09163029inm-030290308 is 2.03341 over 206 frames.
nsc-part2-chn0-spk09163029inm-030290415 bukit-batok polyclinic dog road west in jalan jumbled 
LOG (nnet3-latgen-faster[5.5.671~1-e5a5a]:DecodeUtteranceLatticeFaster():decoder-wrappers.cc:375) Log-like per frame for utterance nsc-part2-chn0-spk09163029inm-030290415 is 2.03065 over 155 frames.
nsc-part2-chn0-spk09163029inm-030290434 general crescent bukit timah link and carrots deal 
LOG (nnet3-latgen-faster[5.5.671~1-e5a5a]:DecodeUtteranceLatticeFaster():decoder-wrappers.cc:375) Log-like per frame for utterance nsc-part2-chn0-spk09163029inm-030290434 is 1.97161 over 132 frames.
nsc-part2-chn0-spk09163029inm-030291480 sunset close jalan tenang and chinatown hotel 
LOG (nnet3-latgen-faster[5.5.671~1-e5a5a]:DecodeUtteranceLatticeFaster():decoder-wrappers.cc:375) Log-like per frame for utterance nsc-part2-chn0-spk09163029inm-030291480 is 1.95539 over 145 frames.
LOG (apply-cmvn[5.5.671~1-e5a5a]:main():apply-cmvn.cc:81) Copied 58 utterances.
nsc-part2-chn0-spk09163029inm-030291528 lorong cina di learn and kampung baru road 
LOG (nnet3-latgen-faster[5.5.671~1-e5a5a]:DecodeUtteranceLatticeFaster():decoder-wrappers.cc:375) Log-like per frame for utterance nsc-part2-chn0-spk09163029inm-030291528 is 1.9601 over 145 frames.
nsc-part2-chn0-spk09163029inm-030291660 hotel a salary kampung kembangan and in singapore chinese simple commerce an industry 
LOG (nnet3-latgen-faster[5.5.671~1-e5a5a]:DecodeUtteranceLatticeFaster():decoder-wrappers.cc:375) Log-like per frame for utterance nsc-part2-chn0-spk09163029inm-030291660 is 2.14342 over 176 frames.
nsc-part2-chn0-spk09163029inm-030291859 bukit manis road jalan rendang and sembawang animal quarantine station 
LOG (nnet3-latgen-faster[5.5.671~1-e5a5a]:DecodeUtteranceLatticeFaster():decoder-wrappers.cc:375) Log-like per frame for utterance nsc-part2-chn0-spk09163029inm-030291859 is 2.14753 over 200 frames.
LOG (nnet3-latgen-faster[5.5.671~1-e5a5a]:main():nnet3-latgen-faster.cc:256) Time taken 209.014s: real-time factor assuming 100 frames/sec is 0.706176
LOG (nnet3-latgen-faster[5.5.671~1-e5a5a]:main():nnet3-latgen-faster.cc:259) Done 58 utterances, failed for 0
LOG (nnet3-latgen-faster[5.5.671~1-e5a5a]:main():nnet3-latgen-faster.cc:261) Overall log-likelihood per frame is 2.06645 over 9866 frames.
LOG (nnet3-latgen-faster[5.5.671~1-e5a5a]:~CachingOptimizingCompiler():nnet-optimize.cc:710) 0.659 seconds taken in nnet3 compilation total (breakdown: 0.503 compilation, 0.0884 optimization, 0 shortcut expansion, 0.0141 checking, 8.65e-05 computing indexes, 0.053 misc.) + 0 I/O.
LOG (lattice-scale[5.5.671~1-e5a5a]:main():lattice-scale.cc:107) Done 58 lattices.
# Accounting: time=213 threads=1
# Ended (code 0) at Fri Aug 27 13:59:38 +08 2021, elapsed time 213 seconds
