# nnet3-latgen-faster --online-ivectors=scp:/home3/yachao001/home/asr/w2021/offline-hotwords-asr-test-v2-bak-bak-ASR-4/data/ivector-data-imda-part2/ivector_online.scp --online-ivector-period=10 --frame-subsampling-factor=3 --frames-per-chunk=50 --extra-left-context=0 --extra-right-context=0 --extra-left-context-initial=-1 --extra-right-context-final=-1 --minimize=false --max-active=7000 --min-active=200 --beam=15.0 --lattice-beam=8.0 --acoustic-scale=1.0 --allow-partial=true --word-symbol-table=/home3/yachao001/home/asr/w2021/offline-hotwords-asr-test-v2-bak-bak-ASR-4/exp/msf-scdf-cs-june2021-prune/tdnnf-biased/graph_msf_mix_prune/words.txt /home3/yachao001/home/asr/w2021/offline-hotwords-asr-test-v2-bak-bak-ASR-4/exp/msf-scdf-cs-june2021-prune/tdnnf-biased/final.mdl /home3/yachao001/home/asr/w2021/offline-hotwords-asr-test-v2-bak-bak-ASR-4/exp/msf-scdf-cs-june2021-prune/tdnnf-biased/graph_msf_mix_prune/HCLG.fst "ark,s,cs:apply-cmvn --norm-means=false --norm-vars=false --utt2spk=ark:/home3/yachao001/home/asr/w2021/hotword/data/imda-part2/mfcc-hires/split20/17/utt2spk scp:/home3/yachao001/home/asr/w2021/hotword/data/imda-part2/mfcc-hires/split20/17/cmvn.scp scp:/home3/yachao001/home/asr/w2021/hotword/data/imda-part2/mfcc-hires/split20/17/feats.scp ark:- |" "ark:|lattice-scale --acoustic-scale=10.0 ark:- ark:- | gzip -c >/home3/yachao001/home/asr/w2021/offline-hotwords-asr-test-v2-bak-bak-ASR-4/exp/msf-scdf-cs-june2021-prune/tdnnf-biased/decode-data-master/lat.17.gz" 
# Started at Fri Aug 27 13:56:05 +08 2021
#
nnet3-latgen-faster --online-ivectors=scp:/home3/yachao001/home/asr/w2021/offline-hotwords-asr-test-v2-bak-bak-ASR-4/data/ivector-data-imda-part2/ivector_online.scp --online-ivector-period=10 --frame-subsampling-factor=3 --frames-per-chunk=50 --extra-left-context=0 --extra-right-context=0 --extra-left-context-initial=-1 --extra-right-context-final=-1 --minimize=false --max-active=7000 --min-active=200 --beam=15.0 --lattice-beam=8.0 --acoustic-scale=1.0 --allow-partial=true --word-symbol-table=/home3/yachao001/home/asr/w2021/offline-hotwords-asr-test-v2-bak-bak-ASR-4/exp/msf-scdf-cs-june2021-prune/tdnnf-biased/graph_msf_mix_prune/words.txt /home3/yachao001/home/asr/w2021/offline-hotwords-asr-test-v2-bak-bak-ASR-4/exp/msf-scdf-cs-june2021-prune/tdnnf-biased/final.mdl /home3/yachao001/home/asr/w2021/offline-hotwords-asr-test-v2-bak-bak-ASR-4/exp/msf-scdf-cs-june2021-prune/tdnnf-biased/graph_msf_mix_prune/HCLG.fst 'ark,s,cs:apply-cmvn --norm-means=false --norm-vars=false --utt2spk=ark:/home3/yachao001/home/asr/w2021/hotword/data/imda-part2/mfcc-hires/split20/17/utt2spk scp:/home3/yachao001/home/asr/w2021/hotword/data/imda-part2/mfcc-hires/split20/17/cmvn.scp scp:/home3/yachao001/home/asr/w2021/hotword/data/imda-part2/mfcc-hires/split20/17/feats.scp ark:- |' 'ark:|lattice-scale --acoustic-scale=10.0 ark:- ark:- | gzip -c >/home3/yachao001/home/asr/w2021/offline-hotwords-asr-test-v2-bak-bak-ASR-4/exp/msf-scdf-cs-june2021-prune/tdnnf-biased/decode-data-master/lat.17.gz' 
LOG (nnet3-latgen-faster[5.5.671~1-e5a5a]:RemoveOrphanNodes():nnet-nnet.cc:948) Removed 1 orphan nodes.
LOG (nnet3-latgen-faster[5.5.671~1-e5a5a]:RemoveOrphanComponents():nnet-nnet.cc:847) Removing 2 orphan components.
LOG (nnet3-latgen-faster[5.5.671~1-e5a5a]:Collapse():nnet-utils.cc:1472) Added 1 components, removed 2
lattice-scale --acoustic-scale=10.0 ark:- ark:- 
apply-cmvn --norm-means=false --norm-vars=false --utt2spk=ark:/home3/yachao001/home/asr/w2021/hotword/data/imda-part2/mfcc-hires/split20/17/utt2spk scp:/home3/yachao001/home/asr/w2021/hotword/data/imda-part2/mfcc-hires/split20/17/cmvn.scp scp:/home3/yachao001/home/asr/w2021/hotword/data/imda-part2/mfcc-hires/split20/17/feats.scp ark:- 
LOG (nnet3-latgen-faster[5.5.671~1-e5a5a]:CheckAndFixConfigs():nnet-am-decodable-simple.cc:294) Increasing --frames-per-chunk from 50 to 51 to make it a multiple of --frame-subsampling-factor=3
nsc-part2-chn0-spk10183106cnm-031060071 select the fastest way to bedok view secondary school 
LOG (nnet3-latgen-faster[5.5.671~1-e5a5a]:DecodeUtteranceLatticeFaster():decoder-wrappers.cc:375) Log-like per frame for utterance nsc-part2-chn0-spk10183106cnm-031060071 is 2.44372 over 113 frames.
nsc-part2-chn0-spk10183106cnm-031060099 seletar country club biology would be industrial park e an amazing in 
LOG (nnet3-latgen-faster[5.5.671~1-e5a5a]:DecodeUtteranceLatticeFaster():decoder-wrappers.cc:375) Log-like per frame for utterance nsc-part2-chn0-spk10183106cnm-031060099 is 1.95089 over 183 frames.
nsc-part2-chn0-spk10183106cnm-031060148 can i take a bus to jalan ubi sembawang 
LOG (nnet3-latgen-faster[5.5.671~1-e5a5a]:DecodeUtteranceLatticeFaster():decoder-wrappers.cc:375) Log-like per frame for utterance nsc-part2-chn0-spk10183106cnm-031060148 is 2.21307 over 106 frames.
nsc-part2-chn0-spk10183106cnm-031060164 what is the distance kampung bugis crescent 
LOG (nnet3-latgen-faster[5.5.671~1-e5a5a]:DecodeUtteranceLatticeFaster():decoder-wrappers.cc:375) Log-like per frame for utterance nsc-part2-chn0-spk10183106cnm-031060164 is 2.08376 over 107 frames.
nsc-part2-chn0-spk10183106cnm-031060220 i am meeting joshua at aljunied avenue five first 
LOG (nnet3-latgen-faster[5.5.671~1-e5a5a]:DecodeUtteranceLatticeFaster():decoder-wrappers.cc:375) Log-like per frame for utterance nsc-part2-chn0-spk10183106cnm-031060220 is 2.13517 over 145 frames.
nsc-part2-chn0-spk10183106cnm-031060258 siloso-beach-walk flawed one and geylang serai neighbourhood police post 
LOG (nnet3-latgen-faster[5.5.671~1-e5a5a]:DecodeUtteranceLatticeFaster():decoder-wrappers.cc:375) Log-like per frame for utterance nsc-part2-chn0-spk10183106cnm-031060258 is 2.19753 over 160 frames.
nsc-part2-chn0-spk10183106cnm-031060268 jalan la bang taman-jurong bug in peace heaven nursing home 
LOG (nnet3-latgen-faster[5.5.671~1-e5a5a]:DecodeUtteranceLatticeFaster():decoder-wrappers.cc:375) Log-like per frame for utterance nsc-part2-chn0-spk10183106cnm-031060268 is 1.91662 over 152 frames.
nsc-part2-chn0-spk10183106cnm-031060299 marsiling-road haji lane android lain 
LOG (nnet3-latgen-faster[5.5.671~1-e5a5a]:DecodeUtteranceLatticeFaster():decoder-wrappers.cc:375) Log-like per frame for utterance nsc-part2-chn0-spk10183106cnm-031060299 is 1.96224 over 110 frames.
nsc-part2-chn0-spk10183106cnm-031060308 jalan si chuan china town point post office and classic restaurant 
LOG (nnet3-latgen-faster[5.5.671~1-e5a5a]:DecodeUtteranceLatticeFaster():decoder-wrappers.cc:375) Log-like per frame for utterance nsc-part2-chn0-spk10183106cnm-031060308 is 1.98098 over 183 frames.
nsc-part2-chn0-spk10183106cnm-031060313 jalan does thousand bukit-batok road and 去 backup by the waterfront 
LOG (nnet3-latgen-faster[5.5.671~1-e5a5a]:DecodeUtteranceLatticeFaster():decoder-wrappers.cc:375) Log-like per frame for utterance nsc-part2-chn0-spk10183106cnm-031060313 is 1.89623 over 157 frames.
nsc-part2-chn0-spk10183106cnm-031060411 chapel of reservation sembawang called of wealth temporary hilton international singapore 
LOG (nnet3-latgen-faster[5.5.671~1-e5a5a]:DecodeUtteranceLatticeFaster():decoder-wrappers.cc:375) Log-like per frame for utterance nsc-part2-chn0-spk10183106cnm-031060411 is 1.98828 over 182 frames.
nsc-part2-chn0-spk10183106cnm-031061528 seletar satellite station road road road and syrup gardens 
LOG (nnet3-latgen-faster[5.5.671~1-e5a5a]:DecodeUtteranceLatticeFaster():decoder-wrappers.cc:375) Log-like per frame for utterance nsc-part2-chn0-spk10183106cnm-031061528 is 1.76386 over 156 frames.
nsc-part2-chn0-spk10183106cnm-031061582 jalan-boon-lay seletar called and ministry of manpower 
LOG (nnet3-latgen-faster[5.5.671~1-e5a5a]:DecodeUtteranceLatticeFaster():decoder-wrappers.cc:375) Log-like per frame for utterance nsc-part2-chn0-spk10183106cnm-031061582 is 2.28379 over 141 frames.
nsc-part2-chn0-spk10183106cnm-031061584 happy hotel spring kim-tian place and the flow 
LOG (nnet3-latgen-faster[5.5.671~1-e5a5a]:DecodeUtteranceLatticeFaster():decoder-wrappers.cc:375) Log-like per frame for utterance nsc-part2-chn0-spk10183106cnm-031061584 is 2.13208 over 122 frames.
nsc-part2-chn0-spk10183106cnm-031061716 kampung bahru human 真 place at orchard park secondary school 
LOG (nnet3-latgen-faster[5.5.671~1-e5a5a]:DecodeUtteranceLatticeFaster():decoder-wrappers.cc:375) Log-like per frame for utterance nsc-part2-chn0-spk10183106cnm-031061716 is 1.93768 over 149 frames.
nsc-part2-chn0-spk10183106cnm-031061742 penang road bukit-timah neighbourhood police centre and silver you on this 
LOG (nnet3-latgen-faster[5.5.671~1-e5a5a]:DecodeUtteranceLatticeFaster():decoder-wrappers.cc:375) Log-like per frame for utterance nsc-part2-chn0-spk10183106cnm-031061742 is 2.11802 over 163 frames.
nsc-part2-chn0-spk10183106cnm-031061775 naturally any ditch lim chong pang and 中 分 
LOG (nnet3-latgen-faster[5.5.671~1-e5a5a]:DecodeUtteranceLatticeFaster():decoder-wrappers.cc:375) Log-like per frame for utterance nsc-part2-chn0-spk10183106cnm-031061775 is 1.76244 over 168 frames.
nsc-part2-chn0-spk10183106cnm-031061882 kampung kaya road registry of money-lender and prawn focus at taman-jurong shopping centre 
LOG (nnet3-latgen-faster[5.5.671~1-e5a5a]:DecodeUtteranceLatticeFaster():decoder-wrappers.cc:375) Log-like per frame for utterance nsc-part2-chn0-spk10183106cnm-031061882 is 1.98917 over 237 frames.
nsc-part2-chn0-spk10213110inm-031100057 can you recommend me a restaurant near upper aljunied link 
LOG (nnet3-latgen-faster[5.5.671~1-e5a5a]:DecodeUtteranceLatticeFaster():decoder-wrappers.cc:375) Log-like per frame for utterance nsc-part2-chn0-spk10213110inm-031100057 is 2.19262 over 157 frames.
nsc-part2-chn0-spk10213110inm-031100085 marsiling industrial estate 
LOG (nnet3-latgen-faster[5.5.671~1-e5a5a]:DecodeUtteranceLatticeFaster():decoder-wrappers.cc:375) Log-like per frame for utterance nsc-part2-chn0-spk10213110inm-031100085 is 2.22281 over 81 frames.
nsc-part2-chn0-spk10213110inm-031100102 it's about fifty eight minutes walk to bedok point 
LOG (nnet3-latgen-faster[5.5.671~1-e5a5a]:DecodeUtteranceLatticeFaster():decoder-wrappers.cc:375) Log-like per frame for utterance nsc-part2-chn0-spk10213110inm-031100102 is 2.25542 over 150 frames.
nsc-part2-chn0-spk10213110inm-031100144 hotel extended 新 do work and sembawang terminal road page 
LOG (nnet3-latgen-faster[5.5.671~1-e5a5a]:DecodeUtteranceLatticeFaster():decoder-wrappers.cc:375) Log-like per frame for utterance nsc-part2-chn0-spk10213110inm-031100144 is 1.99309 over 196 frames.
nsc-part2-chn0-spk10213110inm-031100149 i am meeting travelling at bukit batok crescent first 
LOG (nnet3-latgen-faster[5.5.671~1-e5a5a]:DecodeUtteranceLatticeFaster():decoder-wrappers.cc:375) Log-like per frame for utterance nsc-part2-chn0-spk10213110inm-031100149 is 2.29321 over 147 frames.
nsc-part2-chn0-spk10213110inm-031100166 what are the landmarks near geylang square 
LOG (nnet3-latgen-faster[5.5.671~1-e5a5a]:DecodeUtteranceLatticeFaster():decoder-wrappers.cc:375) Log-like per frame for utterance nsc-part2-chn0-spk10213110inm-031100166 is 2.39673 over 103 frames.
nsc-part2-chn0-spk10213110inm-031100170 老 花光 robert lim chong pang and mobile dan 
LOG (nnet3-latgen-faster[5.5.671~1-e5a5a]:DecodeUtteranceLatticeFaster():decoder-wrappers.cc:375) Log-like per frame for utterance nsc-part2-chn0-spk10213110inm-031100170 is 1.71141 over 182 frames.
nsc-part2-chn0-spk10213110inm-031100176 woodlands galaxy community club seletar his dry and ho-ching-road 
LOG (nnet3-latgen-faster[5.5.671~1-e5a5a]:DecodeUtteranceLatticeFaster():decoder-wrappers.cc:375) Log-like per frame for utterance nsc-part2-chn0-spk10213110inm-031100176 is 1.98377 over 197 frames.
nsc-part2-chn0-spk10213110inm-031100187 kuih lapis roasted crispy spring chicken and old 家 kueh 
LOG (nnet3-latgen-faster[5.5.671~1-e5a5a]:DecodeUtteranceLatticeFaster():decoder-wrappers.cc:375) Log-like per frame for utterance nsc-part2-chn0-spk10213110inm-031100187 is 1.86422 over 204 frames.
nsc-part2-chn0-spk10213110inm-031100197 what is the cheapest way to kampung couple road 
LOG (nnet3-latgen-faster[5.5.671~1-e5a5a]:DecodeUtteranceLatticeFaster():decoder-wrappers.cc:375) Log-like per frame for utterance nsc-part2-chn0-spk10213110inm-031100197 is 2.2133 over 107 frames.
nsc-part2-chn0-spk10213110inm-031100298 daryl is dropping me off at taman-jurong but 
LOG (nnet3-latgen-faster[5.5.671~1-e5a5a]:DecodeUtteranceLatticeFaster():decoder-wrappers.cc:375) Log-like per frame for utterance nsc-part2-chn0-spk10213110inm-031100298 is 2.11815 over 127 frames.
nsc-part2-chn0-spk10213110inm-031100312 florence road bukit timah avenue and robert v children way 
LOG (nnet3-latgen-faster[5.5.671~1-e5a5a]:DecodeUtteranceLatticeFaster():decoder-wrappers.cc:375) Log-like per frame for utterance nsc-part2-chn0-spk10213110inm-031100312 is 2.00912 over 161 frames.
nsc-part2-chn0-spk10213110inm-031100407 do you know where is kampung bugis 
LOG (nnet3-latgen-faster[5.5.671~1-e5a5a]:DecodeUtteranceLatticeFaster():decoder-wrappers.cc:375) Log-like per frame for utterance nsc-part2-chn0-spk10213110inm-031100407 is 2.16533 over 93 frames.
nsc-part2-chn0-spk10213110inm-031100418 sembawang got of wealth temple jalan khairuddin and what time estate road 
LOG (nnet3-latgen-faster[5.5.671~1-e5a5a]:DecodeUtteranceLatticeFaster():decoder-wrappers.cc:375) Log-like per frame for utterance nsc-part2-chn0-spk10213110inm-031100418 is 2.04116 over 210 frames.
nsc-part2-chn0-spk10213110inm-031100434 <unk> take bus route the pan pacific quarter and ulu sembawang 
LOG (nnet3-latgen-faster[5.5.671~1-e5a5a]:DecodeUtteranceLatticeFaster():decoder-wrappers.cc:375) Log-like per frame for utterance nsc-part2-chn0-spk10213110inm-031100434 is 1.99776 over 176 frames.
nsc-part2-chn0-spk10213110inm-031101716 <unk> civil to the temple victoria park road and bedok-north 
LOG (nnet3-latgen-faster[5.5.671~1-e5a5a]:DecodeUtteranceLatticeFaster():decoder-wrappers.cc:375) Log-like per frame for utterance nsc-part2-chn0-spk10213110inm-031101716 is 1.92455 over 184 frames.
nsc-part2-chn0-spk10223111inf-031110123 saint james 包 station gallop rude and jalan simpang bedok 
LOG (nnet3-latgen-faster[5.5.671~1-e5a5a]:DecodeUtteranceLatticeFaster():decoder-wrappers.cc:375) Log-like per frame for utterance nsc-part2-chn0-spk10223111inf-031110123 is 1.88606 over 193 frames.
nsc-part2-chn0-spk10223111inf-031110148 can i take a bus to kampung would be industrial estate 
LOG (nnet3-latgen-faster[5.5.671~1-e5a5a]:DecodeUtteranceLatticeFaster():decoder-wrappers.cc:375) Log-like per frame for utterance nsc-part2-chn0-spk10223111inf-031110148 is 2.14415 over 166 frames.
nsc-part2-chn0-spk10223111inf-031110176 chin swee tunnel your place sembawang terminal road h 
LOG (nnet3-latgen-faster[5.5.671~1-e5a5a]:DecodeUtteranceLatticeFaster():decoder-wrappers.cc:375) Log-like per frame for utterance nsc-part2-chn0-spk10223111inf-031110176 is 1.97286 over 188 frames.
nsc-part2-chn0-spk10223111inf-031110181 how far is chong pang combine temple from here 
LOG (nnet3-latgen-faster[5.5.671~1-e5a5a]:DecodeUtteranceLatticeFaster():decoder-wrappers.cc:375) Log-like per frame for utterance nsc-part2-chn0-spk10223111inf-031110181 is 2.04341 over 155 frames.
nsc-part2-chn0-spk10223111inf-031110201 show me the way to status settled station road 
LOG (nnet3-latgen-faster[5.5.671~1-e5a5a]:DecodeUtteranceLatticeFaster():decoder-wrappers.cc:375) Log-like per frame for utterance nsc-part2-chn0-spk10223111inf-031110201 is 1.85443 over 143 frames.
nsc-part2-chn0-spk10223111inf-031110232 please look for <unk> when you reach bukit-batok west 
LOG (nnet3-latgen-faster[5.5.671~1-e5a5a]:DecodeUtteranceLatticeFaster():decoder-wrappers.cc:375) Log-like per frame for utterance nsc-part2-chn0-spk10223111inf-031110232 is 1.90282 over 209 frames.
nsc-part2-chn0-spk10223111inf-031110247 china street originate industrial estate and singapore examinations and assessment board 
LOG (nnet3-latgen-faster[5.5.671~1-e5a5a]:DecodeUtteranceLatticeFaster():decoder-wrappers.cc:375) Log-like per frame for utterance nsc-part2-chn0-spk10223111inf-031110247 is 2.31574 over 258 frames.
nsc-part2-chn0-spk10223111inf-031110302 international students support centre lorong one geylang and geylang welcome 
LOG (nnet3-latgen-faster[5.5.671~1-e5a5a]:DecodeUtteranceLatticeFaster():decoder-wrappers.cc:375) Log-like per frame for utterance nsc-part2-chn0-spk10223111inf-031110302 is 2.30114 over 221 frames.
nsc-part2-chn0-spk10223111inf-031110325 marina country club jalan kaki running and taman-jurong shopping centre 
LOG (nnet3-latgen-faster[5.5.671~1-e5a5a]:DecodeUtteranceLatticeFaster():decoder-wrappers.cc:375) Log-like per frame for utterance nsc-part2-chn0-spk10223111inf-031110325 is 2.16069 over 223 frames.
nsc-part2-chn0-spk10223111inf-031110442 can you recommend me a restaurant near marsiling crescent 
LOG (nnet3-latgen-faster[5.5.671~1-e5a5a]:DecodeUtteranceLatticeFaster():decoder-wrappers.cc:375) Log-like per frame for utterance nsc-part2-chn0-spk10223111inf-031110442 is 2.41013 over 173 frames.
nsc-part2-chn0-spk10223111inf-031111455 <unk> show me the way to east spring 
LOG (nnet3-latgen-faster[5.5.671~1-e5a5a]:DecodeUtteranceLatticeFaster():decoder-wrappers.cc:375) Log-like per frame for utterance nsc-part2-chn0-spk10223111inf-031111455 is 2.03677 over 137 frames.
nsc-part2-chn0-spk10223111inf-031111505 can you recommend me a restaurant near kampung um but 
LOG (nnet3-latgen-faster[5.5.671~1-e5a5a]:DecodeUtteranceLatticeFaster():decoder-wrappers.cc:375) Log-like per frame for utterance nsc-part2-chn0-spk10223111inf-031111505 is 2.57338 over 132 frames.
nsc-part2-chn0-spk10223111inf-031111528 coney island bedok view sex secondary school and will gun road 
LOG (nnet3-latgen-faster[5.5.671~1-e5a5a]:DecodeUtteranceLatticeFaster():decoder-wrappers.cc:375) Log-like per frame for utterance nsc-part2-chn0-spk10223111inf-031111528 is 1.99804 over 249 frames.
nsc-part2-chn0-spk10223111inf-031111547 bukit timah post office farrer garden so flock road 
LOG (nnet3-latgen-faster[5.5.671~1-e5a5a]:DecodeUtteranceLatticeFaster():decoder-wrappers.cc:375) Log-like per frame for utterance nsc-part2-chn0-spk10223111inf-031111547 is 2.0199 over 206 frames.
nsc-part2-chn0-spk10223111inf-031111699 one george street library at chinatown and jalan dari self in 
LOG (nnet3-latgen-faster[5.5.671~1-e5a5a]:DecodeUtteranceLatticeFaster():decoder-wrappers.cc:375) Log-like per frame for utterance nsc-part2-chn0-spk10223111inf-031111699 is 2.13084 over 175 frames.
nsc-part2-chn0-spk10223111inf-031111756 pasir panjang rude briyani gate two and geylang kampung cantik 
LOG (nnet3-latgen-faster[5.5.671~1-e5a5a]:DecodeUtteranceLatticeFaster():decoder-wrappers.cc:375) Log-like per frame for utterance nsc-part2-chn0-spk10223111inf-031111756 is 1.97203 over 203 frames.
nsc-part2-chn0-spk10233112inf-031120007 three show me the way to aljunied m_r_t station 
LOG (nnet3-latgen-faster[5.5.671~1-e5a5a]:DecodeUtteranceLatticeFaster():decoder-wrappers.cc:375) Log-like per frame for utterance nsc-part2-chn0-spk10233112inf-031120007 is 2.12237 over 119 frames.
nsc-part2-chn0-spk10233112inf-031120029 <unk> is dropping me off at sembawang shopping centre 
LOG (nnet3-latgen-faster[5.5.671~1-e5a5a]:DecodeUtteranceLatticeFaster():decoder-wrappers.cc:375) Log-like per frame for utterance nsc-part2-chn0-spk10233112inf-031120029 is 2.24995 over 126 frames.
nsc-part2-chn0-spk10233112inf-031120057 can you recommend me a restaurant near bukit timah link 
LOG (nnet3-latgen-faster[5.5.671~1-e5a5a]:DecodeUtteranceLatticeFaster():decoder-wrappers.cc:375) Log-like per frame for utterance nsc-part2-chn0-spk10233112inf-031120057 is 2.45404 over 129 frames.
nsc-part2-chn0-spk10233112inf-031120123 连 音 超 drive sense different school and lowest 雷达 close 
LOG (nnet3-latgen-faster[5.5.671~1-e5a5a]:DecodeUtteranceLatticeFaster():decoder-wrappers.cc:375) Log-like per frame for utterance nsc-part2-chn0-spk10233112inf-031120123 is 1.93827 over 177 frames.
nsc-part2-chn0-spk10233112inf-031120134 delta avenue american college and geylang methodist school 
LOG (nnet3-latgen-faster[5.5.671~1-e5a5a]:DecodeUtteranceLatticeFaster():decoder-wrappers.cc:375) Log-like per frame for utterance nsc-part2-chn0-spk10233112inf-031120134 is 2.42049 over 140 frames.
nsc-part2-chn0-spk10233112inf-031120164 what is the distance to bukit timah bukit batok custom 
LOG (nnet3-latgen-faster[5.5.671~1-e5a5a]:DecodeUtteranceLatticeFaster():decoder-wrappers.cc:375) Log-like per frame for utterance nsc-part2-chn0-spk10233112inf-031120164 is 2.22619 over 170 frames.
nsc-part2-chn0-spk10233112inf-031120186 how long does it take to get to kampung will be neighbourhood police post by today 
LOG (nnet3-latgen-faster[5.5.671~1-e5a5a]:DecodeUtteranceLatticeFaster():decoder-wrappers.cc:375) Log-like per frame for utterance nsc-part2-chn0-spk10233112inf-031120186 is 2.42285 over 200 frames.
nsc-part2-chn0-spk10233112inf-031120212 sony b wrote bedok point and deadpool walk 
LOG (nnet3-latgen-faster[5.5.671~1-e5a5a]:DecodeUtteranceLatticeFaster():decoder-wrappers.cc:375) Log-like per frame for utterance nsc-part2-chn0-spk10233112inf-031120212 is 1.89887 over 110 frames.
nsc-part2-chn0-spk10233112inf-031120268 machine road urbana and taman-jurong 
LOG (nnet3-latgen-faster[5.5.671~1-e5a5a]:DecodeUtteranceLatticeFaster():decoder-wrappers.cc:375) Log-like per frame for utterance nsc-part2-chn0-spk10233112inf-031120268 is 1.90644 over 121 frames.
nsc-part2-chn0-spk10233112inf-031120427 sorry sir park sembawang goal of wealth temple and watson estate road 
LOG (nnet3-latgen-faster[5.5.671~1-e5a5a]:DecodeUtteranceLatticeFaster():decoder-wrappers.cc:375) Log-like per frame for utterance nsc-part2-chn0-spk10233112inf-031120427 is 1.85656 over 174 frames.
nsc-part2-chn0-spk10233112inf-031121490 lim chong pang control and janet lim 
LOG (nnet3-latgen-faster[5.5.671~1-e5a5a]:DecodeUtteranceLatticeFaster():decoder-wrappers.cc:375) Log-like per frame for utterance nsc-part2-chn0-spk10233112inf-031121490 is 1.79953 over 136 frames.
nsc-part2-chn0-spk10233112inf-031121582 bukit batok central nepal link and she <unk> mother <unk> temple 
LOG (nnet3-latgen-faster[5.5.671~1-e5a5a]:DecodeUtteranceLatticeFaster():decoder-wrappers.cc:375) Log-like per frame for utterance nsc-part2-chn0-spk10233112inf-031121582 is 1.79356 over 217 frames.
LOG (apply-cmvn[5.5.671~1-e5a5a]:main():apply-cmvn.cc:81) Copied 65 utterances.
nsc-part2-chn0-spk10233112inf-031121660 chong pang combine temple single crescent and see 山 primary school 
LOG (nnet3-latgen-faster[5.5.671~1-e5a5a]:DecodeUtteranceLatticeFaster():decoder-wrappers.cc:375) Log-like per frame for utterance nsc-part2-chn0-spk10233112inf-031121660 is 2.00058 over 176 frames.
nsc-part2-chn0-spk10233112inf-031121717 张 芳 neighbourhood police post negeri dakka and dark darker and he was like drive 
LOG (nnet3-latgen-faster[5.5.671~1-e5a5a]:DecodeUtteranceLatticeFaster():decoder-wrappers.cc:375) Log-like per frame for utterance nsc-part2-chn0-spk10233112inf-031121717 is 1.79572 over 253 frames.
nsc-part2-chn0-spk10233112inf-031121773 sentosa golf club marsiling industrial estate and tongue thing road 
LOG (nnet3-latgen-faster[5.5.671~1-e5a5a]:DecodeUtteranceLatticeFaster():decoder-wrappers.cc:375) Log-like per frame for utterance nsc-part2-chn0-spk10233112inf-031121773 is 2.24526 over 155 frames.
LOG (nnet3-latgen-faster[5.5.671~1-e5a5a]:main():nnet3-latgen-faster.cc:256) Time taken 207.458s: real-time factor assuming 100 frames/sec is 0.649749
LOG (nnet3-latgen-faster[5.5.671~1-e5a5a]:main():nnet3-latgen-faster.cc:259) Done 65 utterances, failed for 0
LOG (nnet3-latgen-faster[5.5.671~1-e5a5a]:main():nnet3-latgen-faster.cc:261) Overall log-likelihood per frame is 2.06278 over 10643 frames.
LOG (nnet3-latgen-faster[5.5.671~1-e5a5a]:~CachingOptimizingCompiler():nnet-optimize.cc:710) 0.688 seconds taken in nnet3 compilation total (breakdown: 0.523 compilation, 0.0845 optimization, 0 shortcut expansion, 0.0152 checking, 8.82e-05 computing indexes, 0.0657 misc.) + 0 I/O.
LOG (lattice-scale[5.5.671~1-e5a5a]:main():lattice-scale.cc:107) Done 65 lattices.
# Accounting: time=214 threads=1
# Ended (code 0) at Fri Aug 27 13:59:39 +08 2021, elapsed time 214 seconds
