# nnet3-latgen-faster --online-ivectors=scp:/home3/yachao001/home/asr/w2021/offline-hotwords-asr-test-v2-bak-bak-ASR-4/data/ivector-data-imda-part2/ivector_online.scp --online-ivector-period=10 --frame-subsampling-factor=3 --frames-per-chunk=50 --extra-left-context=0 --extra-right-context=0 --extra-left-context-initial=-1 --extra-right-context-final=-1 --minimize=false --max-active=7000 --min-active=200 --beam=15.0 --lattice-beam=8.0 --acoustic-scale=1.0 --allow-partial=true --word-symbol-table=/home3/yachao001/home/asr/w2021/offline-hotwords-asr-test-v2-bak-bak-ASR-4/exp/msf-scdf-cs-june2021-prune/tdnnf-biased/graph_msf_mix_prune/words.txt /home3/yachao001/home/asr/w2021/offline-hotwords-asr-test-v2-bak-bak-ASR-4/exp/msf-scdf-cs-june2021-prune/tdnnf-biased/final.mdl /home3/yachao001/home/asr/w2021/offline-hotwords-asr-test-v2-bak-bak-ASR-4/exp/msf-scdf-cs-june2021-prune/tdnnf-biased/graph_msf_mix_prune/HCLG.fst "ark,s,cs:apply-cmvn --norm-means=false --norm-vars=false --utt2spk=ark:/home3/yachao001/home/asr/w2021/hotword/data/imda-part2/mfcc-hires/split20/13/utt2spk scp:/home3/yachao001/home/asr/w2021/hotword/data/imda-part2/mfcc-hires/split20/13/cmvn.scp scp:/home3/yachao001/home/asr/w2021/hotword/data/imda-part2/mfcc-hires/split20/13/feats.scp ark:- |" "ark:|lattice-scale --acoustic-scale=10.0 ark:- ark:- | gzip -c >/home3/yachao001/home/asr/w2021/offline-hotwords-asr-test-v2-bak-bak-ASR-4/exp/msf-scdf-cs-june2021-prune/tdnnf-biased/decode-data-master/lat.13.gz" 
# Started at Fri Aug 27 13:56:05 +08 2021
#
nnet3-latgen-faster --online-ivectors=scp:/home3/yachao001/home/asr/w2021/offline-hotwords-asr-test-v2-bak-bak-ASR-4/data/ivector-data-imda-part2/ivector_online.scp --online-ivector-period=10 --frame-subsampling-factor=3 --frames-per-chunk=50 --extra-left-context=0 --extra-right-context=0 --extra-left-context-initial=-1 --extra-right-context-final=-1 --minimize=false --max-active=7000 --min-active=200 --beam=15.0 --lattice-beam=8.0 --acoustic-scale=1.0 --allow-partial=true --word-symbol-table=/home3/yachao001/home/asr/w2021/offline-hotwords-asr-test-v2-bak-bak-ASR-4/exp/msf-scdf-cs-june2021-prune/tdnnf-biased/graph_msf_mix_prune/words.txt /home3/yachao001/home/asr/w2021/offline-hotwords-asr-test-v2-bak-bak-ASR-4/exp/msf-scdf-cs-june2021-prune/tdnnf-biased/final.mdl /home3/yachao001/home/asr/w2021/offline-hotwords-asr-test-v2-bak-bak-ASR-4/exp/msf-scdf-cs-june2021-prune/tdnnf-biased/graph_msf_mix_prune/HCLG.fst 'ark,s,cs:apply-cmvn --norm-means=false --norm-vars=false --utt2spk=ark:/home3/yachao001/home/asr/w2021/hotword/data/imda-part2/mfcc-hires/split20/13/utt2spk scp:/home3/yachao001/home/asr/w2021/hotword/data/imda-part2/mfcc-hires/split20/13/cmvn.scp scp:/home3/yachao001/home/asr/w2021/hotword/data/imda-part2/mfcc-hires/split20/13/feats.scp ark:- |' 'ark:|lattice-scale --acoustic-scale=10.0 ark:- ark:- | gzip -c >/home3/yachao001/home/asr/w2021/offline-hotwords-asr-test-v2-bak-bak-ASR-4/exp/msf-scdf-cs-june2021-prune/tdnnf-biased/decode-data-master/lat.13.gz' 
LOG (nnet3-latgen-faster[5.5.671~1-e5a5a]:RemoveOrphanNodes():nnet-nnet.cc:948) Removed 1 orphan nodes.
LOG (nnet3-latgen-faster[5.5.671~1-e5a5a]:RemoveOrphanComponents():nnet-nnet.cc:847) Removing 2 orphan components.
LOG (nnet3-latgen-faster[5.5.671~1-e5a5a]:Collapse():nnet-utils.cc:1472) Added 1 components, removed 2
lattice-scale --acoustic-scale=10.0 ark:- ark:- 
apply-cmvn --norm-means=false --norm-vars=false --utt2spk=ark:/home3/yachao001/home/asr/w2021/hotword/data/imda-part2/mfcc-hires/split20/13/utt2spk scp:/home3/yachao001/home/asr/w2021/hotword/data/imda-part2/mfcc-hires/split20/13/cmvn.scp scp:/home3/yachao001/home/asr/w2021/hotword/data/imda-part2/mfcc-hires/split20/13/feats.scp ark:- 
LOG (nnet3-latgen-faster[5.5.671~1-e5a5a]:CheckAndFixConfigs():nnet-am-decodable-simple.cc:294) Increasing --frames-per-chunk from 50 to 51 to make it a multiple of --frame-subsampling-factor=3
nsc-part2-chn0-spk09813157cnm-031570003 do you know how to cook roasted crispy spring chicken 
LOG (nnet3-latgen-faster[5.5.671~1-e5a5a]:DecodeUtteranceLatticeFaster():decoder-wrappers.cc:375) Log-like per frame for utterance nsc-part2-chn0-spk09813157cnm-031570003 is 2.11945 over 179 frames.
nsc-part2-chn0-spk09813157cnm-031570057 can you recommend me a restaurant near taman-jurong shopping centre 
LOG (nnet3-latgen-faster[5.5.671~1-e5a5a]:DecodeUtteranceLatticeFaster():decoder-wrappers.cc:375) Log-like per frame for utterance nsc-part2-chn0-spk09813157cnm-031570057 is 2.40903 over 167 frames.
nsc-part2-chn0-spk09813157cnm-031570063 find the fastest way to sembawang terminal road h 
LOG (nnet3-latgen-faster[5.5.671~1-e5a5a]:DecodeUtteranceLatticeFaster():decoder-wrappers.cc:375) Log-like per frame for utterance nsc-part2-chn0-spk09813157cnm-031570063 is 2.12968 over 148 frames.
nsc-part2-chn0-spk09813157cnm-031570134 convenient community methodist church income road and jalan simpang bedok 
LOG (nnet3-latgen-faster[5.5.671~1-e5a5a]:DecodeUtteranceLatticeFaster():decoder-wrappers.cc:375) Log-like per frame for utterance nsc-part2-chn0-spk09813157cnm-031570134 is 2.13232 over 178 frames.
nsc-part2-chn0-spk09813157cnm-031570136 bukit batok hostel eng neo avenue absolute scheme 
LOG (nnet3-latgen-faster[5.5.671~1-e5a5a]:DecodeUtteranceLatticeFaster():decoder-wrappers.cc:375) Log-like per frame for utterance nsc-part2-chn0-spk09813157cnm-031570136 is 2.1013 over 144 frames.
nsc-part2-chn0-spk09813157cnm-031570242 tai-seng christian church seletar close and harrison road 
LOG (nnet3-latgen-faster[5.5.671~1-e5a5a]:DecodeUtteranceLatticeFaster():decoder-wrappers.cc:375) Log-like per frame for utterance nsc-part2-chn0-spk09813157cnm-031570242 is 2.13338 over 146 frames.
nsc-part2-chn0-spk09813157cnm-031570247 并 sunrise upper uh do you need link and elias park avenue 
LOG (nnet3-latgen-faster[5.5.671~1-e5a5a]:DecodeUtteranceLatticeFaster():decoder-wrappers.cc:375) Log-like per frame for utterance nsc-part2-chn0-spk09813157cnm-031570247 is 1.98889 over 159 frames.
nsc-part2-chn0-spk09813157cnm-031570251 chrystal road dota drive and geylang east avenue 
LOG (nnet3-latgen-faster[5.5.671~1-e5a5a]:DecodeUtteranceLatticeFaster():decoder-wrappers.cc:375) Log-like per frame for utterance nsc-part2-chn0-spk09813157cnm-031570251 is 2.18543 over 129 frames.
nsc-part2-chn0-spk09813157cnm-031570299 suntec city bukit-timah shopping centre and north vista primary school 
LOG (nnet3-latgen-faster[5.5.671~1-e5a5a]:DecodeUtteranceLatticeFaster():decoder-wrappers.cc:375) Log-like per frame for utterance nsc-part2-chn0-spk09813157cnm-031570299 is 2.27357 over 185 frames.
nsc-part2-chn0-spk09813157cnm-031570313 chinatown point post office 零 ah 并 road and duration association of singapore 
LOG (nnet3-latgen-faster[5.5.671~1-e5a5a]:DecodeUtteranceLatticeFaster():decoder-wrappers.cc:375) Log-like per frame for utterance nsc-part2-chn0-spk09813157cnm-031570313 is 2.24775 over 208 frames.
nsc-part2-chn0-spk09813157cnm-031570427 charge 穿 road aljunied avenue five and sports singapore 
LOG (nnet3-latgen-faster[5.5.671~1-e5a5a]:DecodeUtteranceLatticeFaster():decoder-wrappers.cc:375) Log-like per frame for utterance nsc-part2-chn0-spk09813157cnm-031570427 is 2.02891 over 139 frames.
nsc-part2-chn0-spk09813157cnm-031571521 insta spring and a c s 
LOG (nnet3-latgen-faster[5.5.671~1-e5a5a]:DecodeUtteranceLatticeFaster():decoder-wrappers.cc:375) Log-like per frame for utterance nsc-part2-chn0-spk09813157cnm-031571521 is 1.79751 over 96 frames.
nsc-part2-chn0-spk09813157cnm-031571568 singapore's marines club 
LOG (nnet3-latgen-faster[5.5.671~1-e5a5a]:DecodeUtteranceLatticeFaster():decoder-wrappers.cc:375) Log-like per frame for utterance nsc-part2-chn0-spk09813157cnm-031571568 is 2.026 over 84 frames.
nsc-part2-chn0-spk09813157cnm-031571582 tahan road marsiling m_r_t station and kim seng road 
LOG (nnet3-latgen-faster[5.5.671~1-e5a5a]:DecodeUtteranceLatticeFaster():decoder-wrappers.cc:375) Log-like per frame for utterance nsc-part2-chn0-spk09813157cnm-031571582 is 2.1328 over 138 frames.
nsc-part2-chn0-spk09813157cnm-031571716 bukit-batok east gambia walk and dog road is 
LOG (nnet3-latgen-faster[5.5.671~1-e5a5a]:DecodeUtteranceLatticeFaster():decoder-wrappers.cc:375) Log-like per frame for utterance nsc-part2-chn0-spk09813157cnm-031571716 is 1.95392 over 132 frames.
nsc-part2-chn0-spk09813157cnm-031571738 admin 称 return zahara and lee chong pang 
LOG (nnet3-latgen-faster[5.5.671~1-e5a5a]:DecodeUtteranceLatticeFaster():decoder-wrappers.cc:375) Log-like per frame for utterance nsc-part2-chn0-spk09813157cnm-031571738 is 1.80387 over 118 frames.
nsc-part2-chn0-spk09813157cnm-031571750 seletar south road puchong primary school and city backpackers 
LOG (nnet3-latgen-faster[5.5.671~1-e5a5a]:DecodeUtteranceLatticeFaster():decoder-wrappers.cc:375) Log-like per frame for utterance nsc-part2-chn0-spk09813157cnm-031571750 is 1.98383 over 158 frames.
nsc-part2-chn0-spk09813157cnm-031571832 bukit-batok east harbourfront m_r_t station and office road 
LOG (nnet3-latgen-faster[5.5.671~1-e5a5a]:DecodeUtteranceLatticeFaster():decoder-wrappers.cc:375) Log-like per frame for utterance nsc-part2-chn0-spk09813157cnm-031571832 is 2.38034 over 147 frames.
nsc-part2-chn0-spk09823158cnm-031580016 how long will it take to walk to marsiling m_r_t station 
LOG (nnet3-latgen-faster[5.5.671~1-e5a5a]:DecodeUtteranceLatticeFaster():decoder-wrappers.cc:375) Log-like per frame for utterance nsc-part2-chn0-spk09823158cnm-031580016 is 2.18439 over 145 frames.
nsc-part2-chn0-spk09823158cnm-031580024 bukit-batok east avenue singapore khalsa association and east coast avenue 
LOG (nnet3-latgen-faster[5.5.671~1-e5a5a]:DecodeUtteranceLatticeFaster():decoder-wrappers.cc:375) Log-like per frame for utterance nsc-part2-chn0-spk09823158cnm-031580024 is 2.16562 over 224 frames.
nsc-part2-chn0-spk09823158cnm-031580030 geylang lorong eight 
LOG (nnet3-latgen-faster[5.5.671~1-e5a5a]:DecodeUtteranceLatticeFaster():decoder-wrappers.cc:375) Log-like per frame for utterance nsc-part2-chn0-spk09823158cnm-031580030 is 1.96184 over 82 frames.
nsc-part2-chn0-spk09823158cnm-031580060 please tell me how to get to taman bedok 
LOG (nnet3-latgen-faster[5.5.671~1-e5a5a]:DecodeUtteranceLatticeFaster():decoder-wrappers.cc:375) Log-like per frame for utterance nsc-part2-chn0-spk09823158cnm-031580060 is 2.12379 over 134 frames.
nsc-part2-chn0-spk09823158cnm-031580170 有 文书 j_m suddenly 很 lim chong-pang 
LOG (nnet3-latgen-faster[5.5.671~1-e5a5a]:DecodeUtteranceLatticeFaster():decoder-wrappers.cc:375) Log-like per frame for utterance nsc-part2-chn0-spk09823158cnm-031580170 is 1.67897 over 154 frames.
nsc-part2-chn0-spk09823158cnm-031580187 button 男 ayam penyet and roasted crispy spring chicken 
LOG (nnet3-latgen-faster[5.5.671~1-e5a5a]:DecodeUtteranceLatticeFaster():decoder-wrappers.cc:375) Log-like per frame for utterance nsc-part2-chn0-spk09823158cnm-031580187 is 1.9878 over 219 frames.
nsc-part2-chn0-spk09823158cnm-031580191 please look for freedom when you reach kampung kan bayan 
LOG (nnet3-latgen-faster[5.5.671~1-e5a5a]:DecodeUtteranceLatticeFaster():decoder-wrappers.cc:375) Log-like per frame for utterance nsc-part2-chn0-spk09823158cnm-031580191 is 1.93717 over 157 frames.
nsc-part2-chn0-spk09823158cnm-031580196 i am meeting cecilia at seletar east farmway first 
LOG (nnet3-latgen-faster[5.5.671~1-e5a5a]:DecodeUtteranceLatticeFaster():decoder-wrappers.cc:375) Log-like per frame for utterance nsc-part2-chn0-spk09823158cnm-031580196 is 1.8317 over 175 frames.
nsc-part2-chn0-spk09823158cnm-031580212 tamarind road arjuna avenue five and 过 avenue 
LOG (nnet3-latgen-faster[5.5.671~1-e5a5a]:DecodeUtteranceLatticeFaster():decoder-wrappers.cc:375) Log-like per frame for utterance nsc-part2-chn0-spk09823158cnm-031580212 is 2.03603 over 177 frames.
nsc-part2-chn0-spk09823158cnm-031580296 sambal wang terminal avenue three 
LOG (nnet3-latgen-faster[5.5.671~1-e5a5a]:DecodeUtteranceLatticeFaster():decoder-wrappers.cc:375) Log-like per frame for utterance nsc-part2-chn0-spk09823158cnm-031580296 is 2.03383 over 109 frames.
nsc-part2-chn0-spk09823158cnm-031580313 没 还 drive bukit timah post office and jalan tan tock seng 
LOG (nnet3-latgen-faster[5.5.671~1-e5a5a]:DecodeUtteranceLatticeFaster():decoder-wrappers.cc:375) Log-like per frame for utterance nsc-part2-chn0-spk09823158cnm-031580313 is 1.99938 over 186 frames.
nsc-part2-chn0-spk09823158cnm-031580410 i'm waiting for 你 come to come back from west spring 
LOG (nnet3-latgen-faster[5.5.671~1-e5a5a]:DecodeUtteranceLatticeFaster():decoder-wrappers.cc:375) Log-like per frame for utterance nsc-part2-chn0-spk09823158cnm-031580410 is 2.03866 over 158 frames.
nsc-part2-chn0-spk09823158cnm-031580445 <unk> avenue five 分 view primary school and beauty road 
LOG (nnet3-latgen-faster[5.5.671~1-e5a5a]:DecodeUtteranceLatticeFaster():decoder-wrappers.cc:375) Log-like per frame for utterance nsc-part2-chn0-spk09823158cnm-031580445 is 2.01378 over 180 frames.
nsc-part2-chn0-spk09823158cnm-031581464 how long will it take to walk to kampung empat 
LOG (nnet3-latgen-faster[5.5.671~1-e5a5a]:DecodeUtteranceLatticeFaster():decoder-wrappers.cc:375) Log-like per frame for utterance nsc-part2-chn0-spk09823158cnm-031581464 is 2.0987 over 115 frames.
nsc-part2-chn0-spk09823158cnm-031581624 <unk> avenue two now me hotel and suddenly industrial park 
LOG (nnet3-latgen-faster[5.5.671~1-e5a5a]:DecodeUtteranceLatticeFaster():decoder-wrappers.cc:375) Log-like per frame for utterance nsc-part2-chn0-spk09823158cnm-031581624 is 2.02615 over 196 frames.
nsc-part2-chn0-spk09823158cnm-031581764 李辉 chain cuisine a journey and green 正 
LOG (nnet3-latgen-faster[5.5.671~1-e5a5a]:DecodeUtteranceLatticeFaster():decoder-wrappers.cc:375) Log-like per frame for utterance nsc-part2-chn0-spk09823158cnm-031581764 is 1.73164 over 155 frames.
nsc-part2-chn0-spk09823158cnm-031581838 kampung bahru road 
LOG (nnet3-latgen-faster[5.5.671~1-e5a5a]:DecodeUtteranceLatticeFaster():decoder-wrappers.cc:375) Log-like per frame for utterance nsc-part2-chn0-spk09823158cnm-031581838 is 2.15291 over 74 frames.
nsc-part2-chn0-spk09823158cnm-031581866 marketing institute of singapore seletar south road and harmony street 
LOG (nnet3-latgen-faster[5.5.671~1-e5a5a]:DecodeUtteranceLatticeFaster():decoder-wrappers.cc:375) Log-like per frame for utterance nsc-part2-chn0-spk09823158cnm-031581866 is 2.1954 over 200 frames.
nsc-part2-chn0-spk09823158cnm-031581893 my favourite church <unk> street and lorong one geylang 
LOG (nnet3-latgen-faster[5.5.671~1-e5a5a]:DecodeUtteranceLatticeFaster():decoder-wrappers.cc:375) Log-like per frame for utterance nsc-part2-chn0-spk09823158cnm-031581893 is 1.96824 over 149 frames.
nsc-part2-chn0-spk09862996cnf-029960032 非 methodist church face century garden avenue and bukit batok nature park 
LOG (nnet3-latgen-faster[5.5.671~1-e5a5a]:DecodeUtteranceLatticeFaster():decoder-wrappers.cc:375) Log-like per frame for utterance nsc-part2-chn0-spk09862996cnf-029960032 is 1.95908 over 245 frames.
nsc-part2-chn0-spk09862996cnf-029960080 kampung empat industrial estate steering walk and com centre 
LOG (nnet3-latgen-faster[5.5.671~1-e5a5a]:DecodeUtteranceLatticeFaster():decoder-wrappers.cc:375) Log-like per frame for utterance nsc-part2-chn0-spk09862996cnf-029960080 is 1.98114 over 224 frames.
nsc-part2-chn0-spk09862996cnf-029960087 your place where spring and army starbucks building 
LOG (nnet3-latgen-faster[5.5.671~1-e5a5a]:DecodeUtteranceLatticeFaster():decoder-wrappers.cc:375) Log-like per frame for utterance nsc-part2-chn0-spk09862996cnf-029960087 is 1.94555 over 194 frames.
nsc-part2-chn0-spk09862996cnf-029960134 bedok anchorvale crescent and pasir-ris farmway 
LOG (nnet3-latgen-faster[5.5.671~1-e5a5a]:DecodeUtteranceLatticeFaster():decoder-wrappers.cc:375) Log-like per frame for utterance nsc-part2-chn0-spk09862996cnf-029960134 is 2.02669 over 163 frames.
nsc-part2-chn0-spk09862996cnf-029960225 ulu sembawang 
LOG (nnet3-latgen-faster[5.5.671~1-e5a5a]:DecodeUtteranceLatticeFaster():decoder-wrappers.cc:375) Log-like per frame for utterance nsc-part2-chn0-spk09862996cnf-029960225 is 1.92351 over 70 frames.
nsc-part2-chn0-spk09862996cnf-029960251 chinatown boy c life street and tebing lane 
LOG (nnet3-latgen-faster[5.5.671~1-e5a5a]:DecodeUtteranceLatticeFaster():decoder-wrappers.cc:375) Log-like per frame for utterance nsc-part2-chn0-spk09862996cnf-029960251 is 1.70306 over 168 frames.
nsc-part2-chn0-spk09862996cnf-029960258 fourteen centre seletar aerospace and seagull 
LOG (nnet3-latgen-faster[5.5.671~1-e5a5a]:DecodeUtteranceLatticeFaster():decoder-wrappers.cc:375) Log-like per frame for utterance nsc-part2-chn0-spk09862996cnf-029960258 is 1.97708 over 146 frames.
nsc-part2-chn0-spk09862996cnf-029960323 fourth street person no police walk and geylang-bahru parents 
LOG (nnet3-latgen-faster[5.5.671~1-e5a5a]:DecodeUtteranceLatticeFaster():decoder-wrappers.cc:375) Log-like per frame for utterance nsc-part2-chn0-spk09862996cnf-029960323 is 1.98804 over 170 frames.
nsc-part2-chn0-spk09862996cnf-029960326 what is kampong glam conservancy sports club 
LOG (nnet3-latgen-faster[5.5.671~1-e5a5a]:DecodeUtteranceLatticeFaster():decoder-wrappers.cc:375) Log-like per frame for utterance nsc-part2-chn0-spk09862996cnf-029960326 is 2.072 over 121 frames.
nsc-part2-chn0-spk09862996cnf-029960342 buy the fastest way to madrasah aljunied l islamik school 
LOG (nnet3-latgen-faster[5.5.671~1-e5a5a]:DecodeUtteranceLatticeFaster():decoder-wrappers.cc:375) Log-like per frame for utterance nsc-part2-chn0-spk09862996cnf-029960342 is 1.98789 over 192 frames.
nsc-part2-chn0-spk09862996cnf-029960423 which one should i take to bukit timah expressway 
LOG (nnet3-latgen-faster[5.5.671~1-e5a5a]:DecodeUtteranceLatticeFaster():decoder-wrappers.cc:375) Log-like per frame for utterance nsc-part2-chn0-spk09862996cnf-029960423 is 2.21655 over 105 frames.
nsc-part2-chn0-spk09862996cnf-029960436 take why shopping centre carbon will be driving test centre and 宝 疯 temper 
LOG (nnet3-latgen-faster[5.5.671~1-e5a5a]:DecodeUtteranceLatticeFaster():decoder-wrappers.cc:375) Log-like per frame for utterance nsc-part2-chn0-spk09862996cnf-029960436 is 2.0897 over 185 frames.
nsc-part2-chn0-spk09862996cnf-029961519 so that's the fastest way to kampung walk her son 
LOG (nnet3-latgen-faster[5.5.671~1-e5a5a]:DecodeUtteranceLatticeFaster():decoder-wrappers.cc:375) Log-like per frame for utterance nsc-part2-chn0-spk09862996cnf-029961519 is 1.92591 over 117 frames.
nsc-part2-chn0-spk09862996cnf-029961600 emcee spring n u s 
LOG (nnet3-latgen-faster[5.5.671~1-e5a5a]:DecodeUtteranceLatticeFaster():decoder-wrappers.cc:375) Log-like per frame for utterance nsc-part2-chn0-spk09862996cnf-029961600 is 1.93263 over 121 frames.
nsc-part2-chn0-spk09862996cnf-029961621 kini wrote jalan withdraw and simpang bedok 
LOG (nnet3-latgen-faster[5.5.671~1-e5a5a]:DecodeUtteranceLatticeFaster():decoder-wrappers.cc:375) Log-like per frame for utterance nsc-part2-chn0-spk09862996cnf-029961621 is 1.90596 over 133 frames.
nsc-part2-chn0-spk09862996cnf-029961660 kerana army would needs close at marsiling road 
LOG (nnet3-latgen-faster[5.5.671~1-e5a5a]:DecodeUtteranceLatticeFaster():decoder-wrappers.cc:375) Log-like per frame for utterance nsc-part2-chn0-spk09862996cnf-029961660 is 1.98867 over 123 frames.
nsc-part2-chn0-spk09873072inf-030720007 please show me the way the chong pang combine temple 
LOG (nnet3-latgen-faster[5.5.671~1-e5a5a]:DecodeUtteranceLatticeFaster():decoder-wrappers.cc:375) Log-like per frame for utterance nsc-part2-chn0-spk09873072inf-030720007 is 1.91836 over 148 frames.
nsc-part2-chn0-spk09873072inf-030720100 how far away it's geylang square from here 
LOG (nnet3-latgen-faster[5.5.671~1-e5a5a]:DecodeUtteranceLatticeFaster():decoder-wrappers.cc:375) Log-like per frame for utterance nsc-part2-chn0-spk09873072inf-030720100 is 2.11316 over 117 frames.
nsc-part2-chn0-spk09873072inf-030720107 it is faster to take the bus to taman-jurong shopping centre 
LOG (nnet3-latgen-faster[5.5.671~1-e5a5a]:DecodeUtteranceLatticeFaster():decoder-wrappers.cc:375) Log-like per frame for utterance nsc-part2-chn0-spk09873072inf-030720107 is 2.04495 over 147 frames.
nsc-part2-chn0-spk09873072inf-030720115 what is the easiest way to bedok view secondary school 
LOG (nnet3-latgen-faster[5.5.671~1-e5a5a]:DecodeUtteranceLatticeFaster():decoder-wrappers.cc:375) Log-like per frame for utterance nsc-part2-chn0-spk09873072inf-030720115 is 2.1002 over 145 frames.
nsc-part2-chn0-spk09873072inf-030720123 upper paya-lebar road kampung ubi industrial estate an immigration and checkpoints authority 
LOG (nnet3-latgen-faster[5.5.671~1-e5a5a]:DecodeUtteranceLatticeFaster():decoder-wrappers.cc:375) Log-like per frame for utterance nsc-part2-chn0-spk09873072inf-030720123 is 2.21988 over 243 frames.
nsc-part2-chn0-spk09873072inf-030720182 pretty show me the wet 是 little country club 
LOG (nnet3-latgen-faster[5.5.671~1-e5a5a]:DecodeUtteranceLatticeFaster():decoder-wrappers.cc:375) Log-like per frame for utterance nsc-part2-chn0-spk09873072inf-030720182 is 1.80453 over 119 frames.
nsc-part2-chn0-spk09873072inf-030720210 pretty show me the way to jalan ulu sembawang 
LOG (nnet3-latgen-faster[5.5.671~1-e5a5a]:DecodeUtteranceLatticeFaster():decoder-wrappers.cc:375) Log-like per frame for utterance nsc-part2-chn0-spk09873072inf-030720210 is 1.9302 over 127 frames.
nsc-part2-chn0-spk09873072inf-030720252 what is the distance to bukit-batok home for the aged 
LOG (nnet3-latgen-faster[5.5.671~1-e5a5a]:DecodeUtteranceLatticeFaster():decoder-wrappers.cc:375) Log-like per frame for utterance nsc-part2-chn0-spk09873072inf-030720252 is 2.05226 over 137 frames.
nsc-part2-chn0-spk09873072inf-030720268 bukit set up road chinatown hotel and singapore coins and notes museum 
LOG (nnet3-latgen-faster[5.5.671~1-e5a5a]:DecodeUtteranceLatticeFaster():decoder-wrappers.cc:375) Log-like per frame for utterance nsc-part2-chn0-spk09873072inf-030720268 is 2.17321 over 196 frames.
nsc-part2-chn0-spk09873072inf-030720320 show me the wait kampung java 
LOG (nnet3-latgen-faster[5.5.671~1-e5a5a]:DecodeUtteranceLatticeFaster():decoder-wrappers.cc:375) Log-like per frame for utterance nsc-part2-chn0-spk09873072inf-030720320 is 1.78478 over 105 frames.
nsc-part2-chn0-spk09873072inf-030720351 can you recommend me a restaurant near east spring 
LOG (nnet3-latgen-faster[5.5.671~1-e5a5a]:DecodeUtteranceLatticeFaster():decoder-wrappers.cc:375) Log-like per frame for utterance nsc-part2-chn0-spk09873072inf-030720351 is 2.2603 over 128 frames.
nsc-part2-chn0-spk09873072inf-030720437 cai tao kueh role sick crispy spring chicken encourage chicken drumstick 
LOG (nnet3-latgen-faster[5.5.671~1-e5a5a]:DecodeUtteranceLatticeFaster():decoder-wrappers.cc:375) Log-like per frame for utterance nsc-part2-chn0-spk09873072inf-030720437 is 2.18402 over 177 frames.
nsc-part2-chn0-spk09873072inf-030721552 please look for berita when you reach bukit-timah link 
LOG (nnet3-latgen-faster[5.5.671~1-e5a5a]:DecodeUtteranceLatticeFaster():decoder-wrappers.cc:375) Log-like per frame for utterance nsc-part2-chn0-spk09873072inf-030721552 is 2.03655 over 130 frames.
LOG (apply-cmvn[5.5.671~1-e5a5a]:main():apply-cmvn.cc:81) Copied 70 utterances.
nsc-part2-chn0-spk09873072inf-030721559 cleantech view upper aljunied link and jalan wording 
LOG (nnet3-latgen-faster[5.5.671~1-e5a5a]:DecodeUtteranceLatticeFaster():decoder-wrappers.cc:375) Log-like per frame for utterance nsc-part2-chn0-spk09873072inf-030721559 is 1.85481 over 145 frames.
nsc-part2-chn0-spk09873072inf-030721673 marsiling-road 
LOG (nnet3-latgen-faster[5.5.671~1-e5a5a]:DecodeUtteranceLatticeFaster():decoder-wrappers.cc:375) Log-like per frame for utterance nsc-part2-chn0-spk09873072inf-030721673 is 1.98673 over 71 frames.
nsc-part2-chn0-spk09873072inf-030721756 lavender street bedok reservoir annual tulang 
LOG (nnet3-latgen-faster[5.5.671~1-e5a5a]:DecodeUtteranceLatticeFaster():decoder-wrappers.cc:375) Log-like per frame for utterance nsc-part2-chn0-spk09873072inf-030721756 is 2.01505 over 138 frames.
nsc-part2-chn0-spk09873072inf-030721866 播 放 road west blue-star-dormitory and jalan kampung can take 
LOG (nnet3-latgen-faster[5.5.671~1-e5a5a]:DecodeUtteranceLatticeFaster():decoder-wrappers.cc:375) Log-like per frame for utterance nsc-part2-chn0-spk09873072inf-030721866 is 1.92151 over 181 frames.
LOG (nnet3-latgen-faster[5.5.671~1-e5a5a]:main():nnet3-latgen-faster.cc:256) Time taken 216.662s: real-time factor assuming 100 frames/sec is 0.682939
LOG (nnet3-latgen-faster[5.5.671~1-e5a5a]:main():nnet3-latgen-faster.cc:259) Done 70 utterances, failed for 0
LOG (nnet3-latgen-faster[5.5.671~1-e5a5a]:main():nnet3-latgen-faster.cc:261) Overall log-likelihood per frame is 2.0357 over 10575 frames.
LOG (nnet3-latgen-faster[5.5.671~1-e5a5a]:~CachingOptimizingCompiler():nnet-optimize.cc:710) 0.663 seconds taken in nnet3 compilation total (breakdown: 0.493 compilation, 0.113 optimization, 0 shortcut expansion, 0.0179 checking, 0.000113 computing indexes, 0.0393 misc.) + 0 I/O.
LOG (lattice-scale[5.5.671~1-e5a5a]:main():lattice-scale.cc:107) Done 70 lattices.
# Accounting: time=223 threads=1
# Ended (code 0) at Fri Aug 27 13:59:48 +08 2021, elapsed time 223 seconds
