# nnet3-latgen-faster --online-ivectors=scp:/home3/yachao001/home/asr/w2021/offline-hotwords-asr-test-v2-bak-bak-ASR-4/data/ivector-data-imda-part2/ivector_online.scp --online-ivector-period=10 --frame-subsampling-factor=3 --frames-per-chunk=50 --extra-left-context=0 --extra-right-context=0 --extra-left-context-initial=-1 --extra-right-context-final=-1 --minimize=false --max-active=7000 --min-active=200 --beam=15.0 --lattice-beam=8.0 --acoustic-scale=1.0 --allow-partial=true --word-symbol-table=/home3/yachao001/home/asr/w2021/offline-hotwords-asr-test-v2-bak-bak-ASR-4/exp/msf-scdf-cs-june2021-prune/tdnnf-biased/graph_msf_mix_prune/words.txt /home3/yachao001/home/asr/w2021/offline-hotwords-asr-test-v2-bak-bak-ASR-4/exp/msf-scdf-cs-june2021-prune/tdnnf-biased/final.mdl /home3/yachao001/home/asr/w2021/offline-hotwords-asr-test-v2-bak-bak-ASR-4/exp/msf-scdf-cs-june2021-prune/tdnnf-biased/graph_msf_mix_prune/HCLG.fst "ark,s,cs:apply-cmvn --norm-means=false --norm-vars=false --utt2spk=ark:/home3/yachao001/home/asr/w2021/hotword/data/imda-part2/mfcc-hires/split20/16/utt2spk scp:/home3/yachao001/home/asr/w2021/hotword/data/imda-part2/mfcc-hires/split20/16/cmvn.scp scp:/home3/yachao001/home/asr/w2021/hotword/data/imda-part2/mfcc-hires/split20/16/feats.scp ark:- |" "ark:|lattice-scale --acoustic-scale=10.0 ark:- ark:- | gzip -c >/home3/yachao001/home/asr/w2021/offline-hotwords-asr-test-v2-bak-bak-ASR-4/exp/msf-scdf-cs-june2021-prune/tdnnf-biased/decode-data-master/lat.16.gz" 
# Started at Fri Aug 27 13:56:05 +08 2021
#
nnet3-latgen-faster --online-ivectors=scp:/home3/yachao001/home/asr/w2021/offline-hotwords-asr-test-v2-bak-bak-ASR-4/data/ivector-data-imda-part2/ivector_online.scp --online-ivector-period=10 --frame-subsampling-factor=3 --frames-per-chunk=50 --extra-left-context=0 --extra-right-context=0 --extra-left-context-initial=-1 --extra-right-context-final=-1 --minimize=false --max-active=7000 --min-active=200 --beam=15.0 --lattice-beam=8.0 --acoustic-scale=1.0 --allow-partial=true --word-symbol-table=/home3/yachao001/home/asr/w2021/offline-hotwords-asr-test-v2-bak-bak-ASR-4/exp/msf-scdf-cs-june2021-prune/tdnnf-biased/graph_msf_mix_prune/words.txt /home3/yachao001/home/asr/w2021/offline-hotwords-asr-test-v2-bak-bak-ASR-4/exp/msf-scdf-cs-june2021-prune/tdnnf-biased/final.mdl /home3/yachao001/home/asr/w2021/offline-hotwords-asr-test-v2-bak-bak-ASR-4/exp/msf-scdf-cs-june2021-prune/tdnnf-biased/graph_msf_mix_prune/HCLG.fst 'ark,s,cs:apply-cmvn --norm-means=false --norm-vars=false --utt2spk=ark:/home3/yachao001/home/asr/w2021/hotword/data/imda-part2/mfcc-hires/split20/16/utt2spk scp:/home3/yachao001/home/asr/w2021/hotword/data/imda-part2/mfcc-hires/split20/16/cmvn.scp scp:/home3/yachao001/home/asr/w2021/hotword/data/imda-part2/mfcc-hires/split20/16/feats.scp ark:- |' 'ark:|lattice-scale --acoustic-scale=10.0 ark:- ark:- | gzip -c >/home3/yachao001/home/asr/w2021/offline-hotwords-asr-test-v2-bak-bak-ASR-4/exp/msf-scdf-cs-june2021-prune/tdnnf-biased/decode-data-master/lat.16.gz' 
LOG (nnet3-latgen-faster[5.5.671~1-e5a5a]:RemoveOrphanNodes():nnet-nnet.cc:948) Removed 1 orphan nodes.
LOG (nnet3-latgen-faster[5.5.671~1-e5a5a]:RemoveOrphanComponents():nnet-nnet.cc:847) Removing 2 orphan components.
LOG (nnet3-latgen-faster[5.5.671~1-e5a5a]:Collapse():nnet-utils.cc:1472) Added 1 components, removed 2
lattice-scale --acoustic-scale=10.0 ark:- ark:- 
apply-cmvn --norm-means=false --norm-vars=false --utt2spk=ark:/home3/yachao001/home/asr/w2021/hotword/data/imda-part2/mfcc-hires/split20/16/utt2spk scp:/home3/yachao001/home/asr/w2021/hotword/data/imda-part2/mfcc-hires/split20/16/cmvn.scp scp:/home3/yachao001/home/asr/w2021/hotword/data/imda-part2/mfcc-hires/split20/16/feats.scp ark:- 
LOG (nnet3-latgen-faster[5.5.671~1-e5a5a]:CheckAndFixConfigs():nnet-am-decodable-simple.cc:294) Increasing --frames-per-chunk from 50 to 51 to make it a multiple of --frame-subsampling-factor=3
nsc-part2-chn0-spk10083114inm-031140009 how long will it take to walk to jalan-lengkok sembawang 
LOG (nnet3-latgen-faster[5.5.671~1-e5a5a]:DecodeUtteranceLatticeFaster():decoder-wrappers.cc:375) Log-like per frame for utterance nsc-part2-chn0-spk10083114inm-031140009 is 1.94306 over 167 frames.
nsc-part2-chn0-spk10083114inm-031140024 bedok view secondary school clique view growth and parliament house next building 
LOG (nnet3-latgen-faster[5.5.671~1-e5a5a]:DecodeUtteranceLatticeFaster():decoder-wrappers.cc:375) Log-like per frame for utterance nsc-part2-chn0-spk10083114inm-031140024 is 2.12953 over 213 frames.
nsc-part2-chn0-spk10083114inm-031140029 florence is dropping me off at bukit batok hostel 
LOG (nnet3-latgen-faster[5.5.671~1-e5a5a]:DecodeUtteranceLatticeFaster():decoder-wrappers.cc:375) Log-like per frame for utterance nsc-part2-chn0-spk10083114inm-031140029 is 2.24747 over 146 frames.
nsc-part2-chn0-spk10083114inm-031140049 老 你 walk taman-jurong shopping centre and tokyo marine center 
LOG (nnet3-latgen-faster[5.5.671~1-e5a5a]:DecodeUtteranceLatticeFaster():decoder-wrappers.cc:375) Log-like per frame for utterance nsc-part2-chn0-spk10083114inm-031140049 is 2.12311 over 182 frames.
nsc-part2-chn0-spk10083114inm-031140136 tampines 常感 community centre path light school campus to geylang methodist school 
LOG (nnet3-latgen-faster[5.5.671~1-e5a5a]:DecodeUtteranceLatticeFaster():decoder-wrappers.cc:375) Log-like per frame for utterance nsc-part2-chn0-spk10083114inm-031140136 is 2.23102 over 243 frames.
nsc-part2-chn0-spk10083114inm-031140188 how do i get to kampung kembangan neighbourhood police post 
LOG (nnet3-latgen-faster[5.5.671~1-e5a5a]:DecodeUtteranceLatticeFaster():decoder-wrappers.cc:375) Log-like per frame for utterance nsc-part2-chn0-spk10083114inm-031140188 is 2.49402 over 147 frames.
nsc-part2-chn0-spk10083114inm-031140242 the man the mother a library at chinatown and our unit avenue two 
LOG (nnet3-latgen-faster[5.5.671~1-e5a5a]:DecodeUtteranceLatticeFaster():decoder-wrappers.cc:375) Log-like per frame for utterance nsc-part2-chn0-spk10083114inm-031140242 is 2.14721 over 182 frames.
nsc-part2-chn0-spk10083114inm-031140418 chong-pang combine temple neighbourhood christian church and lorong pisang asam 
LOG (nnet3-latgen-faster[5.5.671~1-e5a5a]:DecodeUtteranceLatticeFaster():decoder-wrappers.cc:375) Log-like per frame for utterance nsc-part2-chn0-spk10083114inm-031140418 is 2.11429 over 178 frames.
nsc-part2-chn0-spk10083114inm-031141592 jalan selamat sembawang terminal avenue three and maria bible pressed b t church 
LOG (nnet3-latgen-faster[5.5.671~1-e5a5a]:DecodeUtteranceLatticeFaster():decoder-wrappers.cc:375) Log-like per frame for utterance nsc-part2-chn0-spk10083114inm-031141592 is 2.15624 over 211 frames.
nsc-part2-chn0-spk10083114inm-031141685 george nigel douglas hamilton join me race and lim chong-pang 
LOG (nnet3-latgen-faster[5.5.671~1-e5a5a]:DecodeUtteranceLatticeFaster():decoder-wrappers.cc:375) Log-like per frame for utterance nsc-part2-chn0-spk10083114inm-031141685 is 1.75847 over 193 frames.
nsc-part2-chn0-spk10083114inm-031141706 college of medicine building sembawang drive and pearl's hill 
LOG (nnet3-latgen-faster[5.5.671~1-e5a5a]:DecodeUtteranceLatticeFaster():decoder-wrappers.cc:375) Log-like per frame for utterance nsc-part2-chn0-spk10083114inm-031141706 is 2.19707 over 169 frames.
nsc-part2-chn0-spk10083114inm-031141785 m c y i d a and spring 
LOG (nnet3-latgen-faster[5.5.671~1-e5a5a]:DecodeUtteranceLatticeFaster():decoder-wrappers.cc:375) Log-like per frame for utterance nsc-part2-chn0-spk10083114inm-031141785 is 1.8179 over 129 frames.
nsc-part2-chn0-spk10083114inm-031141874 seafood bee-hoon crayfish bee hoon and roasted crispy spring chicken 
LOG (nnet3-latgen-faster[5.5.671~1-e5a5a]:DecodeUtteranceLatticeFaster():decoder-wrappers.cc:375) Log-like per frame for utterance nsc-part2-chn0-spk10083114inm-031141874 is 2.38468 over 167 frames.
nsc-part2-chn0-spk10083114inm-031141889 <unk> is dropping me off at bukit-batok east 
LOG (nnet3-latgen-faster[5.5.671~1-e5a5a]:DecodeUtteranceLatticeFaster():decoder-wrappers.cc:375) Log-like per frame for utterance nsc-part2-chn0-spk10083114inm-031141889 is 2.15632 over 134 frames.
nsc-part2-chn0-spk10113100cnm-031000013 please tell me how to get to library at chinatown 
LOG (nnet3-latgen-faster[5.5.671~1-e5a5a]:DecodeUtteranceLatticeFaster():decoder-wrappers.cc:375) Log-like per frame for utterance nsc-part2-chn0-spk10113100cnm-031000013 is 2.45741 over 118 frames.
nsc-part2-chn0-spk10113100cnm-031000118 pasir ris town cert hospital avenue and marsiling-road 
LOG (nnet3-latgen-faster[5.5.671~1-e5a5a]:DecodeUtteranceLatticeFaster():decoder-wrappers.cc:375) Log-like per frame for utterance nsc-part2-chn0-spk10113100cnm-031000118 is 2.30276 over 157 frames.
nsc-part2-chn0-spk10113100cnm-031000147 nothing beats having roasted crispy spring chicken in the summer 
LOG (nnet3-latgen-faster[5.5.671~1-e5a5a]:DecodeUtteranceLatticeFaster():decoder-wrappers.cc:375) Log-like per frame for utterance nsc-part2-chn0-spk10113100cnm-031000147 is 2.36901 over 163 frames.
nsc-part2-chn0-spk10113100cnm-031000173 there's a little more grange garden and roses 
LOG (nnet3-latgen-faster[5.5.671~1-e5a5a]:DecodeUtteranceLatticeFaster():decoder-wrappers.cc:375) Log-like per frame for utterance nsc-part2-chn0-spk10113100cnm-031000173 is 2.00392 over 127 frames.
nsc-part2-chn0-spk10113100cnm-031000175 are there food courts or restaurants near kampung kayu road 
LOG (nnet3-latgen-faster[5.5.671~1-e5a5a]:DecodeUtteranceLatticeFaster():decoder-wrappers.cc:375) Log-like per frame for utterance nsc-part2-chn0-spk10113100cnm-031000175 is 2.36653 over 134 frames.
nsc-part2-chn0-spk10113100cnm-031000181 how far away is jalan simpang bedok from here 
LOG (nnet3-latgen-faster[5.5.671~1-e5a5a]:DecodeUtteranceLatticeFaster():decoder-wrappers.cc:375) Log-like per frame for utterance nsc-part2-chn0-spk10113100cnm-031000181 is 2.33266 over 122 frames.
nsc-part2-chn0-spk10113100cnm-031000198 <unk> xiao 穿 gotten after ransom and who say in our juniors 
LOG (nnet3-latgen-faster[5.5.671~1-e5a5a]:DecodeUtteranceLatticeFaster():decoder-wrappers.cc:375) Log-like per frame for utterance nsc-part2-chn0-spk10113100cnm-031000198 is 1.83379 over 189 frames.
nsc-part2-chn0-spk10113100cnm-031000225 jalan-lengkok sembawang 
LOG (nnet3-latgen-faster[5.5.671~1-e5a5a]:DecodeUtteranceLatticeFaster():decoder-wrappers.cc:375) Log-like per frame for utterance nsc-part2-chn0-spk10113100cnm-031000225 is 2.08992 over 90 frames.
nsc-part2-chn0-spk10113100cnm-031000231 i'm waiting for jana to come back from geylang lorong eight 
LOG (nnet3-latgen-faster[5.5.671~1-e5a5a]:DecodeUtteranceLatticeFaster():decoder-wrappers.cc:375) Log-like per frame for utterance nsc-part2-chn0-spk10113100cnm-031000231 is 2.64004 over 129 frames.
nsc-part2-chn0-spk10113100cnm-031000232 please look for ellen when you reach bukit-batok east 
LOG (nnet3-latgen-faster[5.5.671~1-e5a5a]:DecodeUtteranceLatticeFaster():decoder-wrappers.cc:375) Log-like per frame for utterance nsc-part2-chn0-spk10113100cnm-031000232 is 2.39981 over 120 frames.
nsc-part2-chn0-spk10113100cnm-031001547 send paper hotel chong-pang combined temple and jalan setia 
LOG (nnet3-latgen-faster[5.5.671~1-e5a5a]:DecodeUtteranceLatticeFaster():decoder-wrappers.cc:375) Log-like per frame for utterance nsc-part2-chn0-spk10113100cnm-031001547 is 1.99637 over 186 frames.
nsc-part2-chn0-spk10113100cnm-031001552 please look for me ah when you reach bukit timah post office 
LOG (nnet3-latgen-faster[5.5.671~1-e5a5a]:DecodeUtteranceLatticeFaster():decoder-wrappers.cc:375) Log-like per frame for utterance nsc-part2-chn0-spk10113100cnm-031001552 is 2.03643 over 205 frames.
nsc-part2-chn0-spk10113100cnm-031001569 i'm waiting for you to come back from seletar close 
LOG (nnet3-latgen-faster[5.5.671~1-e5a5a]:DecodeUtteranceLatticeFaster():decoder-wrappers.cc:375) Log-like per frame for utterance nsc-part2-chn0-spk10113100cnm-031001569 is 2.30388 over 134 frames.
nsc-part2-chn0-spk10113100cnm-031001768 show me the way to spring street 
LOG (nnet3-latgen-faster[5.5.671~1-e5a5a]:DecodeUtteranceLatticeFaster():decoder-wrappers.cc:375) Log-like per frame for utterance nsc-part2-chn0-spk10113100cnm-031001768 is 2.08591 over 91 frames.
nsc-part2-chn0-spk10123101cnm-031010029 number two is dropping me off at bukit batok west 
LOG (nnet3-latgen-faster[5.5.671~1-e5a5a]:DecodeUtteranceLatticeFaster():decoder-wrappers.cc:375) Log-like per frame for utterance nsc-part2-chn0-spk10123101cnm-031010029 is 2.27071 over 129 frames.
nsc-part2-chn0-spk10123101cnm-031010111 seletar combat skirmish life and pink 三 天 后 temple 
LOG (nnet3-latgen-faster[5.5.671~1-e5a5a]:DecodeUtteranceLatticeFaster():decoder-wrappers.cc:375) Log-like per frame for utterance nsc-part2-chn0-spk10123101cnm-031010111 is 2.02059 over 186 frames.
nsc-part2-chn0-spk10123101cnm-031010123 vivo city in orchard spring lain and medical drive 
LOG (nnet3-latgen-faster[5.5.671~1-e5a5a]:DecodeUtteranceLatticeFaster():decoder-wrappers.cc:375) Log-like per frame for utterance nsc-part2-chn0-spk10123101cnm-031010123 is 2.23902 over 152 frames.
nsc-part2-chn0-spk10123101cnm-031010134 serangoon plaza changi village road and marsiling rise 
LOG (nnet3-latgen-faster[5.5.671~1-e5a5a]:DecodeUtteranceLatticeFaster():decoder-wrappers.cc:375) Log-like per frame for utterance nsc-part2-chn0-spk10123101cnm-031010134 is 2.27391 over 147 frames.
nsc-part2-chn0-spk10123101cnm-031010148 can i take a bus to jalan-lengkok sembawang 
LOG (nnet3-latgen-faster[5.5.671~1-e5a5a]:DecodeUtteranceLatticeFaster():decoder-wrappers.cc:375) Log-like per frame for utterance nsc-part2-chn0-spk10123101cnm-031010148 is 2.33918 over 103 frames.
nsc-part2-chn0-spk10123101cnm-031010162 jalan tanjong pantai hotel and geylang square 
LOG (nnet3-latgen-faster[5.5.671~1-e5a5a]:DecodeUtteranceLatticeFaster():decoder-wrappers.cc:375) Log-like per frame for utterance nsc-part2-chn0-spk10123101cnm-031010162 is 2.32919 over 131 frames.
nsc-part2-chn0-spk10123101cnm-031010166 what are the landmarks near upper bukit timah 
LOG (nnet3-latgen-faster[5.5.671~1-e5a5a]:DecodeUtteranceLatticeFaster():decoder-wrappers.cc:375) Log-like per frame for utterance nsc-part2-chn0-spk10123101cnm-031010166 is 2.38085 over 101 frames.
nsc-part2-chn0-spk10123101cnm-031010176 miltonia link can you find a post and jalan simpang bedok 
LOG (nnet3-latgen-faster[5.5.671~1-e5a5a]:DecodeUtteranceLatticeFaster():decoder-wrappers.cc:375) Log-like per frame for utterance nsc-part2-chn0-spk10123101cnm-031010176 is 2.08867 over 153 frames.
nsc-part2-chn0-spk10123101cnm-031010186 how long does it take to get to kampung kewangan neighbourhood police post by taxi 
LOG (nnet3-latgen-faster[5.5.671~1-e5a5a]:DecodeUtteranceLatticeFaster():decoder-wrappers.cc:375) Log-like per frame for utterance nsc-part2-chn0-spk10123101cnm-031010186 is 2.56259 over 185 frames.
nsc-part2-chn0-spk10123101cnm-031010187 ginger onion chicken kway-chap and roasted crispy spring chicken 
LOG (nnet3-latgen-faster[5.5.671~1-e5a5a]:DecodeUtteranceLatticeFaster():decoder-wrappers.cc:375) Log-like per frame for utterance nsc-part2-chn0-spk10123101cnm-031010187 is 2.15534 over 180 frames.
nsc-part2-chn0-spk10123101cnm-031010298 simpson is dropping me off at aljunied avenue five 
LOG (nnet3-latgen-faster[5.5.671~1-e5a5a]:DecodeUtteranceLatticeFaster():decoder-wrappers.cc:375) Log-like per frame for utterance nsc-part2-chn0-spk10123101cnm-031010298 is 2.31735 over 117 frames.
nsc-part2-chn0-spk10123101cnm-031010388 do you know what is kampung eunos 
LOG (nnet3-latgen-faster[5.5.671~1-e5a5a]:DecodeUtteranceLatticeFaster():decoder-wrappers.cc:375) Log-like per frame for utterance nsc-part2-chn0-spk10123101cnm-031010388 is 2.20525 over 83 frames.
nsc-part2-chn0-spk10123101cnm-031011582 bukit merah h_d_b branch office fourth avenue and chong-pang combined temple 
LOG (nnet3-latgen-faster[5.5.671~1-e5a5a]:DecodeUtteranceLatticeFaster():decoder-wrappers.cc:375) Log-like per frame for utterance nsc-part2-chn0-spk10123101cnm-031011582 is 2.56571 over 176 frames.
nsc-part2-chn0-spk10123101cnm-031011616 lim chong pang journal 不读 cheery and tanya chua 
LOG (nnet3-latgen-faster[5.5.671~1-e5a5a]:DecodeUtteranceLatticeFaster():decoder-wrappers.cc:375) Log-like per frame for utterance nsc-part2-chn0-spk10123101cnm-031011616 is 1.81172 over 138 frames.
nsc-part2-chn0-spk10123101cnm-031011834 <unk> is dropping me off at bedok north 
LOG (nnet3-latgen-faster[5.5.671~1-e5a5a]:DecodeUtteranceLatticeFaster():decoder-wrappers.cc:375) Log-like per frame for utterance nsc-part2-chn0-spk10123101cnm-031011834 is 2.19625 over 110 frames.
nsc-part2-chn0-spk10123101cnm-031011866 modern closed kampung bahru road and evolution garden walk 
LOG (nnet3-latgen-faster[5.5.671~1-e5a5a]:DecodeUtteranceLatticeFaster():decoder-wrappers.cc:375) Log-like per frame for utterance nsc-part2-chn0-spk10123101cnm-031011866 is 2.43293 over 154 frames.
nsc-part2-chn0-spk10123101cnm-031011884 spring singapore on red road and mountbatten neighbourhood police post 
LOG (nnet3-latgen-faster[5.5.671~1-e5a5a]:DecodeUtteranceLatticeFaster():decoder-wrappers.cc:375) Log-like per frame for utterance nsc-part2-chn0-spk10123101cnm-031011884 is 2.46222 over 172 frames.
nsc-part2-chn0-spk10143124inm-031240025 who say now junior 李序 凶 pizza and mother go in there suami are you not familiar with this names 
LOG (nnet3-latgen-faster[5.5.671~1-e5a5a]:DecodeUtteranceLatticeFaster():decoder-wrappers.cc:375) Log-like per frame for utterance nsc-part2-chn0-spk10143124inm-031240025 is 1.8494 over 238 frames.
nsc-part2-chn0-spk10143124inm-031240029 green is dropping me off at bedok mall 
LOG (nnet3-latgen-faster[5.5.671~1-e5a5a]:DecodeUtteranceLatticeFaster():decoder-wrappers.cc:375) Log-like per frame for utterance nsc-part2-chn0-spk10143124inm-031240029 is 2.17934 over 103 frames.
nsc-part2-chn0-spk10143124inm-031240099 bukit batok crescent currently bro growth and kranji crescent 
LOG (nnet3-latgen-faster[5.5.671~1-e5a5a]:DecodeUtteranceLatticeFaster():decoder-wrappers.cc:375) Log-like per frame for utterance nsc-part2-chn0-spk10143124inm-031240099 is 2.21443 over 129 frames.
nsc-part2-chn0-spk10143124inm-031240118 专 whole avenue kampung o c b c and who may avenue 
LOG (nnet3-latgen-faster[5.5.671~1-e5a5a]:DecodeUtteranceLatticeFaster():decoder-wrappers.cc:375) Log-like per frame for utterance nsc-part2-chn0-spk10143124inm-031240118 is 2.06008 over 138 frames.
nsc-part2-chn0-spk10143124inm-031240144 geylang-bahru lim chu kang at lorong paya-lebar 
LOG (nnet3-latgen-faster[5.5.671~1-e5a5a]:DecodeUtteranceLatticeFaster():decoder-wrappers.cc:375) Log-like per frame for utterance nsc-part2-chn0-spk10143124inm-031240144 is 2.34761 over 109 frames.
nsc-part2-chn0-spk10143124inm-031240242 seletar airport burma road and singapore swimming club 
LOG (nnet3-latgen-faster[5.5.671~1-e5a5a]:DecodeUtteranceLatticeFaster():decoder-wrappers.cc:375) Log-like per frame for utterance nsc-part2-chn0-spk10143124inm-031240242 is 2.24461 over 132 frames.
nsc-part2-chn0-spk10143124inm-031240249 can i take a bus to sembawang 
LOG (nnet3-latgen-faster[5.5.671~1-e5a5a]:DecodeUtteranceLatticeFaster():decoder-wrappers.cc:375) Log-like per frame for utterance nsc-part2-chn0-spk10143124inm-031240249 is 2.29812 over 79 frames.
nsc-part2-chn0-spk10143124inm-031240418 para road chong-pang combine temple and ke long walk 
LOG (nnet3-latgen-faster[5.5.671~1-e5a5a]:DecodeUtteranceLatticeFaster():decoder-wrappers.cc:375) Log-like per frame for utterance nsc-part2-chn0-spk10143124inm-031240418 is 1.85661 over 133 frames.
nsc-part2-chn0-spk10143124inm-031240433 chinese garden tembusu drive and kampung empat industrial estate 
LOG (nnet3-latgen-faster[5.5.671~1-e5a5a]:DecodeUtteranceLatticeFaster():decoder-wrappers.cc:375) Log-like per frame for utterance nsc-part2-chn0-spk10143124inm-031240433 is 2.37684 over 152 frames.
LOG (apply-cmvn[5.5.671~1-e5a5a]:main():apply-cmvn.cc:81) Copied 59 utterances.
nsc-part2-chn0-spk10143124inm-031241480 bukit tinggi road bukit timah post office and berguna walk 
LOG (nnet3-latgen-faster[5.5.671~1-e5a5a]:DecodeUtteranceLatticeFaster():decoder-wrappers.cc:375) Log-like per frame for utterance nsc-part2-chn0-spk10143124inm-031241480 is 2.18967 over 140 frames.
nsc-part2-chn0-spk10143124inm-031241592 另 hotel jalan me burung and sembawang shipyard 
LOG (nnet3-latgen-faster[5.5.671~1-e5a5a]:DecodeUtteranceLatticeFaster():decoder-wrappers.cc:375) Log-like per frame for utterance nsc-part2-chn0-spk10143124inm-031241592 is 2.09656 over 120 frames.
nsc-part2-chn0-spk10143124inm-031241790 find the fastest way to kampung java 
LOG (nnet3-latgen-faster[5.5.671~1-e5a5a]:DecodeUtteranceLatticeFaster():decoder-wrappers.cc:375) Log-like per frame for utterance nsc-part2-chn0-spk10143124inm-031241790 is 2.09714 over 98 frames.
nsc-part2-chn0-spk10143124inm-031241838 e spring 
LOG (nnet3-latgen-faster[5.5.671~1-e5a5a]:DecodeUtteranceLatticeFaster():decoder-wrappers.cc:375) Log-like per frame for utterance nsc-part2-chn0-spk10143124inm-031241838 is 1.8418 over 60 frames.
nsc-part2-chn0-spk10143124inm-031241858 i'm waiting for calling to come back from chong-pang neighbourhood police post 
LOG (nnet3-latgen-faster[5.5.671~1-e5a5a]:DecodeUtteranceLatticeFaster():decoder-wrappers.cc:375) Log-like per frame for utterance nsc-part2-chn0-spk10143124inm-031241858 is 2.41764 over 149 frames.
LOG (nnet3-latgen-faster[5.5.671~1-e5a5a]:main():nnet3-latgen-faster.cc:256) Time taken 171.939s: real-time factor assuming 100 frames/sec is 0.664654
LOG (nnet3-latgen-faster[5.5.671~1-e5a5a]:main():nnet3-latgen-faster.cc:259) Done 59 utterances, failed for 0
LOG (nnet3-latgen-faster[5.5.671~1-e5a5a]:main():nnet3-latgen-faster.cc:261) Overall log-likelihood per frame is 2.19392 over 8623 frames.
LOG (nnet3-latgen-faster[5.5.671~1-e5a5a]:~CachingOptimizingCompiler():nnet-optimize.cc:710) 0.664 seconds taken in nnet3 compilation total (breakdown: 0.482 compilation, 0.116 optimization, 0 shortcut expansion, 0.028 checking, 0.000111 computing indexes, 0.0374 misc.) + 0 I/O.
LOG (lattice-scale[5.5.671~1-e5a5a]:main():lattice-scale.cc:107) Done 59 lattices.
# Accounting: time=179 threads=1
# Ended (code 0) at Fri Aug 27 13:59:04 +08 2021, elapsed time 179 seconds
