# nnet3-latgen-faster --online-ivectors=scp:/home3/yachao001/home/asr/w2021/offline-hotwords-asr-test-v2-bak-bak-ASR-4/data/ivector-data-imda-part2/ivector_online.scp --online-ivector-period=10 --frame-subsampling-factor=3 --frames-per-chunk=50 --extra-left-context=0 --extra-right-context=0 --extra-left-context-initial=-1 --extra-right-context-final=-1 --minimize=false --max-active=7000 --min-active=200 --beam=15.0 --lattice-beam=8.0 --acoustic-scale=1.0 --allow-partial=true --word-symbol-table=/home3/yachao001/home/asr/w2021/offline-hotwords-asr-test-v2-bak-bak-ASR-4/exp/msf-scdf-cs-june2021-prune/tdnnf-biased/graph_msf_mix_prune/words.txt /home3/yachao001/home/asr/w2021/offline-hotwords-asr-test-v2-bak-bak-ASR-4/exp/msf-scdf-cs-june2021-prune/tdnnf-biased/final.mdl /home3/yachao001/home/asr/w2021/offline-hotwords-asr-test-v2-bak-bak-ASR-4/exp/msf-scdf-cs-june2021-prune/tdnnf-biased/graph_msf_mix_prune/HCLG.fst "ark,s,cs:apply-cmvn --norm-means=false --norm-vars=false --utt2spk=ark:/home3/yachao001/home/asr/w2021/hotword/data/imda-part2/mfcc-hires/split20/3/utt2spk scp:/home3/yachao001/home/asr/w2021/hotword/data/imda-part2/mfcc-hires/split20/3/cmvn.scp scp:/home3/yachao001/home/asr/w2021/hotword/data/imda-part2/mfcc-hires/split20/3/feats.scp ark:- |" "ark:|lattice-scale --acoustic-scale=10.0 ark:- ark:- | gzip -c >/home3/yachao001/home/asr/w2021/offline-hotwords-asr-test-v2-bak-bak-ASR-4/exp/msf-scdf-cs-june2021-prune/tdnnf-biased/decode-data-master/lat.3.gz" 
# Started at Fri Aug 27 13:56:05 +08 2021
#
nnet3-latgen-faster --online-ivectors=scp:/home3/yachao001/home/asr/w2021/offline-hotwords-asr-test-v2-bak-bak-ASR-4/data/ivector-data-imda-part2/ivector_online.scp --online-ivector-period=10 --frame-subsampling-factor=3 --frames-per-chunk=50 --extra-left-context=0 --extra-right-context=0 --extra-left-context-initial=-1 --extra-right-context-final=-1 --minimize=false --max-active=7000 --min-active=200 --beam=15.0 --lattice-beam=8.0 --acoustic-scale=1.0 --allow-partial=true --word-symbol-table=/home3/yachao001/home/asr/w2021/offline-hotwords-asr-test-v2-bak-bak-ASR-4/exp/msf-scdf-cs-june2021-prune/tdnnf-biased/graph_msf_mix_prune/words.txt /home3/yachao001/home/asr/w2021/offline-hotwords-asr-test-v2-bak-bak-ASR-4/exp/msf-scdf-cs-june2021-prune/tdnnf-biased/final.mdl /home3/yachao001/home/asr/w2021/offline-hotwords-asr-test-v2-bak-bak-ASR-4/exp/msf-scdf-cs-june2021-prune/tdnnf-biased/graph_msf_mix_prune/HCLG.fst 'ark,s,cs:apply-cmvn --norm-means=false --norm-vars=false --utt2spk=ark:/home3/yachao001/home/asr/w2021/hotword/data/imda-part2/mfcc-hires/split20/3/utt2spk scp:/home3/yachao001/home/asr/w2021/hotword/data/imda-part2/mfcc-hires/split20/3/cmvn.scp scp:/home3/yachao001/home/asr/w2021/hotword/data/imda-part2/mfcc-hires/split20/3/feats.scp ark:- |' 'ark:|lattice-scale --acoustic-scale=10.0 ark:- ark:- | gzip -c >/home3/yachao001/home/asr/w2021/offline-hotwords-asr-test-v2-bak-bak-ASR-4/exp/msf-scdf-cs-june2021-prune/tdnnf-biased/decode-data-master/lat.3.gz' 
LOG (nnet3-latgen-faster[5.5.671~1-e5a5a]:RemoveOrphanNodes():nnet-nnet.cc:948) Removed 1 orphan nodes.
LOG (nnet3-latgen-faster[5.5.671~1-e5a5a]:RemoveOrphanComponents():nnet-nnet.cc:847) Removing 2 orphan components.
LOG (nnet3-latgen-faster[5.5.671~1-e5a5a]:Collapse():nnet-utils.cc:1472) Added 1 components, removed 2
lattice-scale --acoustic-scale=10.0 ark:- ark:- 
apply-cmvn --norm-means=false --norm-vars=false --utt2spk=ark:/home3/yachao001/home/asr/w2021/hotword/data/imda-part2/mfcc-hires/split20/3/utt2spk scp:/home3/yachao001/home/asr/w2021/hotword/data/imda-part2/mfcc-hires/split20/3/cmvn.scp scp:/home3/yachao001/home/asr/w2021/hotword/data/imda-part2/mfcc-hires/split20/3/feats.scp ark:- 
LOG (nnet3-latgen-faster[5.5.671~1-e5a5a]:CheckAndFixConfigs():nnet-am-decodable-simple.cc:294) Increasing --frames-per-chunk from 50 to 51 to make it a multiple of --frame-subsampling-factor=3
nsc-part2-chn0-spk03092658maf-026580080 youtube point kampung kembangan neighbourhood police post and it feel secondary school 
LOG (nnet3-latgen-faster[5.5.671~1-e5a5a]:DecodeUtteranceLatticeFaster():decoder-wrappers.cc:375) Log-like per frame for utterance nsc-part2-chn0-spk03092658maf-026580080 is 1.89684 over 271 frames.
nsc-part2-chn0-spk03092658maf-026580111 boon-lay neighbourhood police post luis row an upper bukit timah 
LOG (nnet3-latgen-faster[5.5.671~1-e5a5a]:DecodeUtteranceLatticeFaster():decoder-wrappers.cc:375) Log-like per frame for utterance nsc-part2-chn0-spk03092658maf-026580111 is 1.97552 over 187 frames.
nsc-part2-chn0-spk03092658maf-026580197 what is the cheapest way to kampung kayu road 
LOG (nnet3-latgen-faster[5.5.671~1-e5a5a]:DecodeUtteranceLatticeFaster():decoder-wrappers.cc:375) Log-like per frame for utterance nsc-part2-chn0-spk03092658maf-026580197 is 1.90905 over 134 frames.
nsc-part2-chn0-spk03092658maf-026580273 if it's about thirty minutes walk to bukit timah seven mah 
LOG (nnet3-latgen-faster[5.5.671~1-e5a5a]:DecodeUtteranceLatticeFaster():decoder-wrappers.cc:375) Log-like per frame for utterance nsc-part2-chn0-spk03092658maf-026580273 is 1.85055 over 148 frames.
nsc-part2-chn0-spk03092658maf-026580299 millenia tower madrasah what time you all islamiah and taman-jurong 
LOG (nnet3-latgen-faster[5.5.671~1-e5a5a]:DecodeUtteranceLatticeFaster():decoder-wrappers.cc:375) Log-like per frame for utterance nsc-part2-chn0-spk03092658maf-026580299 is 1.79763 over 218 frames.
nsc-part2-chn0-spk03092658maf-026580311 how far away is upper seletar reservoir from here 
LOG (nnet3-latgen-faster[5.5.671~1-e5a5a]:DecodeUtteranceLatticeFaster():decoder-wrappers.cc:375) Log-like per frame for utterance nsc-part2-chn0-spk03092658maf-026580311 is 2.20924 over 127 frames.
nsc-part2-chn0-spk03092658maf-026580313 gopeng-street bishan street eleven and north spring primary school 
LOG (nnet3-latgen-faster[5.5.671~1-e5a5a]:DecodeUtteranceLatticeFaster():decoder-wrappers.cc:375) Log-like per frame for utterance nsc-part2-chn0-spk03092658maf-026580313 is 2.11102 over 217 frames.
nsc-part2-chn0-spk03092658maf-026580327 who's in our junior john friends sneakers and you mean richard 
LOG (nnet3-latgen-faster[5.5.671~1-e5a5a]:DecodeUtteranceLatticeFaster():decoder-wrappers.cc:375) Log-like per frame for utterance nsc-part2-chn0-spk03092658maf-026580327 is 1.6933 over 229 frames.
nsc-part2-chn0-spk03092658maf-026581497 sembawang wharf gate kept 相 road and jalan duri 
LOG (nnet3-latgen-faster[5.5.671~1-e5a5a]:DecodeUtteranceLatticeFaster():decoder-wrappers.cc:375) Log-like per frame for utterance nsc-part2-chn0-spk03092658maf-026581497 is 1.81573 over 165 frames.
nsc-part2-chn0-spk03092658maf-026581519 select the fastest way to select close 
LOG (nnet3-latgen-faster[5.5.671~1-e5a5a]:DecodeUtteranceLatticeFaster():decoder-wrappers.cc:375) Log-like per frame for utterance nsc-part2-chn0-spk03092658maf-026581519 is 1.92068 over 108 frames.
nsc-part2-chn0-spk03092658maf-026581607 waste bukit timah plaza 
LOG (nnet3-latgen-faster[5.5.671~1-e5a5a]:DecodeUtteranceLatticeFaster():decoder-wrappers.cc:375) Log-like per frame for utterance nsc-part2-chn0-spk03092658maf-026581607 is 1.92467 over 80 frames.
nsc-part2-chn0-spk03092658maf-026581697 can i take bus to bukit batok industrial 吧 
LOG (nnet3-latgen-faster[5.5.671~1-e5a5a]:DecodeUtteranceLatticeFaster():decoder-wrappers.cc:375) Log-like per frame for utterance nsc-part2-chn0-spk03092658maf-026581697 is 2.06334 over 121 frames.
nsc-part2-chn0-spk03092658maf-026581716 zion bishan bible pedestrian church lorong nine geylang and leg of green 
LOG (nnet3-latgen-faster[5.5.671~1-e5a5a]:DecodeUtteranceLatticeFaster():decoder-wrappers.cc:375) Log-like per frame for utterance nsc-part2-chn0-spk03092658maf-026581716 is 1.93215 over 242 frames.
nsc-part2-chn0-spk03092658maf-026581893 jurong-west avenue bedok mall and warehouse hotel 
LOG (nnet3-latgen-faster[5.5.671~1-e5a5a]:DecodeUtteranceLatticeFaster():decoder-wrappers.cc:375) Log-like per frame for utterance nsc-part2-chn0-spk03092658maf-026581893 is 2.11914 over 130 frames.
nsc-part2-chn0-spk03192668maf-026680024 singapore six education foundation aljunied avenue five enroll shell at newton 
LOG (nnet3-latgen-faster[5.5.671~1-e5a5a]:DecodeUtteranceLatticeFaster():decoder-wrappers.cc:375) Log-like per frame for utterance nsc-part2-chn0-spk03192668maf-026680024 is 2.19352 over 180 frames.
nsc-part2-chn0-spk03192668maf-026680099 the fullerton bay hotel spring singapore and sim-lim-square 
LOG (nnet3-latgen-faster[5.5.671~1-e5a5a]:DecodeUtteranceLatticeFaster():decoder-wrappers.cc:375) Log-like per frame for utterance nsc-part2-chn0-spk03192668maf-026680099 is 2.23372 over 142 frames.
nsc-part2-chn0-spk03192668maf-026680123 geylang road christalite methodist home and food touchy museum 
LOG (nnet3-latgen-faster[5.5.671~1-e5a5a]:DecodeUtteranceLatticeFaster():decoder-wrappers.cc:375) Log-like per frame for utterance nsc-part2-chn0-spk03192668maf-026680123 is 2.16635 over 161 frames.
nsc-part2-chn0-spk03192668maf-026680212 manila straight fernvale lane and not spring primary school 
LOG (nnet3-latgen-faster[5.5.671~1-e5a5a]:DecodeUtteranceLatticeFaster():decoder-wrappers.cc:375) Log-like per frame for utterance nsc-part2-chn0-spk03192668maf-026680212 is 2.07362 over 144 frames.
nsc-part2-chn0-spk03192668maf-026680269 <unk> circular road and library at esplanade 
LOG (nnet3-latgen-faster[5.5.671~1-e5a5a]:DecodeUtteranceLatticeFaster():decoder-wrappers.cc:375) Log-like per frame for utterance nsc-part2-chn0-spk03192668maf-026680269 is 1.92794 over 136 frames.
nsc-part2-chn0-spk03192668maf-026680299 pandan avenue seletar south-road and earring place 
LOG (nnet3-latgen-faster[5.5.671~1-e5a5a]:DecodeUtteranceLatticeFaster():decoder-wrappers.cc:375) Log-like per frame for utterance nsc-part2-chn0-spk03192668maf-026680299 is 1.86875 over 119 frames.
nsc-part2-chn0-spk03192668maf-026680384 five five plus the seletar more than sheldon towards singapore hotel 
LOG (nnet3-latgen-faster[5.5.671~1-e5a5a]:DecodeUtteranceLatticeFaster():decoder-wrappers.cc:375) Log-like per frame for utterance nsc-part2-chn0-spk03192668maf-026680384 is 1.82794 over 162 frames.
nsc-part2-chn0-spk03192668maf-026680411 jalan minyak marsiling industrial estate and jalan bunga 
LOG (nnet3-latgen-faster[5.5.671~1-e5a5a]:DecodeUtteranceLatticeFaster():decoder-wrappers.cc:375) Log-like per frame for utterance nsc-part2-chn0-spk03192668maf-026680411 is 2.07922 over 132 frames.
nsc-part2-chn0-spk03192668maf-026680415 eighteen robinson road 留 drive at marsiling crescent 
LOG (nnet3-latgen-faster[5.5.671~1-e5a5a]:DecodeUtteranceLatticeFaster():decoder-wrappers.cc:375) Log-like per frame for utterance nsc-part2-chn0-spk03192668maf-026680415 is 1.96962 over 124 frames.
nsc-part2-chn0-spk03192668maf-026681505 can you recommend me restaurant near kampung kembangan 
LOG (nnet3-latgen-faster[5.5.671~1-e5a5a]:DecodeUtteranceLatticeFaster():decoder-wrappers.cc:375) Log-like per frame for utterance nsc-part2-chn0-spk03192668maf-026681505 is 2.38918 over 115 frames.
nsc-part2-chn0-spk03192668maf-026681571 leceh avenue happy 我 觉 spring and tanjong katong girls' school 
LOG (nnet3-latgen-faster[5.5.671~1-e5a5a]:DecodeUtteranceLatticeFaster():decoder-wrappers.cc:375) Log-like per frame for utterance nsc-part2-chn0-spk03192668maf-026681571 is 2.08618 over 129 frames.
nsc-part2-chn0-spk03192668maf-026681582 daripada drive sembawang avenue and kaki bukit terpaksa kan 
LOG (nnet3-latgen-faster[5.5.671~1-e5a5a]:DecodeUtteranceLatticeFaster():decoder-wrappers.cc:375) Log-like per frame for utterance nsc-part2-chn0-spk03192668maf-026681582 is 1.96641 over 145 frames.
nsc-part2-chn0-spk03192668maf-026681668 i'm meeting level 了 sungai bedok first 
LOG (nnet3-latgen-faster[5.5.671~1-e5a5a]:DecodeUtteranceLatticeFaster():decoder-wrappers.cc:375) Log-like per frame for utterance nsc-part2-chn0-spk03192668maf-026681668 is 1.88126 over 103 frames.
nsc-part2-chn0-spk03192668maf-026681746 <unk> dropping me off at kampung bugis 
LOG (nnet3-latgen-faster[5.5.671~1-e5a5a]:DecodeUtteranceLatticeFaster():decoder-wrappers.cc:375) Log-like per frame for utterance nsc-part2-chn0-spk03192668maf-026681746 is 2.01681 over 107 frames.
nsc-part2-chn0-spk03192668maf-026681882 artwork residents biasalah hand bible presbyterian church geylang methodist school 
LOG (nnet3-latgen-faster[5.5.671~1-e5a5a]:DecodeUtteranceLatticeFaster():decoder-wrappers.cc:375) Log-like per frame for utterance nsc-part2-chn0-spk03192668maf-026681882 is 1.86237 over 160 frames.
nsc-part2-chn0-spk03272676cnm-026760063 find the fastest way to seletar hill stress 
LOG (nnet3-latgen-faster[5.5.671~1-e5a5a]:DecodeUtteranceLatticeFaster():decoder-wrappers.cc:375) Log-like per frame for utterance nsc-part2-chn0-spk03272676cnm-026760063 is 1.94604 over 124 frames.
nsc-part2-chn0-spk03272676cnm-026760100 how far away is bukit-batok crescent from here 
LOG (nnet3-latgen-faster[5.5.671~1-e5a5a]:DecodeUtteranceLatticeFaster():decoder-wrappers.cc:375) Log-like per frame for utterance nsc-part2-chn0-spk03272676cnm-026760100 is 2.2482 over 142 frames.
nsc-part2-chn0-spk03272676cnm-026760111 sembawang vista warm paul is an 通 building 
LOG (nnet3-latgen-faster[5.5.671~1-e5a5a]:DecodeUtteranceLatticeFaster():decoder-wrappers.cc:375) Log-like per frame for utterance nsc-part2-chn0-spk03272676cnm-026760111 is 1.81366 over 167 frames.
nsc-part2-chn0-spk03272676cnm-026760136 jalan sultan though ramen parents and singapore girls' home 
LOG (nnet3-latgen-faster[5.5.671~1-e5a5a]:DecodeUtteranceLatticeFaster():decoder-wrappers.cc:375) Log-like per frame for utterance nsc-part2-chn0-spk03272676cnm-026760136 is 1.75851 over 235 frames.
nsc-part2-chn0-spk03272676cnm-026760204 can i take the m r t to geylang east central 
LOG (nnet3-latgen-faster[5.5.671~1-e5a5a]:DecodeUtteranceLatticeFaster():decoder-wrappers.cc:375) Log-like per frame for utterance nsc-part2-chn0-spk03272676cnm-026760204 is 2.23784 over 116 frames.
nsc-part2-chn0-spk03272676cnm-026760439 bedok point 南桥 high school and go here 
LOG (nnet3-latgen-faster[5.5.671~1-e5a5a]:DecodeUtteranceLatticeFaster():decoder-wrappers.cc:375) Log-like per frame for utterance nsc-part2-chn0-spk03272676cnm-026760439 is 1.87609 over 168 frames.
nsc-part2-chn0-spk03272676cnm-026761516 <unk> crispy spring chicken memorable and kaya-toast 
LOG (nnet3-latgen-faster[5.5.671~1-e5a5a]:DecodeUtteranceLatticeFaster():decoder-wrappers.cc:375) Log-like per frame for utterance nsc-part2-chn0-spk03272676cnm-026761516 is 1.71191 over 195 frames.
nsc-part2-chn0-spk03272676cnm-026761535 kampung amat same pause church and lady part indoor meaningless 
LOG (nnet3-latgen-faster[5.5.671~1-e5a5a]:DecodeUtteranceLatticeFaster():decoder-wrappers.cc:375) Log-like per frame for utterance nsc-part2-chn0-spk03272676cnm-026761535 is 1.80291 over 208 frames.
nsc-part2-chn0-spk03272676cnm-026761548 how far away is bukit batok nature apart from here 
LOG (nnet3-latgen-faster[5.5.671~1-e5a5a]:DecodeUtteranceLatticeFaster():decoder-wrappers.cc:375) Log-like per frame for utterance nsc-part2-chn0-spk03272676cnm-026761548 is 2.31643 over 130 frames.
nsc-part2-chn0-spk03272676cnm-026761559 no shelling lions form for the eldest and seletar green avenue 
LOG (nnet3-latgen-faster[5.5.671~1-e5a5a]:DecodeUtteranceLatticeFaster():decoder-wrappers.cc:375) Log-like per frame for utterance nsc-part2-chn0-spk03272676cnm-026761559 is 1.93956 over 190 frames.
nsc-part2-chn0-spk03272676cnm-026761650 how do i get to taman-jurong 
LOG (nnet3-latgen-faster[5.5.671~1-e5a5a]:DecodeUtteranceLatticeFaster():decoder-wrappers.cc:375) Log-like per frame for utterance nsc-part2-chn0-spk03272676cnm-026761650 is 1.99272 over 98 frames.
nsc-part2-chn0-spk03272676cnm-026761716 little-road sky parents at thomson north primary second primary school 
LOG (nnet3-latgen-faster[5.5.671~1-e5a5a]:DecodeUtteranceLatticeFaster():decoder-wrappers.cc:375) Log-like per frame for utterance nsc-part2-chn0-spk03272676cnm-026761716 is 2.02029 over 168 frames.
nsc-part2-chn0-spk03272676cnm-026761742 bombing drive jalan national sembawang and brides you funeral parlour 
LOG (nnet3-latgen-faster[5.5.671~1-e5a5a]:DecodeUtteranceLatticeFaster():decoder-wrappers.cc:375) Log-like per frame for utterance nsc-part2-chn0-spk03272676cnm-026761742 is 1.76552 over 210 frames.
nsc-part2-chn0-spk03272676cnm-026761773 sembawang avenue please hotel singapore and teochew funeral parlour 
LOG (nnet3-latgen-faster[5.5.671~1-e5a5a]:DecodeUtteranceLatticeFaster():decoder-wrappers.cc:375) Log-like per frame for utterance nsc-part2-chn0-spk03272676cnm-026761773 is 1.93022 over 159 frames.
nsc-part2-chn0-spk03422691cnm-026910024 bukit-timah shopping centre 杨志 building and orchard 顿 
LOG (nnet3-latgen-faster[5.5.671~1-e5a5a]:DecodeUtteranceLatticeFaster():decoder-wrappers.cc:375) Log-like per frame for utterance nsc-part2-chn0-spk03422691cnm-026910024 is 2.26101 over 160 frames.
nsc-part2-chn0-spk03422691cnm-026910121 i'm waiting for nearly to come back from aljunied m_r_t station 
LOG (nnet3-latgen-faster[5.5.671~1-e5a5a]:DecodeUtteranceLatticeFaster():decoder-wrappers.cc:375) Log-like per frame for utterance nsc-part2-chn0-spk03422691cnm-026910121 is 2.38366 over 146 frames.
nsc-part2-chn0-spk03422691cnm-026910123 geylang square jalan bangsawan and 康康 
LOG (nnet3-latgen-faster[5.5.671~1-e5a5a]:DecodeUtteranceLatticeFaster():decoder-wrappers.cc:375) Log-like per frame for utterance nsc-part2-chn0-spk03422691cnm-026910123 is 1.88822 over 155 frames.
nsc-part2-chn0-spk03422691cnm-026910173 seletar club folks through wrote an egg bar ever knew 
LOG (nnet3-latgen-faster[5.5.671~1-e5a5a]:DecodeUtteranceLatticeFaster():decoder-wrappers.cc:375) Log-like per frame for utterance nsc-part2-chn0-spk03422691cnm-026910173 is 1.72389 over 147 frames.
nsc-part2-chn0-spk03422691cnm-026910191 please look for hello when you reach bukit timah settle club 
LOG (nnet3-latgen-faster[5.5.671~1-e5a5a]:DecodeUtteranceLatticeFaster():decoder-wrappers.cc:375) Log-like per frame for utterance nsc-part2-chn0-spk03422691cnm-026910191 is 2.07232 over 133 frames.
nsc-part2-chn0-spk03422691cnm-026910294 is s h r m college seletar satellite station road and 哥哥 condition 
LOG (nnet3-latgen-faster[5.5.671~1-e5a5a]:DecodeUtteranceLatticeFaster():decoder-wrappers.cc:375) Log-like per frame for utterance nsc-part2-chn0-spk03422691cnm-026910294 is 1.76502 over 279 frames.
nsc-part2-chn0-spk03422691cnm-026911468 回 monkeys roaster crispy spring chicken and seafood congee 
LOG (nnet3-latgen-faster[5.5.671~1-e5a5a]:DecodeUtteranceLatticeFaster():decoder-wrappers.cc:375) Log-like per frame for utterance nsc-part2-chn0-spk03422691cnm-026911468 is 1.99579 over 143 frames.
nsc-part2-chn0-spk03422691cnm-026911497 admiralty green 上 yeah temporary 林 temple lorong nineteen geylang 
LOG (nnet3-latgen-faster[5.5.671~1-e5a5a]:DecodeUtteranceLatticeFaster():decoder-wrappers.cc:375) Log-like per frame for utterance nsc-part2-chn0-spk03422691cnm-026911497 is 1.82539 over 182 frames.
nsc-part2-chn0-spk03422691cnm-026911563 what is the easiest way to bukit-timah plaza 
LOG (nnet3-latgen-faster[5.5.671~1-e5a5a]:DecodeUtteranceLatticeFaster():decoder-wrappers.cc:375) Log-like per frame for utterance nsc-part2-chn0-spk03422691cnm-026911563 is 2.15709 over 93 frames.
nsc-part2-chn0-spk03422691cnm-026911610 麻油 in chinatown-point and the monday lah 
LOG (nnet3-latgen-faster[5.5.671~1-e5a5a]:DecodeUtteranceLatticeFaster():decoder-wrappers.cc:375) Log-like per frame for utterance nsc-part2-chn0-spk03422691cnm-026911610 is 1.93138 over 139 frames.
nsc-part2-chn0-spk03422691cnm-026911623 <unk> food course of restaurant near sembawang h_d_b branch office 
LOG (nnet3-latgen-faster[5.5.671~1-e5a5a]:DecodeUtteranceLatticeFaster():decoder-wrappers.cc:375) Log-like per frame for utterance nsc-part2-chn0-spk03422691cnm-026911623 is 2.25142 over 133 frames.
nsc-part2-chn0-spk03422691cnm-026911649 show me the way to jalan kampong cantik 
LOG (nnet3-latgen-faster[5.5.671~1-e5a5a]:DecodeUtteranceLatticeFaster():decoder-wrappers.cc:375) Log-like per frame for utterance nsc-part2-chn0-spk03422691cnm-026911649 is 2.22925 over 94 frames.
nsc-part2-chn0-spk03422691cnm-026911651 it is faster take bus to jalan 两包 bedok 
LOG (nnet3-latgen-faster[5.5.671~1-e5a5a]:DecodeUtteranceLatticeFaster():decoder-wrappers.cc:375) Log-like per frame for utterance nsc-part2-chn0-spk03422691cnm-026911651 is 2.02348 over 126 frames.
nsc-part2-chn0-spk03422691cnm-026911701 select the fastest way to kampong-glam constituency sports car 
LOG (nnet3-latgen-faster[5.5.671~1-e5a5a]:DecodeUtteranceLatticeFaster():decoder-wrappers.cc:375) Log-like per frame for utterance nsc-part2-chn0-spk03422691cnm-026911701 is 1.99837 over 150 frames.
LOG (apply-cmvn[5.5.671~1-e5a5a]:main():apply-cmvn.cc:81) Copied 61 utterances.
nsc-part2-chn0-spk03422691cnm-026911760 kampung bahru road kim keat kitchen church and jalan sungai 不 一样 
LOG (nnet3-latgen-faster[5.5.671~1-e5a5a]:DecodeUtteranceLatticeFaster():decoder-wrappers.cc:375) Log-like per frame for utterance nsc-part2-chn0-spk03422691cnm-026911760 is 1.90142 over 200 frames.
nsc-part2-chn0-spk03422691cnm-026911855 do you know where is bedok like house 
LOG (nnet3-latgen-faster[5.5.671~1-e5a5a]:DecodeUtteranceLatticeFaster():decoder-wrappers.cc:375) Log-like per frame for utterance nsc-part2-chn0-spk03422691cnm-026911855 is 2.00898 over 93 frames.
nsc-part2-chn0-spk03422691cnm-026911859 condition drive marsiling road and green which primary school 
LOG (nnet3-latgen-faster[5.5.671~1-e5a5a]:DecodeUtteranceLatticeFaster():decoder-wrappers.cc:375) Log-like per frame for utterance nsc-part2-chn0-spk03422691cnm-026911859 is 2.13973 over 131 frames.
nsc-part2-chn0-spk03422691cnm-026911874 curry chicken drumstick roasted crispy spring chicken in coffee pork ribs 
LOG (nnet3-latgen-faster[5.5.671~1-e5a5a]:DecodeUtteranceLatticeFaster():decoder-wrappers.cc:375) Log-like per frame for utterance nsc-part2-chn0-spk03422691cnm-026911874 is 2.19912 over 166 frames.
LOG (nnet3-latgen-faster[5.5.671~1-e5a5a]:main():nnet3-latgen-faster.cc:256) Time taken 200.407s: real-time factor assuming 100 frames/sec is 0.709455
LOG (nnet3-latgen-faster[5.5.671~1-e5a5a]:main():nnet3-latgen-faster.cc:259) Done 61 utterances, failed for 0
LOG (nnet3-latgen-faster[5.5.671~1-e5a5a]:main():nnet3-latgen-faster.cc:261) Overall log-likelihood per frame is 1.97639 over 9416 frames.
LOG (nnet3-latgen-faster[5.5.671~1-e5a5a]:~CachingOptimizingCompiler():nnet-optimize.cc:710) 0.598 seconds taken in nnet3 compilation total (breakdown: 0.429 compilation, 0.093 optimization, 0 shortcut expansion, 0.0145 checking, 7.92e-05 computing indexes, 0.0611 misc.) + 0 I/O.
LOG (lattice-scale[5.5.671~1-e5a5a]:main():lattice-scale.cc:107) Done 61 lattices.
# Accounting: time=204 threads=1
# Ended (code 0) at Fri Aug 27 13:59:29 +08 2021, elapsed time 204 seconds
