# nnet3-latgen-faster --online-ivectors=scp:/home3/yachao001/home/asr/w2021/offline-hotwords-asr-test-v2-bak-bak-ASR-4/data/ivector-data-imda-part2/ivector_online.scp --online-ivector-period=10 --frame-subsampling-factor=3 --frames-per-chunk=50 --extra-left-context=0 --extra-right-context=0 --extra-left-context-initial=-1 --extra-right-context-final=-1 --minimize=false --max-active=7000 --min-active=200 --beam=15.0 --lattice-beam=8.0 --acoustic-scale=1.0 --allow-partial=true --word-symbol-table=/home3/yachao001/home/asr/w2021/offline-hotwords-asr-test-v2-bak-bak-ASR-4/exp/msf-scdf-cs-june2021-prune/tdnnf-biased/graph_msf_mix_prune/words.txt /home3/yachao001/home/asr/w2021/offline-hotwords-asr-test-v2-bak-bak-ASR-4/exp/msf-scdf-cs-june2021-prune/tdnnf-biased/final.mdl /home3/yachao001/home/asr/w2021/offline-hotwords-asr-test-v2-bak-bak-ASR-4/exp/msf-scdf-cs-june2021-prune/tdnnf-biased/graph_msf_mix_prune/HCLG.fst "ark,s,cs:apply-cmvn --norm-means=false --norm-vars=false --utt2spk=ark:/home3/yachao001/home/asr/w2021/hotword/data/imda-part2/mfcc-hires/split20/14/utt2spk scp:/home3/yachao001/home/asr/w2021/hotword/data/imda-part2/mfcc-hires/split20/14/cmvn.scp scp:/home3/yachao001/home/asr/w2021/hotword/data/imda-part2/mfcc-hires/split20/14/feats.scp ark:- |" "ark:|lattice-scale --acoustic-scale=10.0 ark:- ark:- | gzip -c >/home3/yachao001/home/asr/w2021/offline-hotwords-asr-test-v2-bak-bak-ASR-4/exp/msf-scdf-cs-june2021-prune/tdnnf-biased/decode-data-master/lat.14.gz" 
# Started at Fri Aug 27 13:56:05 +08 2021
#
nnet3-latgen-faster --online-ivectors=scp:/home3/yachao001/home/asr/w2021/offline-hotwords-asr-test-v2-bak-bak-ASR-4/data/ivector-data-imda-part2/ivector_online.scp --online-ivector-period=10 --frame-subsampling-factor=3 --frames-per-chunk=50 --extra-left-context=0 --extra-right-context=0 --extra-left-context-initial=-1 --extra-right-context-final=-1 --minimize=false --max-active=7000 --min-active=200 --beam=15.0 --lattice-beam=8.0 --acoustic-scale=1.0 --allow-partial=true --word-symbol-table=/home3/yachao001/home/asr/w2021/offline-hotwords-asr-test-v2-bak-bak-ASR-4/exp/msf-scdf-cs-june2021-prune/tdnnf-biased/graph_msf_mix_prune/words.txt /home3/yachao001/home/asr/w2021/offline-hotwords-asr-test-v2-bak-bak-ASR-4/exp/msf-scdf-cs-june2021-prune/tdnnf-biased/final.mdl /home3/yachao001/home/asr/w2021/offline-hotwords-asr-test-v2-bak-bak-ASR-4/exp/msf-scdf-cs-june2021-prune/tdnnf-biased/graph_msf_mix_prune/HCLG.fst 'ark,s,cs:apply-cmvn --norm-means=false --norm-vars=false --utt2spk=ark:/home3/yachao001/home/asr/w2021/hotword/data/imda-part2/mfcc-hires/split20/14/utt2spk scp:/home3/yachao001/home/asr/w2021/hotword/data/imda-part2/mfcc-hires/split20/14/cmvn.scp scp:/home3/yachao001/home/asr/w2021/hotword/data/imda-part2/mfcc-hires/split20/14/feats.scp ark:- |' 'ark:|lattice-scale --acoustic-scale=10.0 ark:- ark:- | gzip -c >/home3/yachao001/home/asr/w2021/offline-hotwords-asr-test-v2-bak-bak-ASR-4/exp/msf-scdf-cs-june2021-prune/tdnnf-biased/decode-data-master/lat.14.gz' 
LOG (nnet3-latgen-faster[5.5.671~1-e5a5a]:RemoveOrphanNodes():nnet-nnet.cc:948) Removed 1 orphan nodes.
LOG (nnet3-latgen-faster[5.5.671~1-e5a5a]:RemoveOrphanComponents():nnet-nnet.cc:847) Removing 2 orphan components.
LOG (nnet3-latgen-faster[5.5.671~1-e5a5a]:Collapse():nnet-utils.cc:1472) Added 1 components, removed 2
apply-cmvn --norm-means=false --norm-vars=false --utt2spk=ark:/home3/yachao001/home/asr/w2021/hotword/data/imda-part2/mfcc-hires/split20/14/utt2spk scp:/home3/yachao001/home/asr/w2021/hotword/data/imda-part2/mfcc-hires/split20/14/cmvn.scp scp:/home3/yachao001/home/asr/w2021/hotword/data/imda-part2/mfcc-hires/split20/14/feats.scp ark:- 
lattice-scale --acoustic-scale=10.0 ark:- ark:- 
LOG (nnet3-latgen-faster[5.5.671~1-e5a5a]:CheckAndFixConfigs():nnet-am-decodable-simple.cc:294) Increasing --frames-per-chunk from 50 to 51 to make it a multiple of --frame-subsampling-factor=3
nsc-part2-chn0-spk09913080mam-030800029 memory is don't bring me off at aljunied industrial estate 
LOG (nnet3-latgen-faster[5.5.671~1-e5a5a]:DecodeUtteranceLatticeFaster():decoder-wrappers.cc:375) Log-like per frame for utterance nsc-part2-chn0-spk09913080mam-030800029 is 1.95681 over 160 frames.
nsc-part2-chn0-spk09913080mam-030800102 it's about twenty minutes walk to kampung baru 
LOG (nnet3-latgen-faster[5.5.671~1-e5a5a]:DecodeUtteranceLatticeFaster():decoder-wrappers.cc:375) Log-like per frame for utterance nsc-part2-chn0-spk09913080mam-030800102 is 2.31869 over 128 frames.
nsc-part2-chn0-spk09913080mam-030800111 jalan 慢 慢 bedok green primary school and yishun town 
LOG (nnet3-latgen-faster[5.5.671~1-e5a5a]:DecodeUtteranceLatticeFaster():decoder-wrappers.cc:375) Log-like per frame for utterance nsc-part2-chn0-spk09913080mam-030800111 is 2.18017 over 195 frames.
nsc-part2-chn0-spk09913080mam-030800175 ada food court or restaurant years later west way 
LOG (nnet3-latgen-faster[5.5.671~1-e5a5a]:DecodeUtteranceLatticeFaster():decoder-wrappers.cc:375) Log-like per frame for utterance nsc-part2-chn0-spk09913080mam-030800175 is 2.00601 over 151 frames.
nsc-part2-chn0-spk09913080mam-030800197 what is the fastest way to sembawang terminal road h 
LOG (nnet3-latgen-faster[5.5.671~1-e5a5a]:DecodeUtteranceLatticeFaster():decoder-wrappers.cc:375) Log-like per frame for utterance nsc-part2-chn0-spk09913080mam-030800197 is 2.07287 over 158 frames.
nsc-part2-chn0-spk09913080mam-030800204 can i take the m r t to orchard sprain lain 
LOG (nnet3-latgen-faster[5.5.671~1-e5a5a]:DecodeUtteranceLatticeFaster():decoder-wrappers.cc:375) Log-like per frame for utterance nsc-part2-chn0-spk09913080mam-030800204 is 2.16105 over 132 frames.
nsc-part2-chn0-spk09913080mam-030800251 光 灯 buddhist association 当 rewrote and bukit batok avenue 
LOG (nnet3-latgen-faster[5.5.671~1-e5a5a]:DecodeUtteranceLatticeFaster():decoder-wrappers.cc:375) Log-like per frame for utterance nsc-part2-chn0-spk09913080mam-030800251 is 1.80699 over 278 frames.
nsc-part2-chn0-spk09913080mam-030800308 movenpick heritage hotel jalan geylang and geylang lorong lapan 
LOG (nnet3-latgen-faster[5.5.671~1-e5a5a]:DecodeUtteranceLatticeFaster():decoder-wrappers.cc:375) Log-like per frame for utterance nsc-part2-chn0-spk09913080mam-030800308 is 2.11751 over 204 frames.
nsc-part2-chn0-spk09913080mam-030800312 lorong pisang batu the overdrive taman jurong park 
LOG (nnet3-latgen-faster[5.5.671~1-e5a5a]:DecodeUtteranceLatticeFaster():decoder-wrappers.cc:375) Log-like per frame for utterance nsc-part2-chn0-spk09913080mam-030800312 is 1.96646 over 171 frames.
nsc-part2-chn0-spk09913080mam-030800400 please look for donator when you reach bukit timah avenue 
LOG (nnet3-latgen-faster[5.5.671~1-e5a5a]:DecodeUtteranceLatticeFaster():decoder-wrappers.cc:375) Log-like per frame for utterance nsc-part2-chn0-spk09913080mam-030800400 is 2.06103 over 149 frames.
nsc-part2-chn0-spk09913080mam-030800412 find the fastest way to kampung seri 
LOG (nnet3-latgen-faster[5.5.671~1-e5a5a]:DecodeUtteranceLatticeFaster():decoder-wrappers.cc:375) Log-like per frame for utterance nsc-part2-chn0-spk09913080mam-030800412 is 2.04322 over 110 frames.
nsc-part2-chn0-spk09913080mam-030801497 braddell road marsiling-road and they secondary school 
LOG (nnet3-latgen-faster[5.5.671~1-e5a5a]:DecodeUtteranceLatticeFaster():decoder-wrappers.cc:375) Log-like per frame for utterance nsc-part2-chn0-spk09913080mam-030801497 is 2.07643 over 158 frames.
nsc-part2-chn0-spk09913080mam-030801698 how long will it take to walk to kampung java 
LOG (nnet3-latgen-faster[5.5.671~1-e5a5a]:DecodeUtteranceLatticeFaster():decoder-wrappers.cc:375) Log-like per frame for utterance nsc-part2-chn0-spk09913080mam-030801698 is 2.08875 over 129 frames.
nsc-part2-chn0-spk09913080mam-030801847 lim chong-pang edwin browns anyhow z 
LOG (nnet3-latgen-faster[5.5.671~1-e5a5a]:DecodeUtteranceLatticeFaster():decoder-wrappers.cc:375) Log-like per frame for utterance nsc-part2-chn0-spk09913080mam-030801847 is 1.84167 over 131 frames.
nsc-part2-chn0-spk09913080mam-030801893 sembawang would grow avenue and sterling 我 
LOG (nnet3-latgen-faster[5.5.671~1-e5a5a]:DecodeUtteranceLatticeFaster():decoder-wrappers.cc:375) Log-like per frame for utterance nsc-part2-chn0-spk09913080mam-030801893 is 1.83921 over 164 frames.
nsc-part2-chn0-spk09933109inm-031090080 marina-bay residences bukit batok and canara lain 
LOG (nnet3-latgen-faster[5.5.671~1-e5a5a]:DecodeUtteranceLatticeFaster():decoder-wrappers.cc:375) Log-like per frame for utterance nsc-part2-chn0-spk09933109inm-031090080 is 2.05085 over 181 frames.
nsc-part2-chn0-spk09933109inm-031090117 what is the distance to seletar country club 
LOG (nnet3-latgen-faster[5.5.671~1-e5a5a]:DecodeUtteranceLatticeFaster():decoder-wrappers.cc:375) Log-like per frame for utterance nsc-part2-chn0-spk09933109inm-031090117 is 2.02196 over 129 frames.
nsc-part2-chn0-spk09933109inm-031090120 bedok south 
LOG (nnet3-latgen-faster[5.5.671~1-e5a5a]:DecodeUtteranceLatticeFaster():decoder-wrappers.cc:375) Log-like per frame for utterance nsc-part2-chn0-spk09933109inm-031090120 is 1.98986 over 72 frames.
nsc-part2-chn0-spk09933109inm-031090149 i am meeting my the at aljunied avenue two first 
LOG (nnet3-latgen-faster[5.5.671~1-e5a5a]:DecodeUtteranceLatticeFaster():decoder-wrappers.cc:375) Log-like per frame for utterance nsc-part2-chn0-spk09933109inm-031090149 is 2.20006 over 158 frames.
nsc-part2-chn0-spk09933109inm-031090173 jalan kampung siglap macpherson road and mountbatten first post 
LOG (nnet3-latgen-faster[5.5.671~1-e5a5a]:DecodeUtteranceLatticeFaster():decoder-wrappers.cc:375) Log-like per frame for utterance nsc-part2-chn0-spk09933109inm-031090173 is 2.15808 over 191 frames.
nsc-part2-chn0-spk09933109inm-031090185 lim chong-pang omar early and come we 将 july 
LOG (nnet3-latgen-faster[5.5.671~1-e5a5a]:DecodeUtteranceLatticeFaster():decoder-wrappers.cc:375) Log-like per frame for utterance nsc-part2-chn0-spk09933109inm-031090185 is 1.71703 over 197 frames.
nsc-part2-chn0-spk09933109inm-031090242 黄 main road boundary road and sembawang avenue 
LOG (nnet3-latgen-faster[5.5.671~1-e5a5a]:DecodeUtteranceLatticeFaster():decoder-wrappers.cc:375) Log-like per frame for utterance nsc-part2-chn0-spk09933109inm-031090242 is 2.13489 over 154 frames.
nsc-part2-chn0-spk09933109inm-031090273 it's about fifty one minutes walk to geylang road 
LOG (nnet3-latgen-faster[5.5.671~1-e5a5a]:DecodeUtteranceLatticeFaster():decoder-wrappers.cc:375) Log-like per frame for utterance nsc-part2-chn0-spk09933109inm-031090273 is 2.33076 over 124 frames.
nsc-part2-chn0-spk09933109inm-031090302 depo close kampung bahru road and south buona vista road 
LOG (nnet3-latgen-faster[5.5.671~1-e5a5a]:DecodeUtteranceLatticeFaster():decoder-wrappers.cc:375) Log-like per frame for utterance nsc-part2-chn0-spk09933109inm-031090302 is 1.99773 over 201 frames.
nsc-part2-chn0-spk09933109inm-031090313 alexandra road garden trail suffered road and taman jurong park 
LOG (nnet3-latgen-faster[5.5.671~1-e5a5a]:DecodeUtteranceLatticeFaster():decoder-wrappers.cc:375) Log-like per frame for utterance nsc-part2-chn0-spk09933109inm-031090313 is 2.0949 over 208 frames.
nsc-part2-chn0-spk09933109inm-031091505 can you recommend me a restaurant near spring singapore 
LOG (nnet3-latgen-faster[5.5.671~1-e5a5a]:DecodeUtteranceLatticeFaster():decoder-wrappers.cc:375) Log-like per frame for utterance nsc-part2-chn0-spk09933109inm-031091505 is 2.41461 over 151 frames.
nsc-part2-chn0-spk09933109inm-031091535 peasant hotel happy springs and changi south lane 
LOG (nnet3-latgen-faster[5.5.671~1-e5a5a]:DecodeUtteranceLatticeFaster():decoder-wrappers.cc:375) Log-like per frame for utterance nsc-part2-chn0-spk09933109inm-031091535 is 1.85726 over 223 frames.
nsc-part2-chn0-spk09933109inm-031091584 walking road bukit timah shopping centre and generals crescent 
LOG (nnet3-latgen-faster[5.5.671~1-e5a5a]:DecodeUtteranceLatticeFaster():decoder-wrappers.cc:375) Log-like per frame for utterance nsc-part2-chn0-spk09933109inm-031091584 is 2.04919 over 225 frames.
nsc-part2-chn0-spk09933109inm-031091624 riding for the disabled association of singapore upper seletar reservoir and quote road 
LOG (nnet3-latgen-faster[5.5.671~1-e5a5a]:DecodeUtteranceLatticeFaster():decoder-wrappers.cc:375) Log-like per frame for utterance nsc-part2-chn0-spk09933109inm-031091624 is 2.1444 over 286 frames.
nsc-part2-chn0-spk09933109inm-031091882 jalan lapang kampung would be industrial estate and monday tekong park 
LOG (nnet3-latgen-faster[5.5.671~1-e5a5a]:DecodeUtteranceLatticeFaster():decoder-wrappers.cc:375) Log-like per frame for utterance nsc-part2-chn0-spk09933109inm-031091882 is 2.06673 over 229 frames.
nsc-part2-chn0-spk09943084maf-030840045 which 吧 should i take to jalan simpang bedok 
LOG (nnet3-latgen-faster[5.5.671~1-e5a5a]:DecodeUtteranceLatticeFaster():decoder-wrappers.cc:375) Log-like per frame for utterance nsc-part2-chn0-spk09943084maf-030840045 is 2.20007 over 121 frames.
nsc-part2-chn0-spk09943084maf-030840080 canberra view the seletar mall and chua chu kang loop 
LOG (nnet3-latgen-faster[5.5.671~1-e5a5a]:DecodeUtteranceLatticeFaster():decoder-wrappers.cc:375) Log-like per frame for utterance nsc-part2-chn0-spk09943084maf-030840080 is 1.94583 over 151 frames.
nsc-part2-chn0-spk09943084maf-030840123 sembawang shopping centre normally rice and police security called man 
LOG (nnet3-latgen-faster[5.5.671~1-e5a5a]:DecodeUtteranceLatticeFaster():decoder-wrappers.cc:375) Log-like per frame for utterance nsc-part2-chn0-spk09943084maf-030840123 is 2.20253 over 180 frames.
nsc-part2-chn0-spk09943084maf-030840175 ada food court or restaurant near kampung arang road 
LOG (nnet3-latgen-faster[5.5.671~1-e5a5a]:DecodeUtteranceLatticeFaster():decoder-wrappers.cc:375) Log-like per frame for utterance nsc-part2-chn0-spk09943084maf-030840175 is 2.44751 over 131 frames.
nsc-part2-chn0-spk09943084maf-030840299 geylang lorong eight p s twenty one office and first street 
LOG (nnet3-latgen-faster[5.5.671~1-e5a5a]:DecodeUtteranceLatticeFaster():decoder-wrappers.cc:375) Log-like per frame for utterance nsc-part2-chn0-spk09943084maf-030840299 is 2.22355 over 158 frames.
nsc-part2-chn0-spk09943084maf-030840313 taman jurong jalan pelatina and which church road 
LOG (nnet3-latgen-faster[5.5.671~1-e5a5a]:DecodeUtteranceLatticeFaster():decoder-wrappers.cc:375) Log-like per frame for utterance nsc-part2-chn0-spk09943084maf-030840313 is 2.10078 over 155 frames.
nsc-part2-chn0-spk09943084maf-030840384 sengkang east way bukit batok driving and test centre and kenya crescent 
LOG (nnet3-latgen-faster[5.5.671~1-e5a5a]:DecodeUtteranceLatticeFaster():decoder-wrappers.cc:375) Log-like per frame for utterance nsc-part2-chn0-spk09943084maf-030840384 is 2.22813 over 197 frames.
nsc-part2-chn0-spk09943084maf-030840415 bukit timah post office sentosa development corporation and one walk 
LOG (nnet3-latgen-faster[5.5.671~1-e5a5a]:DecodeUtteranceLatticeFaster():decoder-wrappers.cc:375) Log-like per frame for utterance nsc-part2-chn0-spk09943084maf-030840415 is 2.44 over 180 frames.
nsc-part2-chn0-spk09943084maf-030840433 bukit merah view moonlight home for the aged and handicap and kampong glam constituency sports club 
LOG (nnet3-latgen-faster[5.5.671~1-e5a5a]:DecodeUtteranceLatticeFaster():decoder-wrappers.cc:375) Log-like per frame for utterance nsc-part2-chn0-spk09943084maf-030840433 is 2.24053 over 263 frames.
nsc-part2-chn0-spk09943084maf-030841584 lorong you 连 seletar north lane one and gifted education branch 
LOG (nnet3-latgen-faster[5.5.671~1-e5a5a]:DecodeUtteranceLatticeFaster():decoder-wrappers.cc:375) Log-like per frame for utterance nsc-part2-chn0-spk09943084maf-030841584 is 2.12848 over 222 frames.
nsc-part2-chn0-spk09943084maf-030841624 lin dan temple upper seletar reservoir and the sleepy kiwi backpackers hostel 
LOG (nnet3-latgen-faster[5.5.671~1-e5a5a]:DecodeUtteranceLatticeFaster():decoder-wrappers.cc:375) Log-like per frame for utterance nsc-part2-chn0-spk09943084maf-030841624 is 2.05094 over 221 frames.
nsc-part2-chn0-spk09943084maf-030841650 how do i get to marsiling crescent 
LOG (nnet3-latgen-faster[5.5.671~1-e5a5a]:DecodeUtteranceLatticeFaster():decoder-wrappers.cc:375) Log-like per frame for utterance nsc-part2-chn0-spk09943084maf-030841650 is 2.20555 over 106 frames.
nsc-part2-chn0-spk09943084maf-030841794 which bank should i take to chinatown-point 
LOG (nnet3-latgen-faster[5.5.671~1-e5a5a]:DecodeUtteranceLatticeFaster():decoder-wrappers.cc:375) Log-like per frame for utterance nsc-part2-chn0-spk09943084maf-030841794 is 2.17116 over 125 frames.
nsc-part2-chn0-spk09943084maf-030841871 which bus should i take to bedok like house 
LOG (nnet3-latgen-faster[5.5.671~1-e5a5a]:DecodeUtteranceLatticeFaster():decoder-wrappers.cc:375) Log-like per frame for utterance nsc-part2-chn0-spk09943084maf-030841871 is 2.0078 over 148 frames.
nsc-part2-chn0-spk09963086mam-030860007 please show me the way to kampung unpaid industrial estate 
LOG (nnet3-latgen-faster[5.5.671~1-e5a5a]:DecodeUtteranceLatticeFaster():decoder-wrappers.cc:375) Log-like per frame for utterance nsc-part2-chn0-spk09963086mam-030860007 is 1.93074 over 126 frames.
nsc-part2-chn0-spk09963086mam-030860024 teochew shit 壮观 combine temple and telok-blangah street thirty two 
LOG (nnet3-latgen-faster[5.5.671~1-e5a5a]:DecodeUtteranceLatticeFaster():decoder-wrappers.cc:375) Log-like per frame for utterance nsc-part2-chn0-spk09963086mam-030860024 is 1.85254 over 192 frames.
nsc-part2-chn0-spk09963086mam-030860045 which one should i take to jalan-lengkok sembawang 
LOG (nnet3-latgen-faster[5.5.671~1-e5a5a]:DecodeUtteranceLatticeFaster():decoder-wrappers.cc:375) Log-like per frame for utterance nsc-part2-chn0-spk09963086mam-030860045 is 2.04514 over 107 frames.
nsc-part2-chn0-spk09963086mam-030860060 this tell me how to get to sweater lodge one 
LOG (nnet3-latgen-faster[5.5.671~1-e5a5a]:DecodeUtteranceLatticeFaster():decoder-wrappers.cc:375) Log-like per frame for utterance nsc-part2-chn0-spk09963086mam-030860060 is 1.86183 over 103 frames.
nsc-part2-chn0-spk09963086mam-030860071 select the fastest way to bukit batok central 
LOG (nnet3-latgen-faster[5.5.671~1-e5a5a]:DecodeUtteranceLatticeFaster():decoder-wrappers.cc:375) Log-like per frame for utterance nsc-part2-chn0-spk09963086mam-030860071 is 2.19201 over 109 frames.
nsc-part2-chn0-spk09963086mam-030860091 spring home escalate and super specialise 
LOG (nnet3-latgen-faster[5.5.671~1-e5a5a]:DecodeUtteranceLatticeFaster():decoder-wrappers.cc:375) Log-like per frame for utterance nsc-part2-chn0-spk09963086mam-030860091 is 1.70877 over 116 frames.
nsc-part2-chn0-spk09963086mam-030860173 choa chu kang geylang road and towards the middle road 
LOG (nnet3-latgen-faster[5.5.671~1-e5a5a]:DecodeUtteranceLatticeFaster():decoder-wrappers.cc:375) Log-like per frame for utterance nsc-part2-chn0-spk09963086mam-030860173 is 2.3371 over 113 frames.
nsc-part2-chn0-spk09963086mam-030860302 chinatown-point post office greenfield drive and jalan colleague 
LOG (nnet3-latgen-faster[5.5.671~1-e5a5a]:DecodeUtteranceLatticeFaster():decoder-wrappers.cc:375) Log-like per frame for utterance nsc-part2-chn0-spk09963086mam-030860302 is 2.04453 over 137 frames.
nsc-part2-chn0-spk09963086mam-030860350 朱晴溪路 robertson and who say urgent at 
LOG (nnet3-latgen-faster[5.5.671~1-e5a5a]:DecodeUtteranceLatticeFaster():decoder-wrappers.cc:375) Log-like per frame for utterance nsc-part2-chn0-spk09963086mam-030860350 is 1.88721 over 135 frames.
nsc-part2-chn0-spk09963086mam-030861535 one fellow hotel asthma definite crescent an upper seletar reservoir 
LOG (nnet3-latgen-faster[5.5.671~1-e5a5a]:DecodeUtteranceLatticeFaster():decoder-wrappers.cc:375) Log-like per frame for utterance nsc-part2-chn0-spk09963086mam-030861535 is 1.76161 over 163 frames.
LOG (apply-cmvn[5.5.671~1-e5a5a]:main():apply-cmvn.cc:81) Copied 58 utterances.
nsc-part2-chn0-spk09963086mam-030861547 jurong-point rocher neighborhood police centre at bukit timah <unk> shopping centre 
LOG (nnet3-latgen-faster[5.5.671~1-e5a5a]:DecodeUtteranceLatticeFaster():decoder-wrappers.cc:375) Log-like per frame for utterance nsc-part2-chn0-spk09963086mam-030861547 is 2.10317 over 164 frames.
nsc-part2-chn0-spk09963086mam-030861559 钟帮 level police post energy market authority jalan peringkat 
LOG (nnet3-latgen-faster[5.5.671~1-e5a5a]:DecodeUtteranceLatticeFaster():decoder-wrappers.cc:375) Log-like per frame for utterance nsc-part2-chn0-spk09963086mam-030861559 is 1.97777 over 157 frames.
nsc-part2-chn0-spk09963086mam-030861756 marsiling network police post good news research and send referred road 
LOG (nnet3-latgen-faster[5.5.671~1-e5a5a]:DecodeUtteranceLatticeFaster():decoder-wrappers.cc:375) Log-like per frame for utterance nsc-part2-chn0-spk09963086mam-030861756 is 1.98389 over 169 frames.
nsc-part2-chn0-spk09963086mam-030861871 which one should i take to ulu sembawang 
LOG (nnet3-latgen-faster[5.5.671~1-e5a5a]:DecodeUtteranceLatticeFaster():decoder-wrappers.cc:375) Log-like per frame for utterance nsc-part2-chn0-spk09963086mam-030861871 is 1.9658 over 111 frames.
LOG (nnet3-latgen-faster[5.5.671~1-e5a5a]:main():nnet3-latgen-faster.cc:256) Time taken 188.441s: real-time factor assuming 100 frames/sec is 0.667732
LOG (nnet3-latgen-faster[5.5.671~1-e5a5a]:main():nnet3-latgen-faster.cc:259) Done 58 utterances, failed for 0
LOG (nnet3-latgen-faster[5.5.671~1-e5a5a]:main():nnet3-latgen-faster.cc:261) Overall log-likelihood per frame is 2.06651 over 9407 frames.
LOG (nnet3-latgen-faster[5.5.671~1-e5a5a]:~CachingOptimizingCompiler():nnet-optimize.cc:710) 0.513 seconds taken in nnet3 compilation total (breakdown: 0.343 compilation, 0.0987 optimization, 0 shortcut expansion, 0.0125 checking, 7.53e-05 computing indexes, 0.058 misc.) + 0 I/O.
LOG (lattice-scale[5.5.671~1-e5a5a]:main():lattice-scale.cc:107) Done 58 lattices.
# Accounting: time=196 threads=1
# Ended (code 0) at Fri Aug 27 13:59:21 +08 2021, elapsed time 196 seconds
