# nnet3-latgen-faster --online-ivectors=scp:/home3/yachao001/home/asr/w2021/offline-hotwords-asr-test-v2-bak-bak-ASR-4/data/ivector-data-imda-part2/ivector_online.scp --online-ivector-period=10 --frame-subsampling-factor=3 --frames-per-chunk=50 --extra-left-context=0 --extra-right-context=0 --extra-left-context-initial=-1 --extra-right-context-final=-1 --minimize=false --max-active=7000 --min-active=200 --beam=15.0 --lattice-beam=8.0 --acoustic-scale=1.0 --allow-partial=true --word-symbol-table=/home3/yachao001/home/asr/w2021/offline-hotwords-asr-test-v2-bak-bak-ASR-4/exp/msf-scdf-cs-june2021-prune/tdnnf-biased/graph_msf_mix_prune/words.txt /home3/yachao001/home/asr/w2021/offline-hotwords-asr-test-v2-bak-bak-ASR-4/exp/msf-scdf-cs-june2021-prune/tdnnf-biased/final.mdl /home3/yachao001/home/asr/w2021/offline-hotwords-asr-test-v2-bak-bak-ASR-4/exp/msf-scdf-cs-june2021-prune/tdnnf-biased/graph_msf_mix_prune/HCLG.fst "ark,s,cs:apply-cmvn --norm-means=false --norm-vars=false --utt2spk=ark:/home3/yachao001/home/asr/w2021/hotword/data/imda-part2/mfcc-hires/split20/10/utt2spk scp:/home3/yachao001/home/asr/w2021/hotword/data/imda-part2/mfcc-hires/split20/10/cmvn.scp scp:/home3/yachao001/home/asr/w2021/hotword/data/imda-part2/mfcc-hires/split20/10/feats.scp ark:- |" "ark:|lattice-scale --acoustic-scale=10.0 ark:- ark:- | gzip -c >/home3/yachao001/home/asr/w2021/offline-hotwords-asr-test-v2-bak-bak-ASR-4/exp/msf-scdf-cs-june2021-prune/tdnnf-biased/decode-data-master/lat.10.gz" 
# Started at Fri Aug 27 13:56:05 +08 2021
#
nnet3-latgen-faster --online-ivectors=scp:/home3/yachao001/home/asr/w2021/offline-hotwords-asr-test-v2-bak-bak-ASR-4/data/ivector-data-imda-part2/ivector_online.scp --online-ivector-period=10 --frame-subsampling-factor=3 --frames-per-chunk=50 --extra-left-context=0 --extra-right-context=0 --extra-left-context-initial=-1 --extra-right-context-final=-1 --minimize=false --max-active=7000 --min-active=200 --beam=15.0 --lattice-beam=8.0 --acoustic-scale=1.0 --allow-partial=true --word-symbol-table=/home3/yachao001/home/asr/w2021/offline-hotwords-asr-test-v2-bak-bak-ASR-4/exp/msf-scdf-cs-june2021-prune/tdnnf-biased/graph_msf_mix_prune/words.txt /home3/yachao001/home/asr/w2021/offline-hotwords-asr-test-v2-bak-bak-ASR-4/exp/msf-scdf-cs-june2021-prune/tdnnf-biased/final.mdl /home3/yachao001/home/asr/w2021/offline-hotwords-asr-test-v2-bak-bak-ASR-4/exp/msf-scdf-cs-june2021-prune/tdnnf-biased/graph_msf_mix_prune/HCLG.fst 'ark,s,cs:apply-cmvn --norm-means=false --norm-vars=false --utt2spk=ark:/home3/yachao001/home/asr/w2021/hotword/data/imda-part2/mfcc-hires/split20/10/utt2spk scp:/home3/yachao001/home/asr/w2021/hotword/data/imda-part2/mfcc-hires/split20/10/cmvn.scp scp:/home3/yachao001/home/asr/w2021/hotword/data/imda-part2/mfcc-hires/split20/10/feats.scp ark:- |' 'ark:|lattice-scale --acoustic-scale=10.0 ark:- ark:- | gzip -c >/home3/yachao001/home/asr/w2021/offline-hotwords-asr-test-v2-bak-bak-ASR-4/exp/msf-scdf-cs-june2021-prune/tdnnf-biased/decode-data-master/lat.10.gz' 
LOG (nnet3-latgen-faster[5.5.671~1-e5a5a]:RemoveOrphanNodes():nnet-nnet.cc:948) Removed 1 orphan nodes.
LOG (nnet3-latgen-faster[5.5.671~1-e5a5a]:RemoveOrphanComponents():nnet-nnet.cc:847) Removing 2 orphan components.
LOG (nnet3-latgen-faster[5.5.671~1-e5a5a]:Collapse():nnet-utils.cc:1472) Added 1 components, removed 2
apply-cmvn --norm-means=false --norm-vars=false --utt2spk=ark:/home3/yachao001/home/asr/w2021/hotword/data/imda-part2/mfcc-hires/split20/10/utt2spk scp:/home3/yachao001/home/asr/w2021/hotword/data/imda-part2/mfcc-hires/split20/10/cmvn.scp scp:/home3/yachao001/home/asr/w2021/hotword/data/imda-part2/mfcc-hires/split20/10/feats.scp ark:- 
lattice-scale --acoustic-scale=10.0 ark:- ark:- 
LOG (nnet3-latgen-faster[5.5.671~1-e5a5a]:CheckAndFixConfigs():nnet-am-decodable-simple.cc:294) Increasing --frames-per-chunk from 50 to 51 to make it a multiple of --frame-subsampling-factor=3
nsc-part2-chn0-spk09203005cnf-030050004 banana fritters 马 来 高 and roaster crispy spring chicken 
LOG (nnet3-latgen-faster[5.5.671~1-e5a5a]:DecodeUtteranceLatticeFaster():decoder-wrappers.cc:375) Log-like per frame for utterance nsc-part2-chn0-spk09203005cnf-030050004 is 2.05987 over 160 frames.
nsc-part2-chn0-spk09203005cnf-030050028 could you tell me the way to taman-jurong shopping centre 
LOG (nnet3-latgen-faster[5.5.671~1-e5a5a]:DecodeUtteranceLatticeFaster():decoder-wrappers.cc:375) Log-like per frame for utterance nsc-part2-chn0-spk09203005cnf-030050028 is 2.39779 over 142 frames.
nsc-part2-chn0-spk09203005cnf-030050085 sembawang h_d_b branch office 
LOG (nnet3-latgen-faster[5.5.671~1-e5a5a]:DecodeUtteranceLatticeFaster():decoder-wrappers.cc:375) Log-like per frame for utterance nsc-part2-chn0-spk09203005cnf-030050085 is 1.97503 over 126 frames.
nsc-part2-chn0-spk09203005cnf-030050123 <unk> a little south road rate would growth and big box 
LOG (nnet3-latgen-faster[5.5.671~1-e5a5a]:DecodeUtteranceLatticeFaster():decoder-wrappers.cc:375) Log-like per frame for utterance nsc-part2-chn0-spk09203005cnf-030050123 is 1.96113 over 169 frames.
nsc-part2-chn0-spk09203005cnf-030050166 what are the landmarks near kampung what husband 
LOG (nnet3-latgen-faster[5.5.671~1-e5a5a]:DecodeUtteranceLatticeFaster():decoder-wrappers.cc:375) Log-like per frame for utterance nsc-part2-chn0-spk09203005cnf-030050166 is 2.06278 over 134 frames.
nsc-part2-chn0-spk09203005cnf-030050212 singapore <unk> we 关 geylang <unk> and geylang road 
LOG (nnet3-latgen-faster[5.5.671~1-e5a5a]:DecodeUtteranceLatticeFaster():decoder-wrappers.cc:375) Log-like per frame for utterance nsc-part2-chn0-spk09203005cnf-030050212 is 1.92737 over 201 frames.
nsc-part2-chn0-spk09203005cnf-030050221 select the fastest way to seng-kang bedok 
LOG (nnet3-latgen-faster[5.5.671~1-e5a5a]:DecodeUtteranceLatticeFaster():decoder-wrappers.cc:375) Log-like per frame for utterance nsc-part2-chn0-spk09203005cnf-030050221 is 2.07611 over 116 frames.
nsc-part2-chn0-spk09203005cnf-030050294 park avenue suits river win a week road and west thing 
LOG (nnet3-latgen-faster[5.5.671~1-e5a5a]:DecodeUtteranceLatticeFaster():decoder-wrappers.cc:375) Log-like per frame for utterance nsc-part2-chn0-spk09203005cnf-030050294 is 2.02424 over 177 frames.
nsc-part2-chn0-spk09203005cnf-030050356 fault solo so towards shipyard-crescent and bukit batok industrial park 
LOG (nnet3-latgen-faster[5.5.671~1-e5a5a]:DecodeUtteranceLatticeFaster():decoder-wrappers.cc:375) Log-like per frame for utterance nsc-part2-chn0-spk09203005cnf-030050356 is 2.21316 over 201 frames.
nsc-part2-chn0-spk09203005cnf-030050374 who say uh july john lee came and rebecca tua 
LOG (nnet3-latgen-faster[5.5.671~1-e5a5a]:DecodeUtteranceLatticeFaster():decoder-wrappers.cc:375) Log-like per frame for utterance nsc-part2-chn0-spk09203005cnf-030050374 is 1.82198 over 170 frames.
nsc-part2-chn0-spk09203005cnf-030050388 do you know where is kampung o c b c 
LOG (nnet3-latgen-faster[5.5.671~1-e5a5a]:DecodeUtteranceLatticeFaster():decoder-wrappers.cc:375) Log-like per frame for utterance nsc-part2-chn0-spk09203005cnf-030050388 is 2.00642 over 114 frames.
nsc-part2-chn0-spk09203005cnf-030050414 lowest a little reservoir 
LOG (nnet3-latgen-faster[5.5.671~1-e5a5a]:DecodeUtteranceLatticeFaster():decoder-wrappers.cc:375) Log-like per frame for utterance nsc-part2-chn0-spk09203005cnf-030050414 is 2.13684 over 93 frames.
nsc-part2-chn0-spk09203005cnf-030050423 which bus your i take to china town heritage centre 
LOG (nnet3-latgen-faster[5.5.671~1-e5a5a]:DecodeUtteranceLatticeFaster():decoder-wrappers.cc:375) Log-like per frame for utterance nsc-part2-chn0-spk09203005cnf-030050423 is 2.30509 over 142 frames.
nsc-part2-chn0-spk09203005cnf-030050439 green which drive almost alarm twenty road and bukit-timah link 
LOG (nnet3-latgen-faster[5.5.671~1-e5a5a]:DecodeUtteranceLatticeFaster():decoder-wrappers.cc:375) Log-like per frame for utterance nsc-part2-chn0-spk09203005cnf-030050439 is 1.94842 over 217 frames.
nsc-part2-chn0-spk09203005cnf-030051867 spring e z link and c p i d 
LOG (nnet3-latgen-faster[5.5.671~1-e5a5a]:DecodeUtteranceLatticeFaster():decoder-wrappers.cc:375) Log-like per frame for utterance nsc-part2-chn0-spk09203005cnf-030051867 is 1.96394 over 139 frames.
nsc-part2-chn0-spk09203005cnf-030051893 superior hospital geylang gerand and marsiling-road 
LOG (nnet3-latgen-faster[5.5.671~1-e5a5a]:DecodeUtteranceLatticeFaster():decoder-wrappers.cc:375) Log-like per frame for utterance nsc-part2-chn0-spk09203005cnf-030051893 is 1.99852 over 149 frames.
nsc-part2-chn0-spk09222998maf-029980029 dinner is dropping me off at bukit batok central 
LOG (nnet3-latgen-faster[5.5.671~1-e5a5a]:DecodeUtteranceLatticeFaster():decoder-wrappers.cc:375) Log-like per frame for utterance nsc-part2-chn0-spk09222998maf-029980029 is 2.01755 over 154 frames.
nsc-part2-chn0-spk09222998maf-029980099 kampung bugis crescent hans 的 garden and pasir-ris way 
LOG (nnet3-latgen-faster[5.5.671~1-e5a5a]:DecodeUtteranceLatticeFaster():decoder-wrappers.cc:375) Log-like per frame for utterance nsc-part2-chn0-spk09222998maf-029980099 is 1.87581 over 244 frames.
nsc-part2-chn0-spk09222998maf-029980181 how far away is yes chinatown-point hotel from here 
LOG (nnet3-latgen-faster[5.5.671~1-e5a5a]:DecodeUtteranceLatticeFaster():decoder-wrappers.cc:375) Log-like per frame for utterance nsc-part2-chn0-spk09222998maf-029980181 is 2.05453 over 154 frames.
nsc-part2-chn0-spk09222998maf-029980225 simpang bedok 
LOG (nnet3-latgen-faster[5.5.671~1-e5a5a]:DecodeUtteranceLatticeFaster():decoder-wrappers.cc:375) Log-like per frame for utterance nsc-part2-chn0-spk09222998maf-029980225 is 2.08816 over 67 frames.
nsc-part2-chn0-spk09222998maf-029980236 how long does it take to get a sembawang got of help temple by taxi 
LOG (nnet3-latgen-faster[5.5.671~1-e5a5a]:DecodeUtteranceLatticeFaster():decoder-wrappers.cc:375) Log-like per frame for utterance nsc-part2-chn0-spk09222998maf-029980236 is 1.99154 over 210 frames.
nsc-part2-chn0-spk09222998maf-029980251 jalan binjai seletar airport and the case road 
LOG (nnet3-latgen-faster[5.5.671~1-e5a5a]:DecodeUtteranceLatticeFaster():decoder-wrappers.cc:375) Log-like per frame for utterance nsc-part2-chn0-spk09222998maf-029980251 is 1.88482 over 149 frames.
nsc-part2-chn0-spk09222998maf-029980294 <unk> geylang east avenue and centre networkings bill 
LOG (nnet3-latgen-faster[5.5.671~1-e5a5a]:DecodeUtteranceLatticeFaster():decoder-wrappers.cc:375) Log-like per frame for utterance nsc-part2-chn0-spk09222998maf-029980294 is 1.81504 over 208 frames.
nsc-part2-chn0-spk09222998maf-029980326 where is bukit timah expressway 
LOG (nnet3-latgen-faster[5.5.671~1-e5a5a]:DecodeUtteranceLatticeFaster():decoder-wrappers.cc:375) Log-like per frame for utterance nsc-part2-chn0-spk09222998maf-029980326 is 2.05823 over 105 frames.
nsc-part2-chn0-spk09222998maf-029980356 west coast highway jalan kampung cantik and say adversary port 
LOG (nnet3-latgen-faster[5.5.671~1-e5a5a]:DecodeUtteranceLatticeFaster():decoder-wrappers.cc:375) Log-like per frame for utterance nsc-part2-chn0-spk09222998maf-029980356 is 1.84168 over 284 frames.
nsc-part2-chn0-spk09222998maf-029980362 who said uh unit alex juicy and 就 came but 
LOG (nnet3-latgen-faster[5.5.671~1-e5a5a]:DecodeUtteranceLatticeFaster():decoder-wrappers.cc:375) Log-like per frame for utterance nsc-part2-chn0-spk09222998maf-029980362 is 1.72412 over 170 frames.
nsc-part2-chn0-spk09222998maf-029980433 <unk> centre coupon geram constituency sports club and currently hill 
LOG (nnet3-latgen-faster[5.5.671~1-e5a5a]:DecodeUtteranceLatticeFaster():decoder-wrappers.cc:375) Log-like per frame for utterance nsc-part2-chn0-spk09222998maf-029980433 is 1.67716 over 265 frames.
nsc-part2-chn0-spk09222998maf-029981497 jurong birdpark keramat road and lowest data reservoir 
LOG (nnet3-latgen-faster[5.5.671~1-e5a5a]:DecodeUtteranceLatticeFaster():decoder-wrappers.cc:375) Log-like per frame for utterance nsc-part2-chn0-spk09222998maf-029981497 is 2.00101 over 158 frames.
nsc-part2-chn0-spk09222998maf-029981694 bahulu wantan mi roasted crispy spring chicken 
LOG (nnet3-latgen-faster[5.5.671~1-e5a5a]:DecodeUtteranceLatticeFaster():decoder-wrappers.cc:375) Log-like per frame for utterance nsc-part2-chn0-spk09222998maf-029981694 is 1.71566 over 150 frames.
nsc-part2-chn0-spk09222998maf-029981881 marsiling-drive punggol road and buy this question 
LOG (nnet3-latgen-faster[5.5.671~1-e5a5a]:DecodeUtteranceLatticeFaster():decoder-wrappers.cc:375) Log-like per frame for utterance nsc-part2-chn0-spk09222998maf-029981881 is 1.66142 over 142 frames.
nsc-part2-chn0-spk09222998maf-029981884 jalan baiduri geylang road and kampung seri 
LOG (nnet3-latgen-faster[5.5.671~1-e5a5a]:DecodeUtteranceLatticeFaster():decoder-wrappers.cc:375) Log-like per frame for utterance nsc-part2-chn0-spk09222998maf-029981884 is 1.91039 over 132 frames.
nsc-part2-chn0-spk09293057maf-030570080 home sweet hotel geylang-bahru lain and geylang square 
LOG (nnet3-latgen-faster[5.5.671~1-e5a5a]:DecodeUtteranceLatticeFaster():decoder-wrappers.cc:375) Log-like per frame for utterance nsc-part2-chn0-spk09293057maf-030570080 is 2.36819 over 129 frames.
nsc-part2-chn0-spk09293057maf-030570100 how far away it's kampong glam from here 
LOG (nnet3-latgen-faster[5.5.671~1-e5a5a]:DecodeUtteranceLatticeFaster():decoder-wrappers.cc:375) Log-like per frame for utterance nsc-part2-chn0-spk09293057maf-030570100 is 2.17194 over 105 frames.
nsc-part2-chn0-spk09293057maf-030570118 getaway avenue the green kiwi backpacker hostel at sembawang vista 
LOG (nnet3-latgen-faster[5.5.671~1-e5a5a]:DecodeUtteranceLatticeFaster():decoder-wrappers.cc:375) Log-like per frame for utterance nsc-part2-chn0-spk09293057maf-030570118 is 2.10224 over 178 frames.
nsc-part2-chn0-spk09293057maf-030570196 i'm meeting mona at uh unit crescent first 
LOG (nnet3-latgen-faster[5.5.671~1-e5a5a]:DecodeUtteranceLatticeFaster():decoder-wrappers.cc:375) Log-like per frame for utterance nsc-part2-chn0-spk09293057maf-030570196 is 1.90558 over 125 frames.
nsc-part2-chn0-spk09293057maf-030570203 it's faster to take the bus to seletar airport 
LOG (nnet3-latgen-faster[5.5.671~1-e5a5a]:DecodeUtteranceLatticeFaster():decoder-wrappers.cc:375) Log-like per frame for utterance nsc-part2-chn0-spk09293057maf-030570203 is 2.18185 over 108 frames.
nsc-part2-chn0-spk09293057maf-030570204 can i think they are multi to taman bedok 
LOG (nnet3-latgen-faster[5.5.671~1-e5a5a]:DecodeUtteranceLatticeFaster():decoder-wrappers.cc:375) Log-like per frame for utterance nsc-part2-chn0-spk09293057maf-030570204 is 1.99715 over 93 frames.
nsc-part2-chn0-spk09293057maf-030570415 <unk> bukit-batok and jalan jurujual 
LOG (nnet3-latgen-faster[5.5.671~1-e5a5a]:DecodeUtteranceLatticeFaster():decoder-wrappers.cc:375) Log-like per frame for utterance nsc-part2-chn0-spk09293057maf-030570415 is 2.28229 over 103 frames.
nsc-part2-chn0-spk09293057maf-030571563 what is the fastest way to bedok reservoir 
LOG (nnet3-latgen-faster[5.5.671~1-e5a5a]:DecodeUtteranceLatticeFaster():decoder-wrappers.cc:375) Log-like per frame for utterance nsc-part2-chn0-spk09293057maf-030571563 is 2.46739 over 99 frames.
nsc-part2-chn0-spk09293057maf-030571569 i am waiting for earlier to come back from bukit timah link 
LOG (nnet3-latgen-faster[5.5.671~1-e5a5a]:DecodeUtteranceLatticeFaster():decoder-wrappers.cc:375) Log-like per frame for utterance nsc-part2-chn0-spk09293057maf-030571569 is 2.28444 over 121 frames.
nsc-part2-chn0-spk09293057maf-030571598 how long does it take to get to marsiling-road by taxi 
LOG (nnet3-latgen-faster[5.5.671~1-e5a5a]:DecodeUtteranceLatticeFaster():decoder-wrappers.cc:375) Log-like per frame for utterance nsc-part2-chn0-spk09293057maf-030571598 is 2.4446 over 120 frames.
LOG (apply-cmvn[5.5.671~1-e5a5a]:main():apply-cmvn.cc:81) Copied 46 utterances.
nsc-part2-chn0-spk09293057maf-030571750 lunch and sky ride sembawang terminal avenue three and to lay at cinema run 
LOG (nnet3-latgen-faster[5.5.671~1-e5a5a]:DecodeUtteranceLatticeFaster():decoder-wrappers.cc:375) Log-like per frame for utterance nsc-part2-chn0-spk09293057maf-030571750 is 2.02849 over 189 frames.
nsc-part2-chn0-spk09293057maf-030571760 <unk> suriya avenue at sembawang drive 
LOG (nnet3-latgen-faster[5.5.671~1-e5a5a]:DecodeUtteranceLatticeFaster():decoder-wrappers.cc:375) Log-like per frame for utterance nsc-part2-chn0-spk09293057maf-030571760 is 1.88506 over 128 frames.
nsc-part2-chn0-spk09293057maf-030571823 how do i get to spring street 
LOG (nnet3-latgen-faster[5.5.671~1-e5a5a]:DecodeUtteranceLatticeFaster():decoder-wrappers.cc:375) Log-like per frame for utterance nsc-part2-chn0-spk09293057maf-030571823 is 2.16577 over 82 frames.
nsc-part2-chn0-spk09293057maf-030571832 merlimau place jalan kampung cantik and cylon rude 
LOG (nnet3-latgen-faster[5.5.671~1-e5a5a]:DecodeUtteranceLatticeFaster():decoder-wrappers.cc:375) Log-like per frame for utterance nsc-part2-chn0-spk09293057maf-030571832 is 2.13133 over 138 frames.
nsc-part2-chn0-spk09293057maf-030571890 can you recommend me a restaurant 你 的 chinatown-point 
LOG (nnet3-latgen-faster[5.5.671~1-e5a5a]:DecodeUtteranceLatticeFaster():decoder-wrappers.cc:375) Log-like per frame for utterance nsc-part2-chn0-spk09293057maf-030571890 is 2.42793 over 121 frames.
LOG (nnet3-latgen-faster[5.5.671~1-e5a5a]:main():nnet3-latgen-faster.cc:256) Time taken 166.899s: real-time factor assuming 100 frames/sec is 0.808502
LOG (nnet3-latgen-faster[5.5.671~1-e5a5a]:main():nnet3-latgen-faster.cc:259) Done 46 utterances, failed for 0
LOG (nnet3-latgen-faster[5.5.671~1-e5a5a]:main():nnet3-latgen-faster.cc:261) Overall log-likelihood per frame is 2.01459 over 6881 frames.
LOG (nnet3-latgen-faster[5.5.671~1-e5a5a]:~CachingOptimizingCompiler():nnet-optimize.cc:710) 0.609 seconds taken in nnet3 compilation total (breakdown: 0.443 compilation, 0.0739 optimization, 0 shortcut expansion, 0.0416 checking, 7.41e-05 computing indexes, 0.0502 misc.) + 0 I/O.
LOG (lattice-scale[5.5.671~1-e5a5a]:main():lattice-scale.cc:107) Done 46 lattices.
# Accounting: time=171 threads=1
# Ended (code 0) at Fri Aug 27 13:58:56 +08 2021, elapsed time 171 seconds
