# nnet3-latgen-faster --online-ivectors=scp:/home3/yachao001/home/asr/w2021/offline-hotwords-asr-test-v2-bak-bak-ASR-4/data/ivector-data-imda-part2/ivector_online.scp --online-ivector-period=10 --frame-subsampling-factor=3 --frames-per-chunk=50 --extra-left-context=0 --extra-right-context=0 --extra-left-context-initial=-1 --extra-right-context-final=-1 --minimize=false --max-active=7000 --min-active=200 --beam=15.0 --lattice-beam=8.0 --acoustic-scale=1.0 --allow-partial=true --word-symbol-table=/home3/yachao001/home/asr/w2021/offline-hotwords-asr-test-v2-bak-bak-ASR-4/exp/msf-scdf-cs-june2021-prune/tdnnf-biased/graph_msf_mix_prune/words.txt /home3/yachao001/home/asr/w2021/offline-hotwords-asr-test-v2-bak-bak-ASR-4/exp/msf-scdf-cs-june2021-prune/tdnnf-biased/final.mdl /home3/yachao001/home/asr/w2021/offline-hotwords-asr-test-v2-bak-bak-ASR-4/exp/msf-scdf-cs-june2021-prune/tdnnf-biased/graph_msf_mix_prune/HCLG.fst "ark,s,cs:apply-cmvn --norm-means=false --norm-vars=false --utt2spk=ark:/home3/yachao001/home/asr/w2021/hotword/data/imda-part2/mfcc-hires/split20/12/utt2spk scp:/home3/yachao001/home/asr/w2021/hotword/data/imda-part2/mfcc-hires/split20/12/cmvn.scp scp:/home3/yachao001/home/asr/w2021/hotword/data/imda-part2/mfcc-hires/split20/12/feats.scp ark:- |" "ark:|lattice-scale --acoustic-scale=10.0 ark:- ark:- | gzip -c >/home3/yachao001/home/asr/w2021/offline-hotwords-asr-test-v2-bak-bak-ASR-4/exp/msf-scdf-cs-june2021-prune/tdnnf-biased/decode-data-master/lat.12.gz" 
# Started at Fri Aug 27 13:56:05 +08 2021
#
nnet3-latgen-faster --online-ivectors=scp:/home3/yachao001/home/asr/w2021/offline-hotwords-asr-test-v2-bak-bak-ASR-4/data/ivector-data-imda-part2/ivector_online.scp --online-ivector-period=10 --frame-subsampling-factor=3 --frames-per-chunk=50 --extra-left-context=0 --extra-right-context=0 --extra-left-context-initial=-1 --extra-right-context-final=-1 --minimize=false --max-active=7000 --min-active=200 --beam=15.0 --lattice-beam=8.0 --acoustic-scale=1.0 --allow-partial=true --word-symbol-table=/home3/yachao001/home/asr/w2021/offline-hotwords-asr-test-v2-bak-bak-ASR-4/exp/msf-scdf-cs-june2021-prune/tdnnf-biased/graph_msf_mix_prune/words.txt /home3/yachao001/home/asr/w2021/offline-hotwords-asr-test-v2-bak-bak-ASR-4/exp/msf-scdf-cs-june2021-prune/tdnnf-biased/final.mdl /home3/yachao001/home/asr/w2021/offline-hotwords-asr-test-v2-bak-bak-ASR-4/exp/msf-scdf-cs-june2021-prune/tdnnf-biased/graph_msf_mix_prune/HCLG.fst 'ark,s,cs:apply-cmvn --norm-means=false --norm-vars=false --utt2spk=ark:/home3/yachao001/home/asr/w2021/hotword/data/imda-part2/mfcc-hires/split20/12/utt2spk scp:/home3/yachao001/home/asr/w2021/hotword/data/imda-part2/mfcc-hires/split20/12/cmvn.scp scp:/home3/yachao001/home/asr/w2021/hotword/data/imda-part2/mfcc-hires/split20/12/feats.scp ark:- |' 'ark:|lattice-scale --acoustic-scale=10.0 ark:- ark:- | gzip -c >/home3/yachao001/home/asr/w2021/offline-hotwords-asr-test-v2-bak-bak-ASR-4/exp/msf-scdf-cs-june2021-prune/tdnnf-biased/decode-data-master/lat.12.gz' 
LOG (nnet3-latgen-faster[5.5.671~1-e5a5a]:RemoveOrphanNodes():nnet-nnet.cc:948) Removed 1 orphan nodes.
LOG (nnet3-latgen-faster[5.5.671~1-e5a5a]:RemoveOrphanComponents():nnet-nnet.cc:847) Removing 2 orphan components.
LOG (nnet3-latgen-faster[5.5.671~1-e5a5a]:Collapse():nnet-utils.cc:1472) Added 1 components, removed 2
lattice-scale --acoustic-scale=10.0 ark:- ark:- 
apply-cmvn --norm-means=false --norm-vars=false --utt2spk=ark:/home3/yachao001/home/asr/w2021/hotword/data/imda-part2/mfcc-hires/split20/12/utt2spk scp:/home3/yachao001/home/asr/w2021/hotword/data/imda-part2/mfcc-hires/split20/12/cmvn.scp scp:/home3/yachao001/home/asr/w2021/hotword/data/imda-part2/mfcc-hires/split20/12/feats.scp ark:- 
LOG (nnet3-latgen-faster[5.5.671~1-e5a5a]:CheckAndFixConfigs():nnet-am-decodable-simple.cc:294) Increasing --frames-per-chunk from 50 to 51 to make it a multiple of --frame-subsampling-factor=3
nsc-part2-chn0-spk09593083maf-030830071 select the fastest way to marsiling industrial estate 
LOG (nnet3-latgen-faster[5.5.671~1-e5a5a]:DecodeUtteranceLatticeFaster():decoder-wrappers.cc:375) Log-like per frame for utterance nsc-part2-chn0-spk09593083maf-030830071 is 1.92616 over 147 frames.
nsc-part2-chn0-spk09593083maf-030830100 how far away is kampung ubi neighbourhood police post from here 
LOG (nnet3-latgen-faster[5.5.671~1-e5a5a]:DecodeUtteranceLatticeFaster():decoder-wrappers.cc:375) Log-like per frame for utterance nsc-part2-chn0-spk09593083maf-030830100 is 1.7877 over 190 frames.
nsc-part2-chn0-spk09593083maf-030830115 what is the easiest way to upper our journey road 
LOG (nnet3-latgen-faster[5.5.671~1-e5a5a]:DecodeUtteranceLatticeFaster():decoder-wrappers.cc:375) Log-like per frame for utterance nsc-part2-chn0-spk09593083maf-030830115 is 1.85355 over 147 frames.
nsc-part2-chn0-spk09593083maf-030830148 can i take a bus to orchard spring can i take a bus to orchard spring lain 
LOG (nnet3-latgen-faster[5.5.671~1-e5a5a]:DecodeUtteranceLatticeFaster():decoder-wrappers.cc:375) Log-like per frame for utterance nsc-part2-chn0-spk09593083maf-030830148 is 1.90892 over 238 frames.
nsc-part2-chn0-spk09593083maf-030830163 this is the best <unk> three space spring chicken and i can find that i can find 
LOG (nnet3-latgen-faster[5.5.671~1-e5a5a]:DecodeUtteranceLatticeFaster():decoder-wrappers.cc:375) Log-like per frame for utterance nsc-part2-chn0-spk09593083maf-030830163 is 1.91603 over 265 frames.
nsc-part2-chn0-spk09593083maf-030830173 mandarin gardens library at chinatown and institute of engineers singapore 
LOG (nnet3-latgen-faster[5.5.671~1-e5a5a]:DecodeUtteranceLatticeFaster():decoder-wrappers.cc:375) Log-like per frame for utterance nsc-part2-chn0-spk09593083maf-030830173 is 2.06573 over 250 frames.
nsc-part2-chn0-spk09593083maf-030830186 how long does it take to get to sembawang country club by taxi 
LOG (nnet3-latgen-faster[5.5.671~1-e5a5a]:DecodeUtteranceLatticeFaster():decoder-wrappers.cc:375) Log-like per frame for utterance nsc-part2-chn0-spk09593083maf-030830186 is 2.00567 over 200 frames.
nsc-part2-chn0-spk09593083maf-030830212 lily avenue martial in endowment bedok 
LOG (nnet3-latgen-faster[5.5.671~1-e5a5a]:DecodeUtteranceLatticeFaster():decoder-wrappers.cc:375) Log-like per frame for utterance nsc-part2-chn0-spk09593083maf-030830212 is 1.90918 over 139 frames.
nsc-part2-chn0-spk09593083maf-030830219 could you tell me the way to lower seletar close 
LOG (nnet3-latgen-faster[5.5.671~1-e5a5a]:DecodeUtteranceLatticeFaster():decoder-wrappers.cc:375) Log-like per frame for utterance nsc-part2-chn0-spk09593083maf-030830219 is 1.73484 over 141 frames.
nsc-part2-chn0-spk09593083maf-030830231 i am waiting for us to come back from lorong one geylang 
LOG (nnet3-latgen-faster[5.5.671~1-e5a5a]:DecodeUtteranceLatticeFaster():decoder-wrappers.cc:375) Log-like per frame for utterance nsc-part2-chn0-spk09593083maf-030830231 is 1.89514 over 207 frames.
nsc-part2-chn0-spk09593083maf-030830405 i'm waiting for cloudy to come back from upper bukit-timah 
LOG (nnet3-latgen-faster[5.5.671~1-e5a5a]:DecodeUtteranceLatticeFaster():decoder-wrappers.cc:375) Log-like per frame for utterance nsc-part2-chn0-spk09593083maf-030830405 is 2.0055 over 167 frames.
nsc-part2-chn0-spk09593083maf-030830410 i am waiting for them to come back from bukit batok is 
LOG (nnet3-latgen-faster[5.5.671~1-e5a5a]:DecodeUtteranceLatticeFaster():decoder-wrappers.cc:375) Log-like per frame for utterance nsc-part2-chn0-spk09593083maf-030830410 is 1.88695 over 210 frames.
nsc-part2-chn0-spk09593083maf-030831547 upper bedok road roses 好 and jalan suka cheetah 
LOG (nnet3-latgen-faster[5.5.671~1-e5a5a]:DecodeUtteranceLatticeFaster():decoder-wrappers.cc:375) Log-like per frame for utterance nsc-part2-chn0-spk09593083maf-030831547 is 1.6895 over 218 frames.
nsc-part2-chn0-spk09593083maf-030831592 can reach strike kampung empat industrial estate and river valley high school 
LOG (nnet3-latgen-faster[5.5.671~1-e5a5a]:DecodeUtteranceLatticeFaster():decoder-wrappers.cc:375) Log-like per frame for utterance nsc-part2-chn0-spk09593083maf-030831592 is 1.75609 over 361 frames.
nsc-part2-chn0-spk09593083maf-030831640 lim chong-pang <unk> and it's 车 站 
LOG (nnet3-latgen-faster[5.5.671~1-e5a5a]:DecodeUtteranceLatticeFaster():decoder-wrappers.cc:375) Log-like per frame for utterance nsc-part2-chn0-spk09593083maf-030831640 is 1.51227 over 197 frames.
nsc-part2-chn0-spk09593083maf-030831695 lorong kembang old kereta building and jalan lembah bedok 
LOG (nnet3-latgen-faster[5.5.671~1-e5a5a]:DecodeUtteranceLatticeFaster():decoder-wrappers.cc:375) Log-like per frame for utterance nsc-part2-chn0-spk09593083maf-030831695 is 1.69362 over 258 frames.
nsc-part2-chn0-spk09593083maf-030831717 bedok view secondary school halia fax road and republic polytechnic 
LOG (nnet3-latgen-faster[5.5.671~1-e5a5a]:DecodeUtteranceLatticeFaster():decoder-wrappers.cc:375) Log-like per frame for utterance nsc-part2-chn0-spk09593083maf-030831717 is 1.83943 over 254 frames.
nsc-part2-chn0-spk09663088mam-030880091 famous amos 该 走 and spring home 
LOG (nnet3-latgen-faster[5.5.671~1-e5a5a]:DecodeUtteranceLatticeFaster():decoder-wrappers.cc:375) Log-like per frame for utterance nsc-part2-chn0-spk09663088mam-030880091 is 1.68615 over 191 frames.
nsc-part2-chn0-spk09663088mam-030880111 光 yang primary school kampong-glam and b low 诶 temple 
LOG (nnet3-latgen-faster[5.5.671~1-e5a5a]:DecodeUtteranceLatticeFaster():decoder-wrappers.cc:375) Log-like per frame for utterance nsc-part2-chn0-spk09663088mam-030880111 is 1.68122 over 262 frames.
nsc-part2-chn0-spk09663088mam-030880134 upper bedok road raffles road equity plaza 
LOG (nnet3-latgen-faster[5.5.671~1-e5a5a]:DecodeUtteranceLatticeFaster():decoder-wrappers.cc:375) Log-like per frame for utterance nsc-part2-chn0-spk09663088mam-030880134 is 1.65583 over 225 frames.
nsc-part2-chn0-spk09663088mam-030880186 how long does it take to sembawang shopping centre my taxi 
LOG (nnet3-latgen-faster[5.5.671~1-e5a5a]:DecodeUtteranceLatticeFaster():decoder-wrappers.cc:375) Log-like per frame for utterance nsc-part2-chn0-spk09663088mam-030880186 is 2.03475 over 193 frames.
nsc-part2-chn0-spk09663088mam-030880196 i am meeting worth at bukit-batok central first 
LOG (nnet3-latgen-faster[5.5.671~1-e5a5a]:DecodeUtteranceLatticeFaster():decoder-wrappers.cc:375) Log-like per frame for utterance nsc-part2-chn0-spk09663088mam-030880196 is 1.82153 over 207 frames.
nsc-part2-chn0-spk09663088mam-030880199 what are the landmark near senator satellite 谢行 run 
LOG (nnet3-latgen-faster[5.5.671~1-e5a5a]:DecodeUtteranceLatticeFaster():decoder-wrappers.cc:375) Log-like per frame for utterance nsc-part2-chn0-spk09663088mam-030880199 is 1.66473 over 172 frames.
nsc-part2-chn0-spk09663088mam-030880231 i am waiting for in er to come back from lorong nineteen geylang 
LOG (nnet3-latgen-faster[5.5.671~1-e5a5a]:DecodeUtteranceLatticeFaster():decoder-wrappers.cc:375) Log-like per frame for utterance nsc-part2-chn0-spk09663088mam-030880231 is 1.91502 over 199 frames.
nsc-part2-chn0-spk09663088mam-030880299 bedok regression northshore drive amber miss buddhist temple 
LOG (nnet3-latgen-faster[5.5.671~1-e5a5a]:DecodeUtteranceLatticeFaster():decoder-wrappers.cc:375) Log-like per frame for utterance nsc-part2-chn0-spk09663088mam-030880299 is 1.79292 over 214 frames.
nsc-part2-chn0-spk09663088mam-030880362 sun 并 要 要 记 and i dunia 互信 
LOG (nnet3-latgen-faster[5.5.671~1-e5a5a]:DecodeUtteranceLatticeFaster():decoder-wrappers.cc:375) Log-like per frame for utterance nsc-part2-chn0-spk09663088mam-030880362 is 1.54729 over 219 frames.
nsc-part2-chn0-spk09663088mam-030880410 i am waiting for christian to come back from marsiling neighbourhood police post 
LOG (nnet3-latgen-faster[5.5.671~1-e5a5a]:DecodeUtteranceLatticeFaster():decoder-wrappers.cc:375) Log-like per frame for utterance nsc-part2-chn0-spk09663088mam-030880410 is 1.96287 over 195 frames.
nsc-part2-chn0-spk09663088mam-030880424 真 心 感 lim 中档 and even en 
LOG (nnet3-latgen-faster[5.5.671~1-e5a5a]:DecodeUtteranceLatticeFaster():decoder-wrappers.cc:375) Log-like per frame for utterance nsc-part2-chn0-spk09663088mam-030880424 is 1.55241 over 220 frames.
nsc-part2-chn0-spk09663088mam-030880433 toa payoh rice dialysis school and spring singapore 
LOG (nnet3-latgen-faster[5.5.671~1-e5a5a]:DecodeUtteranceLatticeFaster():decoder-wrappers.cc:375) Log-like per frame for utterance nsc-part2-chn0-spk09663088mam-030880433 is 1.70656 over 199 frames.
nsc-part2-chn0-spk09663088mam-030881477 ideal is dropping me off at jalan lembah bedok 
LOG (nnet3-latgen-faster[5.5.671~1-e5a5a]:DecodeUtteranceLatticeFaster():decoder-wrappers.cc:375) Log-like per frame for utterance nsc-part2-chn0-spk09663088mam-030881477 is 1.89185 over 159 frames.
nsc-part2-chn0-spk09663088mam-030881528 bukit timah neighbourhood police centre kalau memandu road and jalan tanah-merah jalan dan lazada 
LOG (nnet3-latgen-faster[5.5.671~1-e5a5a]:DecodeUtteranceLatticeFaster():decoder-wrappers.cc:375) Log-like per frame for utterance nsc-part2-chn0-spk09663088mam-030881528 is 1.86007 over 309 frames.
nsc-part2-chn0-spk09663088mam-030881621 jurong-point combine temple what is your zhao and breakfast avenue 
LOG (nnet3-latgen-faster[5.5.671~1-e5a5a]:DecodeUtteranceLatticeFaster():decoder-wrappers.cc:375) Log-like per frame for utterance nsc-part2-chn0-spk09663088mam-030881621 is 1.62929 over 189 frames.
nsc-part2-chn0-spk09663088mam-030881761 kampung adam-road valueless lain developers church centre church 
LOG (nnet3-latgen-faster[5.5.671~1-e5a5a]:DecodeUtteranceLatticeFaster():decoder-wrappers.cc:375) Log-like per frame for utterance nsc-part2-chn0-spk09663088mam-030881761 is 1.66712 over 219 frames.
nsc-part2-chn0-spk09663088mam-030881853 i'm waiting for you want to come back from 你 treated of engineers singapore's 
LOG (nnet3-latgen-faster[5.5.671~1-e5a5a]:DecodeUtteranceLatticeFaster():decoder-wrappers.cc:375) Log-like per frame for utterance nsc-part2-chn0-spk09663088mam-030881853 is 2.15912 over 150 frames.
nsc-part2-chn0-spk09733055inf-030550024 upper originate link jalan kayu manis and the shops at marina bay sands 
LOG (nnet3-latgen-faster[5.5.671~1-e5a5a]:DecodeUtteranceLatticeFaster():decoder-wrappers.cc:375) Log-like per frame for utterance nsc-part2-chn0-spk09733055inf-030550024 is 2.03989 over 211 frames.
nsc-part2-chn0-spk09733055inf-030550046 spring rolls will be too scene and food republic 
LOG (nnet3-latgen-faster[5.5.671~1-e5a5a]:DecodeUtteranceLatticeFaster():decoder-wrappers.cc:375) Log-like per frame for utterance nsc-part2-chn0-spk09733055inf-030550046 is 2.28854 over 112 frames.
nsc-part2-chn0-spk09733055inf-030550057 can you recommend me a restaurant near kampung kembangan neighbourhood police post 
LOG (nnet3-latgen-faster[5.5.671~1-e5a5a]:DecodeUtteranceLatticeFaster():decoder-wrappers.cc:375) Log-like per frame for utterance nsc-part2-chn0-spk09733055inf-030550057 is 2.45984 over 181 frames.
nsc-part2-chn0-spk09733055inf-030550118 centennial touching 提 供 temple and the seletar mall 
LOG (nnet3-latgen-faster[5.5.671~1-e5a5a]:DecodeUtteranceLatticeFaster():decoder-wrappers.cc:375) Log-like per frame for utterance nsc-part2-chn0-spk09733055inf-030550118 is 1.86334 over 141 frames.
nsc-part2-chn0-spk09733055inf-030550134 telok-blangah rice transfer throat and the library at chinatown 
LOG (nnet3-latgen-faster[5.5.671~1-e5a5a]:DecodeUtteranceLatticeFaster():decoder-wrappers.cc:375) Log-like per frame for utterance nsc-part2-chn0-spk09733055inf-030550134 is 2.04801 over 148 frames.
nsc-part2-chn0-spk09733055inf-030550164 what is the distance to bedok jetty 
LOG (nnet3-latgen-faster[5.5.671~1-e5a5a]:DecodeUtteranceLatticeFaster():decoder-wrappers.cc:375) Log-like per frame for utterance nsc-part2-chn0-spk09733055inf-030550164 is 2.30742 over 113 frames.
nsc-part2-chn0-spk09733055inf-030550212 sembawang vista alexandra lane and tried road 
LOG (nnet3-latgen-faster[5.5.671~1-e5a5a]:DecodeUtteranceLatticeFaster():decoder-wrappers.cc:375) Log-like per frame for utterance nsc-part2-chn0-spk09733055inf-030550212 is 1.93667 over 124 frames.
nsc-part2-chn0-spk09733055inf-030550294 jalan suddenly months uh 男 kampung cantik in singapore centre for chinese language 
LOG (nnet3-latgen-faster[5.5.671~1-e5a5a]:DecodeUtteranceLatticeFaster():decoder-wrappers.cc:375) Log-like per frame for utterance nsc-part2-chn0-spk09733055inf-030550294 is 1.84437 over 263 frames.
nsc-part2-chn0-spk09733055inf-030550323 holland growth lain geylang bahru there is an <unk> road 
LOG (nnet3-latgen-faster[5.5.671~1-e5a5a]:DecodeUtteranceLatticeFaster():decoder-wrappers.cc:375) Log-like per frame for utterance nsc-part2-chn0-spk09733055inf-030550323 is 1.97886 over 159 frames.
nsc-part2-chn0-spk09733055inf-030551452 curry chicken drumstick roasted crispy spring chicken and banana fritters 
LOG (nnet3-latgen-faster[5.5.671~1-e5a5a]:DecodeUtteranceLatticeFaster():decoder-wrappers.cc:375) Log-like per frame for utterance nsc-part2-chn0-spk09733055inf-030551452 is 2.27036 over 223 frames.
nsc-part2-chn0-spk09733055inf-030551493 which mask should i take marsiling-drive 
LOG (nnet3-latgen-faster[5.5.671~1-e5a5a]:DecodeUtteranceLatticeFaster():decoder-wrappers.cc:375) Log-like per frame for utterance nsc-part2-chn0-spk09733055inf-030551493 is 2.07338 over 121 frames.
nsc-part2-chn0-spk09733055inf-030551566 jalan suddenly can wrote and bedok we are crescent 
LOG (nnet3-latgen-faster[5.5.671~1-e5a5a]:DecodeUtteranceLatticeFaster():decoder-wrappers.cc:375) Log-like per frame for utterance nsc-part2-chn0-spk09733055inf-030551566 is 1.95826 over 135 frames.
nsc-part2-chn0-spk09733055inf-030551695 kampung around road jalan clinic and muscles hill 
LOG (nnet3-latgen-faster[5.5.671~1-e5a5a]:DecodeUtteranceLatticeFaster():decoder-wrappers.cc:375) Log-like per frame for utterance nsc-part2-chn0-spk09733055inf-030551695 is 1.90771 over 148 frames.
nsc-part2-chn0-spk09733055inf-030551875 <unk> avenue jalan ke my mum and seletar east farmway 
LOG (nnet3-latgen-faster[5.5.671~1-e5a5a]:DecodeUtteranceLatticeFaster():decoder-wrappers.cc:375) Log-like per frame for utterance nsc-part2-chn0-spk09733055inf-030551875 is 1.84489 over 137 frames.
nsc-part2-chn0-spk09793078inf-030780004 roasted crispy spring chicken 不 去 salad and stir fry beef with black pepper 
LOG (nnet3-latgen-faster[5.5.671~1-e5a5a]:DecodeUtteranceLatticeFaster():decoder-wrappers.cc:375) Log-like per frame for utterance nsc-part2-chn0-spk09793078inf-030780004 is 1.74816 over 249 frames.
nsc-part2-chn0-spk09793078inf-030780024 marsiling industrial estate ang mo kio street twenty four an upper pump valley road 
LOG (nnet3-latgen-faster[5.5.671~1-e5a5a]:DecodeUtteranceLatticeFaster():decoder-wrappers.cc:375) Log-like per frame for utterance nsc-part2-chn0-spk09793078inf-030780024 is 2.06957 over 259 frames.
nsc-part2-chn0-spk09793078inf-030780123 the seletar mall sunset square and library at chinatown 
LOG (nnet3-latgen-faster[5.5.671~1-e5a5a]:DecodeUtteranceLatticeFaster():decoder-wrappers.cc:375) Log-like per frame for utterance nsc-part2-chn0-spk09793078inf-030780123 is 1.93456 over 224 frames.
nsc-part2-chn0-spk09793078inf-030780182 please show me the way to kampung eunos 
LOG (nnet3-latgen-faster[5.5.671~1-e5a5a]:DecodeUtteranceLatticeFaster():decoder-wrappers.cc:375) Log-like per frame for utterance nsc-part2-chn0-spk09793078inf-030780182 is 1.85706 over 113 frames.
nsc-part2-chn0-spk09793078inf-030780197 what is the cheapest way to german langgar bedok 
LOG (nnet3-latgen-faster[5.5.671~1-e5a5a]:DecodeUtteranceLatticeFaster():decoder-wrappers.cc:375) Log-like per frame for utterance nsc-part2-chn0-spk09793078inf-030780197 is 1.82366 over 143 frames.
nsc-part2-chn0-spk09793078inf-030780203 it is faster to take the bus to jalan ulu sembawang 
LOG (nnet3-latgen-faster[5.5.671~1-e5a5a]:DecodeUtteranceLatticeFaster():decoder-wrappers.cc:375) Log-like per frame for utterance nsc-part2-chn0-spk09793078inf-030780203 is 2.04039 over 151 frames.
nsc-part2-chn0-spk09793078inf-030780232 please look for shamin when you reach taman-jurong pa 
LOG (nnet3-latgen-faster[5.5.671~1-e5a5a]:DecodeUtteranceLatticeFaster():decoder-wrappers.cc:375) Log-like per frame for utterance nsc-part2-chn0-spk09793078inf-030780232 is 2.00027 over 146 frames.
nsc-part2-chn0-spk09793078inf-030780247 langkawi satu sago street and bukit-batok street 
LOG (nnet3-latgen-faster[5.5.671~1-e5a5a]:DecodeUtteranceLatticeFaster():decoder-wrappers.cc:375) Log-like per frame for utterance nsc-part2-chn0-spk09793078inf-030780247 is 2.01211 over 170 frames.
nsc-part2-chn0-spk09793078inf-030780268 kampung baru prompt me road and north point of his 的 drive 
LOG (nnet3-latgen-faster[5.5.671~1-e5a5a]:DecodeUtteranceLatticeFaster():decoder-wrappers.cc:375) Log-like per frame for utterance nsc-part2-chn0-spk09793078inf-030780268 is 1.91989 over 185 frames.
nsc-part2-chn0-spk09793078inf-030780302 selatan lodge one jalan hari raya and high the road 
LOG (nnet3-latgen-faster[5.5.671~1-e5a5a]:DecodeUtteranceLatticeFaster():decoder-wrappers.cc:375) Log-like per frame for utterance nsc-part2-chn0-spk09793078inf-030780302 is 1.75728 over 253 frames.
nsc-part2-chn0-spk09793078inf-030780388 do you know where is kampung java 
LOG (nnet3-latgen-faster[5.5.671~1-e5a5a]:DecodeUtteranceLatticeFaster():decoder-wrappers.cc:375) Log-like per frame for utterance nsc-part2-chn0-spk09793078inf-030780388 is 2.02855 over 98 frames.
nsc-part2-chn0-spk09793078inf-030780411 the pan pacific hotel bukit timah shopping centre and jalan lain la yang 
LOG (nnet3-latgen-faster[5.5.671~1-e5a5a]:DecodeUtteranceLatticeFaster():decoder-wrappers.cc:375) Log-like per frame for utterance nsc-part2-chn0-spk09793078inf-030780411 is 1.92189 over 248 frames.
nsc-part2-chn0-spk09793078inf-030780434 singapore conference hor our journey avenue two and the amira hotel 
LOG (nnet3-latgen-faster[5.5.671~1-e5a5a]:DecodeUtteranceLatticeFaster():decoder-wrappers.cc:375) Log-like per frame for utterance nsc-part2-chn0-spk09793078inf-030780434 is 1.95571 over 240 frames.
nsc-part2-chn0-spk09793078inf-030781760 upper seletar reservoir ah standard road and east asia school of p allergy 
LOG (nnet3-latgen-faster[5.5.671~1-e5a5a]:DecodeUtteranceLatticeFaster():decoder-wrappers.cc:375) Log-like per frame for utterance nsc-part2-chn0-spk09793078inf-030781760 is 1.90163 over 216 frames.
LOG (apply-cmvn[5.5.671~1-e5a5a]:main():apply-cmvn.cc:81) Copied 65 utterances.
nsc-part2-chn0-spk09793078inf-030781764 零 将 bang argument hassan and suddenly ang 
LOG (nnet3-latgen-faster[5.5.671~1-e5a5a]:DecodeUtteranceLatticeFaster():decoder-wrappers.cc:375) Log-like per frame for utterance nsc-part2-chn0-spk09793078inf-030781764 is 1.76255 over 169 frames.
nsc-part2-chn0-spk09793078inf-030781773 institute of chemical and engineering sciences bedok green primary school and jalan tiga ratus 
LOG (nnet3-latgen-faster[5.5.671~1-e5a5a]:DecodeUtteranceLatticeFaster():decoder-wrappers.cc:375) Log-like per frame for utterance nsc-part2-chn0-spk09793078inf-030781773 is 2.09565 over 326 frames.
nsc-part2-chn0-spk09793078inf-030781887 seletar north link 完 summer palace and blissful lost 
LOG (nnet3-latgen-faster[5.5.671~1-e5a5a]:DecodeUtteranceLatticeFaster():decoder-wrappers.cc:375) Log-like per frame for utterance nsc-part2-chn0-spk09793078inf-030781887 is 1.7793 over 198 frames.
LOG (nnet3-latgen-faster[5.5.671~1-e5a5a]:main():nnet3-latgen-faster.cc:256) Time taken 247.215s: real-time factor assuming 100 frames/sec is 0.648094
LOG (nnet3-latgen-faster[5.5.671~1-e5a5a]:main():nnet3-latgen-faster.cc:259) Done 65 utterances, failed for 0
LOG (nnet3-latgen-faster[5.5.671~1-e5a5a]:main():nnet3-latgen-faster.cc:261) Overall log-likelihood per frame is 1.88007 over 12715 frames.
LOG (nnet3-latgen-faster[5.5.671~1-e5a5a]:~CachingOptimizingCompiler():nnet-optimize.cc:710) 0.674 seconds taken in nnet3 compilation total (breakdown: 0.5 compilation, 0.0974 optimization, 0 shortcut expansion, 0.0281 checking, 7.34e-05 computing indexes, 0.0486 misc.) + 0 I/O.
LOG (lattice-scale[5.5.671~1-e5a5a]:main():lattice-scale.cc:107) Done 65 lattices.
# Accounting: time=254 threads=1
# Ended (code 0) at Fri Aug 27 14:00:19 +08 2021, elapsed time 254 seconds
