# nnet3-latgen-faster --online-ivectors=scp:/home3/yachao001/home/asr/w2021/offline-hotwords-asr-test-v2-bak-bak-ASR-4/data/ivector-data-imda-part2/ivector_online.scp --online-ivector-period=10 --frame-subsampling-factor=3 --frames-per-chunk=50 --extra-left-context=0 --extra-right-context=0 --extra-left-context-initial=-1 --extra-right-context-final=-1 --minimize=false --max-active=7000 --min-active=200 --beam=15.0 --lattice-beam=8.0 --acoustic-scale=1.0 --allow-partial=true --word-symbol-table=/home3/yachao001/home/asr/w2021/offline-hotwords-asr-test-v2-bak-bak-ASR-4/exp/msf-scdf-cs-june2021-prune/tdnnf-biased/graph_msf_mix_prune/words.txt /home3/yachao001/home/asr/w2021/offline-hotwords-asr-test-v2-bak-bak-ASR-4/exp/msf-scdf-cs-june2021-prune/tdnnf-biased/final.mdl /home3/yachao001/home/asr/w2021/offline-hotwords-asr-test-v2-bak-bak-ASR-4/exp/msf-scdf-cs-june2021-prune/tdnnf-biased/graph_msf_mix_prune/HCLG.fst "ark,s,cs:apply-cmvn --norm-means=false --norm-vars=false --utt2spk=ark:/home3/yachao001/home/asr/w2021/hotword/data/imda-part2/mfcc-hires/split20/5/utt2spk scp:/home3/yachao001/home/asr/w2021/hotword/data/imda-part2/mfcc-hires/split20/5/cmvn.scp scp:/home3/yachao001/home/asr/w2021/hotword/data/imda-part2/mfcc-hires/split20/5/feats.scp ark:- |" "ark:|lattice-scale --acoustic-scale=10.0 ark:- ark:- | gzip -c >/home3/yachao001/home/asr/w2021/offline-hotwords-asr-test-v2-bak-bak-ASR-4/exp/msf-scdf-cs-june2021-prune/tdnnf-biased/decode-data-master/lat.5.gz" 
# Started at Fri Aug 27 13:56:05 +08 2021
#
nnet3-latgen-faster --online-ivectors=scp:/home3/yachao001/home/asr/w2021/offline-hotwords-asr-test-v2-bak-bak-ASR-4/data/ivector-data-imda-part2/ivector_online.scp --online-ivector-period=10 --frame-subsampling-factor=3 --frames-per-chunk=50 --extra-left-context=0 --extra-right-context=0 --extra-left-context-initial=-1 --extra-right-context-final=-1 --minimize=false --max-active=7000 --min-active=200 --beam=15.0 --lattice-beam=8.0 --acoustic-scale=1.0 --allow-partial=true --word-symbol-table=/home3/yachao001/home/asr/w2021/offline-hotwords-asr-test-v2-bak-bak-ASR-4/exp/msf-scdf-cs-june2021-prune/tdnnf-biased/graph_msf_mix_prune/words.txt /home3/yachao001/home/asr/w2021/offline-hotwords-asr-test-v2-bak-bak-ASR-4/exp/msf-scdf-cs-june2021-prune/tdnnf-biased/final.mdl /home3/yachao001/home/asr/w2021/offline-hotwords-asr-test-v2-bak-bak-ASR-4/exp/msf-scdf-cs-june2021-prune/tdnnf-biased/graph_msf_mix_prune/HCLG.fst 'ark,s,cs:apply-cmvn --norm-means=false --norm-vars=false --utt2spk=ark:/home3/yachao001/home/asr/w2021/hotword/data/imda-part2/mfcc-hires/split20/5/utt2spk scp:/home3/yachao001/home/asr/w2021/hotword/data/imda-part2/mfcc-hires/split20/5/cmvn.scp scp:/home3/yachao001/home/asr/w2021/hotword/data/imda-part2/mfcc-hires/split20/5/feats.scp ark:- |' 'ark:|lattice-scale --acoustic-scale=10.0 ark:- ark:- | gzip -c >/home3/yachao001/home/asr/w2021/offline-hotwords-asr-test-v2-bak-bak-ASR-4/exp/msf-scdf-cs-june2021-prune/tdnnf-biased/decode-data-master/lat.5.gz' 
LOG (nnet3-latgen-faster[5.5.671~1-e5a5a]:RemoveOrphanNodes():nnet-nnet.cc:948) Removed 1 orphan nodes.
LOG (nnet3-latgen-faster[5.5.671~1-e5a5a]:RemoveOrphanComponents():nnet-nnet.cc:847) Removing 2 orphan components.
LOG (nnet3-latgen-faster[5.5.671~1-e5a5a]:Collapse():nnet-utils.cc:1472) Added 1 components, removed 2
lattice-scale --acoustic-scale=10.0 ark:- ark:- 
apply-cmvn --norm-means=false --norm-vars=false --utt2spk=ark:/home3/yachao001/home/asr/w2021/hotword/data/imda-part2/mfcc-hires/split20/5/utt2spk scp:/home3/yachao001/home/asr/w2021/hotword/data/imda-part2/mfcc-hires/split20/5/cmvn.scp scp:/home3/yachao001/home/asr/w2021/hotword/data/imda-part2/mfcc-hires/split20/5/feats.scp ark:- 
LOG (nnet3-latgen-faster[5.5.671~1-e5a5a]:CheckAndFixConfigs():nnet-am-decodable-simple.cc:294) Increasing --frames-per-chunk from 50 to 51 to make it a multiple of --frame-subsampling-factor=3
nsc-part2-chn0-spk06922289cnf-022890134 chai chee via post company eunos and arrange road 
LOG (nnet3-latgen-faster[5.5.671~1-e5a5a]:DecodeUtteranceLatticeFaster():decoder-wrappers.cc:375) Log-like per frame for utterance nsc-part2-chn0-spk06922289cnf-022890134 is 1.6932 over 191 frames.
nsc-part2-chn0-spk06922289cnf-022890164 what is the distance two seletar link 
LOG (nnet3-latgen-faster[5.5.671~1-e5a5a]:DecodeUtteranceLatticeFaster():decoder-wrappers.cc:375) Log-like per frame for utterance nsc-part2-chn0-spk06922289cnf-022890164 is 1.83823 over 113 frames.
nsc-part2-chn0-spk06922289cnf-022890181 how far away bukit batok avenue from here 
LOG (nnet3-latgen-faster[5.5.671~1-e5a5a]:DecodeUtteranceLatticeFaster():decoder-wrappers.cc:375) Log-like per frame for utterance nsc-part2-chn0-spk06922289cnf-022890181 is 2.13525 over 128 frames.
nsc-part2-chn0-spk06922289cnf-022890239 what is lorong one geylang 
LOG (nnet3-latgen-faster[5.5.671~1-e5a5a]:DecodeUtteranceLatticeFaster():decoder-wrappers.cc:375) Log-like per frame for utterance nsc-part2-chn0-spk06922289cnf-022890239 is 1.78901 over 101 frames.
nsc-part2-chn0-spk06922289cnf-022890269 self illness drive report avenue an upper bukit timah road 
LOG (nnet3-latgen-faster[5.5.671~1-e5a5a]:DecodeUtteranceLatticeFaster():decoder-wrappers.cc:375) Log-like per frame for utterance nsc-part2-chn0-spk06922289cnf-022890269 is 2.05919 over 160 frames.
nsc-part2-chn0-spk06922289cnf-022890332 sembawang drive 
LOG (nnet3-latgen-faster[5.5.671~1-e5a5a]:DecodeUtteranceLatticeFaster():decoder-wrappers.cc:375) Log-like per frame for utterance nsc-part2-chn0-spk06922289cnf-022890332 is 1.7294 over 90 frames.
nsc-part2-chn0-spk06922289cnf-022890412 find the fastest way to seletar settled station route 
LOG (nnet3-latgen-faster[5.5.671~1-e5a5a]:DecodeUtteranceLatticeFaster():decoder-wrappers.cc:375) Log-like per frame for utterance nsc-part2-chn0-spk06922289cnf-022890412 is 1.84264 over 158 frames.
nsc-part2-chn0-spk06922289cnf-022890439 chinese garden bukit-batok west as such will drive 
LOG (nnet3-latgen-faster[5.5.671~1-e5a5a]:DecodeUtteranceLatticeFaster():decoder-wrappers.cc:375) Log-like per frame for utterance nsc-part2-chn0-spk06922289cnf-022890439 is 1.87791 over 160 frames.
nsc-part2-chn0-spk06922289cnf-022891716 有 几 cause when mona avenue one ah avenue two 
LOG (nnet3-latgen-faster[5.5.671~1-e5a5a]:DecodeUtteranceLatticeFaster():decoder-wrappers.cc:375) Log-like per frame for utterance nsc-part2-chn0-spk06922289cnf-022891716 is 1.74536 over 158 frames.
nsc-part2-chn0-spk06922289cnf-022891773 bukit batok central 天 空 temper and challenging cake 
LOG (nnet3-latgen-faster[5.5.671~1-e5a5a]:DecodeUtteranceLatticeFaster():decoder-wrappers.cc:375) Log-like per frame for utterance nsc-part2-chn0-spk06922289cnf-022891773 is 1.95811 over 151 frames.
nsc-part2-chn0-spk06922289cnf-022891774 whereas bukit batok avenue 
LOG (nnet3-latgen-faster[5.5.671~1-e5a5a]:DecodeUtteranceLatticeFaster():decoder-wrappers.cc:375) Log-like per frame for utterance nsc-part2-chn0-spk06922289cnf-022891774 is 2.00541 over 94 frames.
nsc-part2-chn0-spk06922289cnf-022891804 pantai treat should gave birth in kampung chai chee 
LOG (nnet3-latgen-faster[5.5.671~1-e5a5a]:DecodeUtteranceLatticeFaster():decoder-wrappers.cc:375) Log-like per frame for utterance nsc-part2-chn0-spk06922289cnf-022891804 is 1.70079 over 130 frames.
nsc-part2-chn0-spk06922289cnf-022891841 halfway chandra literally and lim chong pang 
LOG (nnet3-latgen-faster[5.5.671~1-e5a5a]:DecodeUtteranceLatticeFaster():decoder-wrappers.cc:375) Log-like per frame for utterance nsc-part2-chn0-spk06922289cnf-022891841 is 1.71549 over 118 frames.
nsc-part2-chn0-spk06922289cnf-022891866 whenever hotel apa our junior and kim seng park 
LOG (nnet3-latgen-faster[5.5.671~1-e5a5a]:DecodeUtteranceLatticeFaster():decoder-wrappers.cc:375) Log-like per frame for utterance nsc-part2-chn0-spk06922289cnf-022891866 is 1.78395 over 147 frames.
nsc-part2-chn0-spk06922289cnf-022891875 actually m r t station keat hong link and german limping 
LOG (nnet3-latgen-faster[5.5.671~1-e5a5a]:DecodeUtteranceLatticeFaster():decoder-wrappers.cc:375) Log-like per frame for utterance nsc-part2-chn0-spk06922289cnf-022891875 is 1.82788 over 140 frames.
nsc-part2-chn0-spk07832894cnf-028940087 kampung 安 排 industrial estate holland hill entry 圈 view 
LOG (nnet3-latgen-faster[5.5.671~1-e5a5a]:DecodeUtteranceLatticeFaster():decoder-wrappers.cc:375) Log-like per frame for utterance nsc-part2-chn0-spk07832894cnf-028940087 is 1.9869 over 204 frames.
nsc-part2-chn0-spk07832894cnf-028940123 seletar country club lamp pink drive and uh unit crescent 
LOG (nnet3-latgen-faster[5.5.671~1-e5a5a]:DecodeUtteranceLatticeFaster():decoder-wrappers.cc:375) Log-like per frame for utterance nsc-part2-chn0-spk07832894cnf-028940123 is 2.10748 over 151 frames.
nsc-part2-chn0-spk07832894cnf-028940134 maris-stella high school orchard point and sembawang h d b branch office 
LOG (nnet3-latgen-faster[5.5.671~1-e5a5a]:DecodeUtteranceLatticeFaster():decoder-wrappers.cc:375) Log-like per frame for utterance nsc-part2-chn0-spk07832894cnf-028940134 is 2.23342 over 196 frames.
nsc-part2-chn0-spk07832894cnf-028940173 geylang-bahru toa payoh is and pen tag business hub 
LOG (nnet3-latgen-faster[5.5.671~1-e5a5a]:DecodeUtteranceLatticeFaster():decoder-wrappers.cc:375) Log-like per frame for utterance nsc-part2-chn0-spk07832894cnf-028940173 is 2.32278 over 155 frames.
nsc-part2-chn0-spk07832894cnf-028940187 black chicken herbal soup curry and roasted crispy spring chicken 
LOG (nnet3-latgen-faster[5.5.671~1-e5a5a]:DecodeUtteranceLatticeFaster():decoder-wrappers.cc:375) Log-like per frame for utterance nsc-part2-chn0-spk07832894cnf-028940187 is 2.2754 over 173 frames.
nsc-part2-chn0-spk07832894cnf-028940188 how do i get to seletar close 
LOG (nnet3-latgen-faster[5.5.671~1-e5a5a]:DecodeUtteranceLatticeFaster():decoder-wrappers.cc:375) Log-like per frame for utterance nsc-part2-chn0-spk07832894cnf-028940188 is 2.15509 over 97 frames.
nsc-part2-chn0-spk07832894cnf-028940221 select the fastest way to bedok north 
LOG (nnet3-latgen-faster[5.5.671~1-e5a5a]:DecodeUtteranceLatticeFaster():decoder-wrappers.cc:375) Log-like per frame for utterance nsc-part2-chn0-spk07832894cnf-028940221 is 2.23132 over 104 frames.
nsc-part2-chn0-spk07832894cnf-028940232 please look for bunny when you reach nee-soon spring 
LOG (nnet3-latgen-faster[5.5.671~1-e5a5a]:DecodeUtteranceLatticeFaster():decoder-wrappers.cc:375) Log-like per frame for utterance nsc-part2-chn0-spk07832894cnf-028940232 is 2.0182 over 123 frames.
nsc-part2-chn0-spk07832894cnf-028940299 pulau ubin 佛 山 听 大 伯 公 temple jalan while check and sembawang 
LOG (nnet3-latgen-faster[5.5.671~1-e5a5a]:DecodeUtteranceLatticeFaster():decoder-wrappers.cc:375) Log-like per frame for utterance nsc-part2-chn0-spk07832894cnf-028940299 is 1.86847 over 251 frames.
nsc-part2-chn0-spk07832894cnf-028940412 find the fastest way to a little called 
LOG (nnet3-latgen-faster[5.5.671~1-e5a5a]:DecodeUtteranceLatticeFaster():decoder-wrappers.cc:375) Log-like per frame for utterance nsc-part2-chn0-spk07832894cnf-028940412 is 2.0649 over 99 frames.
nsc-part2-chn0-spk07832894cnf-028940447 other food courts of restaurants near bukit-timah road 
LOG (nnet3-latgen-faster[5.5.671~1-e5a5a]:DecodeUtteranceLatticeFaster():decoder-wrappers.cc:375) Log-like per frame for utterance nsc-part2-chn0-spk07832894cnf-028940447 is 2.44808 over 127 frames.
nsc-part2-chn0-spk07832894cnf-028941596 can i take a bus the marsiling m r t station 
LOG (nnet3-latgen-faster[5.5.671~1-e5a5a]:DecodeUtteranceLatticeFaster():decoder-wrappers.cc:375) Log-like per frame for utterance nsc-part2-chn0-spk07832894cnf-028941596 is 2.30326 over 121 frames.
nsc-part2-chn0-spk07832894cnf-028941652 can i take the m r t to bukit-batok west 
LOG (nnet3-latgen-faster[5.5.671~1-e5a5a]:DecodeUtteranceLatticeFaster():decoder-wrappers.cc:375) Log-like per frame for utterance nsc-part2-chn0-spk07832894cnf-028941652 is 2.24534 over 136 frames.
nsc-part2-chn0-spk07832894cnf-028941770 there are stories about given a lame chong pang and 张 惠 in the database 
LOG (nnet3-latgen-faster[5.5.671~1-e5a5a]:DecodeUtteranceLatticeFaster():decoder-wrappers.cc:375) Log-like per frame for utterance nsc-part2-chn0-spk07832894cnf-028941770 is 1.94086 over 206 frames.
nsc-part2-chn0-spk07952885cnf-028850024 singapore wise you pack 三 thing kampung to be neighbourhood police post and north west community development council 
LOG (nnet3-latgen-faster[5.5.671~1-e5a5a]:DecodeUtteranceLatticeFaster():decoder-wrappers.cc:375) Log-like per frame for utterance nsc-part2-chn0-spk07952885cnf-028850024 is 1.98378 over 369 frames.
nsc-part2-chn0-spk07952885cnf-028850071 select the fastest way to bukit batok crescent 
LOG (nnet3-latgen-faster[5.5.671~1-e5a5a]:DecodeUtteranceLatticeFaster():decoder-wrappers.cc:375) Log-like per frame for utterance nsc-part2-chn0-spk07952885cnf-028850071 is 2.24519 over 158 frames.
nsc-part2-chn0-spk07952885cnf-028850121 i'm waiting for related to come back from taman-jurong 
LOG (nnet3-latgen-faster[5.5.671~1-e5a5a]:DecodeUtteranceLatticeFaster():decoder-wrappers.cc:375) Log-like per frame for utterance nsc-part2-chn0-spk07952885cnf-028850121 is 2.05544 over 183 frames.
nsc-part2-chn0-spk07952885cnf-028850204 can i take the m r t to seletar club road 
LOG (nnet3-latgen-faster[5.5.671~1-e5a5a]:DecodeUtteranceLatticeFaster():decoder-wrappers.cc:375) Log-like per frame for utterance nsc-part2-chn0-spk07952885cnf-028850204 is 2.11934 over 133 frames.
nsc-part2-chn0-spk07952885cnf-028850232 please look for jacqueline when you reach jalan lain 吧 bedok 
LOG (nnet3-latgen-faster[5.5.671~1-e5a5a]:DecodeUtteranceLatticeFaster():decoder-wrappers.cc:375) Log-like per frame for utterance nsc-part2-chn0-spk07952885cnf-028850232 is 1.98805 over 177 frames.
nsc-part2-chn0-spk07952885cnf-028850249 can i take a bus to aljunied road 
LOG (nnet3-latgen-faster[5.5.671~1-e5a5a]:DecodeUtteranceLatticeFaster():decoder-wrappers.cc:375) Log-like per frame for utterance nsc-part2-chn0-spk07952885cnf-028850249 is 2.16418 over 130 frames.
nsc-part2-chn0-spk07952885cnf-028850313 chinatown-point kampung sun gay tiga chinese cemetery and jalan tiga ratus 
LOG (nnet3-latgen-faster[5.5.671~1-e5a5a]:DecodeUtteranceLatticeFaster():decoder-wrappers.cc:375) Log-like per frame for utterance nsc-part2-chn0-spk07952885cnf-028850313 is 2.03106 over 264 frames.
nsc-part2-chn0-spk07952885cnf-028850323 geylang-polyclinic and dental clinic strength hotel and sixteen called earlier 亏 
LOG (nnet3-latgen-faster[5.5.671~1-e5a5a]:DecodeUtteranceLatticeFaster():decoder-wrappers.cc:375) Log-like per frame for utterance nsc-part2-chn0-spk07952885cnf-028850323 is 2.11773 over 243 frames.
nsc-part2-chn0-spk07952885cnf-028850342 find the fastest way to sembawang vista 
LOG (nnet3-latgen-faster[5.5.671~1-e5a5a]:DecodeUtteranceLatticeFaster():decoder-wrappers.cc:375) Log-like per frame for utterance nsc-part2-chn0-spk07952885cnf-028850342 is 2.07612 over 141 frames.
nsc-part2-chn0-spk07952885cnf-028851610 kranji commonwealth war cemetery 我 have wrote in bukit timah seven mile 
LOG (nnet3-latgen-faster[5.5.671~1-e5a5a]:DecodeUtteranceLatticeFaster():decoder-wrappers.cc:375) Log-like per frame for utterance nsc-part2-chn0-spk07952885cnf-028851610 is 1.9769 over 211 frames.
nsc-part2-chn0-spk07952885cnf-028851621 marsiling-drive montreal link and carbon bahru c c 
LOG (nnet3-latgen-faster[5.5.671~1-e5a5a]:DecodeUtteranceLatticeFaster():decoder-wrappers.cc:375) Log-like per frame for utterance nsc-part2-chn0-spk07952885cnf-028851621 is 1.97731 over 182 frames.
nsc-part2-chn0-spk07952885cnf-028851699 comes from java tan no kampung r_o_m m rivervale mall 
LOG (nnet3-latgen-faster[5.5.671~1-e5a5a]:DecodeUtteranceLatticeFaster():decoder-wrappers.cc:375) Log-like per frame for utterance nsc-part2-chn0-spk07952885cnf-028851699 is 1.82907 over 168 frames.
nsc-part2-chn0-spk07952885cnf-028851870 <unk> 旁 lee chong pang and um 起 名 
LOG (nnet3-latgen-faster[5.5.671~1-e5a5a]:DecodeUtteranceLatticeFaster():decoder-wrappers.cc:375) Log-like per frame for utterance nsc-part2-chn0-spk07952885cnf-028851870 is 1.70747 over 177 frames.
nsc-part2-chn0-spk07952885cnf-028851878 <unk> sunway warm hot bone and lee chong pang 
LOG (nnet3-latgen-faster[5.5.671~1-e5a5a]:DecodeUtteranceLatticeFaster():decoder-wrappers.cc:375) Log-like per frame for utterance nsc-part2-chn0-spk07952885cnf-028851878 is 1.62984 over 167 frames.
nsc-part2-chn0-spk08262877cnf-028770007 please show me the way to our unit avenue two 
LOG (nnet3-latgen-faster[5.5.671~1-e5a5a]:DecodeUtteranceLatticeFaster():decoder-wrappers.cc:375) Log-like per frame for utterance nsc-part2-chn0-spk08262877cnf-028770007 is 1.95849 over 147 frames.
nsc-part2-chn0-spk08262877cnf-028770080 pasir ris view main son wrote and bukit batok home for the aged 
LOG (nnet3-latgen-faster[5.5.671~1-e5a5a]:DecodeUtteranceLatticeFaster():decoder-wrappers.cc:375) Log-like per frame for utterance nsc-part2-chn0-spk08262877cnf-028770080 is 1.96882 over 236 frames.
nsc-part2-chn0-spk08262877cnf-028770134 our unique neighbourhood police post stadium crescent and mount faber road 
LOG (nnet3-latgen-faster[5.5.671~1-e5a5a]:DecodeUtteranceLatticeFaster():decoder-wrappers.cc:375) Log-like per frame for utterance nsc-part2-chn0-spk08262877cnf-028770134 is 2.22677 over 236 frames.
nsc-part2-chn0-spk08262877cnf-028770181 how far away is a letter from here 
LOG (nnet3-latgen-faster[5.5.671~1-e5a5a]:DecodeUtteranceLatticeFaster():decoder-wrappers.cc:375) Log-like per frame for utterance nsc-part2-chn0-spk08262877cnf-028770181 is 2.20552 over 122 frames.
nsc-part2-chn0-spk08262877cnf-028770232 please look for admin low know when you reach jalan legal bedok 
LOG (nnet3-latgen-faster[5.5.671~1-e5a5a]:DecodeUtteranceLatticeFaster():decoder-wrappers.cc:375) Log-like per frame for utterance nsc-part2-chn0-spk08262877cnf-028770232 is 1.93899 over 210 frames.
nsc-part2-chn0-spk08262877cnf-028770269 bukit batok is avenue singapore columns association and east coast avenue 
LOG (nnet3-latgen-faster[5.5.671~1-e5a5a]:DecodeUtteranceLatticeFaster():decoder-wrappers.cc:375) Log-like per frame for utterance nsc-part2-chn0-spk08262877cnf-028770269 is 2.22079 over 251 frames.
nsc-part2-chn0-spk08262877cnf-028770313 bukit batok road chess worth road and chua chu kang west 
LOG (nnet3-latgen-faster[5.5.671~1-e5a5a]:DecodeUtteranceLatticeFaster():decoder-wrappers.cc:375) Log-like per frame for utterance nsc-part2-chn0-spk08262877cnf-028770313 is 2.02611 over 187 frames.
nsc-part2-chn0-spk08262877cnf-028770320 show me the way to geylang square 
LOG (nnet3-latgen-faster[5.5.671~1-e5a5a]:DecodeUtteranceLatticeFaster():decoder-wrappers.cc:375) Log-like per frame for utterance nsc-part2-chn0-spk08262877cnf-028770320 is 2.11612 over 105 frames.
nsc-part2-chn0-spk08262877cnf-028770400 place look for carousell when you reach library at chinatown 
LOG (nnet3-latgen-faster[5.5.671~1-e5a5a]:DecodeUtteranceLatticeFaster():decoder-wrappers.cc:375) Log-like per frame for utterance nsc-part2-chn0-spk08262877cnf-028770400 is 2.34046 over 172 frames.
nsc-part2-chn0-spk08262877cnf-028770434 <unk> paying neighbourhood police post lorong pasu andrew avenue 
LOG (nnet3-latgen-faster[5.5.671~1-e5a5a]:DecodeUtteranceLatticeFaster():decoder-wrappers.cc:375) Log-like per frame for utterance nsc-part2-chn0-spk08262877cnf-028770434 is 2.19142 over 211 frames.
nsc-part2-chn0-spk08262877cnf-028770436 lorong ailing chai chee via post and bukit batok crescent 
LOG (nnet3-latgen-faster[5.5.671~1-e5a5a]:DecodeUtteranceLatticeFaster():decoder-wrappers.cc:375) Log-like per frame for utterance nsc-part2-chn0-spk08262877cnf-028770436 is 2.11546 over 194 frames.
nsc-part2-chn0-spk08262877cnf-028771660 kim home temple upper bedok road and teban garden post office 
LOG (nnet3-latgen-faster[5.5.671~1-e5a5a]:DecodeUtteranceLatticeFaster():decoder-wrappers.cc:375) Log-like per frame for utterance nsc-part2-chn0-spk08262877cnf-028771660 is 2.12781 over 223 frames.
nsc-part2-chn0-spk08262877cnf-028771761 <unk> avenue pasir panjang view and our unit neighbourhood police post 
LOG (nnet3-latgen-faster[5.5.671~1-e5a5a]:DecodeUtteranceLatticeFaster():decoder-wrappers.cc:375) Log-like per frame for utterance nsc-part2-chn0-spk08262877cnf-028771761 is 2.28566 over 216 frames.
LOG (apply-cmvn[5.5.671~1-e5a5a]:main():apply-cmvn.cc:81) Copied 59 utterances.
nsc-part2-chn0-spk08262877cnf-028771842 raji bali you ma boy lim choy punks and we being chiong 
LOG (nnet3-latgen-faster[5.5.671~1-e5a5a]:DecodeUtteranceLatticeFaster():decoder-wrappers.cc:375) Log-like per frame for utterance nsc-part2-chn0-spk08262877cnf-028771842 is 1.7913 over 282 frames.
nsc-part2-chn0-spk08262877cnf-028771863 bukit batok crescent robertson road post office and anxious hill 
LOG (nnet3-latgen-faster[5.5.671~1-e5a5a]:DecodeUtteranceLatticeFaster():decoder-wrappers.cc:375) Log-like per frame for utterance nsc-part2-chn0-spk08262877cnf-028771863 is 2.0716 over 239 frames.
nsc-part2-chn0-spk08262877cnf-028771881 bukit timah post office tan cheng cheng road and moon bin walk 
LOG (nnet3-latgen-faster[5.5.671~1-e5a5a]:DecodeUtteranceLatticeFaster():decoder-wrappers.cc:375) Log-like per frame for utterance nsc-part2-chn0-spk08262877cnf-028771881 is 1.99832 over 209 frames.
LOG (nnet3-latgen-faster[5.5.671~1-e5a5a]:main():nnet3-latgen-faster.cc:256) Time taken 203.925s: real-time factor assuming 100 frames/sec is 0.671358
LOG (nnet3-latgen-faster[5.5.671~1-e5a5a]:main():nnet3-latgen-faster.cc:259) Done 59 utterances, failed for 0
LOG (nnet3-latgen-faster[5.5.671~1-e5a5a]:main():nnet3-latgen-faster.cc:261) Overall log-likelihood per frame is 2.02375 over 10125 frames.
LOG (nnet3-latgen-faster[5.5.671~1-e5a5a]:~CachingOptimizingCompiler():nnet-optimize.cc:710) 0.635 seconds taken in nnet3 compilation total (breakdown: 0.476 compilation, 0.0995 optimization, 0 shortcut expansion, 0.0157 checking, 7.75e-05 computing indexes, 0.0443 misc.) + 0 I/O.
LOG (lattice-scale[5.5.671~1-e5a5a]:main():lattice-scale.cc:107) Done 59 lattices.
# Accounting: time=210 threads=1
# Ended (code 0) at Fri Aug 27 13:59:35 +08 2021, elapsed time 210 seconds
