# nnet3-latgen-faster --online-ivectors=scp:/home3/yachao001/home/asr/w2021/offline-hotwords-asr-test-v2-bak-bak-ASR-4/data/ivector-data-imda-part2/ivector_online.scp --online-ivector-period=10 --frame-subsampling-factor=3 --frames-per-chunk=50 --extra-left-context=0 --extra-right-context=0 --extra-left-context-initial=-1 --extra-right-context-final=-1 --minimize=false --max-active=7000 --min-active=200 --beam=15.0 --lattice-beam=8.0 --acoustic-scale=1.0 --allow-partial=true --word-symbol-table=/home3/yachao001/home/asr/w2021/offline-hotwords-asr-test-v2-bak-bak-ASR-4/exp/msf-scdf-cs-june2021-prune/tdnnf-biased/graph_msf_mix_prune/words.txt /home3/yachao001/home/asr/w2021/offline-hotwords-asr-test-v2-bak-bak-ASR-4/exp/msf-scdf-cs-june2021-prune/tdnnf-biased/final.mdl /home3/yachao001/home/asr/w2021/offline-hotwords-asr-test-v2-bak-bak-ASR-4/exp/msf-scdf-cs-june2021-prune/tdnnf-biased/graph_msf_mix_prune/HCLG.fst "ark,s,cs:apply-cmvn --norm-means=false --norm-vars=false --utt2spk=ark:/home3/yachao001/home/asr/w2021/hotword/data/imda-part2/mfcc-hires/split20/20/utt2spk scp:/home3/yachao001/home/asr/w2021/hotword/data/imda-part2/mfcc-hires/split20/20/cmvn.scp scp:/home3/yachao001/home/asr/w2021/hotword/data/imda-part2/mfcc-hires/split20/20/feats.scp ark:- |" "ark:|lattice-scale --acoustic-scale=10.0 ark:- ark:- | gzip -c >/home3/yachao001/home/asr/w2021/offline-hotwords-asr-test-v2-bak-bak-ASR-4/exp/msf-scdf-cs-june2021-prune/tdnnf-biased/decode-data-master/lat.20.gz" 
# Started at Fri Aug 27 13:56:05 +08 2021
#
nnet3-latgen-faster --online-ivectors=scp:/home3/yachao001/home/asr/w2021/offline-hotwords-asr-test-v2-bak-bak-ASR-4/data/ivector-data-imda-part2/ivector_online.scp --online-ivector-period=10 --frame-subsampling-factor=3 --frames-per-chunk=50 --extra-left-context=0 --extra-right-context=0 --extra-left-context-initial=-1 --extra-right-context-final=-1 --minimize=false --max-active=7000 --min-active=200 --beam=15.0 --lattice-beam=8.0 --acoustic-scale=1.0 --allow-partial=true --word-symbol-table=/home3/yachao001/home/asr/w2021/offline-hotwords-asr-test-v2-bak-bak-ASR-4/exp/msf-scdf-cs-june2021-prune/tdnnf-biased/graph_msf_mix_prune/words.txt /home3/yachao001/home/asr/w2021/offline-hotwords-asr-test-v2-bak-bak-ASR-4/exp/msf-scdf-cs-june2021-prune/tdnnf-biased/final.mdl /home3/yachao001/home/asr/w2021/offline-hotwords-asr-test-v2-bak-bak-ASR-4/exp/msf-scdf-cs-june2021-prune/tdnnf-biased/graph_msf_mix_prune/HCLG.fst 'ark,s,cs:apply-cmvn --norm-means=false --norm-vars=false --utt2spk=ark:/home3/yachao001/home/asr/w2021/hotword/data/imda-part2/mfcc-hires/split20/20/utt2spk scp:/home3/yachao001/home/asr/w2021/hotword/data/imda-part2/mfcc-hires/split20/20/cmvn.scp scp:/home3/yachao001/home/asr/w2021/hotword/data/imda-part2/mfcc-hires/split20/20/feats.scp ark:- |' 'ark:|lattice-scale --acoustic-scale=10.0 ark:- ark:- | gzip -c >/home3/yachao001/home/asr/w2021/offline-hotwords-asr-test-v2-bak-bak-ASR-4/exp/msf-scdf-cs-june2021-prune/tdnnf-biased/decode-data-master/lat.20.gz' 
LOG (nnet3-latgen-faster[5.5.671~1-e5a5a]:RemoveOrphanNodes():nnet-nnet.cc:948) Removed 1 orphan nodes.
LOG (nnet3-latgen-faster[5.5.671~1-e5a5a]:RemoveOrphanComponents():nnet-nnet.cc:847) Removing 2 orphan components.
LOG (nnet3-latgen-faster[5.5.671~1-e5a5a]:Collapse():nnet-utils.cc:1472) Added 1 components, removed 2
lattice-scale --acoustic-scale=10.0 ark:- ark:- 
apply-cmvn --norm-means=false --norm-vars=false --utt2spk=ark:/home3/yachao001/home/asr/w2021/hotword/data/imda-part2/mfcc-hires/split20/20/utt2spk scp:/home3/yachao001/home/asr/w2021/hotword/data/imda-part2/mfcc-hires/split20/20/cmvn.scp scp:/home3/yachao001/home/asr/w2021/hotword/data/imda-part2/mfcc-hires/split20/20/feats.scp ark:- 
LOG (nnet3-latgen-faster[5.5.671~1-e5a5a]:CheckAndFixConfigs():nnet-am-decodable-simple.cc:294) Increasing --frames-per-chunk from 50 to 51 to make it a multiple of --frame-subsampling-factor=3
nsc-part2-chn0-spk10692513inm-025130009 how long will it take to walk to geylang methodist school 
LOG (nnet3-latgen-faster[5.5.671~1-e5a5a]:DecodeUtteranceLatticeFaster():decoder-wrappers.cc:375) Log-like per frame for utterance nsc-part2-chn0-spk10692513inm-025130009 is 2.24725 over 127 frames.
nsc-part2-chn0-spk10692513inm-025130049 hai sing crescent kampung bugis and teban gardens post office 
LOG (nnet3-latgen-faster[5.5.671~1-e5a5a]:DecodeUtteranceLatticeFaster():decoder-wrappers.cc:375) Log-like per frame for utterance nsc-part2-chn0-spk10692513inm-025130049 is 1.99907 over 185 frames.
nsc-part2-chn0-spk10692513inm-025130173 seletar airport jalan berjaya already lack road 
LOG (nnet3-latgen-faster[5.5.671~1-e5a5a]:DecodeUtteranceLatticeFaster():decoder-wrappers.cc:375) Log-like per frame for utterance nsc-part2-chn0-spk10692513inm-025130173 is 1.89168 over 158 frames.
nsc-part2-chn0-spk10692513inm-025130212 singapore art museum to the scenario and sembawang got of wealth sample 
LOG (nnet3-latgen-faster[5.5.671~1-e5a5a]:DecodeUtteranceLatticeFaster():decoder-wrappers.cc:375) Log-like per frame for utterance nsc-part2-chn0-spk10692513inm-025130212 is 1.96348 over 210 frames.
nsc-part2-chn0-spk10692513inm-025130239 where is geylang langgar bedok 
LOG (nnet3-latgen-faster[5.5.671~1-e5a5a]:DecodeUtteranceLatticeFaster():decoder-wrappers.cc:375) Log-like per frame for utterance nsc-part2-chn0-spk10692513inm-025130239 is 1.80868 over 100 frames.
nsc-part2-chn0-spk10692513inm-025130296 kucing aljunied 
LOG (nnet3-latgen-faster[5.5.671~1-e5a5a]:DecodeUtteranceLatticeFaster():decoder-wrappers.cc:375) Log-like per frame for utterance nsc-part2-chn0-spk10692513inm-025130296 is 1.94763 over 83 frames.
nsc-part2-chn0-spk10692513inm-025130411 <unk> t avenue bukit batok clinic and stream <unk> temple 
LOG (nnet3-latgen-faster[5.5.671~1-e5a5a]:DecodeUtteranceLatticeFaster():decoder-wrappers.cc:375) Log-like per frame for utterance nsc-part2-chn0-spk10692513inm-025130411 is 1.98974 over 211 frames.
nsc-part2-chn0-spk10692513inm-025130418 dark stamp role sembawang one country club and pump avenue 
LOG (nnet3-latgen-faster[5.5.671~1-e5a5a]:DecodeUtteranceLatticeFaster():decoder-wrappers.cc:375) Log-like per frame for utterance nsc-part2-chn0-spk10692513inm-025130418 is 2.07069 over 157 frames.
nsc-part2-chn0-spk10692513inm-025131461 please tell me how to get to marsiling bro 
LOG (nnet3-latgen-faster[5.5.671~1-e5a5a]:DecodeUtteranceLatticeFaster():decoder-wrappers.cc:375) Log-like per frame for utterance nsc-part2-chn0-spk10692513inm-025131461 is 2.14291 over 106 frames.
nsc-part2-chn0-spk10692513inm-025131547 national new recipes institute of singapore <unk> trade burgers temple and a friend 
LOG (nnet3-latgen-faster[5.5.671~1-e5a5a]:DecodeUtteranceLatticeFaster():decoder-wrappers.cc:375) Log-like per frame for utterance nsc-part2-chn0-spk10692513inm-025131547 is 1.94381 over 219 frames.
nsc-part2-chn0-spk10692513inm-025131592 second link oh as a c international college an upper bukit timah 
LOG (nnet3-latgen-faster[5.5.671~1-e5a5a]:DecodeUtteranceLatticeFaster():decoder-wrappers.cc:375) Log-like per frame for utterance nsc-part2-chn0-spk10692513inm-025131592 is 2.00261 over 244 frames.
nsc-part2-chn0-spk10692513inm-025131695 briyani drive seven <unk> and kampong kapor road 
LOG (nnet3-latgen-faster[5.5.671~1-e5a5a]:DecodeUtteranceLatticeFaster():decoder-wrappers.cc:375) Log-like per frame for utterance nsc-part2-chn0-spk10692513inm-025131695 is 1.86642 over 179 frames.
nsc-part2-chn0-spk10692513inm-025131750 salman avenue bedok and outram park 
LOG (nnet3-latgen-faster[5.5.671~1-e5a5a]:DecodeUtteranceLatticeFaster():decoder-wrappers.cc:375) Log-like per frame for utterance nsc-part2-chn0-spk10692513inm-025131750 is 1.88653 over 130 frames.
nsc-part2-chn0-spk10692513inm-025131882 camp then medical centre lorong buangkok and seller sales drive 
LOG (nnet3-latgen-faster[5.5.671~1-e5a5a]:DecodeUtteranceLatticeFaster():decoder-wrappers.cc:375) Log-like per frame for utterance nsc-part2-chn0-spk10692513inm-025131882 is 1.8651 over 177 frames.
nsc-part2-chn0-spk14443161otm-031610032 seletar north link one 这 两 个 so 嘛 and clemon hotel 
LOG (nnet3-latgen-faster[5.5.671~1-e5a5a]:DecodeUtteranceLatticeFaster():decoder-wrappers.cc:375) Log-like per frame for utterance nsc-part2-chn0-spk14443161otm-031610032 is 1.80247 over 200 frames.
nsc-part2-chn0-spk14443161otm-031610046 giant spring home and lotto 
LOG (nnet3-latgen-faster[5.5.671~1-e5a5a]:DecodeUtteranceLatticeFaster():decoder-wrappers.cc:375) Log-like per frame for utterance nsc-part2-chn0-spk14443161otm-031610046 is 2.1374 over 102 frames.
nsc-part2-chn0-spk14443161otm-031610049 marsiling rise to do n u s medical school and bukit-merah central post office 
LOG (nnet3-latgen-faster[5.5.671~1-e5a5a]:DecodeUtteranceLatticeFaster():decoder-wrappers.cc:375) Log-like per frame for utterance nsc-part2-chn0-spk14443161otm-031610049 is 2.43075 over 178 frames.
nsc-part2-chn0-spk14443161otm-031610080 sembawang jurong east avenue and toa-payoh lorong eight 
LOG (nnet3-latgen-faster[5.5.671~1-e5a5a]:DecodeUtteranceLatticeFaster():decoder-wrappers.cc:375) Log-like per frame for utterance nsc-part2-chn0-spk14443161otm-031610080 is 2.28347 over 153 frames.
nsc-part2-chn0-spk14443161otm-031610100 how far away is arjuna neighbourhood police post from here 
LOG (nnet3-latgen-faster[5.5.671~1-e5a5a]:DecodeUtteranceLatticeFaster():decoder-wrappers.cc:375) Log-like per frame for utterance nsc-part2-chn0-spk14443161otm-031610100 is 2.29062 over 141 frames.
nsc-part2-chn0-spk14443161otm-031610118 science park bedok green primary school actually an international school 
LOG (nnet3-latgen-faster[5.5.671~1-e5a5a]:DecodeUtteranceLatticeFaster():decoder-wrappers.cc:375) Log-like per frame for utterance nsc-part2-chn0-spk14443161otm-031610118 is 2.24664 over 170 frames.
nsc-part2-chn0-spk14443161otm-031610173 punggol avenue 大 家 road and kampung ubi neighbourhood police post 
LOG (nnet3-latgen-faster[5.5.671~1-e5a5a]:DecodeUtteranceLatticeFaster():decoder-wrappers.cc:375) Log-like per frame for utterance nsc-part2-chn0-spk14443161otm-031610173 is 2.20389 over 156 frames.
nsc-part2-chn0-spk14443161otm-031610212 bukit batok west avenue arts 零 tamarind avenue 
LOG (nnet3-latgen-faster[5.5.671~1-e5a5a]:DecodeUtteranceLatticeFaster():decoder-wrappers.cc:375) Log-like per frame for utterance nsc-part2-chn0-spk14443161otm-031610212 is 2.32682 over 148 frames.
nsc-part2-chn0-spk14443161otm-031610228 could you tell me the way to geylang square 
LOG (nnet3-latgen-faster[5.5.671~1-e5a5a]:DecodeUtteranceLatticeFaster():decoder-wrappers.cc:375) Log-like per frame for utterance nsc-part2-chn0-spk14443161otm-031610228 is 2.43224 over 92 frames.
nsc-part2-chn0-spk14443161otm-031610325 请求 straight taman bedok and squeeze club link 
LOG (nnet3-latgen-faster[5.5.671~1-e5a5a]:DecodeUtteranceLatticeFaster():decoder-wrappers.cc:375) Log-like per frame for utterance nsc-part2-chn0-spk14443161otm-031610325 is 1.92722 over 134 frames.
nsc-part2-chn0-spk14443161otm-031610412 find the fastest way to bedok 
LOG (nnet3-latgen-faster[5.5.671~1-e5a5a]:DecodeUtteranceLatticeFaster():decoder-wrappers.cc:375) Log-like per frame for utterance nsc-part2-chn0-spk14443161otm-031610412 is 2.14525 over 90 frames.
nsc-part2-chn0-spk14443161otm-031611582 <unk> road there's a little more student healthcare 
LOG (nnet3-latgen-faster[5.5.671~1-e5a5a]:DecodeUtteranceLatticeFaster():decoder-wrappers.cc:375) Log-like per frame for utterance nsc-part2-chn0-spk14443161otm-031611582 is 2.10421 over 115 frames.
nsc-part2-chn0-spk14443161otm-031611610 jalan jurong bukit-timah post office and 中部 avenue 
LOG (nnet3-latgen-faster[5.5.671~1-e5a5a]:DecodeUtteranceLatticeFaster():decoder-wrappers.cc:375) Log-like per frame for utterance nsc-part2-chn0-spk14443161otm-031611610 is 2.0538 over 127 frames.
nsc-part2-chn0-spk14443161otm-031611716 bukit-batok east avenue will be techpark and foxtrot 
LOG (nnet3-latgen-faster[5.5.671~1-e5a5a]:DecodeUtteranceLatticeFaster():decoder-wrappers.cc:375) Log-like per frame for utterance nsc-part2-chn0-spk14443161otm-031611716 is 2.14012 over 128 frames.
nsc-part2-chn0-spk14443161otm-031611855 do you know where is kampung arang road 
LOG (nnet3-latgen-faster[5.5.671~1-e5a5a]:DecodeUtteranceLatticeFaster():decoder-wrappers.cc:375) Log-like per frame for utterance nsc-part2-chn0-spk14443161otm-031611855 is 1.96106 over 95 frames.
nsc-part2-chn0-spk14443161otm-031611875 出关 street spring due place and 就 好 听 temple 
LOG (nnet3-latgen-faster[5.5.671~1-e5a5a]:DecodeUtteranceLatticeFaster():decoder-wrappers.cc:375) Log-like per frame for utterance nsc-part2-chn0-spk14443161otm-031611875 is 1.71362 over 137 frames.
nsc-part2-chn0-spk14463163inf-031630035 会 seen our junior on pentium and chiong you fook charles 
LOG (nnet3-latgen-faster[5.5.671~1-e5a5a]:DecodeUtteranceLatticeFaster():decoder-wrappers.cc:375) Log-like per frame for utterance nsc-part2-chn0-spk14463163inf-031630035 is 1.47762 over 224 frames.
nsc-part2-chn0-spk14463163inf-031630049 jurong-west central geylang east central and jalan shy 
LOG (nnet3-latgen-faster[5.5.671~1-e5a5a]:DecodeUtteranceLatticeFaster():decoder-wrappers.cc:375) Log-like per frame for utterance nsc-part2-chn0-spk14463163inf-031630049 is 1.92863 over 205 frames.
nsc-part2-chn0-spk14463163inf-031630118 bukit timah avenue paya lebar place and you want 清 secondary school 
LOG (nnet3-latgen-faster[5.5.671~1-e5a5a]:DecodeUtteranceLatticeFaster():decoder-wrappers.cc:375) Log-like per frame for utterance nsc-part2-chn0-spk14463163inf-031630118 is 1.89131 over 280 frames.
nsc-part2-chn0-spk14463163inf-031630136 and suddenly road tuas avenue and marsiling crescent 
LOG (nnet3-latgen-faster[5.5.671~1-e5a5a]:DecodeUtteranceLatticeFaster():decoder-wrappers.cc:375) Log-like per frame for utterance nsc-part2-chn0-spk14463163inf-031630136 is 1.97904 over 172 frames.
nsc-part2-chn0-spk14463163inf-031630162 bukit batok crescent trust street and simulator clothes 
LOG (nnet3-latgen-faster[5.5.671~1-e5a5a]:DecodeUtteranceLatticeFaster():decoder-wrappers.cc:375) Log-like per frame for utterance nsc-part2-chn0-spk14463163inf-031630162 is 1.89644 over 260 frames.
nsc-part2-chn0-spk14463163inf-031630191 please look for only when you reach kampung kembangan neighbourhood police post 
LOG (nnet3-latgen-faster[5.5.671~1-e5a5a]:DecodeUtteranceLatticeFaster():decoder-wrappers.cc:375) Log-like per frame for utterance nsc-part2-chn0-spk14463163inf-031630191 is 2.19986 over 206 frames.
nsc-part2-chn0-spk14463163inf-031630225 jalan lembah bedok 
LOG (nnet3-latgen-faster[5.5.671~1-e5a5a]:DecodeUtteranceLatticeFaster():decoder-wrappers.cc:375) Log-like per frame for utterance nsc-part2-chn0-spk14463163inf-031630225 is 1.87216 over 95 frames.
nsc-part2-chn0-spk14463163inf-031630287 higher nice chicken rice roasted crispy spring chicken and fried pumpkin prawns 
LOG (nnet3-latgen-faster[5.5.671~1-e5a5a]:DecodeUtteranceLatticeFaster():decoder-wrappers.cc:375) Log-like per frame for utterance nsc-part2-chn0-spk14463163inf-031630287 is 1.98804 over 279 frames.
nsc-part2-chn0-spk14463163inf-031630296 symbol one tamil methodist church 
LOG (nnet3-latgen-faster[5.5.671~1-e5a5a]:DecodeUtteranceLatticeFaster():decoder-wrappers.cc:375) Log-like per frame for utterance nsc-part2-chn0-spk14463163inf-031630296 is 1.8509 over 133 frames.
nsc-part2-chn0-spk14463163inf-031630384 common jurong park hou-gang avenue six and changi east drive 
LOG (nnet3-latgen-faster[5.5.671~1-e5a5a]:DecodeUtteranceLatticeFaster():decoder-wrappers.cc:375) Log-like per frame for utterance nsc-part2-chn0-spk14463163inf-031630384 is 1.95824 over 230 frames.
nsc-part2-chn0-spk14463163inf-031630405 i am waiting for a child to come back from chinatown point post office 
LOG (nnet3-latgen-faster[5.5.671~1-e5a5a]:DecodeUtteranceLatticeFaster():decoder-wrappers.cc:375) Log-like per frame for utterance nsc-part2-chn0-spk14463163inf-031630405 is 2.00594 over 203 frames.
nsc-part2-chn0-spk14463163inf-031631480 business link bukit-batok-east avenue and chiong chiong primary school 
LOG (nnet3-latgen-faster[5.5.671~1-e5a5a]:DecodeUtteranceLatticeFaster():decoder-wrappers.cc:375) Log-like per frame for utterance nsc-part2-chn0-spk14463163inf-031631480 is 1.8919 over 266 frames.
nsc-part2-chn0-spk14463163inf-031631542 <unk> on who birth a hill and lim chong pang 
LOG (nnet3-latgen-faster[5.5.671~1-e5a5a]:DecodeUtteranceLatticeFaster():decoder-wrappers.cc:375) Log-like per frame for utterance nsc-part2-chn0-spk14463163inf-031631542 is 1.65005 over 183 frames.
LOG (apply-cmvn[5.5.671~1-e5a5a]:main():apply-cmvn.cc:81) Copied 47 utterances.
nsc-part2-chn0-spk14463163inf-031631584 soon wing road new upper changi road and kampung around road 
LOG (nnet3-latgen-faster[5.5.671~1-e5a5a]:DecodeUtteranceLatticeFaster():decoder-wrappers.cc:375) Log-like per frame for utterance nsc-part2-chn0-spk14463163inf-031631584 is 1.86328 over 227 frames.
nsc-part2-chn0-spk14463163inf-031631652 can i clicked it m r t to kampung bugis crescent 
LOG (nnet3-latgen-faster[5.5.671~1-e5a5a]:DecodeUtteranceLatticeFaster():decoder-wrappers.cc:375) Log-like per frame for utterance nsc-part2-chn0-spk14463163inf-031631652 is 2.07898 over 136 frames.
nsc-part2-chn0-spk14463163inf-031631794 which bus should i take to sembawang vista 
LOG (nnet3-latgen-faster[5.5.671~1-e5a5a]:DecodeUtteranceLatticeFaster():decoder-wrappers.cc:375) Log-like per frame for utterance nsc-part2-chn0-spk14463163inf-031631794 is 1.95014 over 135 frames.
nsc-part2-chn0-spk14463163inf-031631875 she only industrial park selesa heels drive and one north avenue 
LOG (nnet3-latgen-faster[5.5.671~1-e5a5a]:DecodeUtteranceLatticeFaster():decoder-wrappers.cc:375) Log-like per frame for utterance nsc-part2-chn0-spk14463163inf-031631875 is 1.93327 over 225 frames.
LOG (nnet3-latgen-faster[5.5.671~1-e5a5a]:main():nnet3-latgen-faster.cc:256) Time taken 184.515s: real-time factor assuming 100 frames/sec is 0.77746
LOG (nnet3-latgen-faster[5.5.671~1-e5a5a]:main():nnet3-latgen-faster.cc:259) Done 47 utterances, failed for 0
LOG (nnet3-latgen-faster[5.5.671~1-e5a5a]:main():nnet3-latgen-faster.cc:261) Overall log-likelihood per frame is 1.98703 over 7911 frames.
LOG (nnet3-latgen-faster[5.5.671~1-e5a5a]:~CachingOptimizingCompiler():nnet-optimize.cc:710) 0.746 seconds taken in nnet3 compilation total (breakdown: 0.551 compilation, 0.11 optimization, 0 shortcut expansion, 0.015 checking, 9.54e-05 computing indexes, 0.0695 misc.) + 0 I/O.
LOG (lattice-scale[5.5.671~1-e5a5a]:main():lattice-scale.cc:107) Done 47 lattices.
# Accounting: time=189 threads=1
# Ended (code 0) at Fri Aug 27 13:59:14 +08 2021, elapsed time 189 seconds
