# lattice-depth-per-frame "ark:gunzip -c /home3/yachao001/home/asr/w2021/offline-hotwords-asr-test-v2-bak-bak-ASR-4/exp/msf-scdf-cs-june2021-prune/tdnnf-biased/decode-data-master/lat.13.gz|" "ark,t:|gzip -c > /home3/yachao001/home/asr/w2021/offline-hotwords-asr-test-v2-bak-bak-ASR-4/exp/msf-scdf-cs-june2021-prune/tdnnf-biased/decode-data-master/depth_tmp.13.gz" ark:- | lattice-best-path --acoustic-scale=0.1 ark:- ark:/dev/null "ark,t:|gzip -c >/home3/yachao001/home/asr/w2021/offline-hotwords-asr-test-v2-bak-bak-ASR-4/exp/msf-scdf-cs-june2021-prune/tdnnf-biased/decode-data-master/ali_tmp.13.gz" 
# Started at Fri Aug 27 14:00:20 +08 2021
#
lattice-depth-per-frame 'ark:gunzip -c /home3/yachao001/home/asr/w2021/offline-hotwords-asr-test-v2-bak-bak-ASR-4/exp/msf-scdf-cs-june2021-prune/tdnnf-biased/decode-data-master/lat.13.gz|' 'ark,t:|gzip -c > /home3/yachao001/home/asr/w2021/offline-hotwords-asr-test-v2-bak-bak-ASR-4/exp/msf-scdf-cs-june2021-prune/tdnnf-biased/decode-data-master/depth_tmp.13.gz' ark:- 
lattice-best-path --acoustic-scale=0.1 ark:- ark:/dev/null 'ark,t:|gzip -c >/home3/yachao001/home/asr/w2021/offline-hotwords-asr-test-v2-bak-bak-ASR-4/exp/msf-scdf-cs-june2021-prune/tdnnf-biased/decode-data-master/ali_tmp.13.gz' 
LOG (lattice-best-path[5.5.671~1-e5a5a]:main():lattice-best-path.cc:99) For utterance nsc-part2-chn0-spk09813157cnm-031570003, best cost 81.7306 + -461.112 = -379.381 over 179 frames.
LOG (lattice-best-path[5.5.671~1-e5a5a]:main():lattice-best-path.cc:99) For utterance nsc-part2-chn0-spk09813157cnm-031570057, best cost 85.5316 + -487.84 = -402.308 over 167 frames.
LOG (lattice-best-path[5.5.671~1-e5a5a]:main():lattice-best-path.cc:99) For utterance nsc-part2-chn0-spk09813157cnm-031570063, best cost 82.2967 + -397.489 = -315.192 over 148 frames.
LOG (lattice-best-path[5.5.671~1-e5a5a]:main():lattice-best-path.cc:99) For utterance nsc-part2-chn0-spk09813157cnm-031570134, best cost 112.913 + -492.466 = -379.553 over 178 frames.
LOG (lattice-best-path[5.5.671~1-e5a5a]:main():lattice-best-path.cc:99) For utterance nsc-part2-chn0-spk09813157cnm-031570136, best cost 92.3485 + -394.936 = -302.588 over 144 frames.
LOG (lattice-best-path[5.5.671~1-e5a5a]:main():lattice-best-path.cc:99) For utterance nsc-part2-chn0-spk09813157cnm-031570242, best cost 102.902 + -414.376 = -311.473 over 146 frames.
LOG (lattice-best-path[5.5.671~1-e5a5a]:main():lattice-best-path.cc:99) For utterance nsc-part2-chn0-spk09813157cnm-031570247, best cost 118.088 + -434.321 = -316.233 over 159 frames.
LOG (lattice-best-path[5.5.671~1-e5a5a]:main():lattice-best-path.cc:99) For utterance nsc-part2-chn0-spk09813157cnm-031570251, best cost 90.2355 + -372.156 = -281.92 over 129 frames.
LOG (lattice-best-path[5.5.671~1-e5a5a]:main():lattice-best-path.cc:99) For utterance nsc-part2-chn0-spk09813157cnm-031570299, best cost 94.2246 + -514.836 = -420.611 over 185 frames.
LOG (lattice-best-path[5.5.671~1-e5a5a]:main():lattice-best-path.cc:99) For utterance nsc-part2-chn0-spk09813157cnm-031570313, best cost 126.629 + -594.161 = -467.532 over 208 frames.
LOG (lattice-best-path[5.5.671~1-e5a5a]:main():lattice-best-path.cc:99) For utterance nsc-part2-chn0-spk09813157cnm-031570427, best cost 93.5381 + -375.557 = -282.018 over 139 frames.
LOG (lattice-best-path[5.5.671~1-e5a5a]:main():lattice-best-path.cc:99) For utterance nsc-part2-chn0-spk09813157cnm-031571521, best cost 57.6845 + -230.245 = -172.561 over 96 frames.
LOG (lattice-best-path[5.5.671~1-e5a5a]:main():lattice-best-path.cc:99) For utterance nsc-part2-chn0-spk09813157cnm-031571568, best cost 48.0607 + -218.245 = -170.184 over 84 frames.
LOG (lattice-best-path[5.5.671~1-e5a5a]:main():lattice-best-path.cc:99) For utterance nsc-part2-chn0-spk09813157cnm-031571582, best cost 90.0586 + -384.385 = -294.326 over 138 frames.
LOG (lattice-best-path[5.5.671~1-e5a5a]:main():lattice-best-path.cc:99) For utterance nsc-part2-chn0-spk09813157cnm-031571716, best cost 92.382 + -350.3 = -257.918 over 132 frames.
LOG (lattice-best-path[5.5.671~1-e5a5a]:main():lattice-best-path.cc:99) For utterance nsc-part2-chn0-spk09813157cnm-031571738, best cost 85.4496 + -298.306 = -212.856 over 118 frames.
LOG (lattice-best-path[5.5.671~1-e5a5a]:main():lattice-best-path.cc:99) For utterance nsc-part2-chn0-spk09813157cnm-031571750, best cost 103.042 + -416.487 = -313.446 over 158 frames.
LOG (lattice-best-path[5.5.671~1-e5a5a]:main():lattice-best-path.cc:99) For utterance nsc-part2-chn0-spk09813157cnm-031571832, best cost 81.4998 + -431.41 = -349.91 over 147 frames.
LOG (lattice-best-path[5.5.671~1-e5a5a]:main():lattice-best-path.cc:99) For utterance nsc-part2-chn0-spk09823158cnm-031580016, best cost 69.412 + -386.148 = -316.736 over 145 frames.
LOG (lattice-best-path[5.5.671~1-e5a5a]:main():lattice-best-path.cc:99) For utterance nsc-part2-chn0-spk09823158cnm-031580024, best cost 112.661 + -597.76 = -485.099 over 224 frames.
LOG (lattice-best-path[5.5.671~1-e5a5a]:main():lattice-best-path.cc:99) For utterance nsc-part2-chn0-spk09823158cnm-031580030, best cost 30.2961 + -191.167 = -160.871 over 82 frames.
LOG (lattice-best-path[5.5.671~1-e5a5a]:main():lattice-best-path.cc:99) For utterance nsc-part2-chn0-spk09823158cnm-031580060, best cost 68.7608 + -353.348 = -284.587 over 134 frames.
LOG (lattice-best-path[5.5.671~1-e5a5a]:main():lattice-best-path.cc:99) For utterance nsc-part2-chn0-spk09823158cnm-031580170, best cost 91.946 + -350.507 = -258.561 over 154 frames.
LOG (lattice-best-path[5.5.671~1-e5a5a]:main():lattice-best-path.cc:99) For utterance nsc-part2-chn0-spk09823158cnm-031580187, best cost 107.538 + -542.867 = -435.329 over 219 frames.
LOG (lattice-best-path[5.5.671~1-e5a5a]:main():lattice-best-path.cc:99) For utterance nsc-part2-chn0-spk09823158cnm-031580191, best cost 95.3307 + -399.466 = -304.135 over 157 frames.
LOG (lattice-best-path[5.5.671~1-e5a5a]:main():lattice-best-path.cc:99) For utterance nsc-part2-chn0-spk09823158cnm-031580196, best cost 93.6975 + -414.245 = -320.548 over 175 frames.
LOG (lattice-best-path[5.5.671~1-e5a5a]:main():lattice-best-path.cc:99) For utterance nsc-part2-chn0-spk09823158cnm-031580212, best cost 96.5158 + -456.893 = -360.377 over 177 frames.
LOG (lattice-best-path[5.5.671~1-e5a5a]:main():lattice-best-path.cc:99) For utterance nsc-part2-chn0-spk09823158cnm-031580296, best cost 58.5485 + -280.236 = -221.687 over 109 frames.
LOG (lattice-best-path[5.5.671~1-e5a5a]:main():lattice-best-path.cc:99) For utterance nsc-part2-chn0-spk09823158cnm-031580313, best cost 105.728 + -477.613 = -371.885 over 186 frames.
LOG (lattice-best-path[5.5.671~1-e5a5a]:main():lattice-best-path.cc:99) For utterance nsc-part2-chn0-spk09823158cnm-031580410, best cost 86.773 + -408.882 = -322.109 over 158 frames.
LOG (lattice-best-path[5.5.671~1-e5a5a]:main():lattice-best-path.cc:99) For utterance nsc-part2-chn0-spk09823158cnm-031580445, best cost 89.9083 + -452.388 = -362.48 over 180 frames.
LOG (lattice-best-path[5.5.671~1-e5a5a]:main():lattice-best-path.cc:99) For utterance nsc-part2-chn0-spk09823158cnm-031581464, best cost 64.3511 + -305.702 = -241.35 over 115 frames.
LOG (lattice-best-path[5.5.671~1-e5a5a]:main():lattice-best-path.cc:99) For utterance nsc-part2-chn0-spk09823158cnm-031581624, best cost 92.697 + -489.823 = -397.126 over 196 frames.
LOG (lattice-best-path[5.5.671~1-e5a5a]:main():lattice-best-path.cc:99) For utterance nsc-part2-chn0-spk09823158cnm-031581764, best cost 98.945 + -367.349 = -268.404 over 155 frames.
LOG (lattice-best-path[5.5.671~1-e5a5a]:main():lattice-best-path.cc:99) For utterance nsc-part2-chn0-spk09823158cnm-031581838, best cost 39.3842 + -198.7 = -159.315 over 74 frames.
LOG (lattice-best-path[5.5.671~1-e5a5a]:main():lattice-best-path.cc:99) For utterance nsc-part2-chn0-spk09823158cnm-031581866, best cost 111.967 + -551.047 = -439.08 over 200 frames.
LOG (lattice-best-path[5.5.671~1-e5a5a]:main():lattice-best-path.cc:99) For utterance nsc-part2-chn0-spk09823158cnm-031581893, best cost 85.6355 + -378.903 = -293.268 over 149 frames.
LOG (lattice-best-path[5.5.671~1-e5a5a]:main():lattice-best-path.cc:99) For utterance nsc-part2-chn0-spk09862996cnf-029960032, best cost 129.667 + -609.64 = -479.974 over 245 frames.
LOG (lattice-best-path[5.5.671~1-e5a5a]:main():lattice-best-path.cc:99) For utterance nsc-part2-chn0-spk09862996cnf-029960080, best cost 103.387 + -547.162 = -443.775 over 224 frames.
LOG (lattice-best-path[5.5.671~1-e5a5a]:main():lattice-best-path.cc:99) For utterance nsc-part2-chn0-spk09862996cnf-029960087, best cost 91.9578 + -469.394 = -377.436 over 194 frames.
LOG (lattice-best-path[5.5.671~1-e5a5a]:main():lattice-best-path.cc:99) For utterance nsc-part2-chn0-spk09862996cnf-029960134, best cost 79.0463 + -409.397 = -330.351 over 163 frames.
LOG (lattice-best-path[5.5.671~1-e5a5a]:main():lattice-best-path.cc:99) For utterance nsc-part2-chn0-spk09862996cnf-029960225, best cost 27.9477 + -162.594 = -134.646 over 70 frames.
LOG (lattice-best-path[5.5.671~1-e5a5a]:main():lattice-best-path.cc:99) For utterance nsc-part2-chn0-spk09862996cnf-029960251, best cost 88.3548 + -374.468 = -286.114 over 168 frames.
LOG (lattice-best-path[5.5.671~1-e5a5a]:main():lattice-best-path.cc:99) For utterance nsc-part2-chn0-spk09862996cnf-029960258, best cost 73.5604 + -362.213 = -288.653 over 146 frames.
LOG (lattice-best-path[5.5.671~1-e5a5a]:main():lattice-best-path.cc:99) For utterance nsc-part2-chn0-spk09862996cnf-029960323, best cost 105.162 + -443.129 = -337.966 over 170 frames.
LOG (lattice-best-path[5.5.671~1-e5a5a]:main():lattice-best-path.cc:99) For utterance nsc-part2-chn0-spk09862996cnf-029960326, best cost 71.6752 + -322.387 = -250.712 over 121 frames.
LOG (lattice-best-path[5.5.671~1-e5a5a]:main():lattice-best-path.cc:99) For utterance nsc-part2-chn0-spk09862996cnf-029960342, best cost 98.9256 + -480.601 = -381.675 over 192 frames.
LOG (lattice-best-path[5.5.671~1-e5a5a]:main():lattice-best-path.cc:99) For utterance nsc-part2-chn0-spk09862996cnf-029960423, best cost 64.282 + -297.02 = -232.738 over 105 frames.
LOG (lattice-best-path[5.5.671~1-e5a5a]:main():lattice-best-path.cc:99) For utterance nsc-part2-chn0-spk09862996cnf-029960436, best cost 138.869 + -525.463 = -386.594 over 185 frames.
LOG (lattice-best-path[5.5.671~1-e5a5a]:main():lattice-best-path.cc:99) For utterance nsc-part2-chn0-spk09862996cnf-029961519, best cost 73.0288 + -298.36 = -225.331 over 117 frames.
LOG (lattice-best-path[5.5.671~1-e5a5a]:main():lattice-best-path.cc:99) For utterance nsc-part2-chn0-spk09862996cnf-029961600, best cost 54.7845 + -288.633 = -233.849 over 121 frames.
LOG (lattice-best-path[5.5.671~1-e5a5a]:main():lattice-best-path.cc:99) For utterance nsc-part2-chn0-spk09862996cnf-029961621, best cost 82.2648 + -335.757 = -253.493 over 133 frames.
LOG (lattice-best-path[5.5.671~1-e5a5a]:main():lattice-best-path.cc:99) For utterance nsc-part2-chn0-spk09862996cnf-029961660, best cost 86.347 + -330.953 = -244.606 over 123 frames.
LOG (lattice-best-path[5.5.671~1-e5a5a]:main():lattice-best-path.cc:99) For utterance nsc-part2-chn0-spk09873072inf-030720007, best cost 85.868 + -369.785 = -283.917 over 148 frames.
LOG (lattice-best-path[5.5.671~1-e5a5a]:main():lattice-best-path.cc:99) For utterance nsc-part2-chn0-spk09873072inf-030720100, best cost 69.9702 + -317.21 = -247.24 over 117 frames.
LOG (lattice-best-path[5.5.671~1-e5a5a]:main():lattice-best-path.cc:99) For utterance nsc-part2-chn0-spk09873072inf-030720107, best cost 80.1443 + -380.751 = -300.607 over 147 frames.
LOG (lattice-best-path[5.5.671~1-e5a5a]:main():lattice-best-path.cc:99) For utterance nsc-part2-chn0-spk09873072inf-030720115, best cost 67.1795 + -371.709 = -304.53 over 145 frames.
LOG (lattice-best-path[5.5.671~1-e5a5a]:main():lattice-best-path.cc:99) For utterance nsc-part2-chn0-spk09873072inf-030720123, best cost 131.069 + -670.499 = -539.43 over 243 frames.
LOG (lattice-best-path[5.5.671~1-e5a5a]:main():lattice-best-path.cc:99) For utterance nsc-part2-chn0-spk09873072inf-030720182, best cost 82.2182 + -296.957 = -214.739 over 119 frames.
LOG (lattice-best-path[5.5.671~1-e5a5a]:main():lattice-best-path.cc:99) For utterance nsc-part2-chn0-spk09873072inf-030720210, best cost 77.1995 + -322.335 = -245.135 over 127 frames.
LOG (lattice-best-path[5.5.671~1-e5a5a]:main():lattice-best-path.cc:99) For utterance nsc-part2-chn0-spk09873072inf-030720252, best cost 68.7364 + -349.896 = -281.159 over 137 frames.
LOG (lattice-best-path[5.5.671~1-e5a5a]:main():lattice-best-path.cc:99) For utterance nsc-part2-chn0-spk09873072inf-030720268, best cost 128.107 + -554.056 = -425.949 over 196 frames.
LOG (lattice-best-path[5.5.671~1-e5a5a]:main():lattice-best-path.cc:99) For utterance nsc-part2-chn0-spk09873072inf-030720320, best cost 62.3083 + -249.711 = -187.402 over 105 frames.
LOG (lattice-best-path[5.5.671~1-e5a5a]:main():lattice-best-path.cc:99) For utterance nsc-part2-chn0-spk09873072inf-030720351, best cost 79.3186 + -368.637 = -289.319 over 128 frames.
LOG (lattice-best-path[5.5.671~1-e5a5a]:main():lattice-best-path.cc:99) For utterance nsc-part2-chn0-spk09873072inf-030720437, best cost 120.482 + -507.052 = -386.571 over 177 frames.
LOG (lattice-best-path[5.5.671~1-e5a5a]:main():lattice-best-path.cc:99) For utterance nsc-part2-chn0-spk09873072inf-030721552, best cost 86.801 + -351.552 = -264.751 over 130 frames.
LOG (lattice-depth-per-frame[5.5.671~1-e5a5a]:main():lattice-depth-per-frame.cc:82) Done 70 lattices.
LOG (lattice-best-path[5.5.671~1-e5a5a]:main():lattice-best-path.cc:99) For utterance nsc-part2-chn0-spk09873072inf-030721559, best cost 105.962 + -374.91 = -268.948 over 145 frames.
LOG (lattice-best-path[5.5.671~1-e5a5a]:main():lattice-best-path.cc:99) For utterance nsc-part2-chn0-spk09873072inf-030721673, best cost 23.8481 + -164.906 = -141.058 over 71 frames.
LOG (lattice-best-path[5.5.671~1-e5a5a]:main():lattice-best-path.cc:99) For utterance nsc-part2-chn0-spk09873072inf-030721756, best cost 73.0596 + -351.136 = -278.077 over 138 frames.
LOG (lattice-best-path[5.5.671~1-e5a5a]:main():lattice-best-path.cc:99) For utterance nsc-part2-chn0-spk09873072inf-030721866, best cost 99.0001 + -446.794 = -347.794 over 181 frames.
LOG (lattice-best-path[5.5.671~1-e5a5a]:main():lattice-best-path.cc:124) Overall cost per frame is -2.0357 = 0.572032 [graph] + -2.60773 [acoustic] over 10575 frames.
LOG (lattice-best-path[5.5.671~1-e5a5a]:main():lattice-best-path.cc:128) Done 70 lattices, failed for 0
# Accounting: time=0 threads=1
# Ended (code 0) at Fri Aug 27 14:00:20 +08 2021, elapsed time 0 seconds
