# lattice-depth-per-frame "ark:gunzip -c /home3/yachao001/home/asr/w2021/offline-hotwords-asr-test-v2-bak-bak-ASR-4/exp/msf-scdf-cs-june2021-prune/tdnnf-biased/decode-data-master/lat.20.gz|" "ark,t:|gzip -c > /home3/yachao001/home/asr/w2021/offline-hotwords-asr-test-v2-bak-bak-ASR-4/exp/msf-scdf-cs-june2021-prune/tdnnf-biased/decode-data-master/depth_tmp.20.gz" ark:- | lattice-best-path --acoustic-scale=0.1 ark:- ark:/dev/null "ark,t:|gzip -c >/home3/yachao001/home/asr/w2021/offline-hotwords-asr-test-v2-bak-bak-ASR-4/exp/msf-scdf-cs-june2021-prune/tdnnf-biased/decode-data-master/ali_tmp.20.gz" 
# Started at Fri Aug 27 14:00:20 +08 2021
#
lattice-depth-per-frame 'ark:gunzip -c /home3/yachao001/home/asr/w2021/offline-hotwords-asr-test-v2-bak-bak-ASR-4/exp/msf-scdf-cs-june2021-prune/tdnnf-biased/decode-data-master/lat.20.gz|' 'ark,t:|gzip -c > /home3/yachao001/home/asr/w2021/offline-hotwords-asr-test-v2-bak-bak-ASR-4/exp/msf-scdf-cs-june2021-prune/tdnnf-biased/decode-data-master/depth_tmp.20.gz' ark:- 
lattice-best-path --acoustic-scale=0.1 ark:- ark:/dev/null 'ark,t:|gzip -c >/home3/yachao001/home/asr/w2021/offline-hotwords-asr-test-v2-bak-bak-ASR-4/exp/msf-scdf-cs-june2021-prune/tdnnf-biased/decode-data-master/ali_tmp.20.gz' 
LOG (lattice-best-path[5.5.671~1-e5a5a]:main():lattice-best-path.cc:99) For utterance nsc-part2-chn0-spk10692513inm-025130009, best cost 69.0139 + -354.415 = -285.401 over 127 frames.
LOG (lattice-best-path[5.5.671~1-e5a5a]:main():lattice-best-path.cc:99) For utterance nsc-part2-chn0-spk10692513inm-025130049, best cost 106.727 + -476.555 = -369.828 over 185 frames.
LOG (lattice-best-path[5.5.671~1-e5a5a]:main():lattice-best-path.cc:99) For utterance nsc-part2-chn0-spk10692513inm-025130173, best cost 83.1304 + -382.015 = -298.885 over 158 frames.
LOG (lattice-best-path[5.5.671~1-e5a5a]:main():lattice-best-path.cc:99) For utterance nsc-part2-chn0-spk10692513inm-025130212, best cost 105.226 + -517.557 = -412.331 over 210 frames.
LOG (lattice-best-path[5.5.671~1-e5a5a]:main():lattice-best-path.cc:99) For utterance nsc-part2-chn0-spk10692513inm-025130239, best cost 58.1278 + -238.995 = -180.868 over 100 frames.
LOG (lattice-best-path[5.5.671~1-e5a5a]:main():lattice-best-path.cc:99) For utterance nsc-part2-chn0-spk10692513inm-025130296, best cost 33.0295 + -194.683 = -161.653 over 83 frames.
LOG (lattice-best-path[5.5.671~1-e5a5a]:main():lattice-best-path.cc:99) For utterance nsc-part2-chn0-spk10692513inm-025130411, best cost 100.574 + -520.408 = -419.834 over 211 frames.
LOG (lattice-best-path[5.5.671~1-e5a5a]:main():lattice-best-path.cc:99) For utterance nsc-part2-chn0-spk10692513inm-025130418, best cost 107.022 + -432.12 = -325.098 over 157 frames.
LOG (lattice-best-path[5.5.671~1-e5a5a]:main():lattice-best-path.cc:99) For utterance nsc-part2-chn0-spk10692513inm-025131461, best cost 66.0397 + -293.188 = -227.148 over 106 frames.
LOG (lattice-best-path[5.5.671~1-e5a5a]:main():lattice-best-path.cc:99) For utterance nsc-part2-chn0-spk10692513inm-025131547, best cost 128.034 + -553.728 = -425.694 over 219 frames.
LOG (lattice-best-path[5.5.671~1-e5a5a]:main():lattice-best-path.cc:99) For utterance nsc-part2-chn0-spk10692513inm-025131592, best cost 111.014 + -599.651 = -488.637 over 244 frames.
LOG (lattice-best-path[5.5.671~1-e5a5a]:main():lattice-best-path.cc:99) For utterance nsc-part2-chn0-spk10692513inm-025131695, best cost 86.1124 + -420.201 = -334.089 over 179 frames.
LOG (lattice-best-path[5.5.671~1-e5a5a]:main():lattice-best-path.cc:99) For utterance nsc-part2-chn0-spk10692513inm-025131750, best cost 69.1984 + -314.448 = -245.249 over 130 frames.
LOG (lattice-best-path[5.5.671~1-e5a5a]:main():lattice-best-path.cc:99) For utterance nsc-part2-chn0-spk10692513inm-025131882, best cost 108.469 + -438.591 = -330.122 over 177 frames.
LOG (lattice-best-path[5.5.671~1-e5a5a]:main():lattice-best-path.cc:99) For utterance nsc-part2-chn0-spk14443161otm-031610032, best cost 108.1 + -468.594 = -360.494 over 200 frames.
LOG (lattice-best-path[5.5.671~1-e5a5a]:main():lattice-best-path.cc:99) For utterance nsc-part2-chn0-spk14443161otm-031610046, best cost 66.4305 + -284.446 = -218.015 over 102 frames.
LOG (lattice-best-path[5.5.671~1-e5a5a]:main():lattice-best-path.cc:99) For utterance nsc-part2-chn0-spk14443161otm-031610049, best cost 113.729 + -546.402 = -432.674 over 178 frames.
LOG (lattice-best-path[5.5.671~1-e5a5a]:main():lattice-best-path.cc:99) For utterance nsc-part2-chn0-spk14443161otm-031610080, best cost 69.6012 + -418.972 = -349.371 over 153 frames.
LOG (lattice-best-path[5.5.671~1-e5a5a]:main():lattice-best-path.cc:99) For utterance nsc-part2-chn0-spk14443161otm-031610100, best cost 89.4667 + -412.444 = -322.977 over 141 frames.
LOG (lattice-best-path[5.5.671~1-e5a5a]:main():lattice-best-path.cc:99) For utterance nsc-part2-chn0-spk14443161otm-031610118, best cost 87.2425 + -469.171 = -381.929 over 170 frames.
LOG (lattice-best-path[5.5.671~1-e5a5a]:main():lattice-best-path.cc:99) For utterance nsc-part2-chn0-spk14443161otm-031610173, best cost 116.209 + -460.015 = -343.807 over 156 frames.
LOG (lattice-best-path[5.5.671~1-e5a5a]:main():lattice-best-path.cc:99) For utterance nsc-part2-chn0-spk14443161otm-031610212, best cost 84.5232 + -428.893 = -344.37 over 148 frames.
LOG (lattice-best-path[5.5.671~1-e5a5a]:main():lattice-best-path.cc:99) For utterance nsc-part2-chn0-spk14443161otm-031610228, best cost 65.2422 + -289.009 = -223.766 over 92 frames.
LOG (lattice-best-path[5.5.671~1-e5a5a]:main():lattice-best-path.cc:99) For utterance nsc-part2-chn0-spk14443161otm-031610325, best cost 98.1739 + -356.422 = -258.248 over 134 frames.
LOG (lattice-best-path[5.5.671~1-e5a5a]:main():lattice-best-path.cc:99) For utterance nsc-part2-chn0-spk14443161otm-031610412, best cost 45.3536 + -238.426 = -193.072 over 90 frames.
LOG (lattice-best-path[5.5.671~1-e5a5a]:main():lattice-best-path.cc:99) For utterance nsc-part2-chn0-spk14443161otm-031611582, best cost 65.897 + -307.881 = -241.984 over 115 frames.
LOG (lattice-best-path[5.5.671~1-e5a5a]:main():lattice-best-path.cc:99) For utterance nsc-part2-chn0-spk14443161otm-031611610, best cost 91.2053 + -352.038 = -260.832 over 127 frames.
LOG (lattice-best-path[5.5.671~1-e5a5a]:main():lattice-best-path.cc:99) For utterance nsc-part2-chn0-spk14443161otm-031611716, best cost 86.468 + -360.403 = -273.935 over 128 frames.
LOG (lattice-best-path[5.5.671~1-e5a5a]:main():lattice-best-path.cc:99) For utterance nsc-part2-chn0-spk14443161otm-031611855, best cost 64.4081 + -250.709 = -186.301 over 95 frames.
LOG (lattice-best-path[5.5.671~1-e5a5a]:main():lattice-best-path.cc:99) For utterance nsc-part2-chn0-spk14443161otm-031611875, best cost 111.112 + -345.878 = -234.766 over 137 frames.
LOG (lattice-best-path[5.5.671~1-e5a5a]:main():lattice-best-path.cc:99) For utterance nsc-part2-chn0-spk14463163inf-031630035, best cost 135.291 + -466.279 = -330.988 over 224 frames.
LOG (lattice-best-path[5.5.671~1-e5a5a]:main():lattice-best-path.cc:99) For utterance nsc-part2-chn0-spk14463163inf-031630049, best cost 86.4234 + -481.792 = -395.369 over 205 frames.
LOG (lattice-best-path[5.5.671~1-e5a5a]:main():lattice-best-path.cc:99) For utterance nsc-part2-chn0-spk14463163inf-031630118, best cost 111.735 + -641.301 = -529.566 over 280 frames.
LOG (lattice-best-path[5.5.671~1-e5a5a]:main():lattice-best-path.cc:99) For utterance nsc-part2-chn0-spk14463163inf-031630136, best cost 83.3469 + -423.742 = -340.395 over 172 frames.
LOG (lattice-best-path[5.5.671~1-e5a5a]:main():lattice-best-path.cc:99) For utterance nsc-part2-chn0-spk14463163inf-031630162, best cost 102.473 + -595.547 = -493.074 over 260 frames.
LOG (lattice-best-path[5.5.671~1-e5a5a]:main():lattice-best-path.cc:99) For utterance nsc-part2-chn0-spk14463163inf-031630191, best cost 111.247 + -564.417 = -453.171 over 206 frames.
LOG (lattice-best-path[5.5.671~1-e5a5a]:main():lattice-best-path.cc:99) For utterance nsc-part2-chn0-spk14463163inf-031630225, best cost 45.7919 + -223.647 = -177.855 over 95 frames.
LOG (lattice-best-path[5.5.671~1-e5a5a]:main():lattice-best-path.cc:99) For utterance nsc-part2-chn0-spk14463163inf-031630287, best cost 140.809 + -695.473 = -554.664 over 279 frames.
LOG (lattice-best-path[5.5.671~1-e5a5a]:main():lattice-best-path.cc:99) For utterance nsc-part2-chn0-spk14463163inf-031630296, best cost 60.0157 + -306.185 = -246.169 over 133 frames.
LOG (lattice-best-path[5.5.671~1-e5a5a]:main():lattice-best-path.cc:99) For utterance nsc-part2-chn0-spk14463163inf-031630384, best cost 105.97 + -556.364 = -450.394 over 230 frames.
LOG (lattice-best-path[5.5.671~1-e5a5a]:main():lattice-best-path.cc:99) For utterance nsc-part2-chn0-spk14463163inf-031630405, best cost 96.2095 + -503.415 = -407.206 over 203 frames.
LOG (lattice-best-path[5.5.671~1-e5a5a]:main():lattice-best-path.cc:99) For utterance nsc-part2-chn0-spk14463163inf-031631480, best cost 96.3391 + -599.585 = -503.246 over 266 frames.
LOG (lattice-best-path[5.5.671~1-e5a5a]:main():lattice-best-path.cc:99) For utterance nsc-part2-chn0-spk14463163inf-031631542, best cost 92.7979 + -394.757 = -301.959 over 183 frames.
LOG (lattice-best-path[5.5.671~1-e5a5a]:main():lattice-best-path.cc:99) For utterance nsc-part2-chn0-spk14463163inf-031631584, best cost 113.895 + -536.859 = -422.964 over 227 frames.
LOG (lattice-best-path[5.5.671~1-e5a5a]:main():lattice-best-path.cc:99) For utterance nsc-part2-chn0-spk14463163inf-031631652, best cost 91.5655 + -374.307 = -282.741 over 136 frames.
LOG (lattice-best-path[5.5.671~1-e5a5a]:main():lattice-best-path.cc:99) For utterance nsc-part2-chn0-spk14463163inf-031631794, best cost 67.7901 + -331.058 = -263.268 over 135 frames.
LOG (lattice-depth-per-frame[5.5.671~1-e5a5a]:main():lattice-depth-per-frame.cc:82) Done 47 lattices.
LOG (lattice-best-path[5.5.671~1-e5a5a]:main():lattice-best-path.cc:99) For utterance nsc-part2-chn0-spk14463163inf-031631875, best cost 114.485 + -549.471 = -434.985 over 225 frames.
LOG (lattice-best-path[5.5.671~1-e5a5a]:main():lattice-best-path.cc:124) Overall cost per frame is -1.98703 = 0.537361 [graph] + -2.52439 [acoustic] over 7911 frames.
LOG (lattice-best-path[5.5.671~1-e5a5a]:main():lattice-best-path.cc:128) Done 47 lattices, failed for 0
# Accounting: time=0 threads=1
# Ended (code 0) at Fri Aug 27 14:00:20 +08 2021, elapsed time 0 seconds
