# lattice-depth-per-frame "ark:gunzip -c /home3/yachao001/home/asr/w2021/offline-hotwords-asr-test-v2-bak-bak-ASR-4/exp/msf-scdf-cs-june2021-prune/tdnnf-biased/decode-data-master/lat.8.gz|" "ark,t:|gzip -c > /home3/yachao001/home/asr/w2021/offline-hotwords-asr-test-v2-bak-bak-ASR-4/exp/msf-scdf-cs-june2021-prune/tdnnf-biased/decode-data-master/depth_tmp.8.gz" ark:- | lattice-best-path --acoustic-scale=0.1 ark:- ark:/dev/null "ark,t:|gzip -c >/home3/yachao001/home/asr/w2021/offline-hotwords-asr-test-v2-bak-bak-ASR-4/exp/msf-scdf-cs-june2021-prune/tdnnf-biased/decode-data-master/ali_tmp.8.gz" 
# Started at Fri Aug 27 14:00:20 +08 2021
#
lattice-best-path --acoustic-scale=0.1 ark:- ark:/dev/null 'ark,t:|gzip -c >/home3/yachao001/home/asr/w2021/offline-hotwords-asr-test-v2-bak-bak-ASR-4/exp/msf-scdf-cs-june2021-prune/tdnnf-biased/decode-data-master/ali_tmp.8.gz' 
lattice-depth-per-frame 'ark:gunzip -c /home3/yachao001/home/asr/w2021/offline-hotwords-asr-test-v2-bak-bak-ASR-4/exp/msf-scdf-cs-june2021-prune/tdnnf-biased/decode-data-master/lat.8.gz|' 'ark,t:|gzip -c > /home3/yachao001/home/asr/w2021/offline-hotwords-asr-test-v2-bak-bak-ASR-4/exp/msf-scdf-cs-june2021-prune/tdnnf-biased/decode-data-master/depth_tmp.8.gz' ark:- 
LOG (lattice-best-path[5.5.671~1-e5a5a]:main():lattice-best-path.cc:99) For utterance nsc-part2-chn0-spk08862963cnf-029630080, best cost 107.247 + -501.199 = -393.952 over 197 frames.
LOG (lattice-best-path[5.5.671~1-e5a5a]:main():lattice-best-path.cc:99) For utterance nsc-part2-chn0-spk08862963cnf-029630087, best cost 128.558 + -752.993 = -624.435 over 269 frames.
LOG (lattice-best-path[5.5.671~1-e5a5a]:main():lattice-best-path.cc:99) For utterance nsc-part2-chn0-spk08862963cnf-029630170, best cost 111.771 + -472.699 = -360.928 over 193 frames.
LOG (lattice-best-path[5.5.671~1-e5a5a]:main():lattice-best-path.cc:99) For utterance nsc-part2-chn0-spk08862963cnf-029630173, best cost 112.05 + -606.289 = -494.239 over 244 frames.
LOG (lattice-best-path[5.5.671~1-e5a5a]:main():lattice-best-path.cc:99) For utterance nsc-part2-chn0-spk08862963cnf-029630176, best cost 78.5778 + -390.338 = -311.76 over 156 frames.
LOG (lattice-best-path[5.5.671~1-e5a5a]:main():lattice-best-path.cc:99) For utterance nsc-part2-chn0-spk08862963cnf-029630201, best cost 100.953 + -428.656 = -327.704 over 159 frames.
LOG (lattice-best-path[5.5.671~1-e5a5a]:main():lattice-best-path.cc:99) For utterance nsc-part2-chn0-spk08862963cnf-029630213, best cost 78.4606 + -432.303 = -353.842 over 152 frames.
LOG (lattice-best-path[5.5.671~1-e5a5a]:main():lattice-best-path.cc:99) For utterance nsc-part2-chn0-spk08862963cnf-029630238, best cost 122.666 + -580.408 = -457.741 over 213 frames.
LOG (lattice-best-path[5.5.671~1-e5a5a]:main():lattice-best-path.cc:99) For utterance nsc-part2-chn0-spk08862963cnf-029630251, best cost 109.827 + -427.196 = -317.368 over 168 frames.
LOG (lattice-best-path[5.5.671~1-e5a5a]:main():lattice-best-path.cc:99) For utterance nsc-part2-chn0-spk08862963cnf-029630323, best cost 109.977 + -454.31 = -344.333 over 187 frames.
LOG (lattice-best-path[5.5.671~1-e5a5a]:main():lattice-best-path.cc:99) For utterance nsc-part2-chn0-spk08862963cnf-029630356, best cost 98.6855 + -487.21 = -388.524 over 188 frames.
LOG (lattice-best-path[5.5.671~1-e5a5a]:main():lattice-best-path.cc:99) For utterance nsc-part2-chn0-spk08862963cnf-029630385, best cost 81.794 + -342.096 = -260.302 over 137 frames.
LOG (lattice-best-path[5.5.671~1-e5a5a]:main():lattice-best-path.cc:99) For utterance nsc-part2-chn0-spk08862963cnf-029631461, best cost 87.5474 + -411.636 = -324.088 over 158 frames.
LOG (lattice-best-path[5.5.671~1-e5a5a]:main():lattice-best-path.cc:99) For utterance nsc-part2-chn0-spk08862963cnf-029631521, best cost 57.0714 + -287.685 = -230.613 over 131 frames.
LOG (lattice-best-path[5.5.671~1-e5a5a]:main():lattice-best-path.cc:99) For utterance nsc-part2-chn0-spk08862963cnf-029631624, best cost 110.185 + -394.811 = -284.626 over 157 frames.
LOG (lattice-best-path[5.5.671~1-e5a5a]:main():lattice-best-path.cc:99) For utterance nsc-part2-chn0-spk08862963cnf-029631747, best cost 112.441 + -451.771 = -339.33 over 183 frames.
LOG (lattice-best-path[5.5.671~1-e5a5a]:main():lattice-best-path.cc:99) For utterance nsc-part2-chn0-spk08892967inf-029670024, best cost 177.512 + -732.994 = -555.483 over 277 frames.
LOG (lattice-best-path[5.5.671~1-e5a5a]:main():lattice-best-path.cc:99) For utterance nsc-part2-chn0-spk08892967inf-029670134, best cost 110.272 + -473.273 = -363.001 over 197 frames.
LOG (lattice-best-path[5.5.671~1-e5a5a]:main():lattice-best-path.cc:99) For utterance nsc-part2-chn0-spk08892967inf-029670152, best cost 53.6415 + -227.746 = -174.104 over 99 frames.
LOG (lattice-best-path[5.5.671~1-e5a5a]:main():lattice-best-path.cc:99) For utterance nsc-part2-chn0-spk08892967inf-029670176, best cost 124.139 + -629.342 = -505.203 over 243 frames.
LOG (lattice-best-path[5.5.671~1-e5a5a]:main():lattice-best-path.cc:99) For utterance nsc-part2-chn0-spk08892967inf-029670249, best cost 68.5144 + -355.609 = -287.095 over 152 frames.
LOG (lattice-best-path[5.5.671~1-e5a5a]:main():lattice-best-path.cc:99) For utterance nsc-part2-chn0-spk08892967inf-029670258, best cost 123.036 + -506.975 = -383.939 over 190 frames.
LOG (lattice-best-path[5.5.671~1-e5a5a]:main():lattice-best-path.cc:99) For utterance nsc-part2-chn0-spk08892967inf-029670303, best cost 70.2054 + -281.261 = -211.055 over 122 frames.
LOG (lattice-best-path[5.5.671~1-e5a5a]:main():lattice-best-path.cc:99) For utterance nsc-part2-chn0-spk08892967inf-029670359, best cost 86.684 + -355.566 = -268.882 over 166 frames.
LOG (lattice-best-path[5.5.671~1-e5a5a]:main():lattice-best-path.cc:99) For utterance nsc-part2-chn0-spk08892967inf-029670443, best cost 118.568 + -520.88 = -402.311 over 186 frames.
LOG (lattice-best-path[5.5.671~1-e5a5a]:main():lattice-best-path.cc:99) For utterance nsc-part2-chn0-spk08892967inf-029671559, best cost 121.741 + -541.014 = -419.273 over 212 frames.
LOG (lattice-best-path[5.5.671~1-e5a5a]:main():lattice-best-path.cc:99) For utterance nsc-part2-chn0-spk08892967inf-029671566, best cost 95.4173 + -426.961 = -331.544 over 169 frames.
LOG (lattice-best-path[5.5.671~1-e5a5a]:main():lattice-best-path.cc:99) For utterance nsc-part2-chn0-spk08892967inf-029671571, best cost 85.0359 + -485.512 = -400.476 over 193 frames.
LOG (lattice-best-path[5.5.671~1-e5a5a]:main():lattice-best-path.cc:99) For utterance nsc-part2-chn0-spk08892967inf-029671762, best cost 150.877 + -696.85 = -545.973 over 319 frames.
LOG (lattice-best-path[5.5.671~1-e5a5a]:main():lattice-best-path.cc:99) For utterance nsc-part2-chn0-spk08892967inf-029671875, best cost 128.483 + -503.501 = -375.019 over 219 frames.
LOG (lattice-best-path[5.5.671~1-e5a5a]:main():lattice-best-path.cc:99) For utterance nsc-part2-chn0-spk08902987cnf-029870121, best cost 89.636 + -479.418 = -389.783 over 172 frames.
LOG (lattice-best-path[5.5.671~1-e5a5a]:main():lattice-best-path.cc:99) For utterance nsc-part2-chn0-spk08902987cnf-029870148, best cost 98.5953 + -471.645 = -373.05 over 157 frames.
LOG (lattice-best-path[5.5.671~1-e5a5a]:main():lattice-best-path.cc:99) For utterance nsc-part2-chn0-spk08902987cnf-029870166, best cost 108.103 + -544.525 = -436.422 over 197 frames.
LOG (lattice-best-path[5.5.671~1-e5a5a]:main():lattice-best-path.cc:99) For utterance nsc-part2-chn0-spk08902987cnf-029870173, best cost 109.538 + -512.539 = -403.001 over 189 frames.
LOG (lattice-best-path[5.5.671~1-e5a5a]:main():lattice-best-path.cc:99) For utterance nsc-part2-chn0-spk08902987cnf-029870181, best cost 96.6927 + -483.309 = -386.616 over 168 frames.
LOG (lattice-best-path[5.5.671~1-e5a5a]:main():lattice-best-path.cc:99) For utterance nsc-part2-chn0-spk08902987cnf-029870196, best cost 109.357 + -546.909 = -437.551 over 188 frames.
LOG (lattice-best-path[5.5.671~1-e5a5a]:main():lattice-best-path.cc:99) For utterance nsc-part2-chn0-spk08902987cnf-029870239, best cost 58.0171 + -331.6 = -273.583 over 116 frames.
LOG (lattice-best-path[5.5.671~1-e5a5a]:main():lattice-best-path.cc:99) For utterance nsc-part2-chn0-spk08902987cnf-029870247, best cost 123.356 + -620.676 = -497.32 over 218 frames.
LOG (lattice-best-path[5.5.671~1-e5a5a]:main():lattice-best-path.cc:99) For utterance nsc-part2-chn0-spk08902987cnf-029870251, best cost 133.19 + -544.755 = -411.565 over 207 frames.
LOG (lattice-best-path[5.5.671~1-e5a5a]:main():lattice-best-path.cc:99) For utterance nsc-part2-chn0-spk08902987cnf-029870308, best cost 100.158 + -506.334 = -406.175 over 178 frames.
LOG (lattice-best-path[5.5.671~1-e5a5a]:main():lattice-best-path.cc:99) For utterance nsc-part2-chn0-spk08902987cnf-029870325, best cost 113.981 + -500.136 = -386.155 over 177 frames.
LOG (lattice-best-path[5.5.671~1-e5a5a]:main():lattice-best-path.cc:99) For utterance nsc-part2-chn0-spk08902987cnf-029870433, best cost 113.264 + -640.047 = -526.783 over 215 frames.
LOG (lattice-best-path[5.5.671~1-e5a5a]:main():lattice-best-path.cc:99) For utterance nsc-part2-chn0-spk08902987cnf-029871566, best cost 127.332 + -534.123 = -406.791 over 185 frames.
LOG (lattice-best-path[5.5.671~1-e5a5a]:main():lattice-best-path.cc:99) For utterance nsc-part2-chn0-spk08902987cnf-029871832, best cost 103.675 + -524.951 = -421.275 over 200 frames.
LOG (lattice-best-path[5.5.671~1-e5a5a]:main():lattice-best-path.cc:99) For utterance nsc-part2-chn0-spk08902987cnf-029871876, best cost 69.9776 + -394.687 = -324.709 over 135 frames.
LOG (lattice-best-path[5.5.671~1-e5a5a]:main():lattice-best-path.cc:99) For utterance nsc-part2-chn0-spk08932985cnm-029850016, best cost 57.9582 + -368.448 = -310.49 over 129 frames.
LOG (lattice-best-path[5.5.671~1-e5a5a]:main():lattice-best-path.cc:99) For utterance nsc-part2-chn0-spk08932985cnm-029850023, best cost 78.895 + -454.05 = -375.155 over 162 frames.
LOG (lattice-best-path[5.5.671~1-e5a5a]:main():lattice-best-path.cc:99) For utterance nsc-part2-chn0-spk08932985cnm-029850118, best cost 97.9824 + -491.048 = -393.066 over 185 frames.
LOG (lattice-best-path[5.5.671~1-e5a5a]:main():lattice-best-path.cc:99) For utterance nsc-part2-chn0-spk08932985cnm-029850144, best cost 93.9768 + -420.657 = -326.68 over 174 frames.
LOG (lattice-best-path[5.5.671~1-e5a5a]:main():lattice-best-path.cc:99) For utterance nsc-part2-chn0-spk08932985cnm-029850173, best cost 135.313 + -667.633 = -532.32 over 246 frames.
LOG (lattice-best-path[5.5.671~1-e5a5a]:main():lattice-best-path.cc:99) For utterance nsc-part2-chn0-spk08932985cnm-029850221, best cost 75.2874 + -366.302 = -291.015 over 126 frames.
LOG (lattice-best-path[5.5.671~1-e5a5a]:main():lattice-best-path.cc:99) For utterance nsc-part2-chn0-spk08932985cnm-029850252, best cost 50.8065 + -258.062 = -207.256 over 97 frames.
LOG (lattice-best-path[5.5.671~1-e5a5a]:main():lattice-best-path.cc:99) For utterance nsc-part2-chn0-spk08932985cnm-029850268, best cost 117.399 + -570.98 = -453.581 over 229 frames.
LOG (lattice-best-path[5.5.671~1-e5a5a]:main():lattice-best-path.cc:99) For utterance nsc-part2-chn0-spk08932985cnm-029850294, best cost 150.657 + -656.326 = -505.669 over 239 frames.
LOG (lattice-best-path[5.5.671~1-e5a5a]:main():lattice-best-path.cc:99) For utterance nsc-part2-chn0-spk08932985cnm-029850302, best cost 105.18 + -480.405 = -375.225 over 192 frames.
LOG (lattice-best-path[5.5.671~1-e5a5a]:main():lattice-best-path.cc:99) For utterance nsc-part2-chn0-spk08932985cnm-029850356, best cost 100.835 + -571.089 = -470.254 over 234 frames.
LOG (lattice-best-path[5.5.671~1-e5a5a]:main():lattice-best-path.cc:99) For utterance nsc-part2-chn0-spk08932985cnm-029851498, best cost 147.99 + -572.992 = -425.002 over 245 frames.
LOG (lattice-best-path[5.5.671~1-e5a5a]:main():lattice-best-path.cc:99) For utterance nsc-part2-chn0-spk08932985cnm-029851559, best cost 108.458 + -466.792 = -358.333 over 177 frames.
LOG (lattice-best-path[5.5.671~1-e5a5a]:main():lattice-best-path.cc:99) For utterance nsc-part2-chn0-spk08932985cnm-029851584, best cost 109.698 + -501.311 = -391.613 over 201 frames.
LOG (lattice-best-path[5.5.671~1-e5a5a]:main():lattice-best-path.cc:99) For utterance nsc-part2-chn0-spk08932985cnm-029851706, best cost 94.5321 + -481.301 = -386.769 over 188 frames.
LOG (lattice-depth-per-frame[5.5.671~1-e5a5a]:main():lattice-depth-per-frame.cc:82) Done 61 lattices.
LOG (lattice-best-path[5.5.671~1-e5a5a]:main():lattice-best-path.cc:99) For utterance nsc-part2-chn0-spk08932985cnm-029851717, best cost 88.8289 + -439.132 = -350.303 over 196 frames.
LOG (lattice-best-path[5.5.671~1-e5a5a]:main():lattice-best-path.cc:124) Overall cost per frame is -2.04883 = 0.553848 [graph] + -2.60268 [acoustic] over 11358 frames.
LOG (lattice-best-path[5.5.671~1-e5a5a]:main():lattice-best-path.cc:128) Done 61 lattices, failed for 0
# Accounting: time=0 threads=1
# Ended (code 0) at Fri Aug 27 14:00:20 +08 2021, elapsed time 0 seconds
