# nnet3-latgen-faster --online-ivectors=scp:/home3/yachao001/home/asr/w2021/offline-hotwords-asr-test-v2-bak-bak-ASR-4/data/ivector-data-imda-part2/ivector_online.scp --online-ivector-period=10 --frame-subsampling-factor=3 --frames-per-chunk=50 --extra-left-context=0 --extra-right-context=0 --extra-left-context-initial=-1 --extra-right-context-final=-1 --minimize=false --max-active=7000 --min-active=200 --beam=15.0 --lattice-beam=8.0 --acoustic-scale=1.0 --allow-partial=true --word-symbol-table=exp/ExpX/Output/hotword-decoder/graph_hotword/words.txt /home3/yachao001/home/asr/w2021/offline-hotwords-asr-test-v2-bak-bak-ASR-4/exp/msf-scdf-cs-june2021-prune/tdnnf-biased/final.mdl exp/ExpX/Output/hotword-decoder/graph_hotword/HCLG.fst "ark,s,cs:apply-cmvn --norm-means=false --norm-vars=false --utt2spk=ark:/home3/yachao001/home/asr/w2021/hotword/data/imda-part2/mfcc-hires/split20/5/utt2spk scp:/home3/yachao001/home/asr/w2021/hotword/data/imda-part2/mfcc-hires/split20/5/cmvn.scp scp:/home3/yachao001/home/asr/w2021/hotword/data/imda-part2/mfcc-hires/split20/5/feats.scp ark:- |" "ark:|lattice-scale --acoustic-scale=10.0 ark:- ark:- | gzip -c >/home3/yachao001/home/asr/w2021/offline-hotwords-asr-test-v2-bak-bak-ASR-4/exp/msf-scdf-cs-june2021-prune/tdnnf-biased/decode-data-hotword/lat.5.gz" 
# Started at Fri Aug 27 13:56:05 +08 2021
#
nnet3-latgen-faster --online-ivectors=scp:/home3/yachao001/home/asr/w2021/offline-hotwords-asr-test-v2-bak-bak-ASR-4/data/ivector-data-imda-part2/ivector_online.scp --online-ivector-period=10 --frame-subsampling-factor=3 --frames-per-chunk=50 --extra-left-context=0 --extra-right-context=0 --extra-left-context-initial=-1 --extra-right-context-final=-1 --minimize=false --max-active=7000 --min-active=200 --beam=15.0 --lattice-beam=8.0 --acoustic-scale=1.0 --allow-partial=true --word-symbol-table=exp/ExpX/Output/hotword-decoder/graph_hotword/words.txt /home3/yachao001/home/asr/w2021/offline-hotwords-asr-test-v2-bak-bak-ASR-4/exp/msf-scdf-cs-june2021-prune/tdnnf-biased/final.mdl exp/ExpX/Output/hotword-decoder/graph_hotword/HCLG.fst 'ark,s,cs:apply-cmvn --norm-means=false --norm-vars=false --utt2spk=ark:/home3/yachao001/home/asr/w2021/hotword/data/imda-part2/mfcc-hires/split20/5/utt2spk scp:/home3/yachao001/home/asr/w2021/hotword/data/imda-part2/mfcc-hires/split20/5/cmvn.scp scp:/home3/yachao001/home/asr/w2021/hotword/data/imda-part2/mfcc-hires/split20/5/feats.scp ark:- |' 'ark:|lattice-scale --acoustic-scale=10.0 ark:- ark:- | gzip -c >/home3/yachao001/home/asr/w2021/offline-hotwords-asr-test-v2-bak-bak-ASR-4/exp/msf-scdf-cs-june2021-prune/tdnnf-biased/decode-data-hotword/lat.5.gz' 
LOG (nnet3-latgen-faster[5.5.671~1-e5a5a]:RemoveOrphanNodes():nnet-nnet.cc:948) Removed 1 orphan nodes.
LOG (nnet3-latgen-faster[5.5.671~1-e5a5a]:RemoveOrphanComponents():nnet-nnet.cc:847) Removing 2 orphan components.
LOG (nnet3-latgen-faster[5.5.671~1-e5a5a]:Collapse():nnet-utils.cc:1472) Added 1 components, removed 2
apply-cmvn --norm-means=false --norm-vars=false --utt2spk=ark:/home3/yachao001/home/asr/w2021/hotword/data/imda-part2/mfcc-hires/split20/5/utt2spk scp:/home3/yachao001/home/asr/w2021/hotword/data/imda-part2/mfcc-hires/split20/5/cmvn.scp scp:/home3/yachao001/home/asr/w2021/hotword/data/imda-part2/mfcc-hires/split20/5/feats.scp ark:- 
lattice-scale --acoustic-scale=10.0 ark:- ark:- 
LOG (nnet3-latgen-faster[5.5.671~1-e5a5a]:CheckAndFixConfigs():nnet-am-decodable-simple.cc:294) Increasing --frames-per-chunk from 50 to 51 to make it a multiple of --frame-subsampling-factor=3
nsc-part2-chn0-spk06922289cnf-022890134 __Chai_Chee fire post __Kampong_Eunos am arrange boat 
LOG (nnet3-latgen-faster[5.5.671~1-e5a5a]:DecodeUtteranceLatticeFaster():decoder-wrappers.cc:375) Log-like per frame for utterance nsc-part2-chn0-spk06922289cnf-022890134 is 1.74614 over 191 frames.
nsc-part2-chn0-spk06922289cnf-022890164 what is the distance __Seletar_Link 
LOG (nnet3-latgen-faster[5.5.671~1-e5a5a]:DecodeUtteranceLatticeFaster():decoder-wrappers.cc:375) Log-like per frame for utterance nsc-part2-chn0-spk06922289cnf-022890164 is 1.79447 over 113 frames.
nsc-part2-chn0-spk06922289cnf-022890181 how far away __Bukit_Batok avenue from here 
LOG (nnet3-latgen-faster[5.5.671~1-e5a5a]:DecodeUtteranceLatticeFaster():decoder-wrappers.cc:375) Log-like per frame for utterance nsc-part2-chn0-spk06922289cnf-022890181 is 1.89109 over 128 frames.
nsc-part2-chn0-spk06922289cnf-022890239 wise __Lorong_Buangkok alarm 
LOG (nnet3-latgen-faster[5.5.671~1-e5a5a]:DecodeUtteranceLatticeFaster():decoder-wrappers.cc:375) Log-like per frame for utterance nsc-part2-chn0-spk06922289cnf-022890239 is 1.5846 over 101 frames.
nsc-part2-chn0-spk06922289cnf-022890269 __South_Woodlands_Drive report avenue an __Upper_Bukit_Timah_Road 
LOG (nnet3-latgen-faster[5.5.671~1-e5a5a]:DecodeUtteranceLatticeFaster():decoder-wrappers.cc:375) Log-like per frame for utterance nsc-part2-chn0-spk06922289cnf-022890269 is 2.10136 over 160 frames.
nsc-part2-chn0-spk06922289cnf-022890332 __Sembawang_Hills_Drive 
LOG (nnet3-latgen-faster[5.5.671~1-e5a5a]:DecodeUtteranceLatticeFaster():decoder-wrappers.cc:375) Log-like per frame for utterance nsc-part2-chn0-spk06922289cnf-022890332 is 1.73582 over 90 frames.
nsc-part2-chn0-spk06922289cnf-022890412 find the faster sweet __Seletar_Satellite_Station_Road 
LOG (nnet3-latgen-faster[5.5.671~1-e5a5a]:DecodeUtteranceLatticeFaster():decoder-wrappers.cc:375) Log-like per frame for utterance nsc-part2-chn0-spk06922289cnf-022890412 is 1.83212 over 158 frames.
nsc-part2-chn0-spk06922289cnf-022890439 __Chinese_Garden __Bukit_Batok_West as __Soo_Chow_Drive 
LOG (nnet3-latgen-faster[5.5.671~1-e5a5a]:DecodeUtteranceLatticeFaster():decoder-wrappers.cc:375) Log-like per frame for utterance nsc-part2-chn0-spk06922289cnf-022890439 is 1.87625 over 160 frames.
nsc-part2-chn0-spk06922289cnf-022891716 __Yew_Tee_Close __Wilmonar_Avenue one accumulate avenue till 
LOG (nnet3-latgen-faster[5.5.671~1-e5a5a]:DecodeUtteranceLatticeFaster():decoder-wrappers.cc:375) Log-like per frame for utterance nsc-part2-chn0-spk06922289cnf-022891716 is 1.71953 over 158 frames.
nsc-part2-chn0-spk06922289cnf-022891773 __Bukit_Batok_Central __Tian_Kong temper and __Jalan_Chengkek 
LOG (nnet3-latgen-faster[5.5.671~1-e5a5a]:DecodeUtteranceLatticeFaster():decoder-wrappers.cc:375) Log-like per frame for utterance nsc-part2-chn0-spk06922289cnf-022891773 is 2.02325 over 151 frames.
nsc-part2-chn0-spk06922289cnf-022891774 whereas __Bukit_Batok avenue 
LOG (nnet3-latgen-faster[5.5.671~1-e5a5a]:DecodeUtteranceLatticeFaster():decoder-wrappers.cc:375) Log-like per frame for utterance nsc-part2-chn0-spk06922289cnf-022891774 is 1.83388 over 94 frames.
nsc-part2-chn0-spk06922289cnf-022891804 __Boon_Tat_Street should gate bird and __Kampong_Chai_Chee 
LOG (nnet3-latgen-faster[5.5.671~1-e5a5a]:DecodeUtteranceLatticeFaster():decoder-wrappers.cc:375) Log-like per frame for utterance nsc-part2-chn0-spk06922289cnf-022891804 is 1.67886 over 130 frames.
nsc-part2-chn0-spk06922289cnf-022891841 halfway transfer __Lim_Lee an __Lim_Chong_Pang 
LOG (nnet3-latgen-faster[5.5.671~1-e5a5a]:DecodeUtteranceLatticeFaster():decoder-wrappers.cc:375) Log-like per frame for utterance nsc-part2-chn0-spk06922289cnf-022891841 is 1.74775 over 118 frames.
nsc-part2-chn0-spk06922289cnf-022891866 whenever hotel __Upper_Aljunied_Road an __Kim_Seng park 
LOG (nnet3-latgen-faster[5.5.671~1-e5a5a]:DecodeUtteranceLatticeFaster():decoder-wrappers.cc:375) Log-like per frame for utterance nsc-part2-chn0-spk06922289cnf-022891866 is 1.86783 over 147 frames.
nsc-part2-chn0-spk06922289cnf-022891875 actually modern station __Keat_Hong_Link and __Jalan_Lempeng 
LOG (nnet3-latgen-faster[5.5.671~1-e5a5a]:DecodeUtteranceLatticeFaster():decoder-wrappers.cc:375) Log-like per frame for utterance nsc-part2-chn0-spk06922289cnf-022891875 is 1.8192 over 140 frames.
nsc-part2-chn0-spk07832894cnf-028940087 __Kampong_Ampat industrial estate __Holland_Hill entry chain view 
LOG (nnet3-latgen-faster[5.5.671~1-e5a5a]:DecodeUtteranceLatticeFaster():decoder-wrappers.cc:375) Log-like per frame for utterance nsc-part2-chn0-spk07832894cnf-028940087 is 2.01984 over 204 frames.
nsc-part2-chn0-spk07832894cnf-028940123 so later country club __Lempeng_Drive and __Aljunied_Crescent 
LOG (nnet3-latgen-faster[5.5.671~1-e5a5a]:DecodeUtteranceLatticeFaster():decoder-wrappers.cc:375) Log-like per frame for utterance nsc-part2-chn0-spk07832894cnf-028940123 is 2.22822 over 151 frames.
nsc-part2-chn0-spk07832894cnf-028940134 __Maris_Stella high school __Orchard_Point and summer one h baby brunch office 
LOG (nnet3-latgen-faster[5.5.671~1-e5a5a]:DecodeUtteranceLatticeFaster():decoder-wrappers.cc:375) Log-like per frame for utterance nsc-part2-chn0-spk07832894cnf-028940134 is 2.13637 over 196 frames.
nsc-part2-chn0-spk07832894cnf-028940173 __Geylang_Bahru __Toa_Payoh is and pan tag business hub 
LOG (nnet3-latgen-faster[5.5.671~1-e5a5a]:DecodeUtteranceLatticeFaster():decoder-wrappers.cc:375) Log-like per frame for utterance nsc-part2-chn0-spk07832894cnf-028940173 is 2.22656 over 155 frames.
nsc-part2-chn0-spk07832894cnf-028940187 black chicken her pursue curry enrolled crispy spring chicken 
LOG (nnet3-latgen-faster[5.5.671~1-e5a5a]:DecodeUtteranceLatticeFaster():decoder-wrappers.cc:375) Log-like per frame for utterance nsc-part2-chn0-spk07832894cnf-028940187 is 2.19912 over 173 frames.
nsc-part2-chn0-spk07832894cnf-028940188 how to adapt to __Seletar_Close 
LOG (nnet3-latgen-faster[5.5.671~1-e5a5a]:DecodeUtteranceLatticeFaster():decoder-wrappers.cc:375) Log-like per frame for utterance nsc-part2-chn0-spk07832894cnf-028940188 is 1.92757 over 97 frames.
nsc-part2-chn0-spk07832894cnf-028940221 select the faster way to __Bedok_North 
LOG (nnet3-latgen-faster[5.5.671~1-e5a5a]:DecodeUtteranceLatticeFaster():decoder-wrappers.cc:375) Log-like per frame for utterance nsc-part2-chn0-spk07832894cnf-028940221 is 1.9931 over 104 frames.
nsc-part2-chn0-spk07832894cnf-028940232 please look for bungee when u rich __Nee_Soon spring 
LOG (nnet3-latgen-faster[5.5.671~1-e5a5a]:DecodeUtteranceLatticeFaster():decoder-wrappers.cc:375) Log-like per frame for utterance nsc-part2-chn0-spk07832894cnf-028940232 is 1.92119 over 123 frames.
nsc-part2-chn0-spk07832894cnf-028940299 __Pulau_Ubin __Fo_Shan_Ting __Da_Bo_Gong temple __Jalan_Wajek and __Sembawang_Alley 
LOG (nnet3-latgen-faster[5.5.671~1-e5a5a]:DecodeUtteranceLatticeFaster():decoder-wrappers.cc:375) Log-like per frame for utterance nsc-part2-chn0-spk07832894cnf-028940299 is 1.82026 over 251 frames.
nsc-part2-chn0-spk07832894cnf-028940412 final faster way to __Seletar_Court 
LOG (nnet3-latgen-faster[5.5.671~1-e5a5a]:DecodeUtteranceLatticeFaster():decoder-wrappers.cc:375) Log-like per frame for utterance nsc-part2-chn0-spk07832894cnf-028940412 is 1.92033 over 99 frames.
nsc-part2-chn0-spk07832894cnf-028940447 other food court restaurant near __Bukit_Timah_Road 
LOG (nnet3-latgen-faster[5.5.671~1-e5a5a]:DecodeUtteranceLatticeFaster():decoder-wrappers.cc:375) Log-like per frame for utterance nsc-part2-chn0-spk07832894cnf-028940447 is 2.34957 over 127 frames.
nsc-part2-chn0-spk07832894cnf-028941596 cannot take abas the mask selling m r t station 
LOG (nnet3-latgen-faster[5.5.671~1-e5a5a]:DecodeUtteranceLatticeFaster():decoder-wrappers.cc:375) Log-like per frame for utterance nsc-part2-chn0-spk07832894cnf-028941596 is 1.90652 over 121 frames.
nsc-part2-chn0-spk07832894cnf-028941652 kala take the m r tea to __Bukit_Batok_West 
LOG (nnet3-latgen-faster[5.5.671~1-e5a5a]:DecodeUtteranceLatticeFaster():decoder-wrappers.cc:375) Log-like per frame for utterance nsc-part2-chn0-spk07832894cnf-028941652 is 1.92954 over 136 frames.
nsc-part2-chn0-spk07832894cnf-028941770 saya story about given nor __Lim_Chong_Pang and __Zhang_Hui data base 
LOG (nnet3-latgen-faster[5.5.671~1-e5a5a]:DecodeUtteranceLatticeFaster():decoder-wrappers.cc:375) Log-like per frame for utterance nsc-part2-chn0-spk07832894cnf-028941770 is 1.78314 over 206 frames.
nsc-part2-chn0-spk07952885cnf-028850024 __Singapore_Bible __Kwong_Wai_Siew __Peck_San_Theng __Kampong_Ubi neighborhood police post and __North_West community development council 
LOG (nnet3-latgen-faster[5.5.671~1-e5a5a]:DecodeUtteranceLatticeFaster():decoder-wrappers.cc:375) Log-like per frame for utterance nsc-part2-chn0-spk07952885cnf-028850024 is 1.9593 over 369 frames.
nsc-part2-chn0-spk07952885cnf-028850071 selected faster way to __Bukit_Batok_Crescent 
LOG (nnet3-latgen-faster[5.5.671~1-e5a5a]:DecodeUtteranceLatticeFaster():decoder-wrappers.cc:375) Log-like per frame for utterance nsc-part2-chn0-spk07952885cnf-028850071 is 2.02665 over 158 frames.
nsc-part2-chn0-spk07952885cnf-028850121 am waiting for remain to come back from __Taman_Jurong 
LOG (nnet3-latgen-faster[5.5.671~1-e5a5a]:DecodeUtteranceLatticeFaster():decoder-wrappers.cc:375) Log-like per frame for utterance nsc-part2-chn0-spk07952885cnf-028850121 is 1.89569 over 183 frames.
nsc-part2-chn0-spk07952885cnf-028850204 can i take the m r tea to __Seletar_Club_Road 
LOG (nnet3-latgen-faster[5.5.671~1-e5a5a]:DecodeUtteranceLatticeFaster():decoder-wrappers.cc:375) Log-like per frame for utterance nsc-part2-chn0-spk07952885cnf-028850204 is 1.95144 over 133 frames.
nsc-part2-chn0-spk07952885cnf-028850232 please look four __Drake_Lane when u rich __Jalan_Lembah_Bedok 
LOG (nnet3-latgen-faster[5.5.671~1-e5a5a]:DecodeUtteranceLatticeFaster():decoder-wrappers.cc:375) Log-like per frame for utterance nsc-part2-chn0-spk07952885cnf-028850232 is 1.91528 over 177 frames.
nsc-part2-chn0-spk07952885cnf-028850249 can i take abuse to __Aljunied_Road 
LOG (nnet3-latgen-faster[5.5.671~1-e5a5a]:DecodeUtteranceLatticeFaster():decoder-wrappers.cc:375) Log-like per frame for utterance nsc-part2-chn0-spk07952885cnf-028850249 is 2.00718 over 130 frames.
nsc-part2-chn0-spk07952885cnf-028850313 __Chinatown_Point __Kampong_Sungai_Tiga china cemetery n __Jalan_Tiga_Ratus 
LOG (nnet3-latgen-faster[5.5.671~1-e5a5a]:DecodeUtteranceLatticeFaster():decoder-wrappers.cc:375) Log-like per frame for utterance nsc-part2-chn0-spk07952885cnf-028850313 is 2.06526 over 264 frames.
nsc-part2-chn0-spk07952885cnf-028850323 gay la polyclinic and dental clinic __Strand_Hotel n sixteen __Collyer_Quay 
LOG (nnet3-latgen-faster[5.5.671~1-e5a5a]:DecodeUtteranceLatticeFaster():decoder-wrappers.cc:375) Log-like per frame for utterance nsc-part2-chn0-spk07952885cnf-028850323 is 2.0144 over 243 frames.
nsc-part2-chn0-spk07952885cnf-028850342 find the faster way too __Sembawang_Vista 
LOG (nnet3-latgen-faster[5.5.671~1-e5a5a]:DecodeUtteranceLatticeFaster():decoder-wrappers.cc:375) Log-like per frame for utterance nsc-part2-chn0-spk07952885cnf-028850342 is 1.85274 over 141 frames.
nsc-part2-chn0-spk07952885cnf-028851610 __Kranji_Commonwealth war cemetery __Wareham_Road and __Bukit_Timah seven mile 
LOG (nnet3-latgen-faster[5.5.671~1-e5a5a]:DecodeUtteranceLatticeFaster():decoder-wrappers.cc:375) Log-like per frame for utterance nsc-part2-chn0-spk07952885cnf-028851610 is 2.10222 over 211 frames.
nsc-part2-chn0-spk07952885cnf-028851621 __Marsiling_Drive __Montreal_Link n carbon baru c 
LOG (nnet3-latgen-faster[5.5.671~1-e5a5a]:DecodeUtteranceLatticeFaster():decoder-wrappers.cc:375) Log-like per frame for utterance nsc-part2-chn0-spk07952885cnf-028851621 is 1.97821 over 182 frames.
nsc-part2-chn0-spk07952885cnf-028851699 comes __Kampong_Java tunnel __Kampong_Glam m __River_Valley more 
LOG (nnet3-latgen-faster[5.5.671~1-e5a5a]:DecodeUtteranceLatticeFaster():decoder-wrappers.cc:375) Log-like per frame for utterance nsc-part2-chn0-spk07952885cnf-028851699 is 1.82116 over 168 frames.
nsc-part2-chn0-spk07952885cnf-028851870 __Rosaline_Chan_Pang __Lim_Chong_Pang and um charming 
LOG (nnet3-latgen-faster[5.5.671~1-e5a5a]:DecodeUtteranceLatticeFaster():decoder-wrappers.cc:375) Log-like per frame for utterance nsc-part2-chn0-spk07952885cnf-028851870 is 1.71497 over 177 frames.
nsc-part2-chn0-spk07952885cnf-028851878 __Kouo_Shang_Wei warm hot boon n __Lim_Chong_Pang 
LOG (nnet3-latgen-faster[5.5.671~1-e5a5a]:DecodeUtteranceLatticeFaster():decoder-wrappers.cc:375) Log-like per frame for utterance nsc-part2-chn0-spk07952885cnf-028851878 is 1.69826 over 167 frames.
nsc-part2-chn0-spk08262877cnf-028770007 play shown middle way to __Aljunied_Avenue two 
LOG (nnet3-latgen-faster[5.5.671~1-e5a5a]:DecodeUtteranceLatticeFaster():decoder-wrappers.cc:375) Log-like per frame for utterance nsc-part2-chn0-spk08262877cnf-028770007 is 1.77585 over 147 frames.
nsc-part2-chn0-spk08262877cnf-028770080 __Pasir_Ris_View main son wrote and __Bukit_Batok home for did age 
LOG (nnet3-latgen-faster[5.5.671~1-e5a5a]:DecodeUtteranceLatticeFaster():decoder-wrappers.cc:375) Log-like per frame for utterance nsc-part2-chn0-spk08262877cnf-028770080 is 1.83181 over 236 frames.
nsc-part2-chn0-spk08262877cnf-028770134 __Aljunied_Neighbourhood police post __Stadium_Crescent and mount flavour wrote 
LOG (nnet3-latgen-faster[5.5.671~1-e5a5a]:DecodeUtteranceLatticeFaster():decoder-wrappers.cc:375) Log-like per frame for utterance nsc-part2-chn0-spk08262877cnf-028770134 is 2.27318 over 236 frames.
nsc-part2-chn0-spk08262877cnf-028770181 how far away escalator from here 
LOG (nnet3-latgen-faster[5.5.671~1-e5a5a]:DecodeUtteranceLatticeFaster():decoder-wrappers.cc:375) Log-like per frame for utterance nsc-part2-chn0-spk08262877cnf-028770181 is 2.03305 over 122 frames.
nsc-part2-chn0-spk08262877cnf-028770232 please look for amy low know when u rich __Jalan_Dua legal __Sungei_Bedok 
LOG (nnet3-latgen-faster[5.5.671~1-e5a5a]:DecodeUtteranceLatticeFaster():decoder-wrappers.cc:375) Log-like per frame for utterance nsc-part2-chn0-spk08262877cnf-028770232 is 1.71307 over 210 frames.
nsc-part2-chn0-spk08262877cnf-028770269 __Bukit_Batok is avenue __Singapore_Conference as social an east coast avenue 
LOG (nnet3-latgen-faster[5.5.671~1-e5a5a]:DecodeUtteranceLatticeFaster():decoder-wrappers.cc:375) Log-like per frame for utterance nsc-part2-chn0-spk08262877cnf-028770269 is 1.96134 over 251 frames.
nsc-part2-chn0-spk08262877cnf-028770313 __Bukit_Batok_Road __Chatsworth_Road and __Choa_Chu_Kang_West 
LOG (nnet3-latgen-faster[5.5.671~1-e5a5a]:DecodeUtteranceLatticeFaster():decoder-wrappers.cc:375) Log-like per frame for utterance nsc-part2-chn0-spk08262877cnf-028770313 is 2.02459 over 187 frames.
nsc-part2-chn0-spk08262877cnf-028770320 show media way to __Geylang_Square 
LOG (nnet3-latgen-faster[5.5.671~1-e5a5a]:DecodeUtteranceLatticeFaster():decoder-wrappers.cc:375) Log-like per frame for utterance nsc-part2-chn0-spk08262877cnf-028770320 is 1.96479 over 105 frames.
nsc-part2-chn0-spk08262877cnf-028770400 place look for caramel when u reach library at __Chinatown_Point 
LOG (nnet3-latgen-faster[5.5.671~1-e5a5a]:DecodeUtteranceLatticeFaster():decoder-wrappers.cc:375) Log-like per frame for utterance nsc-part2-chn0-spk08262877cnf-028770400 is 2.13234 over 172 frames.
nsc-part2-chn0-spk08262877cnf-028770434 train paying neighborhood police post __Lorong_Pasu and joe avenue 
LOG (nnet3-latgen-faster[5.5.671~1-e5a5a]:DecodeUtteranceLatticeFaster():decoder-wrappers.cc:375) Log-like per frame for utterance nsc-part2-chn0-spk08262877cnf-028770434 is 2.18702 over 211 frames.
nsc-part2-chn0-spk08262877cnf-028770436 lot wrong __Ubi_Link __Chai_Chee fire post and __Bukit_Batok_Crescent 
LOG (nnet3-latgen-faster[5.5.671~1-e5a5a]:DecodeUtteranceLatticeFaster():decoder-wrappers.cc:375) Log-like per frame for utterance nsc-part2-chn0-spk08262877cnf-028770436 is 1.99934 over 194 frames.
nsc-part2-chn0-spk08262877cnf-028771660 __Kim_Hong temple __Upper_Bedok_Road an __Teban_Garden post office 
LOG (nnet3-latgen-faster[5.5.671~1-e5a5a]:DecodeUtteranceLatticeFaster():decoder-wrappers.cc:375) Log-like per frame for utterance nsc-part2-chn0-spk08262877cnf-028771660 is 2.15103 over 223 frames.
nsc-part2-chn0-spk08262877cnf-028771761 pushing avenue __Pasir_Panjang_View an __Aljunied_Neighbourhood police post 
LOG (nnet3-latgen-faster[5.5.671~1-e5a5a]:DecodeUtteranceLatticeFaster():decoder-wrappers.cc:375) Log-like per frame for utterance nsc-part2-chn0-spk08262877cnf-028771761 is 2.31178 over 216 frames.
LOG (apply-cmvn[5.5.671~1-e5a5a]:main():apply-cmvn.cc:81) Copied 59 utterances.
nsc-part2-chn0-spk08262877cnf-028771842 raja barely drama boy lim choir punch and __Wee_Beng_Chong 
LOG (nnet3-latgen-faster[5.5.671~1-e5a5a]:DecodeUtteranceLatticeFaster():decoder-wrappers.cc:375) Log-like per frame for utterance nsc-part2-chn0-spk08262877cnf-028771842 is 1.79307 over 282 frames.
nsc-part2-chn0-spk08262877cnf-028771863 __Bukit_Batok_Crescent __Robinson_Road post office an ourselves hill 
LOG (nnet3-latgen-faster[5.5.671~1-e5a5a]:DecodeUtteranceLatticeFaster():decoder-wrappers.cc:375) Log-like per frame for utterance nsc-part2-chn0-spk08262877cnf-028771863 is 2.09121 over 239 frames.
nsc-part2-chn0-spk08262877cnf-028771881 __Bukit_Timah post office __Tan_Kim_Cheng_Road and __Moonbeam_Walk 
LOG (nnet3-latgen-faster[5.5.671~1-e5a5a]:DecodeUtteranceLatticeFaster():decoder-wrappers.cc:375) Log-like per frame for utterance nsc-part2-chn0-spk08262877cnf-028771881 is 2.064 over 209 frames.
LOG (nnet3-latgen-faster[5.5.671~1-e5a5a]:main():nnet3-latgen-faster.cc:256) Time taken 99.7368s: real-time factor assuming 100 frames/sec is 0.328352
LOG (nnet3-latgen-faster[5.5.671~1-e5a5a]:main():nnet3-latgen-faster.cc:259) Done 59 utterances, failed for 0
LOG (nnet3-latgen-faster[5.5.671~1-e5a5a]:main():nnet3-latgen-faster.cc:261) Overall log-likelihood per frame is 1.95971 over 10125 frames.
LOG (nnet3-latgen-faster[5.5.671~1-e5a5a]:~CachingOptimizingCompiler():nnet-optimize.cc:710) 0.469 seconds taken in nnet3 compilation total (breakdown: 0.313 compilation, 0.112 optimization, 0 shortcut expansion, 0.013 checking, 0.00011 computing indexes, 0.03 misc.) + 0 I/O.
LOG (lattice-scale[5.5.671~1-e5a5a]:main():lattice-scale.cc:107) Done 59 lattices.
# Accounting: time=101 threads=1
# Ended (code 0) at Fri Aug 27 13:57:46 +08 2021, elapsed time 101 seconds
