# nnet3-latgen-faster --online-ivectors=scp:/home3/yachao001/home/asr/w2021/offline-hotwords-asr-test-v2-bak-bak-ASR-4/data/ivector-data-imda-part2/ivector_online.scp --online-ivector-period=10 --frame-subsampling-factor=3 --frames-per-chunk=50 --extra-left-context=0 --extra-right-context=0 --extra-left-context-initial=-1 --extra-right-context-final=-1 --minimize=false --max-active=7000 --min-active=200 --beam=15.0 --lattice-beam=8.0 --acoustic-scale=1.0 --allow-partial=true --word-symbol-table=exp/ExpX/Output/hotword-decoder/graph_hotword/words.txt /home3/yachao001/home/asr/w2021/offline-hotwords-asr-test-v2-bak-bak-ASR-4/exp/msf-scdf-cs-june2021-prune/tdnnf-biased/final.mdl exp/ExpX/Output/hotword-decoder/graph_hotword/HCLG.fst "ark,s,cs:apply-cmvn --norm-means=false --norm-vars=false --utt2spk=ark:/home3/yachao001/home/asr/w2021/hotword/data/imda-part2/mfcc-hires/split20/1/utt2spk scp:/home3/yachao001/home/asr/w2021/hotword/data/imda-part2/mfcc-hires/split20/1/cmvn.scp scp:/home3/yachao001/home/asr/w2021/hotword/data/imda-part2/mfcc-hires/split20/1/feats.scp ark:- |" "ark:|lattice-scale --acoustic-scale=10.0 ark:- ark:- | gzip -c >/home3/yachao001/home/asr/w2021/offline-hotwords-asr-test-v2-bak-bak-ASR-4/exp/msf-scdf-cs-june2021-prune/tdnnf-biased/decode-data-hotword/lat.1.gz" 
# Started at Fri Aug 27 13:56:05 +08 2021
#
nnet3-latgen-faster --online-ivectors=scp:/home3/yachao001/home/asr/w2021/offline-hotwords-asr-test-v2-bak-bak-ASR-4/data/ivector-data-imda-part2/ivector_online.scp --online-ivector-period=10 --frame-subsampling-factor=3 --frames-per-chunk=50 --extra-left-context=0 --extra-right-context=0 --extra-left-context-initial=-1 --extra-right-context-final=-1 --minimize=false --max-active=7000 --min-active=200 --beam=15.0 --lattice-beam=8.0 --acoustic-scale=1.0 --allow-partial=true --word-symbol-table=exp/ExpX/Output/hotword-decoder/graph_hotword/words.txt /home3/yachao001/home/asr/w2021/offline-hotwords-asr-test-v2-bak-bak-ASR-4/exp/msf-scdf-cs-june2021-prune/tdnnf-biased/final.mdl exp/ExpX/Output/hotword-decoder/graph_hotword/HCLG.fst 'ark,s,cs:apply-cmvn --norm-means=false --norm-vars=false --utt2spk=ark:/home3/yachao001/home/asr/w2021/hotword/data/imda-part2/mfcc-hires/split20/1/utt2spk scp:/home3/yachao001/home/asr/w2021/hotword/data/imda-part2/mfcc-hires/split20/1/cmvn.scp scp:/home3/yachao001/home/asr/w2021/hotword/data/imda-part2/mfcc-hires/split20/1/feats.scp ark:- |' 'ark:|lattice-scale --acoustic-scale=10.0 ark:- ark:- | gzip -c >/home3/yachao001/home/asr/w2021/offline-hotwords-asr-test-v2-bak-bak-ASR-4/exp/msf-scdf-cs-june2021-prune/tdnnf-biased/decode-data-hotword/lat.1.gz' 
LOG (nnet3-latgen-faster[5.5.671~1-e5a5a]:RemoveOrphanNodes():nnet-nnet.cc:948) Removed 1 orphan nodes.
LOG (nnet3-latgen-faster[5.5.671~1-e5a5a]:RemoveOrphanComponents():nnet-nnet.cc:847) Removing 2 orphan components.
LOG (nnet3-latgen-faster[5.5.671~1-e5a5a]:Collapse():nnet-utils.cc:1472) Added 1 components, removed 2
apply-cmvn --norm-means=false --norm-vars=false --utt2spk=ark:/home3/yachao001/home/asr/w2021/hotword/data/imda-part2/mfcc-hires/split20/1/utt2spk scp:/home3/yachao001/home/asr/w2021/hotword/data/imda-part2/mfcc-hires/split20/1/cmvn.scp scp:/home3/yachao001/home/asr/w2021/hotword/data/imda-part2/mfcc-hires/split20/1/feats.scp ark:- 
LOG (nnet3-latgen-faster[5.5.671~1-e5a5a]:CheckAndFixConfigs():nnet-am-decodable-simple.cc:294) Increasing --frames-per-chunk from 50 to 51 to make it a multiple of --frame-subsampling-factor=3
lattice-scale --acoustic-scale=10.0 ark:- ark:- 
nsc-part2-chn0-spk00002671maf-026710134 spring __Singapore_Bible __Keck_Seng tower and __Jupiter_Road 
LOG (nnet3-latgen-faster[5.5.671~1-e5a5a]:DecodeUtteranceLatticeFaster():decoder-wrappers.cc:375) Log-like per frame for utterance nsc-part2-chn0-spk00002671maf-026710134 is 1.77099 over 145 frames.
nsc-part2-chn0-spk00002671maf-026710136 __Compassvale_Drive they share branch an __Aljunied_Avenue five 
LOG (nnet3-latgen-faster[5.5.671~1-e5a5a]:DecodeUtteranceLatticeFaster():decoder-wrappers.cc:375) Log-like per frame for utterance nsc-part2-chn0-spk00002671maf-026710136 is 1.92922 over 151 frames.
nsc-part2-chn0-spk00002671maf-026710176 back package in __Chinatown_Point __Cheang_Hong_Lim_Street and some key 
LOG (nnet3-latgen-faster[5.5.671~1-e5a5a]:DecodeUtteranceLatticeFaster():decoder-wrappers.cc:375) Log-like per frame for utterance nsc-part2-chn0-spk00002671maf-026710176 is 1.87103 over 194 frames.
nsc-part2-chn0-spk00002671maf-026710252 what easter distance to __Bedok_Reservoir 
LOG (nnet3-latgen-faster[5.5.671~1-e5a5a]:DecodeUtteranceLatticeFaster():decoder-wrappers.cc:375) Log-like per frame for utterance nsc-part2-chn0-spk00002671maf-026710252 is 1.87155 over 111 frames.
nsc-part2-chn0-spk00002671maf-026710325 __Sandilands_Road knee school and __Jalan_Ulu_Sembawang 
LOG (nnet3-latgen-faster[5.5.671~1-e5a5a]:DecodeUtteranceLatticeFaster():decoder-wrappers.cc:375) Log-like per frame for utterance nsc-part2-chn0-spk00002671maf-026710325 is 1.71994 over 162 frames.
nsc-part2-chn0-spk00002671maf-026710332 __Geylang_United temple 
LOG (nnet3-latgen-faster[5.5.671~1-e5a5a]:DecodeUtteranceLatticeFaster():decoder-wrappers.cc:375) Log-like per frame for utterance nsc-part2-chn0-spk00002671maf-026710332 is 1.78368 over 89 frames.
nsc-part2-chn0-spk00002671maf-026710410 am waiting four rain now though to come back from __Bukit_Batok_Central_Link 
LOG (nnet3-latgen-faster[5.5.671~1-e5a5a]:DecodeUtteranceLatticeFaster():decoder-wrappers.cc:375) Log-like per frame for utterance nsc-part2-chn0-spk00002671maf-026710410 is 1.98043 over 200 frames.
nsc-part2-chn0-spk00002671maf-026710436 sheep ya __Lorong_Abu_Talib and __Great_World apartment 
LOG (nnet3-latgen-faster[5.5.671~1-e5a5a]:DecodeUtteranceLatticeFaster():decoder-wrappers.cc:375) Log-like per frame for utterance nsc-part2-chn0-spk00002671maf-026710436 is 1.69692 over 168 frames.
nsc-part2-chn0-spk00002671maf-026711477 cleaner is dropping me off at __Kampong_Bahru 
LOG (nnet3-latgen-faster[5.5.671~1-e5a5a]:DecodeUtteranceLatticeFaster():decoder-wrappers.cc:375) Log-like per frame for utterance nsc-part2-chn0-spk00002671maf-026711477 is 1.90111 over 136 frames.
nsc-part2-chn0-spk00002671maf-026711690 __Tai_Seng_Drive __Geylang_Square an __Ernani_Street 
LOG (nnet3-latgen-faster[5.5.671~1-e5a5a]:DecodeUtteranceLatticeFaster():decoder-wrappers.cc:375) Log-like per frame for utterance nsc-part2-chn0-spk00002671maf-026711690 is 1.87675 over 150 frames.
nsc-part2-chn0-spk00002671maf-026711699 __Belmont_Road __Cheang_Hong_Lim_Place and __Kampong_Eunos 
LOG (nnet3-latgen-faster[5.5.671~1-e5a5a]:DecodeUtteranceLatticeFaster():decoder-wrappers.cc:375) Log-like per frame for utterance nsc-part2-chn0-spk00002671maf-026711699 is 1.98039 over 169 frames.
nsc-part2-chn0-spk00002671maf-026711756 reflection at __Bukit_Chandu __Marsiling_Road m r station an __Upper_Wilkie_Road 
LOG (nnet3-latgen-faster[5.5.671~1-e5a5a]:DecodeUtteranceLatticeFaster():decoder-wrappers.cc:375) Log-like per frame for utterance nsc-part2-chn0-spk00002671maf-026711756 is 1.88491 over 209 frames.
nsc-part2-chn0-spk00002671maf-026711770 there are sorry support __Lim_Chong_Pang __Chan_Sek_Keong and __Liao_Yingru inner data base 
LOG (nnet3-latgen-faster[5.5.671~1-e5a5a]:DecodeUtteranceLatticeFaster():decoder-wrappers.cc:375) Log-like per frame for utterance nsc-part2-chn0-spk00002671maf-026711770 is 1.66654 over 219 frames.
nsc-part2-chn0-spk00002671maf-026711823 how do i get to __North_Spring primary school 
LOG (nnet3-latgen-faster[5.5.671~1-e5a5a]:DecodeUtteranceLatticeFaster():decoder-wrappers.cc:375) Log-like per frame for utterance nsc-part2-chn0-spk00002671maf-026711823 is 1.97928 over 117 frames.
nsc-part2-chn0-spk00002693cnf-026930115 oyster cheap us way to __Kampong_Glam 
LOG (nnet3-latgen-faster[5.5.671~1-e5a5a]:DecodeUtteranceLatticeFaster():decoder-wrappers.cc:375) Log-like per frame for utterance nsc-part2-chn0-spk00002693cnf-026930115 is 1.6163 over 105 frames.
nsc-part2-chn0-spk00002693cnf-026930144 __Ah_Hood_Road __West_Spring and __Havelock_Road 
LOG (nnet3-latgen-faster[5.5.671~1-e5a5a]:DecodeUtteranceLatticeFaster():decoder-wrappers.cc:375) Log-like per frame for utterance nsc-part2-chn0-spk00002693cnf-026930144 is 1.62561 over 110 frames.
nsc-part2-chn0-spk00002693cnf-026930162 __Upper_Bukit_Timah_Road __Airport_Cargo_Road and __Eastern_Health_Alliance 
LOG (nnet3-latgen-faster[5.5.671~1-e5a5a]:DecodeUtteranceLatticeFaster():decoder-wrappers.cc:375) Log-like per frame for utterance nsc-part2-chn0-spk00002693cnf-026930162 is 1.85162 over 201 frames.
nsc-part2-chn0-spk00002693cnf-026930247 panama road __Bukit_Batok_Road and __Omar_Khayyam_Avenue 
LOG (nnet3-latgen-faster[5.5.671~1-e5a5a]:DecodeUtteranceLatticeFaster():decoder-wrappers.cc:375) Log-like per frame for utterance nsc-part2-chn0-spk00002693cnf-026930247 is 1.69947 over 172 frames.
nsc-part2-chn0-spk00002693cnf-026930251 him heavy rude __Jalan_Kampong_Siglap and __Jalan_Mastuli 
LOG (nnet3-latgen-faster[5.5.671~1-e5a5a]:DecodeUtteranceLatticeFaster():decoder-wrappers.cc:375) Log-like per frame for utterance nsc-part2-chn0-spk00002693cnf-026930251 is 1.70048 over 177 frames.
nsc-part2-chn0-spk00002693cnf-026930280 canada take __Admiralty_Road __Aljunied_Avenue bye 
LOG (nnet3-latgen-faster[5.5.671~1-e5a5a]:DecodeUtteranceLatticeFaster():decoder-wrappers.cc:375) Log-like per frame for utterance nsc-part2-chn0-spk00002693cnf-026930280 is 1.56194 over 133 frames.
nsc-part2-chn0-spk00002693cnf-026930294 __Jalan_Binjai super hostel and __Chong_Pang neighborhood police post 
LOG (nnet3-latgen-faster[5.5.671~1-e5a5a]:DecodeUtteranceLatticeFaster():decoder-wrappers.cc:375) Log-like per frame for utterance nsc-part2-chn0-spk00002693cnf-026930294 is 1.84523 over 174 frames.
nsc-part2-chn0-spk00002693cnf-026930303 deal noise __Geylang_Serai neighborhood police post 
LOG (nnet3-latgen-faster[5.5.671~1-e5a5a]:DecodeUtteranceLatticeFaster():decoder-wrappers.cc:375) Log-like per frame for utterance nsc-part2-chn0-spk00002693cnf-026930303 is 1.74483 over 132 frames.
nsc-part2-chn0-spk00002693cnf-026930384 library eh __Chinatown_Point __How_Sun_Drive and __Ang_Mo_Kio down garden west 
LOG (nnet3-latgen-faster[5.5.671~1-e5a5a]:DecodeUtteranceLatticeFaster():decoder-wrappers.cc:375) Log-like per frame for utterance nsc-part2-chn0-spk00002693cnf-026930384 is 1.80596 over 182 frames.
nsc-part2-chn0-spk00002693cnf-026930418 __Bukit_Batok home for like age __Lengkok_Satu and __Lim_Chu_Kang name 
LOG (nnet3-latgen-faster[5.5.671~1-e5a5a]:DecodeUtteranceLatticeFaster():decoder-wrappers.cc:375) Log-like per frame for utterance nsc-part2-chn0-spk00002693cnf-026930418 is 1.78682 over 184 frames.
nsc-part2-chn0-spk00002693cnf-026931472 __Queen_Elizabeth_Walk __Taman_Warna and __West_Spring 
LOG (nnet3-latgen-faster[5.5.671~1-e5a5a]:DecodeUtteranceLatticeFaster():decoder-wrappers.cc:375) Log-like per frame for utterance nsc-part2-chn0-spk00002693cnf-026931472 is 1.71918 over 145 frames.
nsc-part2-chn0-spk00002693cnf-026931522 __Aljunied_Road 
LOG (nnet3-latgen-faster[5.5.671~1-e5a5a]:DecodeUtteranceLatticeFaster():decoder-wrappers.cc:375) Log-like per frame for utterance nsc-part2-chn0-spk00002693cnf-026931522 is 1.80714 over 64 frames.
nsc-part2-chn0-spk00002693cnf-026931547 __Imbiah_Walk __Marsiling_Crescent and __Springleaf_Avenue 
LOG (nnet3-latgen-faster[5.5.671~1-e5a5a]:DecodeUtteranceLatticeFaster():decoder-wrappers.cc:375) Log-like per frame for utterance nsc-part2-chn0-spk00002693cnf-026931547 is 2.03189 over 143 frames.
nsc-part2-chn0-spk00002693cnf-026931548 hall far away __Simpang_Bedok from here 
LOG (nnet3-latgen-faster[5.5.671~1-e5a5a]:DecodeUtteranceLatticeFaster():decoder-wrappers.cc:375) Log-like per frame for utterance nsc-part2-chn0-spk00002693cnf-026931548 is 1.71782 over 107 frames.
nsc-part2-chn0-spk00002693cnf-026931555 eh faster to take bus to __Lower_Seletar_Close 
LOG (nnet3-latgen-faster[5.5.671~1-e5a5a]:DecodeUtteranceLatticeFaster():decoder-wrappers.cc:375) Log-like per frame for utterance nsc-part2-chn0-spk00002693cnf-026931555 is 1.86999 over 129 frames.
nsc-part2-chn0-spk00002693cnf-026931680 rasa __Fulton_Avenue reach __Kampong_Ampat industrial estate 
LOG (nnet3-latgen-faster[5.5.671~1-e5a5a]:DecodeUtteranceLatticeFaster():decoder-wrappers.cc:375) Log-like per frame for utterance nsc-part2-chn0-spk00002693cnf-026931680 is 1.70998 over 137 frames.
nsc-part2-chn0-spk02542604cnf-026040026 __Chew_Kheng_Chuan __Hussein_Aljunied and __Yong_Melvin_Yik_Chye 
LOG (nnet3-latgen-faster[5.5.671~1-e5a5a]:DecodeUtteranceLatticeFaster():decoder-wrappers.cc:375) Log-like per frame for utterance nsc-part2-chn0-spk02542604cnf-026040026 is 1.901 over 189 frames.
nsc-part2-chn0-spk02542604cnf-026040118 __Fairway_Club __Sembawang_Tamil_Methodist church and __Pasir_Ris_Road 
LOG (nnet3-latgen-faster[5.5.671~1-e5a5a]:DecodeUtteranceLatticeFaster():decoder-wrappers.cc:375) Log-like per frame for utterance nsc-part2-chn0-spk02542604cnf-026040118 is 2.04691 over 177 frames.
nsc-part2-chn0-spk02542604cnf-026040173 __Rivervale_Plaza __Seletar_Lodge_One and __Singapore_Cheshire home 
LOG (nnet3-latgen-faster[5.5.671~1-e5a5a]:DecodeUtteranceLatticeFaster():decoder-wrappers.cc:375) Log-like per frame for utterance nsc-part2-chn0-spk02542604cnf-026040173 is 2.14039 over 162 frames.
nsc-part2-chn0-spk02542604cnf-026040199 what are land mark near __Geylang_Serai neighborhood police post 
LOG (nnet3-latgen-faster[5.5.671~1-e5a5a]:DecodeUtteranceLatticeFaster():decoder-wrappers.cc:375) Log-like per frame for utterance nsc-part2-chn0-spk02542604cnf-026040199 is 2.13045 over 149 frames.
nsc-part2-chn0-spk02542604cnf-026040204 canada m r tea to __Kampong_Eunos 
LOG (nnet3-latgen-faster[5.5.671~1-e5a5a]:DecodeUtteranceLatticeFaster():decoder-wrappers.cc:375) Log-like per frame for utterance nsc-part2-chn0-spk02542604cnf-026040204 is 1.786 over 103 frames.
nsc-part2-chn0-spk02542604cnf-026040247 __Cantonment_Complex __Jalan_Kampong_Siglap an __Eng_Hoon_Street 
LOG (nnet3-latgen-faster[5.5.671~1-e5a5a]:DecodeUtteranceLatticeFaster():decoder-wrappers.cc:375) Log-like per frame for utterance nsc-part2-chn0-spk02542604cnf-026040247 is 1.97799 over 203 frames.
nsc-part2-chn0-spk02542604cnf-026040433 __Yishun_Street faulty want abuse board and __Seletar_Green_Avenue 
LOG (nnet3-latgen-faster[5.5.671~1-e5a5a]:DecodeUtteranceLatticeFaster():decoder-wrappers.cc:375) Log-like per frame for utterance nsc-part2-chn0-spk02542604cnf-026040433 is 2.03949 over 158 frames.
nsc-part2-chn0-spk02542604cnf-026041535 __Muhammadiyah_Welfare home __National_Neuroscience_Institute and __Bukit_Timah_Road 
LOG (nnet3-latgen-faster[5.5.671~1-e5a5a]:DecodeUtteranceLatticeFaster():decoder-wrappers.cc:375) Log-like per frame for utterance nsc-part2-chn0-spk02542604cnf-026041535 is 2.36912 over 199 frames.
nsc-part2-chn0-spk02542604cnf-026041634 along negative together __Bukit_Batok_West by taxi 
LOG (nnet3-latgen-faster[5.5.671~1-e5a5a]:DecodeUtteranceLatticeFaster():decoder-wrappers.cc:375) Log-like per frame for utterance nsc-part2-chn0-spk02542604cnf-026041634 is 2.01733 over 130 frames.
nsc-part2-chn0-spk02542604cnf-026041684 how long take together __Bukit_Timah_Plaza by taxi 
LOG (nnet3-latgen-faster[5.5.671~1-e5a5a]:DecodeUtteranceLatticeFaster():decoder-wrappers.cc:375) Log-like per frame for utterance nsc-part2-chn0-spk02542604cnf-026041684 is 2.09499 over 142 frames.
nsc-part2-chn0-spk02542604cnf-026041706 __Ubi_Close must sitting m artist station and __Jalan_Paras 
LOG (nnet3-latgen-faster[5.5.671~1-e5a5a]:DecodeUtteranceLatticeFaster():decoder-wrappers.cc:375) Log-like per frame for utterance nsc-part2-chn0-spk02542604cnf-026041706 is 1.99274 over 136 frames.
nsc-part2-chn0-spk02542604cnf-026041760 home at __Hong_San __Sunbeam_Evergreen_Place lawyer one gay long __Marina_Promenade 
LOG (nnet3-latgen-faster[5.5.671~1-e5a5a]:DecodeUtteranceLatticeFaster():decoder-wrappers.cc:375) Log-like per frame for utterance nsc-part2-chn0-spk02542604cnf-026041760 is 2.07526 over 225 frames.
nsc-part2-chn0-spk02542604cnf-026041799 can you recommend me err restaurant near __Sembawang_Country_Club 
LOG (nnet3-latgen-faster[5.5.671~1-e5a5a]:DecodeUtteranceLatticeFaster():decoder-wrappers.cc:375) Log-like per frame for utterance nsc-part2-chn0-spk02542604cnf-026041799 is 2.29075 over 153 frames.
nsc-part2-chn0-spk02542604cnf-026041804 the dark road peek view avenue __Marsiling_Rise 
LOG (nnet3-latgen-faster[5.5.671~1-e5a5a]:DecodeUtteranceLatticeFaster():decoder-wrappers.cc:375) Log-like per frame for utterance nsc-part2-chn0-spk02542604cnf-026041804 is 2.0323 over 147 frames.
nsc-part2-chn0-spk02542604cnf-026041848 place look forgive on way reach __Bukit_Batok avenue 
LOG (nnet3-latgen-faster[5.5.671~1-e5a5a]:DecodeUtteranceLatticeFaster():decoder-wrappers.cc:375) Log-like per frame for utterance nsc-part2-chn0-spk02542604cnf-026041848 is 2.01954 over 132 frames.
nsc-part2-chn0-spk02632625cnf-026250175 other food court or restaurant near __Lorong_Lew_Lian __Geylang_United 
LOG (nnet3-latgen-faster[5.5.671~1-e5a5a]:DecodeUtteranceLatticeFaster():decoder-wrappers.cc:375) Log-like per frame for utterance nsc-part2-chn0-spk02632625cnf-026250175 is 1.78866 over 181 frames.
nsc-part2-chn0-spk02632625cnf-026250182 this show middle way to __Seletar_Lodge_One 
LOG (nnet3-latgen-faster[5.5.671~1-e5a5a]:DecodeUtteranceLatticeFaster():decoder-wrappers.cc:375) Log-like per frame for utterance nsc-part2-chn0-spk02632625cnf-026250182 is 1.73543 over 136 frames.
nsc-part2-chn0-spk02632625cnf-026250201 show me the way to __Kampong_Glam concept tuan c sports club 
LOG (nnet3-latgen-faster[5.5.671~1-e5a5a]:DecodeUtteranceLatticeFaster():decoder-wrappers.cc:375) Log-like per frame for utterance nsc-part2-chn0-spk02632625cnf-026250201 is 1.67325 over 167 frames.
nsc-part2-chn0-spk02632625cnf-026250232 place look for captain when u reach __Sembawang_Hills_Drive 
LOG (nnet3-latgen-faster[5.5.671~1-e5a5a]:DecodeUtteranceLatticeFaster():decoder-wrappers.cc:375) Log-like per frame for utterance nsc-part2-chn0-spk02632625cnf-026250232 is 1.77885 over 178 frames.
nsc-part2-chn0-spk02632625cnf-026250242 __Serangoon_Gardens country club __Kim_Chuan_Road and journey industrial estate 
LOG (nnet3-latgen-faster[5.5.671~1-e5a5a]:DecodeUtteranceLatticeFaster():decoder-wrappers.cc:375) Log-like per frame for utterance nsc-part2-chn0-spk02632625cnf-026250242 is 2.07719 over 261 frames.
nsc-part2-chn0-spk02632625cnf-026250298 travel is dropping me off at __Kampong_Java 
LOG (nnet3-latgen-faster[5.5.671~1-e5a5a]:DecodeUtteranceLatticeFaster():decoder-wrappers.cc:375) Log-like per frame for utterance nsc-part2-chn0-spk02632625cnf-026250298 is 1.84837 over 146 frames.
nsc-part2-chn0-spk02632625cnf-026250308 __Kallang_Airport_Drive __Aljunied_Crescent and friend gamble of commercial 
LOG (nnet3-latgen-faster[5.5.671~1-e5a5a]:DecodeUtteranceLatticeFaster():decoder-wrappers.cc:375) Log-like per frame for utterance nsc-part2-chn0-spk02632625cnf-026250308 is 1.92581 over 235 frames.
nsc-part2-chn0-spk02632625cnf-026250312 __Gilstead_Road __Bedok_North and __One_North_Link 
LOG (nnet3-latgen-faster[5.5.671~1-e5a5a]:DecodeUtteranceLatticeFaster():decoder-wrappers.cc:375) Log-like per frame for utterance nsc-part2-chn0-spk02632625cnf-026250312 is 2.03076 over 169 frames.
nsc-part2-chn0-spk02632625cnf-026250415 __Kampong_Java tunnel __Simon_Lane and real more 
LOG (nnet3-latgen-faster[5.5.671~1-e5a5a]:DecodeUtteranceLatticeFaster():decoder-wrappers.cc:375) Log-like per frame for utterance nsc-part2-chn0-spk02632625cnf-026250415 is 1.82154 over 180 frames.
nsc-part2-chn0-spk02632625cnf-026250433 __Bukit_Batok polyclinic the is tuna and __Brani_Marine __Fire_Station 
LOG (nnet3-latgen-faster[5.5.671~1-e5a5a]:DecodeUtteranceLatticeFaster():decoder-wrappers.cc:375) Log-like per frame for utterance nsc-part2-chn0-spk02632625cnf-026250433 is 1.96921 over 233 frames.
nsc-part2-chn0-spk02632625cnf-026250441 din is dropping me off at __Chong_Pang neighborhood police post 
LOG (nnet3-latgen-faster[5.5.671~1-e5a5a]:DecodeUtteranceLatticeFaster():decoder-wrappers.cc:375) Log-like per frame for utterance nsc-part2-chn0-spk02632625cnf-026250441 is 1.99596 over 198 frames.
nsc-part2-chn0-spk02632625cnf-026251511 find the faster spray to __Kampong_Ubi neighborhood police boss 
LOG (nnet3-latgen-faster[5.5.671~1-e5a5a]:DecodeUtteranceLatticeFaster():decoder-wrappers.cc:375) Log-like per frame for utterance nsc-part2-chn0-spk02632625cnf-026251511 is 1.829 over 216 frames.
nsc-part2-chn0-spk02632625cnf-026251548 how far away is __Kampong_Bahru road from here 
LOG (nnet3-latgen-faster[5.5.671~1-e5a5a]:DecodeUtteranceLatticeFaster():decoder-wrappers.cc:375) Log-like per frame for utterance nsc-part2-chn0-spk02632625cnf-026251548 is 1.98297 over 157 frames.
nsc-part2-chn0-spk02632625cnf-026251607 why is __Kampong_Arang_Road 
LOG (nnet3-latgen-faster[5.5.671~1-e5a5a]:DecodeUtteranceLatticeFaster():decoder-wrappers.cc:375) Log-like per frame for utterance nsc-part2-chn0-spk02632625cnf-026251607 is 1.72965 over 100 frames.
nsc-part2-chn0-spk02632625cnf-026251623 ah there food course or restaurant near __Kampung_Glam concept tuan c sports card 
LOG (nnet3-latgen-faster[5.5.671~1-e5a5a]:DecodeUtteranceLatticeFaster():decoder-wrappers.cc:375) Log-like per frame for utterance nsc-part2-chn0-spk02632625cnf-026251623 is 1.90065 over 214 frames.
nsc-part2-chn0-spk02632625cnf-026251690 __Geylang_Bahru_Lane __Jalan_Anak_Bukit and __Singapore_Philatelic_Museum 
LOG (nnet3-latgen-faster[5.5.671~1-e5a5a]:DecodeUtteranceLatticeFaster():decoder-wrappers.cc:375) Log-like per frame for utterance nsc-part2-chn0-spk02632625cnf-026251690 is 1.94668 over 243 frames.
nsc-part2-chn0-spk02632625cnf-026251699 __Bedok_Lighthouse __Marina_Way ended hopefully center 
LOG (nnet3-latgen-faster[5.5.671~1-e5a5a]:DecodeUtteranceLatticeFaster():decoder-wrappers.cc:375) Log-like per frame for utterance nsc-part2-chn0-spk02632625cnf-026251699 is 1.83983 over 185 frames.
LOG (apply-cmvn[5.5.671~1-e5a5a]:main():apply-cmvn.cc:81) Copied 65 utterances.
nsc-part2-chn0-spk02632625cnf-026251740 joe in nun __N_Palanivelu and __Hussein_Aljunied 
LOG (nnet3-latgen-faster[5.5.671~1-e5a5a]:DecodeUtteranceLatticeFaster():decoder-wrappers.cc:375) Log-like per frame for utterance nsc-part2-chn0-spk02632625cnf-026251740 is 1.74908 over 175 frames.
nsc-part2-chn0-spk02632625cnf-026251881 __Seletar_Club_Road national acquaintance center and __Platina_Road 
LOG (nnet3-latgen-faster[5.5.671~1-e5a5a]:DecodeUtteranceLatticeFaster():decoder-wrappers.cc:375) Log-like per frame for utterance nsc-part2-chn0-spk02632625cnf-026251881 is 1.94387 over 226 frames.
nsc-part2-chn0-spk02632625cnf-026251893 __Bedok_Ria_Crescent __Tanah_Merah embarrass me road 
LOG (nnet3-latgen-faster[5.5.671~1-e5a5a]:DecodeUtteranceLatticeFaster():decoder-wrappers.cc:375) Log-like per frame for utterance nsc-part2-chn0-spk02632625cnf-026251893 is 1.81747 over 190 frames.
LOG (nnet3-latgen-faster[5.5.671~1-e5a5a]:main():nnet3-latgen-faster.cc:256) Time taken 109.485s: real-time factor assuming 100 frames/sec is 0.340756
LOG (nnet3-latgen-faster[5.5.671~1-e5a5a]:main():nnet3-latgen-faster.cc:259) Done 65 utterances, failed for 0
LOG (nnet3-latgen-faster[5.5.671~1-e5a5a]:main():nnet3-latgen-faster.cc:261) Overall log-likelihood per frame is 1.8919 over 10710 frames.
LOG (nnet3-latgen-faster[5.5.671~1-e5a5a]:~CachingOptimizingCompiler():nnet-optimize.cc:710) 0.559 seconds taken in nnet3 compilation total (breakdown: 0.386 compilation, 0.116 optimization, 0 shortcut expansion, 0.0252 checking, 0.000102 computing indexes, 0.0309 misc.) + 0 I/O.
LOG (lattice-scale[5.5.671~1-e5a5a]:main():lattice-scale.cc:107) Done 65 lattices.
# Accounting: time=111 threads=1
# Ended (code 0) at Fri Aug 27 13:57:56 +08 2021, elapsed time 111 seconds
