# nnet3-latgen-faster --online-ivectors=scp:/home3/yachao001/home/asr/w2021/offline-hotwords-asr-test-v2-bak-bak-ASR-4/data/ivector-data-imda-part2/ivector_online.scp --online-ivector-period=10 --frame-subsampling-factor=3 --frames-per-chunk=50 --extra-left-context=0 --extra-right-context=0 --extra-left-context-initial=-1 --extra-right-context-final=-1 --minimize=false --max-active=7000 --min-active=200 --beam=15.0 --lattice-beam=8.0 --acoustic-scale=1.0 --allow-partial=true --word-symbol-table=exp/ExpX/Output/hotword-decoder/graph_hotword/words.txt /home3/yachao001/home/asr/w2021/offline-hotwords-asr-test-v2-bak-bak-ASR-4/exp/msf-scdf-cs-june2021-prune/tdnnf-biased/final.mdl exp/ExpX/Output/hotword-decoder/graph_hotword/HCLG.fst "ark,s,cs:apply-cmvn --norm-means=false --norm-vars=false --utt2spk=ark:/home3/yachao001/home/asr/w2021/hotword/data/imda-part2/mfcc-hires/split20/10/utt2spk scp:/home3/yachao001/home/asr/w2021/hotword/data/imda-part2/mfcc-hires/split20/10/cmvn.scp scp:/home3/yachao001/home/asr/w2021/hotword/data/imda-part2/mfcc-hires/split20/10/feats.scp ark:- |" "ark:|lattice-scale --acoustic-scale=10.0 ark:- ark:- | gzip -c >/home3/yachao001/home/asr/w2021/offline-hotwords-asr-test-v2-bak-bak-ASR-4/exp/msf-scdf-cs-june2021-prune/tdnnf-biased/decode-data-hotword/lat.10.gz" 
# Started at Fri Aug 27 13:56:05 +08 2021
#
nnet3-latgen-faster --online-ivectors=scp:/home3/yachao001/home/asr/w2021/offline-hotwords-asr-test-v2-bak-bak-ASR-4/data/ivector-data-imda-part2/ivector_online.scp --online-ivector-period=10 --frame-subsampling-factor=3 --frames-per-chunk=50 --extra-left-context=0 --extra-right-context=0 --extra-left-context-initial=-1 --extra-right-context-final=-1 --minimize=false --max-active=7000 --min-active=200 --beam=15.0 --lattice-beam=8.0 --acoustic-scale=1.0 --allow-partial=true --word-symbol-table=exp/ExpX/Output/hotword-decoder/graph_hotword/words.txt /home3/yachao001/home/asr/w2021/offline-hotwords-asr-test-v2-bak-bak-ASR-4/exp/msf-scdf-cs-june2021-prune/tdnnf-biased/final.mdl exp/ExpX/Output/hotword-decoder/graph_hotword/HCLG.fst 'ark,s,cs:apply-cmvn --norm-means=false --norm-vars=false --utt2spk=ark:/home3/yachao001/home/asr/w2021/hotword/data/imda-part2/mfcc-hires/split20/10/utt2spk scp:/home3/yachao001/home/asr/w2021/hotword/data/imda-part2/mfcc-hires/split20/10/cmvn.scp scp:/home3/yachao001/home/asr/w2021/hotword/data/imda-part2/mfcc-hires/split20/10/feats.scp ark:- |' 'ark:|lattice-scale --acoustic-scale=10.0 ark:- ark:- | gzip -c >/home3/yachao001/home/asr/w2021/offline-hotwords-asr-test-v2-bak-bak-ASR-4/exp/msf-scdf-cs-june2021-prune/tdnnf-biased/decode-data-hotword/lat.10.gz' 
LOG (nnet3-latgen-faster[5.5.671~1-e5a5a]:RemoveOrphanNodes():nnet-nnet.cc:948) Removed 1 orphan nodes.
LOG (nnet3-latgen-faster[5.5.671~1-e5a5a]:RemoveOrphanComponents():nnet-nnet.cc:847) Removing 2 orphan components.
LOG (nnet3-latgen-faster[5.5.671~1-e5a5a]:Collapse():nnet-utils.cc:1472) Added 1 components, removed 2
apply-cmvn --norm-means=false --norm-vars=false --utt2spk=ark:/home3/yachao001/home/asr/w2021/hotword/data/imda-part2/mfcc-hires/split20/10/utt2spk scp:/home3/yachao001/home/asr/w2021/hotword/data/imda-part2/mfcc-hires/split20/10/cmvn.scp scp:/home3/yachao001/home/asr/w2021/hotword/data/imda-part2/mfcc-hires/split20/10/feats.scp ark:- 
lattice-scale --acoustic-scale=10.0 ark:- ark:- 
LOG (nnet3-latgen-faster[5.5.671~1-e5a5a]:CheckAndFixConfigs():nnet-am-decodable-simple.cc:294) Increasing --frames-per-chunk from 50 to 51 to make it a multiple of --frame-subsampling-factor=3
nsc-part2-chn0-spk09203005cnf-030050004 banana free smile like out enroll after crispy spring chicken 
LOG (nnet3-latgen-faster[5.5.671~1-e5a5a]:DecodeUtteranceLatticeFaster():decoder-wrappers.cc:375) Log-like per frame for utterance nsc-part2-chn0-spk09203005cnf-030050004 is 1.91439 over 160 frames.
nsc-part2-chn0-spk09203005cnf-030050028 culture tell me the way to __Taman_Jurong __Shopping_Centre 
LOG (nnet3-latgen-faster[5.5.671~1-e5a5a]:DecodeUtteranceLatticeFaster():decoder-wrappers.cc:375) Log-like per frame for utterance nsc-part2-chn0-spk09203005cnf-030050028 is 2.17522 over 142 frames.
nsc-part2-chn0-spk09203005cnf-030050085 sambal one h tea b brunch office 
LOG (nnet3-latgen-faster[5.5.671~1-e5a5a]:DecodeUtteranceLatticeFaster():decoder-wrappers.cc:375) Log-like per frame for utterance nsc-part2-chn0-spk09203005cnf-030050085 is 1.77699 over 126 frames.
nsc-part2-chn0-spk09203005cnf-030050123 __Seletar_South_Road rate wood growth and big box 
LOG (nnet3-latgen-faster[5.5.671~1-e5a5a]:DecodeUtteranceLatticeFaster():decoder-wrappers.cc:375) Log-like per frame for utterance nsc-part2-chn0-spk09203005cnf-030050123 is 1.96008 over 169 frames.
nsc-part2-chn0-spk09203005cnf-030050166 what other land march near __Kampong_Wak_Hassan 
LOG (nnet3-latgen-faster[5.5.671~1-e5a5a]:DecodeUtteranceLatticeFaster():decoder-wrappers.cc:375) Log-like per frame for utterance nsc-part2-chn0-spk09203005cnf-030050166 is 1.85713 over 134 frames.
nsc-part2-chn0-spk09203005cnf-030050212 __Singapore'S_Mariners' __Hwee_Kuan __Jalan_Keli mount __Prome_Road and __Geylang_Road 
LOG (nnet3-latgen-faster[5.5.671~1-e5a5a]:DecodeUtteranceLatticeFaster():decoder-wrappers.cc:375) Log-like per frame for utterance nsc-part2-chn0-spk09203005cnf-030050212 is 1.84462 over 201 frames.
nsc-part2-chn0-spk09203005cnf-030050221 select the faster way to __Simpang_Bedok 
LOG (nnet3-latgen-faster[5.5.671~1-e5a5a]:DecodeUtteranceLatticeFaster():decoder-wrappers.cc:375) Log-like per frame for utterance nsc-part2-chn0-spk09203005cnf-030050221 is 1.82653 over 116 frames.
nsc-part2-chn0-spk09203005cnf-030050294 park avenue suit river win our week road and __West_Spring 
LOG (nnet3-latgen-faster[5.5.671~1-e5a5a]:DecodeUtteranceLatticeFaster():decoder-wrappers.cc:375) Log-like per frame for utterance nsc-part2-chn0-spk09203005cnf-030050294 is 2.06092 over 177 frames.
nsc-part2-chn0-spk09203005cnf-030050356 fault solo so towards __Shipyard_Crescent and __Bukit_Batok industrial part 
LOG (nnet3-latgen-faster[5.5.671~1-e5a5a]:DecodeUtteranceLatticeFaster():decoder-wrappers.cc:375) Log-like per frame for utterance nsc-part2-chn0-spk09203005cnf-030050356 is 2.2019 over 201 frames.
nsc-part2-chn0-spk09203005cnf-030050374 __Hussein_Aljunied __John_Le_Cain and __Rebecca_Chua 
LOG (nnet3-latgen-faster[5.5.671~1-e5a5a]:DecodeUtteranceLatticeFaster():decoder-wrappers.cc:375) Log-like per frame for utterance nsc-part2-chn0-spk09203005cnf-030050374 is 1.88822 over 170 frames.
nsc-part2-chn0-spk09203005cnf-030050388 during nowhere is __Kampong_Ubi c 
LOG (nnet3-latgen-faster[5.5.671~1-e5a5a]:DecodeUtteranceLatticeFaster():decoder-wrappers.cc:375) Log-like per frame for utterance nsc-part2-chn0-spk09203005cnf-030050388 is 1.7383 over 114 frames.
nsc-part2-chn0-spk09203005cnf-030050414 __Lower_Seletar_Reservoir 
LOG (nnet3-latgen-faster[5.5.671~1-e5a5a]:DecodeUtteranceLatticeFaster():decoder-wrappers.cc:375) Log-like per frame for utterance nsc-part2-chn0-spk09203005cnf-030050414 is 2.12228 over 93 frames.
nsc-part2-chn0-spk09203005cnf-030050423 which bush your i take to china town heritage center 
LOG (nnet3-latgen-faster[5.5.671~1-e5a5a]:DecodeUtteranceLatticeFaster():decoder-wrappers.cc:375) Log-like per frame for utterance nsc-part2-chn0-spk09203005cnf-030050423 is 2.17509 over 142 frames.
nsc-part2-chn0-spk09203005cnf-030050439 __Greenwich_Drive almost alarm twenty wrote and __Bukit_Timah_Link 
LOG (nnet3-latgen-faster[5.5.671~1-e5a5a]:DecodeUtteranceLatticeFaster():decoder-wrappers.cc:375) Log-like per frame for utterance nsc-part2-chn0-spk09203005cnf-030050439 is 2.08791 over 217 frames.
nsc-part2-chn0-spk09203005cnf-030051867 spring exactly and c p i 
LOG (nnet3-latgen-faster[5.5.671~1-e5a5a]:DecodeUtteranceLatticeFaster():decoder-wrappers.cc:375) Log-like per frame for utterance nsc-part2-chn0-spk09203005cnf-030051867 is 1.80282 over 139 frames.
nsc-part2-chn0-spk09203005cnf-030051893 superior hospital __Jalan_Kechil run and __Marsiling_Road 
LOG (nnet3-latgen-faster[5.5.671~1-e5a5a]:DecodeUtteranceLatticeFaster():decoder-wrappers.cc:375) Log-like per frame for utterance nsc-part2-chn0-spk09203005cnf-030051893 is 2.0369 over 149 frames.
nsc-part2-chn0-spk09222998maf-029980029 dinner is dropping me of at __Bukit_Batok_Central 
LOG (nnet3-latgen-faster[5.5.671~1-e5a5a]:DecodeUtteranceLatticeFaster():decoder-wrappers.cc:375) Log-like per frame for utterance nsc-part2-chn0-spk09222998maf-029980029 is 1.83017 over 154 frames.
nsc-part2-chn0-spk09222998maf-029980099 __Kampong_Bugis_Crescent hand dig garden and __Pasir_Ris_Way 
LOG (nnet3-latgen-faster[5.5.671~1-e5a5a]:DecodeUtteranceLatticeFaster():decoder-wrappers.cc:375) Log-like per frame for utterance nsc-part2-chn0-spk09222998maf-029980099 is 1.83072 over 244 frames.
nsc-part2-chn0-spk09222998maf-029980181 how far away is yes __Chinatown_Point hotel form here 
LOG (nnet3-latgen-faster[5.5.671~1-e5a5a]:DecodeUtteranceLatticeFaster():decoder-wrappers.cc:375) Log-like per frame for utterance nsc-part2-chn0-spk09222998maf-029980181 is 1.99265 over 154 frames.
nsc-part2-chn0-spk09222998maf-029980225 __Simpang_Bedok 
LOG (nnet3-latgen-faster[5.5.671~1-e5a5a]:DecodeUtteranceLatticeFaster():decoder-wrappers.cc:375) Log-like per frame for utterance nsc-part2-chn0-spk09222998maf-029980225 is 1.84508 over 67 frames.
nsc-part2-chn0-spk09222998maf-029980236 __Hougang_One eat take to get __Ulu_Sembawang god of felt temple buy taxi 
LOG (nnet3-latgen-faster[5.5.671~1-e5a5a]:DecodeUtteranceLatticeFaster():decoder-wrappers.cc:375) Log-like per frame for utterance nsc-part2-chn0-spk09222998maf-029980236 is 1.74815 over 210 frames.
nsc-part2-chn0-spk09222998maf-029980251 __Jalan_Binjai so data airport and __Dalkeith_Road 
LOG (nnet3-latgen-faster[5.5.671~1-e5a5a]:DecodeUtteranceLatticeFaster():decoder-wrappers.cc:375) Log-like per frame for utterance nsc-part2-chn0-spk09222998maf-029980251 is 1.83187 over 149 frames.
nsc-part2-chn0-spk09222998maf-029980294 what i scientist __Geylang_East_Avenue and central network taste bill 
LOG (nnet3-latgen-faster[5.5.671~1-e5a5a]:DecodeUtteranceLatticeFaster():decoder-wrappers.cc:375) Log-like per frame for utterance nsc-part2-chn0-spk09222998maf-029980294 is 1.68238 over 208 frames.
nsc-part2-chn0-spk09222998maf-029980326 where is __Bukit_Timah express way 
LOG (nnet3-latgen-faster[5.5.671~1-e5a5a]:DecodeUtteranceLatticeFaster():decoder-wrappers.cc:375) Log-like per frame for utterance nsc-part2-chn0-spk09222998maf-029980326 is 1.89001 over 105 frames.
nsc-part2-chn0-spk09222998maf-029980356 west coast highway __Jalan_Kampong_Chantek and say anniversary pot 
LOG (nnet3-latgen-faster[5.5.671~1-e5a5a]:DecodeUtteranceLatticeFaster():decoder-wrappers.cc:375) Log-like per frame for utterance nsc-part2-chn0-spk09222998maf-029980356 is 1.74317 over 284 frames.
nsc-part2-chn0-spk09222998maf-029980362 who said unit __Alex_Josey and __Cheo_Kim_Ban 
LOG (nnet3-latgen-faster[5.5.671~1-e5a5a]:DecodeUtteranceLatticeFaster():decoder-wrappers.cc:375) Log-like per frame for utterance nsc-part2-chn0-spk09222998maf-029980362 is 1.65419 over 170 frames.
nsc-part2-chn0-spk09222998maf-029980433 garden center __Kampung_Glam honesty twenty sport club and clearly hill 
LOG (nnet3-latgen-faster[5.5.671~1-e5a5a]:DecodeUtteranceLatticeFaster():decoder-wrappers.cc:375) Log-like per frame for utterance nsc-part2-chn0-spk09222998maf-029980433 is 1.63722 over 265 frames.
nsc-part2-chn0-spk09222998maf-029981497 __Jurong_Bird part __Guillemard_Road and __Lower_Seletar_Reservoir 
LOG (nnet3-latgen-faster[5.5.671~1-e5a5a]:DecodeUtteranceLatticeFaster():decoder-wrappers.cc:375) Log-like per frame for utterance nsc-part2-chn0-spk09222998maf-029981497 is 1.93952 over 158 frames.
nsc-part2-chn0-spk09222998maf-029981694 baru one tiny wasted crispy spring chicken 
LOG (nnet3-latgen-faster[5.5.671~1-e5a5a]:DecodeUtteranceLatticeFaster():decoder-wrappers.cc:375) Log-like per frame for utterance nsc-part2-chn0-spk09222998maf-029981694 is 1.5971 over 150 frames.
nsc-part2-chn0-spk09222998maf-029981881 __Marsiling_Drive __Inggu_Road and birthday crescent 
LOG (nnet3-latgen-faster[5.5.671~1-e5a5a]:DecodeUtteranceLatticeFaster():decoder-wrappers.cc:375) Log-like per frame for utterance nsc-part2-chn0-spk09222998maf-029981881 is 1.64082 over 142 frames.
nsc-part2-chn0-spk09222998maf-029981884 __Jalan_Baiduri __Klang_Road and __Kampong_Sireh 
LOG (nnet3-latgen-faster[5.5.671~1-e5a5a]:DecodeUtteranceLatticeFaster():decoder-wrappers.cc:375) Log-like per frame for utterance nsc-part2-chn0-spk09222998maf-029981884 is 1.75165 over 132 frames.
nsc-part2-chn0-spk09293057maf-030570080 home sweet hotel __Geylang_Bahru_Lane and __Geylang_Square 
LOG (nnet3-latgen-faster[5.5.671~1-e5a5a]:DecodeUtteranceLatticeFaster():decoder-wrappers.cc:375) Log-like per frame for utterance nsc-part2-chn0-spk09293057maf-030570080 is 2.42592 over 129 frames.
nsc-part2-chn0-spk09293057maf-030570100 how far away is __Kampong_Glam from here 
LOG (nnet3-latgen-faster[5.5.671~1-e5a5a]:DecodeUtteranceLatticeFaster():decoder-wrappers.cc:375) Log-like per frame for utterance nsc-part2-chn0-spk09293057maf-030570100 is 2.00816 over 105 frames.
nsc-part2-chn0-spk09293057maf-030570118 gallery avenue the __Green_Kiwi_Backpacker hostel as __Sembawang_Vista 
LOG (nnet3-latgen-faster[5.5.671~1-e5a5a]:DecodeUtteranceLatticeFaster():decoder-wrappers.cc:375) Log-like per frame for utterance nsc-part2-chn0-spk09293057maf-030570118 is 2.04971 over 178 frames.
nsc-part2-chn0-spk09293057maf-030570196 meeting mana at __Aljunied_Crescent first 
LOG (nnet3-latgen-faster[5.5.671~1-e5a5a]:DecodeUtteranceLatticeFaster():decoder-wrappers.cc:375) Log-like per frame for utterance nsc-part2-chn0-spk09293057maf-030570196 is 1.93942 over 125 frames.
nsc-part2-chn0-spk09293057maf-030570203 is faster to take the bus to selected airport 
LOG (nnet3-latgen-faster[5.5.671~1-e5a5a]:DecodeUtteranceLatticeFaster():decoder-wrappers.cc:375) Log-like per frame for utterance nsc-part2-chn0-spk09293057maf-030570203 is 1.90367 over 108 frames.
nsc-part2-chn0-spk09293057maf-030570204 canada their multiply to __Taman_Bedok 
LOG (nnet3-latgen-faster[5.5.671~1-e5a5a]:DecodeUtteranceLatticeFaster():decoder-wrappers.cc:375) Log-like per frame for utterance nsc-part2-chn0-spk09293057maf-030570204 is 1.84637 over 93 frames.
nsc-part2-chn0-spk09293057maf-030570415 __Gul_Lane __Bukit_Batok n __Jalan_Jeruju 
LOG (nnet3-latgen-faster[5.5.671~1-e5a5a]:DecodeUtteranceLatticeFaster():decoder-wrappers.cc:375) Log-like per frame for utterance nsc-part2-chn0-spk09293057maf-030570415 is 2.13696 over 103 frames.
nsc-part2-chn0-spk09293057maf-030571563 what is the faster way to __Bedok_Reservoir 
LOG (nnet3-latgen-faster[5.5.671~1-e5a5a]:DecodeUtteranceLatticeFaster():decoder-wrappers.cc:375) Log-like per frame for utterance nsc-part2-chn0-spk09293057maf-030571563 is 1.97616 over 99 frames.
nsc-part2-chn0-spk09293057maf-030571569 i am already for early into come back from __Bukit_Timah_Link 
LOG (nnet3-latgen-faster[5.5.671~1-e5a5a]:DecodeUtteranceLatticeFaster():decoder-wrappers.cc:375) Log-like per frame for utterance nsc-part2-chn0-spk09293057maf-030571569 is 2.04241 over 121 frames.
nsc-part2-chn0-spk09293057maf-030571598 how long take to get to __Marsiling_Road by taxi 
LOG (nnet3-latgen-faster[5.5.671~1-e5a5a]:DecodeUtteranceLatticeFaster():decoder-wrappers.cc:375) Log-like per frame for utterance nsc-part2-chn0-spk09293057maf-030571598 is 2.10543 over 120 frames.
LOG (apply-cmvn[5.5.671~1-e5a5a]:main():apply-cmvn.cc:81) Copied 46 utterances.
nsc-part2-chn0-spk09293057maf-030571750 lunch and scary right __Sembawang_Terminal_Road avenue three and so lay at scenario run 
LOG (nnet3-latgen-faster[5.5.671~1-e5a5a]:DecodeUtteranceLatticeFaster():decoder-wrappers.cc:375) Log-like per frame for utterance nsc-part2-chn0-spk09293057maf-030571750 is 1.9358 over 189 frames.
nsc-part2-chn0-spk09293057maf-030571760 __Asimont_Lane __Seraya_Avenue __Sembawang_Hills_Drive 
LOG (nnet3-latgen-faster[5.5.671~1-e5a5a]:DecodeUtteranceLatticeFaster():decoder-wrappers.cc:375) Log-like per frame for utterance nsc-part2-chn0-spk09293057maf-030571760 is 1.91332 over 128 frames.
nsc-part2-chn0-spk09293057maf-030571823 although i get to __Spring_Street 
LOG (nnet3-latgen-faster[5.5.671~1-e5a5a]:DecodeUtteranceLatticeFaster():decoder-wrappers.cc:375) Log-like per frame for utterance nsc-part2-chn0-spk09293057maf-030571823 is 1.9971 over 82 frames.
nsc-part2-chn0-spk09293057maf-030571832 __Merlimau_Place __Jalan_Kampong_Chantek end __Ceylon_Road 
LOG (nnet3-latgen-faster[5.5.671~1-e5a5a]:DecodeUtteranceLatticeFaster():decoder-wrappers.cc:375) Log-like per frame for utterance nsc-part2-chn0-spk09293057maf-030571832 is 2.0583 over 138 frames.
nsc-part2-chn0-spk09293057maf-030571890 can u recommend meet restaurant year __Chinatown_Point 
LOG (nnet3-latgen-faster[5.5.671~1-e5a5a]:DecodeUtteranceLatticeFaster():decoder-wrappers.cc:375) Log-like per frame for utterance nsc-part2-chn0-spk09293057maf-030571890 is 2.30269 over 121 frames.
LOG (nnet3-latgen-faster[5.5.671~1-e5a5a]:main():nnet3-latgen-faster.cc:256) Time taken 73.6414s: real-time factor assuming 100 frames/sec is 0.356738
LOG (nnet3-latgen-faster[5.5.671~1-e5a5a]:main():nnet3-latgen-faster.cc:259) Done 46 utterances, failed for 0
LOG (nnet3-latgen-faster[5.5.671~1-e5a5a]:main():nnet3-latgen-faster.cc:261) Overall log-likelihood per frame is 1.91407 over 6881 frames.
LOG (nnet3-latgen-faster[5.5.671~1-e5a5a]:~CachingOptimizingCompiler():nnet-optimize.cc:710) 0.44 seconds taken in nnet3 compilation total (breakdown: 0.32 compilation, 0.0685 optimization, 0 shortcut expansion, 0.012 checking, 7.87e-05 computing indexes, 0.0396 misc.) + 0 I/O.
LOG (lattice-scale[5.5.671~1-e5a5a]:main():lattice-scale.cc:107) Done 46 lattices.
# Accounting: time=75 threads=1
# Ended (code 0) at Fri Aug 27 13:57:20 +08 2021, elapsed time 75 seconds
