# nnet3-latgen-faster --online-ivectors=scp:/home3/yachao001/home/asr/w2021/offline-hotwords-asr-test-v2-bak-bak-ASR-4/data/ivector-data-imda-part2/ivector_online.scp --online-ivector-period=10 --frame-subsampling-factor=3 --frames-per-chunk=50 --extra-left-context=0 --extra-right-context=0 --extra-left-context-initial=-1 --extra-right-context-final=-1 --minimize=false --max-active=7000 --min-active=200 --beam=15.0 --lattice-beam=8.0 --acoustic-scale=1.0 --allow-partial=true --word-symbol-table=exp/ExpX/Output/hotword-decoder/graph_hotword/words.txt /home3/yachao001/home/asr/w2021/offline-hotwords-asr-test-v2-bak-bak-ASR-4/exp/msf-scdf-cs-june2021-prune/tdnnf-biased/final.mdl exp/ExpX/Output/hotword-decoder/graph_hotword/HCLG.fst "ark,s,cs:apply-cmvn --norm-means=false --norm-vars=false --utt2spk=ark:/home3/yachao001/home/asr/w2021/hotword/data/imda-part2/mfcc-hires/split20/15/utt2spk scp:/home3/yachao001/home/asr/w2021/hotword/data/imda-part2/mfcc-hires/split20/15/cmvn.scp scp:/home3/yachao001/home/asr/w2021/hotword/data/imda-part2/mfcc-hires/split20/15/feats.scp ark:- |" "ark:|lattice-scale --acoustic-scale=10.0 ark:- ark:- | gzip -c >/home3/yachao001/home/asr/w2021/offline-hotwords-asr-test-v2-bak-bak-ASR-4/exp/msf-scdf-cs-june2021-prune/tdnnf-biased/decode-data-hotword/lat.15.gz" 
# Started at Fri Aug 27 13:56:05 +08 2021
#
nnet3-latgen-faster --online-ivectors=scp:/home3/yachao001/home/asr/w2021/offline-hotwords-asr-test-v2-bak-bak-ASR-4/data/ivector-data-imda-part2/ivector_online.scp --online-ivector-period=10 --frame-subsampling-factor=3 --frames-per-chunk=50 --extra-left-context=0 --extra-right-context=0 --extra-left-context-initial=-1 --extra-right-context-final=-1 --minimize=false --max-active=7000 --min-active=200 --beam=15.0 --lattice-beam=8.0 --acoustic-scale=1.0 --allow-partial=true --word-symbol-table=exp/ExpX/Output/hotword-decoder/graph_hotword/words.txt /home3/yachao001/home/asr/w2021/offline-hotwords-asr-test-v2-bak-bak-ASR-4/exp/msf-scdf-cs-june2021-prune/tdnnf-biased/final.mdl exp/ExpX/Output/hotword-decoder/graph_hotword/HCLG.fst 'ark,s,cs:apply-cmvn --norm-means=false --norm-vars=false --utt2spk=ark:/home3/yachao001/home/asr/w2021/hotword/data/imda-part2/mfcc-hires/split20/15/utt2spk scp:/home3/yachao001/home/asr/w2021/hotword/data/imda-part2/mfcc-hires/split20/15/cmvn.scp scp:/home3/yachao001/home/asr/w2021/hotword/data/imda-part2/mfcc-hires/split20/15/feats.scp ark:- |' 'ark:|lattice-scale --acoustic-scale=10.0 ark:- ark:- | gzip -c >/home3/yachao001/home/asr/w2021/offline-hotwords-asr-test-v2-bak-bak-ASR-4/exp/msf-scdf-cs-june2021-prune/tdnnf-biased/decode-data-hotword/lat.15.gz' 
LOG (nnet3-latgen-faster[5.5.671~1-e5a5a]:RemoveOrphanNodes():nnet-nnet.cc:948) Removed 1 orphan nodes.
LOG (nnet3-latgen-faster[5.5.671~1-e5a5a]:RemoveOrphanComponents():nnet-nnet.cc:847) Removing 2 orphan components.
LOG (nnet3-latgen-faster[5.5.671~1-e5a5a]:Collapse():nnet-utils.cc:1472) Added 1 components, removed 2
apply-cmvn --norm-means=false --norm-vars=false --utt2spk=ark:/home3/yachao001/home/asr/w2021/hotword/data/imda-part2/mfcc-hires/split20/15/utt2spk scp:/home3/yachao001/home/asr/w2021/hotword/data/imda-part2/mfcc-hires/split20/15/cmvn.scp scp:/home3/yachao001/home/asr/w2021/hotword/data/imda-part2/mfcc-hires/split20/15/feats.scp ark:- 
lattice-scale --acoustic-scale=10.0 ark:- ark:- 
LOG (nnet3-latgen-faster[5.5.671~1-e5a5a]:CheckAndFixConfigs():nnet-am-decodable-simple.cc:294) Increasing --frames-per-chunk from 50 to 51 to make it a multiple of --frame-subsampling-factor=3
nsc-part2-chn0-spk09983093cnm-030930099 __Buangkok_View __Woodleigh_Close and __Bedok_Green primary screw 
LOG (nnet3-latgen-faster[5.5.671~1-e5a5a]:DecodeUtteranceLatticeFaster():decoder-wrappers.cc:375) Log-like per frame for utterance nsc-part2-chn0-spk09983093cnm-030930099 is 1.81952 over 223 frames.
nsc-part2-chn0-spk09983093cnm-030930181 how far away __Seletar_Hill_Drive from here 
LOG (nnet3-latgen-faster[5.5.671~1-e5a5a]:DecodeUtteranceLatticeFaster():decoder-wrappers.cc:375) Log-like per frame for utterance nsc-part2-chn0-spk09983093cnm-030930181 is 1.97264 over 131 frames.
nsc-part2-chn0-spk09983093cnm-030930188 how to i get to kampong kampong industrial estate 
LOG (nnet3-latgen-faster[5.5.671~1-e5a5a]:DecodeUtteranceLatticeFaster():decoder-wrappers.cc:375) Log-like per frame for utterance nsc-part2-chn0-spk09983093cnm-030930188 is 2.03786 over 148 frames.
nsc-part2-chn0-spk09983093cnm-030930212 __Jalan_Kechil one terminal avenue three and e banana exam billy of got 
LOG (nnet3-latgen-faster[5.5.671~1-e5a5a]:DecodeUtteranceLatticeFaster():decoder-wrappers.cc:375) Log-like per frame for utterance nsc-part2-chn0-spk09983093cnm-030930212 is 1.71476 over 303 frames.
nsc-part2-chn0-spk09983093cnm-030930219 u tell me the way to __Marsiling_Rise 
LOG (nnet3-latgen-faster[5.5.671~1-e5a5a]:DecodeUtteranceLatticeFaster():decoder-wrappers.cc:375) Log-like per frame for utterance nsc-part2-chn0-spk09983093cnm-030930219 is 1.73479 over 110 frames.
nsc-part2-chn0-spk09983093cnm-030930303 do u nowhere is __Chinatown_Point 
LOG (nnet3-latgen-faster[5.5.671~1-e5a5a]:DecodeUtteranceLatticeFaster():decoder-wrappers.cc:375) Log-like per frame for utterance nsc-part2-chn0-spk09983093cnm-030930303 is 1.99425 over 112 frames.
nsc-part2-chn0-spk09983093cnm-030930312 __Geylang_Square marina wrote an __Jalan_Dua kerana 
LOG (nnet3-latgen-faster[5.5.671~1-e5a5a]:DecodeUtteranceLatticeFaster():decoder-wrappers.cc:375) Log-like per frame for utterance nsc-part2-chn0-spk09983093cnm-030930312 is 1.80445 over 187 frames.
nsc-part2-chn0-spk09983093cnm-030930381 spring r room and old 
LOG (nnet3-latgen-faster[5.5.671~1-e5a5a]:DecodeUtteranceLatticeFaster():decoder-wrappers.cc:375) Log-like per frame for utterance nsc-part2-chn0-spk09983093cnm-030930381 is 1.66662 over 168 frames.
nsc-part2-chn0-spk09983093cnm-030930405 i am waiting four semi to come back from __Bukit_Batok_Crescent 
LOG (nnet3-latgen-faster[5.5.671~1-e5a5a]:DecodeUtteranceLatticeFaster():decoder-wrappers.cc:375) Log-like per frame for utterance nsc-part2-chn0-spk09983093cnm-030930405 is 1.76585 over 263 frames.
nsc-part2-chn0-spk09983093cnm-030930418 sultan avenue __Upper_Aljunied_Road entry top walk 
LOG (nnet3-latgen-faster[5.5.671~1-e5a5a]:DecodeUtteranceLatticeFaster():decoder-wrappers.cc:375) Log-like per frame for utterance nsc-part2-chn0-spk09983093cnm-030930418 is 2.11253 over 147 frames.
nsc-part2-chn0-spk09983093cnm-030931493 which pass should i take to kampong cereal 
LOG (nnet3-latgen-faster[5.5.671~1-e5a5a]:DecodeUtteranceLatticeFaster():decoder-wrappers.cc:375) Log-like per frame for utterance nsc-part2-chn0-spk09983093cnm-030931493 is 1.68506 over 161 frames.
nsc-part2-chn0-spk09983093cnm-030931610 argument road __Seletar_Club and coffee place 
LOG (nnet3-latgen-faster[5.5.671~1-e5a5a]:DecodeUtteranceLatticeFaster():decoder-wrappers.cc:375) Log-like per frame for utterance nsc-part2-chn0-spk09983093cnm-030931610 is 1.78099 over 168 frames.
nsc-part2-chn0-spk09983093cnm-030931621 __Jalan_Dua kampong sentence near tower __Admiralty_Greens __Secondary_School 
LOG (nnet3-latgen-faster[5.5.671~1-e5a5a]:DecodeUtteranceLatticeFaster():decoder-wrappers.cc:375) Log-like per frame for utterance nsc-part2-chn0-spk09983093cnm-030931621 is 1.66918 over 267 frames.
nsc-part2-chn0-spk09983093cnm-030931756 __Sembawang_Alley wolf gate self pretty meter road enam yang avenue 
LOG (nnet3-latgen-faster[5.5.671~1-e5a5a]:DecodeUtteranceLatticeFaster():decoder-wrappers.cc:375) Log-like per frame for utterance nsc-part2-chn0-spk09983093cnm-030931756 is 1.7662 over 254 frames.
nsc-part2-chn0-spk09983093cnm-030931773 __Anak_Bukit under pass __Grace_Walk and __Kampong_Kayu_Road 
LOG (nnet3-latgen-faster[5.5.671~1-e5a5a]:DecodeUtteranceLatticeFaster():decoder-wrappers.cc:375) Log-like per frame for utterance nsc-part2-chn0-spk09983093cnm-030931773 is 1.8248 over 252 frames.
nsc-part2-chn0-spk09983093cnm-030931834 door hit is dropping may off absolute ta 
LOG (nnet3-latgen-faster[5.5.671~1-e5a5a]:DecodeUtteranceLatticeFaster():decoder-wrappers.cc:375) Log-like per frame for utterance nsc-part2-chn0-spk09983093cnm-030931834 is 1.74738 over 128 frames.
nsc-part2-chn0-spk10033097mam-030970032 __Geylang_East_Central __Radin_Mas neighborhood police post and __Chulia_Street 
LOG (nnet3-latgen-faster[5.5.671~1-e5a5a]:DecodeUtteranceLatticeFaster():decoder-wrappers.cc:375) Log-like per frame for utterance nsc-part2-chn0-spk10033097mam-030970032 is 2.45102 over 145 frames.
nsc-part2-chn0-spk10033097mam-030970049 __Ruby_Lane __Joo_Koon_Crescent and __Upper_Joo_Aljunied_Link 
LOG (nnet3-latgen-faster[5.5.671~1-e5a5a]:DecodeUtteranceLatticeFaster():decoder-wrappers.cc:375) Log-like per frame for utterance nsc-part2-chn0-spk10033097mam-030970049 is 2.27181 over 138 frames.
nsc-part2-chn0-spk10033097mam-030970071 select the faster way to __Bukit_Timah_Plaza 
LOG (nnet3-latgen-faster[5.5.671~1-e5a5a]:DecodeUtteranceLatticeFaster():decoder-wrappers.cc:375) Log-like per frame for utterance nsc-part2-chn0-spk10033097mam-030970071 is 2.17822 over 103 frames.
nsc-part2-chn0-spk10033097mam-030970118 __Jalan_Hajijah marina at couple beyond __Sembawang_Vista 
LOG (nnet3-latgen-faster[5.5.671~1-e5a5a]:DecodeUtteranceLatticeFaster():decoder-wrappers.cc:375) Log-like per frame for utterance nsc-part2-chn0-spk10033097mam-030970118 is 2.10183 over 129 frames.
nsc-part2-chn0-spk10033097mam-030970182 please __Jurong_Bird away to __Orchard_Spring_Lane 
LOG (nnet3-latgen-faster[5.5.671~1-e5a5a]:DecodeUtteranceLatticeFaster():decoder-wrappers.cc:375) Log-like per frame for utterance nsc-part2-chn0-spk10033097mam-030970182 is 2.00005 over 96 frames.
nsc-part2-chn0-spk10033097mam-030970188 how theory get to __Kampong_Arang_Road 
LOG (nnet3-latgen-faster[5.5.671~1-e5a5a]:DecodeUtteranceLatticeFaster():decoder-wrappers.cc:375) Log-like per frame for utterance nsc-part2-chn0-spk10033097mam-030970188 is 1.72393 over 80 frames.
nsc-part2-chn0-spk10033097mam-030970212 standing stress kos later country club and __Woodland_Street 
LOG (nnet3-latgen-faster[5.5.671~1-e5a5a]:DecodeUtteranceLatticeFaster():decoder-wrappers.cc:375) Log-like per frame for utterance nsc-part2-chn0-spk10033097mam-030970212 is 2.00585 over 132 frames.
nsc-part2-chn0-spk10033097mam-030970312 __Liang_Court region see contract err crescent and __Bukit_Batok home for the age 
LOG (nnet3-latgen-faster[5.5.671~1-e5a5a]:DecodeUtteranceLatticeFaster():decoder-wrappers.cc:375) Log-like per frame for utterance nsc-part2-chn0-spk10033097mam-030970312 is 1.88714 over 198 frames.
nsc-part2-chn0-spk10033097mam-030970433 __Jalan_Baiduri __Jurong_Island __Seletar_Wests form way 
LOG (nnet3-latgen-faster[5.5.671~1-e5a5a]:DecodeUtteranceLatticeFaster():decoder-wrappers.cc:375) Log-like per frame for utterance nsc-part2-chn0-spk10033097mam-030970433 is 2.13352 over 122 frames.
nsc-part2-chn0-spk10033097mam-030971698 hello really take to walk to __Kampong_Sireh 
LOG (nnet3-latgen-faster[5.5.671~1-e5a5a]:DecodeUtteranceLatticeFaster():decoder-wrappers.cc:375) Log-like per frame for utterance nsc-part2-chn0-spk10033097mam-030971698 is 1.79614 over 115 frames.
nsc-part2-chn0-spk10033097mam-030971699 __Marsiling_Neighbourhood police pun video sex road and __Jalan_Membina 
LOG (nnet3-latgen-faster[5.5.671~1-e5a5a]:DecodeUtteranceLatticeFaster():decoder-wrappers.cc:375) Log-like per frame for utterance nsc-part2-chn0-spk10033097mam-030971699 is 2.3252 over 145 frames.
nsc-part2-chn0-spk10033097mam-030971717 __Springwood_Close useless or __Singapore_Bible spring __Singapore_Bible 
LOG (nnet3-latgen-faster[5.5.671~1-e5a5a]:DecodeUtteranceLatticeFaster():decoder-wrappers.cc:375) Log-like per frame for utterance nsc-part2-chn0-spk10033097mam-030971717 is 1.80106 over 190 frames.
nsc-part2-chn0-spk10033097mam-030971875 third __Chin_Bee_Road __Chang_Ziang mission and __Bedok_North 
LOG (nnet3-latgen-faster[5.5.671~1-e5a5a]:DecodeUtteranceLatticeFaster():decoder-wrappers.cc:375) Log-like per frame for utterance nsc-part2-chn0-spk10033097mam-030971875 is 1.91109 over 137 frames.
nsc-part2-chn0-spk10033097mam-030971893 __Upper_Bedok_Road sports drive two an __Boat_Quay 
LOG (nnet3-latgen-faster[5.5.671~1-e5a5a]:DecodeUtteranceLatticeFaster():decoder-wrappers.cc:375) Log-like per frame for utterance nsc-part2-chn0-spk10033097mam-030971893 is 2.10282 over 122 frames.
nsc-part2-chn0-spk10043089cnm-030890125 after taking look at data based we found story about __Syed_Jaafar_Albar individual saying and __Hussein_Aljunied 
LOG (nnet3-latgen-faster[5.5.671~1-e5a5a]:DecodeUtteranceLatticeFaster():decoder-wrappers.cc:375) Log-like per frame for utterance nsc-part2-chn0-spk10043089cnm-030890125 is 1.80832 over 335 frames.
nsc-part2-chn0-spk10043089cnm-030890166 what are dilemma near __Kampong_Arang_Road 
LOG (nnet3-latgen-faster[5.5.671~1-e5a5a]:DecodeUtteranceLatticeFaster():decoder-wrappers.cc:375) Log-like per frame for utterance nsc-part2-chn0-spk10043089cnm-030890166 is 1.8065 over 117 frames.
nsc-part2-chn0-spk10043089cnm-030890173 center bo public project management __Geylang_Methodist_School and grant in turn temple 
LOG (nnet3-latgen-faster[5.5.671~1-e5a5a]:DecodeUtteranceLatticeFaster():decoder-wrappers.cc:375) Log-like per frame for utterance nsc-part2-chn0-spk10043089cnm-030890173 is 1.99241 over 276 frames.
nsc-part2-chn0-spk10043089cnm-030890203 is faster to take the bus to __Seletar_East sunway 
LOG (nnet3-latgen-faster[5.5.671~1-e5a5a]:DecodeUtteranceLatticeFaster():decoder-wrappers.cc:375) Log-like per frame for utterance nsc-part2-chn0-spk10043089cnm-030890203 is 1.73286 over 127 frames.
nsc-part2-chn0-spk10043089cnm-030890212 kill avenue summer below enroll long butcher 
LOG (nnet3-latgen-faster[5.5.671~1-e5a5a]:DecodeUtteranceLatticeFaster():decoder-wrappers.cc:375) Log-like per frame for utterance nsc-part2-chn0-spk10043089cnm-030890212 is 1.69807 over 183 frames.
nsc-part2-chn0-spk10043089cnm-030890221 selected fast way to __Sembawang_Tamil_Methodist church 
LOG (nnet3-latgen-faster[5.5.671~1-e5a5a]:DecodeUtteranceLatticeFaster():decoder-wrappers.cc:375) Log-like per frame for utterance nsc-part2-chn0-spk10043089cnm-030890221 is 1.87314 over 150 frames.
nsc-part2-chn0-spk10043089cnm-030890258 the gift __Jalan_Ulu_Seletar __Sungei_Gedong_Road 
LOG (nnet3-latgen-faster[5.5.671~1-e5a5a]:DecodeUtteranceLatticeFaster():decoder-wrappers.cc:375) Log-like per frame for utterance nsc-part2-chn0-spk10043089cnm-030890258 is 1.72773 over 166 frames.
nsc-part2-chn0-spk10043089cnm-030890405 am waiting for __Janet_Lim to come back from __Bukit_Batok_Road 
LOG (nnet3-latgen-faster[5.5.671~1-e5a5a]:DecodeUtteranceLatticeFaster():decoder-wrappers.cc:375) Log-like per frame for utterance nsc-part2-chn0-spk10043089cnm-030890405 is 2.07658 over 142 frames.
nsc-part2-chn0-spk10043089cnm-030890419 ended p anti u and spring 
LOG (nnet3-latgen-faster[5.5.671~1-e5a5a]:DecodeUtteranceLatticeFaster():decoder-wrappers.cc:375) Log-like per frame for utterance nsc-part2-chn0-spk10043089cnm-030890419 is 1.73416 over 126 frames.
nsc-part2-chn0-spk10043089cnm-030890434 __Jalan_Bungar below ministry of culture community and youth __Singapore_Bible college 
LOG (nnet3-latgen-faster[5.5.671~1-e5a5a]:DecodeUtteranceLatticeFaster():decoder-wrappers.cc:375) Log-like per frame for utterance nsc-part2-chn0-spk10043089cnm-030890434 is 1.93025 over 321 frames.
nsc-part2-chn0-spk10043089cnm-030891507 __Hang_Chang_Chieh yo __Gan_Eng_Seng lee __Chong_Pang 
LOG (nnet3-latgen-faster[5.5.671~1-e5a5a]:DecodeUtteranceLatticeFaster():decoder-wrappers.cc:375) Log-like per frame for utterance nsc-part2-chn0-spk10043089cnm-030891507 is 1.57634 over 172 frames.
nsc-part2-chn0-spk10043089cnm-030891549 i know people who web the exact name as __Christopher_Henry_Rothwell __Lim_Chong_Pang and how urine park 
LOG (nnet3-latgen-faster[5.5.671~1-e5a5a]:DecodeUtteranceLatticeFaster():decoder-wrappers.cc:375) Log-like per frame for utterance nsc-part2-chn0-spk10043089cnm-030891549 is 1.90788 over 291 frames.
LOG (apply-cmvn[5.5.671~1-e5a5a]:main():apply-cmvn.cc:81) Copied 45 utterances.
nsc-part2-chn0-spk10043089cnm-030891716 __West_Spring __Institute_Of_Engineer_Singapore and __Loyang_Street 
LOG (nnet3-latgen-faster[5.5.671~1-e5a5a]:DecodeUtteranceLatticeFaster():decoder-wrappers.cc:375) Log-like per frame for utterance nsc-part2-chn0-spk10043089cnm-030891716 is 2.17132 over 201 frames.
nsc-part2-chn0-spk10043089cnm-030891771 __Peace_Centre __Neo_Tiew_Road __Jalan_Kampong_Chantek 
LOG (nnet3-latgen-faster[5.5.671~1-e5a5a]:DecodeUtteranceLatticeFaster():decoder-wrappers.cc:375) Log-like per frame for utterance nsc-part2-chn0-spk10043089cnm-030891771 is 1.81416 over 190 frames.
nsc-part2-chn0-spk10043089cnm-030891857 argue board love wasted crispy spring chicken 
LOG (nnet3-latgen-faster[5.5.671~1-e5a5a]:DecodeUtteranceLatticeFaster():decoder-wrappers.cc:375) Log-like per frame for utterance nsc-part2-chn0-spk10043089cnm-030891857 is 1.94968 over 145 frames.
LOG (nnet3-latgen-faster[5.5.671~1-e5a5a]:main():nnet3-latgen-faster.cc:256) Time taken 83.312s: real-time factor assuming 100 frames/sec is 0.355306
LOG (nnet3-latgen-faster[5.5.671~1-e5a5a]:main():nnet3-latgen-faster.cc:259) Done 45 utterances, failed for 0
LOG (nnet3-latgen-faster[5.5.671~1-e5a5a]:main():nnet3-latgen-faster.cc:261) Overall log-likelihood per frame is 1.88412 over 7816 frames.
LOG (nnet3-latgen-faster[5.5.671~1-e5a5a]:~CachingOptimizingCompiler():nnet-optimize.cc:710) 0.457 seconds taken in nnet3 compilation total (breakdown: 0.317 compilation, 0.0523 optimization, 0 shortcut expansion, 0.0376 checking, 7.32e-05 computing indexes, 0.0507 misc.) + 0 I/O.
LOG (lattice-scale[5.5.671~1-e5a5a]:main():lattice-scale.cc:107) Done 45 lattices.
# Accounting: time=85 threads=1
# Ended (code 0) at Fri Aug 27 13:57:30 +08 2021, elapsed time 85 seconds
