# nnet3-latgen-faster --online-ivectors=scp:/home3/yachao001/home/asr/w2021/offline-hotwords-asr-test-v2-bak-bak-ASR-4/data/ivector-data-imda-part2/ivector_online.scp --online-ivector-period=10 --frame-subsampling-factor=3 --frames-per-chunk=50 --extra-left-context=0 --extra-right-context=0 --extra-left-context-initial=-1 --extra-right-context-final=-1 --minimize=false --max-active=7000 --min-active=200 --beam=15.0 --lattice-beam=8.0 --acoustic-scale=1.0 --allow-partial=true --word-symbol-table=exp/ExpX/Output/hotword-decoder/graph_hotword/words.txt /home3/yachao001/home/asr/w2021/offline-hotwords-asr-test-v2-bak-bak-ASR-4/exp/msf-scdf-cs-june2021-prune/tdnnf-biased/final.mdl exp/ExpX/Output/hotword-decoder/graph_hotword/HCLG.fst "ark,s,cs:apply-cmvn --norm-means=false --norm-vars=false --utt2spk=ark:/home3/yachao001/home/asr/w2021/hotword/data/imda-part2/mfcc-hires/split20/17/utt2spk scp:/home3/yachao001/home/asr/w2021/hotword/data/imda-part2/mfcc-hires/split20/17/cmvn.scp scp:/home3/yachao001/home/asr/w2021/hotword/data/imda-part2/mfcc-hires/split20/17/feats.scp ark:- |" "ark:|lattice-scale --acoustic-scale=10.0 ark:- ark:- | gzip -c >/home3/yachao001/home/asr/w2021/offline-hotwords-asr-test-v2-bak-bak-ASR-4/exp/msf-scdf-cs-june2021-prune/tdnnf-biased/decode-data-hotword/lat.17.gz" 
# Started at Fri Aug 27 13:56:05 +08 2021
#
nnet3-latgen-faster --online-ivectors=scp:/home3/yachao001/home/asr/w2021/offline-hotwords-asr-test-v2-bak-bak-ASR-4/data/ivector-data-imda-part2/ivector_online.scp --online-ivector-period=10 --frame-subsampling-factor=3 --frames-per-chunk=50 --extra-left-context=0 --extra-right-context=0 --extra-left-context-initial=-1 --extra-right-context-final=-1 --minimize=false --max-active=7000 --min-active=200 --beam=15.0 --lattice-beam=8.0 --acoustic-scale=1.0 --allow-partial=true --word-symbol-table=exp/ExpX/Output/hotword-decoder/graph_hotword/words.txt /home3/yachao001/home/asr/w2021/offline-hotwords-asr-test-v2-bak-bak-ASR-4/exp/msf-scdf-cs-june2021-prune/tdnnf-biased/final.mdl exp/ExpX/Output/hotword-decoder/graph_hotword/HCLG.fst 'ark,s,cs:apply-cmvn --norm-means=false --norm-vars=false --utt2spk=ark:/home3/yachao001/home/asr/w2021/hotword/data/imda-part2/mfcc-hires/split20/17/utt2spk scp:/home3/yachao001/home/asr/w2021/hotword/data/imda-part2/mfcc-hires/split20/17/cmvn.scp scp:/home3/yachao001/home/asr/w2021/hotword/data/imda-part2/mfcc-hires/split20/17/feats.scp ark:- |' 'ark:|lattice-scale --acoustic-scale=10.0 ark:- ark:- | gzip -c >/home3/yachao001/home/asr/w2021/offline-hotwords-asr-test-v2-bak-bak-ASR-4/exp/msf-scdf-cs-june2021-prune/tdnnf-biased/decode-data-hotword/lat.17.gz' 
LOG (nnet3-latgen-faster[5.5.671~1-e5a5a]:RemoveOrphanNodes():nnet-nnet.cc:948) Removed 1 orphan nodes.
LOG (nnet3-latgen-faster[5.5.671~1-e5a5a]:RemoveOrphanComponents():nnet-nnet.cc:847) Removing 2 orphan components.
LOG (nnet3-latgen-faster[5.5.671~1-e5a5a]:Collapse():nnet-utils.cc:1472) Added 1 components, removed 2
apply-cmvn --norm-means=false --norm-vars=false --utt2spk=ark:/home3/yachao001/home/asr/w2021/hotword/data/imda-part2/mfcc-hires/split20/17/utt2spk scp:/home3/yachao001/home/asr/w2021/hotword/data/imda-part2/mfcc-hires/split20/17/cmvn.scp scp:/home3/yachao001/home/asr/w2021/hotword/data/imda-part2/mfcc-hires/split20/17/feats.scp ark:- 
lattice-scale --acoustic-scale=10.0 ark:- ark:- 
LOG (nnet3-latgen-faster[5.5.671~1-e5a5a]:CheckAndFixConfigs():nnet-am-decodable-simple.cc:294) Increasing --frames-per-chunk from 50 to 51 to make it a multiple of --frame-subsampling-factor=3
nsc-part2-chn0-spk10183106cnm-031060071 select the faster sweet __Bedok_View __Secondary_School 
LOG (nnet3-latgen-faster[5.5.671~1-e5a5a]:DecodeUtteranceLatticeFaster():decoder-wrappers.cc:375) Log-like per frame for utterance nsc-part2-chn0-spk10183106cnm-031060071 is 2.18973 over 113 frames.
nsc-part2-chn0-spk10183106cnm-031060099 __Seletar_Court trick up biology ruby industrial park e an amazing in 
LOG (nnet3-latgen-faster[5.5.671~1-e5a5a]:DecodeUtteranceLatticeFaster():decoder-wrappers.cc:375) Log-like per frame for utterance nsc-part2-chn0-spk10183106cnm-031060099 is 1.8606 over 183 frames.
nsc-part2-chn0-spk10183106cnm-031060148 canada take bus to __Jalan_Ulu_Sembawang 
LOG (nnet3-latgen-faster[5.5.671~1-e5a5a]:DecodeUtteranceLatticeFaster():decoder-wrappers.cc:375) Log-like per frame for utterance nsc-part2-chn0-spk10183106cnm-031060148 is 1.79241 over 106 frames.
nsc-part2-chn0-spk10183106cnm-031060164 what is the distance __Kampong_Bugis_Crescent 
LOG (nnet3-latgen-faster[5.5.671~1-e5a5a]:DecodeUtteranceLatticeFaster():decoder-wrappers.cc:375) Log-like per frame for utterance nsc-part2-chn0-spk10183106cnm-031060164 is 2.06354 over 107 frames.
nsc-part2-chn0-spk10183106cnm-031060220 iron meeting __Jalan_Dua at __Aljunied_Avenue five first 
LOG (nnet3-latgen-faster[5.5.671~1-e5a5a]:DecodeUtteranceLatticeFaster():decoder-wrappers.cc:375) Log-like per frame for utterance nsc-part2-chn0-spk10183106cnm-031060220 is 1.93186 over 145 frames.
nsc-part2-chn0-spk10183106cnm-031060258 __Siloso_Beach walk lord one n __Geylang_Serai neighborhood police post 
LOG (nnet3-latgen-faster[5.5.671~1-e5a5a]:DecodeUtteranceLatticeFaster():decoder-wrappers.cc:375) Log-like per frame for utterance nsc-part2-chn0-spk10183106cnm-031060258 is 2.15079 over 160 frames.
nsc-part2-chn0-spk10183106cnm-031060268 __Jalan_Lapang __Taman_Jurong bug an peace heaven nursing home 
LOG (nnet3-latgen-faster[5.5.671~1-e5a5a]:DecodeUtteranceLatticeFaster():decoder-wrappers.cc:375) Log-like per frame for utterance nsc-part2-chn0-spk10183106cnm-031060268 is 1.94861 over 152 frames.
nsc-part2-chn0-spk10183106cnm-031060299 __Marsiling_Road __Haji_Lane android lain 
LOG (nnet3-latgen-faster[5.5.671~1-e5a5a]:DecodeUtteranceLatticeFaster():decoder-wrappers.cc:375) Log-like per frame for utterance nsc-part2-chn0-spk10183106cnm-031060299 is 2.03868 over 110 frames.
nsc-part2-chn0-spk10183106cnm-031060308 __Jalan_Seh_Chuan __Chinatown_Point post office an classic restaurant 
LOG (nnet3-latgen-faster[5.5.671~1-e5a5a]:DecodeUtteranceLatticeFaster():decoder-wrappers.cc:375) Log-like per frame for utterance nsc-part2-chn0-spk10183106cnm-031060308 is 2.00625 over 183 frames.
nsc-part2-chn0-spk10183106cnm-031060313 __Jalan_Dusun __Bukit_Batok_Road and three backup by water front 
LOG (nnet3-latgen-faster[5.5.671~1-e5a5a]:DecodeUtteranceLatticeFaster():decoder-wrappers.cc:375) Log-like per frame for utterance nsc-part2-chn0-spk10183106cnm-031060313 is 1.78578 over 157 frames.
nsc-part2-chn0-spk10183106cnm-031060411 trouble observation __Sembawang_God_Of_Wealth temporary __Hilton_International single 
LOG (nnet3-latgen-faster[5.5.671~1-e5a5a]:DecodeUtteranceLatticeFaster():decoder-wrappers.cc:375) Log-like per frame for utterance nsc-part2-chn0-spk10183106cnm-031060411 is 1.97981 over 182 frames.
nsc-part2-chn0-spk10183106cnm-031061528 __Seletar_Satellite_Station_Road __Lloyd_Road and __Siglap_Gardens 
LOG (nnet3-latgen-faster[5.5.671~1-e5a5a]:DecodeUtteranceLatticeFaster():decoder-wrappers.cc:375) Log-like per frame for utterance nsc-part2-chn0-spk10183106cnm-031061528 is 1.99891 over 156 frames.
nsc-part2-chn0-spk10183106cnm-031061582 __Jalan_Boon_Lay __Seletar_Court ministry of spend power 
LOG (nnet3-latgen-faster[5.5.671~1-e5a5a]:DecodeUtteranceLatticeFaster():decoder-wrappers.cc:375) Log-like per frame for utterance nsc-part2-chn0-spk10183106cnm-031061582 is 2.16647 over 141 frames.
nsc-part2-chn0-spk10183106cnm-031061584 happy hotel spring __Kim_Tian_Place and flow 
LOG (nnet3-latgen-faster[5.5.671~1-e5a5a]:DecodeUtteranceLatticeFaster():decoder-wrappers.cc:375) Log-like per frame for utterance nsc-part2-chn0-spk10183106cnm-031061584 is 2.18859 over 122 frames.
nsc-part2-chn0-spk10183106cnm-031061716 __Kampong_Bahru human turn place and __Orchid_Park __Secondary_School 
LOG (nnet3-latgen-faster[5.5.671~1-e5a5a]:DecodeUtteranceLatticeFaster():decoder-wrappers.cc:375) Log-like per frame for utterance nsc-part2-chn0-spk10183106cnm-031061716 is 2.00907 over 149 frames.
nsc-part2-chn0-spk10183106cnm-031061742 __Penang_Road __Bukit_Timah neighborhood police central and civil ion sis 
LOG (nnet3-latgen-faster[5.5.671~1-e5a5a]:DecodeUtteranceLatticeFaster():decoder-wrappers.cc:375) Log-like per frame for utterance nsc-part2-chn0-spk10183106cnm-031061742 is 2.11157 over 163 frames.
nsc-part2-chn0-spk10183106cnm-031061775 __Natalie_Hennedige __Lim_Chong_Pang and __Yip_Cheong_Fun 
LOG (nnet3-latgen-faster[5.5.671~1-e5a5a]:DecodeUtteranceLatticeFaster():decoder-wrappers.cc:375) Log-like per frame for utterance nsc-part2-chn0-spk10183106cnm-031061775 is 1.93394 over 168 frames.
nsc-part2-chn0-spk10183106cnm-031061882 __Kampong_Kayu_Road registered your money landed and prawn focus a __Taman_Jurong __Shopping_Centre 
LOG (nnet3-latgen-faster[5.5.671~1-e5a5a]:DecodeUtteranceLatticeFaster():decoder-wrappers.cc:375) Log-like per frame for utterance nsc-part2-chn0-spk10183106cnm-031061882 is 1.95062 over 237 frames.
nsc-part2-chn0-spk10213110inm-031100057 knew recommend me restaurant near __Upper_Aljunied_Link 
LOG (nnet3-latgen-faster[5.5.671~1-e5a5a]:DecodeUtteranceLatticeFaster():decoder-wrappers.cc:375) Log-like per frame for utterance nsc-part2-chn0-spk10213110inm-031100057 is 2.14646 over 157 frames.
nsc-part2-chn0-spk10213110inm-031100085 monthly industrial estate 
LOG (nnet3-latgen-faster[5.5.671~1-e5a5a]:DecodeUtteranceLatticeFaster():decoder-wrappers.cc:375) Log-like per frame for utterance nsc-part2-chn0-spk10213110inm-031100085 is 2.06582 over 81 frames.
nsc-part2-chn0-spk10213110inm-031100102 its about fifty eight minute walk to __Bedok_Points 
LOG (nnet3-latgen-faster[5.5.671~1-e5a5a]:DecodeUtteranceLatticeFaster():decoder-wrappers.cc:375) Log-like per frame for utterance nsc-part2-chn0-spk10213110inm-031100102 is 2.08028 over 150 frames.
nsc-part2-chn0-spk10213110inm-031100144 hotel extended __Sing_Joo_Walk and __Sembawang_Terminal_Road page 
LOG (nnet3-latgen-faster[5.5.671~1-e5a5a]:DecodeUtteranceLatticeFaster():decoder-wrappers.cc:375) Log-like per frame for utterance nsc-part2-chn0-spk10213110inm-031100144 is 2.0371 over 196 frames.
nsc-part2-chn0-spk10213110inm-031100149 i am meeting traveling at __Bukit_Batok_Crescent first 
LOG (nnet3-latgen-faster[5.5.671~1-e5a5a]:DecodeUtteranceLatticeFaster():decoder-wrappers.cc:375) Log-like per frame for utterance nsc-part2-chn0-spk10213110inm-031100149 is 2.17392 over 147 frames.
nsc-part2-chn0-spk10213110inm-031100166 what other land mark near __Geylang_Square 
LOG (nnet3-latgen-faster[5.5.671~1-e5a5a]:DecodeUtteranceLatticeFaster():decoder-wrappers.cc:375) Log-like per frame for utterance nsc-part2-chn0-spk10213110inm-031100166 is 2.21403 over 103 frames.
nsc-part2-chn0-spk10213110inm-031100170 __Lau_Kuo_Kwong_Robert __Lim_Chong_Pang and __Mah_Bow_Tan 
LOG (nnet3-latgen-faster[5.5.671~1-e5a5a]:DecodeUtteranceLatticeFaster():decoder-wrappers.cc:375) Log-like per frame for utterance nsc-part2-chn0-spk10213110inm-031100170 is 1.73274 over 182 frames.
nsc-part2-chn0-spk10213110inm-031100176 __Woodlands_Galaxy community club __Seletar_Hills_Drive and __Ho_Ching_Road 
LOG (nnet3-latgen-faster[5.5.671~1-e5a5a]:DecodeUtteranceLatticeFaster():decoder-wrappers.cc:375) Log-like per frame for utterance nsc-part2-chn0-spk10213110inm-031100176 is 2.10898 over 197 frames.
nsc-part2-chn0-spk10213110inm-031100187 grill earpiece roast third crispy spring chicken and old go grey 
LOG (nnet3-latgen-faster[5.5.671~1-e5a5a]:DecodeUtteranceLatticeFaster():decoder-wrappers.cc:375) Log-like per frame for utterance nsc-part2-chn0-spk10213110inm-031100187 is 1.73991 over 204 frames.
nsc-part2-chn0-spk10213110inm-031100197 what internship us way to __Kampong_Kapor_Road 
LOG (nnet3-latgen-faster[5.5.671~1-e5a5a]:DecodeUtteranceLatticeFaster():decoder-wrappers.cc:375) Log-like per frame for utterance nsc-part2-chn0-spk10213110inm-031100197 is 1.86961 over 107 frames.
nsc-part2-chn0-spk10213110inm-031100298 barrier is dropping me off at __Taman_Jurong part 
LOG (nnet3-latgen-faster[5.5.671~1-e5a5a]:DecodeUtteranceLatticeFaster():decoder-wrappers.cc:375) Log-like per frame for utterance nsc-part2-chn0-spk10213110inm-031100298 is 2.00562 over 127 frames.
nsc-part2-chn0-spk10213110inm-031100312 __Florence_Road __Bukit_Timah avenue and __Robert_V_Chandran_Way 
LOG (nnet3-latgen-faster[5.5.671~1-e5a5a]:DecodeUtteranceLatticeFaster():decoder-wrappers.cc:375) Log-like per frame for utterance nsc-part2-chn0-spk10213110inm-031100312 is 2.12873 over 161 frames.
nsc-part2-chn0-spk10213110inm-031100407 do u nowhere is __Kampong_Bugis 
LOG (nnet3-latgen-faster[5.5.671~1-e5a5a]:DecodeUtteranceLatticeFaster():decoder-wrappers.cc:375) Log-like per frame for utterance nsc-part2-chn0-spk10213110inm-031100407 is 1.88411 over 93 frames.
nsc-part2-chn0-spk10213110inm-031100418 __Sembawang_God_Of_Wealth temple __Jalan_Khairuddin and weapon estate road 
LOG (nnet3-latgen-faster[5.5.671~1-e5a5a]:DecodeUtteranceLatticeFaster():decoder-wrappers.cc:375) Log-like per frame for utterance nsc-part2-chn0-spk10213110inm-031100418 is 1.96592 over 210 frames.
nsc-part2-chn0-spk10213110inm-031100434 __Lim_Teck_Boo_Road the __Pan_Pacific quarter and although symbol awhile 
LOG (nnet3-latgen-faster[5.5.671~1-e5a5a]:DecodeUtteranceLatticeFaster():decoder-wrappers.cc:375) Log-like per frame for utterance nsc-part2-chn0-spk10213110inm-031100434 is 1.95232 over 176 frames.
nsc-part2-chn0-spk10213110inm-031101716 __Sri_Siva_Durga temple __Victoria_Park_Road and __Bedok_North 
LOG (nnet3-latgen-faster[5.5.671~1-e5a5a]:DecodeUtteranceLatticeFaster():decoder-wrappers.cc:375) Log-like per frame for utterance nsc-part2-chn0-spk10213110inm-031101716 is 1.98792 over 184 frames.
nsc-part2-chn0-spk10223111inf-031110123 __Saint_James power station __Gallop_Road and __Jalan_Simpang_Bedok 
LOG (nnet3-latgen-faster[5.5.671~1-e5a5a]:DecodeUtteranceLatticeFaster():decoder-wrappers.cc:375) Log-like per frame for utterance nsc-part2-chn0-spk10223111inf-031110123 is 1.96536 over 193 frames.
nsc-part2-chn0-spk10223111inf-031110148 can i take abuse to __Kampong_Ubi industrial estate 
LOG (nnet3-latgen-faster[5.5.671~1-e5a5a]:DecodeUtteranceLatticeFaster():decoder-wrappers.cc:375) Log-like per frame for utterance nsc-part2-chn0-spk10223111inf-031110148 is 1.87979 over 166 frames.
nsc-part2-chn0-spk10223111inf-031110176 __Chin_Swee tunnel __York_Place __Sembawang_Terminal_Road huge 
LOG (nnet3-latgen-faster[5.5.671~1-e5a5a]:DecodeUtteranceLatticeFaster():decoder-wrappers.cc:375) Log-like per frame for utterance nsc-part2-chn0-spk10223111inf-031110176 is 2.07823 over 188 frames.
nsc-part2-chn0-spk10223111inf-031110181 how far is __Chong_Pang_Combined temple from here 
LOG (nnet3-latgen-faster[5.5.671~1-e5a5a]:DecodeUtteranceLatticeFaster():decoder-wrappers.cc:375) Log-like per frame for utterance nsc-part2-chn0-spk10223111inf-031110181 is 1.95834 over 155 frames.
nsc-part2-chn0-spk10223111inf-031110201 show media way to __Seletar_Satellite_Station_Road 
LOG (nnet3-latgen-faster[5.5.671~1-e5a5a]:DecodeUtteranceLatticeFaster():decoder-wrappers.cc:375) Log-like per frame for utterance nsc-part2-chn0-spk10223111inf-031110201 is 1.83606 over 143 frames.
nsc-part2-chn0-spk10223111inf-031110232 please look for tradition when you reach __Bukit_Batok_West 
LOG (nnet3-latgen-faster[5.5.671~1-e5a5a]:DecodeUtteranceLatticeFaster():decoder-wrappers.cc:375) Log-like per frame for utterance nsc-part2-chn0-spk10223111inf-031110232 is 1.78216 over 209 frames.
nsc-part2-chn0-spk10223111inf-031110247 china street ultimate industrial estate and __Singapore_Bible examination and assessment board 
LOG (nnet3-latgen-faster[5.5.671~1-e5a5a]:DecodeUtteranceLatticeFaster():decoder-wrappers.cc:375) Log-like per frame for utterance nsc-part2-chn0-spk10223111inf-031110247 is 2.21702 over 258 frames.
nsc-part2-chn0-spk10223111inf-031110302 __International_Student_Support center low room one gay long and __Jalan_Dua rule come 
LOG (nnet3-latgen-faster[5.5.671~1-e5a5a]:DecodeUtteranceLatticeFaster():decoder-wrappers.cc:375) Log-like per frame for utterance nsc-part2-chn0-spk10223111inf-031110302 is 2.12995 over 221 frames.
nsc-part2-chn0-spk10223111inf-031110325 marina country club __Jalan_Keruing and __Taman_Jurong __Shopping_Centre 
LOG (nnet3-latgen-faster[5.5.671~1-e5a5a]:DecodeUtteranceLatticeFaster():decoder-wrappers.cc:375) Log-like per frame for utterance nsc-part2-chn0-spk10223111inf-031110325 is 2.12735 over 223 frames.
nsc-part2-chn0-spk10223111inf-031110442 cancel recommend me restaurant near __Marsiling_Crescent 
LOG (nnet3-latgen-faster[5.5.671~1-e5a5a]:DecodeUtteranceLatticeFaster():decoder-wrappers.cc:375) Log-like per frame for utterance nsc-part2-chn0-spk10223111inf-031110442 is 2.26999 over 173 frames.
nsc-part2-chn0-spk10223111inf-031111455 fish show me the way to east spring 
LOG (nnet3-latgen-faster[5.5.671~1-e5a5a]:DecodeUtteranceLatticeFaster():decoder-wrappers.cc:375) Log-like per frame for utterance nsc-part2-chn0-spk10223111inf-031111455 is 1.82468 over 137 frames.
nsc-part2-chn0-spk10223111inf-031111505 cancel recommend media restaurant year kampong um but 
LOG (nnet3-latgen-faster[5.5.671~1-e5a5a]:DecodeUtteranceLatticeFaster():decoder-wrappers.cc:375) Log-like per frame for utterance nsc-part2-chn0-spk10223111inf-031111505 is 2.26072 over 132 frames.
nsc-part2-chn0-spk10223111inf-031111528 currently island __Bedok_View sex __Secondary_School and viral gun road 
LOG (nnet3-latgen-faster[5.5.671~1-e5a5a]:DecodeUtteranceLatticeFaster():decoder-wrappers.cc:375) Log-like per frame for utterance nsc-part2-chn0-spk10223111inf-031111528 is 1.98391 over 249 frames.
nsc-part2-chn0-spk10223111inf-031111547 __Bukit_Timah post office __Farrer_Garden south lock road 
LOG (nnet3-latgen-faster[5.5.671~1-e5a5a]:DecodeUtteranceLatticeFaster():decoder-wrappers.cc:375) Log-like per frame for utterance nsc-part2-chn0-spk10223111inf-031111547 is 2.06868 over 206 frames.
nsc-part2-chn0-spk10223111inf-031111699 __One_George_Street library at __Chinatown_Point __Jalan_Dua diary certain 
LOG (nnet3-latgen-faster[5.5.671~1-e5a5a]:DecodeUtteranceLatticeFaster():decoder-wrappers.cc:375) Log-like per frame for utterance nsc-part2-chn0-spk10223111inf-031111699 is 2.04885 over 175 frames.
nsc-part2-chn0-spk10223111inf-031111756 __Pasir_Panjang_Road brownish gate two and __Jalan_Bumbong take 
LOG (nnet3-latgen-faster[5.5.671~1-e5a5a]:DecodeUtteranceLatticeFaster():decoder-wrappers.cc:375) Log-like per frame for utterance nsc-part2-chn0-spk10223111inf-031111756 is 1.85366 over 203 frames.
nsc-part2-chn0-spk10233112inf-031120007 three show me away to ultimate m r t station 
LOG (nnet3-latgen-faster[5.5.671~1-e5a5a]:DecodeUtteranceLatticeFaster():decoder-wrappers.cc:375) Log-like per frame for utterance nsc-part2-chn0-spk10233112inf-031120007 is 1.77486 over 119 frames.
nsc-part2-chn0-spk10233112inf-031120029 rusty is dropping me off at __Sembawang_Shopping_Centre 
LOG (nnet3-latgen-faster[5.5.671~1-e5a5a]:DecodeUtteranceLatticeFaster():decoder-wrappers.cc:375) Log-like per frame for utterance nsc-part2-chn0-spk10233112inf-031120029 is 2.10133 over 126 frames.
nsc-part2-chn0-spk10233112inf-031120057 can you recommend me restaurant near __Bukit_Timah_Link 
LOG (nnet3-latgen-faster[5.5.671~1-e5a5a]:DecodeUtteranceLatticeFaster():decoder-wrappers.cc:375) Log-like per frame for utterance nsc-part2-chn0-spk10233112inf-031120057 is 2.30179 over 129 frames.
nsc-part2-chn0-spk10233112inf-031120123 __Lien_Ying_Chow_Drive sense different school an __Lower_Seletar_Close 
LOG (nnet3-latgen-faster[5.5.671~1-e5a5a]:DecodeUtteranceLatticeFaster():decoder-wrappers.cc:375) Log-like per frame for utterance nsc-part2-chn0-spk10233112inf-031120123 is 2.0205 over 177 frames.
nsc-part2-chn0-spk10233112inf-031120134 delta avenue marathon college and __Geylang_Methodist_School 
LOG (nnet3-latgen-faster[5.5.671~1-e5a5a]:DecodeUtteranceLatticeFaster():decoder-wrappers.cc:375) Log-like per frame for utterance nsc-part2-chn0-spk10233112inf-031120134 is 2.30483 over 140 frames.
nsc-part2-chn0-spk10233112inf-031120164 what is the distance to __Bukit_Timah __Bukit_Batok custom 
LOG (nnet3-latgen-faster[5.5.671~1-e5a5a]:DecodeUtteranceLatticeFaster():decoder-wrappers.cc:375) Log-like per frame for utterance nsc-part2-chn0-spk10233112inf-031120164 is 2.04297 over 170 frames.
nsc-part2-chn0-spk10233112inf-031120186 highland visit take to get to __Kampong_Ubi neighborhood police post by today 
LOG (nnet3-latgen-faster[5.5.671~1-e5a5a]:DecodeUtteranceLatticeFaster():decoder-wrappers.cc:375) Log-like per frame for utterance nsc-part2-chn0-spk10233112inf-031120186 is 2.09163 over 200 frames.
nsc-part2-chn0-spk10233112inf-031120212 __Thong_Bee_Road __Bedok_Point and __Depot_Walk 
LOG (nnet3-latgen-faster[5.5.671~1-e5a5a]:DecodeUtteranceLatticeFaster():decoder-wrappers.cc:375) Log-like per frame for utterance nsc-part2-chn0-spk10233112inf-031120212 is 1.96237 over 110 frames.
nsc-part2-chn0-spk10233112inf-031120268 __Mei_Chin_Road urban ah and __Taman_Jurong 
LOG (nnet3-latgen-faster[5.5.671~1-e5a5a]:DecodeUtteranceLatticeFaster():decoder-wrappers.cc:375) Log-like per frame for utterance nsc-part2-chn0-spk10233112inf-031120268 is 1.89586 over 121 frames.
nsc-part2-chn0-spk10233112inf-031120427 story sir park __Sembawang_God_Of_Wealth temple and __Watten_Estate_Road 
LOG (nnet3-latgen-faster[5.5.671~1-e5a5a]:DecodeUtteranceLatticeFaster():decoder-wrappers.cc:375) Log-like per frame for utterance nsc-part2-chn0-spk10233112inf-031120427 is 1.86316 over 174 frames.
nsc-part2-chn0-spk10233112inf-031121490 __Lim_Chong_Pang __Pan_Shou an __Janet_Lim 
LOG (nnet3-latgen-faster[5.5.671~1-e5a5a]:DecodeUtteranceLatticeFaster():decoder-wrappers.cc:375) Log-like per frame for utterance nsc-part2-chn0-spk10233112inf-031121490 is 1.87662 over 136 frames.
nsc-part2-chn0-spk10233112inf-031121582 __Bukit_Batok_Central __Nepal_Link entry virus v mother career man temple 
LOG (nnet3-latgen-faster[5.5.671~1-e5a5a]:DecodeUtteranceLatticeFaster():decoder-wrappers.cc:375) Log-like per frame for utterance nsc-part2-chn0-spk10233112inf-031121582 is 1.83289 over 217 frames.
LOG (apply-cmvn[5.5.671~1-e5a5a]:main():apply-cmvn.cc:81) Copied 65 utterances.
nsc-part2-chn0-spk10233112inf-031121660 __Chong_Pang_Combined temple __Sentul_Crescent and season primary school 
LOG (nnet3-latgen-faster[5.5.671~1-e5a5a]:DecodeUtteranceLatticeFaster():decoder-wrappers.cc:375) Log-like per frame for utterance nsc-part2-chn0-spk10233112inf-031121660 is 1.99728 over 176 frames.
nsc-part2-chn0-spk10233112inf-031121717 junk tongue neighborhood police boost __Nagore_Dargah lar and duck die car and hill side drive 
LOG (nnet3-latgen-faster[5.5.671~1-e5a5a]:DecodeUtteranceLatticeFaster():decoder-wrappers.cc:375) Log-like per frame for utterance nsc-part2-chn0-spk10233112inf-031121717 is 1.78307 over 253 frames.
nsc-part2-chn0-spk10233112inf-031121773 sentence cell golf club mask __Si_Ling industrial estate and __Pang_Seng_Road 
LOG (nnet3-latgen-faster[5.5.671~1-e5a5a]:DecodeUtteranceLatticeFaster():decoder-wrappers.cc:375) Log-like per frame for utterance nsc-part2-chn0-spk10233112inf-031121773 is 2.02865 over 155 frames.
LOG (nnet3-latgen-faster[5.5.671~1-e5a5a]:main():nnet3-latgen-faster.cc:256) Time taken 115.428s: real-time factor assuming 100 frames/sec is 0.361513
LOG (nnet3-latgen-faster[5.5.671~1-e5a5a]:main():nnet3-latgen-faster.cc:259) Done 65 utterances, failed for 0
LOG (nnet3-latgen-faster[5.5.671~1-e5a5a]:main():nnet3-latgen-faster.cc:261) Overall log-likelihood per frame is 2.00154 over 10643 frames.
LOG (nnet3-latgen-faster[5.5.671~1-e5a5a]:~CachingOptimizingCompiler():nnet-optimize.cc:710) 0.466 seconds taken in nnet3 compilation total (breakdown: 0.323 compilation, 0.0853 optimization, 0 shortcut expansion, 0.0139 checking, 8.06e-05 computing indexes, 0.0429 misc.) + 0 I/O.
LOG (lattice-scale[5.5.671~1-e5a5a]:main():lattice-scale.cc:107) Done 65 lattices.
# Accounting: time=117 threads=1
# Ended (code 0) at Fri Aug 27 13:58:02 +08 2021, elapsed time 117 seconds
