# nnet3-latgen-faster --online-ivectors=scp:/home3/yachao001/home/asr/w2021/offline-hotwords-asr-test-v2-bak-bak-ASR-4/data/ivector-data-imda-part2/ivector_online.scp --online-ivector-period=10 --frame-subsampling-factor=3 --frames-per-chunk=50 --extra-left-context=0 --extra-right-context=0 --extra-left-context-initial=-1 --extra-right-context-final=-1 --minimize=false --max-active=7000 --min-active=200 --beam=15.0 --lattice-beam=8.0 --acoustic-scale=1.0 --allow-partial=true --word-symbol-table=exp/ExpX/Output/hotword-decoder/graph_hotword/words.txt /home3/yachao001/home/asr/w2021/offline-hotwords-asr-test-v2-bak-bak-ASR-4/exp/msf-scdf-cs-june2021-prune/tdnnf-biased/final.mdl exp/ExpX/Output/hotword-decoder/graph_hotword/HCLG.fst "ark,s,cs:apply-cmvn --norm-means=false --norm-vars=false --utt2spk=ark:/home3/yachao001/home/asr/w2021/hotword/data/imda-part2/mfcc-hires/split20/13/utt2spk scp:/home3/yachao001/home/asr/w2021/hotword/data/imda-part2/mfcc-hires/split20/13/cmvn.scp scp:/home3/yachao001/home/asr/w2021/hotword/data/imda-part2/mfcc-hires/split20/13/feats.scp ark:- |" "ark:|lattice-scale --acoustic-scale=10.0 ark:- ark:- | gzip -c >/home3/yachao001/home/asr/w2021/offline-hotwords-asr-test-v2-bak-bak-ASR-4/exp/msf-scdf-cs-june2021-prune/tdnnf-biased/decode-data-hotword/lat.13.gz" 
# Started at Fri Aug 27 13:56:05 +08 2021
#
nnet3-latgen-faster --online-ivectors=scp:/home3/yachao001/home/asr/w2021/offline-hotwords-asr-test-v2-bak-bak-ASR-4/data/ivector-data-imda-part2/ivector_online.scp --online-ivector-period=10 --frame-subsampling-factor=3 --frames-per-chunk=50 --extra-left-context=0 --extra-right-context=0 --extra-left-context-initial=-1 --extra-right-context-final=-1 --minimize=false --max-active=7000 --min-active=200 --beam=15.0 --lattice-beam=8.0 --acoustic-scale=1.0 --allow-partial=true --word-symbol-table=exp/ExpX/Output/hotword-decoder/graph_hotword/words.txt /home3/yachao001/home/asr/w2021/offline-hotwords-asr-test-v2-bak-bak-ASR-4/exp/msf-scdf-cs-june2021-prune/tdnnf-biased/final.mdl exp/ExpX/Output/hotword-decoder/graph_hotword/HCLG.fst 'ark,s,cs:apply-cmvn --norm-means=false --norm-vars=false --utt2spk=ark:/home3/yachao001/home/asr/w2021/hotword/data/imda-part2/mfcc-hires/split20/13/utt2spk scp:/home3/yachao001/home/asr/w2021/hotword/data/imda-part2/mfcc-hires/split20/13/cmvn.scp scp:/home3/yachao001/home/asr/w2021/hotword/data/imda-part2/mfcc-hires/split20/13/feats.scp ark:- |' 'ark:|lattice-scale --acoustic-scale=10.0 ark:- ark:- | gzip -c >/home3/yachao001/home/asr/w2021/offline-hotwords-asr-test-v2-bak-bak-ASR-4/exp/msf-scdf-cs-june2021-prune/tdnnf-biased/decode-data-hotword/lat.13.gz' 
LOG (nnet3-latgen-faster[5.5.671~1-e5a5a]:RemoveOrphanNodes():nnet-nnet.cc:948) Removed 1 orphan nodes.
LOG (nnet3-latgen-faster[5.5.671~1-e5a5a]:RemoveOrphanComponents():nnet-nnet.cc:847) Removing 2 orphan components.
LOG (nnet3-latgen-faster[5.5.671~1-e5a5a]:Collapse():nnet-utils.cc:1472) Added 1 components, removed 2
apply-cmvn --norm-means=false --norm-vars=false --utt2spk=ark:/home3/yachao001/home/asr/w2021/hotword/data/imda-part2/mfcc-hires/split20/13/utt2spk scp:/home3/yachao001/home/asr/w2021/hotword/data/imda-part2/mfcc-hires/split20/13/cmvn.scp scp:/home3/yachao001/home/asr/w2021/hotword/data/imda-part2/mfcc-hires/split20/13/feats.scp ark:- 
LOG (nnet3-latgen-faster[5.5.671~1-e5a5a]:CheckAndFixConfigs():nnet-am-decodable-simple.cc:294) Increasing --frames-per-chunk from 50 to 51 to make it a multiple of --frame-subsampling-factor=3
lattice-scale --acoustic-scale=10.0 ark:- ark:- 
nsc-part2-chn0-spk09813157cnm-031570003 do u now how to cook wasted crispy spring chicken 
LOG (nnet3-latgen-faster[5.5.671~1-e5a5a]:DecodeUtteranceLatticeFaster():decoder-wrappers.cc:375) Log-like per frame for utterance nsc-part2-chn0-spk09813157cnm-031570003 is 1.90176 over 179 frames.
nsc-part2-chn0-spk09813157cnm-031570057 tend new recommend me err restaurant near __Taman_Jurong __Shopping_Centre 
LOG (nnet3-latgen-faster[5.5.671~1-e5a5a]:DecodeUtteranceLatticeFaster():decoder-wrappers.cc:375) Log-like per frame for utterance nsc-part2-chn0-spk09813157cnm-031570057 is 2.31893 over 167 frames.
nsc-part2-chn0-spk09813157cnm-031570063 find the classes way to __Sembawang_Terminal_Road h 
LOG (nnet3-latgen-faster[5.5.671~1-e5a5a]:DecodeUtteranceLatticeFaster():decoder-wrappers.cc:375) Log-like per frame for utterance nsc-part2-chn0-spk09813157cnm-031570063 is 2.03716 over 148 frames.
nsc-part2-chn0-spk09813157cnm-031570134 __Covenant_Community_Methodist church __Eng_Kong_Road and __Jalan_Simpang_Bedok 
LOG (nnet3-latgen-faster[5.5.671~1-e5a5a]:DecodeUtteranceLatticeFaster():decoder-wrappers.cc:375) Log-like per frame for utterance nsc-part2-chn0-spk09813157cnm-031570134 is 2.27831 over 178 frames.
nsc-part2-chn0-spk09813157cnm-031570136 __Bukit_Batok hostel __Eng_Neo_Avenue absolute scheme 
LOG (nnet3-latgen-faster[5.5.671~1-e5a5a]:DecodeUtteranceLatticeFaster():decoder-wrappers.cc:375) Log-like per frame for utterance nsc-part2-chn0-spk09813157cnm-031570136 is 2.03405 over 144 frames.
nsc-part2-chn0-spk09813157cnm-031570242 __Hai_Sing_Crescent church __Seletar_Close and __Harrison_Road 
LOG (nnet3-latgen-faster[5.5.671~1-e5a5a]:DecodeUtteranceLatticeFaster():decoder-wrappers.cc:375) Log-like per frame for utterance nsc-part2-chn0-spk09813157cnm-031570242 is 2.20014 over 146 frames.
nsc-part2-chn0-spk09813157cnm-031570247 __Binchang_Rise __Upper_Aljunied_Link and __Elias_Park_Avenue 
LOG (nnet3-latgen-faster[5.5.671~1-e5a5a]:DecodeUtteranceLatticeFaster():decoder-wrappers.cc:375) Log-like per frame for utterance nsc-part2-chn0-spk09813157cnm-031570247 is 2.09733 over 159 frames.
nsc-part2-chn0-spk09813157cnm-031570251 __Bristol_Road __Toh_Tuck_Drive and __Geylang_East_Avenue 
LOG (nnet3-latgen-faster[5.5.671~1-e5a5a]:DecodeUtteranceLatticeFaster():decoder-wrappers.cc:375) Log-like per frame for utterance nsc-part2-chn0-spk09813157cnm-031570251 is 2.15708 over 129 frames.
nsc-part2-chn0-spk09813157cnm-031570299 __Suntec_City __Bukit_Timah __Shopping_Centre and __North_Vista primary school 
LOG (nnet3-latgen-faster[5.5.671~1-e5a5a]:DecodeUtteranceLatticeFaster():decoder-wrappers.cc:375) Log-like per frame for utterance nsc-part2-chn0-spk09813157cnm-031570299 is 2.19618 over 185 frames.
nsc-part2-chn0-spk09813157cnm-031570313 __Chinatown_Point post office __Lim_Ah_Pin_Road and duration as occasion of __Singapore_Bible 
LOG (nnet3-latgen-faster[5.5.671~1-e5a5a]:DecodeUtteranceLatticeFaster():decoder-wrappers.cc:375) Log-like per frame for utterance nsc-part2-chn0-spk09813157cnm-031570313 is 2.05012 over 208 frames.
nsc-part2-chn0-spk09813157cnm-031570427 __Jiak_Chuan_Road __Aljunied_Avenue five and spot __Singapore_Bible 
LOG (nnet3-latgen-faster[5.5.671~1-e5a5a]:DecodeUtteranceLatticeFaster():decoder-wrappers.cc:375) Log-like per frame for utterance nsc-part2-chn0-spk09813157cnm-031570427 is 1.9297 over 139 frames.
nsc-part2-chn0-spk09813157cnm-031571521 e star spring and c as 
LOG (nnet3-latgen-faster[5.5.671~1-e5a5a]:DecodeUtteranceLatticeFaster():decoder-wrappers.cc:375) Log-like per frame for utterance nsc-part2-chn0-spk09813157cnm-031571521 is 1.67535 over 96 frames.
nsc-part2-chn0-spk09813157cnm-031571568 __Singapore'S_Mariners' club 
LOG (nnet3-latgen-faster[5.5.671~1-e5a5a]:DecodeUtteranceLatticeFaster():decoder-wrappers.cc:375) Log-like per frame for utterance nsc-part2-chn0-spk09813157cnm-031571568 is 2.13268 over 84 frames.
nsc-part2-chn0-spk09813157cnm-031571582 __Dahan_Road muscle line multiply station and __Kim_Seng_Road 
LOG (nnet3-latgen-faster[5.5.671~1-e5a5a]:DecodeUtteranceLatticeFaster():decoder-wrappers.cc:375) Log-like per frame for utterance nsc-part2-chn0-spk09813157cnm-031571582 is 2.02644 over 138 frames.
nsc-part2-chn0-spk09813157cnm-031571716 __Bukit_Batok_East __Gambir_Walk and __Dock_Road_East 
LOG (nnet3-latgen-faster[5.5.671~1-e5a5a]:DecodeUtteranceLatticeFaster():decoder-wrappers.cc:375) Log-like per frame for utterance nsc-part2-chn0-spk09813157cnm-031571716 is 2.01016 over 132 frames.
nsc-part2-chn0-spk09813157cnm-031571738 __Edmund_Chen __Rita_Zahara and __Lim_Chong_Pang 
LOG (nnet3-latgen-faster[5.5.671~1-e5a5a]:DecodeUtteranceLatticeFaster():decoder-wrappers.cc:375) Log-like per frame for utterance nsc-part2-chn0-spk09813157cnm-031571738 is 1.97449 over 118 frames.
nsc-part2-chn0-spk09813157cnm-031571750 __Seletar_South_Road fortune primary school city bad package 
LOG (nnet3-latgen-faster[5.5.671~1-e5a5a]:DecodeUtteranceLatticeFaster():decoder-wrappers.cc:375) Log-like per frame for utterance nsc-part2-chn0-spk09813157cnm-031571750 is 1.81479 over 158 frames.
nsc-part2-chn0-spk09813157cnm-031571832 __Bukit_Batok_East however front m artist station and __Office_Road 
LOG (nnet3-latgen-faster[5.5.671~1-e5a5a]:DecodeUtteranceLatticeFaster():decoder-wrappers.cc:375) Log-like per frame for utterance nsc-part2-chn0-spk09813157cnm-031571832 is 1.9958 over 147 frames.
nsc-part2-chn0-spk09823158cnm-031580016 how long worry take to walk to __Marsiling_Drive martin station 
LOG (nnet3-latgen-faster[5.5.671~1-e5a5a]:DecodeUtteranceLatticeFaster():decoder-wrappers.cc:375) Log-like per frame for utterance nsc-part2-chn0-spk09823158cnm-031580016 is 1.824 over 145 frames.
nsc-part2-chn0-spk09823158cnm-031580024 __Bukit_Batok_East avenue __Singapore_Cheshire also station an __East_Coast_Avenue 
LOG (nnet3-latgen-faster[5.5.671~1-e5a5a]:DecodeUtteranceLatticeFaster():decoder-wrappers.cc:375) Log-like per frame for utterance nsc-part2-chn0-spk09823158cnm-031580024 is 1.9494 over 224 frames.
nsc-part2-chn0-spk09823158cnm-031580030 __Geylang_Lorong eight 
LOG (nnet3-latgen-faster[5.5.671~1-e5a5a]:DecodeUtteranceLatticeFaster():decoder-wrappers.cc:375) Log-like per frame for utterance nsc-part2-chn0-spk09823158cnm-031580030 is 1.76719 over 82 frames.
nsc-part2-chn0-spk09823158cnm-031580060 please tell me how to get to __Taman_Bedok 
LOG (nnet3-latgen-faster[5.5.671~1-e5a5a]:DecodeUtteranceLatticeFaster():decoder-wrappers.cc:375) Log-like per frame for utterance nsc-part2-chn0-spk09823158cnm-031580060 is 2.01947 over 134 frames.
nsc-part2-chn0-spk09823158cnm-031580170 __Joanne_Soo jam suddenly an __Lim_Chong_Pang 
LOG (nnet3-latgen-faster[5.5.671~1-e5a5a]:DecodeUtteranceLatticeFaster():decoder-wrappers.cc:375) Log-like per frame for utterance nsc-part2-chn0-spk09823158cnm-031580170 is 1.71597 over 154 frames.
nsc-part2-chn0-spk09823158cnm-031580187 button nun ayah __Tanya_Chua enrolled crispy spring chicken 
LOG (nnet3-latgen-faster[5.5.671~1-e5a5a]:DecodeUtteranceLatticeFaster():decoder-wrappers.cc:375) Log-like per frame for utterance nsc-part2-chn0-spk09823158cnm-031580187 is 1.84082 over 219 frames.
nsc-part2-chn0-spk09823158cnm-031580191 please look for freedom when u rich __Kampong_Kembangan 
LOG (nnet3-latgen-faster[5.5.671~1-e5a5a]:DecodeUtteranceLatticeFaster():decoder-wrappers.cc:375) Log-like per frame for utterance nsc-part2-chn0-spk09823158cnm-031580191 is 1.78908 over 157 frames.
nsc-part2-chn0-spk09823158cnm-031580196 i am meeting senior at __Seletar_East farm way first 
LOG (nnet3-latgen-faster[5.5.671~1-e5a5a]:DecodeUtteranceLatticeFaster():decoder-wrappers.cc:375) Log-like per frame for utterance nsc-part2-chn0-spk09823158cnm-031580196 is 1.70123 over 175 frames.
nsc-part2-chn0-spk09823158cnm-031580212 __Tamarind_Road __Aljunied_Avenue five and clock avenue 
LOG (nnet3-latgen-faster[5.5.671~1-e5a5a]:DecodeUtteranceLatticeFaster():decoder-wrappers.cc:375) Log-like per frame for utterance nsc-part2-chn0-spk09823158cnm-031580212 is 2.04826 over 177 frames.
nsc-part2-chn0-spk09823158cnm-031580296 __Sembawang_Terminal_Road avenue three 
LOG (nnet3-latgen-faster[5.5.671~1-e5a5a]:DecodeUtteranceLatticeFaster():decoder-wrappers.cc:375) Log-like per frame for utterance nsc-part2-chn0-spk09823158cnm-031580296 is 1.92408 over 109 frames.
nsc-part2-chn0-spk09823158cnm-031580313 __Mei_Hwan_Drive __Bukit_Timah post office and __Jalan_Tan_Tock_Seng 
LOG (nnet3-latgen-faster[5.5.671~1-e5a5a]:DecodeUtteranceLatticeFaster():decoder-wrappers.cc:375) Log-like per frame for utterance nsc-part2-chn0-spk09823158cnm-031580313 is 2.02863 over 186 frames.
nsc-part2-chn0-spk09823158cnm-031580410 i waiting for need come to come back from __West_Spring 
LOG (nnet3-latgen-faster[5.5.671~1-e5a5a]:DecodeUtteranceLatticeFaster():decoder-wrappers.cc:375) Log-like per frame for utterance nsc-part2-chn0-spk09823158cnm-031580410 is 1.91786 over 158 frames.
nsc-part2-chn0-spk09823158cnm-031580445 __Aljunied_Avenue five view primary school and __Beatty_Road 
LOG (nnet3-latgen-faster[5.5.671~1-e5a5a]:DecodeUtteranceLatticeFaster():decoder-wrappers.cc:375) Log-like per frame for utterance nsc-part2-chn0-spk09823158cnm-031580445 is 1.96644 over 180 frames.
nsc-part2-chn0-spk09823158cnm-031581464 how long guitar to walk to __Kampong_Ampat 
LOG (nnet3-latgen-faster[5.5.671~1-e5a5a]:DecodeUtteranceLatticeFaster():decoder-wrappers.cc:375) Log-like per frame for utterance nsc-part2-chn0-spk09823158cnm-031581464 is 1.79197 over 115 frames.
nsc-part2-chn0-spk09823158cnm-031581624 __Aljunied_Avenue two normally hotel and __Shun_Li industrial park 
LOG (nnet3-latgen-faster[5.5.671~1-e5a5a]:DecodeUtteranceLatticeFaster():decoder-wrappers.cc:375) Log-like per frame for utterance nsc-part2-chn0-spk09823158cnm-031581624 is 1.98455 over 196 frames.
nsc-part2-chn0-spk09823158cnm-031581764 __Li_Hui_Cheng cuisine are journey and green jean 
LOG (nnet3-latgen-faster[5.5.671~1-e5a5a]:DecodeUtteranceLatticeFaster():decoder-wrappers.cc:375) Log-like per frame for utterance nsc-part2-chn0-spk09823158cnm-031581764 is 1.71894 over 155 frames.
nsc-part2-chn0-spk09823158cnm-031581838 __Kampong_Bahru road 
LOG (nnet3-latgen-faster[5.5.671~1-e5a5a]:DecodeUtteranceLatticeFaster():decoder-wrappers.cc:375) Log-like per frame for utterance nsc-part2-chn0-spk09823158cnm-031581838 is 2.13219 over 74 frames.
nsc-part2-chn0-spk09823158cnm-031581866 marketing institution single pour __Seletar_South_Road and huh many street 
LOG (nnet3-latgen-faster[5.5.671~1-e5a5a]:DecodeUtteranceLatticeFaster():decoder-wrappers.cc:375) Log-like per frame for utterance nsc-part2-chn0-spk09823158cnm-031581866 is 1.98911 over 200 frames.
nsc-part2-chn0-spk09823158cnm-031581893 __My_Saviour'S church __Kim_Seng street an __Lorong_Lew_Lian __Geylang_United 
LOG (nnet3-latgen-faster[5.5.671~1-e5a5a]:DecodeUtteranceLatticeFaster():decoder-wrappers.cc:375) Log-like per frame for utterance nsc-part2-chn0-spk09823158cnm-031581893 is 1.85262 over 149 frames.
nsc-part2-chn0-spk09862996cnf-029960032 __Faith_Methodist church __Faith_Sanctuary_Garden_Avenue and __Bukit_Batok natural park 
LOG (nnet3-latgen-faster[5.5.671~1-e5a5a]:DecodeUtteranceLatticeFaster():decoder-wrappers.cc:375) Log-like per frame for utterance nsc-part2-chn0-spk09862996cnf-029960032 is 1.9217 over 245 frames.
nsc-part2-chn0-spk09862996cnf-029960080 __Kampong_Ampat industrial estate steering walk and comes center 
LOG (nnet3-latgen-faster[5.5.671~1-e5a5a]:DecodeUtteranceLatticeFaster():decoder-wrappers.cc:375) Log-like per frame for utterance nsc-part2-chn0-spk09862996cnf-029960080 is 1.9569 over 224 frames.
nsc-part2-chn0-spk09862996cnf-029960087 __York_Place __West_Spring and army cupboard building 
LOG (nnet3-latgen-faster[5.5.671~1-e5a5a]:DecodeUtteranceLatticeFaster():decoder-wrappers.cc:375) Log-like per frame for utterance nsc-part2-chn0-spk09862996cnf-029960087 is 1.9877 over 194 frames.
nsc-part2-chn0-spk09862996cnf-029960134 __Bedok_North ankle bell crescent and __Pasir_Ris farm way 
LOG (nnet3-latgen-faster[5.5.671~1-e5a5a]:DecodeUtteranceLatticeFaster():decoder-wrappers.cc:375) Log-like per frame for utterance nsc-part2-chn0-spk09862996cnf-029960134 is 1.89781 over 163 frames.
nsc-part2-chn0-spk09862996cnf-029960225 __Ulu_Sembawang 
LOG (nnet3-latgen-faster[5.5.671~1-e5a5a]:DecodeUtteranceLatticeFaster():decoder-wrappers.cc:375) Log-like per frame for utterance nsc-part2-chn0-spk09862996cnf-029960225 is 1.51324 over 70 frames.
nsc-part2-chn0-spk09862996cnf-029960251 __Chinatown_Point __Clive_Street and __Tebing_Lane 
LOG (nnet3-latgen-faster[5.5.671~1-e5a5a]:DecodeUtteranceLatticeFaster():decoder-wrappers.cc:375) Log-like per frame for utterance nsc-part2-chn0-spk09862996cnf-029960251 is 1.72646 over 168 frames.
nsc-part2-chn0-spk09862996cnf-029960258 fourteen center suddenly time error space and __Segar_Close 
LOG (nnet3-latgen-faster[5.5.671~1-e5a5a]:DecodeUtteranceLatticeFaster():decoder-wrappers.cc:375) Log-like per frame for utterance nsc-part2-chn0-spk09862996cnf-029960258 is 1.9496 over 146 frames.
nsc-part2-chn0-spk09862996cnf-029960323 __Fourth_Street person no police walk and __Geylang_Bahru_Terrace 
LOG (nnet3-latgen-faster[5.5.671~1-e5a5a]:DecodeUtteranceLatticeFaster():decoder-wrappers.cc:375) Log-like per frame for utterance nsc-part2-chn0-spk09862996cnf-029960323 is 2.07181 over 170 frames.
nsc-part2-chn0-spk09862996cnf-029960326 what is __Kampong_Glam consistency sports club 
LOG (nnet3-latgen-faster[5.5.671~1-e5a5a]:DecodeUtteranceLatticeFaster():decoder-wrappers.cc:375) Log-like per frame for utterance nsc-part2-chn0-spk09862996cnf-029960326 is 1.94704 over 121 frames.
nsc-part2-chn0-spk09862996cnf-029960342 buy the classes way to major sa __Aljunied_Road l __Al_Islamic school 
LOG (nnet3-latgen-faster[5.5.671~1-e5a5a]:DecodeUtteranceLatticeFaster():decoder-wrappers.cc:375) Log-like per frame for utterance nsc-part2-chn0-spk09862996cnf-029960342 is 1.75317 over 192 frames.
nsc-part2-chn0-spk09862996cnf-029960423 which pass should i take to __Bukit_Timah especially 
LOG (nnet3-latgen-faster[5.5.671~1-e5a5a]:DecodeUtteranceLatticeFaster():decoder-wrappers.cc:375) Log-like per frame for utterance nsc-part2-chn0-spk09862996cnf-029960423 is 1.96479 over 105 frames.
nsc-part2-chn0-spk09862996cnf-029960436 take why __Shopping_Centre carbon will b driving test center am __Bao_Gong temper 
LOG (nnet3-latgen-faster[5.5.671~1-e5a5a]:DecodeUtteranceLatticeFaster():decoder-wrappers.cc:375) Log-like per frame for utterance nsc-part2-chn0-spk09862996cnf-029960436 is 2.05148 over 185 frames.
nsc-part2-chn0-spk09862996cnf-029961519 classes way to __Kampong_Wak_Hassan 
LOG (nnet3-latgen-faster[5.5.671~1-e5a5a]:DecodeUtteranceLatticeFaster():decoder-wrappers.cc:375) Log-like per frame for utterance nsc-part2-chn0-spk09862996cnf-029961519 is 1.77108 over 117 frames.
nsc-part2-chn0-spk09862996cnf-029961600 m c spring and us f 
LOG (nnet3-latgen-faster[5.5.671~1-e5a5a]:DecodeUtteranceLatticeFaster():decoder-wrappers.cc:375) Log-like per frame for utterance nsc-part2-chn0-spk09862996cnf-029961600 is 1.76079 over 121 frames.
nsc-part2-chn0-spk09862996cnf-029961621 kidney wrote __Jalan_Binja an __Simpang_Bedok 
LOG (nnet3-latgen-faster[5.5.671~1-e5a5a]:DecodeUtteranceLatticeFaster():decoder-wrappers.cc:375) Log-like per frame for utterance nsc-part2-chn0-spk09862996cnf-029961621 is 1.96209 over 133 frames.
nsc-part2-chn0-spk09862996cnf-029961660 jordan army would needs close and __Marsiling_Road 
LOG (nnet3-latgen-faster[5.5.671~1-e5a5a]:DecodeUtteranceLatticeFaster():decoder-wrappers.cc:375) Log-like per frame for utterance nsc-part2-chn0-spk09862996cnf-029961660 is 1.99837 over 123 frames.
nsc-part2-chn0-spk09873072inf-030720007 please show mid way to __Chong_Pang_Combined temple 
LOG (nnet3-latgen-faster[5.5.671~1-e5a5a]:DecodeUtteranceLatticeFaster():decoder-wrappers.cc:375) Log-like per frame for utterance nsc-part2-chn0-spk09873072inf-030720007 is 1.90638 over 148 frames.
nsc-part2-chn0-spk09873072inf-030720100 how far away is __Geylang_Square from here 
LOG (nnet3-latgen-faster[5.5.671~1-e5a5a]:DecodeUtteranceLatticeFaster():decoder-wrappers.cc:375) Log-like per frame for utterance nsc-part2-chn0-spk09873072inf-030720100 is 2.01104 over 117 frames.
nsc-part2-chn0-spk09873072inf-030720107 it is facility bus __Taman_Jurong __Shopping_Centre 
LOG (nnet3-latgen-faster[5.5.671~1-e5a5a]:DecodeUtteranceLatticeFaster():decoder-wrappers.cc:375) Log-like per frame for utterance nsc-part2-chn0-spk09873072inf-030720107 is 1.97143 over 147 frames.
nsc-part2-chn0-spk09873072inf-030720115 body stay easiest way to __Bedok_View __Secondary_School 
LOG (nnet3-latgen-faster[5.5.671~1-e5a5a]:DecodeUtteranceLatticeFaster():decoder-wrappers.cc:375) Log-like per frame for utterance nsc-part2-chn0-spk09873072inf-030720115 is 2.07929 over 145 frames.
nsc-part2-chn0-spk09873072inf-030720123 __Upper_Paya_Lebar_Road __Kampong_Ubi industrial estate an immigration attract point authority 
LOG (nnet3-latgen-faster[5.5.671~1-e5a5a]:DecodeUtteranceLatticeFaster():decoder-wrappers.cc:375) Log-like per frame for utterance nsc-part2-chn0-spk09873072inf-030720123 is 2.16195 over 243 frames.
nsc-part2-chn0-spk09873072inf-030720182 pretty show meet vet selected country club 
LOG (nnet3-latgen-faster[5.5.671~1-e5a5a]:DecodeUtteranceLatticeFaster():decoder-wrappers.cc:375) Log-like per frame for utterance nsc-part2-chn0-spk09873072inf-030720182 is 1.69911 over 119 frames.
nsc-part2-chn0-spk09873072inf-030720210 facial mid wait __Jalan_Ulu_Sembawang 
LOG (nnet3-latgen-faster[5.5.671~1-e5a5a]:DecodeUtteranceLatticeFaster():decoder-wrappers.cc:375) Log-like per frame for utterance nsc-part2-chn0-spk09873072inf-030720210 is 1.81062 over 127 frames.
nsc-part2-chn0-spk09873072inf-030720252 what is distance __Bukit_Batok home further agent 
LOG (nnet3-latgen-faster[5.5.671~1-e5a5a]:DecodeUtteranceLatticeFaster():decoder-wrappers.cc:375) Log-like per frame for utterance nsc-part2-chn0-spk09873072inf-030720252 is 1.85294 over 137 frames.
nsc-part2-chn0-spk09873072inf-030720268 __Bukit_Sedap_Road __Chinatown_Hotel and __Singapore_Conference annual museum 
LOG (nnet3-latgen-faster[5.5.671~1-e5a5a]:DecodeUtteranceLatticeFaster():decoder-wrappers.cc:375) Log-like per frame for utterance nsc-part2-chn0-spk09873072inf-030720268 is 2.18265 over 196 frames.
nsc-part2-chn0-spk09873072inf-030720320 show mid wait __Kampong_Java 
LOG (nnet3-latgen-faster[5.5.671~1-e5a5a]:DecodeUtteranceLatticeFaster():decoder-wrappers.cc:375) Log-like per frame for utterance nsc-part2-chn0-spk09873072inf-030720320 is 1.79627 over 105 frames.
nsc-part2-chn0-spk09873072inf-030720351 knew recommend me restaurant near __East_Spring 
LOG (nnet3-latgen-faster[5.5.671~1-e5a5a]:DecodeUtteranceLatticeFaster():decoder-wrappers.cc:375) Log-like per frame for utterance nsc-part2-chn0-spk09873072inf-030720351 is 2.16796 over 128 frames.
nsc-part2-chn0-spk09873072inf-030720437 title quarrel sick crispy spring chicken encourage chicken drum stay 
LOG (nnet3-latgen-faster[5.5.671~1-e5a5a]:DecodeUtteranceLatticeFaster():decoder-wrappers.cc:375) Log-like per frame for utterance nsc-part2-chn0-spk09873072inf-030720437 is 2.11958 over 177 frames.
nsc-part2-chn0-spk09873072inf-030721552 please look for __Bridport_Avenue rich __Bukit_Timah_Link 
LOG (nnet3-latgen-faster[5.5.671~1-e5a5a]:DecodeUtteranceLatticeFaster():decoder-wrappers.cc:375) Log-like per frame for utterance nsc-part2-chn0-spk09873072inf-030721552 is 1.95495 over 130 frames.
LOG (apply-cmvn[5.5.671~1-e5a5a]:main():apply-cmvn.cc:81) Copied 70 utterances.
nsc-part2-chn0-spk09873072inf-030721559 __Cleantech_View __Upper_Aljunied_Link and __Jalan_Noordin 
LOG (nnet3-latgen-faster[5.5.671~1-e5a5a]:DecodeUtteranceLatticeFaster():decoder-wrappers.cc:375) Log-like per frame for utterance nsc-part2-chn0-spk09873072inf-030721559 is 2.08917 over 145 frames.
nsc-part2-chn0-spk09873072inf-030721673 __Marsiling_Road 
LOG (nnet3-latgen-faster[5.5.671~1-e5a5a]:DecodeUtteranceLatticeFaster():decoder-wrappers.cc:375) Log-like per frame for utterance nsc-part2-chn0-spk09873072inf-030721673 is 1.98721 over 71 frames.
nsc-part2-chn0-spk09873072inf-030721756 __Lavender_Street __Bedok_Reservoir and __Neo_Tiew_Lane 
LOG (nnet3-latgen-faster[5.5.671~1-e5a5a]:DecodeUtteranceLatticeFaster():decoder-wrappers.cc:375) Log-like per frame for utterance nsc-part2-chn0-spk09873072inf-030721756 is 2.05672 over 138 frames.
nsc-part2-chn0-spk09873072inf-030721866 profile road west __Blue_Stars dormitory an __Jalan_Kampong_Chantek 
LOG (nnet3-latgen-faster[5.5.671~1-e5a5a]:DecodeUtteranceLatticeFaster():decoder-wrappers.cc:375) Log-like per frame for utterance nsc-part2-chn0-spk09873072inf-030721866 is 1.97406 over 181 frames.
LOG (nnet3-latgen-faster[5.5.671~1-e5a5a]:main():nnet3-latgen-faster.cc:256) Time taken 110.184s: real-time factor assuming 100 frames/sec is 0.34731
LOG (nnet3-latgen-faster[5.5.671~1-e5a5a]:main():nnet3-latgen-faster.cc:259) Done 70 utterances, failed for 0
LOG (nnet3-latgen-faster[5.5.671~1-e5a5a]:main():nnet3-latgen-faster.cc:261) Overall log-likelihood per frame is 1.96429 over 10575 frames.
LOG (nnet3-latgen-faster[5.5.671~1-e5a5a]:~CachingOptimizingCompiler():nnet-optimize.cc:710) 0.418 seconds taken in nnet3 compilation total (breakdown: 0.294 compilation, 0.0845 optimization, 0 shortcut expansion, 0.012 checking, 8.77e-05 computing indexes, 0.0272 misc.) + 0 I/O.
LOG (lattice-scale[5.5.671~1-e5a5a]:main():lattice-scale.cc:107) Done 70 lattices.
# Accounting: time=111 threads=1
# Ended (code 0) at Fri Aug 27 13:57:56 +08 2021, elapsed time 111 seconds
