# nnet3-latgen-faster --online-ivectors=scp:/home3/yachao001/home/asr/w2021/offline-hotwords-asr-test-v2-bak-bak-ASR-4/data/ivector-data-imda-part2/ivector_online.scp --online-ivector-period=10 --frame-subsampling-factor=3 --frames-per-chunk=50 --extra-left-context=0 --extra-right-context=0 --extra-left-context-initial=-1 --extra-right-context-final=-1 --minimize=false --max-active=7000 --min-active=200 --beam=15.0 --lattice-beam=8.0 --acoustic-scale=1.0 --allow-partial=true --word-symbol-table=exp/ExpX/Output/hotword-decoder/graph_hotword/words.txt /home3/yachao001/home/asr/w2021/offline-hotwords-asr-test-v2-bak-bak-ASR-4/exp/msf-scdf-cs-june2021-prune/tdnnf-biased/final.mdl exp/ExpX/Output/hotword-decoder/graph_hotword/HCLG.fst "ark,s,cs:apply-cmvn --norm-means=false --norm-vars=false --utt2spk=ark:/home3/yachao001/home/asr/w2021/hotword/data/imda-part2/mfcc-hires/split20/7/utt2spk scp:/home3/yachao001/home/asr/w2021/hotword/data/imda-part2/mfcc-hires/split20/7/cmvn.scp scp:/home3/yachao001/home/asr/w2021/hotword/data/imda-part2/mfcc-hires/split20/7/feats.scp ark:- |" "ark:|lattice-scale --acoustic-scale=10.0 ark:- ark:- | gzip -c >/home3/yachao001/home/asr/w2021/offline-hotwords-asr-test-v2-bak-bak-ASR-4/exp/msf-scdf-cs-june2021-prune/tdnnf-biased/decode-data-hotword/lat.7.gz" 
# Started at Fri Aug 27 13:56:05 +08 2021
#
nnet3-latgen-faster --online-ivectors=scp:/home3/yachao001/home/asr/w2021/offline-hotwords-asr-test-v2-bak-bak-ASR-4/data/ivector-data-imda-part2/ivector_online.scp --online-ivector-period=10 --frame-subsampling-factor=3 --frames-per-chunk=50 --extra-left-context=0 --extra-right-context=0 --extra-left-context-initial=-1 --extra-right-context-final=-1 --minimize=false --max-active=7000 --min-active=200 --beam=15.0 --lattice-beam=8.0 --acoustic-scale=1.0 --allow-partial=true --word-symbol-table=exp/ExpX/Output/hotword-decoder/graph_hotword/words.txt /home3/yachao001/home/asr/w2021/offline-hotwords-asr-test-v2-bak-bak-ASR-4/exp/msf-scdf-cs-june2021-prune/tdnnf-biased/final.mdl exp/ExpX/Output/hotword-decoder/graph_hotword/HCLG.fst 'ark,s,cs:apply-cmvn --norm-means=false --norm-vars=false --utt2spk=ark:/home3/yachao001/home/asr/w2021/hotword/data/imda-part2/mfcc-hires/split20/7/utt2spk scp:/home3/yachao001/home/asr/w2021/hotword/data/imda-part2/mfcc-hires/split20/7/cmvn.scp scp:/home3/yachao001/home/asr/w2021/hotword/data/imda-part2/mfcc-hires/split20/7/feats.scp ark:- |' 'ark:|lattice-scale --acoustic-scale=10.0 ark:- ark:- | gzip -c >/home3/yachao001/home/asr/w2021/offline-hotwords-asr-test-v2-bak-bak-ASR-4/exp/msf-scdf-cs-june2021-prune/tdnnf-biased/decode-data-hotword/lat.7.gz' 
LOG (nnet3-latgen-faster[5.5.671~1-e5a5a]:RemoveOrphanNodes():nnet-nnet.cc:948) Removed 1 orphan nodes.
LOG (nnet3-latgen-faster[5.5.671~1-e5a5a]:RemoveOrphanComponents():nnet-nnet.cc:847) Removing 2 orphan components.
LOG (nnet3-latgen-faster[5.5.671~1-e5a5a]:Collapse():nnet-utils.cc:1472) Added 1 components, removed 2
apply-cmvn --norm-means=false --norm-vars=false --utt2spk=ark:/home3/yachao001/home/asr/w2021/hotword/data/imda-part2/mfcc-hires/split20/7/utt2spk scp:/home3/yachao001/home/asr/w2021/hotword/data/imda-part2/mfcc-hires/split20/7/cmvn.scp scp:/home3/yachao001/home/asr/w2021/hotword/data/imda-part2/mfcc-hires/split20/7/feats.scp ark:- 
LOG (nnet3-latgen-faster[5.5.671~1-e5a5a]:CheckAndFixConfigs():nnet-am-decodable-simple.cc:294) Increasing --frames-per-chunk from 50 to 51 to make it a multiple of --frame-subsampling-factor=3
lattice-scale --acoustic-scale=10.0 ark:- ark:- 
nsc-part2-chn0-spk08602941cnf-029410063 find faster way to __Bukit_Batok_West avenue 
LOG (nnet3-latgen-faster[5.5.671~1-e5a5a]:DecodeUtteranceLatticeFaster():decoder-wrappers.cc:375) Log-like per frame for utterance nsc-part2-chn0-spk08602941cnf-029410063 is 2.06247 over 165 frames.
nsc-part2-chn0-spk08602941cnf-029410115 what is the keeper way to loyal nine gay lung 
LOG (nnet3-latgen-faster[5.5.671~1-e5a5a]:DecodeUtteranceLatticeFaster():decoder-wrappers.cc:375) Log-like per frame for utterance nsc-part2-chn0-spk08602941cnf-029410115 is 1.749 over 142 frames.
nsc-part2-chn0-spk08602941cnf-029410134 __Airline_Road ex eh life building and __Kampong_Bahru 
LOG (nnet3-latgen-faster[5.5.671~1-e5a5a]:DecodeUtteranceLatticeFaster():decoder-wrappers.cc:375) Log-like per frame for utterance nsc-part2-chn0-spk08602941cnf-029410134 is 2.03407 over 193 frames.
nsc-part2-chn0-spk08602941cnf-029410162 __Tanglin_Gate_Road __Nanyang_Valley and __Simpang_De_Bedok __Boarding_House 
LOG (nnet3-latgen-faster[5.5.671~1-e5a5a]:DecodeUtteranceLatticeFaster():decoder-wrappers.cc:375) Log-like per frame for utterance nsc-part2-chn0-spk08602941cnf-029410162 is 2.18212 over 224 frames.
nsc-part2-chn0-spk08602941cnf-029410166 what other land mark near __Aljunied_Neighbourhood police post 
LOG (nnet3-latgen-faster[5.5.671~1-e5a5a]:DecodeUtteranceLatticeFaster():decoder-wrappers.cc:375) Log-like per frame for utterance nsc-part2-chn0-spk08602941cnf-029410166 is 2.27371 over 165 frames.
nsc-part2-chn0-spk08602941cnf-029410178 this is the best registered crispy bring chicken that i can find 
LOG (nnet3-latgen-faster[5.5.671~1-e5a5a]:DecodeUtteranceLatticeFaster():decoder-wrappers.cc:375) Log-like per frame for utterance nsc-part2-chn0-spk08602941cnf-029410178 is 2.01689 over 173 frames.
nsc-part2-chn0-spk08602941cnf-029410197 what is the faster way to __Seletar_Club 
LOG (nnet3-latgen-faster[5.5.671~1-e5a5a]:DecodeUtteranceLatticeFaster():decoder-wrappers.cc:375) Log-like per frame for utterance nsc-part2-chn0-spk08602941cnf-029410197 is 1.83013 over 110 frames.
nsc-part2-chn0-spk08602941cnf-029410268 symbol one animal quarantine station __Palm_Road and somewhere 
LOG (nnet3-latgen-faster[5.5.671~1-e5a5a]:DecodeUtteranceLatticeFaster():decoder-wrappers.cc:375) Log-like per frame for utterance nsc-part2-chn0-spk08602941cnf-029410268 is 2.032 over 210 frames.
nsc-part2-chn0-spk08602941cnf-029410401 please tell me how to get to __Seletar_South_Road 
LOG (nnet3-latgen-faster[5.5.671~1-e5a5a]:DecodeUtteranceLatticeFaster():decoder-wrappers.cc:375) Log-like per frame for utterance nsc-part2-chn0-spk08602941cnf-029410401 is 2.01124 over 145 frames.
nsc-part2-chn0-spk08602941cnf-029410415 __Sree_Narayana mission home forty age sick __Bukit_Timah_Link the defend science and technology agency 
LOG (nnet3-latgen-faster[5.5.671~1-e5a5a]:DecodeUtteranceLatticeFaster():decoder-wrappers.cc:375) Log-like per frame for utterance nsc-part2-chn0-spk08602941cnf-029410415 is 2.18501 over 331 frames.
nsc-part2-chn0-spk08602941cnf-029410418 __Jalan_Puteri __Jula_Juli __Kampong_Bukit_Coffee china cemetery an __Ava_Road 
LOG (nnet3-latgen-faster[5.5.671~1-e5a5a]:DecodeUtteranceLatticeFaster():decoder-wrappers.cc:375) Log-like per frame for utterance nsc-part2-chn0-spk08602941cnf-029410418 is 2.07587 over 277 frames.
nsc-part2-chn0-spk08602941cnf-029411607 where if __Seletar_Club_Road 
LOG (nnet3-latgen-faster[5.5.671~1-e5a5a]:DecodeUtteranceLatticeFaster():decoder-wrappers.cc:375) Log-like per frame for utterance nsc-part2-chn0-spk08602941cnf-029411607 is 2.00152 over 99 frames.
nsc-part2-chn0-spk08602941cnf-029411690 __Sunset_Vale garden member __Bedok_North and __Anchorvale_Street 
LOG (nnet3-latgen-faster[5.5.671~1-e5a5a]:DecodeUtteranceLatticeFaster():decoder-wrappers.cc:375) Log-like per frame for utterance nsc-part2-chn0-spk08602941cnf-029411690 is 1.90079 over 219 frames.
nsc-part2-chn0-spk08602941cnf-029411759 how far away is __Bukit_Batok_Street from here 
LOG (nnet3-latgen-faster[5.5.671~1-e5a5a]:DecodeUtteranceLatticeFaster():decoder-wrappers.cc:375) Log-like per frame for utterance nsc-part2-chn0-spk08602941cnf-029411759 is 2.21911 over 142 frames.
nsc-part2-chn0-spk08602941cnf-029411761 park avenue sweet river wing __Jalan_Limau_Bali and __Kampong_Bugis crescent 
LOG (nnet3-latgen-faster[5.5.671~1-e5a5a]:DecodeUtteranceLatticeFaster():decoder-wrappers.cc:375) Log-like per frame for utterance nsc-part2-chn0-spk08602941cnf-029411761 is 2.25422 over 260 frames.
nsc-part2-chn0-spk08602941cnf-029411855 do know where is kampong ubi neighborhood police post 
LOG (nnet3-latgen-faster[5.5.671~1-e5a5a]:DecodeUtteranceLatticeFaster():decoder-wrappers.cc:375) Log-like per frame for utterance nsc-part2-chn0-spk08602941cnf-029411855 is 2.10132 over 156 frames.
nsc-part2-chn0-spk08612942cnf-029420009 how long world take to walk to __Aljunied_Avenue 
LOG (nnet3-latgen-faster[5.5.671~1-e5a5a]:DecodeUtteranceLatticeFaster():decoder-wrappers.cc:375) Log-like per frame for utterance nsc-part2-chn0-spk08612942cnf-029420009 is 1.8849 over 137 frames.
nsc-part2-chn0-spk08612942cnf-029420024 __Yuva_Bharati international school __Kampong_Bukit_Coffee __Chinese_Garden energy and __Si_Ling primary school 
LOG (nnet3-latgen-faster[5.5.671~1-e5a5a]:DecodeUtteranceLatticeFaster():decoder-wrappers.cc:375) Log-like per frame for utterance nsc-part2-chn0-spk08612942cnf-029420024 is 1.9134 over 297 frames.
nsc-part2-chn0-spk08612942cnf-029420087 __Lorong_Kembang __Blue_Cross __Thong_Kheng home and __Taman_Jurong 
LOG (nnet3-latgen-faster[5.5.671~1-e5a5a]:DecodeUtteranceLatticeFaster():decoder-wrappers.cc:375) Log-like per frame for utterance nsc-part2-chn0-spk08612942cnf-029420087 is 1.70797 over 225 frames.
nsc-part2-chn0-spk08612942cnf-029420100 how far away __Seletar_North_Lane one from here 
LOG (nnet3-latgen-faster[5.5.671~1-e5a5a]:DecodeUtteranceLatticeFaster():decoder-wrappers.cc:375) Log-like per frame for utterance nsc-part2-chn0-spk08612942cnf-029420100 is 1.7779 over 154 frames.
nsc-part2-chn0-spk08612942cnf-029420150 how long nasi take to get to __Chong_Pang neighborhood police post buy taxi 
LOG (nnet3-latgen-faster[5.5.671~1-e5a5a]:DecodeUtteranceLatticeFaster():decoder-wrappers.cc:375) Log-like per frame for utterance nsc-part2-chn0-spk08612942cnf-029420150 is 1.9208 over 197 frames.
nsc-part2-chn0-spk08612942cnf-029420164 what is distance to __Bukit_Batok_Crescent 
LOG (nnet3-latgen-faster[5.5.671~1-e5a5a]:DecodeUtteranceLatticeFaster():decoder-wrappers.cc:375) Log-like per frame for utterance nsc-part2-chn0-spk08612942cnf-029420164 is 1.98728 over 115 frames.
nsc-part2-chn0-spk08612942cnf-029420188 how tough i get to __Bedok_Green primary school 
LOG (nnet3-latgen-faster[5.5.671~1-e5a5a]:DecodeUtteranceLatticeFaster():decoder-wrappers.cc:375) Log-like per frame for utterance nsc-part2-chn0-spk08612942cnf-029420188 is 2.01338 over 115 frames.
nsc-part2-chn0-spk08612942cnf-029420207 harder any food cost or restaurant near __Geylang_East_Avenue 
LOG (nnet3-latgen-faster[5.5.671~1-e5a5a]:DecodeUtteranceLatticeFaster():decoder-wrappers.cc:375) Log-like per frame for utterance nsc-part2-chn0-spk08612942cnf-029420207 is 1.98681 over 156 frames.
nsc-part2-chn0-spk08612942cnf-029420220 iron meeting dare volunteer at __Bukit_Timah __Shopping_Centre first 
LOG (nnet3-latgen-faster[5.5.671~1-e5a5a]:DecodeUtteranceLatticeFaster():decoder-wrappers.cc:375) Log-like per frame for utterance nsc-part2-chn0-spk08612942cnf-029420220 is 1.97445 over 173 frames.
nsc-part2-chn0-spk08612942cnf-029420247 ghost street __Ang_Mo_Kio public library and __Sembawang_Terminal_Road h 
LOG (nnet3-latgen-faster[5.5.671~1-e5a5a]:DecodeUtteranceLatticeFaster():decoder-wrappers.cc:375) Log-like per frame for utterance nsc-part2-chn0-spk08612942cnf-029420247 is 2.17012 over 184 frames.
nsc-part2-chn0-spk08612942cnf-029420326 why __Seletar_North_Lane one 
LOG (nnet3-latgen-faster[5.5.671~1-e5a5a]:DecodeUtteranceLatticeFaster():decoder-wrappers.cc:375) Log-like per frame for utterance nsc-part2-chn0-spk08612942cnf-029420326 is 1.68302 over 97 frames.
nsc-part2-chn0-spk08612942cnf-029420351 candy recommend me restaurant year __Sembawang_Vista 
LOG (nnet3-latgen-faster[5.5.671~1-e5a5a]:DecodeUtteranceLatticeFaster():decoder-wrappers.cc:375) Log-like per frame for utterance nsc-part2-chn0-spk08612942cnf-029420351 is 1.88416 over 124 frames.
nsc-part2-chn0-spk08612942cnf-029420385 wah land mark near __Bedok_View __Secondary_School 
LOG (nnet3-latgen-faster[5.5.671~1-e5a5a]:DecodeUtteranceLatticeFaster():decoder-wrappers.cc:375) Log-like per frame for utterance nsc-part2-chn0-spk08612942cnf-029420385 is 1.9297 over 143 frames.
nsc-part2-chn0-spk08612942cnf-029421596 killer antique abas to __Seletar_North_Lane one 
LOG (nnet3-latgen-faster[5.5.671~1-e5a5a]:DecodeUtteranceLatticeFaster():decoder-wrappers.cc:375) Log-like per frame for utterance nsc-part2-chn0-spk08612942cnf-029421596 is 1.6045 over 119 frames.
nsc-part2-chn0-spk08612942cnf-029421655 other rainy food caught so restaurant near __Bedok_View __Secondary_School 
LOG (nnet3-latgen-faster[5.5.671~1-e5a5a]:DecodeUtteranceLatticeFaster():decoder-wrappers.cc:375) Log-like per frame for utterance nsc-part2-chn0-spk08612942cnf-029421655 is 1.99424 over 187 frames.
nsc-part2-chn0-spk08672945cnf-029450092 i meeting kiss learn at __Jalan_Kampong_Chantek first 
LOG (nnet3-latgen-faster[5.5.671~1-e5a5a]:DecodeUtteranceLatticeFaster():decoder-wrappers.cc:375) Log-like per frame for utterance nsc-part2-chn0-spk08672945cnf-029450092 is 1.7936 over 189 frames.
nsc-part2-chn0-spk08672945cnf-029450176 __Anchorvale_Drive __Taman_Kembangan adopt jet 
LOG (nnet3-latgen-faster[5.5.671~1-e5a5a]:DecodeUtteranceLatticeFaster():decoder-wrappers.cc:375) Log-like per frame for utterance nsc-part2-chn0-spk08672945cnf-029450176 is 1.74483 over 171 frames.
nsc-part2-chn0-spk08672945cnf-029450227 __Rahim_Omar __Hussein_Aljunied and __Rahayu_Mahzam 
LOG (nnet3-latgen-faster[5.5.671~1-e5a5a]:DecodeUtteranceLatticeFaster():decoder-wrappers.cc:375) Log-like per frame for utterance nsc-part2-chn0-spk08672945cnf-029450227 is 1.70889 over 180 frames.
nsc-part2-chn0-spk08672945cnf-029450250 how long we take to walk to __Seletar_Link 
LOG (nnet3-latgen-faster[5.5.671~1-e5a5a]:DecodeUtteranceLatticeFaster():decoder-wrappers.cc:375) Log-like per frame for utterance nsc-part2-chn0-spk08672945cnf-029450250 is 1.72496 over 132 frames.
nsc-part2-chn0-spk08672945cnf-029450294 weekly track __Cashew_Crescent and __Sembawang_Country_Club 
LOG (nnet3-latgen-faster[5.5.671~1-e5a5a]:DecodeUtteranceLatticeFaster():decoder-wrappers.cc:375) Log-like per frame for utterance nsc-part2-chn0-spk08672945cnf-029450294 is 1.76422 over 177 frames.
nsc-part2-chn0-spk08672945cnf-029450308 tea two view p drive __Geylang_Serai and illness avenue 
LOG (nnet3-latgen-faster[5.5.671~1-e5a5a]:DecodeUtteranceLatticeFaster():decoder-wrappers.cc:375) Log-like per frame for utterance nsc-part2-chn0-spk08672945cnf-029450308 is 1.85909 over 173 frames.
nsc-part2-chn0-spk08672945cnf-029450311 how far away is __Bukit_Batok_East avenue from here 
LOG (nnet3-latgen-faster[5.5.671~1-e5a5a]:DecodeUtteranceLatticeFaster():decoder-wrappers.cc:375) Log-like per frame for utterance nsc-part2-chn0-spk08672945cnf-029450311 is 1.93392 over 141 frames.
nsc-part2-chn0-spk08672945cnf-029450313 __Hillview_Avenue library at china town ala wrong h clock guru 
LOG (nnet3-latgen-faster[5.5.671~1-e5a5a]:DecodeUtteranceLatticeFaster():decoder-wrappers.cc:375) Log-like per frame for utterance nsc-part2-chn0-spk08672945cnf-029450313 is 1.89074 over 221 frames.
nsc-part2-chn0-spk08672945cnf-029450352 show me the way to __Bedok_Green primary school 
LOG (nnet3-latgen-faster[5.5.671~1-e5a5a]:DecodeUtteranceLatticeFaster():decoder-wrappers.cc:375) Log-like per frame for utterance nsc-part2-chn0-spk08672945cnf-029450352 is 1.68905 over 115 frames.
nsc-part2-chn0-spk08672945cnf-029450407 do you nowhere is __Bedok_South 
LOG (nnet3-latgen-faster[5.5.671~1-e5a5a]:DecodeUtteranceLatticeFaster():decoder-wrappers.cc:375) Log-like per frame for utterance nsc-part2-chn0-spk08672945cnf-029450407 is 1.7164 over 93 frames.
nsc-part2-chn0-spk08672945cnf-029450418 __Waringin_Walk __Lengkok_Lima and __Kampong_Sireh 
LOG (nnet3-latgen-faster[5.5.671~1-e5a5a]:DecodeUtteranceLatticeFaster():decoder-wrappers.cc:375) Log-like per frame for utterance nsc-part2-chn0-spk08672945cnf-029450418 is 1.86514 over 166 frames.
nsc-part2-chn0-spk08672945cnf-029450439 __Bukit_Timah settle club the concerned am __Bury_Road 
LOG (nnet3-latgen-faster[5.5.671~1-e5a5a]:DecodeUtteranceLatticeFaster():decoder-wrappers.cc:375) Log-like per frame for utterance nsc-part2-chn0-spk08672945cnf-029450439 is 1.7281 over 154 frames.
nsc-part2-chn0-spk08672945cnf-029451493 which bra should i take to avenue 
LOG (nnet3-latgen-faster[5.5.671~1-e5a5a]:DecodeUtteranceLatticeFaster():decoder-wrappers.cc:375) Log-like per frame for utterance nsc-part2-chn0-spk08672945cnf-029451493 is 1.77357 over 106 frames.
nsc-part2-chn0-spk08672945cnf-029451511 find the faster way to __Chong_Pang neighborhood police post 
LOG (nnet3-latgen-faster[5.5.671~1-e5a5a]:DecodeUtteranceLatticeFaster():decoder-wrappers.cc:375) Log-like per frame for utterance nsc-part2-chn0-spk08672945cnf-029451511 is 2.13631 over 135 frames.
nsc-part2-chn0-spk08672945cnf-029451559 __Jalan_Minggu south bank reservoir 
LOG (nnet3-latgen-faster[5.5.671~1-e5a5a]:DecodeUtteranceLatticeFaster():decoder-wrappers.cc:375) Log-like per frame for utterance nsc-part2-chn0-spk08672945cnf-029451559 is 1.81976 over 125 frames.
nsc-part2-chn0-spk08672945cnf-029451624 student walk __Kent_Ridge_Crescent and __Bedok_Lighthouse 
LOG (nnet3-latgen-faster[5.5.671~1-e5a5a]:DecodeUtteranceLatticeFaster():decoder-wrappers.cc:375) Log-like per frame for utterance nsc-part2-chn0-spk08672945cnf-029451624 is 1.91387 over 137 frames.
nsc-part2-chn0-spk08713162inf-031620030 __Kampong_Kembangan neighborhood put least post 
LOG (nnet3-latgen-faster[5.5.671~1-e5a5a]:DecodeUtteranceLatticeFaster():decoder-wrappers.cc:375) Log-like per frame for utterance nsc-part2-chn0-spk08713162inf-031620030 is 1.91075 over 157 frames.
nsc-part2-chn0-spk08713162inf-031620049 __Faber_Walk selected airport and __Bukit_Batok is 
LOG (nnet3-latgen-faster[5.5.671~1-e5a5a]:DecodeUtteranceLatticeFaster():decoder-wrappers.cc:375) Log-like per frame for utterance nsc-part2-chn0-spk08713162inf-031620049 is 1.73362 over 175 frames.
nsc-part2-chn0-spk08713162inf-031620080 further view __Secondary_School __Mayflower_Way and __Ubi_Crescent 
LOG (nnet3-latgen-faster[5.5.671~1-e5a5a]:DecodeUtteranceLatticeFaster():decoder-wrappers.cc:375) Log-like per frame for utterance nsc-part2-chn0-spk08713162inf-031620080 is 2.09347 over 185 frames.
nsc-part2-chn0-spk08713162inf-031620118 __Pasir_Ris_Road __Oxford_Road and __Geylang_East_Central 
LOG (nnet3-latgen-faster[5.5.671~1-e5a5a]:DecodeUtteranceLatticeFaster():decoder-wrappers.cc:375) Log-like per frame for utterance nsc-part2-chn0-spk08713162inf-031620118 is 2.05165 over 163 frames.
nsc-part2-chn0-spk08713162inf-031620173 __Tan_Tock_Seng hospital elderly avenue to and __Sakra_Road 
LOG (nnet3-latgen-faster[5.5.671~1-e5a5a]:DecodeUtteranceLatticeFaster():decoder-wrappers.cc:375) Log-like per frame for utterance nsc-part2-chn0-spk08713162inf-031620173 is 2.03661 over 177 frames.
nsc-part2-chn0-spk08713162inf-031620269 symbol avenue __Kampong_Chai_Chee and __Tiverton_Lane 
LOG (nnet3-latgen-faster[5.5.671~1-e5a5a]:DecodeUtteranceLatticeFaster():decoder-wrappers.cc:375) Log-like per frame for utterance nsc-part2-chn0-spk08713162inf-031620269 is 1.88271 over 181 frames.
nsc-part2-chn0-spk08713162inf-031620433 __Upper_Bukit_Timah_Road luck kill role and __Chai_Chee_Street 
LOG (nnet3-latgen-faster[5.5.671~1-e5a5a]:DecodeUtteranceLatticeFaster():decoder-wrappers.cc:375) Log-like per frame for utterance nsc-part2-chn0-spk08713162inf-031620433 is 1.94055 over 146 frames.
nsc-part2-chn0-spk08713162inf-031621528 __Bukit_Ho_Swee_Link __Upper_Bedok_Road and month die lots 
LOG (nnet3-latgen-faster[5.5.671~1-e5a5a]:DecodeUtteranceLatticeFaster():decoder-wrappers.cc:375) Log-like per frame for utterance nsc-part2-chn0-spk08713162inf-031621528 is 1.80136 over 176 frames.
nsc-part2-chn0-spk08713162inf-031621547 __Tai_Hoe hotel __North_Spring primary school anda shop house 
LOG (nnet3-latgen-faster[5.5.671~1-e5a5a]:DecodeUtteranceLatticeFaster():decoder-wrappers.cc:375) Log-like per frame for utterance nsc-part2-chn0-spk08713162inf-031621547 is 1.883 over 175 frames.
nsc-part2-chn0-spk08713162inf-031621592 __Jalan_Tarum __Marsiling_Neighbourhood police post and lain time temple 
LOG (nnet3-latgen-faster[5.5.671~1-e5a5a]:DecodeUtteranceLatticeFaster():decoder-wrappers.cc:375) Log-like per frame for utterance nsc-part2-chn0-spk08713162inf-031621592 is 2.03572 over 207 frames.
nsc-part2-chn0-spk08713162inf-031621660 __Hong_Kah __Secondary_School __Sungei_Bedok employer j temple 
LOG (nnet3-latgen-faster[5.5.671~1-e5a5a]:DecodeUtteranceLatticeFaster():decoder-wrappers.cc:375) Log-like per frame for utterance nsc-part2-chn0-spk08713162inf-031621660 is 2.06884 over 159 frames.
nsc-part2-chn0-spk08713162inf-031621706 __Jurong_West fire __Post_Florence_Road and __Seletar_Hills_Drive 
LOG (nnet3-latgen-faster[5.5.671~1-e5a5a]:DecodeUtteranceLatticeFaster():decoder-wrappers.cc:375) Log-like per frame for utterance nsc-part2-chn0-spk08713162inf-031621706 is 1.99536 over 168 frames.
LOG (apply-cmvn[5.5.671~1-e5a5a]:main():apply-cmvn.cc:81) Copied 63 utterances.
nsc-part2-chn0-spk08713162inf-031621716 __Lorong_Batawi __Taman_Jurong __Shopping_Centre and __Kian_Teck_Road 
LOG (nnet3-latgen-faster[5.5.671~1-e5a5a]:DecodeUtteranceLatticeFaster():decoder-wrappers.cc:375) Log-like per frame for utterance nsc-part2-chn0-spk08713162inf-031621716 is 1.88612 over 209 frames.
nsc-part2-chn0-spk08713162inf-031621834 mid see is dropping me off at __Kampung_Glam 
LOG (nnet3-latgen-faster[5.5.671~1-e5a5a]:DecodeUtteranceLatticeFaster():decoder-wrappers.cc:375) Log-like per frame for utterance nsc-part2-chn0-spk08713162inf-031621834 is 1.74072 over 123 frames.
nsc-part2-chn0-spk08713162inf-031621860 find the faster way to __Jalan_Lembah_Bedok 
LOG (nnet3-latgen-faster[5.5.671~1-e5a5a]:DecodeUtteranceLatticeFaster():decoder-wrappers.cc:375) Log-like per frame for utterance nsc-part2-chn0-spk08713162inf-031621860 is 1.95309 over 120 frames.
nsc-part2-chn0-spk08713162inf-031621893 __Geylang_United temple seeing hold hotel and __Prinsep_Street press vegetarian church 
LOG (nnet3-latgen-faster[5.5.671~1-e5a5a]:DecodeUtteranceLatticeFaster():decoder-wrappers.cc:375) Log-like per frame for utterance nsc-part2-chn0-spk08713162inf-031621893 is 1.97488 over 232 frames.
LOG (nnet3-latgen-faster[5.5.671~1-e5a5a]:main():nnet3-latgen-faster.cc:256) Time taken 108.069s: real-time factor assuming 100 frames/sec is 0.339775
LOG (nnet3-latgen-faster[5.5.671~1-e5a5a]:main():nnet3-latgen-faster.cc:259) Done 63 utterances, failed for 0
LOG (nnet3-latgen-faster[5.5.671~1-e5a5a]:main():nnet3-latgen-faster.cc:261) Overall log-likelihood per frame is 1.94317 over 10602 frames.
LOG (nnet3-latgen-faster[5.5.671~1-e5a5a]:~CachingOptimizingCompiler():nnet-optimize.cc:710) 0.41 seconds taken in nnet3 compilation total (breakdown: 0.292 compilation, 0.0824 optimization, 0 shortcut expansion, 0.0116 checking, 8.65e-05 computing indexes, 0.0247 misc.) + 0 I/O.
LOG (lattice-scale[5.5.671~1-e5a5a]:main():lattice-scale.cc:107) Done 63 lattices.
# Accounting: time=109 threads=1
# Ended (code 0) at Fri Aug 27 13:57:54 +08 2021, elapsed time 109 seconds
