# nnet3-latgen-faster --online-ivectors=scp:/home3/yachao001/home/asr/w2021/offline-hotwords-asr-test-v2-bak-bak-ASR-4/data/ivector-data-imda-part2/ivector_online.scp --online-ivector-period=10 --frame-subsampling-factor=3 --frames-per-chunk=50 --extra-left-context=0 --extra-right-context=0 --extra-left-context-initial=-1 --extra-right-context-final=-1 --minimize=false --max-active=7000 --min-active=200 --beam=15.0 --lattice-beam=8.0 --acoustic-scale=1.0 --allow-partial=true --word-symbol-table=exp/ExpX/Output/hotword-decoder/graph_hotword/words.txt /home3/yachao001/home/asr/w2021/offline-hotwords-asr-test-v2-bak-bak-ASR-4/exp/msf-scdf-cs-june2021-prune/tdnnf-biased/final.mdl exp/ExpX/Output/hotword-decoder/graph_hotword/HCLG.fst "ark,s,cs:apply-cmvn --norm-means=false --norm-vars=false --utt2spk=ark:/home3/yachao001/home/asr/w2021/hotword/data/imda-part2/mfcc-hires/split20/18/utt2spk scp:/home3/yachao001/home/asr/w2021/hotword/data/imda-part2/mfcc-hires/split20/18/cmvn.scp scp:/home3/yachao001/home/asr/w2021/hotword/data/imda-part2/mfcc-hires/split20/18/feats.scp ark:- |" "ark:|lattice-scale --acoustic-scale=10.0 ark:- ark:- | gzip -c >/home3/yachao001/home/asr/w2021/offline-hotwords-asr-test-v2-bak-bak-ASR-4/exp/msf-scdf-cs-june2021-prune/tdnnf-biased/decode-data-hotword/lat.18.gz" 
# Started at Fri Aug 27 13:56:05 +08 2021
#
nnet3-latgen-faster --online-ivectors=scp:/home3/yachao001/home/asr/w2021/offline-hotwords-asr-test-v2-bak-bak-ASR-4/data/ivector-data-imda-part2/ivector_online.scp --online-ivector-period=10 --frame-subsampling-factor=3 --frames-per-chunk=50 --extra-left-context=0 --extra-right-context=0 --extra-left-context-initial=-1 --extra-right-context-final=-1 --minimize=false --max-active=7000 --min-active=200 --beam=15.0 --lattice-beam=8.0 --acoustic-scale=1.0 --allow-partial=true --word-symbol-table=exp/ExpX/Output/hotword-decoder/graph_hotword/words.txt /home3/yachao001/home/asr/w2021/offline-hotwords-asr-test-v2-bak-bak-ASR-4/exp/msf-scdf-cs-june2021-prune/tdnnf-biased/final.mdl exp/ExpX/Output/hotword-decoder/graph_hotword/HCLG.fst 'ark,s,cs:apply-cmvn --norm-means=false --norm-vars=false --utt2spk=ark:/home3/yachao001/home/asr/w2021/hotword/data/imda-part2/mfcc-hires/split20/18/utt2spk scp:/home3/yachao001/home/asr/w2021/hotword/data/imda-part2/mfcc-hires/split20/18/cmvn.scp scp:/home3/yachao001/home/asr/w2021/hotword/data/imda-part2/mfcc-hires/split20/18/feats.scp ark:- |' 'ark:|lattice-scale --acoustic-scale=10.0 ark:- ark:- | gzip -c >/home3/yachao001/home/asr/w2021/offline-hotwords-asr-test-v2-bak-bak-ASR-4/exp/msf-scdf-cs-june2021-prune/tdnnf-biased/decode-data-hotword/lat.18.gz' 
LOG (nnet3-latgen-faster[5.5.671~1-e5a5a]:RemoveOrphanNodes():nnet-nnet.cc:948) Removed 1 orphan nodes.
LOG (nnet3-latgen-faster[5.5.671~1-e5a5a]:RemoveOrphanComponents():nnet-nnet.cc:847) Removing 2 orphan components.
LOG (nnet3-latgen-faster[5.5.671~1-e5a5a]:Collapse():nnet-utils.cc:1472) Added 1 components, removed 2
apply-cmvn --norm-means=false --norm-vars=false --utt2spk=ark:/home3/yachao001/home/asr/w2021/hotword/data/imda-part2/mfcc-hires/split20/18/utt2spk scp:/home3/yachao001/home/asr/w2021/hotword/data/imda-part2/mfcc-hires/split20/18/cmvn.scp scp:/home3/yachao001/home/asr/w2021/hotword/data/imda-part2/mfcc-hires/split20/18/feats.scp ark:- 
lattice-scale --acoustic-scale=10.0 ark:- ark:- 
LOG (nnet3-latgen-faster[5.5.671~1-e5a5a]:CheckAndFixConfigs():nnet-am-decodable-simple.cc:294) Increasing --frames-per-chunk from 50 to 51 to make it a multiple of --frame-subsampling-factor=3
nsc-part2-chn0-spk10273068inm-030680043 __Lim_Chong_Pang __Richard_Eric_Holttum and to 
LOG (nnet3-latgen-faster[5.5.671~1-e5a5a]:DecodeUtteranceLatticeFaster():decoder-wrappers.cc:375) Log-like per frame for utterance nsc-part2-chn0-spk10273068inm-030680043 is 1.37874 over 207 frames.
nsc-part2-chn0-spk10273068inm-030680049 __Kampong_Ubi neighborhood police post loyal fire post and micro g way dak 
LOG (nnet3-latgen-faster[5.5.671~1-e5a5a]:DecodeUtteranceLatticeFaster():decoder-wrappers.cc:375) Log-like per frame for utterance nsc-part2-chn0-spk10273068inm-030680049 is 1.67682 over 262 frames.
nsc-part2-chn0-spk10273068inm-030680118 seen june what temple __Tew_Chew_Street and __Sembawang_Vista 
LOG (nnet3-latgen-faster[5.5.671~1-e5a5a]:DecodeUtteranceLatticeFaster():decoder-wrappers.cc:375) Log-like per frame for utterance nsc-part2-chn0-spk10273068inm-030680118 is 1.65467 over 238 frames.
nsc-part2-chn0-spk10273068inm-030680150 how long dizzy get to __Seletar_West farm way by taxi 
LOG (nnet3-latgen-faster[5.5.671~1-e5a5a]:DecodeUtteranceLatticeFaster():decoder-wrappers.cc:375) Log-like per frame for utterance nsc-part2-chn0-spk10273068inm-030680150 is 1.73145 over 186 frames.
nsc-part2-chn0-spk10273068inm-030680188 how do i get public library 
LOG (nnet3-latgen-faster[5.5.671~1-e5a5a]:DecodeUtteranceLatticeFaster():decoder-wrappers.cc:375) Log-like per frame for utterance nsc-part2-chn0-spk10273068inm-030680188 is 1.78245 over 161 frames.
nsc-part2-chn0-spk10273068inm-030680242 __Bukit_Batok hostel __Jalan_Sungei_Poyan and department of statistics 
LOG (nnet3-latgen-faster[5.5.671~1-e5a5a]:DecodeUtteranceLatticeFaster():decoder-wrappers.cc:375) Log-like per frame for utterance nsc-part2-chn0-spk10273068inm-030680242 is 1.69736 over 218 frames.
nsc-part2-chn0-spk10273068inm-030680268 __Boon_Lay place murid lots two and __Lorong_Mesu nine __Geylang_United 
LOG (nnet3-latgen-faster[5.5.671~1-e5a5a]:DecodeUtteranceLatticeFaster():decoder-wrappers.cc:375) Log-like per frame for utterance nsc-part2-chn0-spk10273068inm-030680268 is 1.58774 over 257 frames.
nsc-part2-chn0-spk10273068inm-030680302 __Singapore_Recreation club __La_Mode hotel and __Sembawang_Alley 
LOG (nnet3-latgen-faster[5.5.671~1-e5a5a]:DecodeUtteranceLatticeFaster():decoder-wrappers.cc:375) Log-like per frame for utterance nsc-part2-chn0-spk10273068inm-030680302 is 1.66249 over 208 frames.
nsc-part2-chn0-spk10273068inm-030680409 kala love roadside crispy spring chicken 
LOG (nnet3-latgen-faster[5.5.671~1-e5a5a]:DecodeUtteranceLatticeFaster():decoder-wrappers.cc:375) Log-like per frame for utterance nsc-part2-chn0-spk10273068inm-030680409 is 1.62767 over 163 frames.
nsc-part2-chn0-spk10273068inm-030680427 __Jalan_Tanah_Rata he growth __Secondary_School and __Sembawang_Country_Club 
LOG (nnet3-latgen-faster[5.5.671~1-e5a5a]:DecodeUtteranceLatticeFaster():decoder-wrappers.cc:375) Log-like per frame for utterance nsc-part2-chn0-spk10273068inm-030680427 is 1.82662 over 219 frames.
nsc-part2-chn0-spk10273068inm-030680434 __Lorong_Kilat_Pek_Kio community center and __Upper_Bukit_Timah 
LOG (nnet3-latgen-faster[5.5.671~1-e5a5a]:DecodeUtteranceLatticeFaster():decoder-wrappers.cc:375) Log-like per frame for utterance nsc-part2-chn0-spk10273068inm-030680434 is 1.6043 over 232 frames.
nsc-part2-chn0-spk10273068inm-030681497 __Aljunied_Avenue five park and gender road 
LOG (nnet3-latgen-faster[5.5.671~1-e5a5a]:DecodeUtteranceLatticeFaster():decoder-wrappers.cc:375) Log-like per frame for utterance nsc-part2-chn0-spk10273068inm-030681497 is 1.56356 over 162 frames.
nsc-part2-chn0-spk10273068inm-030681582 __Jalan_Lembah_Bedok hotel and __Oriole_Crescent 
LOG (nnet3-latgen-faster[5.5.671~1-e5a5a]:DecodeUtteranceLatticeFaster():decoder-wrappers.cc:375) Log-like per frame for utterance nsc-part2-chn0-spk10273068inm-030681582 is 1.50792 over 281 frames.
nsc-part2-chn0-spk10273068inm-030681717 __Ruby_Lane __Sembawang_Vista kan act wow road 
LOG (nnet3-latgen-faster[5.5.671~1-e5a5a]:DecodeUtteranceLatticeFaster():decoder-wrappers.cc:375) Log-like per frame for utterance nsc-part2-chn0-spk10273068inm-030681717 is 1.45598 over 170 frames.
nsc-part2-chn0-spk10273068inm-030681750 __Rasok_Drive __Marsiling_Road industrial as dead there and __Junction_Nine 
LOG (nnet3-latgen-faster[5.5.671~1-e5a5a]:DecodeUtteranceLatticeFaster():decoder-wrappers.cc:375) Log-like per frame for utterance nsc-part2-chn0-spk10273068inm-030681750 is 1.74253 over 230 frames.
nsc-part2-chn0-spk10323127inm-031270087 gay soon avenue __Seletar_Close and __Macritchie_Reservoir 
LOG (nnet3-latgen-faster[5.5.671~1-e5a5a]:DecodeUtteranceLatticeFaster():decoder-wrappers.cc:375) Log-like per frame for utterance nsc-part2-chn0-spk10323127inm-031270087 is 2.06182 over 149 frames.
nsc-part2-chn0-spk10323127inm-031270123 south point __Sit_Wah_Road and __Kampong_Chai_Chee 
LOG (nnet3-latgen-faster[5.5.671~1-e5a5a]:DecodeUtteranceLatticeFaster():decoder-wrappers.cc:375) Log-like per frame for utterance nsc-part2-chn0-spk10323127inm-031270123 is 1.92667 over 143 frames.
nsc-part2-chn0-spk10323127inm-031270172 __Lam_Pin_Min down __Alexandra_Road __Gibson_Hill and __Lim_Chong_Pang 
LOG (nnet3-latgen-faster[5.5.671~1-e5a5a]:DecodeUtteranceLatticeFaster():decoder-wrappers.cc:375) Log-like per frame for utterance nsc-part2-chn0-spk10323127inm-031270172 is 1.89127 over 208 frames.
nsc-part2-chn0-spk10323127inm-031270175 other food got restaurant near __Geylang_Square 
LOG (nnet3-latgen-faster[5.5.671~1-e5a5a]:DecodeUtteranceLatticeFaster():decoder-wrappers.cc:375) Log-like per frame for utterance nsc-part2-chn0-spk10323127inm-031270175 is 2.18005 over 123 frames.
nsc-part2-chn0-spk10323127inm-031270182 play show me away to __Sembawang_Shopping_Centre 
LOG (nnet3-latgen-faster[5.5.671~1-e5a5a]:DecodeUtteranceLatticeFaster():decoder-wrappers.cc:375) Log-like per frame for utterance nsc-part2-chn0-spk10323127inm-031270182 is 2.0915 over 112 frames.
nsc-part2-chn0-spk10323127inm-031270258 __National_Arts_Council __Kismis_Road and __Bukit_Batok_Central_Link 
LOG (nnet3-latgen-faster[5.5.671~1-e5a5a]:DecodeUtteranceLatticeFaster():decoder-wrappers.cc:375) Log-like per frame for utterance nsc-part2-chn0-spk10323127inm-031270258 is 2.21182 over 212 frames.
nsc-part2-chn0-spk10323127inm-031270269 __Nexus_International_School __Aljunied_Road and __Jalan_Limbok 
LOG (nnet3-latgen-faster[5.5.671~1-e5a5a]:DecodeUtteranceLatticeFaster():decoder-wrappers.cc:375) Log-like per frame for utterance nsc-part2-chn0-spk10323127inm-031270269 is 2.29275 over 189 frames.
nsc-part2-chn0-spk10323127inm-031270399 __Lim_Chong_Pang devil on __Sophia_Hull 
LOG (nnet3-latgen-faster[5.5.671~1-e5a5a]:DecodeUtteranceLatticeFaster():decoder-wrappers.cc:375) Log-like per frame for utterance nsc-part2-chn0-spk10323127inm-031270399 is 1.80317 over 127 frames.
nsc-part2-chn0-spk10323127inm-031270439 __Seletar_Lodge_One __Chinese_Garden_Road and __Borthwick_Drive 
LOG (nnet3-latgen-faster[5.5.671~1-e5a5a]:DecodeUtteranceLatticeFaster():decoder-wrappers.cc:375) Log-like per frame for utterance nsc-part2-chn0-spk10323127inm-031270439 is 2.17798 over 188 frames.
nsc-part2-chn0-spk10323127inm-031270445 __Chai_Chee_Drive __Lengkok_Angsa and __Bukit_Timah boost office 
LOG (nnet3-latgen-faster[5.5.671~1-e5a5a]:DecodeUtteranceLatticeFaster():decoder-wrappers.cc:375) Log-like per frame for utterance nsc-part2-chn0-spk10323127inm-031270445 is 1.84217 over 213 frames.
nsc-part2-chn0-spk10323127inm-031271462 b and i e and spring 
LOG (nnet3-latgen-faster[5.5.671~1-e5a5a]:DecodeUtteranceLatticeFaster():decoder-wrappers.cc:375) Log-like per frame for utterance nsc-part2-chn0-spk10323127inm-031271462 is 1.5531 over 121 frames.
nsc-part2-chn0-spk10323127inm-031271624 drink avenue __Seletar_Close and __Marsiling_Road 
LOG (nnet3-latgen-faster[5.5.671~1-e5a5a]:DecodeUtteranceLatticeFaster():decoder-wrappers.cc:375) Log-like per frame for utterance nsc-part2-chn0-spk10323127inm-031271624 is 2.22455 over 145 frames.
nsc-part2-chn0-spk10323127inm-031271773 __Jalan_Mangkok __Bliss_Hotel __Singapore_Bible later 
LOG (nnet3-latgen-faster[5.5.671~1-e5a5a]:DecodeUtteranceLatticeFaster():decoder-wrappers.cc:375) Log-like per frame for utterance nsc-part2-chn0-spk10323127inm-031271773 is 1.70419 over 156 frames.
nsc-part2-chn0-spk10323127inm-031271876 what is the faster way to __Kampong_Sireh 
LOG (nnet3-latgen-faster[5.5.671~1-e5a5a]:DecodeUtteranceLatticeFaster():decoder-wrappers.cc:375) Log-like per frame for utterance nsc-part2-chn0-spk10323127inm-031271876 is 1.81456 over 105 frames.
nsc-part2-chn0-spk10353130inf-031300045 which bus should i dig to __Seletar_Court club 
LOG (nnet3-latgen-faster[5.5.671~1-e5a5a]:DecodeUtteranceLatticeFaster():decoder-wrappers.cc:375) Log-like per frame for utterance nsc-part2-chn0-spk10353130inf-031300045 is 1.77253 over 122 frames.
nsc-part2-chn0-spk10353130inf-031300148 can i take bus to __Kampong_Kayu_Road 
LOG (nnet3-latgen-faster[5.5.671~1-e5a5a]:DecodeUtteranceLatticeFaster():decoder-wrappers.cc:375) Log-like per frame for utterance nsc-part2-chn0-spk10353130inf-031300148 is 1.91916 over 113 frames.
nsc-part2-chn0-spk10353130inf-031300212 __Lorong_Mesu __Tuas_Road __Ulu_Sembawang 
LOG (nnet3-latgen-faster[5.5.671~1-e5a5a]:DecodeUtteranceLatticeFaster():decoder-wrappers.cc:375) Log-like per frame for utterance nsc-part2-chn0-spk10353130inf-031300212 is 2.03115 over 135 frames.
nsc-part2-chn0-spk10353130inf-031300242 __Jalan_Langgar_Bedok __Singapore_Bible home and __Ubi_Close 
LOG (nnet3-latgen-faster[5.5.671~1-e5a5a]:DecodeUtteranceLatticeFaster():decoder-wrappers.cc:375) Log-like per frame for utterance nsc-part2-chn0-spk10353130inf-031300242 is 2.12366 over 185 frames.
nsc-part2-chn0-spk10353130inf-031300251 __Cuff_Road single university of technology an design and __Bukit_Batok_Central 
LOG (nnet3-latgen-faster[5.5.671~1-e5a5a]:DecodeUtteranceLatticeFaster():decoder-wrappers.cc:375) Log-like per frame for utterance nsc-part2-chn0-spk10353130inf-031300251 is 2.29776 over 215 frames.
nsc-part2-chn0-spk10353130inf-031300279 __Hussein_Aljunied __Soo_Bin_Chua and __Louis_Chen 
LOG (nnet3-latgen-faster[5.5.671~1-e5a5a]:DecodeUtteranceLatticeFaster():decoder-wrappers.cc:375) Log-like per frame for utterance nsc-part2-chn0-spk10353130inf-031300279 is 2.01434 over 154 frames.
nsc-part2-chn0-spk10353130inf-031300294 __Jalan_Kledek long nine __Gul_Lane and __Westwood_Avenue 
LOG (nnet3-latgen-faster[5.5.671~1-e5a5a]:DecodeUtteranceLatticeFaster():decoder-wrappers.cc:375) Log-like per frame for utterance nsc-part2-chn0-spk10353130inf-031300294 is 1.95999 over 159 frames.
nsc-part2-chn0-spk10353130inf-031300298 analysis dropping me off at __Bukit_Timah nature reserve 
LOG (nnet3-latgen-faster[5.5.671~1-e5a5a]:DecodeUtteranceLatticeFaster():decoder-wrappers.cc:375) Log-like per frame for utterance nsc-part2-chn0-spk10353130inf-031300298 is 2.05249 over 135 frames.
nsc-part2-chn0-spk10353130inf-031300433 __Sembawang_Shopping_Centre __Jalan_Berseri and __Lim_Tua_Tow_Road 
LOG (nnet3-latgen-faster[5.5.671~1-e5a5a]:DecodeUtteranceLatticeFaster():decoder-wrappers.cc:375) Log-like per frame for utterance nsc-part2-chn0-spk10353130inf-031300433 is 2.12526 over 194 frames.
nsc-part2-chn0-spk10353130inf-031301598 how long debit take to get to __Marsiling_Rise by taxi 
LOG (nnet3-latgen-faster[5.5.671~1-e5a5a]:DecodeUtteranceLatticeFaster():decoder-wrappers.cc:375) Log-like per frame for utterance nsc-part2-chn0-spk10353130inf-031301598 is 2.16054 over 133 frames.
nsc-part2-chn0-spk10353130inf-031301690 mutual __Shopping_Centre china down heritage center and long __Stephen_Lee 
LOG (nnet3-latgen-faster[5.5.671~1-e5a5a]:DecodeUtteranceLatticeFaster():decoder-wrappers.cc:375) Log-like per frame for utterance nsc-part2-chn0-spk10353130inf-031301690 is 2.21387 over 201 frames.
nsc-part2-chn0-spk10353130inf-031301695 __Geylang_Serai neighborhood police post __Cassia_Crescent and grandma decision 
LOG (nnet3-latgen-faster[5.5.671~1-e5a5a]:DecodeUtteranceLatticeFaster():decoder-wrappers.cc:375) Log-like per frame for utterance nsc-part2-chn0-spk10353130inf-031301695 is 2.06941 over 218 frames.
nsc-part2-chn0-spk10353130inf-031301747 __Bukit_Batok home further age __Lorong_Batawi and __Hindhede_Road 
LOG (nnet3-latgen-faster[5.5.671~1-e5a5a]:DecodeUtteranceLatticeFaster():decoder-wrappers.cc:375) Log-like per frame for utterance nsc-part2-chn0-spk10353130inf-031301747 is 1.99009 over 176 frames.
nsc-part2-chn0-spk10353130inf-031301750 __Upper_Changi_Road north __Kampong_Kapor_Road and f judge club 
LOG (nnet3-latgen-faster[5.5.671~1-e5a5a]:DecodeUtteranceLatticeFaster():decoder-wrappers.cc:375) Log-like per frame for utterance nsc-part2-chn0-spk10353130inf-031301750 is 1.86081 over 217 frames.
nsc-part2-chn0-spk10353130inf-031301773 __Bedok_Green primary school __Revival_Centre church and __Jalan_Bunga_Rampai 
LOG (nnet3-latgen-faster[5.5.671~1-e5a5a]:DecodeUtteranceLatticeFaster():decoder-wrappers.cc:375) Log-like per frame for utterance nsc-part2-chn0-spk10353130inf-031301773 is 2.09776 over 238 frames.
nsc-part2-chn0-spk10353130inf-031301870 __Lim_Chong_Pang __Vijesh_Ashok_Ghariwala and __Sim_Yi_Hui 
LOG (nnet3-latgen-faster[5.5.671~1-e5a5a]:DecodeUtteranceLatticeFaster():decoder-wrappers.cc:375) Log-like per frame for utterance nsc-part2-chn0-spk10353130inf-031301870 is 1.86374 over 168 frames.
nsc-part2-chn0-spk10373155inf-031550016 how long really dig to walk do __Bukit_Batok_West 
LOG (nnet3-latgen-faster[5.5.671~1-e5a5a]:DecodeUtteranceLatticeFaster():decoder-wrappers.cc:375) Log-like per frame for utterance nsc-part2-chn0-spk10373155inf-031550016 is 1.64685 over 159 frames.
nsc-part2-chn0-spk10373155inf-031550173 bias __Secondary_School __Marina_Bay_Sands and __Seletar_Link 
LOG (nnet3-latgen-faster[5.5.671~1-e5a5a]:DecodeUtteranceLatticeFaster():decoder-wrappers.cc:375) Log-like per frame for utterance nsc-part2-chn0-spk10373155inf-031550173 is 2.04283 over 181 frames.
nsc-part2-chn0-spk10373155inf-031550191 list look for sheet turn venue rich __Kampong_Glam 
LOG (nnet3-latgen-faster[5.5.671~1-e5a5a]:DecodeUtteranceLatticeFaster():decoder-wrappers.cc:375) Log-like per frame for utterance nsc-part2-chn0-spk10373155inf-031550191 is 1.68883 over 161 frames.
nsc-part2-chn0-spk10373155inf-031550242 __Beach_Road __Aljunied_Crescent handsome gun east avenue 
LOG (nnet3-latgen-faster[5.5.671~1-e5a5a]:DecodeUtteranceLatticeFaster():decoder-wrappers.cc:375) Log-like per frame for utterance nsc-part2-chn0-spk10373155inf-031550242 is 1.89289 over 170 frames.
nsc-part2-chn0-spk10373155inf-031550247 __Changi_Business_Park_Vista __Gan_Eng_Seng school and __Bedok_North 
LOG (nnet3-latgen-faster[5.5.671~1-e5a5a]:DecodeUtteranceLatticeFaster():decoder-wrappers.cc:375) Log-like per frame for utterance nsc-part2-chn0-spk10373155inf-031550247 is 1.97589 over 205 frames.
nsc-part2-chn0-spk10373155inf-031550251 clip err bookshop road and salmon __Jurong_Port 
LOG (nnet3-latgen-faster[5.5.671~1-e5a5a]:DecodeUtteranceLatticeFaster():decoder-wrappers.cc:375) Log-like per frame for utterance nsc-part2-chn0-spk10373155inf-031550251 is 1.53739 over 188 frames.
nsc-part2-chn0-spk10373155inf-031550257 canada big above to __Spring_Street 
LOG (nnet3-latgen-faster[5.5.671~1-e5a5a]:DecodeUtteranceLatticeFaster():decoder-wrappers.cc:375) Log-like per frame for utterance nsc-part2-chn0-spk10373155inf-031550257 is 1.96591 over 111 frames.
nsc-part2-chn0-spk10373155inf-031550294 __Seletar_Close helpful seeing temple an __Singapore_Botanic_Gardens 
LOG (nnet3-latgen-faster[5.5.671~1-e5a5a]:DecodeUtteranceLatticeFaster():decoder-wrappers.cc:375) Log-like per frame for utterance nsc-part2-chn0-spk10373155inf-031550294 is 1.61678 over 262 frames.
nsc-part2-chn0-spk10373155inf-031550298 chemical is chopping me of at __Sembawang_Country_Club 
LOG (nnet3-latgen-faster[5.5.671~1-e5a5a]:DecodeUtteranceLatticeFaster():decoder-wrappers.cc:375) Log-like per frame for utterance nsc-part2-chn0-spk10373155inf-031550298 is 1.71006 over 154 frames.
nsc-part2-chn0-spk10373155inf-031550302 __Wong_Chin_Yoke_Road __Upper_Serangoon via deduct an __Upper_Bukit_Timah 
LOG (nnet3-latgen-faster[5.5.671~1-e5a5a]:DecodeUtteranceLatticeFaster():decoder-wrappers.cc:375) Log-like per frame for utterance nsc-part2-chn0-spk10373155inf-031550302 is 1.71995 over 204 frames.
nsc-part2-chn0-spk10373155inf-031550384 __Bukit_Batok_East avenue __Lorong_Sinaran and __Jalan_Siap 
LOG (nnet3-latgen-faster[5.5.671~1-e5a5a]:DecodeUtteranceLatticeFaster():decoder-wrappers.cc:375) Log-like per frame for utterance nsc-part2-chn0-spk10373155inf-031550384 is 1.81212 over 181 frames.
nsc-part2-chn0-spk10373155inf-031550439 literally avenue __Bukit_Batok_Avenue_West and __Joan_Road 
LOG (nnet3-latgen-faster[5.5.671~1-e5a5a]:DecodeUtteranceLatticeFaster():decoder-wrappers.cc:375) Log-like per frame for utterance nsc-part2-chn0-spk10373155inf-031550439 is 1.83047 over 180 frames.
nsc-part2-chn0-spk10373155inf-031551571 learn her primary school __Dinding_Place an apart __Aljunied_Road 
LOG (nnet3-latgen-faster[5.5.671~1-e5a5a]:DecodeUtteranceLatticeFaster():decoder-wrappers.cc:375) Log-like per frame for utterance nsc-part2-chn0-spk10373155inf-031551571 is 1.74387 over 241 frames.
nsc-part2-chn0-spk10373155inf-031551610 __Bukit_Batok_West __Compassvale_Drive swimming route 
LOG (nnet3-latgen-faster[5.5.671~1-e5a5a]:DecodeUtteranceLatticeFaster():decoder-wrappers.cc:375) Log-like per frame for utterance nsc-part2-chn0-spk10373155inf-031551610 is 1.66894 over 171 frames.
LOG (apply-cmvn[5.5.671~1-e5a5a]:main():apply-cmvn.cc:81) Copied 62 utterances.
nsc-part2-chn0-spk10373155inf-031551624 __Havelock_Road __Seletar_North lain one an __Inggu_Road 
LOG (nnet3-latgen-faster[5.5.671~1-e5a5a]:DecodeUtteranceLatticeFaster():decoder-wrappers.cc:375) Log-like per frame for utterance nsc-part2-chn0-spk10373155inf-031551624 is 1.82177 over 171 frames.
nsc-part2-chn0-spk10373155inf-031551750 chin cheng avenue __Marsiling_Road and send __Ho_Lee_Ling avenue 
LOG (nnet3-latgen-faster[5.5.671~1-e5a5a]:DecodeUtteranceLatticeFaster():decoder-wrappers.cc:375) Log-like per frame for utterance nsc-part2-chn0-spk10373155inf-031551750 is 1.82672 over 209 frames.
nsc-part2-chn0-spk10373155inf-031551761 city back biggest barely lim and __Bukit_Batok_West avenue 
LOG (nnet3-latgen-faster[5.5.671~1-e5a5a]:DecodeUtteranceLatticeFaster():decoder-wrappers.cc:375) Log-like per frame for utterance nsc-part2-chn0-spk10373155inf-031551761 is 1.82231 over 158 frames.
LOG (nnet3-latgen-faster[5.5.671~1-e5a5a]:main():nnet3-latgen-faster.cc:256) Time taken 114.779s: real-time factor assuming 100 frames/sec is 0.339964
LOG (nnet3-latgen-faster[5.5.671~1-e5a5a]:main():nnet3-latgen-faster.cc:259) Done 62 utterances, failed for 0
LOG (nnet3-latgen-faster[5.5.671~1-e5a5a]:main():nnet3-latgen-faster.cc:261) Overall log-likelihood per frame is 1.84538 over 11254 frames.
LOG (nnet3-latgen-faster[5.5.671~1-e5a5a]:~CachingOptimizingCompiler():nnet-optimize.cc:710) 0.518 seconds taken in nnet3 compilation total (breakdown: 0.362 compilation, 0.113 optimization, 0 shortcut expansion, 0.0132 checking, 9.27e-05 computing indexes, 0.0306 misc.) + 0 I/O.
LOG (lattice-scale[5.5.671~1-e5a5a]:main():lattice-scale.cc:107) Done 62 lattices.
# Accounting: time=116 threads=1
# Ended (code 0) at Fri Aug 27 13:58:01 +08 2021, elapsed time 116 seconds
