# nnet3-latgen-faster --online-ivectors=scp:/home3/yachao001/home/asr/w2021/offline-hotwords-asr-test-v2-bak-bak-ASR-4/data/ivector-data-imda-part2/ivector_online.scp --online-ivector-period=10 --frame-subsampling-factor=3 --frames-per-chunk=50 --extra-left-context=0 --extra-right-context=0 --extra-left-context-initial=-1 --extra-right-context-final=-1 --minimize=false --max-active=7000 --min-active=200 --beam=15.0 --lattice-beam=8.0 --acoustic-scale=1.0 --allow-partial=true --word-symbol-table=exp/ExpX/Output/hotword-decoder/graph_hotword/words.txt /home3/yachao001/home/asr/w2021/offline-hotwords-asr-test-v2-bak-bak-ASR-4/exp/msf-scdf-cs-june2021-prune/tdnnf-biased/final.mdl exp/ExpX/Output/hotword-decoder/graph_hotword/HCLG.fst "ark,s,cs:apply-cmvn --norm-means=false --norm-vars=false --utt2spk=ark:/home3/yachao001/home/asr/w2021/hotword/data/imda-part2/mfcc-hires/split20/3/utt2spk scp:/home3/yachao001/home/asr/w2021/hotword/data/imda-part2/mfcc-hires/split20/3/cmvn.scp scp:/home3/yachao001/home/asr/w2021/hotword/data/imda-part2/mfcc-hires/split20/3/feats.scp ark:- |" "ark:|lattice-scale --acoustic-scale=10.0 ark:- ark:- | gzip -c >/home3/yachao001/home/asr/w2021/offline-hotwords-asr-test-v2-bak-bak-ASR-4/exp/msf-scdf-cs-june2021-prune/tdnnf-biased/decode-data-hotword/lat.3.gz" 
# Started at Fri Aug 27 13:56:05 +08 2021
#
nnet3-latgen-faster --online-ivectors=scp:/home3/yachao001/home/asr/w2021/offline-hotwords-asr-test-v2-bak-bak-ASR-4/data/ivector-data-imda-part2/ivector_online.scp --online-ivector-period=10 --frame-subsampling-factor=3 --frames-per-chunk=50 --extra-left-context=0 --extra-right-context=0 --extra-left-context-initial=-1 --extra-right-context-final=-1 --minimize=false --max-active=7000 --min-active=200 --beam=15.0 --lattice-beam=8.0 --acoustic-scale=1.0 --allow-partial=true --word-symbol-table=exp/ExpX/Output/hotword-decoder/graph_hotword/words.txt /home3/yachao001/home/asr/w2021/offline-hotwords-asr-test-v2-bak-bak-ASR-4/exp/msf-scdf-cs-june2021-prune/tdnnf-biased/final.mdl exp/ExpX/Output/hotword-decoder/graph_hotword/HCLG.fst 'ark,s,cs:apply-cmvn --norm-means=false --norm-vars=false --utt2spk=ark:/home3/yachao001/home/asr/w2021/hotword/data/imda-part2/mfcc-hires/split20/3/utt2spk scp:/home3/yachao001/home/asr/w2021/hotword/data/imda-part2/mfcc-hires/split20/3/cmvn.scp scp:/home3/yachao001/home/asr/w2021/hotword/data/imda-part2/mfcc-hires/split20/3/feats.scp ark:- |' 'ark:|lattice-scale --acoustic-scale=10.0 ark:- ark:- | gzip -c >/home3/yachao001/home/asr/w2021/offline-hotwords-asr-test-v2-bak-bak-ASR-4/exp/msf-scdf-cs-june2021-prune/tdnnf-biased/decode-data-hotword/lat.3.gz' 
LOG (nnet3-latgen-faster[5.5.671~1-e5a5a]:RemoveOrphanNodes():nnet-nnet.cc:948) Removed 1 orphan nodes.
LOG (nnet3-latgen-faster[5.5.671~1-e5a5a]:RemoveOrphanComponents():nnet-nnet.cc:847) Removing 2 orphan components.
LOG (nnet3-latgen-faster[5.5.671~1-e5a5a]:Collapse():nnet-utils.cc:1472) Added 1 components, removed 2
apply-cmvn --norm-means=false --norm-vars=false --utt2spk=ark:/home3/yachao001/home/asr/w2021/hotword/data/imda-part2/mfcc-hires/split20/3/utt2spk scp:/home3/yachao001/home/asr/w2021/hotword/data/imda-part2/mfcc-hires/split20/3/cmvn.scp scp:/home3/yachao001/home/asr/w2021/hotword/data/imda-part2/mfcc-hires/split20/3/feats.scp ark:- 
lattice-scale --acoustic-scale=10.0 ark:- ark:- 
LOG (nnet3-latgen-faster[5.5.671~1-e5a5a]:CheckAndFixConfigs():nnet-am-decodable-simple.cc:294) Increasing --frames-per-chunk from 50 to 51 to make it a multiple of --frame-subsampling-factor=3
nsc-part2-chn0-spk03092658maf-026580080 __Yew_Tee_Point __Kampong_Kembangan neighborhood police boss an egg feel __Secondary_School 
LOG (nnet3-latgen-faster[5.5.671~1-e5a5a]:DecodeUtteranceLatticeFaster():decoder-wrappers.cc:375) Log-like per frame for utterance nsc-part2-chn0-spk03092658maf-026580080 is 1.8892 over 271 frames.
nsc-part2-chn0-spk03092658maf-026580111 __Boon_Lay neighborhood police post __Lewis_Road and __Upper_Bukit_Timah 
LOG (nnet3-latgen-faster[5.5.671~1-e5a5a]:DecodeUtteranceLatticeFaster():decoder-wrappers.cc:375) Log-like per frame for utterance nsc-part2-chn0-spk03092658maf-026580111 is 1.9981 over 187 frames.
nsc-part2-chn0-spk03092658maf-026580197 what is actually pursue to __Kampong_Kayu_Road 
LOG (nnet3-latgen-faster[5.5.671~1-e5a5a]:DecodeUtteranceLatticeFaster():decoder-wrappers.cc:375) Log-like per frame for utterance nsc-part2-chn0-spk03092658maf-026580197 is 1.76597 over 134 frames.
nsc-part2-chn0-spk03092658maf-026580273 about thirty media swap to __Bukit_Timah seven mile 
LOG (nnet3-latgen-faster[5.5.671~1-e5a5a]:DecodeUtteranceLatticeFaster():decoder-wrappers.cc:375) Log-like per frame for utterance nsc-part2-chn0-spk03092658maf-026580273 is 1.65325 over 148 frames.
nsc-part2-chn0-spk03092658maf-026580299 millionaire tower major somewhat tanjong __Al_Islamiah and __Taman_Jurong 
LOG (nnet3-latgen-faster[5.5.671~1-e5a5a]:DecodeUtteranceLatticeFaster():decoder-wrappers.cc:375) Log-like per frame for utterance nsc-part2-chn0-spk03092658maf-026580299 is 1.73576 over 218 frames.
nsc-part2-chn0-spk03092658maf-026580311 how far away is __Upper_Seletar_Reservoir from here 
LOG (nnet3-latgen-faster[5.5.671~1-e5a5a]:DecodeUtteranceLatticeFaster():decoder-wrappers.cc:375) Log-like per frame for utterance nsc-part2-chn0-spk03092658maf-026580311 is 2.04027 over 127 frames.
nsc-part2-chn0-spk03092658maf-026580313 __Gopeng_Street __Bishan_Street eleven and north spring primary school 
LOG (nnet3-latgen-faster[5.5.671~1-e5a5a]:DecodeUtteranceLatticeFaster():decoder-wrappers.cc:375) Log-like per frame for utterance nsc-part2-chn0-spk03092658maf-026580313 is 2.04993 over 217 frames.
nsc-part2-chn0-spk03092658maf-026580327 __Hussein_Aljunied __John_Fearns_Nicolls and __Eu_Yee_Ming_Richard 
LOG (nnet3-latgen-faster[5.5.671~1-e5a5a]:DecodeUtteranceLatticeFaster():decoder-wrappers.cc:375) Log-like per frame for utterance nsc-part2-chn0-spk03092658maf-026580327 is 1.68414 over 229 frames.
nsc-part2-chn0-spk03092658maf-026581497 __Sembawang_Wharves gate __Keck_Seng road and __Jalan_Nuri 
LOG (nnet3-latgen-faster[5.5.671~1-e5a5a]:DecodeUtteranceLatticeFaster():decoder-wrappers.cc:375) Log-like per frame for utterance nsc-part2-chn0-spk03092658maf-026581497 is 1.80321 over 165 frames.
nsc-part2-chn0-spk03092658maf-026581519 salad the faster say too salad close 
LOG (nnet3-latgen-faster[5.5.671~1-e5a5a]:DecodeUtteranceLatticeFaster():decoder-wrappers.cc:375) Log-like per frame for utterance nsc-part2-chn0-spk03092658maf-026581519 is 1.73727 over 108 frames.
nsc-part2-chn0-spk03092658maf-026581607 wise __Bukit_Timah_Plaza 
LOG (nnet3-latgen-faster[5.5.671~1-e5a5a]:DecodeUtteranceLatticeFaster():decoder-wrappers.cc:375) Log-like per frame for utterance nsc-part2-chn0-spk03092658maf-026581607 is 1.98077 over 80 frames.
nsc-part2-chn0-spk03092658maf-026581697 can ninety bus to __Bukit_Batok industrial par 
LOG (nnet3-latgen-faster[5.5.671~1-e5a5a]:DecodeUtteranceLatticeFaster():decoder-wrappers.cc:375) Log-like per frame for utterance nsc-part2-chn0-spk03092658maf-026581697 is 1.74124 over 121 frames.
nsc-part2-chn0-spk03092658maf-026581716 __Zion_Bishan_Bible_Presbyterian church rural nine __Geylang_Road and leg of green 
LOG (nnet3-latgen-faster[5.5.671~1-e5a5a]:DecodeUtteranceLatticeFaster():decoder-wrappers.cc:375) Log-like per frame for utterance nsc-part2-chn0-spk03092658maf-026581716 is 1.71735 over 242 frames.
nsc-part2-chn0-spk03092658maf-026581893 __Jurong_West avenue __Bedok_North and warehouse hotel 
LOG (nnet3-latgen-faster[5.5.671~1-e5a5a]:DecodeUtteranceLatticeFaster():decoder-wrappers.cc:375) Log-like per frame for utterance nsc-part2-chn0-spk03092658maf-026581893 is 1.97059 over 130 frames.
nsc-part2-chn0-spk03192668maf-026680024 __Singapore_Sikh_Education_Foundation ultimate avenue five enroll shell at newton 
LOG (nnet3-latgen-faster[5.5.671~1-e5a5a]:DecodeUtteranceLatticeFaster():decoder-wrappers.cc:375) Log-like per frame for utterance nsc-part2-chn0-spk03192668maf-026680024 is 2.14171 over 180 frames.
nsc-part2-chn0-spk03192668maf-026680099 the __Fullerton_Bay hotel spring __Singapore_Bible __Sim_Lim_Square 
LOG (nnet3-latgen-faster[5.5.671~1-e5a5a]:DecodeUtteranceLatticeFaster():decoder-wrappers.cc:375) Log-like per frame for utterance nsc-part2-chn0-spk03192668maf-026680099 is 2.1628 over 142 frames.
nsc-part2-chn0-spk03192668maf-026680123 __Geylang_Road __Christalite_Methodist home and __Fuk_Tak_Chi museum 
LOG (nnet3-latgen-faster[5.5.671~1-e5a5a]:DecodeUtteranceLatticeFaster():decoder-wrappers.cc:375) Log-like per frame for utterance nsc-part2-chn0-spk03192668maf-026680123 is 2.1109 over 161 frames.
nsc-part2-chn0-spk03192668maf-026680212 __Manila_Street __Fernvale_Lane and __North_Spring primary school 
LOG (nnet3-latgen-faster[5.5.671~1-e5a5a]:DecodeUtteranceLatticeFaster():decoder-wrappers.cc:375) Log-like per frame for utterance nsc-part2-chn0-spk03192668maf-026680212 is 2.06082 over 144 frames.
nsc-part2-chn0-spk03192668maf-026680269 __Seletar_Court __Circular_Road an library at esplanade 
LOG (nnet3-latgen-faster[5.5.671~1-e5a5a]:DecodeUtteranceLatticeFaster():decoder-wrappers.cc:375) Log-like per frame for utterance nsc-part2-chn0-spk03192668maf-026680269 is 1.91718 over 136 frames.
nsc-part2-chn0-spk03192668maf-026680299 __Pandan_Avenue __Seletar_South_Road and earning place 
LOG (nnet3-latgen-faster[5.5.671~1-e5a5a]:DecodeUtteranceLatticeFaster():decoder-wrappers.cc:375) Log-like per frame for utterance nsc-part2-chn0-spk03192668maf-026680299 is 2.0028 over 119 frames.
nsc-part2-chn0-spk03192668maf-026680384 five five plug central more launch origin towards single pour hotel 
LOG (nnet3-latgen-faster[5.5.671~1-e5a5a]:DecodeUtteranceLatticeFaster():decoder-wrappers.cc:375) Log-like per frame for utterance nsc-part2-chn0-spk03192668maf-026680384 is 1.59906 over 162 frames.
nsc-part2-chn0-spk03192668maf-026680411 __Jalan_Minyak monthly industrial estate and __Jalan_Bungar 
LOG (nnet3-latgen-faster[5.5.671~1-e5a5a]:DecodeUtteranceLatticeFaster():decoder-wrappers.cc:375) Log-like per frame for utterance nsc-part2-chn0-spk03192668maf-026680411 is 2.02147 over 132 frames.
nsc-part2-chn0-spk03192668maf-026680415 eighty __Robinson_Road __Leo_Drive and __Marsiling_Crescent 
LOG (nnet3-latgen-faster[5.5.671~1-e5a5a]:DecodeUtteranceLatticeFaster():decoder-wrappers.cc:375) Log-like per frame for utterance nsc-part2-chn0-spk03192668maf-026680415 is 2.11568 over 124 frames.
nsc-part2-chn0-spk03192668maf-026681505 cancel recommend me restaurant near __Kampong_Kembangan 
LOG (nnet3-latgen-faster[5.5.671~1-e5a5a]:DecodeUtteranceLatticeFaster():decoder-wrappers.cc:375) Log-like per frame for utterance nsc-part2-chn0-spk03192668maf-026681505 is 2.14229 over 115 frames.
nsc-part2-chn0-spk03192668maf-026681571 literally avenue __Happy_Hotel spring and __Tanjong_Katong gold school 
LOG (nnet3-latgen-faster[5.5.671~1-e5a5a]:DecodeUtteranceLatticeFaster():decoder-wrappers.cc:375) Log-like per frame for utterance nsc-part2-chn0-spk03192668maf-026681571 is 2.02381 over 129 frames.
nsc-part2-chn0-spk03192668maf-026681582 __Daffodil_Drive __Sembawang_Avenue and __Kaki_Bukit tech pop second 
LOG (nnet3-latgen-faster[5.5.671~1-e5a5a]:DecodeUtteranceLatticeFaster():decoder-wrappers.cc:375) Log-like per frame for utterance nsc-part2-chn0-spk03192668maf-026681582 is 1.89227 over 145 frames.
nsc-part2-chn0-spk03192668maf-026681668 meeting level __Sungei_Bedok first 
LOG (nnet3-latgen-faster[5.5.671~1-e5a5a]:DecodeUtteranceLatticeFaster():decoder-wrappers.cc:375) Log-like per frame for utterance nsc-part2-chn0-spk03192668maf-026681668 is 1.75562 over 103 frames.
nsc-part2-chn0-spk03192668maf-026681746 dropping me all __Kampong_Bugis 
LOG (nnet3-latgen-faster[5.5.671~1-e5a5a]:DecodeUtteranceLatticeFaster():decoder-wrappers.cc:375) Log-like per frame for utterance nsc-part2-chn0-spk03192668maf-026681746 is 1.9286 over 107 frames.
nsc-part2-chn0-spk03192668maf-026681882 art more resident __Bethlehem_Bible_Presbyterian church __Geylang_Methodist_School 
LOG (nnet3-latgen-faster[5.5.671~1-e5a5a]:DecodeUtteranceLatticeFaster():decoder-wrappers.cc:375) Log-like per frame for utterance nsc-part2-chn0-spk03192668maf-026681882 is 2.05566 over 160 frames.
nsc-part2-chn0-spk03272676cnm-026760063 find the faster way to __Seletar_Hills_Drive 
LOG (nnet3-latgen-faster[5.5.671~1-e5a5a]:DecodeUtteranceLatticeFaster():decoder-wrappers.cc:375) Log-like per frame for utterance nsc-part2-chn0-spk03272676cnm-026760063 is 1.90053 over 124 frames.
nsc-part2-chn0-spk03272676cnm-026760100 how far away is __Bukit_Batok_Crescent from here 
LOG (nnet3-latgen-faster[5.5.671~1-e5a5a]:DecodeUtteranceLatticeFaster():decoder-wrappers.cc:375) Log-like per frame for utterance nsc-part2-chn0-spk03272676cnm-026760100 is 2.10069 over 142 frames.
nsc-part2-chn0-spk03272676cnm-026760111 __Sembawang_Vista warm pour is and tong building 
LOG (nnet3-latgen-faster[5.5.671~1-e5a5a]:DecodeUtteranceLatticeFaster():decoder-wrappers.cc:375) Log-like per frame for utterance nsc-part2-chn0-spk03272676cnm-026760111 is 1.77385 over 167 frames.
nsc-part2-chn0-spk03272676cnm-026760136 jealous sudden laughing parent and __Singapore_Bible guess home 
LOG (nnet3-latgen-faster[5.5.671~1-e5a5a]:DecodeUtteranceLatticeFaster():decoder-wrappers.cc:375) Log-like per frame for utterance nsc-part2-chn0-spk03272676cnm-026760136 is 1.57924 over 235 frames.
nsc-part2-chn0-spk03272676cnm-026760204 canada take the m r t to __Geylang_East_Central 
LOG (nnet3-latgen-faster[5.5.671~1-e5a5a]:DecodeUtteranceLatticeFaster():decoder-wrappers.cc:375) Log-like per frame for utterance nsc-part2-chn0-spk03272676cnm-026760204 is 1.86874 over 116 frames.
nsc-part2-chn0-spk03272676cnm-026760439 __Bedok_Point __Nan_Chiau high school and __Goldhill_Place 
LOG (nnet3-latgen-faster[5.5.671~1-e5a5a]:DecodeUtteranceLatticeFaster():decoder-wrappers.cc:375) Log-like per frame for utterance nsc-part2-chn0-spk03272676cnm-026760439 is 1.86624 over 168 frames.
nsc-part2-chn0-spk03272676cnm-026761516 respect crispy spring chicken memorable entire toast 
LOG (nnet3-latgen-faster[5.5.671~1-e5a5a]:DecodeUtteranceLatticeFaster():decoder-wrappers.cc:375) Log-like per frame for utterance nsc-part2-chn0-spk03272676cnm-026761516 is 1.69203 over 195 frames.
nsc-part2-chn0-spk03272676cnm-026761535 kampong same pause church and __Lilliputt_Indoor_Mini_Golf 
LOG (nnet3-latgen-faster[5.5.671~1-e5a5a]:DecodeUtteranceLatticeFaster():decoder-wrappers.cc:375) Log-like per frame for utterance nsc-part2-chn0-spk03272676cnm-026761535 is 1.80398 over 208 frames.
nsc-part2-chn0-spk03272676cnm-026761548 how far away is __Bukit_Batok nature part from here 
LOG (nnet3-latgen-faster[5.5.671~1-e5a5a]:DecodeUtteranceLatticeFaster():decoder-wrappers.cc:375) Log-like per frame for utterance nsc-part2-chn0-spk03272676cnm-026761548 is 2.04617 over 130 frames.
nsc-part2-chn0-spk03272676cnm-026761559 __Northshore_Link lion home for the eldest and __Seletar_Green_Avenue 
LOG (nnet3-latgen-faster[5.5.671~1-e5a5a]:DecodeUtteranceLatticeFaster():decoder-wrappers.cc:375) Log-like per frame for utterance nsc-part2-chn0-spk03272676cnm-026761559 is 1.9836 over 190 frames.
nsc-part2-chn0-spk03272676cnm-026761650 housewife get to __Taman_Jurong 
LOG (nnet3-latgen-faster[5.5.671~1-e5a5a]:DecodeUtteranceLatticeFaster():decoder-wrappers.cc:375) Log-like per frame for utterance nsc-part2-chn0-spk03272676cnm-026761650 is 1.75984 over 98 frames.
nsc-part2-chn0-spk03272676cnm-026761716 __Little_Road guy parent sad concern __North_Spring second primary school 
LOG (nnet3-latgen-faster[5.5.671~1-e5a5a]:DecodeUtteranceLatticeFaster():decoder-wrappers.cc:375) Log-like per frame for utterance nsc-part2-chn0-spk03272676cnm-026761716 is 1.88317 over 168 frames.
nsc-part2-chn0-spk03272676cnm-026761742 __Bodmin_Drive __Jalan_Dua national summer among employed health funeral partner 
LOG (nnet3-latgen-faster[5.5.671~1-e5a5a]:DecodeUtteranceLatticeFaster():decoder-wrappers.cc:375) Log-like per frame for utterance nsc-part2-chn0-spk03272676cnm-026761742 is 1.69248 over 210 frames.
nsc-part2-chn0-spk03272676cnm-026761773 summer one avenue please hotel __Singapore_Bible tuition funeral partner 
LOG (nnet3-latgen-faster[5.5.671~1-e5a5a]:DecodeUtteranceLatticeFaster():decoder-wrappers.cc:375) Log-like per frame for utterance nsc-part2-chn0-spk03272676cnm-026761773 is 1.7373 over 159 frames.
nsc-part2-chn0-spk03422691cnm-026910024 __Bukit_Timah __Shopping_Centre __Yangtze_Building an __Orchard_Turn 
LOG (nnet3-latgen-faster[5.5.671~1-e5a5a]:DecodeUtteranceLatticeFaster():decoder-wrappers.cc:375) Log-like per frame for utterance nsc-part2-chn0-spk03422691cnm-026910024 is 2.25103 over 160 frames.
nsc-part2-chn0-spk03422691cnm-026910121 am waiting for nearly to come back from __Aljunied_Avenue art station 
LOG (nnet3-latgen-faster[5.5.671~1-e5a5a]:DecodeUtteranceLatticeFaster():decoder-wrappers.cc:375) Log-like per frame for utterance nsc-part2-chn0-spk03422691cnm-026910121 is 1.90988 over 146 frames.
nsc-part2-chn0-spk03422691cnm-026910123 __Geylang_Square __Jalan_Bangsawan __Hang_Chang_Chieh 
LOG (nnet3-latgen-faster[5.5.671~1-e5a5a]:DecodeUtteranceLatticeFaster():decoder-wrappers.cc:375) Log-like per frame for utterance nsc-part2-chn0-spk03422691cnm-026910123 is 1.95674 over 155 frames.
nsc-part2-chn0-spk03422691cnm-026910173 __Seletar_Club __Folkestone_Road an egg bar avenue 
LOG (nnet3-latgen-faster[5.5.671~1-e5a5a]:DecodeUtteranceLatticeFaster():decoder-wrappers.cc:375) Log-like per frame for utterance nsc-part2-chn0-spk03422691cnm-026910173 is 1.94992 over 147 frames.
nsc-part2-chn0-spk03422691cnm-026910191 please look for hello when u reach __Bukit_Timah settle club 
LOG (nnet3-latgen-faster[5.5.671~1-e5a5a]:DecodeUtteranceLatticeFaster():decoder-wrappers.cc:375) Log-like per frame for utterance nsc-part2-chn0-spk03422691cnm-026910191 is 1.93865 over 133 frames.
nsc-part2-chn0-spk03422691cnm-026910294 is h r m college __Seletar_West settled station road anger car condition 
LOG (nnet3-latgen-faster[5.5.671~1-e5a5a]:DecodeUtteranceLatticeFaster():decoder-wrappers.cc:375) Log-like per frame for utterance nsc-part2-chn0-spk03422691cnm-026910294 is 1.70969 over 279 frames.
nsc-part2-chn0-spk03422691cnm-026911468 quay monkey register crispy spring chicken nasi food comedy 
LOG (nnet3-latgen-faster[5.5.671~1-e5a5a]:DecodeUtteranceLatticeFaster():decoder-wrappers.cc:375) Log-like per frame for utterance nsc-part2-chn0-spk03422691cnm-026911468 is 1.8044 over 143 frames.
nsc-part2-chn0-spk03422691cnm-026911497 __Admiralty_Greens __Sakya_Tenphel_Ling temple along nine __Geylang_Bahru 
LOG (nnet3-latgen-faster[5.5.671~1-e5a5a]:DecodeUtteranceLatticeFaster():decoder-wrappers.cc:375) Log-like per frame for utterance nsc-part2-chn0-spk03422691cnm-026911497 is 1.76148 over 182 frames.
nsc-part2-chn0-spk03422691cnm-026911563 what is the easiest way to __Bukit_Timah_Plaza 
LOG (nnet3-latgen-faster[5.5.671~1-e5a5a]:DecodeUtteranceLatticeFaster():decoder-wrappers.cc:375) Log-like per frame for utterance nsc-part2-chn0-spk03422691cnm-026911563 is 1.92038 over 93 frames.
nsc-part2-chn0-spk03422691cnm-026911610 milo in __Chinatown_Point anda birthday era 
LOG (nnet3-latgen-faster[5.5.671~1-e5a5a]:DecodeUtteranceLatticeFaster():decoder-wrappers.cc:375) Log-like per frame for utterance nsc-part2-chn0-spk03422691cnm-026911610 is 1.82885 over 139 frames.
nsc-part2-chn0-spk03422691cnm-026911623 adapt food course restaurant news environment hate degree branch office 
LOG (nnet3-latgen-faster[5.5.671~1-e5a5a]:DecodeUtteranceLatticeFaster():decoder-wrappers.cc:375) Log-like per frame for utterance nsc-part2-chn0-spk03422691cnm-026911623 is 2.02149 over 133 frames.
nsc-part2-chn0-spk03422691cnm-026911649 should media way to __Jalan_Kampong_Chantek 
LOG (nnet3-latgen-faster[5.5.671~1-e5a5a]:DecodeUtteranceLatticeFaster():decoder-wrappers.cc:375) Log-like per frame for utterance nsc-part2-chn0-spk03422691cnm-026911649 is 2.19121 over 94 frames.
nsc-part2-chn0-spk03422691cnm-026911651 eighty spotted take bus to __Jalan_Lembah_Bedok 
LOG (nnet3-latgen-faster[5.5.671~1-e5a5a]:DecodeUtteranceLatticeFaster():decoder-wrappers.cc:375) Log-like per frame for utterance nsc-part2-chn0-spk03422691cnm-026911651 is 1.8955 over 126 frames.
nsc-part2-chn0-spk03422691cnm-026911701 select the faster spray to __Kampong_Glam quality durian seek sports car 
LOG (nnet3-latgen-faster[5.5.671~1-e5a5a]:DecodeUtteranceLatticeFaster():decoder-wrappers.cc:375) Log-like per frame for utterance nsc-part2-chn0-spk03422691cnm-026911701 is 1.81549 over 150 frames.
LOG (apply-cmvn[5.5.671~1-e5a5a]:main():apply-cmvn.cc:81) Copied 61 utterances.
nsc-part2-chn0-spk03422691cnm-026911760 __Kampong_Bahru road __Kim_Keat kitchen church and __Jalan_Sungei_Poyan puan 
LOG (nnet3-latgen-faster[5.5.671~1-e5a5a]:DecodeUtteranceLatticeFaster():decoder-wrappers.cc:375) Log-like per frame for utterance nsc-part2-chn0-spk03422691cnm-026911760 is 1.92829 over 200 frames.
nsc-part2-chn0-spk03422691cnm-026911855 know where is __Bedok_Lighthouse 
LOG (nnet3-latgen-faster[5.5.671~1-e5a5a]:DecodeUtteranceLatticeFaster():decoder-wrappers.cc:375) Log-like per frame for utterance nsc-part2-chn0-spk03422691cnm-026911855 is 1.72006 over 93 frames.
nsc-part2-chn0-spk03422691cnm-026911859 __Carnation_Drive __Marsiling_Road penguin which primary school 
LOG (nnet3-latgen-faster[5.5.671~1-e5a5a]:DecodeUtteranceLatticeFaster():decoder-wrappers.cc:375) Log-like per frame for utterance nsc-part2-chn0-spk03422691cnm-026911859 is 2.12326 over 131 frames.
nsc-part2-chn0-spk03422691cnm-026911874 curry chicken drum stick lobster crispy spring chicken in coffee pork risk 
LOG (nnet3-latgen-faster[5.5.671~1-e5a5a]:DecodeUtteranceLatticeFaster():decoder-wrappers.cc:375) Log-like per frame for utterance nsc-part2-chn0-spk03422691cnm-026911874 is 1.99083 over 166 frames.
LOG (nnet3-latgen-faster[5.5.671~1-e5a5a]:main():nnet3-latgen-faster.cc:256) Time taken 98.1464s: real-time factor assuming 100 frames/sec is 0.347445
LOG (nnet3-latgen-faster[5.5.671~1-e5a5a]:main():nnet3-latgen-faster.cc:259) Done 61 utterances, failed for 0
LOG (nnet3-latgen-faster[5.5.671~1-e5a5a]:main():nnet3-latgen-faster.cc:261) Overall log-likelihood per frame is 1.88945 over 9416 frames.
LOG (nnet3-latgen-faster[5.5.671~1-e5a5a]:~CachingOptimizingCompiler():nnet-optimize.cc:710) 0.512 seconds taken in nnet3 compilation total (breakdown: 0.354 compilation, 0.0959 optimization, 0 shortcut expansion, 0.0116 checking, 6.56e-05 computing indexes, 0.0506 misc.) + 0 I/O.
LOG (lattice-scale[5.5.671~1-e5a5a]:main():lattice-scale.cc:107) Done 61 lattices.
# Accounting: time=99 threads=1
# Ended (code 0) at Fri Aug 27 13:57:44 +08 2021, elapsed time 99 seconds
