# nnet3-latgen-faster --online-ivectors=scp:/home3/yachao001/home/asr/w2021/offline-hotwords-asr-test-v2-bak-bak-ASR-4/data/ivector-data-imda-part2/ivector_online.scp --online-ivector-period=10 --frame-subsampling-factor=3 --frames-per-chunk=50 --extra-left-context=0 --extra-right-context=0 --extra-left-context-initial=-1 --extra-right-context-final=-1 --minimize=false --max-active=7000 --min-active=200 --beam=15.0 --lattice-beam=8.0 --acoustic-scale=1.0 --allow-partial=true --word-symbol-table=exp/ExpX/Output/hotword-decoder/graph_hotword/words.txt /home3/yachao001/home/asr/w2021/offline-hotwords-asr-test-v2-bak-bak-ASR-4/exp/msf-scdf-cs-june2021-prune/tdnnf-biased/final.mdl exp/ExpX/Output/hotword-decoder/graph_hotword/HCLG.fst "ark,s,cs:apply-cmvn --norm-means=false --norm-vars=false --utt2spk=ark:/home3/yachao001/home/asr/w2021/hotword/data/imda-part2/mfcc-hires/split20/16/utt2spk scp:/home3/yachao001/home/asr/w2021/hotword/data/imda-part2/mfcc-hires/split20/16/cmvn.scp scp:/home3/yachao001/home/asr/w2021/hotword/data/imda-part2/mfcc-hires/split20/16/feats.scp ark:- |" "ark:|lattice-scale --acoustic-scale=10.0 ark:- ark:- | gzip -c >/home3/yachao001/home/asr/w2021/offline-hotwords-asr-test-v2-bak-bak-ASR-4/exp/msf-scdf-cs-june2021-prune/tdnnf-biased/decode-data-hotword/lat.16.gz" 
# Started at Fri Aug 27 13:56:05 +08 2021
#
nnet3-latgen-faster --online-ivectors=scp:/home3/yachao001/home/asr/w2021/offline-hotwords-asr-test-v2-bak-bak-ASR-4/data/ivector-data-imda-part2/ivector_online.scp --online-ivector-period=10 --frame-subsampling-factor=3 --frames-per-chunk=50 --extra-left-context=0 --extra-right-context=0 --extra-left-context-initial=-1 --extra-right-context-final=-1 --minimize=false --max-active=7000 --min-active=200 --beam=15.0 --lattice-beam=8.0 --acoustic-scale=1.0 --allow-partial=true --word-symbol-table=exp/ExpX/Output/hotword-decoder/graph_hotword/words.txt /home3/yachao001/home/asr/w2021/offline-hotwords-asr-test-v2-bak-bak-ASR-4/exp/msf-scdf-cs-june2021-prune/tdnnf-biased/final.mdl exp/ExpX/Output/hotword-decoder/graph_hotword/HCLG.fst 'ark,s,cs:apply-cmvn --norm-means=false --norm-vars=false --utt2spk=ark:/home3/yachao001/home/asr/w2021/hotword/data/imda-part2/mfcc-hires/split20/16/utt2spk scp:/home3/yachao001/home/asr/w2021/hotword/data/imda-part2/mfcc-hires/split20/16/cmvn.scp scp:/home3/yachao001/home/asr/w2021/hotword/data/imda-part2/mfcc-hires/split20/16/feats.scp ark:- |' 'ark:|lattice-scale --acoustic-scale=10.0 ark:- ark:- | gzip -c >/home3/yachao001/home/asr/w2021/offline-hotwords-asr-test-v2-bak-bak-ASR-4/exp/msf-scdf-cs-june2021-prune/tdnnf-biased/decode-data-hotword/lat.16.gz' 
LOG (nnet3-latgen-faster[5.5.671~1-e5a5a]:RemoveOrphanNodes():nnet-nnet.cc:948) Removed 1 orphan nodes.
LOG (nnet3-latgen-faster[5.5.671~1-e5a5a]:RemoveOrphanComponents():nnet-nnet.cc:847) Removing 2 orphan components.
LOG (nnet3-latgen-faster[5.5.671~1-e5a5a]:Collapse():nnet-utils.cc:1472) Added 1 components, removed 2
apply-cmvn --norm-means=false --norm-vars=false --utt2spk=ark:/home3/yachao001/home/asr/w2021/hotword/data/imda-part2/mfcc-hires/split20/16/utt2spk scp:/home3/yachao001/home/asr/w2021/hotword/data/imda-part2/mfcc-hires/split20/16/cmvn.scp scp:/home3/yachao001/home/asr/w2021/hotword/data/imda-part2/mfcc-hires/split20/16/feats.scp ark:- 
LOG (nnet3-latgen-faster[5.5.671~1-e5a5a]:CheckAndFixConfigs():nnet-am-decodable-simple.cc:294) Increasing --frames-per-chunk from 50 to 51 to make it a multiple of --frame-subsampling-factor=3
lattice-scale --acoustic-scale=10.0 ark:- ark:- 
nsc-part2-chn0-spk10083114inm-031140009 how long reality two walk to __Jalan_Lengkok_Sembawang 
LOG (nnet3-latgen-faster[5.5.671~1-e5a5a]:DecodeUtteranceLatticeFaster():decoder-wrappers.cc:375) Log-like per frame for utterance nsc-part2-chn0-spk10083114inm-031140009 is 1.69891 over 167 frames.
nsc-part2-chn0-spk10083114inm-031140024 __Bedok_View __Secondary_School pig view growth employment house next building 
LOG (nnet3-latgen-faster[5.5.671~1-e5a5a]:DecodeUtteranceLatticeFaster():decoder-wrappers.cc:375) Log-like per frame for utterance nsc-part2-chn0-spk10083114inm-031140024 is 2.09559 over 213 frames.
nsc-part2-chn0-spk10083114inm-031140029 __Florence_Road dropping meet of add __Bukit_Batok hostel 
LOG (nnet3-latgen-faster[5.5.671~1-e5a5a]:DecodeUtteranceLatticeFaster():decoder-wrappers.cc:375) Log-like per frame for utterance nsc-part2-chn0-spk10083114inm-031140029 is 2.07781 over 146 frames.
nsc-part2-chn0-spk10083114inm-031140049 __Lornie_Walk __Taman_Jurong __Shopping_Centre n __Tokio_Marine center 
LOG (nnet3-latgen-faster[5.5.671~1-e5a5a]:DecodeUtteranceLatticeFaster():decoder-wrappers.cc:375) Log-like per frame for utterance nsc-part2-chn0-spk10083114inm-031140049 is 2.17492 over 182 frames.
nsc-part2-chn0-spk10083114inm-031140136 __Tampines_Changkat community center pass like school campus to n __Geylang_Methodist_School 
LOG (nnet3-latgen-faster[5.5.671~1-e5a5a]:DecodeUtteranceLatticeFaster():decoder-wrappers.cc:375) Log-like per frame for utterance nsc-part2-chn0-spk10083114inm-031140136 is 2.22489 over 243 frames.
nsc-part2-chn0-spk10083114inm-031140188 how to i get to __Kampong_Kembangan neighborhood police post 
LOG (nnet3-latgen-faster[5.5.671~1-e5a5a]:DecodeUtteranceLatticeFaster():decoder-wrappers.cc:375) Log-like per frame for utterance nsc-part2-chn0-spk10083114inm-031140188 is 2.28048 over 147 frames.
nsc-part2-chn0-spk10083114inm-031140242 the mother ah library at __Chinatown_Point __Aljunied_Avenue two 
LOG (nnet3-latgen-faster[5.5.671~1-e5a5a]:DecodeUtteranceLatticeFaster():decoder-wrappers.cc:375) Log-like per frame for utterance nsc-part2-chn0-spk10083114inm-031140242 is 1.94084 over 182 frames.
nsc-part2-chn0-spk10083114inm-031140418 __Chong_Pang_Combined temple neighborhood crystal church n __Lorong_Pisang_Asam 
LOG (nnet3-latgen-faster[5.5.671~1-e5a5a]:DecodeUtteranceLatticeFaster():decoder-wrappers.cc:375) Log-like per frame for utterance nsc-part2-chn0-spk10083114inm-031140418 is 2.13649 over 178 frames.
nsc-part2-chn0-spk10083114inm-031141592 __Jalan_Selamat __Sembawang_Terminal_Road avenue three and __Moriah_Bible_Presby church 
LOG (nnet3-latgen-faster[5.5.671~1-e5a5a]:DecodeUtteranceLatticeFaster():decoder-wrappers.cc:375) Log-like per frame for utterance nsc-part2-chn0-spk10083114inm-031141592 is 2.19833 over 211 frames.
nsc-part2-chn0-spk10083114inm-031141685 __George_Nigel __Douglas_Hamilton __John_Morrice and __Lim_Chong_Pang 
LOG (nnet3-latgen-faster[5.5.671~1-e5a5a]:DecodeUtteranceLatticeFaster():decoder-wrappers.cc:375) Log-like per frame for utterance nsc-part2-chn0-spk10083114inm-031141685 is 1.82346 over 193 frames.
nsc-part2-chn0-spk10083114inm-031141706 __College_Of_Medicine building __Sembawang_Hills_Drive an __Peirce_Hill 
LOG (nnet3-latgen-faster[5.5.671~1-e5a5a]:DecodeUtteranceLatticeFaster():decoder-wrappers.cc:375) Log-like per frame for utterance nsc-part2-chn0-spk10083114inm-031141706 is 2.21586 over 169 frames.
nsc-part2-chn0-spk10083114inm-031141785 m c why i and spring 
LOG (nnet3-latgen-faster[5.5.671~1-e5a5a]:DecodeUtteranceLatticeFaster():decoder-wrappers.cc:375) Log-like per frame for utterance nsc-part2-chn0-spk10083114inm-031141785 is 1.63414 over 129 frames.
nsc-part2-chn0-spk10083114inm-031141874 see food bee hoon crayfish bee hoon enrolled crispy spring chicken 
LOG (nnet3-latgen-faster[5.5.671~1-e5a5a]:DecodeUtteranceLatticeFaster():decoder-wrappers.cc:375) Log-like per frame for utterance nsc-part2-chn0-spk10083114inm-031141874 is 2.14792 over 167 frames.
nsc-part2-chn0-spk10083114inm-031141889 male list is dropping me of at __Bukit_Batok_East 
LOG (nnet3-latgen-faster[5.5.671~1-e5a5a]:DecodeUtteranceLatticeFaster():decoder-wrappers.cc:375) Log-like per frame for utterance nsc-part2-chn0-spk10083114inm-031141889 is 2.01591 over 134 frames.
nsc-part2-chn0-spk10113100cnm-031000013 please tell me how to get to library at __Chinatown_Point 
LOG (nnet3-latgen-faster[5.5.671~1-e5a5a]:DecodeUtteranceLatticeFaster():decoder-wrappers.cc:375) Log-like per frame for utterance nsc-part2-chn0-spk10113100cnm-031000013 is 2.12069 over 118 frames.
nsc-part2-chn0-spk10113100cnm-031000118 __Pasir_Ris town third hospital avenue and __Marsiling_Road 
LOG (nnet3-latgen-faster[5.5.671~1-e5a5a]:DecodeUtteranceLatticeFaster():decoder-wrappers.cc:375) Log-like per frame for utterance nsc-part2-chn0-spk10113100cnm-031000118 is 2.2272 over 157 frames.
nsc-part2-chn0-spk10113100cnm-031000147 laughing bid saving wasted crispy spring chicken in summer 
LOG (nnet3-latgen-faster[5.5.671~1-e5a5a]:DecodeUtteranceLatticeFaster():decoder-wrappers.cc:375) Log-like per frame for utterance nsc-part2-chn0-spk10113100cnm-031000147 is 2.14866 over 163 frames.
nsc-part2-chn0-spk10113100cnm-031000173 the __Seletar_North range garden enroll size 
LOG (nnet3-latgen-faster[5.5.671~1-e5a5a]:DecodeUtteranceLatticeFaster():decoder-wrappers.cc:375) Log-like per frame for utterance nsc-part2-chn0-spk10113100cnm-031000173 is 1.91734 over 127 frames.
nsc-part2-chn0-spk10113100cnm-031000175 are there food court or restaurant near __Kampong_Kayu_Road 
LOG (nnet3-latgen-faster[5.5.671~1-e5a5a]:DecodeUtteranceLatticeFaster():decoder-wrappers.cc:375) Log-like per frame for utterance nsc-part2-chn0-spk10113100cnm-031000175 is 2.32433 over 134 frames.
nsc-part2-chn0-spk10113100cnm-031000181 how far away __Jalan_Simpang_Bedok from here 
LOG (nnet3-latgen-faster[5.5.671~1-e5a5a]:DecodeUtteranceLatticeFaster():decoder-wrappers.cc:375) Log-like per frame for utterance nsc-part2-chn0-spk10113100cnm-031000181 is 2.18402 over 122 frames.
nsc-part2-chn0-spk10113100cnm-031000198 __Koh_Seow_Chuan __Gordon_Arthur_Ransome and __Hussein_Aljunied 
LOG (nnet3-latgen-faster[5.5.671~1-e5a5a]:DecodeUtteranceLatticeFaster():decoder-wrappers.cc:375) Log-like per frame for utterance nsc-part2-chn0-spk10113100cnm-031000198 is 1.93509 over 189 frames.
nsc-part2-chn0-spk10113100cnm-031000225 __Jalan_Lengkok_Sembawang 
LOG (nnet3-latgen-faster[5.5.671~1-e5a5a]:DecodeUtteranceLatticeFaster():decoder-wrappers.cc:375) Log-like per frame for utterance nsc-part2-chn0-spk10113100cnm-031000225 is 1.94951 over 90 frames.
nsc-part2-chn0-spk10113100cnm-031000231 am waiting for journal to come back from __Geylang_Lorong eight 
LOG (nnet3-latgen-faster[5.5.671~1-e5a5a]:DecodeUtteranceLatticeFaster():decoder-wrappers.cc:375) Log-like per frame for utterance nsc-part2-chn0-spk10113100cnm-031000231 is 2.31884 over 129 frames.
nsc-part2-chn0-spk10113100cnm-031000232 please look for island when u reach __Bukit_Batok_East 
LOG (nnet3-latgen-faster[5.5.671~1-e5a5a]:DecodeUtteranceLatticeFaster():decoder-wrappers.cc:375) Log-like per frame for utterance nsc-part2-chn0-spk10113100cnm-031000232 is 2.13447 over 120 frames.
nsc-part2-chn0-spk10113100cnm-031001547 send pepper hotel __Chong_Pang combine temple and __Jalan_Setia 
LOG (nnet3-latgen-faster[5.5.671~1-e5a5a]:DecodeUtteranceLatticeFaster():decoder-wrappers.cc:375) Log-like per frame for utterance nsc-part2-chn0-spk10113100cnm-031001547 is 2.06319 over 186 frames.
nsc-part2-chn0-spk10113100cnm-031001552 please look for media when u reach __Bukit_Timah post office 
LOG (nnet3-latgen-faster[5.5.671~1-e5a5a]:DecodeUtteranceLatticeFaster():decoder-wrappers.cc:375) Log-like per frame for utterance nsc-part2-chn0-spk10113100cnm-031001552 is 1.86749 over 205 frames.
nsc-part2-chn0-spk10113100cnm-031001569 i waiting for nephew to come back from __Seletar_Close 
LOG (nnet3-latgen-faster[5.5.671~1-e5a5a]:DecodeUtteranceLatticeFaster():decoder-wrappers.cc:375) Log-like per frame for utterance nsc-part2-chn0-spk10113100cnm-031001569 is 2.11343 over 134 frames.
nsc-part2-chn0-spk10113100cnm-031001768 show me the way to __Spring_Street 
LOG (nnet3-latgen-faster[5.5.671~1-e5a5a]:DecodeUtteranceLatticeFaster():decoder-wrappers.cc:375) Log-like per frame for utterance nsc-part2-chn0-spk10113100cnm-031001768 is 2.02387 over 91 frames.
nsc-part2-chn0-spk10123101cnm-031010029 noble two with dropping me off at __Bukit_Batok_West 
LOG (nnet3-latgen-faster[5.5.671~1-e5a5a]:DecodeUtteranceLatticeFaster():decoder-wrappers.cc:375) Log-like per frame for utterance nsc-part2-chn0-spk10123101cnm-031010029 is 2.07404 over 129 frames.
nsc-part2-chn0-spk10123101cnm-031010111 so letter compare scold wish life and __Teng_San_Tian_Hock temple 
LOG (nnet3-latgen-faster[5.5.671~1-e5a5a]:DecodeUtteranceLatticeFaster():decoder-wrappers.cc:375) Log-like per frame for utterance nsc-part2-chn0-spk10123101cnm-031010111 is 1.91209 over 186 frames.
nsc-part2-chn0-spk10123101cnm-031010123 __River_City in __Orchard_Spring_Lane and __Medical_Drive 
LOG (nnet3-latgen-faster[5.5.671~1-e5a5a]:DecodeUtteranceLatticeFaster():decoder-wrappers.cc:375) Log-like per frame for utterance nsc-part2-chn0-spk10123101cnm-031010123 is 2.37553 over 152 frames.
nsc-part2-chn0-spk10123101cnm-031010134 surrounding plaza __Changi_Village_Road and __Marsiling_Rise 
LOG (nnet3-latgen-faster[5.5.671~1-e5a5a]:DecodeUtteranceLatticeFaster():decoder-wrappers.cc:375) Log-like per frame for utterance nsc-part2-chn0-spk10123101cnm-031010134 is 2.14922 over 147 frames.
nsc-part2-chn0-spk10123101cnm-031010148 cannot take a bus to __Jalan_Lengkok_Sembawang 
LOG (nnet3-latgen-faster[5.5.671~1-e5a5a]:DecodeUtteranceLatticeFaster():decoder-wrappers.cc:375) Log-like per frame for utterance nsc-part2-chn0-spk10123101cnm-031010148 is 2.03545 over 103 frames.
nsc-part2-chn0-spk10123101cnm-031010162 __Jalan_Tanjong pencil hotel and __Geylang_Square 
LOG (nnet3-latgen-faster[5.5.671~1-e5a5a]:DecodeUtteranceLatticeFaster():decoder-wrappers.cc:375) Log-like per frame for utterance nsc-part2-chn0-spk10123101cnm-031010162 is 2.35685 over 131 frames.
nsc-part2-chn0-spk10123101cnm-031010166 what are dilemma near __Upper_Bukit_Timah 
LOG (nnet3-latgen-faster[5.5.671~1-e5a5a]:DecodeUtteranceLatticeFaster():decoder-wrappers.cc:375) Log-like per frame for utterance nsc-part2-chn0-spk10123101cnm-031010166 is 2.20445 over 101 frames.
nsc-part2-chn0-spk10123101cnm-031010176 __Miltonia_Link can hill fire post and __Jalan_Simpang_Bedok 
LOG (nnet3-latgen-faster[5.5.671~1-e5a5a]:DecodeUtteranceLatticeFaster():decoder-wrappers.cc:375) Log-like per frame for utterance nsc-part2-chn0-spk10123101cnm-031010176 is 2.08244 over 153 frames.
nsc-part2-chn0-spk10123101cnm-031010186 how long deposit take to get to __Kampong_Kembangan neighborhood police post by taxi 
LOG (nnet3-latgen-faster[5.5.671~1-e5a5a]:DecodeUtteranceLatticeFaster():decoder-wrappers.cc:375) Log-like per frame for utterance nsc-part2-chn0-spk10123101cnm-031010186 is 2.23242 over 185 frames.
nsc-part2-chn0-spk10123101cnm-031010187 ginger onion chicken grey job and roast third crispy spring chicken 
LOG (nnet3-latgen-faster[5.5.671~1-e5a5a]:DecodeUtteranceLatticeFaster():decoder-wrappers.cc:375) Log-like per frame for utterance nsc-part2-chn0-spk10123101cnm-031010187 is 2.07457 over 180 frames.
nsc-part2-chn0-spk10123101cnm-031010298 swim son is dropping me off at __Aljunied_Avenue five 
LOG (nnet3-latgen-faster[5.5.671~1-e5a5a]:DecodeUtteranceLatticeFaster():decoder-wrappers.cc:375) Log-like per frame for utterance nsc-part2-chn0-spk10123101cnm-031010298 is 2.13821 over 117 frames.
nsc-part2-chn0-spk10123101cnm-031010388 you know as __Kampong_Eunos 
LOG (nnet3-latgen-faster[5.5.671~1-e5a5a]:DecodeUtteranceLatticeFaster():decoder-wrappers.cc:375) Log-like per frame for utterance nsc-part2-chn0-spk10123101cnm-031010388 is 1.95962 over 83 frames.
nsc-part2-chn0-spk10123101cnm-031011582 __Bukit_Merah h degree branch office fourth avenue and __Chong_Pang_Combined temple 
LOG (nnet3-latgen-faster[5.5.671~1-e5a5a]:DecodeUtteranceLatticeFaster():decoder-wrappers.cc:375) Log-like per frame for utterance nsc-part2-chn0-spk10123101cnm-031011582 is 2.50562 over 176 frames.
nsc-part2-chn0-spk10123101cnm-031011616 __Lim_Chong_Pang __Janil_Puthucheary and __Tanya_Chua 
LOG (nnet3-latgen-faster[5.5.671~1-e5a5a]:DecodeUtteranceLatticeFaster():decoder-wrappers.cc:375) Log-like per frame for utterance nsc-part2-chn0-spk10123101cnm-031011616 is 1.98973 over 138 frames.
nsc-part2-chn0-spk10123101cnm-031011834 roughly ala is dropping me off at __Bedok_North 
LOG (nnet3-latgen-faster[5.5.671~1-e5a5a]:DecodeUtteranceLatticeFaster():decoder-wrappers.cc:375) Log-like per frame for utterance nsc-part2-chn0-spk10123101cnm-031011834 is 1.99023 over 110 frames.
nsc-part2-chn0-spk10123101cnm-031011866 modern close __Kampong_Bahru_Road and __Evolution_Garden_Walk 
LOG (nnet3-latgen-faster[5.5.671~1-e5a5a]:DecodeUtteranceLatticeFaster():decoder-wrappers.cc:375) Log-like per frame for utterance nsc-part2-chn0-spk10123101cnm-031011866 is 2.51534 over 154 frames.
nsc-part2-chn0-spk10123101cnm-031011884 spring __Singapore_Bible on rate road and mount pattern neighborhood police post 
LOG (nnet3-latgen-faster[5.5.671~1-e5a5a]:DecodeUtteranceLatticeFaster():decoder-wrappers.cc:375) Log-like per frame for utterance nsc-part2-chn0-spk10123101cnm-031011884 is 2.25228 over 172 frames.
nsc-part2-chn0-spk10143124inm-031240025 __Hussein_Aljunied __Lee_Shih_Shiong_Peter m __Perumal_Govindaswamy are you not familiar reduce name 
LOG (nnet3-latgen-faster[5.5.671~1-e5a5a]:DecodeUtteranceLatticeFaster():decoder-wrappers.cc:375) Log-like per frame for utterance nsc-part2-chn0-spk10143124inm-031240025 is 1.87801 over 238 frames.
nsc-part2-chn0-spk10143124inm-031240029 greenish dropping me off at __Bedok_North 
LOG (nnet3-latgen-faster[5.5.671~1-e5a5a]:DecodeUtteranceLatticeFaster():decoder-wrappers.cc:375) Log-like per frame for utterance nsc-part2-chn0-spk10143124inm-031240029 is 2.00783 over 103 frames.
nsc-part2-chn0-spk10143124inm-031240099 __Bukit_Batok_Crescent currently broke growth bank __Kranji_Crescent 
LOG (nnet3-latgen-faster[5.5.671~1-e5a5a]:DecodeUtteranceLatticeFaster():decoder-wrappers.cc:375) Log-like per frame for utterance nsc-part2-chn0-spk10143124inm-031240099 is 2.25121 over 129 frames.
nsc-part2-chn0-spk10143124inm-031240118 __Chuan_Hoe_Avenue __Kampong_Ubi c and who may avenue 
LOG (nnet3-latgen-faster[5.5.671~1-e5a5a]:DecodeUtteranceLatticeFaster():decoder-wrappers.cc:375) Log-like per frame for utterance nsc-part2-chn0-spk10143124inm-031240118 is 2.08084 over 138 frames.
nsc-part2-chn0-spk10143124inm-031240144 __Geylang_Bahru __Lim_Chu_Kang __Lorong_Paya_Lebar 
LOG (nnet3-latgen-faster[5.5.671~1-e5a5a]:DecodeUtteranceLatticeFaster():decoder-wrappers.cc:375) Log-like per frame for utterance nsc-part2-chn0-spk10143124inm-031240144 is 2.26483 over 109 frames.
nsc-part2-chn0-spk10143124inm-031240242 saya later airport __Burmah_Road and single more swimming club 
LOG (nnet3-latgen-faster[5.5.671~1-e5a5a]:DecodeUtteranceLatticeFaster():decoder-wrappers.cc:375) Log-like per frame for utterance nsc-part2-chn0-spk10143124inm-031240242 is 2.01459 over 132 frames.
nsc-part2-chn0-spk10143124inm-031240249 cannot take bus __Ulu_Sembawang 
LOG (nnet3-latgen-faster[5.5.671~1-e5a5a]:DecodeUtteranceLatticeFaster():decoder-wrappers.cc:375) Log-like per frame for utterance nsc-part2-chn0-spk10143124inm-031240249 is 1.78051 over 79 frames.
nsc-part2-chn0-spk10143124inm-031240418 __Pereira_Road __Chong_Pang_Combined temple and __Kerong_Walk 
LOG (nnet3-latgen-faster[5.5.671~1-e5a5a]:DecodeUtteranceLatticeFaster():decoder-wrappers.cc:375) Log-like per frame for utterance nsc-part2-chn0-spk10143124inm-031240418 is 2.03118 over 133 frames.
nsc-part2-chn0-spk10143124inm-031240433 __Chinese_Garden __Tembusu_Drive and __Kampong_Ampat industrial estate 
LOG (nnet3-latgen-faster[5.5.671~1-e5a5a]:DecodeUtteranceLatticeFaster():decoder-wrappers.cc:375) Log-like per frame for utterance nsc-part2-chn0-spk10143124inm-031240433 is 2.35827 over 152 frames.
LOG (apply-cmvn[5.5.671~1-e5a5a]:main():apply-cmvn.cc:81) Copied 59 utterances.
nsc-part2-chn0-spk10143124inm-031241480 __Bukit_Tinggi_Road __Bukit_Timah post office and __Begonia_Walk 
LOG (nnet3-latgen-faster[5.5.671~1-e5a5a]:DecodeUtteranceLatticeFaster():decoder-wrappers.cc:375) Log-like per frame for utterance nsc-part2-chn0-spk10143124inm-031241480 is 2.17587 over 140 frames.
nsc-part2-chn0-spk10143124inm-031241592 link hotel __Jalan_Mempurong __Ulu_Sembawang ship yet 
LOG (nnet3-latgen-faster[5.5.671~1-e5a5a]:DecodeUtteranceLatticeFaster():decoder-wrappers.cc:375) Log-like per frame for utterance nsc-part2-chn0-spk10143124inm-031241592 is 1.98075 over 120 frames.
nsc-part2-chn0-spk10143124inm-031241790 find fast way to __Kampong_Java 
LOG (nnet3-latgen-faster[5.5.671~1-e5a5a]:DecodeUtteranceLatticeFaster():decoder-wrappers.cc:375) Log-like per frame for utterance nsc-part2-chn0-spk10143124inm-031241790 is 1.90316 over 98 frames.
nsc-part2-chn0-spk10143124inm-031241838 __East_Spring 
LOG (nnet3-latgen-faster[5.5.671~1-e5a5a]:DecodeUtteranceLatticeFaster():decoder-wrappers.cc:375) Log-like per frame for utterance nsc-part2-chn0-spk10143124inm-031241838 is 1.87314 over 60 frames.
nsc-part2-chn0-spk10143124inm-031241858 i waiting for calling to come back on __Chong_Pang neighborhood police post 
LOG (nnet3-latgen-faster[5.5.671~1-e5a5a]:DecodeUtteranceLatticeFaster():decoder-wrappers.cc:375) Log-like per frame for utterance nsc-part2-chn0-spk10143124inm-031241858 is 2.11967 over 149 frames.
LOG (nnet3-latgen-faster[5.5.671~1-e5a5a]:main():nnet3-latgen-faster.cc:256) Time taken 87.2948s: real-time factor assuming 100 frames/sec is 0.337449
LOG (nnet3-latgen-faster[5.5.671~1-e5a5a]:main():nnet3-latgen-faster.cc:259) Done 59 utterances, failed for 0
LOG (nnet3-latgen-faster[5.5.671~1-e5a5a]:main():nnet3-latgen-faster.cc:261) Overall log-likelihood per frame is 2.10012 over 8623 frames.
LOG (nnet3-latgen-faster[5.5.671~1-e5a5a]:~CachingOptimizingCompiler():nnet-optimize.cc:710) 0.412 seconds taken in nnet3 compilation total (breakdown: 0.307 compilation, 0.0558 optimization, 0 shortcut expansion, 0.0252 checking, 8.46e-05 computing indexes, 0.0242 misc.) + 0 I/O.
LOG (lattice-scale[5.5.671~1-e5a5a]:main():lattice-scale.cc:107) Done 59 lattices.
# Accounting: time=89 threads=1
# Ended (code 0) at Fri Aug 27 13:57:34 +08 2021, elapsed time 89 seconds
