# nnet3-latgen-faster --online-ivectors=scp:/home3/yachao001/home/asr/w2021/offline-hotwords-asr-test-v2-bak-bak-ASR-4/data/ivector-data-imda-part2/ivector_online.scp --online-ivector-period=10 --frame-subsampling-factor=3 --frames-per-chunk=50 --extra-left-context=0 --extra-right-context=0 --extra-left-context-initial=-1 --extra-right-context-final=-1 --minimize=false --max-active=7000 --min-active=200 --beam=15.0 --lattice-beam=8.0 --acoustic-scale=1.0 --allow-partial=true --word-symbol-table=exp/ExpX/Output/hotword-decoder/graph_hotword/words.txt /home3/yachao001/home/asr/w2021/offline-hotwords-asr-test-v2-bak-bak-ASR-4/exp/msf-scdf-cs-june2021-prune/tdnnf-biased/final.mdl exp/ExpX/Output/hotword-decoder/graph_hotword/HCLG.fst "ark,s,cs:apply-cmvn --norm-means=false --norm-vars=false --utt2spk=ark:/home3/yachao001/home/asr/w2021/hotword/data/imda-part2/mfcc-hires/split20/9/utt2spk scp:/home3/yachao001/home/asr/w2021/hotword/data/imda-part2/mfcc-hires/split20/9/cmvn.scp scp:/home3/yachao001/home/asr/w2021/hotword/data/imda-part2/mfcc-hires/split20/9/feats.scp ark:- |" "ark:|lattice-scale --acoustic-scale=10.0 ark:- ark:- | gzip -c >/home3/yachao001/home/asr/w2021/offline-hotwords-asr-test-v2-bak-bak-ASR-4/exp/msf-scdf-cs-june2021-prune/tdnnf-biased/decode-data-hotword/lat.9.gz" 
# Started at Fri Aug 27 13:56:05 +08 2021
#
nnet3-latgen-faster --online-ivectors=scp:/home3/yachao001/home/asr/w2021/offline-hotwords-asr-test-v2-bak-bak-ASR-4/data/ivector-data-imda-part2/ivector_online.scp --online-ivector-period=10 --frame-subsampling-factor=3 --frames-per-chunk=50 --extra-left-context=0 --extra-right-context=0 --extra-left-context-initial=-1 --extra-right-context-final=-1 --minimize=false --max-active=7000 --min-active=200 --beam=15.0 --lattice-beam=8.0 --acoustic-scale=1.0 --allow-partial=true --word-symbol-table=exp/ExpX/Output/hotword-decoder/graph_hotword/words.txt /home3/yachao001/home/asr/w2021/offline-hotwords-asr-test-v2-bak-bak-ASR-4/exp/msf-scdf-cs-june2021-prune/tdnnf-biased/final.mdl exp/ExpX/Output/hotword-decoder/graph_hotword/HCLG.fst 'ark,s,cs:apply-cmvn --norm-means=false --norm-vars=false --utt2spk=ark:/home3/yachao001/home/asr/w2021/hotword/data/imda-part2/mfcc-hires/split20/9/utt2spk scp:/home3/yachao001/home/asr/w2021/hotword/data/imda-part2/mfcc-hires/split20/9/cmvn.scp scp:/home3/yachao001/home/asr/w2021/hotword/data/imda-part2/mfcc-hires/split20/9/feats.scp ark:- |' 'ark:|lattice-scale --acoustic-scale=10.0 ark:- ark:- | gzip -c >/home3/yachao001/home/asr/w2021/offline-hotwords-asr-test-v2-bak-bak-ASR-4/exp/msf-scdf-cs-june2021-prune/tdnnf-biased/decode-data-hotword/lat.9.gz' 
LOG (nnet3-latgen-faster[5.5.671~1-e5a5a]:RemoveOrphanNodes():nnet-nnet.cc:948) Removed 1 orphan nodes.
LOG (nnet3-latgen-faster[5.5.671~1-e5a5a]:RemoveOrphanComponents():nnet-nnet.cc:847) Removing 2 orphan components.
LOG (nnet3-latgen-faster[5.5.671~1-e5a5a]:Collapse():nnet-utils.cc:1472) Added 1 components, removed 2
apply-cmvn --norm-means=false --norm-vars=false --utt2spk=ark:/home3/yachao001/home/asr/w2021/hotword/data/imda-part2/mfcc-hires/split20/9/utt2spk scp:/home3/yachao001/home/asr/w2021/hotword/data/imda-part2/mfcc-hires/split20/9/cmvn.scp scp:/home3/yachao001/home/asr/w2021/hotword/data/imda-part2/mfcc-hires/split20/9/feats.scp ark:- 
lattice-scale --acoustic-scale=10.0 ark:- ark:- 
LOG (nnet3-latgen-faster[5.5.671~1-e5a5a]:CheckAndFixConfigs():nnet-am-decodable-simple.cc:294) Increasing --frames-per-chunk from 50 to 51 to make it a multiple of --frame-subsampling-factor=3
nsc-part2-chn0-spk08993009inf-030090049 __Taman_Jurong park __Asia_Square south tower and __Choa_Chu_Kang 
LOG (nnet3-latgen-faster[5.5.671~1-e5a5a]:DecodeUtteranceLatticeFaster():decoder-wrappers.cc:375) Log-like per frame for utterance nsc-part2-chn0-spk08993009inf-030090049 is 1.84528 over 226 frames.
nsc-part2-chn0-spk08993009inf-030090099 farm way kampong ubi neighborhood police post an __Upper_Peirce_Reservoir 
LOG (nnet3-latgen-faster[5.5.671~1-e5a5a]:DecodeUtteranceLatticeFaster():decoder-wrappers.cc:375) Log-like per frame for utterance nsc-part2-chn0-spk08993009inf-030090099 is 1.85372 over 259 frames.
nsc-part2-chn0-spk08993009inf-030090136 __Sembawang_Vista __Joo_Koon_Crescent and __Terang_Bulan_Avenue 
LOG (nnet3-latgen-faster[5.5.671~1-e5a5a]:DecodeUtteranceLatticeFaster():decoder-wrappers.cc:375) Log-like per frame for utterance nsc-part2-chn0-spk08993009inf-030090136 is 1.88306 over 233 frames.
nsc-part2-chn0-spk08993009inf-030090166 what r the land mark near __Simpang_Bedok 
LOG (nnet3-latgen-faster[5.5.671~1-e5a5a]:DecodeUtteranceLatticeFaster():decoder-wrappers.cc:375) Log-like per frame for utterance nsc-part2-chn0-spk08993009inf-030090166 is 1.84827 over 152 frames.
nsc-part2-chn0-spk08993009inf-030090202 how do i get to __Seletar_Hill error space 
LOG (nnet3-latgen-faster[5.5.671~1-e5a5a]:DecodeUtteranceLatticeFaster():decoder-wrappers.cc:375) Log-like per frame for utterance nsc-part2-chn0-spk08993009inf-030090202 is 1.84072 over 136 frames.
nsc-part2-chn0-spk08993009inf-030090294 deduct road __Geylang_United temple and __Brani_Way 
LOG (nnet3-latgen-faster[5.5.671~1-e5a5a]:DecodeUtteranceLatticeFaster():decoder-wrappers.cc:375) Log-like per frame for utterance nsc-part2-chn0-spk08993009inf-030090294 is 2.05803 over 186 frames.
nsc-part2-chn0-spk08993009inf-030090302 __Asia_Square culture service search center __Admiralty_Road and must link rice 
LOG (nnet3-latgen-faster[5.5.671~1-e5a5a]:DecodeUtteranceLatticeFaster():decoder-wrappers.cc:375) Log-like per frame for utterance nsc-part2-chn0-spk08993009inf-030090302 is 1.86168 over 278 frames.
nsc-part2-chn0-spk08993009inf-030090352 show me the way to __Bukit_Batok polyclinic 
LOG (nnet3-latgen-faster[5.5.671~1-e5a5a]:DecodeUtteranceLatticeFaster():decoder-wrappers.cc:375) Log-like per frame for utterance nsc-part2-chn0-spk08993009inf-030090352 is 2.13125 over 144 frames.
nsc-part2-chn0-spk08993009inf-030090411 __Canning_Rise lim r o rude and mud rasa __Aljunied_Road __Al_Islamic school 
LOG (nnet3-latgen-faster[5.5.671~1-e5a5a]:DecodeUtteranceLatticeFaster():decoder-wrappers.cc:375) Log-like per frame for utterance nsc-part2-chn0-spk08993009inf-030090411 is 1.78503 over 268 frames.
nsc-part2-chn0-spk08993009inf-030090434 __Monk'S_Hill_Road __Ang_Mo_Kio hub and __Jalan_Kampong_Siglap 
LOG (nnet3-latgen-faster[5.5.671~1-e5a5a]:DecodeUtteranceLatticeFaster():decoder-wrappers.cc:375) Log-like per frame for utterance nsc-part2-chn0-spk08993009inf-030090434 is 2.00321 over 185 frames.
nsc-part2-chn0-spk08993009inf-030090439 __Tekong_Highway __Bukit_Timah avenue and __Sengkang_East_Way rude 
LOG (nnet3-latgen-faster[5.5.671~1-e5a5a]:DecodeUtteranceLatticeFaster():decoder-wrappers.cc:375) Log-like per frame for utterance nsc-part2-chn0-spk08993009inf-030090439 is 2.0414 over 195 frames.
nsc-part2-chn0-spk08993009inf-030090442 can you recommend me restaurant near library at __Chinatown_Point 
LOG (nnet3-latgen-faster[5.5.671~1-e5a5a]:DecodeUtteranceLatticeFaster():decoder-wrappers.cc:375) Log-like per frame for utterance nsc-part2-chn0-spk08993009inf-030090442 is 2.2469 over 177 frames.
nsc-part2-chn0-spk08993009inf-030091593 bark tua shine ray gel child tongue and rose third crispy spring chicken 
LOG (nnet3-latgen-faster[5.5.671~1-e5a5a]:DecodeUtteranceLatticeFaster():decoder-wrappers.cc:375) Log-like per frame for utterance nsc-part2-chn0-spk08993009inf-030091593 is 1.82511 over 271 frames.
nsc-part2-chn0-spk08993009inf-030091644 i am meeting or dry at __Spring_Street first 
LOG (nnet3-latgen-faster[5.5.671~1-e5a5a]:DecodeUtteranceLatticeFaster():decoder-wrappers.cc:375) Log-like per frame for utterance nsc-part2-chn0-spk08993009inf-030091644 is 1.94272 over 150 frames.
nsc-part2-chn0-spk08993009inf-030091751 do you no where is some __Bao_Gong h debit branch office 
LOG (nnet3-latgen-faster[5.5.671~1-e5a5a]:DecodeUtteranceLatticeFaster():decoder-wrappers.cc:375) Log-like per frame for utterance nsc-part2-chn0-spk08993009inf-030091751 is 1.77064 over 211 frames.
nsc-part2-chn0-spk09062988maf-029880079 __Loh_Lik_Peng __Vivien_Quahe year may lim and __Hussein_Aljunied 
LOG (nnet3-latgen-faster[5.5.671~1-e5a5a]:DecodeUtteranceLatticeFaster():decoder-wrappers.cc:375) Log-like per frame for utterance nsc-part2-chn0-spk09062988maf-029880079 is 1.67953 over 206 frames.
nsc-part2-chn0-spk09062988maf-029880111 __Siok_Wan close single pour international campus and __Seletar_Lodge_One 
LOG (nnet3-latgen-faster[5.5.671~1-e5a5a]:DecodeUtteranceLatticeFaster():decoder-wrappers.cc:375) Log-like per frame for utterance nsc-part2-chn0-spk09062988maf-029880111 is 2.01662 over 194 frames.
nsc-part2-chn0-spk09062988maf-029880150 how long dizzy take to get to __Kampong_Bukit_Coffee china cemetery by taxi 
LOG (nnet3-latgen-faster[5.5.671~1-e5a5a]:DecodeUtteranceLatticeFaster():decoder-wrappers.cc:375) Log-like per frame for utterance nsc-part2-chn0-spk09062988maf-029880150 is 1.97262 over 191 frames.
nsc-part2-chn0-spk09062988maf-029880188 how do i get to __Geylang_Bahru 
LOG (nnet3-latgen-faster[5.5.671~1-e5a5a]:DecodeUtteranceLatticeFaster():decoder-wrappers.cc:375) Log-like per frame for utterance nsc-part2-chn0-spk09062988maf-029880188 is 2.04483 over 92 frames.
nsc-part2-chn0-spk09062988maf-029880225 __Bedok_Point adopt 
LOG (nnet3-latgen-faster[5.5.671~1-e5a5a]:DecodeUtteranceLatticeFaster():decoder-wrappers.cc:375) Log-like per frame for utterance nsc-part2-chn0-spk09062988maf-029880225 is 1.66688 over 64 frames.
nsc-part2-chn0-spk09062988maf-029880258 __Chinatown_Point __Chencharu_Lane and challenge sick club 
LOG (nnet3-latgen-faster[5.5.671~1-e5a5a]:DecodeUtteranceLatticeFaster():decoder-wrappers.cc:375) Log-like per frame for utterance nsc-part2-chn0-spk09062988maf-029880258 is 1.98876 over 157 frames.
nsc-part2-chn0-spk09062988maf-029880281 know how to cook roast crispy stun spring chicken 
LOG (nnet3-latgen-faster[5.5.671~1-e5a5a]:DecodeUtteranceLatticeFaster():decoder-wrappers.cc:375) Log-like per frame for utterance nsc-part2-chn0-spk09062988maf-029880281 is 1.89388 over 163 frames.
nsc-part2-chn0-spk09062988maf-029880308 north __Boat_Quay __Blackmore_Drive and spring __Singapore_Bible 
LOG (nnet3-latgen-faster[5.5.671~1-e5a5a]:DecodeUtteranceLatticeFaster():decoder-wrappers.cc:375) Log-like per frame for utterance nsc-part2-chn0-spk09062988maf-029880308 is 1.92098 over 152 frames.
nsc-part2-chn0-spk09062988maf-029880407 during know where is __Bukit_Batok polyclinic 
LOG (nnet3-latgen-faster[5.5.671~1-e5a5a]:DecodeUtteranceLatticeFaster():decoder-wrappers.cc:375) Log-like per frame for utterance nsc-part2-chn0-spk09062988maf-029880407 is 2.10325 over 106 frames.
nsc-part2-chn0-spk09062988maf-029880415 earn scene temple __Bukit_Timah express way and __Moonbeam_Drive 
LOG (nnet3-latgen-faster[5.5.671~1-e5a5a]:DecodeUtteranceLatticeFaster():decoder-wrappers.cc:375) Log-like per frame for utterance nsc-part2-chn0-spk09062988maf-029880415 is 1.81497 over 185 frames.
nsc-part2-chn0-spk09062988maf-029881497 __Compassvale_Road __Jalan_Batu_Ubin and __Simpang_De_Bedok __Boarding_House 
LOG (nnet3-latgen-faster[5.5.671~1-e5a5a]:DecodeUtteranceLatticeFaster():decoder-wrappers.cc:375) Log-like per frame for utterance nsc-part2-chn0-spk09062988maf-029881497 is 2.07689 over 193 frames.
nsc-part2-chn0-spk09062988maf-029881548 how far away is happy hotel spring from here 
LOG (nnet3-latgen-faster[5.5.671~1-e5a5a]:DecodeUtteranceLatticeFaster():decoder-wrappers.cc:375) Log-like per frame for utterance nsc-part2-chn0-spk09062988maf-029881548 is 2.07597 over 131 frames.
nsc-part2-chn0-spk09062988maf-029881660 __Jalan_Senyum him do advise reward and __Kampong_Kapor_Road 
LOG (nnet3-latgen-faster[5.5.671~1-e5a5a]:DecodeUtteranceLatticeFaster():decoder-wrappers.cc:375) Log-like per frame for utterance nsc-part2-chn0-spk09062988maf-029881660 is 1.93142 over 177 frames.
nsc-part2-chn0-spk09062988maf-029881687 where is __Kampong_Java tunnel 
LOG (nnet3-latgen-faster[5.5.671~1-e5a5a]:DecodeUtteranceLatticeFaster():decoder-wrappers.cc:375) Log-like per frame for utterance nsc-part2-chn0-spk09062988maf-029881687 is 1.72784 over 101 frames.
nsc-part2-chn0-spk09062988maf-029881890 can u recommend me restaurant year __Bao_Gong animal quarantine station 
LOG (nnet3-latgen-faster[5.5.671~1-e5a5a]:DecodeUtteranceLatticeFaster():decoder-wrappers.cc:375) Log-like per frame for utterance nsc-part2-chn0-spk09062988maf-029881890 is 2.07988 over 202 frames.
nsc-part2-chn0-spk09072989cnm-029890009 how long very take to walk to __Bukit_Batok_Central_Link 
LOG (nnet3-latgen-faster[5.5.671~1-e5a5a]:DecodeUtteranceLatticeFaster():decoder-wrappers.cc:375) Log-like per frame for utterance nsc-part2-chn0-spk09072989cnm-029890009 is 2.07673 over 131 frames.
nsc-part2-chn0-spk09072989cnm-029890014 as deal spring and yes 
LOG (nnet3-latgen-faster[5.5.671~1-e5a5a]:DecodeUtteranceLatticeFaster():decoder-wrappers.cc:375) Log-like per frame for utterance nsc-part2-chn0-spk09072989cnm-029890014 is 1.54961 over 121 frames.
nsc-part2-chn0-spk09072989cnm-029890020 __Nasi_Goreng see food tiger rasa wasted crispy spring chicken and gene till 
LOG (nnet3-latgen-faster[5.5.671~1-e5a5a]:DecodeUtteranceLatticeFaster():decoder-wrappers.cc:375) Log-like per frame for utterance nsc-part2-chn0-spk09072989cnm-029890020 is 1.92146 over 228 frames.
nsc-part2-chn0-spk09072989cnm-029890030 __Chinatown_Hotel 
LOG (nnet3-latgen-faster[5.5.671~1-e5a5a]:DecodeUtteranceLatticeFaster():decoder-wrappers.cc:375) Log-like per frame for utterance nsc-part2-chn0-spk09072989cnm-029890030 is 2.21199 over 75 frames.
nsc-part2-chn0-spk09072989cnm-029890111 __Bukit_Merah_View __Admiralty_West prison and __Seletar_Court 
LOG (nnet3-latgen-faster[5.5.671~1-e5a5a]:DecodeUtteranceLatticeFaster():decoder-wrappers.cc:375) Log-like per frame for utterance nsc-part2-chn0-spk09072989cnm-029890111 is 2.16317 over 151 frames.
nsc-part2-chn0-spk09072989cnm-029890149 i meeting jump bond at __Kampong_Kayu_Road first 
LOG (nnet3-latgen-faster[5.5.671~1-e5a5a]:DecodeUtteranceLatticeFaster():decoder-wrappers.cc:375) Log-like per frame for utterance nsc-part2-chn0-spk09072989cnm-029890149 is 1.98426 over 142 frames.
nsc-part2-chn0-spk09072989cnm-029890199 what are lamb mark near __Sembawang_Avenue quarantine station 
LOG (nnet3-latgen-faster[5.5.671~1-e5a5a]:DecodeUtteranceLatticeFaster():decoder-wrappers.cc:375) Log-like per frame for utterance nsc-part2-chn0-spk09072989cnm-029890199 is 1.86408 over 142 frames.
nsc-part2-chn0-spk09072989cnm-029890247 __Rochor_Kongsi for the or age ex air university __Asia_Pacific campus and __Bedok_North 
LOG (nnet3-latgen-faster[5.5.671~1-e5a5a]:DecodeUtteranceLatticeFaster():decoder-wrappers.cc:375) Log-like per frame for utterance nsc-part2-chn0-spk09072989cnm-029890247 is 2.13912 over 250 frames.
nsc-part2-chn0-spk09072989cnm-029890280 cannot take drama tea to __Geylang_Serai 
LOG (nnet3-latgen-faster[5.5.671~1-e5a5a]:DecodeUtteranceLatticeFaster():decoder-wrappers.cc:375) Log-like per frame for utterance nsc-part2-chn0-spk09072989cnm-029890280 is 1.80866 over 106 frames.
nsc-part2-chn0-spk09072989cnm-029890297 __Hussein_Aljunied __Rebecca_Chua an __Abraham_Solomon 
LOG (nnet3-latgen-faster[5.5.671~1-e5a5a]:DecodeUtteranceLatticeFaster():decoder-wrappers.cc:375) Log-like per frame for utterance nsc-part2-chn0-spk09072989cnm-029890297 is 2.14597 over 150 frames.
nsc-part2-chn0-spk09072989cnm-029890401 please tell me how to get to __Bukit_Timah nature reserve 
LOG (nnet3-latgen-faster[5.5.671~1-e5a5a]:DecodeUtteranceLatticeFaster():decoder-wrappers.cc:375) Log-like per frame for utterance nsc-part2-chn0-spk09072989cnm-029890401 is 2.23434 over 129 frames.
nsc-part2-chn0-spk09072989cnm-029890411 __Kampong_Ubi driving test center __Chencharu_Link and normal terrace 
LOG (nnet3-latgen-faster[5.5.671~1-e5a5a]:DecodeUtteranceLatticeFaster():decoder-wrappers.cc:375) Log-like per frame for utterance nsc-part2-chn0-spk09072989cnm-029890411 is 1.98714 over 195 frames.
nsc-part2-chn0-spk09072989cnm-029891651 is faster to take the bus to __Kampong_Java tunnel 
LOG (nnet3-latgen-faster[5.5.671~1-e5a5a]:DecodeUtteranceLatticeFaster():decoder-wrappers.cc:375) Log-like per frame for utterance nsc-part2-chn0-spk09072989cnm-029891651 is 1.95259 over 124 frames.
nsc-part2-chn0-spk09072989cnm-029891762 series of buyer graphic about __Lim_Chong_Pang __Kim_Seng and __Morgan_Chua was recently publish 
LOG (nnet3-latgen-faster[5.5.671~1-e5a5a]:DecodeUtteranceLatticeFaster():decoder-wrappers.cc:375) Log-like per frame for utterance nsc-part2-chn0-spk09072989cnm-029891762 is 2.01693 over 232 frames.
nsc-part2-chn0-spk09163029inm-030290014 spring anti u anti j c 
LOG (nnet3-latgen-faster[5.5.671~1-e5a5a]:DecodeUtteranceLatticeFaster():decoder-wrappers.cc:375) Log-like per frame for utterance nsc-part2-chn0-spk09163029inm-030290014 is 1.61963 over 123 frames.
nsc-part2-chn0-spk09163029inm-030290023 is about thirty millions walk to __Sembawang_Terminal_Road avenue three 
LOG (nnet3-latgen-faster[5.5.671~1-e5a5a]:DecodeUtteranceLatticeFaster():decoder-wrappers.cc:375) Log-like per frame for utterance nsc-part2-chn0-spk09163029inm-030290023 is 2.01011 over 145 frames.
nsc-part2-chn0-spk09163029inm-030290028 credit tell me all the way to __Aljunied_Neighbourhood police post 
LOG (nnet3-latgen-faster[5.5.671~1-e5a5a]:DecodeUtteranceLatticeFaster():decoder-wrappers.cc:375) Log-like per frame for utterance nsc-part2-chn0-spk09163029inm-030290028 is 1.91797 over 170 frames.
nsc-part2-chn0-spk09163029inm-030290087 __Kampong_Ubi c life long learning institution an __Old_Upper_Thomson road 
LOG (nnet3-latgen-faster[5.5.671~1-e5a5a]:DecodeUtteranceLatticeFaster():decoder-wrappers.cc:375) Log-like per frame for utterance nsc-part2-chn0-spk09163029inm-030290087 is 2.00575 over 191 frames.
nsc-part2-chn0-spk09163029inm-030290099 gathering junior college hostel __Jalan_Bungar and __North_Spring primary school 
LOG (nnet3-latgen-faster[5.5.671~1-e5a5a]:DecodeUtteranceLatticeFaster():decoder-wrappers.cc:375) Log-like per frame for utterance nsc-part2-chn0-spk09163029inm-030290099 is 1.99559 over 212 frames.
nsc-part2-chn0-spk09163029inm-030290144 __Jalan_Pinang __Seletar_East space in __South_Buona_Vista_Road 
LOG (nnet3-latgen-faster[5.5.671~1-e5a5a]:DecodeUtteranceLatticeFaster():decoder-wrappers.cc:375) Log-like per frame for utterance nsc-part2-chn0-spk09163029inm-030290144 is 2.05834 over 160 frames.
nsc-part2-chn0-spk09163029inm-030290247 __Bedok_Ria_Crescent __Croucher_Road and pioneer service center 
LOG (nnet3-latgen-faster[5.5.671~1-e5a5a]:DecodeUtteranceLatticeFaster():decoder-wrappers.cc:375) Log-like per frame for utterance nsc-part2-chn0-spk09163029inm-030290247 is 2.13127 over 145 frames.
nsc-part2-chn0-spk09163029inm-030290308 tooth club road __Geylang_United temple and __Brani_Drive seven 
LOG (nnet3-latgen-faster[5.5.671~1-e5a5a]:DecodeUtteranceLatticeFaster():decoder-wrappers.cc:375) Log-like per frame for utterance nsc-part2-chn0-spk09163029inm-030290308 is 2.00578 over 206 frames.
nsc-part2-chn0-spk09163029inm-030290415 __Bukit_Batok polyclinic __Dock_Road_West in __Jalan_Zamrud 
LOG (nnet3-latgen-faster[5.5.671~1-e5a5a]:DecodeUtteranceLatticeFaster():decoder-wrappers.cc:375) Log-like per frame for utterance nsc-part2-chn0-spk09163029inm-030290415 is 2.0268 over 155 frames.
nsc-part2-chn0-spk09163029inm-030290434 general crescent __Bukit_Timah_Link and tourist deal 
LOG (nnet3-latgen-faster[5.5.671~1-e5a5a]:DecodeUtteranceLatticeFaster():decoder-wrappers.cc:375) Log-like per frame for utterance nsc-part2-chn0-spk09163029inm-030290434 is 2.01439 over 132 frames.
nsc-part2-chn0-spk09163029inm-030291480 __Sunset_Close __Jalan_Tenang and __Chinatown_Hotel 
LOG (nnet3-latgen-faster[5.5.671~1-e5a5a]:DecodeUtteranceLatticeFaster():decoder-wrappers.cc:375) Log-like per frame for utterance nsc-part2-chn0-spk09163029inm-030291480 is 2.05751 over 145 frames.
LOG (apply-cmvn[5.5.671~1-e5a5a]:main():apply-cmvn.cc:81) Copied 58 utterances.
nsc-part2-chn0-spk09163029inm-030291528 __Lorong_Sinaran day learn and __Kampong_Bahru_Road 
LOG (nnet3-latgen-faster[5.5.671~1-e5a5a]:DecodeUtteranceLatticeFaster():decoder-wrappers.cc:375) Log-like per frame for utterance nsc-part2-chn0-spk09163029inm-030291528 is 1.91777 over 145 frames.
nsc-part2-chn0-spk09163029inm-030291660 hotel century __Kampong_Kembangan and __Singapore_Cheshire symbol converse an industry 
LOG (nnet3-latgen-faster[5.5.671~1-e5a5a]:DecodeUtteranceLatticeFaster():decoder-wrappers.cc:375) Log-like per frame for utterance nsc-part2-chn0-spk09163029inm-030291660 is 1.88119 over 176 frames.
nsc-part2-chn0-spk09163029inm-030291859 __Bukit_Manis_Road __Jalan_Rendang and symbol one animal quarantine station 
LOG (nnet3-latgen-faster[5.5.671~1-e5a5a]:DecodeUtteranceLatticeFaster():decoder-wrappers.cc:375) Log-like per frame for utterance nsc-part2-chn0-spk09163029inm-030291859 is 2.06944 over 200 frames.
LOG (nnet3-latgen-faster[5.5.671~1-e5a5a]:main():nnet3-latgen-faster.cc:256) Time taken 96.2213s: real-time factor assuming 100 frames/sec is 0.325094
LOG (nnet3-latgen-faster[5.5.671~1-e5a5a]:main():nnet3-latgen-faster.cc:259) Done 58 utterances, failed for 0
LOG (nnet3-latgen-faster[5.5.671~1-e5a5a]:main():nnet3-latgen-faster.cc:261) Overall log-likelihood per frame is 1.95776 over 9866 frames.
LOG (nnet3-latgen-faster[5.5.671~1-e5a5a]:~CachingOptimizingCompiler():nnet-optimize.cc:710) 0.445 seconds taken in nnet3 compilation total (breakdown: 0.33 compilation, 0.0507 optimization, 0 shortcut expansion, 0.0241 checking, 8.32e-05 computing indexes, 0.0397 misc.) + 0 I/O.
LOG (lattice-scale[5.5.671~1-e5a5a]:main():lattice-scale.cc:107) Done 58 lattices.
# Accounting: time=98 threads=1
# Ended (code 0) at Fri Aug 27 13:57:43 +08 2021, elapsed time 98 seconds
