# lattice-depth-per-frame "ark:gunzip -c /home3/yachao001/home/asr/w2021/offline-hotwords-asr-test-v2-bak-bak-ASR-4/exp/msf-scdf-cs-june2021-prune/tdnnf-biased/decode-data-hotword/lat.16.gz|" "ark,t:|gzip -c > /home3/yachao001/home/asr/w2021/offline-hotwords-asr-test-v2-bak-bak-ASR-4/exp/msf-scdf-cs-june2021-prune/tdnnf-biased/decode-data-hotword/depth_tmp.16.gz" ark:- | lattice-best-path --acoustic-scale=0.1 ark:- ark:/dev/null "ark,t:|gzip -c >/home3/yachao001/home/asr/w2021/offline-hotwords-asr-test-v2-bak-bak-ASR-4/exp/msf-scdf-cs-june2021-prune/tdnnf-biased/decode-data-hotword/ali_tmp.16.gz" 
# Started at Fri Aug 27 13:58:13 +08 2021
#
lattice-best-path --acoustic-scale=0.1 ark:- ark:/dev/null 'ark,t:|gzip -c >/home3/yachao001/home/asr/w2021/offline-hotwords-asr-test-v2-bak-bak-ASR-4/exp/msf-scdf-cs-june2021-prune/tdnnf-biased/decode-data-hotword/ali_tmp.16.gz' 
lattice-depth-per-frame 'ark:gunzip -c /home3/yachao001/home/asr/w2021/offline-hotwords-asr-test-v2-bak-bak-ASR-4/exp/msf-scdf-cs-june2021-prune/tdnnf-biased/decode-data-hotword/lat.16.gz|' 'ark,t:|gzip -c > /home3/yachao001/home/asr/w2021/offline-hotwords-asr-test-v2-bak-bak-ASR-4/exp/msf-scdf-cs-june2021-prune/tdnnf-biased/decode-data-hotword/depth_tmp.16.gz' ark:- 
LOG (lattice-best-path[5.5.671~1-e5a5a]:main():lattice-best-path.cc:99) For utterance nsc-part2-chn0-spk10083114inm-031140009, best cost 78.3138 + -362.032 = -283.718 over 167 frames.
LOG (lattice-best-path[5.5.671~1-e5a5a]:main():lattice-best-path.cc:99) For utterance nsc-part2-chn0-spk10083114inm-031140024, best cost 107.33 + -553.692 = -446.361 over 213 frames.
LOG (lattice-best-path[5.5.671~1-e5a5a]:main():lattice-best-path.cc:99) For utterance nsc-part2-chn0-spk10083114inm-031140029, best cost 83.0604 + -386.421 = -303.361 over 146 frames.
LOG (lattice-best-path[5.5.671~1-e5a5a]:main():lattice-best-path.cc:99) For utterance nsc-part2-chn0-spk10083114inm-031140049, best cost 77.3536 + -473.188 = -395.835 over 182 frames.
LOG (lattice-best-path[5.5.671~1-e5a5a]:main():lattice-best-path.cc:99) For utterance nsc-part2-chn0-spk10083114inm-031140136, best cost 112.052 + -652.701 = -540.649 over 243 frames.
LOG (lattice-best-path[5.5.671~1-e5a5a]:main():lattice-best-path.cc:99) For utterance nsc-part2-chn0-spk10083114inm-031140188, best cost 91.1443 + -426.374 = -335.23 over 147 frames.
LOG (lattice-best-path[5.5.671~1-e5a5a]:main():lattice-best-path.cc:99) For utterance nsc-part2-chn0-spk10083114inm-031140242, best cost 86.9317 + -440.164 = -353.232 over 182 frames.
LOG (lattice-best-path[5.5.671~1-e5a5a]:main():lattice-best-path.cc:99) For utterance nsc-part2-chn0-spk10083114inm-031140418, best cost 88.5245 + -468.82 = -380.295 over 178 frames.
LOG (lattice-best-path[5.5.671~1-e5a5a]:main():lattice-best-path.cc:99) For utterance nsc-part2-chn0-spk10083114inm-031141592, best cost 85.2768 + -549.124 = -463.847 over 211 frames.
LOG (lattice-best-path[5.5.671~1-e5a5a]:main():lattice-best-path.cc:99) For utterance nsc-part2-chn0-spk10083114inm-031141685, best cost 67.2684 + -419.197 = -351.928 over 193 frames.
LOG (lattice-best-path[5.5.671~1-e5a5a]:main():lattice-best-path.cc:99) For utterance nsc-part2-chn0-spk10083114inm-031141706, best cost 66.6507 + -441.131 = -374.481 over 169 frames.
LOG (lattice-best-path[5.5.671~1-e5a5a]:main():lattice-best-path.cc:99) For utterance nsc-part2-chn0-spk10083114inm-031141785, best cost 64.8937 + -275.698 = -210.804 over 129 frames.
LOG (lattice-best-path[5.5.671~1-e5a5a]:main():lattice-best-path.cc:99) For utterance nsc-part2-chn0-spk10083114inm-031141874, best cost 126.588 + -485.291 = -358.702 over 167 frames.
LOG (lattice-best-path[5.5.671~1-e5a5a]:main():lattice-best-path.cc:99) For utterance nsc-part2-chn0-spk10083114inm-031141889, best cost 84.3692 + -354.501 = -270.132 over 134 frames.
LOG (lattice-best-path[5.5.671~1-e5a5a]:main():lattice-best-path.cc:99) For utterance nsc-part2-chn0-spk10113100cnm-031000013, best cost 95.3422 + -345.583 = -250.241 over 118 frames.
LOG (lattice-best-path[5.5.671~1-e5a5a]:main():lattice-best-path.cc:99) For utterance nsc-part2-chn0-spk10113100cnm-031000118, best cost 82.1695 + -431.84 = -349.67 over 157 frames.
LOG (lattice-best-path[5.5.671~1-e5a5a]:main():lattice-best-path.cc:99) For utterance nsc-part2-chn0-spk10113100cnm-031000147, best cost 105.625 + -455.857 = -350.232 over 163 frames.
LOG (lattice-best-path[5.5.671~1-e5a5a]:main():lattice-best-path.cc:99) For utterance nsc-part2-chn0-spk10113100cnm-031000173, best cost 72.2131 + -315.715 = -243.501 over 127 frames.
LOG (lattice-best-path[5.5.671~1-e5a5a]:main():lattice-best-path.cc:99) For utterance nsc-part2-chn0-spk10113100cnm-031000175, best cost 84.9679 + -396.428 = -311.46 over 134 frames.
LOG (lattice-best-path[5.5.671~1-e5a5a]:main():lattice-best-path.cc:99) For utterance nsc-part2-chn0-spk10113100cnm-031000181, best cost 67.721 + -334.171 = -266.45 over 122 frames.
LOG (lattice-best-path[5.5.671~1-e5a5a]:main():lattice-best-path.cc:99) For utterance nsc-part2-chn0-spk10113100cnm-031000198, best cost 57.5487 + -423.281 = -365.732 over 189 frames.
LOG (lattice-best-path[5.5.671~1-e5a5a]:main():lattice-best-path.cc:99) For utterance nsc-part2-chn0-spk10113100cnm-031000225, best cost 25.129 + -200.585 = -175.456 over 90 frames.
LOG (lattice-best-path[5.5.671~1-e5a5a]:main():lattice-best-path.cc:99) For utterance nsc-part2-chn0-spk10113100cnm-031000231, best cost 100.292 + -399.422 = -299.13 over 129 frames.
LOG (lattice-best-path[5.5.671~1-e5a5a]:main():lattice-best-path.cc:99) For utterance nsc-part2-chn0-spk10113100cnm-031000232, best cost 85.0922 + -341.228 = -256.136 over 120 frames.
LOG (lattice-best-path[5.5.671~1-e5a5a]:main():lattice-best-path.cc:99) For utterance nsc-part2-chn0-spk10113100cnm-031001547, best cost 94.457 + -478.21 = -383.753 over 186 frames.
LOG (lattice-best-path[5.5.671~1-e5a5a]:main():lattice-best-path.cc:99) For utterance nsc-part2-chn0-spk10113100cnm-031001552, best cost 108.36 + -491.195 = -382.835 over 205 frames.
LOG (lattice-best-path[5.5.671~1-e5a5a]:main():lattice-best-path.cc:99) For utterance nsc-part2-chn0-spk10113100cnm-031001569, best cost 90.4854 + -373.685 = -283.2 over 134 frames.
LOG (lattice-best-path[5.5.671~1-e5a5a]:main():lattice-best-path.cc:99) For utterance nsc-part2-chn0-spk10113100cnm-031001768, best cost 61.4922 + -245.664 = -184.172 over 91 frames.
LOG (lattice-best-path[5.5.671~1-e5a5a]:main():lattice-best-path.cc:99) For utterance nsc-part2-chn0-spk10123101cnm-031010029, best cost 86.4309 + -353.983 = -267.552 over 129 frames.
LOG (lattice-best-path[5.5.671~1-e5a5a]:main():lattice-best-path.cc:99) For utterance nsc-part2-chn0-spk10123101cnm-031010111, best cost 99.8007 + -455.449 = -355.648 over 186 frames.
LOG (lattice-best-path[5.5.671~1-e5a5a]:main():lattice-best-path.cc:99) For utterance nsc-part2-chn0-spk10123101cnm-031010123, best cost 61.9069 + -422.987 = -361.081 over 152 frames.
LOG (lattice-best-path[5.5.671~1-e5a5a]:main():lattice-best-path.cc:99) For utterance nsc-part2-chn0-spk10123101cnm-031010134, best cost 65.3582 + -381.294 = -315.936 over 147 frames.
LOG (lattice-best-path[5.5.671~1-e5a5a]:main():lattice-best-path.cc:99) For utterance nsc-part2-chn0-spk10123101cnm-031010148, best cost 63.6677 + -273.319 = -209.651 over 103 frames.
LOG (lattice-best-path[5.5.671~1-e5a5a]:main():lattice-best-path.cc:99) For utterance nsc-part2-chn0-spk10123101cnm-031010162, best cost 62.5011 + -371.249 = -308.747 over 131 frames.
LOG (lattice-best-path[5.5.671~1-e5a5a]:main():lattice-best-path.cc:99) For utterance nsc-part2-chn0-spk10123101cnm-031010166, best cost 59.4061 + -282.056 = -222.65 over 101 frames.
LOG (lattice-best-path[5.5.671~1-e5a5a]:main():lattice-best-path.cc:99) For utterance nsc-part2-chn0-spk10123101cnm-031010176, best cost 80.4967 + -399.111 = -318.614 over 153 frames.
LOG (lattice-best-path[5.5.671~1-e5a5a]:main():lattice-best-path.cc:99) For utterance nsc-part2-chn0-spk10123101cnm-031010186, best cost 130.023 + -543.021 = -412.997 over 185 frames.
LOG (lattice-best-path[5.5.671~1-e5a5a]:main():lattice-best-path.cc:99) For utterance nsc-part2-chn0-spk10123101cnm-031010187, best cost 122.855 + -496.277 = -373.423 over 180 frames.
LOG (lattice-best-path[5.5.671~1-e5a5a]:main():lattice-best-path.cc:99) For utterance nsc-part2-chn0-spk10123101cnm-031010298, best cost 93.0337 + -343.204 = -250.17 over 117 frames.
LOG (lattice-best-path[5.5.671~1-e5a5a]:main():lattice-best-path.cc:99) For utterance nsc-part2-chn0-spk10123101cnm-031010388, best cost 45.382 + -208.03 = -162.648 over 83 frames.
LOG (lattice-best-path[5.5.671~1-e5a5a]:main():lattice-best-path.cc:99) For utterance nsc-part2-chn0-spk10123101cnm-031011582, best cost 111.542 + -552.532 = -440.989 over 176 frames.
LOG (lattice-best-path[5.5.671~1-e5a5a]:main():lattice-best-path.cc:99) For utterance nsc-part2-chn0-spk10123101cnm-031011616, best cost 54.0117 + -328.595 = -274.583 over 138 frames.
LOG (lattice-best-path[5.5.671~1-e5a5a]:main():lattice-best-path.cc:99) For utterance nsc-part2-chn0-spk10123101cnm-031011834, best cost 85.2399 + -304.165 = -218.925 over 110 frames.
LOG (lattice-best-path[5.5.671~1-e5a5a]:main():lattice-best-path.cc:99) For utterance nsc-part2-chn0-spk10123101cnm-031011866, best cost 63.9723 + -451.334 = -387.362 over 154 frames.
LOG (lattice-best-path[5.5.671~1-e5a5a]:main():lattice-best-path.cc:99) For utterance nsc-part2-chn0-spk10123101cnm-031011884, best cost 120.471 + -507.862 = -387.391 over 172 frames.
LOG (lattice-best-path[5.5.671~1-e5a5a]:main():lattice-best-path.cc:99) For utterance nsc-part2-chn0-spk10143124inm-031240025, best cost 110.972 + -557.939 = -446.967 over 238 frames.
LOG (lattice-best-path[5.5.671~1-e5a5a]:main():lattice-best-path.cc:99) For utterance nsc-part2-chn0-spk10143124inm-031240029, best cost 69.781 + -276.587 = -206.806 over 103 frames.
LOG (lattice-best-path[5.5.671~1-e5a5a]:main():lattice-best-path.cc:99) For utterance nsc-part2-chn0-spk10143124inm-031240099, best cost 74.5549 + -364.961 = -290.406 over 129 frames.
LOG (lattice-best-path[5.5.671~1-e5a5a]:main():lattice-best-path.cc:99) For utterance nsc-part2-chn0-spk10143124inm-031240118, best cost 77.7686 + -364.925 = -287.157 over 138 frames.
LOG (lattice-best-path[5.5.671~1-e5a5a]:main():lattice-best-path.cc:99) For utterance nsc-part2-chn0-spk10143124inm-031240144, best cost 45.3336 + -292.2 = -246.866 over 109 frames.
LOG (lattice-best-path[5.5.671~1-e5a5a]:main():lattice-best-path.cc:99) For utterance nsc-part2-chn0-spk10143124inm-031240242, best cost 94.9083 + -360.834 = -265.926 over 132 frames.
LOG (lattice-best-path[5.5.671~1-e5a5a]:main():lattice-best-path.cc:99) For utterance nsc-part2-chn0-spk10143124inm-031240249, best cost 48.9915 + -189.651 = -140.66 over 79 frames.
LOG (lattice-best-path[5.5.671~1-e5a5a]:main():lattice-best-path.cc:99) For utterance nsc-part2-chn0-spk10143124inm-031240418, best cost 63.3634 + -333.51 = -270.147 over 133 frames.
LOG (lattice-best-path[5.5.671~1-e5a5a]:main():lattice-best-path.cc:99) For utterance nsc-part2-chn0-spk10143124inm-031240433, best cost 74.2927 + -432.749 = -358.456 over 152 frames.
LOG (lattice-best-path[5.5.671~1-e5a5a]:main():lattice-best-path.cc:99) For utterance nsc-part2-chn0-spk10143124inm-031241480, best cost 71.7978 + -376.419 = -304.621 over 140 frames.
LOG (lattice-best-path[5.5.671~1-e5a5a]:main():lattice-best-path.cc:99) For utterance nsc-part2-chn0-spk10143124inm-031241592, best cost 72.8227 + -310.513 = -237.69 over 120 frames.
LOG (lattice-best-path[5.5.671~1-e5a5a]:main():lattice-best-path.cc:99) For utterance nsc-part2-chn0-spk10143124inm-031241790, best cost 57.1425 + -243.652 = -186.509 over 98 frames.
LOG (lattice-best-path[5.5.671~1-e5a5a]:main():lattice-best-path.cc:99) For utterance nsc-part2-chn0-spk10143124inm-031241838, best cost 23.0495 + -135.438 = -112.389 over 60 frames.
LOG (lattice-best-path[5.5.671~1-e5a5a]:main():lattice-best-path.cc:99) For utterance nsc-part2-chn0-spk10143124inm-031241858, best cost 117.296 + -433.127 = -315.831 over 149 frames.
LOG (lattice-depth-per-frame[5.5.671~1-e5a5a]:main():lattice-depth-per-frame.cc:82) Done 59 lattices.
LOG (lattice-best-path[5.5.671~1-e5a5a]:main():lattice-best-path.cc:124) Overall cost per frame is -2.10012 = 0.551876 [graph] + -2.652 [acoustic] over 8623 frames.
LOG (lattice-best-path[5.5.671~1-e5a5a]:main():lattice-best-path.cc:128) Done 59 lattices, failed for 0
# Accounting: time=0 threads=1
# Ended (code 0) at Fri Aug 27 13:58:13 +08 2021, elapsed time 0 seconds
