# lattice-depth-per-frame "ark:gunzip -c /home3/yachao001/home/asr/w2021/offline-hotwords-asr-test-v2-bak-bak-ASR-4/exp/msf-scdf-cs-june2021-prune/tdnnf-biased/decode-data-hotword/lat.7.gz|" "ark,t:|gzip -c > /home3/yachao001/home/asr/w2021/offline-hotwords-asr-test-v2-bak-bak-ASR-4/exp/msf-scdf-cs-june2021-prune/tdnnf-biased/decode-data-hotword/depth_tmp.7.gz" ark:- | lattice-best-path --acoustic-scale=0.1 ark:- ark:/dev/null "ark,t:|gzip -c >/home3/yachao001/home/asr/w2021/offline-hotwords-asr-test-v2-bak-bak-ASR-4/exp/msf-scdf-cs-june2021-prune/tdnnf-biased/decode-data-hotword/ali_tmp.7.gz" 
# Started at Fri Aug 27 13:58:13 +08 2021
#
lattice-best-path --acoustic-scale=0.1 ark:- ark:/dev/null 'ark,t:|gzip -c >/home3/yachao001/home/asr/w2021/offline-hotwords-asr-test-v2-bak-bak-ASR-4/exp/msf-scdf-cs-june2021-prune/tdnnf-biased/decode-data-hotword/ali_tmp.7.gz' 
lattice-depth-per-frame 'ark:gunzip -c /home3/yachao001/home/asr/w2021/offline-hotwords-asr-test-v2-bak-bak-ASR-4/exp/msf-scdf-cs-june2021-prune/tdnnf-biased/decode-data-hotword/lat.7.gz|' 'ark,t:|gzip -c > /home3/yachao001/home/asr/w2021/offline-hotwords-asr-test-v2-bak-bak-ASR-4/exp/msf-scdf-cs-june2021-prune/tdnnf-biased/decode-data-hotword/depth_tmp.7.gz' ark:- 
LOG (lattice-best-path[5.5.671~1-e5a5a]:main():lattice-best-path.cc:99) For utterance nsc-part2-chn0-spk08602941cnf-029410063, best cost 71.4604 + -411.768 = -340.307 over 165 frames.
LOG (lattice-best-path[5.5.671~1-e5a5a]:main():lattice-best-path.cc:99) For utterance nsc-part2-chn0-spk08602941cnf-029410115, best cost 101.595 + -349.952 = -248.357 over 142 frames.
LOG (lattice-best-path[5.5.671~1-e5a5a]:main():lattice-best-path.cc:99) For utterance nsc-part2-chn0-spk08602941cnf-029410134, best cost 82.4451 + -475.02 = -392.575 over 193 frames.
LOG (lattice-best-path[5.5.671~1-e5a5a]:main():lattice-best-path.cc:99) For utterance nsc-part2-chn0-spk08602941cnf-029410162, best cost 69.4201 + -558.216 = -488.796 over 224 frames.
LOG (lattice-best-path[5.5.671~1-e5a5a]:main():lattice-best-path.cc:99) For utterance nsc-part2-chn0-spk08602941cnf-029410166, best cost 90.6938 + -465.856 = -375.162 over 165 frames.
LOG (lattice-best-path[5.5.671~1-e5a5a]:main():lattice-best-path.cc:99) For utterance nsc-part2-chn0-spk08602941cnf-029410178, best cost 114.451 + -463.373 = -348.921 over 173 frames.
LOG (lattice-best-path[5.5.671~1-e5a5a]:main():lattice-best-path.cc:99) For utterance nsc-part2-chn0-spk08602941cnf-029410197, best cost 69.8522 + -271.167 = -201.314 over 110 frames.
LOG (lattice-best-path[5.5.671~1-e5a5a]:main():lattice-best-path.cc:99) For utterance nsc-part2-chn0-spk08602941cnf-029410268, best cost 94.8891 + -521.609 = -426.72 over 210 frames.
LOG (lattice-best-path[5.5.671~1-e5a5a]:main():lattice-best-path.cc:99) For utterance nsc-part2-chn0-spk08602941cnf-029410401, best cost 80.243 + -371.873 = -291.63 over 145 frames.
LOG (lattice-best-path[5.5.671~1-e5a5a]:main():lattice-best-path.cc:99) For utterance nsc-part2-chn0-spk08602941cnf-029410415, best cost 147.577 + -870.814 = -723.237 over 331 frames.
LOG (lattice-best-path[5.5.671~1-e5a5a]:main():lattice-best-path.cc:99) For utterance nsc-part2-chn0-spk08602941cnf-029410418, best cost 93.9004 + -668.917 = -575.017 over 277 frames.
LOG (lattice-best-path[5.5.671~1-e5a5a]:main():lattice-best-path.cc:99) For utterance nsc-part2-chn0-spk08602941cnf-029411607, best cost 40.8602 + -239.01 = -198.15 over 99 frames.
LOG (lattice-best-path[5.5.671~1-e5a5a]:main():lattice-best-path.cc:99) For utterance nsc-part2-chn0-spk08602941cnf-029411690, best cost 78.3811 + -494.653 = -416.272 over 219 frames.
LOG (lattice-best-path[5.5.671~1-e5a5a]:main():lattice-best-path.cc:99) For utterance nsc-part2-chn0-spk08602941cnf-029411759, best cost 75.6005 + -390.714 = -315.113 over 142 frames.
LOG (lattice-best-path[5.5.671~1-e5a5a]:main():lattice-best-path.cc:99) For utterance nsc-part2-chn0-spk08602941cnf-029411761, best cost 109.696 + -695.793 = -586.098 over 260 frames.
LOG (lattice-best-path[5.5.671~1-e5a5a]:main():lattice-best-path.cc:99) For utterance nsc-part2-chn0-spk08602941cnf-029411855, best cost 97.5426 + -425.348 = -327.806 over 156 frames.
LOG (lattice-best-path[5.5.671~1-e5a5a]:main():lattice-best-path.cc:99) For utterance nsc-part2-chn0-spk08612942cnf-029420009, best cost 81.711 + -339.942 = -258.231 over 137 frames.
LOG (lattice-best-path[5.5.671~1-e5a5a]:main():lattice-best-path.cc:99) For utterance nsc-part2-chn0-spk08612942cnf-029420024, best cost 118.196 + -686.477 = -568.281 over 297 frames.
LOG (lattice-best-path[5.5.671~1-e5a5a]:main():lattice-best-path.cc:99) For utterance nsc-part2-chn0-spk08612942cnf-029420087, best cost 77.7296 + -462.023 = -384.293 over 225 frames.
LOG (lattice-best-path[5.5.671~1-e5a5a]:main():lattice-best-path.cc:99) For utterance nsc-part2-chn0-spk08612942cnf-029420100, best cost 76.7956 + -350.592 = -273.796 over 154 frames.
LOG (lattice-best-path[5.5.671~1-e5a5a]:main():lattice-best-path.cc:99) For utterance nsc-part2-chn0-spk08612942cnf-029420150, best cost 130.233 + -508.63 = -378.397 over 197 frames.
LOG (lattice-best-path[5.5.671~1-e5a5a]:main():lattice-best-path.cc:99) For utterance nsc-part2-chn0-spk08612942cnf-029420164, best cost 56.4087 + -284.946 = -228.537 over 115 frames.
LOG (lattice-best-path[5.5.671~1-e5a5a]:main():lattice-best-path.cc:99) For utterance nsc-part2-chn0-spk08612942cnf-029420188, best cost 80.5249 + -312.063 = -231.538 over 115 frames.
LOG (lattice-best-path[5.5.671~1-e5a5a]:main():lattice-best-path.cc:99) For utterance nsc-part2-chn0-spk08612942cnf-029420207, best cost 89.4742 + -399.417 = -309.943 over 156 frames.
LOG (lattice-best-path[5.5.671~1-e5a5a]:main():lattice-best-path.cc:99) For utterance nsc-part2-chn0-spk08612942cnf-029420220, best cost 94.0129 + -435.593 = -341.58 over 173 frames.
LOG (lattice-best-path[5.5.671~1-e5a5a]:main():lattice-best-path.cc:99) For utterance nsc-part2-chn0-spk08612942cnf-029420247, best cost 93.6055 + -492.908 = -399.302 over 184 frames.
LOG (lattice-best-path[5.5.671~1-e5a5a]:main():lattice-best-path.cc:99) For utterance nsc-part2-chn0-spk08612942cnf-029420326, best cost 40.0487 + -203.302 = -163.253 over 97 frames.
LOG (lattice-best-path[5.5.671~1-e5a5a]:main():lattice-best-path.cc:99) For utterance nsc-part2-chn0-spk08612942cnf-029420351, best cost 71.4935 + -305.129 = -233.635 over 124 frames.
LOG (lattice-best-path[5.5.671~1-e5a5a]:main():lattice-best-path.cc:99) For utterance nsc-part2-chn0-spk08612942cnf-029420385, best cost 74.0106 + -349.958 = -275.947 over 143 frames.
LOG (lattice-best-path[5.5.671~1-e5a5a]:main():lattice-best-path.cc:99) For utterance nsc-part2-chn0-spk08612942cnf-029421596, best cost 71.9496 + -262.885 = -190.935 over 119 frames.
LOG (lattice-best-path[5.5.671~1-e5a5a]:main():lattice-best-path.cc:99) For utterance nsc-part2-chn0-spk08612942cnf-029421655, best cost 101.624 + -474.547 = -372.923 over 187 frames.
LOG (lattice-best-path[5.5.671~1-e5a5a]:main():lattice-best-path.cc:99) For utterance nsc-part2-chn0-spk08672945cnf-029450092, best cost 80.8017 + -419.792 = -338.99 over 189 frames.
LOG (lattice-best-path[5.5.671~1-e5a5a]:main():lattice-best-path.cc:99) For utterance nsc-part2-chn0-spk08672945cnf-029450176, best cost 59.7737 + -358.139 = -298.366 over 171 frames.
LOG (lattice-best-path[5.5.671~1-e5a5a]:main():lattice-best-path.cc:99) For utterance nsc-part2-chn0-spk08672945cnf-029450227, best cost 56.9259 + -364.525 = -307.6 over 180 frames.
LOG (lattice-best-path[5.5.671~1-e5a5a]:main():lattice-best-path.cc:99) For utterance nsc-part2-chn0-spk08672945cnf-029450250, best cost 79.9103 + -307.605 = -227.695 over 132 frames.
LOG (lattice-best-path[5.5.671~1-e5a5a]:main():lattice-best-path.cc:99) For utterance nsc-part2-chn0-spk08672945cnf-029450294, best cost 66.9318 + -379.199 = -312.267 over 177 frames.
LOG (lattice-best-path[5.5.671~1-e5a5a]:main():lattice-best-path.cc:99) For utterance nsc-part2-chn0-spk08672945cnf-029450308, best cost 99.927 + -421.55 = -321.623 over 173 frames.
LOG (lattice-best-path[5.5.671~1-e5a5a]:main():lattice-best-path.cc:99) For utterance nsc-part2-chn0-spk08672945cnf-029450311, best cost 84.6376 + -357.321 = -272.683 over 141 frames.
LOG (lattice-best-path[5.5.671~1-e5a5a]:main():lattice-best-path.cc:99) For utterance nsc-part2-chn0-spk08672945cnf-029450313, best cost 115.552 + -533.405 = -417.853 over 221 frames.
LOG (lattice-best-path[5.5.671~1-e5a5a]:main():lattice-best-path.cc:99) For utterance nsc-part2-chn0-spk08672945cnf-029450352, best cost 79.8687 + -274.109 = -194.241 over 115 frames.
LOG (lattice-best-path[5.5.671~1-e5a5a]:main():lattice-best-path.cc:99) For utterance nsc-part2-chn0-spk08672945cnf-029450407, best cost 55.3691 + -214.995 = -159.625 over 93 frames.
LOG (lattice-best-path[5.5.671~1-e5a5a]:main():lattice-best-path.cc:99) For utterance nsc-part2-chn0-spk08672945cnf-029450418, best cost 55.9574 + -365.57 = -309.613 over 166 frames.
LOG (lattice-best-path[5.5.671~1-e5a5a]:main():lattice-best-path.cc:99) For utterance nsc-part2-chn0-spk08672945cnf-029450439, best cost 82.2028 + -348.331 = -266.128 over 154 frames.
LOG (lattice-best-path[5.5.671~1-e5a5a]:main():lattice-best-path.cc:99) For utterance nsc-part2-chn0-spk08672945cnf-029451493, best cost 72.6647 + -260.664 = -187.999 over 106 frames.
LOG (lattice-best-path[5.5.671~1-e5a5a]:main():lattice-best-path.cc:99) For utterance nsc-part2-chn0-spk08672945cnf-029451511, best cost 94.5723 + -382.974 = -288.402 over 135 frames.
LOG (lattice-best-path[5.5.671~1-e5a5a]:main():lattice-best-path.cc:99) For utterance nsc-part2-chn0-spk08672945cnf-029451559, best cost 55.5755 + -283.045 = -227.469 over 125 frames.
LOG (lattice-best-path[5.5.671~1-e5a5a]:main():lattice-best-path.cc:99) For utterance nsc-part2-chn0-spk08672945cnf-029451624, best cost 62.0811 + -324.282 = -262.2 over 137 frames.
LOG (lattice-best-path[5.5.671~1-e5a5a]:main():lattice-best-path.cc:99) For utterance nsc-part2-chn0-spk08713162inf-031620030, best cost 65.2389 + -365.227 = -299.988 over 157 frames.
LOG (lattice-best-path[5.5.671~1-e5a5a]:main():lattice-best-path.cc:99) For utterance nsc-part2-chn0-spk08713162inf-031620049, best cost 73.2932 + -376.677 = -303.384 over 175 frames.
LOG (lattice-best-path[5.5.671~1-e5a5a]:main():lattice-best-path.cc:99) For utterance nsc-part2-chn0-spk08713162inf-031620080, best cost 75.5869 + -462.879 = -387.292 over 185 frames.
LOG (lattice-best-path[5.5.671~1-e5a5a]:main():lattice-best-path.cc:99) For utterance nsc-part2-chn0-spk08713162inf-031620118, best cost 55.7475 + -390.167 = -334.419 over 163 frames.
LOG (lattice-best-path[5.5.671~1-e5a5a]:main():lattice-best-path.cc:99) For utterance nsc-part2-chn0-spk08713162inf-031620173, best cost 81.1828 + -441.662 = -360.48 over 177 frames.
LOG (lattice-best-path[5.5.671~1-e5a5a]:main():lattice-best-path.cc:99) For utterance nsc-part2-chn0-spk08713162inf-031620269, best cost 66.9122 + -407.683 = -340.77 over 181 frames.
LOG (lattice-best-path[5.5.671~1-e5a5a]:main():lattice-best-path.cc:99) For utterance nsc-part2-chn0-spk08713162inf-031620433, best cost 73.5116 + -356.831 = -283.32 over 146 frames.
LOG (lattice-best-path[5.5.671~1-e5a5a]:main():lattice-best-path.cc:99) For utterance nsc-part2-chn0-spk08713162inf-031621528, best cost 74.4465 + -391.486 = -317.039 over 176 frames.
LOG (lattice-best-path[5.5.671~1-e5a5a]:main():lattice-best-path.cc:99) For utterance nsc-part2-chn0-spk08713162inf-031621547, best cost 91.3762 + -420.901 = -329.525 over 175 frames.
LOG (lattice-best-path[5.5.671~1-e5a5a]:main():lattice-best-path.cc:99) For utterance nsc-part2-chn0-spk08713162inf-031621592, best cost 92.9878 + -514.382 = -421.394 over 207 frames.
LOG (lattice-best-path[5.5.671~1-e5a5a]:main():lattice-best-path.cc:99) For utterance nsc-part2-chn0-spk08713162inf-031621660, best cost 76.7915 + -405.737 = -328.945 over 159 frames.
LOG (lattice-best-path[5.5.671~1-e5a5a]:main():lattice-best-path.cc:99) For utterance nsc-part2-chn0-spk08713162inf-031621706, best cost 65.1976 + -400.419 = -335.221 over 168 frames.
LOG (lattice-best-path[5.5.671~1-e5a5a]:main():lattice-best-path.cc:99) For utterance nsc-part2-chn0-spk08713162inf-031621716, best cost 68.3794 + -462.577 = -394.198 over 209 frames.
LOG (lattice-best-path[5.5.671~1-e5a5a]:main():lattice-best-path.cc:99) For utterance nsc-part2-chn0-spk08713162inf-031621834, best cost 84.1575 + -298.266 = -214.108 over 123 frames.
LOG (lattice-depth-per-frame[5.5.671~1-e5a5a]:main():lattice-depth-per-frame.cc:82) Done 63 lattices.
LOG (lattice-best-path[5.5.671~1-e5a5a]:main():lattice-best-path.cc:99) For utterance nsc-part2-chn0-spk08713162inf-031621860, best cost 65.3998 + -299.77 = -234.37 over 120 frames.
LOG (lattice-best-path[5.5.671~1-e5a5a]:main():lattice-best-path.cc:99) For utterance nsc-part2-chn0-spk08713162inf-031621893, best cost 115.696 + -573.869 = -458.172 over 232 frames.
LOG (lattice-best-path[5.5.671~1-e5a5a]:main():lattice-best-path.cc:124) Overall cost per frame is -1.94317 = 0.481521 [graph] + -2.42469 [acoustic] over 10602 frames.
LOG (lattice-best-path[5.5.671~1-e5a5a]:main():lattice-best-path.cc:128) Done 63 lattices, failed for 0
# Accounting: time=0 threads=1
# Ended (code 0) at Fri Aug 27 13:58:13 +08 2021, elapsed time 0 seconds
