# lattice-depth-per-frame "ark:gunzip -c /home3/yachao001/home/asr/w2021/offline-hotwords-asr-test-v2-bak-bak-ASR-4/exp/msf-scdf-cs-june2021-prune/tdnnf-biased/decode-data-hotword/lat.12.gz|" "ark,t:|gzip -c > /home3/yachao001/home/asr/w2021/offline-hotwords-asr-test-v2-bak-bak-ASR-4/exp/msf-scdf-cs-june2021-prune/tdnnf-biased/decode-data-hotword/depth_tmp.12.gz" ark:- | lattice-best-path --acoustic-scale=0.1 ark:- ark:/dev/null "ark,t:|gzip -c >/home3/yachao001/home/asr/w2021/offline-hotwords-asr-test-v2-bak-bak-ASR-4/exp/msf-scdf-cs-june2021-prune/tdnnf-biased/decode-data-hotword/ali_tmp.12.gz" 
# Started at Fri Aug 27 13:58:13 +08 2021
#
lattice-best-path --acoustic-scale=0.1 ark:- ark:/dev/null 'ark,t:|gzip -c >/home3/yachao001/home/asr/w2021/offline-hotwords-asr-test-v2-bak-bak-ASR-4/exp/msf-scdf-cs-june2021-prune/tdnnf-biased/decode-data-hotword/ali_tmp.12.gz' 
lattice-depth-per-frame 'ark:gunzip -c /home3/yachao001/home/asr/w2021/offline-hotwords-asr-test-v2-bak-bak-ASR-4/exp/msf-scdf-cs-june2021-prune/tdnnf-biased/decode-data-hotword/lat.12.gz|' 'ark,t:|gzip -c > /home3/yachao001/home/asr/w2021/offline-hotwords-asr-test-v2-bak-bak-ASR-4/exp/msf-scdf-cs-june2021-prune/tdnnf-biased/decode-data-hotword/depth_tmp.12.gz' ark:- 
LOG (lattice-best-path[5.5.671~1-e5a5a]:main():lattice-best-path.cc:99) For utterance nsc-part2-chn0-spk09593083maf-030830071, best cost 92.9178 + -350.202 = -257.285 over 147 frames.
LOG (lattice-best-path[5.5.671~1-e5a5a]:main():lattice-best-path.cc:99) For utterance nsc-part2-chn0-spk09593083maf-030830100, best cost 105.664 + -415.478 = -309.814 over 190 frames.
LOG (lattice-best-path[5.5.671~1-e5a5a]:main():lattice-best-path.cc:99) For utterance nsc-part2-chn0-spk09593083maf-030830115, best cost 83.7215 + -340.858 = -257.136 over 147 frames.
LOG (lattice-best-path[5.5.671~1-e5a5a]:main():lattice-best-path.cc:99) For utterance nsc-part2-chn0-spk09593083maf-030830148, best cost 125.998 + -570.787 = -444.789 over 238 frames.
LOG (lattice-best-path[5.5.671~1-e5a5a]:main():lattice-best-path.cc:99) For utterance nsc-part2-chn0-spk09593083maf-030830163, best cost 163.841 + -632.172 = -468.331 over 265 frames.
LOG (lattice-best-path[5.5.671~1-e5a5a]:main():lattice-best-path.cc:99) For utterance nsc-part2-chn0-spk09593083maf-030830173, best cost 80.1636 + -567.153 = -486.989 over 250 frames.
LOG (lattice-best-path[5.5.671~1-e5a5a]:main():lattice-best-path.cc:99) For utterance nsc-part2-chn0-spk09593083maf-030830186, best cost 100.757 + -457.237 = -356.48 over 200 frames.
LOG (lattice-best-path[5.5.671~1-e5a5a]:main():lattice-best-path.cc:99) For utterance nsc-part2-chn0-spk09593083maf-030830212, best cost 73.5205 + -340.929 = -267.409 over 139 frames.
LOG (lattice-best-path[5.5.671~1-e5a5a]:main():lattice-best-path.cc:99) For utterance nsc-part2-chn0-spk09593083maf-030830219, best cost 71.0703 + -319.396 = -248.325 over 141 frames.
LOG (lattice-best-path[5.5.671~1-e5a5a]:main():lattice-best-path.cc:99) For utterance nsc-part2-chn0-spk09593083maf-030830231, best cost 107.292 + -430.546 = -323.255 over 207 frames.
LOG (lattice-best-path[5.5.671~1-e5a5a]:main():lattice-best-path.cc:99) For utterance nsc-part2-chn0-spk09593083maf-030830405, best cost 95.4174 + -404.85 = -309.433 over 167 frames.
LOG (lattice-best-path[5.5.671~1-e5a5a]:main():lattice-best-path.cc:99) For utterance nsc-part2-chn0-spk09593083maf-030830410, best cost 110.793 + -460.539 = -349.745 over 210 frames.
LOG (lattice-best-path[5.5.671~1-e5a5a]:main():lattice-best-path.cc:99) For utterance nsc-part2-chn0-spk09593083maf-030831547, best cost 69.9563 + -451.911 = -381.955 over 218 frames.
LOG (lattice-best-path[5.5.671~1-e5a5a]:main():lattice-best-path.cc:99) For utterance nsc-part2-chn0-spk09593083maf-030831592, best cost 121.452 + -742.008 = -620.556 over 361 frames.
LOG (lattice-best-path[5.5.671~1-e5a5a]:main():lattice-best-path.cc:99) For utterance nsc-part2-chn0-spk09593083maf-030831640, best cost 59.5114 + -362.87 = -303.359 over 197 frames.
LOG (lattice-best-path[5.5.671~1-e5a5a]:main():lattice-best-path.cc:99) For utterance nsc-part2-chn0-spk09593083maf-030831695, best cost 71.4086 + -499.178 = -427.769 over 258 frames.
LOG (lattice-best-path[5.5.671~1-e5a5a]:main():lattice-best-path.cc:99) For utterance nsc-part2-chn0-spk09593083maf-030831717, best cost 82.5649 + -555.954 = -473.389 over 254 frames.
LOG (lattice-best-path[5.5.671~1-e5a5a]:main():lattice-best-path.cc:99) For utterance nsc-part2-chn0-spk09663088mam-030880091, best cost 66.5536 + -377.652 = -311.098 over 191 frames.
LOG (lattice-best-path[5.5.671~1-e5a5a]:main():lattice-best-path.cc:99) For utterance nsc-part2-chn0-spk09663088mam-030880111, best cost 111.908 + -534.743 = -422.836 over 262 frames.
LOG (lattice-best-path[5.5.671~1-e5a5a]:main():lattice-best-path.cc:99) For utterance nsc-part2-chn0-spk09663088mam-030880134, best cost 64.0958 + -447.327 = -383.231 over 225 frames.
LOG (lattice-best-path[5.5.671~1-e5a5a]:main():lattice-best-path.cc:99) For utterance nsc-part2-chn0-spk09663088mam-030880186, best cost 88.5154 + -445.393 = -356.877 over 193 frames.
LOG (lattice-best-path[5.5.671~1-e5a5a]:main():lattice-best-path.cc:99) For utterance nsc-part2-chn0-spk09663088mam-030880196, best cost 66.7622 + -425.628 = -358.866 over 207 frames.
LOG (lattice-best-path[5.5.671~1-e5a5a]:main():lattice-best-path.cc:99) For utterance nsc-part2-chn0-spk09663088mam-030880199, best cost 73.0149 + -347.107 = -274.092 over 172 frames.
LOG (lattice-best-path[5.5.671~1-e5a5a]:main():lattice-best-path.cc:99) For utterance nsc-part2-chn0-spk09663088mam-030880231, best cost 117.365 + -439.072 = -321.707 over 199 frames.
LOG (lattice-best-path[5.5.671~1-e5a5a]:main():lattice-best-path.cc:99) For utterance nsc-part2-chn0-spk09663088mam-030880299, best cost 70.5287 + -463.643 = -393.114 over 214 frames.
LOG (lattice-best-path[5.5.671~1-e5a5a]:main():lattice-best-path.cc:99) For utterance nsc-part2-chn0-spk09663088mam-030880362, best cost 69.5012 + -391.084 = -321.583 over 219 frames.
LOG (lattice-best-path[5.5.671~1-e5a5a]:main():lattice-best-path.cc:99) For utterance nsc-part2-chn0-spk09663088mam-030880410, best cost 115.119 + -471.957 = -356.838 over 195 frames.
LOG (lattice-best-path[5.5.671~1-e5a5a]:main():lattice-best-path.cc:99) For utterance nsc-part2-chn0-spk09663088mam-030880424, best cost 67.3781 + -402.662 = -335.284 over 220 frames.
LOG (lattice-best-path[5.5.671~1-e5a5a]:main():lattice-best-path.cc:99) For utterance nsc-part2-chn0-spk09663088mam-030880433, best cost 85.9997 + -413.101 = -327.101 over 199 frames.
LOG (lattice-best-path[5.5.671~1-e5a5a]:main():lattice-best-path.cc:99) For utterance nsc-part2-chn0-spk09663088mam-030881477, best cost 78.9292 + -361.231 = -282.302 over 159 frames.
LOG (lattice-best-path[5.5.671~1-e5a5a]:main():lattice-best-path.cc:99) For utterance nsc-part2-chn0-spk09663088mam-030881528, best cost 115.067 + -662.941 = -547.875 over 309 frames.
LOG (lattice-best-path[5.5.671~1-e5a5a]:main():lattice-best-path.cc:99) For utterance nsc-part2-chn0-spk09663088mam-030881621, best cost 84.119 + -395.768 = -311.648 over 189 frames.
LOG (lattice-best-path[5.5.671~1-e5a5a]:main():lattice-best-path.cc:99) For utterance nsc-part2-chn0-spk09663088mam-030881761, best cost 82.7541 + -453.551 = -370.796 over 219 frames.
LOG (lattice-best-path[5.5.671~1-e5a5a]:main():lattice-best-path.cc:99) For utterance nsc-part2-chn0-spk09663088mam-030881853, best cost 95.7165 + -368.601 = -272.884 over 150 frames.
LOG (lattice-best-path[5.5.671~1-e5a5a]:main():lattice-best-path.cc:99) For utterance nsc-part2-chn0-spk09733055inf-030550024, best cost 94.6713 + -492.293 = -397.622 over 211 frames.
LOG (lattice-best-path[5.5.671~1-e5a5a]:main():lattice-best-path.cc:99) For utterance nsc-part2-chn0-spk09733055inf-030550046, best cost 88.3619 + -340.811 = -252.449 over 112 frames.
LOG (lattice-best-path[5.5.671~1-e5a5a]:main():lattice-best-path.cc:99) For utterance nsc-part2-chn0-spk09733055inf-030550057, best cost 103.879 + -513.844 = -409.965 over 181 frames.
LOG (lattice-best-path[5.5.671~1-e5a5a]:main():lattice-best-path.cc:99) For utterance nsc-part2-chn0-spk09733055inf-030550118, best cost 107.755 + -353.08 = -245.326 over 141 frames.
LOG (lattice-best-path[5.5.671~1-e5a5a]:main():lattice-best-path.cc:99) For utterance nsc-part2-chn0-spk09733055inf-030550134, best cost 80.3426 + -383.404 = -303.061 over 148 frames.
LOG (lattice-best-path[5.5.671~1-e5a5a]:main():lattice-best-path.cc:99) For utterance nsc-part2-chn0-spk09733055inf-030550164, best cost 71.5386 + -278.772 = -207.233 over 113 frames.
LOG (lattice-best-path[5.5.671~1-e5a5a]:main():lattice-best-path.cc:99) For utterance nsc-part2-chn0-spk09733055inf-030550212, best cost 62.263 + -310.565 = -248.302 over 124 frames.
LOG (lattice-best-path[5.5.671~1-e5a5a]:main():lattice-best-path.cc:99) For utterance nsc-part2-chn0-spk09733055inf-030550294, best cost 105.439 + -566.454 = -461.015 over 263 frames.
LOG (lattice-best-path[5.5.671~1-e5a5a]:main():lattice-best-path.cc:99) For utterance nsc-part2-chn0-spk09733055inf-030550323, best cost 55.4693 + -394.405 = -338.935 over 159 frames.
LOG (lattice-best-path[5.5.671~1-e5a5a]:main():lattice-best-path.cc:99) For utterance nsc-part2-chn0-spk09733055inf-030551452, best cost 137.464 + -618.987 = -481.523 over 223 frames.
LOG (lattice-best-path[5.5.671~1-e5a5a]:main():lattice-best-path.cc:99) For utterance nsc-part2-chn0-spk09733055inf-030551493, best cost 66.8197 + -311.54 = -244.721 over 121 frames.
LOG (lattice-best-path[5.5.671~1-e5a5a]:main():lattice-best-path.cc:99) For utterance nsc-part2-chn0-spk09733055inf-030551566, best cost 61.1973 + -325.718 = -264.52 over 135 frames.
LOG (lattice-best-path[5.5.671~1-e5a5a]:main():lattice-best-path.cc:99) For utterance nsc-part2-chn0-spk09733055inf-030551695, best cost 54.7078 + -337.173 = -282.465 over 148 frames.
LOG (lattice-best-path[5.5.671~1-e5a5a]:main():lattice-best-path.cc:99) For utterance nsc-part2-chn0-spk09733055inf-030551875, best cost 73.003 + -315.891 = -242.888 over 137 frames.
LOG (lattice-best-path[5.5.671~1-e5a5a]:main():lattice-best-path.cc:99) For utterance nsc-part2-chn0-spk09793078inf-030780004, best cost 152.691 + -576.078 = -423.387 over 249 frames.
LOG (lattice-best-path[5.5.671~1-e5a5a]:main():lattice-best-path.cc:99) For utterance nsc-part2-chn0-spk09793078inf-030780024, best cost 99.0521 + -618.545 = -519.492 over 259 frames.
LOG (lattice-best-path[5.5.671~1-e5a5a]:main():lattice-best-path.cc:99) For utterance nsc-part2-chn0-spk09793078inf-030780123, best cost 83.1163 + -498.536 = -415.42 over 224 frames.
LOG (lattice-best-path[5.5.671~1-e5a5a]:main():lattice-best-path.cc:99) For utterance nsc-part2-chn0-spk09793078inf-030780182, best cost 60.8365 + -252.229 = -191.392 over 113 frames.
LOG (lattice-best-path[5.5.671~1-e5a5a]:main():lattice-best-path.cc:99) For utterance nsc-part2-chn0-spk09793078inf-030780197, best cost 76.3905 + -315.227 = -238.836 over 143 frames.
LOG (lattice-best-path[5.5.671~1-e5a5a]:main():lattice-best-path.cc:99) For utterance nsc-part2-chn0-spk09793078inf-030780203, best cost 83.3513 + -340.516 = -257.165 over 151 frames.
LOG (lattice-best-path[5.5.671~1-e5a5a]:main():lattice-best-path.cc:99) For utterance nsc-part2-chn0-spk09793078inf-030780232, best cost 98.826 + -370.134 = -271.308 over 146 frames.
LOG (lattice-best-path[5.5.671~1-e5a5a]:main():lattice-best-path.cc:99) For utterance nsc-part2-chn0-spk09793078inf-030780247, best cost 65.595 + -401.804 = -336.209 over 170 frames.
LOG (lattice-best-path[5.5.671~1-e5a5a]:main():lattice-best-path.cc:99) For utterance nsc-part2-chn0-spk09793078inf-030780268, best cost 57.2724 + -448.217 = -390.945 over 185 frames.
LOG (lattice-best-path[5.5.671~1-e5a5a]:main():lattice-best-path.cc:99) For utterance nsc-part2-chn0-spk09793078inf-030780302, best cost 61.9868 + -507.827 = -445.841 over 253 frames.
LOG (lattice-best-path[5.5.671~1-e5a5a]:main():lattice-best-path.cc:99) For utterance nsc-part2-chn0-spk09793078inf-030780388, best cost 49.1962 + -225.845 = -176.648 over 98 frames.
LOG (lattice-best-path[5.5.671~1-e5a5a]:main():lattice-best-path.cc:99) For utterance nsc-part2-chn0-spk09793078inf-030780411, best cost 87.3756 + -560.005 = -472.63 over 248 frames.
LOG (lattice-best-path[5.5.671~1-e5a5a]:main():lattice-best-path.cc:99) For utterance nsc-part2-chn0-spk09793078inf-030780434, best cost 111.42 + -566.992 = -455.572 over 240 frames.
LOG (lattice-best-path[5.5.671~1-e5a5a]:main():lattice-best-path.cc:99) For utterance nsc-part2-chn0-spk09793078inf-030781760, best cost 113.067 + -523.778 = -410.712 over 216 frames.
LOG (lattice-depth-per-frame[5.5.671~1-e5a5a]:main():lattice-depth-per-frame.cc:82) Done 65 lattices.
LOG (lattice-best-path[5.5.671~1-e5a5a]:main():lattice-best-path.cc:99) For utterance nsc-part2-chn0-spk09793078inf-030781764, best cost 65.7074 + -362.672 = -296.965 over 169 frames.
LOG (lattice-best-path[5.5.671~1-e5a5a]:main():lattice-best-path.cc:99) For utterance nsc-part2-chn0-spk09793078inf-030781773, best cost 131.153 + -778.86 = -647.707 over 326 frames.
LOG (lattice-best-path[5.5.671~1-e5a5a]:main():lattice-best-path.cc:99) For utterance nsc-part2-chn0-spk09793078inf-030781887, best cost 86.0895 + -440.652 = -354.562 over 198 frames.
LOG (lattice-best-path[5.5.671~1-e5a5a]:main():lattice-best-path.cc:124) Overall cost per frame is -1.80251 = 0.449502 [graph] + -2.25202 [acoustic] over 12715 frames.
LOG (lattice-best-path[5.5.671~1-e5a5a]:main():lattice-best-path.cc:128) Done 65 lattices, failed for 0
# Accounting: time=0 threads=1
# Ended (code 0) at Fri Aug 27 13:58:13 +08 2021, elapsed time 0 seconds
