# lattice-depth-per-frame "ark:gunzip -c /home3/yachao001/home/asr/w2021/offline-hotwords-asr-test-v2-bak-bak-ASR-4/exp/msf-scdf-cs-june2021-prune/tdnnf-biased/decode-data-hotword/lat.4.gz|" "ark,t:|gzip -c > /home3/yachao001/home/asr/w2021/offline-hotwords-asr-test-v2-bak-bak-ASR-4/exp/msf-scdf-cs-june2021-prune/tdnnf-biased/decode-data-hotword/depth_tmp.4.gz" ark:- | lattice-best-path --acoustic-scale=0.1 ark:- ark:/dev/null "ark,t:|gzip -c >/home3/yachao001/home/asr/w2021/offline-hotwords-asr-test-v2-bak-bak-ASR-4/exp/msf-scdf-cs-june2021-prune/tdnnf-biased/decode-data-hotword/ali_tmp.4.gz" 
# Started at Fri Aug 27 13:58:13 +08 2021
#
lattice-depth-per-frame 'ark:gunzip -c /home3/yachao001/home/asr/w2021/offline-hotwords-asr-test-v2-bak-bak-ASR-4/exp/msf-scdf-cs-june2021-prune/tdnnf-biased/decode-data-hotword/lat.4.gz|' 'ark,t:|gzip -c > /home3/yachao001/home/asr/w2021/offline-hotwords-asr-test-v2-bak-bak-ASR-4/exp/msf-scdf-cs-june2021-prune/tdnnf-biased/decode-data-hotword/depth_tmp.4.gz' ark:- 
lattice-best-path --acoustic-scale=0.1 ark:- ark:/dev/null 'ark,t:|gzip -c >/home3/yachao001/home/asr/w2021/offline-hotwords-asr-test-v2-bak-bak-ASR-4/exp/msf-scdf-cs-june2021-prune/tdnnf-biased/decode-data-hotword/ali_tmp.4.gz' 
LOG (lattice-best-path[5.5.671~1-e5a5a]:main():lattice-best-path.cc:99) For utterance nsc-part2-chn0-spk03762720cnm-027200121, best cost 93.5643 + -377.809 = -284.245 over 147 frames.
LOG (lattice-best-path[5.5.671~1-e5a5a]:main():lattice-best-path.cc:99) For utterance nsc-part2-chn0-spk03762720cnm-027200144, best cost 86.0032 + -451.137 = -365.134 over 217 frames.
LOG (lattice-best-path[5.5.671~1-e5a5a]:main():lattice-best-path.cc:99) For utterance nsc-part2-chn0-spk03762720cnm-027200188, best cost 71.3468 + -335.821 = -264.474 over 131 frames.
LOG (lattice-best-path[5.5.671~1-e5a5a]:main():lattice-best-path.cc:99) For utterance nsc-part2-chn0-spk03762720cnm-027200197, best cost 82.8761 + -286.05 = -203.174 over 131 frames.
LOG (lattice-best-path[5.5.671~1-e5a5a]:main():lattice-best-path.cc:99) For utterance nsc-part2-chn0-spk03762720cnm-027200232, best cost 135.355 + -438.879 = -303.524 over 172 frames.
LOG (lattice-best-path[5.5.671~1-e5a5a]:main():lattice-best-path.cc:99) For utterance nsc-part2-chn0-spk03762720cnm-027200268, best cost 90.4095 + -488.829 = -398.419 over 215 frames.
LOG (lattice-best-path[5.5.671~1-e5a5a]:main():lattice-best-path.cc:99) For utterance nsc-part2-chn0-spk03762720cnm-027200308, best cost 83.554 + -418.526 = -334.972 over 171 frames.
LOG (lattice-best-path[5.5.671~1-e5a5a]:main():lattice-best-path.cc:99) For utterance nsc-part2-chn0-spk03762720cnm-027200384, best cost 62.0713 + -323.797 = -261.725 over 137 frames.
LOG (lattice-best-path[5.5.671~1-e5a5a]:main():lattice-best-path.cc:99) For utterance nsc-part2-chn0-spk03762720cnm-027200434, best cost 97.7641 + -424.561 = -326.797 over 208 frames.
LOG (lattice-best-path[5.5.671~1-e5a5a]:main():lattice-best-path.cc:99) For utterance nsc-part2-chn0-spk03762720cnm-027201472, best cost 55.0885 + -350.648 = -295.559 over 155 frames.
LOG (lattice-best-path[5.5.671~1-e5a5a]:main():lattice-best-path.cc:99) For utterance nsc-part2-chn0-spk03762720cnm-027201480, best cost 116.663 + -559.027 = -442.364 over 258 frames.
LOG (lattice-best-path[5.5.671~1-e5a5a]:main():lattice-best-path.cc:99) For utterance nsc-part2-chn0-spk03762720cnm-027201571, best cost 120.595 + -574.373 = -453.778 over 233 frames.
LOG (lattice-best-path[5.5.671~1-e5a5a]:main():lattice-best-path.cc:99) For utterance nsc-part2-chn0-spk03762720cnm-027201610, best cost 96.8493 + -461.309 = -364.459 over 198 frames.
LOG (lattice-best-path[5.5.671~1-e5a5a]:main():lattice-best-path.cc:99) For utterance nsc-part2-chn0-spk03762720cnm-027201623, best cost 76.3733 + -343.283 = -266.909 over 128 frames.
LOG (lattice-best-path[5.5.671~1-e5a5a]:main():lattice-best-path.cc:99) For utterance nsc-part2-chn0-spk03762720cnm-027201658, best cost 67.6185 + -297.846 = -230.228 over 123 frames.
LOG (lattice-best-path[5.5.671~1-e5a5a]:main():lattice-best-path.cc:99) For utterance nsc-part2-chn0-spk03762720cnm-027201661, best cost 65.0677 + -274.956 = -209.888 over 124 frames.
LOG (lattice-best-path[5.5.671~1-e5a5a]:main():lattice-best-path.cc:99) For utterance nsc-part2-chn0-spk03762720cnm-027201695, best cost 73.5653 + -337.871 = -264.306 over 146 frames.
LOG (lattice-best-path[5.5.671~1-e5a5a]:main():lattice-best-path.cc:99) For utterance nsc-part2-chn0-spk03762720cnm-027201717, best cost 61.9881 + -342.837 = -280.849 over 149 frames.
LOG (lattice-best-path[5.5.671~1-e5a5a]:main():lattice-best-path.cc:99) For utterance nsc-part2-chn0-spk03762720cnm-027201833, best cost 64.0554 + -314.096 = -250.041 over 150 frames.
LOG (lattice-best-path[5.5.671~1-e5a5a]:main():lattice-best-path.cc:99) For utterance nsc-part2-chn0-spk03762720cnm-027201882, best cost 157.482 + -683.455 = -525.973 over 281 frames.
LOG (lattice-best-path[5.5.671~1-e5a5a]:main():lattice-best-path.cc:99) For utterance nsc-part2-chn0-spk04052722cnf-027220102, best cost 102.009 + -403.241 = -301.232 over 154 frames.
LOG (lattice-best-path[5.5.671~1-e5a5a]:main():lattice-best-path.cc:99) For utterance nsc-part2-chn0-spk04052722cnf-027220118, best cost 84.163 + -452.664 = -368.501 over 189 frames.
LOG (lattice-best-path[5.5.671~1-e5a5a]:main():lattice-best-path.cc:99) For utterance nsc-part2-chn0-spk04052722cnf-027220134, best cost 55.8832 + -410.085 = -354.202 over 165 frames.
LOG (lattice-best-path[5.5.671~1-e5a5a]:main():lattice-best-path.cc:99) For utterance nsc-part2-chn0-spk04052722cnf-027220411, best cost 85.8043 + -402.811 = -317.007 over 155 frames.
LOG (lattice-best-path[5.5.671~1-e5a5a]:main():lattice-best-path.cc:99) For utterance nsc-part2-chn0-spk04052722cnf-027221497, best cost 105.868 + -566.204 = -460.336 over 230 frames.
LOG (lattice-best-path[5.5.671~1-e5a5a]:main():lattice-best-path.cc:99) For utterance nsc-part2-chn0-spk04052722cnf-027221552, best cost 86.836 + -363.898 = -277.062 over 134 frames.
LOG (lattice-best-path[5.5.671~1-e5a5a]:main():lattice-best-path.cc:99) For utterance nsc-part2-chn0-spk04052722cnf-027221592, best cost 56.2317 + -383.711 = -327.48 over 170 frames.
LOG (lattice-best-path[5.5.671~1-e5a5a]:main():lattice-best-path.cc:99) For utterance nsc-part2-chn0-spk04052722cnf-027221621, best cost 85.4554 + -478.812 = -393.357 over 167 frames.
LOG (lattice-best-path[5.5.671~1-e5a5a]:main():lattice-best-path.cc:99) For utterance nsc-part2-chn0-spk04052722cnf-027221644, best cost 84.0679 + -403.863 = -319.795 over 158 frames.
LOG (lattice-best-path[5.5.671~1-e5a5a]:main():lattice-best-path.cc:99) For utterance nsc-part2-chn0-spk04052722cnf-027221699, best cost 85.6342 + -402.491 = -316.857 over 165 frames.
LOG (lattice-best-path[5.5.671~1-e5a5a]:main():lattice-best-path.cc:99) For utterance nsc-part2-chn0-spk04052722cnf-027221717, best cost 89.643 + -475.091 = -385.448 over 164 frames.
LOG (lattice-best-path[5.5.671~1-e5a5a]:main():lattice-best-path.cc:99) For utterance nsc-part2-chn0-spk04052722cnf-027221721, best cost 94.9285 + -417.179 = -322.25 over 148 frames.
LOG (lattice-best-path[5.5.671~1-e5a5a]:main():lattice-best-path.cc:99) For utterance nsc-part2-chn0-spk04052722cnf-027221747, best cost 55.1237 + -361.354 = -306.23 over 154 frames.
LOG (lattice-best-path[5.5.671~1-e5a5a]:main():lattice-best-path.cc:99) For utterance nsc-part2-chn0-spk04052722cnf-027221773, best cost 67.2653 + -397.149 = -329.884 over 152 frames.
LOG (lattice-best-path[5.5.671~1-e5a5a]:main():lattice-best-path.cc:99) For utterance nsc-part2-chn0-spk04452729maf-027290049, best cost 82.521 + -380.465 = -297.944 over 163 frames.
LOG (lattice-best-path[5.5.671~1-e5a5a]:main():lattice-best-path.cc:99) For utterance nsc-part2-chn0-spk04452729maf-027290087, best cost 123.131 + -548.735 = -425.603 over 206 frames.
LOG (lattice-best-path[5.5.671~1-e5a5a]:main():lattice-best-path.cc:99) For utterance nsc-part2-chn0-spk04452729maf-027290176, best cost 53.0433 + -325.2 = -272.156 over 124 frames.
LOG (lattice-best-path[5.5.671~1-e5a5a]:main():lattice-best-path.cc:99) For utterance nsc-part2-chn0-spk04452729maf-027290202, best cost 79.0503 + -311.03 = -231.979 over 114 frames.
LOG (lattice-best-path[5.5.671~1-e5a5a]:main():lattice-best-path.cc:99) For utterance nsc-part2-chn0-spk04452729maf-027290268, best cost 126.728 + -592.965 = -466.237 over 207 frames.
LOG (lattice-best-path[5.5.671~1-e5a5a]:main():lattice-best-path.cc:99) For utterance nsc-part2-chn0-spk04452729maf-027290302, best cost 53.6671 + -352.463 = -298.796 over 133 frames.
LOG (lattice-best-path[5.5.671~1-e5a5a]:main():lattice-best-path.cc:99) For utterance nsc-part2-chn0-spk04452729maf-027290323, best cost 55.5166 + -355.176 = -299.66 over 136 frames.
LOG (lattice-best-path[5.5.671~1-e5a5a]:main():lattice-best-path.cc:99) For utterance nsc-part2-chn0-spk04452729maf-027290415, best cost 94.3746 + -378.719 = -284.344 over 157 frames.
LOG (lattice-best-path[5.5.671~1-e5a5a]:main():lattice-best-path.cc:99) For utterance nsc-part2-chn0-spk04452729maf-027290436, best cost 54.1338 + -345.833 = -291.699 over 136 frames.
LOG (lattice-best-path[5.5.671~1-e5a5a]:main():lattice-best-path.cc:99) For utterance nsc-part2-chn0-spk04452729maf-027291508, best cost 72.0301 + -272.925 = -200.895 over 102 frames.
LOG (lattice-best-path[5.5.671~1-e5a5a]:main():lattice-best-path.cc:99) For utterance nsc-part2-chn0-spk04452729maf-027291698, best cost 67.4272 + -283.809 = -216.382 over 117 frames.
LOG (lattice-best-path[5.5.671~1-e5a5a]:main():lattice-best-path.cc:99) For utterance nsc-part2-chn0-spk04452729maf-027291773, best cost 91.8968 + -424.019 = -332.122 over 167 frames.
LOG (lattice-best-path[5.5.671~1-e5a5a]:main():lattice-best-path.cc:99) For utterance nsc-part2-chn0-spk04452729maf-027291804, best cost 67.6269 + -359.466 = -291.839 over 141 frames.
LOG (lattice-best-path[5.5.671~1-e5a5a]:main():lattice-best-path.cc:99) For utterance nsc-part2-chn0-spk04452729maf-027291848, best cost 100.767 + -296.46 = -195.693 over 112 frames.
LOG (lattice-depth-per-frame[5.5.671~1-e5a5a]:main():lattice-depth-per-frame.cc:82) Done 49 lattices.
LOG (lattice-best-path[5.5.671~1-e5a5a]:main():lattice-best-path.cc:99) For utterance nsc-part2-chn0-spk04452729maf-027291893, best cost 88.1918 + -434.92 = -346.729 over 164 frames.
LOG (lattice-best-path[5.5.671~1-e5a5a]:main():lattice-best-path.cc:124) Overall cost per frame is -1.95508 = 0.516123 [graph] + -2.4712 [acoustic] over 7958 frames.
LOG (lattice-best-path[5.5.671~1-e5a5a]:main():lattice-best-path.cc:128) Done 49 lattices, failed for 0
# Accounting: time=0 threads=1
# Ended (code 0) at Fri Aug 27 13:58:13 +08 2021, elapsed time 0 seconds
