# lattice-depth-per-frame "ark:gunzip -c /home3/yachao001/home/asr/w2021/offline-hotwords-asr-test-v2-bak-bak-ASR-4/exp/msf-scdf-cs-june2021-prune/tdnnf-biased/decode-data-hotword/lat.9.gz|" "ark,t:|gzip -c > /home3/yachao001/home/asr/w2021/offline-hotwords-asr-test-v2-bak-bak-ASR-4/exp/msf-scdf-cs-june2021-prune/tdnnf-biased/decode-data-hotword/depth_tmp.9.gz" ark:- | lattice-best-path --acoustic-scale=0.1 ark:- ark:/dev/null "ark,t:|gzip -c >/home3/yachao001/home/asr/w2021/offline-hotwords-asr-test-v2-bak-bak-ASR-4/exp/msf-scdf-cs-june2021-prune/tdnnf-biased/decode-data-hotword/ali_tmp.9.gz" 
# Started at Fri Aug 27 13:58:13 +08 2021
#
lattice-best-path --acoustic-scale=0.1 ark:- ark:/dev/null 'ark,t:|gzip -c >/home3/yachao001/home/asr/w2021/offline-hotwords-asr-test-v2-bak-bak-ASR-4/exp/msf-scdf-cs-june2021-prune/tdnnf-biased/decode-data-hotword/ali_tmp.9.gz' 
lattice-depth-per-frame 'ark:gunzip -c /home3/yachao001/home/asr/w2021/offline-hotwords-asr-test-v2-bak-bak-ASR-4/exp/msf-scdf-cs-june2021-prune/tdnnf-biased/decode-data-hotword/lat.9.gz|' 'ark,t:|gzip -c > /home3/yachao001/home/asr/w2021/offline-hotwords-asr-test-v2-bak-bak-ASR-4/exp/msf-scdf-cs-june2021-prune/tdnnf-biased/decode-data-hotword/depth_tmp.9.gz' ark:- 
LOG (lattice-best-path[5.5.671~1-e5a5a]:main():lattice-best-path.cc:99) For utterance nsc-part2-chn0-spk08993009inf-030090049, best cost 88.3038 + -505.336 = -417.032 over 226 frames.
LOG (lattice-best-path[5.5.671~1-e5a5a]:main():lattice-best-path.cc:99) For utterance nsc-part2-chn0-spk08993009inf-030090099, best cost 111.458 + -591.571 = -480.113 over 259 frames.
LOG (lattice-best-path[5.5.671~1-e5a5a]:main():lattice-best-path.cc:99) For utterance nsc-part2-chn0-spk08993009inf-030090136, best cost 60.5986 + -499.351 = -438.752 over 233 frames.
LOG (lattice-best-path[5.5.671~1-e5a5a]:main():lattice-best-path.cc:99) For utterance nsc-part2-chn0-spk08993009inf-030090166, best cost 78.4938 + -359.43 = -280.936 over 152 frames.
LOG (lattice-best-path[5.5.671~1-e5a5a]:main():lattice-best-path.cc:99) For utterance nsc-part2-chn0-spk08993009inf-030090202, best cost 81.8428 + -332.181 = -250.338 over 136 frames.
LOG (lattice-best-path[5.5.671~1-e5a5a]:main():lattice-best-path.cc:99) For utterance nsc-part2-chn0-spk08993009inf-030090294, best cost 76.2539 + -459.048 = -382.794 over 186 frames.
LOG (lattice-best-path[5.5.671~1-e5a5a]:main():lattice-best-path.cc:99) For utterance nsc-part2-chn0-spk08993009inf-030090302, best cost 116.87 + -634.416 = -517.546 over 278 frames.
LOG (lattice-best-path[5.5.671~1-e5a5a]:main():lattice-best-path.cc:99) For utterance nsc-part2-chn0-spk08993009inf-030090352, best cost 75.2694 + -382.169 = -306.9 over 144 frames.
LOG (lattice-best-path[5.5.671~1-e5a5a]:main():lattice-best-path.cc:99) For utterance nsc-part2-chn0-spk08993009inf-030090411, best cost 126.113 + -604.502 = -478.388 over 268 frames.
LOG (lattice-best-path[5.5.671~1-e5a5a]:main():lattice-best-path.cc:99) For utterance nsc-part2-chn0-spk08993009inf-030090434, best cost 66.9219 + -437.515 = -370.593 over 185 frames.
LOG (lattice-best-path[5.5.671~1-e5a5a]:main():lattice-best-path.cc:99) For utterance nsc-part2-chn0-spk08993009inf-030090439, best cost 76.8689 + -474.942 = -398.073 over 195 frames.
LOG (lattice-best-path[5.5.671~1-e5a5a]:main():lattice-best-path.cc:99) For utterance nsc-part2-chn0-spk08993009inf-030090442, best cost 96.0363 + -493.737 = -397.701 over 177 frames.
LOG (lattice-best-path[5.5.671~1-e5a5a]:main():lattice-best-path.cc:99) For utterance nsc-part2-chn0-spk08993009inf-030091593, best cost 150.835 + -645.44 = -494.605 over 271 frames.
LOG (lattice-best-path[5.5.671~1-e5a5a]:main():lattice-best-path.cc:99) For utterance nsc-part2-chn0-spk08993009inf-030091644, best cost 84.741 + -376.149 = -291.408 over 150 frames.
LOG (lattice-best-path[5.5.671~1-e5a5a]:main():lattice-best-path.cc:99) For utterance nsc-part2-chn0-spk08993009inf-030091751, best cost 112.796 + -486.4 = -373.604 over 211 frames.
LOG (lattice-best-path[5.5.671~1-e5a5a]:main():lattice-best-path.cc:99) For utterance nsc-part2-chn0-spk09062988maf-029880079, best cost 85.0835 + -431.068 = -345.984 over 206 frames.
LOG (lattice-best-path[5.5.671~1-e5a5a]:main():lattice-best-path.cc:99) For utterance nsc-part2-chn0-spk09062988maf-029880111, best cost 95.95 + -487.174 = -391.224 over 194 frames.
LOG (lattice-best-path[5.5.671~1-e5a5a]:main():lattice-best-path.cc:99) For utterance nsc-part2-chn0-spk09062988maf-029880150, best cost 122.739 + -499.509 = -376.77 over 191 frames.
LOG (lattice-best-path[5.5.671~1-e5a5a]:main():lattice-best-path.cc:99) For utterance nsc-part2-chn0-spk09062988maf-029880188, best cost 59.8828 + -248.007 = -188.124 over 92 frames.
LOG (lattice-best-path[5.5.671~1-e5a5a]:main():lattice-best-path.cc:99) For utterance nsc-part2-chn0-spk09062988maf-029880225, best cost 32.8111 + -139.491 = -106.68 over 64 frames.
LOG (lattice-best-path[5.5.671~1-e5a5a]:main():lattice-best-path.cc:99) For utterance nsc-part2-chn0-spk09062988maf-029880258, best cost 74.0758 + -386.311 = -312.235 over 157 frames.
LOG (lattice-best-path[5.5.671~1-e5a5a]:main():lattice-best-path.cc:99) For utterance nsc-part2-chn0-spk09062988maf-029880281, best cost 99.2368 + -407.938 = -308.702 over 163 frames.
LOG (lattice-best-path[5.5.671~1-e5a5a]:main():lattice-best-path.cc:99) For utterance nsc-part2-chn0-spk09062988maf-029880308, best cost 74.2634 + -366.253 = -291.99 over 152 frames.
LOG (lattice-best-path[5.5.671~1-e5a5a]:main():lattice-best-path.cc:99) For utterance nsc-part2-chn0-spk09062988maf-029880407, best cost 66.2575 + -289.202 = -222.945 over 106 frames.
LOG (lattice-best-path[5.5.671~1-e5a5a]:main():lattice-best-path.cc:99) For utterance nsc-part2-chn0-spk09062988maf-029880415, best cost 94.0254 + -429.795 = -335.769 over 185 frames.
LOG (lattice-best-path[5.5.671~1-e5a5a]:main():lattice-best-path.cc:99) For utterance nsc-part2-chn0-spk09062988maf-029881497, best cost 67.2732 + -468.112 = -400.839 over 193 frames.
LOG (lattice-best-path[5.5.671~1-e5a5a]:main():lattice-best-path.cc:99) For utterance nsc-part2-chn0-spk09062988maf-029881548, best cost 92.3146 + -364.266 = -271.952 over 131 frames.
LOG (lattice-best-path[5.5.671~1-e5a5a]:main():lattice-best-path.cc:99) For utterance nsc-part2-chn0-spk09062988maf-029881660, best cost 82.3742 + -424.236 = -341.862 over 177 frames.
LOG (lattice-best-path[5.5.671~1-e5a5a]:main():lattice-best-path.cc:99) For utterance nsc-part2-chn0-spk09062988maf-029881687, best cost 50.7967 + -225.309 = -174.512 over 101 frames.
LOG (lattice-best-path[5.5.671~1-e5a5a]:main():lattice-best-path.cc:99) For utterance nsc-part2-chn0-spk09062988maf-029881890, best cost 110.87 + -531.005 = -420.135 over 202 frames.
LOG (lattice-best-path[5.5.671~1-e5a5a]:main():lattice-best-path.cc:99) For utterance nsc-part2-chn0-spk09072989cnm-029890009, best cost 80.0656 + -352.117 = -272.051 over 131 frames.
LOG (lattice-best-path[5.5.671~1-e5a5a]:main():lattice-best-path.cc:99) For utterance nsc-part2-chn0-spk09072989cnm-029890014, best cost 58.7738 + -246.277 = -187.503 over 121 frames.
LOG (lattice-best-path[5.5.671~1-e5a5a]:main():lattice-best-path.cc:99) For utterance nsc-part2-chn0-spk09072989cnm-029890020, best cost 133.051 + -571.142 = -438.091 over 228 frames.
LOG (lattice-best-path[5.5.671~1-e5a5a]:main():lattice-best-path.cc:99) For utterance nsc-part2-chn0-spk09072989cnm-029890030, best cost 24.0892 + -189.988 = -165.899 over 75 frames.
LOG (lattice-best-path[5.5.671~1-e5a5a]:main():lattice-best-path.cc:99) For utterance nsc-part2-chn0-spk09072989cnm-029890111, best cost 64.8864 + -391.525 = -326.639 over 151 frames.
LOG (lattice-best-path[5.5.671~1-e5a5a]:main():lattice-best-path.cc:99) For utterance nsc-part2-chn0-spk09072989cnm-029890149, best cost 77.7255 + -359.49 = -281.765 over 142 frames.
LOG (lattice-best-path[5.5.671~1-e5a5a]:main():lattice-best-path.cc:99) For utterance nsc-part2-chn0-spk09072989cnm-029890199, best cost 90.1142 + -354.813 = -264.699 over 142 frames.
LOG (lattice-best-path[5.5.671~1-e5a5a]:main():lattice-best-path.cc:99) For utterance nsc-part2-chn0-spk09072989cnm-029890247, best cost 128.29 + -663.07 = -534.78 over 250 frames.
LOG (lattice-best-path[5.5.671~1-e5a5a]:main():lattice-best-path.cc:99) For utterance nsc-part2-chn0-spk09072989cnm-029890280, best cost 66.5983 + -258.316 = -191.718 over 106 frames.
LOG (lattice-best-path[5.5.671~1-e5a5a]:main():lattice-best-path.cc:99) For utterance nsc-part2-chn0-spk09072989cnm-029890297, best cost 56.2546 + -378.15 = -321.896 over 150 frames.
LOG (lattice-best-path[5.5.671~1-e5a5a]:main():lattice-best-path.cc:99) For utterance nsc-part2-chn0-spk09072989cnm-029890401, best cost 98.7297 + -386.959 = -288.229 over 129 frames.
LOG (lattice-best-path[5.5.671~1-e5a5a]:main():lattice-best-path.cc:99) For utterance nsc-part2-chn0-spk09072989cnm-029890411, best cost 95.3123 + -482.804 = -387.492 over 195 frames.
LOG (lattice-best-path[5.5.671~1-e5a5a]:main():lattice-best-path.cc:99) For utterance nsc-part2-chn0-spk09072989cnm-029891651, best cost 89.6067 + -331.728 = -242.121 over 124 frames.
LOG (lattice-best-path[5.5.671~1-e5a5a]:main():lattice-best-path.cc:99) For utterance nsc-part2-chn0-spk09072989cnm-029891762, best cost 131.846 + -599.774 = -467.929 over 232 frames.
LOG (lattice-best-path[5.5.671~1-e5a5a]:main():lattice-best-path.cc:99) For utterance nsc-part2-chn0-spk09163029inm-030290014, best cost 73.4085 + -272.623 = -199.214 over 123 frames.
LOG (lattice-best-path[5.5.671~1-e5a5a]:main():lattice-best-path.cc:99) For utterance nsc-part2-chn0-spk09163029inm-030290023, best cost 93.5204 + -384.986 = -291.466 over 145 frames.
LOG (lattice-best-path[5.5.671~1-e5a5a]:main():lattice-best-path.cc:99) For utterance nsc-part2-chn0-spk09163029inm-030290028, best cost 101.271 + -427.325 = -326.054 over 170 frames.
LOG (lattice-best-path[5.5.671~1-e5a5a]:main():lattice-best-path.cc:99) For utterance nsc-part2-chn0-spk09163029inm-030290087, best cost 102.006 + -485.103 = -383.098 over 191 frames.
LOG (lattice-best-path[5.5.671~1-e5a5a]:main():lattice-best-path.cc:99) For utterance nsc-part2-chn0-spk09163029inm-030290099, best cost 106.149 + -529.214 = -423.065 over 212 frames.
LOG (lattice-best-path[5.5.671~1-e5a5a]:main():lattice-best-path.cc:99) For utterance nsc-part2-chn0-spk09163029inm-030290144, best cost 65.0093 + -394.343 = -329.334 over 160 frames.
LOG (lattice-best-path[5.5.671~1-e5a5a]:main():lattice-best-path.cc:99) For utterance nsc-part2-chn0-spk09163029inm-030290247, best cost 72.4686 + -381.503 = -309.034 over 145 frames.
LOG (lattice-best-path[5.5.671~1-e5a5a]:main():lattice-best-path.cc:99) For utterance nsc-part2-chn0-spk09163029inm-030290308, best cost 94.9312 + -508.121 = -413.19 over 206 frames.
LOG (lattice-best-path[5.5.671~1-e5a5a]:main():lattice-best-path.cc:99) For utterance nsc-part2-chn0-spk09163029inm-030290415, best cost 65.5514 + -379.705 = -314.154 over 155 frames.
LOG (lattice-best-path[5.5.671~1-e5a5a]:main():lattice-best-path.cc:99) For utterance nsc-part2-chn0-spk09163029inm-030290434, best cost 73.1339 + -339.033 = -265.899 over 132 frames.
LOG (lattice-best-path[5.5.671~1-e5a5a]:main():lattice-best-path.cc:99) For utterance nsc-part2-chn0-spk09163029inm-030291480, best cost 54.4989 + -352.837 = -298.339 over 145 frames.
LOG (lattice-best-path[5.5.671~1-e5a5a]:main():lattice-best-path.cc:99) For utterance nsc-part2-chn0-spk09163029inm-030291528, best cost 61.6122 + -339.689 = -278.076 over 145 frames.
LOG (lattice-best-path[5.5.671~1-e5a5a]:main():lattice-best-path.cc:99) For utterance nsc-part2-chn0-spk09163029inm-030291660, best cost 104.331 + -435.42 = -331.089 over 176 frames.
LOG (lattice-best-path[5.5.671~1-e5a5a]:main():lattice-best-path.cc:99) For utterance nsc-part2-chn0-spk09163029inm-030291859, best cost 94.5124 + -508.401 = -413.889 over 200 frames.
LOG (lattice-depth-per-frame[5.5.671~1-e5a5a]:main():lattice-depth-per-frame.cc:82) Done 58 lattices.
LOG (lattice-best-path[5.5.671~1-e5a5a]:main():lattice-best-path.cc:124) Overall cost per frame is -1.95776 = 0.503659 [graph] + -2.46142 [acoustic] over 9866 frames.
LOG (lattice-best-path[5.5.671~1-e5a5a]:main():lattice-best-path.cc:128) Done 58 lattices, failed for 0
# Accounting: time=0 threads=1
# Ended (code 0) at Fri Aug 27 13:58:13 +08 2021, elapsed time 0 seconds
